Running OptiSPICE 5.1 (compiled on: Jan  5 2016 10:28:02) 

Copyright 2015 Optiwave Systems Inc. All rights reserved.

	git commit: 651cbe73905eab5871768bdecbe8d86323447f45 MergeFromStaticBuild

Processing Netlist file: waveguide_smt_L1.0_LAM750_Neff1.5_end.sp

************* FILE: "waveguide_smt_L1.0_LAM750_Neff1.5_end.sp"  ************

Title "CW Source check "

Osp Jobcontrol Verbosity=DEBUG2

.option ingold=2 DELMAX=.1e-10 ACCURATE=1 RUNLVL=6 NUMDGT=8
.OPTION DCCAP=1 TNOM=27

.param NMODES=1

* Voltage sources
v1 Mag1 0 DC = 1 
v2 Phi1 0 DC = 0 

Osp CWSOURCE   Name=cw1 Nodes = [Mag1 Phi1 l1] MoName = CWmodel lambda = 7.500000e+02
Osp WaveGuide  Name=wg1 Nodes = [l1 l2] MoName=WGmodel
Osp MIRROR     Name=mir1 Nodes = [l2] MoName = Mmodel 

Osp Model Name = Mmodel   type = MIRROR    Ref = 0
Osp Model Name = CWmodel  type = CWSOURCE 
Osp Model Name = WGmodel  type = WaveGuide  Length=1.000000e+00  IncludeTimeDelay=1  neff=[1.500000e+00]  N0=1.1 NF=1.1

% IncludeTimeDelay=1 
.tran .0001e-9 10e-9 nsolver=BACKE nmaxst=.05n nminst=.05n

	
.Monitor OptFields wg1 Format=MagPhi Port=1 dir=IN  Pol=TE
.Monitor OptFields wg1 Format=MagPhi Port=2 dir=OUT Pol=TE
%.Monitor OptFields wg2 Format=MagPhi Port=2 dir=OUT Pol=TE
.end

************* *************** ************

Options ingold=2 DELMAX=.1e-10 ACCURATE=1 RUNLVL=6 NUMDGT=8 
Options DCCAP=1 TNOM=27 
Param P=[ { NMODES 1 } ] 
INDSOURCE EL_Type=V_SOU Name=v1 Nodes=[ Mag1 0 ] dcMode dcValue=1 
INDSOURCE EL_Type=V_SOU Name=v2 Nodes=[ Phi1 0 ] dcMode dcValue=0 
CWSOURCE Name=cw1 Nodes=[ Mag1 Phi1 l1 ] MoName=CWmodel lambda=7.500000e+02 
WaveGuide Name=wg1 Nodes=[ l1 l2 ] MoName=WGmodel 
MIRROR Name=mir1 Nodes=[ l2 ] MoName=Mmodel 
Model Name=Mmodel type=MIRROR Ref=0 
Model Name=CWmodel type=CWSOURCE 
Model Name=WGmodel type=WaveGuide Length=1.000000e+00 IncludeTimeDelay=1 neff=[ 1.500000e+00 ] N0=1.1 NF=1.1 
Transient Tpoints=[ { .0001e-9 10e-9 } ] nsolver=BACKE nmaxst=.05n nminst=.05n 
Monitor Type=OptFields Name=wg1 Format=MagPhi Port=1 dir=IN Pol=TE 
Monitor Type=OptFields Name=wg1 Format=MagPhi Port=2 dir=OUT Pol=TE 
END

Assigning node numbers and stamping


Main Circuit Paras:
	Name=NMODES String=1 Ep = 0x0

Creating: v1

Creating: v2

Creating: cw1
	New Link: l1                                                           Link: 0x7fef43400340

Creating: wg1
	New Link: l2                                                           Link: 0x7fef436011b0

Creating: mir1

Circuit after element assignment

Element hash table
	Key: v1                                                           	val: 	1129394224
	Key: v2                                                           	val: 	1129397072
	Key: wg1:exp                                                      	val: 	1149240832
	Key: mir1                                                         	val: 	1132489728
	Key: cw1                                                          	val: 	1140888064
	Key: wg1                                                          	val: 	1132486656

Delay Element hash table

OptFFT Element hash table

Noise Element hash table

Optical Element hash table
	Key: wg1:exp                                                      	val: 	1149240832
	Key: mir1                                                         	val: 	1132489728
	Key: cw1                                                          	val: 	1140888064
	Key: wg1                                                          	val: 	1132486656

Source Optical Element hash table
	Key: cw1                                                          	val: 	1140888064

Elec Init Conditions


Tracing optical sources
	source: cw1 (fixed:750)  -> wg1:exp (1) 
		-- Return Branch:  -> cw1 (1) 

		-- Through Branch:  -> mir1 (1)  -> wg1:exp (1) 


Stamping: v1

Stamping: v2

Stamping: cw1
Created Optical Mode Shape 'Mode:1 n:1 x:5.0000000000000000e+01 y:5.0000000000000000e+01 m:0 n:0 s:5.0000000000000000e+00 1/r:0.0000000000000000e+00 l:7.5000000000000000e+02' (a453d1054f00cdf7d7dff1fab3219d7c11fb342a)
Adding Optical Mode:         l1:fixed:750 	      0x7fef437000e0

Stamping: wg1
Adding Optical Mode: wg1:exp:inter1(0):fixed:750 	      0x7fef43702060
Adding Optical Mode: wg1:exp:inter2(0):fixed:750 	      0x7fef43702210
Adding Optical Mode: wg1:exp:inter3(0):fixed:750 	      0x7fef437025c0
Adding Optical Mode:         l2:fixed:750 	      0x7fef43703250
Stamping OptScatteringVtoV Instance: wg1:exp:c(0):I1(0)
	E to E: l1:fixed:750 | wg1:exp:inter1(0):fixed:750
	Linear (E to E) Scattering Mode
	NonLinear Scattering Mode
Linear: -12.5664
CreateStampDelay: DELAY Name=wg1:exp:c(0):td(0):c(0):m(0):optmag:delay Del=5.0034614279722812e-15 Gain=1.0000000000000000e+00 Tcoeff=[ 0.0000000000000000e+00 0.0000000000000000e+00 ]
CreateStampDelay: DELAY Name=wg1:exp:c(0):td(0):reverse:c(0):m(0):optmag:delay Del=5.0034614279722812e-15 Gain=1.0000000000000000e+00 Tcoeff=[ 0.0000000000000000e+00 0.0000000000000000e+00 ]
CreateStampDelay: DELAY Name=wg1:exp:c(0):td(0):c(0):m(0):optphi:delay Del=5.0034614279722812e-15 Gain=1.0000000000000000e+00 Tcoeff=[ 0.0000000000000000e+00 0.0000000000000000e+00 ]
CreateStampDelay: DELAY Name=wg1:exp:c(0):td(0):reverse:c(0):m(0):optphi:delay Del=5.0034614279722812e-15 Gain=1.0000000000000000e+00 Tcoeff=[ 0.0000000000000000e+00 0.0000000000000000e+00 ]
Stamping OptScatteringVtoV Instance: wg1:exp:c(0):I1(1)
	E to E: wg1:exp:inter3(0):fixed:750 | l2:fixed:750
	Linear (E to E) Scattering Mode
	NonLinear Scattering Mode

Stamping: mir1

Linking optical elements; 
Pre-processing optical elements; evaluating the Oconn overlap integrals and FSE modes 
Mirror DetModes ... 
		mir1 input 0x7fef44800720 output 0x7fef44800720

Stamping free mode   optical elements; 
Processing Mirror: mir1 Version: 6 Switchable: 1
Adding Optical Mode: mir1:terminal:fixed:750 	      0x7fef4370c5c0
Stamping OptScatteringVtoV Instance: mir1:vtov:c(0)
	E to E: l2:fixed:750 | mir1:terminal:fixed:750
	Linear (E to E) Scattering Mode
	NonLinear Scattering Mode

Post Stamping: cw1:c:0:m(0):optphi:iso

Post Stamping: cw1:c:0:m(0):optmag:iso

Circuit after node assignment

Element hash table (including internal elements)
	Key: cw1:c:0:m(0):optphi:iso                                      	val: 	1131419504
	Key: mir1:vtov                                                    	val: 	1157811200
	Key: wg1:exp:c(0):td(0):c(0):m(0):optmag:delay                    	val: 	1131445536
	Key: wg1:exp:c(0):I1(0)                                           	val: 	1157670912
	Key: wg1:exp:c(0):td(0):c(0):m(0):optphi:delay                    	val: 	1131449568
	Key: wg1                                                          	val: 	1132486656
	Key: wg1:exp:c(0):I1(1)                                           	val: 	1157805568
	Key: wg1:exp:c(0):td(0):reverse:c(0):m(0):optphi:delay            	val: 	1131451200
	Key: wg1:exp:c(0):td(0):reverse:c(0):m(0):optmag:delay            	val: 	1131447792
	Key: mir1:vtov:c(0)                                               	val: 	1157816320
	Key: v1                                                           	val: 	1129394224
	Key: v2                                                           	val: 	1129397072
	Key: wg1:exp                                                      	val: 	1149240832
	Key: cw1:c:0:m(0):optmag:iso                                      	val: 	1131417392
	Key: cw1                                                          	val: 	1140888064
	Key: mir1                                                         	val: 	1132489728

Node hash table (size: 66)
	Key: wg1:exp:c(0):i1(1):0:fwd:modei:m(0):optmag                   	val: 	56        
	Key: wg1:exp:inter1(0):fixed:750:fwd:m(0):optphi                  	val: 	28        
	Key: wg1:exp:c(0):i1(0):0:fwd:modei:m(0):optmag                   	val: 	48        
	Key: mir1:vtov:c(0):0:rev:modei:m(0):optphi                       	val: 	63        
	Key: wg1:exp:c(0):i1(0):0:rev:modei:m(0):optmag                   	val: 	46        
	Key: wg1:exp:inter3(0):fixed:750:rev:m(0):optphi                  	val: 	37        
	Key: l2:fixed:750:rev:m(0):optphi                                 	val: 	45        
	Key: mir1:vtov:c(0):0:fwd:modei:m(0):optphi                       	val: 	65        
	Key: wg1:exp:c(0):td(0):reverse:c(0):m(0):optmag:delay:i          	val: 	51        
	Key: wg1:exp:c(0):i1(1):0:rev:modei:m(0):optmag                   	val: 	54        
	Key: wg1:exp:revphase(0:0):modei:m(0):optphi                      	val: 	41        
	Key: mir1:terminal:fixed:750:rev:m(0):optmag                      	val: 	59        
	Key: wg1:exp:inter2(0):fixed:750:fwd:m(0):optphi                  	val: 	32        
	Key: l1:fixed:750:rev:m(0):optphi                                 	val: 	17        
	Key: wg1:exp:inter3(0):fixed:750:fwd:m(0):optphi                  	val: 	36        
	Key: l2:fixed:750:fwd:m(0):optphi                                 	val: 	44        
	Key: wg1:exp:fwdphase(0:0):modei:m(0):optphi                      	val: 	39        
	Key: v1:portcurrentnode:0                                         	val: 	3         
	Key: v1:portcurrentnode:1                                         	val: 	5         
	Key: wg1:exp:inter1(0):fixed:750:rev:m(0):optmag                  	val: 	27        
	Key: l1:fixed:750:fwd:m(0):optphi                                 	val: 	16        
	Key: cw1:c:0:m(0):optphi:iso:i                                    	val: 	25        
	Key: wg1:exp:inter2(0):fixed:750:rev:m(0):optmag                  	val: 	31        
	Key: mir1:terminal:fixed:750:fwd:m(0):optmag                      	val: 	58        
	Key: v2:portcurrentnode:0                                         	val: 	9         
	Key: v2:portcurrentnode:1                                         	val: 	11        
	Key: v1:i                                                         	val: 	7         
	Key: wg1:exp:c(0):td(0):c(0):m(0):optmag:delay:i                  	val: 	50        
	Key: wg1:exp:c(0):td(0):reverse:c(0):m(0):optphi:delay:i          	val: 	53        
	Key: wg1:exp:inter1(0):fixed:750:fwd:m(0):optmag                  	val: 	26        
	Key: mir1:vtov:c(0):0:fwd:modei:m(0):optmag                       	val: 	64        
	Key: mir1:vtov:c(0):0:rev:modei:m(0):optmag                       	val: 	62        
	Key: cw1:l1:fixed:750:modei:m(0):optphi                           	val: 	23        
	Key: wg1:exp:inter3(0):fixed:750:rev:m(0):optmag                  	val: 	35        
	Key: l2:fixed:750:rev:m(0):optmag                                 	val: 	43        
	Key: cw1:channel-fixed:750                                        	val: 	1         
	Key: cw1:portcurrentcurnode:0                                     	val: 	19        
	Key: cw1:portcurrentcurnode:1                                     	val: 	21        
	Key: v1:portcurrentcurnode:0                                      	val: 	4         
	Key: v1:portcurrentcurnode:1                                      	val: 	6         
	Key: wg1:exp:c(0):i1(1):0:fwd:modei:m(0):optphi                   	val: 	57        
	Key: v2:portcurrentcurnode:0                                      	val: 	10        
	Key: v2:portcurrentcurnode:1                                      	val: 	12        
	Key: wg1:exp:c(0):i1(0):0:fwd:modei:m(0):optphi                   	val: 	49        
	Key: wg1:exp:revphase(0:0):modei:m(0):optmag                      	val: 	40        
	Key: wg1:exp:c(0):i1(0):0:rev:modei:m(0):optphi                   	val: 	47        
	Key: mag1                                                         	val: 	2         
	Key: l1:fixed:750:rev:m(0):optmag                                 	val: 	15        
	Key: wg1:exp:inter2(0):fixed:750:fwd:m(0):optmag                  	val: 	30        
	Key: 0                                                            	val: 	-5        
	Key: wg1:exp:inter3(0):fixed:750:fwd:m(0):optmag                  	val: 	34        
	Key: l2:fixed:750:fwd:m(0):optmag                                 	val: 	42        
	Key: wg1:exp:fwdphase(0:0):modei:m(0):optmag                      	val: 	38        
	Key: wg1:exp:c(0):i1(1):0:rev:modei:m(0):optphi                   	val: 	55        
	Key: mir1:terminal:fixed:750:rev:m(0):optphi                      	val: 	61        
	Key: l1:fixed:750:fwd:m(0):optmag                                 	val: 	14        
	Key: cw1:portcurrentnode:0                                        	val: 	18        
	Key: cw1:portcurrentnode:1                                        	val: 	20        
	Key: wg1:exp:c(0):td(0):c(0):m(0):optphi:delay:i                  	val: 	52        
	Key: mir1:terminal:fixed:750:fwd:m(0):optphi                      	val: 	60        
	Key: wg1:exp:inter1(0):fixed:750:rev:m(0):optphi                  	val: 	29        
	Key: cw1:c:0:m(0):optmag:iso:i                                    	val: 	24        
	Key: wg1:exp:inter2(0):fixed:750:rev:m(0):optphi                  	val: 	33        
	Key: cw1:l1:fixed:750:modei:m(0):optmag                           	val: 	22        
	Key: phi1                                                         	val: 	8         
	Key: v2:i                                                         	val: 	13        

Node array 
	Key: 0                                                            	val: 	-5         Status: V node
	Key: cw1:channel-fixed:750                                        	val: 	1          Status: V node
	Key: mag1                                                         	val: 	2          Status: V node
	Key: v1:portcurrentnode:0                                         	val: 	3          Status: V node
	Key: v1:portcurrentcurnode:0                                      	val: 	4          Status: I node
	Key: v1:portcurrentnode:1                                         	val: 	5          Status: V node
	Key: v1:portcurrentcurnode:1                                      	val: 	6          Status: I node
	Key: v1:i                                                         	val: 	7          Status: I node
	Key: phi1                                                         	val: 	8          Status: V node
	Key: v2:portcurrentnode:0                                         	val: 	9          Status: V node
	Key: v2:portcurrentcurnode:0                                      	val: 	10         Status: I node
	Key: v2:portcurrentnode:1                                         	val: 	11         Status: V node
	Key: v2:portcurrentcurnode:1                                      	val: 	12         Status: I node
	Key: v2:i                                                         	val: 	13         Status: I node
	Key: l1:fixed:750:fwd:m(0):optmag                                 	val: 	14         Status: O Mag node
	Key: l1:fixed:750:rev:m(0):optmag                                 	val: 	15         Status: O Mag node
	Key: l1:fixed:750:fwd:m(0):optphi                                 	val: 	16         Status: O Pha node (14)
	Key: l1:fixed:750:rev:m(0):optphi                                 	val: 	17         Status: O Pha node (15)
	Key: cw1:portcurrentnode:0                                        	val: 	18         Status: V node
	Key: cw1:portcurrentcurnode:0                                     	val: 	19         Status: I node
	Key: cw1:portcurrentnode:1                                        	val: 	20         Status: V node
	Key: cw1:portcurrentcurnode:1                                     	val: 	21         Status: I node
	Key: cw1:l1:fixed:750:modei:m(0):optmag                           	val: 	22         Status: O Mag node
	Key: cw1:l1:fixed:750:modei:m(0):optphi                           	val: 	23         Status: O Pha node (22)
	Key: cw1:c:0:m(0):optmag:iso:i                                    	val: 	24         Status: I node
	Key: cw1:c:0:m(0):optphi:iso:i                                    	val: 	25         Status: I node
	Key: wg1:exp:inter1(0):fixed:750:fwd:m(0):optmag                  	val: 	26         Status: O Mag node
	Key: wg1:exp:inter1(0):fixed:750:rev:m(0):optmag                  	val: 	27         Status: O Mag node
	Key: wg1:exp:inter1(0):fixed:750:fwd:m(0):optphi                  	val: 	28         Status: O Pha node (26)
	Key: wg1:exp:inter1(0):fixed:750:rev:m(0):optphi                  	val: 	29         Status: O Pha node (27)
	Key: wg1:exp:inter2(0):fixed:750:fwd:m(0):optmag                  	val: 	30         Status: O Mag node
	Key: wg1:exp:inter2(0):fixed:750:rev:m(0):optmag                  	val: 	31         Status: O Mag node
	Key: wg1:exp:inter2(0):fixed:750:fwd:m(0):optphi                  	val: 	32         Status: O Pha node (30)
	Key: wg1:exp:inter2(0):fixed:750:rev:m(0):optphi                  	val: 	33         Status: O Pha node (31)
	Key: wg1:exp:inter3(0):fixed:750:fwd:m(0):optmag                  	val: 	34         Status: O Mag node
	Key: wg1:exp:inter3(0):fixed:750:rev:m(0):optmag                  	val: 	35         Status: O Mag node
	Key: wg1:exp:inter3(0):fixed:750:fwd:m(0):optphi                  	val: 	36         Status: O Pha node (34)
	Key: wg1:exp:inter3(0):fixed:750:rev:m(0):optphi                  	val: 	37         Status: O Pha node (35)
	Key: wg1:exp:fwdphase(0:0):modei:m(0):optmag                      	val: 	38         Status: O Mag node
	Key: wg1:exp:fwdphase(0:0):modei:m(0):optphi                      	val: 	39         Status: O Pha node (38)
	Key: wg1:exp:revphase(0:0):modei:m(0):optmag                      	val: 	40         Status: O Mag node
	Key: wg1:exp:revphase(0:0):modei:m(0):optphi                      	val: 	41         Status: O Pha node (40)
	Key: l2:fixed:750:fwd:m(0):optmag                                 	val: 	42         Status: O Mag node
	Key: l2:fixed:750:rev:m(0):optmag                                 	val: 	43         Status: O Mag node
	Key: l2:fixed:750:fwd:m(0):optphi                                 	val: 	44         Status: O Pha node (42)
	Key: l2:fixed:750:rev:m(0):optphi                                 	val: 	45         Status: O Pha node (43)
	Key: wg1:exp:c(0):i1(0):0:rev:modei:m(0):optmag                   	val: 	46         Status: O Mag node
	Key: wg1:exp:c(0):i1(0):0:rev:modei:m(0):optphi                   	val: 	47         Status: O Pha node (46)
	Key: wg1:exp:c(0):i1(0):0:fwd:modei:m(0):optmag                   	val: 	48         Status: O Mag node
	Key: wg1:exp:c(0):i1(0):0:fwd:modei:m(0):optphi                   	val: 	49         Status: O Pha node (48)
	Key: wg1:exp:c(0):td(0):c(0):m(0):optmag:delay:i                  	val: 	50         Status: I node
	Key: wg1:exp:c(0):td(0):reverse:c(0):m(0):optmag:delay:i          	val: 	51         Status: I node
	Key: wg1:exp:c(0):td(0):c(0):m(0):optphi:delay:i                  	val: 	52         Status: I node
	Key: wg1:exp:c(0):td(0):reverse:c(0):m(0):optphi:delay:i          	val: 	53         Status: I node
	Key: wg1:exp:c(0):i1(1):0:rev:modei:m(0):optmag                   	val: 	54         Status: O Mag node
	Key: wg1:exp:c(0):i1(1):0:rev:modei:m(0):optphi                   	val: 	55         Status: O Pha node (54)
	Key: wg1:exp:c(0):i1(1):0:fwd:modei:m(0):optmag                   	val: 	56         Status: O Mag node
	Key: wg1:exp:c(0):i1(1):0:fwd:modei:m(0):optphi                   	val: 	57         Status: O Pha node (56)
	Key: mir1:terminal:fixed:750:fwd:m(0):optmag                      	val: 	58         Status: O Mag node
	Key: mir1:terminal:fixed:750:rev:m(0):optmag                      	val: 	59         Status: O Mag node
	Key: mir1:terminal:fixed:750:fwd:m(0):optphi                      	val: 	60         Status: O Pha node (58)
	Key: mir1:terminal:fixed:750:rev:m(0):optphi                      	val: 	61         Status: O Pha node (59)
	Key: mir1:vtov:c(0):0:rev:modei:m(0):optmag                       	val: 	62         Status: O Mag node
	Key: mir1:vtov:c(0):0:rev:modei:m(0):optphi                       	val: 	63         Status: O Pha node (62)
	Key: mir1:vtov:c(0):0:fwd:modei:m(0):optmag                       	val: 	64         Status: O Mag node
	Key: mir1:vtov:c(0):0:fwd:modei:m(0):optphi                       	val: 	65         Status: O Pha node (64)

Optical Node hash table
	wg1:exp:inter3(0):fixed:750
		aliases: wg1:exp:inter3(0) -- wg1:exp:inter3(0) -- 
	l2:fixed:750
		aliases: l2 -- l2 -- l2 -- l2 -- 
	wg1:exp:inter1(0):fixed:750
		aliases: wg1:exp:inter1(0) -- wg1:exp:inter1(0) -- 
	l1:fixed:750
		aliases: l1 -- l1 -- l1 -- 
	wg1:exp:inter2(0):fixed:750
		aliases: wg1:exp:inter2(0) -- wg1:exp:inter2(0) -- 
	mir1:terminal:fixed:750
		aliases: mir1:terminal -- mir1:terminal -- 

Optical ModeShape hash table
	Key: a453d1054f00cdf7d7dff1fab3219d7c11fb342a                     	val: 	1128276448

Optical Link hash table
	Key: l1                                                           l1                                                          	val: 	0x7fef43400340 
			E1: 	0x7fef44009200 - cw1                                      	E2: 	0x7fef44800600 - wg1:exp                                 
	Key: l2                                                           l2                                                          	val: 	0x7fef436011b0 
			E1: 	0x7fef44800600 - wg1:exp                                  	E2: 	0x7fef43806c00 - mir1                                    

Source Optical Channel hash table
	Key: fixed:750                                                    	lambda: 	750        dPhi_dt: 	0x7fef44009a30 *dPhi_dt: 	0         

Optical Matrices hash table

Optical FSE Matrices hash table

Monitor Statements
	Name:                            wg1 Type:       OptFields Port:     1 Node Num:      0
	Name:                            wg1 Type:       OptFields Port:     2 Node Num:      0
	Name:                             v1 Type:               V Port:     1 Node Num:      2
	Name:                             v1 Type:               I Port:     1 Node Num:      0
	Name:                             v1 Type:               I Port:     2 Node Num:      0
	Name:                             v2 Type:               V Port:     1 Node Num:      8
	Name:                             v2 Type:               I Port:     1 Node Num:      0
	Name:                             v2 Type:               I Port:     2 Node Num:      0
	Name:                            cw1 Type:               V Port:     1 Node Num:      2
	Name:                            cw1 Type:               I Port:     1 Node Num:      0
	Name:                            cw1 Type:               V Port:     2 Node Num:      8
	Name:                            cw1 Type:               I Port:     2 Node Num:      0
	Name:                            cw1 Type:       OptFields Port:     3 Node Num:      0
	Name:                            wg1 Type:       OptFields Port:     1 Node Num:      0
	Name:                            wg1 Type:       OptFields Port:     2 Node Num:      0
	Name:                        wg1:exp Type:       OptFields Port:     1 Node Num:      0
	Name:                        wg1:exp Type:       OptFields Port:     2 Node Num:      0
	Name:                           mir1 Type:       OptFields Port:     1 Node Num:      0

Current Monitor Statements
	Key: v2:Port-2                                                    	port: 	2          	num: 	12        
	Key: v1:Port-1                                                    	port: 	1          	num: 	4         
	Key: v1:Port-2                                                    	port: 	2          	num: 	6         
	Key: cw1:Port-1                                                   	port: 	1          	num: 	19        
	Key: v2:Port-1                                                    	port: 	1          	num: 	10        
	Key: cw1:Port-2                                                   	port: 	2          	num: 	21        

Sub-circuits


Transient Simulation Started
tscaling: 1e+08
abstol: 1e-08 reltol: 1e-06 c_abstol: 1e-15 c_reltol: 1e-06
DC Simulation Started
DC Linear Initial Guess
DC simulations:
	DC var: 0.000000000000e+00
		Elec pass (T ind):
		DC iterations =  2 (extra -1). Cond 0.0259629
			Total num iter: 2
		Elec pass (T dep). Evars Optical:
		DC iterations =  1 (extra -1). Cond 0.0259629
			Total num iter: 3

***** Element Operating point info:

MultiLayerFilterExp: wg1:exp 
	(Explicit Filtering -- T = 300.15 -- E to E)
	Channel: 0
		 Input: l1:fixed:750
			l1:fixed:750 			Carrier Lambda: 750 nm --- E vars
				Mode 0
					(fwd: 14,16):  Pow: 1.0000000000e+00 Phi: 0.0000000000e+00  Mag: 1.0000000000e+00 E_f =  1.0000000000e+00 + 0.0000000000e+00i
					(rev: 15,17):  Pow: 3.9730620532e-25 Phi: 3.1413477317e+00  Mag: 6.3032230273e-13 E_f =  -6.3032228382e-13 + 1.5437971771e-16i
								Total Power Fwd: 1 Rev: 3.97306e-25

			Extra
					(rev: 46,47):  Pow: 3.9730620532e-25 Phi: 3.1413477317e+00  Mag: 6.3032230273e-13 E_f =  -6.3032228382e-13 + 1.5437971771e-16i
								Total Power Fwd: 0 Rev: 3.97306e-25

		Interface (0): wg1:exp:c(0):I1(0) T= 300.15 NonLinear
			N1 = 1.1 N2 = 1.5 (1.5)T = 300.15
				Tf^2 = 0.976331 Rf^2 = 0.0236686  Tb^2 = 0.976331 Rb^2 = 0.0236686 Tf+Rf = 1 Tb+Rb = 1 
			Rf = -0.153846 	Tf = 0.988095 	Rb = 0.153846 	Tb = 0.988095 

		 Layer (1) Phi= -12.5664 (0)  Atten = 1 N = 1.5 V1 = 0 V2 = 0 T = 300.15
			Inter1: wg1:exp:inter1(0):fixed:750 (Es)
			wg1:exp:inter1(0):fixed:750 			Carrier Lambda: 750 nm --- E vars
				Mode 0
					(fwd: 26,28):  Pow: 1.0242424242e+00 Phi: 2.3750725802e-17  Mag: 1.0120486274e+00 E_f =  1.0120486274e+00 + 2.4036889447e-17i
					(rev: 27,29):  Pow: 2.4242424242e-02 Phi: 1.0034681651e-15  Mag: 1.5569978883e-01 E_f =  1.5569978883e-01 + 1.5623978141e-16i
								Total Power Fwd: 1.02424 Rev: 0.0242424

			Inter2: wg1:exp:inter2(0):fixed:750 (Es)
			wg1:exp:inter2(0):fixed:750 			Carrier Lambda: 750 nm --- E vars
				Mode 0
					(fwd: 30,32):  Pow: 1.0242424242e+00 Phi: 5.1360944546e-16  Mag: 1.0120486274e+00 E_f =  1.0120486274e+00 + 5.1979773430e-16i
					(rev: 31,33):  Pow: 2.4242424242e-02 Phi: 5.1360944546e-16  Mag: 1.5569978883e-01 E_f =  1.5569978883e-01 + 7.9968882200e-17i
								Total Power Fwd: 1.02424 Rev: 0.0242424

			Inter3: wg1:exp:inter3(0):fixed:750 (Es) dt = 5.00346e-15
			wg1:exp:inter3(0):fixed:750 			Carrier Lambda: 750 nm --- E vars
				Mode 0
					(fwd: 34,36):  Pow: 1.0242424242e+00 Phi: 5.1360944546e-16  Mag: 1.0120486274e+00 E_f =  1.0120486274e+00 + 5.1979773430e-16i
					(rev: 35,37):  Pow: 2.4242424242e-02 Phi: 5.1360944546e-16  Mag: 1.5569978883e-01 E_f =  1.5569978883e-01 + 7.9968882200e-17i
								Total Power Fwd: 1.02424 Rev: 0.0242424

			ExtraNodes (Es)
			Delay queues (Es):
				Mode 0
					(fwd: 38,39):  Pow: 1.0242424242e+00 Phi: 5.1360944546e-16  Mag: 1.0120486274e+00 E_f =  1.0120486274e+00 + 5.1979773430e-16i
					(rev: 40,41):  Pow: 2.4242424242e-02 Phi: 1.0034681651e-15  Mag: 1.5569978883e-01 E_f =  1.5569978883e-01 + 1.5623978141e-16i
								Total Power Fwd: 1.02424 Rev: 0.0242424

			Extra Inter1
				Mode 0
					(fwd: 48,49):  Pow: 1.0242424242e+00 Phi: 2.3750725802e-17  Mag: 1.0120486274e+00 E_f =  1.0120486274e+00 + 2.4036889447e-17i
								Total Power Fwd: 1.02424 Rev: 0

		Interface (1): wg1:exp:c(0):I1(1) T = 300.15 NonLinear
			N1 = 1.5 (1.5) N2 = 1.1
				Tf^2 = 0.976331 Rf^2 = 0.0236686  Tb^2 = 0.976331 Rb^2 = 0.0236686 Tf+Rf = 1 Tb+Rb = 1 
			Rf = 0.153846 	Tf = 0.988095 	Rb = -0.153846 	Tb = 0.988095 

		 Output: l2:fixed:750
			l2:fixed:750 			Carrier Lambda: 750 nm --- E vars
				Mode 0
					(fwd: 42,44):  Pow: 9.9999999999e-01 Phi: 5.1360944546e-16  Mag: 1.0000000000e+00 E_f =  1.0000000000e+00 + 5.1360944546e-16i
					(rev: 43,45):  Pow: 0.0000000000e+00 Phi: 0.0000000000e+00  Mag: 0.0000000000e+00 E_f =  0.0000000000e+00 + 0.0000000000e+00i
								Total Power Fwd: 1 Rev: 0

			Extra
				Mode 0
					(fwd: 56,57):  Pow: 9.9999999999e-01 Phi: 5.1360944546e-16  Mag: 1.0000000000e+00 E_f =  1.0000000000e+00 + 5.1360944546e-16i
								Total Power Fwd: 1 Rev: 0

IndSource:                       v1 (V source)
			V: 1.0000000000e+00 I: 0.0000000000e+00 

IndSource:                       v2 (V source)
			V: 0.0000000000e+00 I: 0.0000000000e+00 

Cw_Source: cw1 
	 Channel : 0 -- n1: 18 n2: 20 -- Fixed Lambda
		 Freqshift: 0
			l1:fixed:750 			Carrier Lambda: 750 nm --- E vars
				Mode 0
					(fwd: 14,16):  Pow: 1.0000000000e+00 Phi: 0.0000000000e+00  Mag: 1.0000000000e+00 E_f =  1.0000000000e+00 + 0.0000000000e+00i
					(rev: 15,17):  Pow: 3.9730620532e-25 Phi: 3.1413477317e+00  Mag: 6.3032230273e-13 E_f =  -6.3032228382e-13 + 1.5437971771e-16i
								Total Power Fwd: 1 Rev: 3.97306e-25

Mirror: mir1
	Channel:0
			l2:fixed:750 			Carrier Lambda: 750 nm --- E vars
				Mode 0
					(fwd: 42,44):  Pow: 9.9999999999e-01 Phi: 5.1360944546e-16  Mag: 1.0000000000e+00 E_f =  1.0000000000e+00 + 5.1360944546e-16i
					(rev: 43,45):  Pow: 0.0000000000e+00 Phi: 0.0000000000e+00  Mag: 0.0000000000e+00 E_f =  0.0000000000e+00 + 0.0000000000e+00i
								Total Power Fwd: 1 Rev: 0



***** Node Operating Point Values 
	wg1                           	Port: 1 
	                              	mode: l1:fixed:750 
	                              		dir: FWD
	                              			TE Fields: 1.0000000000e+00 0.0000000000e+00 

	wg1                           	Port: 2 
	                              	mode: l2:fixed:750 
	                              		dir: FWD
	                              			TE Fields: 1.0000000000e+00 5.1360944546e-16 

	v1                            	Port:     1	V = 1.0000000000e+00
	v1                            	Port:     1	I = 0.0000000000e+00
	v1                            	Port:     2	I = -0.0000000000e+00
	v2                            	Port:     1	V = 0.0000000000e+00
	v2                            	Port:     1	I = 0.0000000000e+00
	v2                            	Port:     2	I = -0.0000000000e+00
	cw1                           	Port:     1	V = 1.0000000000e+00
	cw1                           	Port:     1	I = -0.0000000000e+00
	cw1                           	Port:     2	V = 0.0000000000e+00
	cw1                           	Port:     2	I = -0.0000000000e+00
	cw1                           	Port: 3 
	                              	mode: l1:fixed:750 
	                              		dir: FWD
	                              			TE Fields: 1.0000000000e+00 0.0000000000e+00 
	                              			TM Fields: 0.0000000000e+00 0.0000000000e+00 
	                              		dir: REV
	                              			TE Fields: -6.3032228382e-13 1.5437971771e-16 
	                              			TM Fields: 0.0000000000e+00 0.0000000000e+00 

	wg1                           	Port: 1 
	                              	mode: l1:fixed:750 
	                              		dir: FWD
	                              			TE Fields: 1.0000000000e+00 0.0000000000e+00 
	                              			TM Fields: 0.0000000000e+00 0.0000000000e+00 
	                              		dir: REV
	                              			TE Fields: -6.3032228382e-13 1.5437971771e-16 
	                              			TM Fields: 0.0000000000e+00 0.0000000000e+00 

	wg1                           	Port: 2 
	                              	mode: l2:fixed:750 
	                              		dir: FWD
	                              			TE Fields: 1.0000000000e+00 5.1360944546e-16 
	                              			TM Fields: 0.0000000000e+00 0.0000000000e+00 
	                              		dir: REV
	                              			TE Fields: 0.0000000000e+00 0.0000000000e+00 
	                              			TM Fields: 0.0000000000e+00 0.0000000000e+00 

	wg1:exp                       	Port: 1 
	                              	mode: l1:fixed:750 
	                              		dir: FWD
	                              			TE Fields: 1.0000000000e+00 0.0000000000e+00 
	                              			TM Fields: 0.0000000000e+00 0.0000000000e+00 
	                              		dir: REV
	                              			TE Fields: -6.3032228382e-13 1.5437971771e-16 
	                              			TM Fields: 0.0000000000e+00 0.0000000000e+00 

	wg1:exp                       	Port: 2 
	                              	mode: l2:fixed:750 
	                              		dir: FWD
	                              			TE Fields: 1.0000000000e+00 5.1360944546e-16 
	                              			TM Fields: 0.0000000000e+00 0.0000000000e+00 
	                              		dir: REV
	                              			TE Fields: 0.0000000000e+00 0.0000000000e+00 
	                              			TM Fields: 0.0000000000e+00 0.0000000000e+00 

	mir1                          	Port: 1 
	                              	mode: l2:fixed:750 
	                              		dir: FWD
	                              			TE Fields: 1.0000000000e+00 5.1360944546e-16 
	                              			TM Fields: 0.0000000000e+00 0.0000000000e+00 
	                              		dir: REV
	                              			TE Fields: 0.0000000000e+00 0.0000000000e+00 
	                              			TM Fields: 0.0000000000e+00 0.0000000000e+00 


***** 
		Final Evars non-Linear Scatter pass:

***** Element Operating point info:

MultiLayerFilterExp: wg1:exp 
	(Explicit Filtering -- T = 300.15 -- E to E)
	Channel: 0
		 Input: l1:fixed:750
			l1:fixed:750 			Carrier Lambda: 750 nm --- E vars
				Mode 0
					(fwd: 14,16):  Pow: 1.0000000000e+00 Phi: 0.0000000000e+00  Mag: 1.0000000000e+00 E_f =  1.0000000000e+00 + 0.0000000000e+00i
					(rev: 15,17):  Pow: 3.9730620532e-25 Phi: 3.1413477317e+00  Mag: 6.3032230273e-13 E_f =  -6.3032228382e-13 + 1.5437971771e-16i
								Total Power Fwd: 1 Rev: 3.97306e-25

			Extra
					(rev: 46,47):  Pow: 3.9730620532e-25 Phi: 3.1413477317e+00  Mag: 6.3032230273e-13 E_f =  -6.3032228382e-13 + 1.5437971771e-16i
								Total Power Fwd: 0 Rev: 3.97306e-25

		Interface (0): wg1:exp:c(0):I1(0) T= 300.15 NonLinear
			N1 = 1.1 N2 = 1.5 (1.5)T = 300.15
				Tf^2 = 0.976331 Rf^2 = 0.0236686  Tb^2 = 0.976331 Rb^2 = 0.0236686 Tf+Rf = 1 Tb+Rb = 1 
			Rf = -0.153846 	Tf = 0.988095 	Rb = 0.153846 	Tb = 0.988095 

		 Layer (1) Phi= -12.5664 (0)  Atten = 1 N = 1.5 V1 = 0 V2 = 0 T = 300.15
			Inter1: wg1:exp:inter1(0):fixed:750 (Es)
			wg1:exp:inter1(0):fixed:750 			Carrier Lambda: 750 nm --- E vars
				Mode 0
					(fwd: 26,28):  Pow: 1.0242424242e+00 Phi: 2.3750725802e-17  Mag: 1.0120486274e+00 E_f =  1.0120486274e+00 + 2.4036889447e-17i
					(rev: 27,29):  Pow: 2.4242424242e-02 Phi: 1.0034681651e-15  Mag: 1.5569978883e-01 E_f =  1.5569978883e-01 + 1.5623978141e-16i
								Total Power Fwd: 1.02424 Rev: 0.0242424

			Inter2: wg1:exp:inter2(0):fixed:750 (Es)
			wg1:exp:inter2(0):fixed:750 			Carrier Lambda: 750 nm --- E vars
				Mode 0
					(fwd: 30,32):  Pow: 1.0242424242e+00 Phi: 5.1360944546e-16  Mag: 1.0120486274e+00 E_f =  1.0120486274e+00 + 5.1979773430e-16i
					(rev: 31,33):  Pow: 2.4242424242e-02 Phi: 5.1360944546e-16  Mag: 1.5569978883e-01 E_f =  1.5569978883e-01 + 7.9968882200e-17i
								Total Power Fwd: 1.02424 Rev: 0.0242424

			Inter3: wg1:exp:inter3(0):fixed:750 (Es) dt = 5.00346e-15
			wg1:exp:inter3(0):fixed:750 			Carrier Lambda: 750 nm --- E vars
				Mode 0
					(fwd: 34,36):  Pow: 1.0242424242e+00 Phi: 5.1360944546e-16  Mag: 1.0120486274e+00 E_f =  1.0120486274e+00 + 5.1979773430e-16i
					(rev: 35,37):  Pow: 2.4242424242e-02 Phi: 5.1360944546e-16  Mag: 1.5569978883e-01 E_f =  1.5569978883e-01 + 7.9968882200e-17i
								Total Power Fwd: 1.02424 Rev: 0.0242424

			ExtraNodes (Es)
			Delay queues (Es):
				Mode 0
					(fwd: 38,39):  Pow: 1.0242424242e+00 Phi: 5.1360944546e-16  Mag: 1.0120486274e+00 E_f =  1.0120486274e+00 + 5.1979773430e-16i
					(rev: 40,41):  Pow: 2.4242424242e-02 Phi: 1.0034681651e-15  Mag: 1.5569978883e-01 E_f =  1.5569978883e-01 + 1.5623978141e-16i
								Total Power Fwd: 1.02424 Rev: 0.0242424

			Extra Inter1
				Mode 0
					(fwd: 48,49):  Pow: 1.0242424242e+00 Phi: 2.3750725802e-17  Mag: 1.0120486274e+00 E_f =  1.0120486274e+00 + 2.4036889447e-17i
								Total Power Fwd: 1.02424 Rev: 0

		Interface (1): wg1:exp:c(0):I1(1) T = 300.15 NonLinear
			N1 = 1.5 (1.5) N2 = 1.1
				Tf^2 = 0.976331 Rf^2 = 0.0236686  Tb^2 = 0.976331 Rb^2 = 0.0236686 Tf+Rf = 1 Tb+Rb = 1 
			Rf = 0.153846 	Tf = 0.988095 	Rb = -0.153846 	Tb = 0.988095 

		 Output: l2:fixed:750
			l2:fixed:750 			Carrier Lambda: 750 nm --- E vars
				Mode 0
					(fwd: 42,44):  Pow: 9.9999999999e-01 Phi: 5.1360944546e-16  Mag: 1.0000000000e+00 E_f =  1.0000000000e+00 + 5.1360944546e-16i
					(rev: 43,45):  Pow: 0.0000000000e+00 Phi: 0.0000000000e+00  Mag: 0.0000000000e+00 E_f =  0.0000000000e+00 + 0.0000000000e+00i
								Total Power Fwd: 1 Rev: 0

			Extra
				Mode 0
					(fwd: 56,57):  Pow: 9.9999999999e-01 Phi: 5.1360944546e-16  Mag: 1.0000000000e+00 E_f =  1.0000000000e+00 + 5.1360944546e-16i
								Total Power Fwd: 1 Rev: 0

IndSource:                       v1 (V source)
			V: 1.0000000000e+00 I: 0.0000000000e+00 

IndSource:                       v2 (V source)
			V: 0.0000000000e+00 I: 0.0000000000e+00 

Cw_Source: cw1 
	 Channel : 0 -- n1: 18 n2: 20 -- Fixed Lambda
		 Freqshift: 0
			l1:fixed:750 			Carrier Lambda: 750 nm --- E vars
				Mode 0
					(fwd: 14,16):  Pow: 1.0000000000e+00 Phi: 0.0000000000e+00  Mag: 1.0000000000e+00 E_f =  1.0000000000e+00 + 0.0000000000e+00i
					(rev: 15,17):  Pow: 3.9730620532e-25 Phi: 3.1413477317e+00  Mag: 6.3032230273e-13 E_f =  -6.3032228382e-13 + 1.5437971771e-16i
								Total Power Fwd: 1 Rev: 3.97306e-25

Mirror: mir1
	Channel:0
			l2:fixed:750 			Carrier Lambda: 750 nm --- E vars
				Mode 0
					(fwd: 42,44):  Pow: 9.9999999999e-01 Phi: 5.1360944546e-16  Mag: 1.0000000000e+00 E_f =  1.0000000000e+00 + 5.1360944546e-16i
					(rev: 43,45):  Pow: 0.0000000000e+00 Phi: 0.0000000000e+00  Mag: 0.0000000000e+00 E_f =  0.0000000000e+00 + 0.0000000000e+00i
								Total Power Fwd: 1 Rev: 0



***** Node Operating Point Values 
	wg1                           	Port: 1 
	                              	mode: l1:fixed:750 
	                              		dir: FWD
	                              			TE Fields: 1.0000000000e+00 0.0000000000e+00 

	wg1                           	Port: 2 
	                              	mode: l2:fixed:750 
	                              		dir: FWD
	                              			TE Fields: 1.0000000000e+00 5.1360944546e-16 

	v1                            	Port:     1	V = 1.0000000000e+00
	v1                            	Port:     1	I = 0.0000000000e+00
	v1                            	Port:     2	I = -0.0000000000e+00
	v2                            	Port:     1	V = 0.0000000000e+00
	v2                            	Port:     1	I = 0.0000000000e+00
	v2                            	Port:     2	I = -0.0000000000e+00
	cw1                           	Port:     1	V = 1.0000000000e+00
	cw1                           	Port:     1	I = -0.0000000000e+00
	cw1                           	Port:     2	V = 0.0000000000e+00
	cw1                           	Port:     2	I = -0.0000000000e+00
	cw1                           	Port: 3 
	                              	mode: l1:fixed:750 
	                              		dir: FWD
	                              			TE Fields: 1.0000000000e+00 0.0000000000e+00 
	                              			TM Fields: 0.0000000000e+00 0.0000000000e+00 
	                              		dir: REV
	                              			TE Fields: -6.3032228382e-13 1.5437971771e-16 
	                              			TM Fields: 0.0000000000e+00 0.0000000000e+00 

	wg1                           	Port: 1 
	                              	mode: l1:fixed:750 
	                              		dir: FWD
	                              			TE Fields: 1.0000000000e+00 0.0000000000e+00 
	                              			TM Fields: 0.0000000000e+00 0.0000000000e+00 
	                              		dir: REV
	                              			TE Fields: -6.3032228382e-13 1.5437971771e-16 
	                              			TM Fields: 0.0000000000e+00 0.0000000000e+00 

	wg1                           	Port: 2 
	                              	mode: l2:fixed:750 
	                              		dir: FWD
	                              			TE Fields: 1.0000000000e+00 5.1360944546e-16 
	                              			TM Fields: 0.0000000000e+00 0.0000000000e+00 
	                              		dir: REV
	                              			TE Fields: 0.0000000000e+00 0.0000000000e+00 
	                              			TM Fields: 0.0000000000e+00 0.0000000000e+00 

	wg1:exp                       	Port: 1 
	                              	mode: l1:fixed:750 
	                              		dir: FWD
	                              			TE Fields: 1.0000000000e+00 0.0000000000e+00 
	                              			TM Fields: 0.0000000000e+00 0.0000000000e+00 
	                              		dir: REV
	                              			TE Fields: -6.3032228382e-13 1.5437971771e-16 
	                              			TM Fields: 0.0000000000e+00 0.0000000000e+00 

	wg1:exp                       	Port: 2 
	                              	mode: l2:fixed:750 
	                              		dir: FWD
	                              			TE Fields: 1.0000000000e+00 5.1360944546e-16 
	                              			TM Fields: 0.0000000000e+00 0.0000000000e+00 
	                              		dir: REV
	                              			TE Fields: 0.0000000000e+00 0.0000000000e+00 
	                              			TM Fields: 0.0000000000e+00 0.0000000000e+00 

	mir1                          	Port: 1 
	                              	mode: l2:fixed:750 
	                              		dir: FWD
	                              			TE Fields: 1.0000000000e+00 5.1360944546e-16 
	                              			TM Fields: 0.0000000000e+00 0.0000000000e+00 
	                              		dir: REV
	                              			TE Fields: 0.0000000000e+00 0.0000000000e+00 
	                              			TM Fields: 0.0000000000e+00 0.0000000000e+00 


***** 
		DC iterations =  2 (extra -1). Cond 0.0259629
			Total num iter: 5
		Final pass (forced MPtotMP):
Before:

***** Element Operating point info:

MultiLayerFilterExp: wg1:exp 
	(Explicit Filtering -- T = 300.15 -- E to E)
	Channel: 0
		 Input: l1:fixed:750
			l1:fixed:750 			Carrier Lambda: 750 nm --- E vars
				Mode 0
					(fwd: 14,16):  Pow: 1.0000000000e+00 Phi: 0.0000000000e+00  Mag: 1.0000000000e+00 E_f =  1.0000000000e+00 + 0.0000000000e+00i
					(rev: 15,17):  Pow: 3.9734981723e-25 Phi: 3.1413477452e+00  Mag: 6.3035689671e-13 E_f =  -6.3035687781e-13 + 1.5437971771e-16i
								Total Power Fwd: 1 Rev: 3.9735e-25

			Extra
					(rev: 46,47):  Pow: 3.9734981723e-25 Phi: 3.1413477452e+00  Mag: 6.3035689671e-13 E_f =  -6.3035687781e-13 + 1.5437971771e-16i
								Total Power Fwd: 0 Rev: 3.9735e-25

		Interface (0): wg1:exp:c(0):I1(0) T= 300.15 NonLinear
			N1 = 1.1 N2 = 1.5 (1.5)T = 300.15
				Tf^2 = 0.976331 Rf^2 = 0.0236686  Tb^2 = 0.976331 Rb^2 = 0.0236686 Tf+Rf = 1 Tb+Rb = 1 
			Rf = -0.153846 	Tf = 0.988095 	Rb = 0.153846 	Tb = 0.988095 

		 Layer (1) Phi= -12.5664 (0)  Atten = 1 N = 1.5 V1 = 0 V2 = 0 T = 300.15
			Inter1: wg1:exp:inter1(0):fixed:750 (Es)
			wg1:exp:inter1(0):fixed:750 			Carrier Lambda: 750 nm --- E vars
				Mode 0
					(fwd: 26,28):  Pow: 1.0242424242e+00 Phi: 2.3750725802e-17  Mag: 1.0120486274e+00 E_f =  1.0120486274e+00 + 2.4036889447e-17i
					(rev: 27,29):  Pow: 2.4242424242e-02 Phi: 1.0034681651e-15  Mag: 1.5569978883e-01 E_f =  1.5569978883e-01 + 1.5623978141e-16i
								Total Power Fwd: 1.02424 Rev: 0.0242424

			Inter2: wg1:exp:inter2(0):fixed:750 (Es)
			wg1:exp:inter2(0):fixed:750 			Carrier Lambda: 750 nm --- E vars
				Mode 0
					(fwd: 30,32):  Pow: 1.0242424242e+00 Phi: 5.1360944546e-16  Mag: 1.0120486274e+00 E_f =  1.0120486274e+00 + 5.1979773430e-16i
					(rev: 31,33):  Pow: 2.4242424242e-02 Phi: 5.1360944546e-16  Mag: 1.5569978883e-01 E_f =  1.5569978883e-01 + 7.9968882200e-17i
								Total Power Fwd: 1.02424 Rev: 0.0242424

			Inter3: wg1:exp:inter3(0):fixed:750 (Es) dt = 5.00346e-15
			wg1:exp:inter3(0):fixed:750 			Carrier Lambda: 750 nm --- E vars
				Mode 0
					(fwd: 34,36):  Pow: 1.0242424242e+00 Phi: 5.1360944546e-16  Mag: 1.0120486274e+00 E_f =  1.0120486274e+00 + 5.1979773430e-16i
					(rev: 35,37):  Pow: 2.4242424242e-02 Phi: 5.1360944546e-16  Mag: 1.5569978883e-01 E_f =  1.5569978883e-01 + 7.9968882200e-17i
								Total Power Fwd: 1.02424 Rev: 0.0242424

			ExtraNodes (Es)
			Delay queues (Es):
				Mode 0
					(fwd: 38,39):  Pow: 1.0242424242e+00 Phi: 5.1360944546e-16  Mag: 1.0120486274e+00 E_f =  1.0120486274e+00 + 5.1979773430e-16i
					(rev: 40,41):  Pow: 2.4242424242e-02 Phi: 1.0034681651e-15  Mag: 1.5569978883e-01 E_f =  1.5569978883e-01 + 1.5623978141e-16i
								Total Power Fwd: 1.02424 Rev: 0.0242424

			Extra Inter1
				Mode 0
					(fwd: 48,49):  Pow: 1.0242424242e+00 Phi: 2.3750725802e-17  Mag: 1.0120486274e+00 E_f =  1.0120486274e+00 + 2.4036889447e-17i
								Total Power Fwd: 1.02424 Rev: 0

		Interface (1): wg1:exp:c(0):I1(1) T = 300.15 NonLinear
			N1 = 1.5 (1.5) N2 = 1.1
				Tf^2 = 0.976331 Rf^2 = 0.0236686  Tb^2 = 0.976331 Rb^2 = 0.0236686 Tf+Rf = 1 Tb+Rb = 1 
			Rf = 0.153846 	Tf = 0.988095 	Rb = -0.153846 	Tb = 0.988095 

		 Output: l2:fixed:750
			l2:fixed:750 			Carrier Lambda: 750 nm --- E vars
				Mode 0
					(fwd: 42,44):  Pow: 9.9999999999e-01 Phi: 5.1360944546e-16  Mag: 1.0000000000e+00 E_f =  1.0000000000e+00 + 5.1360944546e-16i
					(rev: 43,45):  Pow: 0.0000000000e+00 Phi: 0.0000000000e+00  Mag: 0.0000000000e+00 E_f =  0.0000000000e+00 + 0.0000000000e+00i
								Total Power Fwd: 1 Rev: 0

			Extra
				Mode 0
					(fwd: 56,57):  Pow: 9.9999999999e-01 Phi: 5.1360944546e-16  Mag: 1.0000000000e+00 E_f =  1.0000000000e+00 + 5.1360944546e-16i
								Total Power Fwd: 1 Rev: 0

IndSource:                       v1 (V source)
			V: 1.0000000000e+00 I: 0.0000000000e+00 

IndSource:                       v2 (V source)
			V: 0.0000000000e+00 I: 0.0000000000e+00 

Cw_Source: cw1 
	 Channel : 0 -- n1: 18 n2: 20 -- Fixed Lambda
		 Freqshift: 0
			l1:fixed:750 			Carrier Lambda: 750 nm --- E vars
				Mode 0
					(fwd: 14,16):  Pow: 1.0000000000e+00 Phi: 0.0000000000e+00  Mag: 1.0000000000e+00 E_f =  1.0000000000e+00 + 0.0000000000e+00i
					(rev: 15,17):  Pow: 3.9734981723e-25 Phi: 3.1413477452e+00  Mag: 6.3035689671e-13 E_f =  -6.3035687781e-13 + 1.5437971771e-16i
								Total Power Fwd: 1 Rev: 3.9735e-25

Mirror: mir1
	Channel:0
			l2:fixed:750 			Carrier Lambda: 750 nm --- E vars
				Mode 0
					(fwd: 42,44):  Pow: 9.9999999999e-01 Phi: 5.1360944546e-16  Mag: 1.0000000000e+00 E_f =  1.0000000000e+00 + 5.1360944546e-16i
					(rev: 43,45):  Pow: 0.0000000000e+00 Phi: 0.0000000000e+00  Mag: 0.0000000000e+00 E_f =  0.0000000000e+00 + 0.0000000000e+00i
								Total Power Fwd: 1 Rev: 0



***** Node Operating Point Values 
	wg1                           	Port: 1 
	                              	mode: l1:fixed:750 
	                              		dir: FWD
	                              			TE Fields: 1.0000000000e+00 0.0000000000e+00 

	wg1                           	Port: 2 
	                              	mode: l2:fixed:750 
	                              		dir: FWD
	                              			TE Fields: 1.0000000000e+00 5.1360944546e-16 

	v1                            	Port:     1	V = 1.0000000000e+00
	v1                            	Port:     1	I = 0.0000000000e+00
	v1                            	Port:     2	I = -0.0000000000e+00
	v2                            	Port:     1	V = 0.0000000000e+00
	v2                            	Port:     1	I = 0.0000000000e+00
	v2                            	Port:     2	I = -0.0000000000e+00
	cw1                           	Port:     1	V = 1.0000000000e+00
	cw1                           	Port:     1	I = -0.0000000000e+00
	cw1                           	Port:     2	V = 0.0000000000e+00
	cw1                           	Port:     2	I = -0.0000000000e+00
	cw1                           	Port: 3 
	                              	mode: l1:fixed:750 
	                              		dir: FWD
	                              			TE Fields: 1.0000000000e+00 0.0000000000e+00 
	                              			TM Fields: 0.0000000000e+00 0.0000000000e+00 
	                              		dir: REV
	                              			TE Fields: -6.3035687781e-13 1.5437971771e-16 
	                              			TM Fields: 0.0000000000e+00 0.0000000000e+00 

	wg1                           	Port: 1 
	                              	mode: l1:fixed:750 
	                              		dir: FWD
	                              			TE Fields: 1.0000000000e+00 0.0000000000e+00 
	                              			TM Fields: 0.0000000000e+00 0.0000000000e+00 
	                              		dir: REV
	                              			TE Fields: -6.3035687781e-13 1.5437971771e-16 
	                              			TM Fields: 0.0000000000e+00 0.0000000000e+00 

	wg1                           	Port: 2 
	                              	mode: l2:fixed:750 
	                              		dir: FWD
	                              			TE Fields: 1.0000000000e+00 5.1360944546e-16 
	                              			TM Fields: 0.0000000000e+00 0.0000000000e+00 
	                              		dir: REV
	                              			TE Fields: 0.0000000000e+00 0.0000000000e+00 
	                              			TM Fields: 0.0000000000e+00 0.0000000000e+00 

	wg1:exp                       	Port: 1 
	                              	mode: l1:fixed:750 
	                              		dir: FWD
	                              			TE Fields: 1.0000000000e+00 0.0000000000e+00 
	                              			TM Fields: 0.0000000000e+00 0.0000000000e+00 
	                              		dir: REV
	                              			TE Fields: -6.3035687781e-13 1.5437971771e-16 
	                              			TM Fields: 0.0000000000e+00 0.0000000000e+00 

	wg1:exp                       	Port: 2 
	                              	mode: l2:fixed:750 
	                              		dir: FWD
	                              			TE Fields: 1.0000000000e+00 5.1360944546e-16 
	                              			TM Fields: 0.0000000000e+00 0.0000000000e+00 
	                              		dir: REV
	                              			TE Fields: 0.0000000000e+00 0.0000000000e+00 
	                              			TM Fields: 0.0000000000e+00 0.0000000000e+00 

	mir1                          	Port: 1 
	                              	mode: l2:fixed:750 
	                              		dir: FWD
	                              			TE Fields: 1.0000000000e+00 5.1360944546e-16 
	                              			TM Fields: 0.0000000000e+00 0.0000000000e+00 
	                              		dir: REV
	                              			TE Fields: 0.0000000000e+00 0.0000000000e+00 
	                              			TM Fields: 0.0000000000e+00 0.0000000000e+00 


***** 
After:

***** Element Operating point info:

MultiLayerFilterExp: wg1:exp 
	(Explicit Filtering -- T = 300.15 -- E to E)
	Channel: 0
		 Input: l1:fixed:750
			l1:fixed:750  Carrier Lambda: 750 nm  -- MP vars
				Mode 0
					(fwd: 14,16):  Pow: 1.0000000000e+00 Phi: 0.0000000000e+00  Mag: 1.0000000000e+00 E_f =  1.0000000000e+00 + 0.0000000000e+00i
					(rev: 15,17):  Pow: 3.9734979340e-25 Phi: 3.1415926536e+00  Mag: 6.3035687781e-13 E_f =  -6.3035687781e-13 + 7.7196453273e-29i
								Total Power Fwd: 1 Rev: 3.9735e-25

			Extra
					(rev: 46,47):  Pow: 3.9734979340e-25 Phi: 3.1415926536e+00  Mag: 6.3035687781e-13 E_f =  -6.3035687781e-13 + 7.7196453273e-29i
								Total Power Fwd: 0 Rev: 3.9735e-25

		Interface (0): wg1:exp:c(0):I1(0) T= 300.15 NonLinear
			N1 = 1.1 N2 = 1.5 (1.5)T = 300.15
				Tf^2 = 0.976331 Rf^2 = 0.0236686  Tb^2 = 0.976331 Rb^2 = 0.0236686 Tf+Rf = 1 Tb+Rb = 1 
			Rf = -0.153846 	Tf = 0.988095 	Rb = 0.153846 	Tb = 0.988095 

		 Layer (1) Phi= -12.5664 (0)  Atten = 1 N = 1.5 V1 = 0 V2 = 0 T = 300.15
			Inter1: wg1:exp:inter1(0):fixed:750 (MP)
			wg1:exp:inter1(0):fixed:750  Carrier Lambda: 750 nm  -- MP vars
				Mode 0
					(fwd: 26,28):  Pow: 1.0242424242e+00 Phi: 0.0000000000e+00  Mag: 1.0120486274e+00 E_f =  1.0120486274e+00 + 0.0000000000e+00i
					(rev: 27,29):  Pow: 2.4242424242e-02 Phi: -1.2566370614e+01  Mag: 1.5569978883e-01 E_f =  1.5569978883e-01 + 7.6270899208e-17i
								Total Power Fwd: 1.02424 Rev: 0.0242424

			Inter2: wg1:exp:inter2(0):fixed:750 (MP)
			wg1:exp:inter2(0):fixed:750  Carrier Lambda: 750 nm  -- MP vars
				Mode 0
					(fwd: 30,32):  Pow: 1.0242424242e+00 Phi: -1.2566370614e+01  Mag: 1.0120486274e+00 E_f =  1.0120486274e+00 + 4.9576084486e-16i
					(rev: 31,33):  Pow: 2.4242424242e-02 Phi: 0.0000000000e+00  Mag: 1.5569978883e-01 E_f =  1.5569978883e-01 + 0.0000000000e+00i
								Total Power Fwd: 1.02424 Rev: 0.0242424

			Inter3: wg1:exp:inter3(0):fixed:750 (MP) dt = 5.00346e-15
			wg1:exp:inter3(0):fixed:750  Carrier Lambda: 750 nm  -- MP vars
				Mode 0
					(fwd: 34,36):  Pow: 1.0242424242e+00 Phi: -1.2566370614e+01  Mag: 1.0120486274e+00 E_f =  1.0120486274e+00 + 4.9576084486e-16i
					(rev: 35,37):  Pow: 2.4242424242e-02 Phi: 0.0000000000e+00  Mag: 1.5569978883e-01 E_f =  1.5569978883e-01 + 0.0000000000e+00i
								Total Power Fwd: 1.02424 Rev: 0.0242424

			ExtraNodes (MP)
			Delay queues (MP):
				Mode 0
					(fwd: 38,39):  Pow: 1.0242424242e+00 Phi: -1.2566370614e+01  Mag: 1.0120486274e+00 E_f =  1.0120486274e+00 + 4.9576084486e-16i
					(rev: 40,41):  Pow: 2.4242424242e-02 Phi: -1.2566370614e+01  Mag: 1.5569978883e-01 E_f =  1.5569978883e-01 + 7.6270899208e-17i
								Total Power Fwd: 1.02424 Rev: 0.0242424

			Extra Inter1
				Mode 0
					(fwd: 48,49):  Pow: 1.0242424242e+00 Phi: 0.0000000000e+00  Mag: 1.0120486274e+00 E_f =  1.0120486274e+00 + 0.0000000000e+00i
								Total Power Fwd: 1.02424 Rev: 0

		Interface (1): wg1:exp:c(0):I1(1) T = 300.15 NonLinear
			N1 = 1.5 (1.5) N2 = 1.1
				Tf^2 = 0.976331 Rf^2 = 0.0236686  Tb^2 = 0.976331 Rb^2 = 0.0236686 Tf+Rf = 1 Tb+Rb = 1 
			Rf = 0.153846 	Tf = 0.988095 	Rb = -0.153846 	Tb = 0.988095 

		 Output: l2:fixed:750
			l2:fixed:750  Carrier Lambda: 750 nm  -- MP vars
				Mode 0
					(fwd: 42,44):  Pow: 9.9999999999e-01 Phi: 0.0000000000e+00  Mag: 1.0000000000e+00 E_f =  1.0000000000e+00 + 0.0000000000e+00i
					(rev: 43,45):  Pow: 0.0000000000e+00 Phi: 0.0000000000e+00  Mag: 0.0000000000e+00 E_f =  0.0000000000e+00 + 0.0000000000e+00i
								Total Power Fwd: 1 Rev: 0

			Extra
				Mode 0
					(fwd: 56,57):  Pow: 9.9999999999e-01 Phi: 0.0000000000e+00  Mag: 1.0000000000e+00 E_f =  1.0000000000e+00 + 0.0000000000e+00i
								Total Power Fwd: 1 Rev: 0

IndSource:                       v1 (V source)
			V: 1.0000000000e+00 I: 0.0000000000e+00 

IndSource:                       v2 (V source)
			V: 0.0000000000e+00 I: 0.0000000000e+00 

Cw_Source: cw1 
	 Channel : 0 -- n1: 18 n2: 20 -- Fixed Lambda
		 Freqshift: 0
			l1:fixed:750  Carrier Lambda: 750 nm  -- MP vars
				Mode 0
					(fwd: 14,16):  Pow: 1.0000000000e+00 Phi: 0.0000000000e+00  Mag: 1.0000000000e+00 E_f =  1.0000000000e+00 + 0.0000000000e+00i
					(rev: 15,17):  Pow: 3.9734979340e-25 Phi: 3.1415926536e+00  Mag: 6.3035687781e-13 E_f =  -6.3035687781e-13 + 7.7196453273e-29i
								Total Power Fwd: 1 Rev: 3.9735e-25

Mirror: mir1
	Channel:0
			l2:fixed:750  Carrier Lambda: 750 nm  -- MP vars
				Mode 0
					(fwd: 42,44):  Pow: 9.9999999999e-01 Phi: 0.0000000000e+00  Mag: 1.0000000000e+00 E_f =  1.0000000000e+00 + 0.0000000000e+00i
					(rev: 43,45):  Pow: 0.0000000000e+00 Phi: 0.0000000000e+00  Mag: 0.0000000000e+00 E_f =  0.0000000000e+00 + 0.0000000000e+00i
								Total Power Fwd: 1 Rev: 0



***** Node Operating Point Values 
	wg1                           	Port: 1 
	                              	mode: l1:fixed:750 
	                              		dir: FWD
	                              			TE Fields: 1.0000000000e+00 0.0000000000e+00 

	wg1                           	Port: 2 
	                              	mode: l2:fixed:750 
	                              		dir: FWD
	                              			TE Fields: 1.0000000000e+00 0.0000000000e+00 

	v1                            	Port:     1	V = 1.0000000000e+00
	v1                            	Port:     1	I = 0.0000000000e+00
	v1                            	Port:     2	I = -0.0000000000e+00
	v2                            	Port:     1	V = 0.0000000000e+00
	v2                            	Port:     1	I = 0.0000000000e+00
	v2                            	Port:     2	I = -0.0000000000e+00
	cw1                           	Port:     1	V = 1.0000000000e+00
	cw1                           	Port:     1	I = -0.0000000000e+00
	cw1                           	Port:     2	V = 0.0000000000e+00
	cw1                           	Port:     2	I = -0.0000000000e+00
	cw1                           	Port: 3 
	                              	mode: l1:fixed:750 
	                              		dir: FWD
	                              			TE Fields: 1.0000000000e+00 0.0000000000e+00 
	                              			TM Fields: 0.0000000000e+00 0.0000000000e+00 
	                              		dir: REV
	                              			TE Fields: -6.3035687781e-13 7.7196453273e-29 
	                              			TM Fields: 0.0000000000e+00 0.0000000000e+00 

	wg1                           	Port: 1 
	                              	mode: l1:fixed:750 
	                              		dir: FWD
	                              			TE Fields: 1.0000000000e+00 0.0000000000e+00 
	                              			TM Fields: 0.0000000000e+00 0.0000000000e+00 
	                              		dir: REV
	                              			TE Fields: -6.3035687781e-13 7.7196453273e-29 
	                              			TM Fields: 0.0000000000e+00 0.0000000000e+00 

	wg1                           	Port: 2 
	                              	mode: l2:fixed:750 
	                              		dir: FWD
	                              			TE Fields: 1.0000000000e+00 0.0000000000e+00 
	                              			TM Fields: 0.0000000000e+00 0.0000000000e+00 
	                              		dir: REV
	                              			TE Fields: 0.0000000000e+00 0.0000000000e+00 
	                              			TM Fields: 0.0000000000e+00 0.0000000000e+00 

	wg1:exp                       	Port: 1 
	                              	mode: l1:fixed:750 
	                              		dir: FWD
	                              			TE Fields: 1.0000000000e+00 0.0000000000e+00 
	                              			TM Fields: 0.0000000000e+00 0.0000000000e+00 
	                              		dir: REV
	                              			TE Fields: -6.3035687781e-13 7.7196453273e-29 
	                              			TM Fields: 0.0000000000e+00 0.0000000000e+00 

	wg1:exp                       	Port: 2 
	                              	mode: l2:fixed:750 
	                              		dir: FWD
	                              			TE Fields: 1.0000000000e+00 0.0000000000e+00 
	                              			TM Fields: 0.0000000000e+00 0.0000000000e+00 
	                              		dir: REV
	                              			TE Fields: 0.0000000000e+00 0.0000000000e+00 
	                              			TM Fields: 0.0000000000e+00 0.0000000000e+00 

	mir1                          	Port: 1 
	                              	mode: l2:fixed:750 
	                              		dir: FWD
	                              			TE Fields: 1.0000000000e+00 0.0000000000e+00 
	                              			TM Fields: 0.0000000000e+00 0.0000000000e+00 
	                              		dir: REV
	                              			TE Fields: 0.0000000000e+00 0.0000000000e+00 
	                              			TM Fields: 0.0000000000e+00 0.0000000000e+00 


***** 


Convergence failed at node: 17 15 (1.5769633571095907e+00 : 1.5165862911047082e-01 : 1.5769633571095907e-06 : 1.0000000000000000e-03 : 3.9612073872160391e-12 )

		DC iterations =  6 (extra 1). Cond 1.17513e-12
			Total num iter: 11
X: 7.500000000000000e+02 1.000000000000000e+00 1.000000000000000e+00 0.000000000000000e+00 -0.000000000000000e+00 -0.000000000000000e+00 0.000000000000000e+00 0.000000000000000e+00 0.000000000000000e+00 0.000000000000000e+00 -0.000000000000000e+00 -0.000000000000000e+00 0.000000000000000e+00 1.000000000000000e+00 4.010651212726589e-12 0.000000000000000e+00 1.728621420629441e+00 1.000000000000000e+00 -0.000000000000000e+00 -0.000000000000000e+00 -0.000000000000000e+00 1.000000000000000e+00 0.000000000000000e+00 0.000000000000000e+00 0.000000000000000e+00 1.012048627408870e+00 1.556997888316666e-01 6.093545592329753e-13 -1.256637061433343e+01 1.012048627407858e+00 1.556997888318223e-01 -1.256637061434600e+01 1.317750498193285e-11 1.012048627407858e+00 1.556997888318223e-01 -1.256637061434600e+01 1.317750498193285e-11 1.012048627407858e+00 -1.256637061434600e+01 1.556997888316666e-01 -1.256637061433343e+01 9.999999999969028e-01 0.000000000000000e+00 1.317750498193285e-11 0.000000000000000e+00 4.010651212726589e-12 1.728621420629441e+00 1.012048627408870e+00 6.093545592329753e-13 0.000000000000000e+00 0.000000000000000e+00 0.000000000000000e+00 0.000000000000000e+00 1.556997888318223e-01 1.317750498193285e-11 9.999999999969028e-01 1.317750498193285e-11 0.000000000000000e+00 0.000000000000000e+00 0.000000000000000e+00 0.000000000000000e+00 0.000000000000000e+00 0.000000000000000e+00 0.000000000000000e+00 0.000000000000000e+00 

Operating point
750 1 1 0 -0 -0 0 0 0 0 -0 -0 0 1 4.01065e-12 0 1.72862 1 -0 -0 -0 1 0 0 0 1.01205 0.1557 6.09355e-13 -12.5664 1.01205 0.1557 -12.5664 1.31775e-11 1.01205 0.1557 -12.5664 1.31775e-11 1.01205 -12.5664 0.1557 -12.5664 1 0 1.31775e-11 0 4.01065e-12 1.72862 1.01205 6.09355e-13 0 0 0 0 0.1557 1.31775e-11 1 1.31775e-11 0 0 0 0 0 0 0 0 

Transient

***** Element Operating point info:

MultiLayerFilterExp: wg1:exp 
	(Explicit Filtering -- T = 300.15 -- E to E)
	Channel: 0
		 Input: l1:fixed:750
			l1:fixed:750  Carrier Lambda: 750 nm  -- MP vars
				Mode 0
					(fwd: 14,16):  Pow: 1.0000000000e+00 Phi: 0.0000000000e+00  Mag: 1.0000000000e+00 E_f =  1.0000000000e+00 + 0.0000000000e+00i
					(rev: 15,17):  Pow: 1.6085323150e-23 Phi: 1.7286214206e+00  Mag: 4.0106512127e-12 E_f =  -6.3035687780e-13 + 3.9608046350e-12i
								Total Power Fwd: 1 Rev: 1.60853e-23

			Extra
					(rev: 46,47):  Pow: 1.6085323150e-23 Phi: 1.7286214206e+00  Mag: 4.0106512127e-12 E_f =  -6.3035687780e-13 + 3.9608046350e-12i
								Total Power Fwd: 0 Rev: 1.60853e-23

		Interface (0): wg1:exp:c(0):I1(0) T= 300.15 NonLinear
			N1 = 1.1 N2 = 1.5 (1.5)T = 300.15
				Tf^2 = 0.976331 Rf^2 = 0.0236686  Tb^2 = 0.976331 Rb^2 = 0.0236686 Tf+Rf = 1 Tb+Rb = 1 
			Rf = -0.153846 	Tf = 0.988095 	Rb = 0.153846 	Tb = 0.988095 

		 Layer (1) Phi= -12.5664 (0)  Atten = 1 N = 1.5 V1 = 0 V2 = 0 T = 300.15
			Inter1: wg1:exp:inter1(0):fixed:750 (MP)
			wg1:exp:inter1(0):fixed:750  Carrier Lambda: 750 nm  -- MP vars
				Mode 0
					(fwd: 26,28):  Pow: 1.0242424242e+00 Phi: 6.0935455923e-13  Mag: 1.0120486274e+00 E_f =  1.0120486274e+00 + 6.1669644528e-13i
					(rev: 27,29):  Pow: 2.4242424242e-02 Phi: -1.2566370614e+01  Mag: 1.5569978883e-01 E_f =  1.5569978883e-01 + 4.0085268016e-12i
								Total Power Fwd: 1.02424 Rev: 0.0242424

			Inter2: wg1:exp:inter2(0):fixed:750 (MP)
			wg1:exp:inter2(0):fixed:750  Carrier Lambda: 750 nm  -- MP vars
				Mode 0
					(fwd: 30,32):  Pow: 1.0242424242e+00 Phi: -1.2566370614e+01  Mag: 1.0120486274e+00 E_f =  1.0120486274e+00 + 1.3336275740e-11i
					(rev: 31,33):  Pow: 2.4242424242e-02 Phi: 1.3177504982e-11  Mag: 1.5569978883e-01 E_f =  1.5569978883e-01 + 2.0517347430e-12i
								Total Power Fwd: 1.02424 Rev: 0.0242424

			Inter3: wg1:exp:inter3(0):fixed:750 (MP) dt = 5.00346e-15
			wg1:exp:inter3(0):fixed:750  Carrier Lambda: 750 nm  -- MP vars
				Mode 0
					(fwd: 34,36):  Pow: 1.0242424242e+00 Phi: -1.2566370614e+01  Mag: 1.0120486274e+00 E_f =  1.0120486274e+00 + 1.3336275740e-11i
					(rev: 35,37):  Pow: 2.4242424242e-02 Phi: 1.3177504982e-11  Mag: 1.5569978883e-01 E_f =  1.5569978883e-01 + 2.0517347430e-12i
								Total Power Fwd: 1.02424 Rev: 0.0242424

			ExtraNodes (MP)
			Delay queues (MP):
				Mode 0
					(fwd: 38,39):  Pow: 1.0242424242e+00 Phi: -1.2566370614e+01  Mag: 1.0120486274e+00 E_f =  1.0120486274e+00 + 1.3336275740e-11i
					(rev: 40,41):  Pow: 2.4242424242e-02 Phi: -1.2566370614e+01  Mag: 1.5569978883e-01 E_f =  1.5569978883e-01 + 4.0085268016e-12i
								Total Power Fwd: 1.02424 Rev: 0.0242424

			Extra Inter1
				Mode 0
					(fwd: 48,49):  Pow: 1.0242424242e+00 Phi: 6.0935455923e-13  Mag: 1.0120486274e+00 E_f =  1.0120486274e+00 + 6.1669644528e-13i
								Total Power Fwd: 1.02424 Rev: 0

		Interface (1): wg1:exp:c(0):I1(1) T = 300.15 NonLinear
			N1 = 1.5 (1.5) N2 = 1.1
				Tf^2 = 0.976331 Rf^2 = 0.0236686  Tb^2 = 0.976331 Rb^2 = 0.0236686 Tf+Rf = 1 Tb+Rb = 1 
			Rf = 0.153846 	Tf = 0.988095 	Rb = -0.153846 	Tb = 0.988095 

		 Output: l2:fixed:750
			l2:fixed:750  Carrier Lambda: 750 nm  -- MP vars
				Mode 0
					(fwd: 42,44):  Pow: 9.9999999999e-01 Phi: 1.3177504982e-11  Mag: 1.0000000000e+00 E_f =  1.0000000000e+00 + 1.3177504982e-11i
					(rev: 43,45):  Pow: 0.0000000000e+00 Phi: 0.0000000000e+00  Mag: 0.0000000000e+00 E_f =  0.0000000000e+00 + 0.0000000000e+00i
								Total Power Fwd: 1 Rev: 0

			Extra
				Mode 0
					(fwd: 56,57):  Pow: 9.9999999999e-01 Phi: 1.3177504982e-11  Mag: 1.0000000000e+00 E_f =  1.0000000000e+00 + 1.3177504982e-11i
								Total Power Fwd: 1 Rev: 0

IndSource:                       v1 (V source)
			V: 1.0000000000e+00 I: 0.0000000000e+00 

IndSource:                       v2 (V source)
			V: 0.0000000000e+00 I: 0.0000000000e+00 

Cw_Source: cw1 
	 Channel : 0 -- n1: 18 n2: 20 -- Fixed Lambda
		 Freqshift: 0
			l1:fixed:750  Carrier Lambda: 750 nm  -- MP vars
				Mode 0
					(fwd: 14,16):  Pow: 1.0000000000e+00 Phi: 0.0000000000e+00  Mag: 1.0000000000e+00 E_f =  1.0000000000e+00 + 0.0000000000e+00i
					(rev: 15,17):  Pow: 1.6085323150e-23 Phi: 1.7286214206e+00  Mag: 4.0106512127e-12 E_f =  -6.3035687780e-13 + 3.9608046350e-12i
								Total Power Fwd: 1 Rev: 1.60853e-23

Mirror: mir1
	Channel:0
			l2:fixed:750  Carrier Lambda: 750 nm  -- MP vars
				Mode 0
					(fwd: 42,44):  Pow: 9.9999999999e-01 Phi: 1.3177504982e-11  Mag: 1.0000000000e+00 E_f =  1.0000000000e+00 + 1.3177504982e-11i
					(rev: 43,45):  Pow: 0.0000000000e+00 Phi: 0.0000000000e+00  Mag: 0.0000000000e+00 E_f =  0.0000000000e+00 + 0.0000000000e+00i
								Total Power Fwd: 1 Rev: 0



***** Node Operating Point Values 
	wg1                           	Port: 1 
	                              	mode: l1:fixed:750 
	                              		dir: FWD
	                              			TE Fields: 1.0000000000e+00 0.0000000000e+00 

	wg1                           	Port: 2 
	                              	mode: l2:fixed:750 
	                              		dir: FWD
	                              			TE Fields: 1.0000000000e+00 1.3177504982e-11 

	v1                            	Port:     1	V = 1.0000000000e+00
	v1                            	Port:     1	I = 0.0000000000e+00
	v1                            	Port:     2	I = -0.0000000000e+00
	v2                            	Port:     1	V = 0.0000000000e+00
	v2                            	Port:     1	I = 0.0000000000e+00
	v2                            	Port:     2	I = -0.0000000000e+00
	cw1                           	Port:     1	V = 1.0000000000e+00
	cw1                           	Port:     1	I = -0.0000000000e+00
	cw1                           	Port:     2	V = 0.0000000000e+00
	cw1                           	Port:     2	I = -0.0000000000e+00
	cw1                           	Port: 3 
	                              	mode: l1:fixed:750 
	                              		dir: FWD
	                              			TE Fields: 1.0000000000e+00 0.0000000000e+00 
	                              			TM Fields: 0.0000000000e+00 0.0000000000e+00 
	                              		dir: REV
	                              			TE Fields: -6.3035687780e-13 3.9608046350e-12 
	                              			TM Fields: 0.0000000000e+00 0.0000000000e+00 

	wg1                           	Port: 1 
	                              	mode: l1:fixed:750 
	                              		dir: FWD
	                              			TE Fields: 1.0000000000e+00 0.0000000000e+00 
	                              			TM Fields: 0.0000000000e+00 0.0000000000e+00 
	                              		dir: REV
	                              			TE Fields: -6.3035687780e-13 3.9608046350e-12 
	                              			TM Fields: 0.0000000000e+00 0.0000000000e+00 

	wg1                           	Port: 2 
	                              	mode: l2:fixed:750 
	                              		dir: FWD
	                              			TE Fields: 1.0000000000e+00 1.3177504982e-11 
	                              			TM Fields: 0.0000000000e+00 0.0000000000e+00 
	                              		dir: REV
	                              			TE Fields: 0.0000000000e+00 0.0000000000e+00 
	                              			TM Fields: 0.0000000000e+00 0.0000000000e+00 

	wg1:exp                       	Port: 1 
	                              	mode: l1:fixed:750 
	                              		dir: FWD
	                              			TE Fields: 1.0000000000e+00 0.0000000000e+00 
	                              			TM Fields: 0.0000000000e+00 0.0000000000e+00 
	                              		dir: REV
	                              			TE Fields: -6.3035687780e-13 3.9608046350e-12 
	                              			TM Fields: 0.0000000000e+00 0.0000000000e+00 

	wg1:exp                       	Port: 2 
	                              	mode: l2:fixed:750 
	                              		dir: FWD
	                              			TE Fields: 1.0000000000e+00 1.3177504982e-11 
	                              			TM Fields: 0.0000000000e+00 0.0000000000e+00 
	                              		dir: REV
	                              			TE Fields: 0.0000000000e+00 0.0000000000e+00 
	                              			TM Fields: 0.0000000000e+00 0.0000000000e+00 

	mir1                          	Port: 1 
	                              	mode: l2:fixed:750 
	                              		dir: FWD
	                              			TE Fields: 1.0000000000e+00 1.3177504982e-11 
	                              			TM Fields: 0.0000000000e+00 0.0000000000e+00 
	                              		dir: REV
	                              			TE Fields: 0.0000000000e+00 0.0000000000e+00 
	                              			TM Fields: 0.0000000000e+00 0.0000000000e+00 


***** 
Transient ... 

t: 1e-13 t(sc) 1e-05 iter: 1 repeat_nr_iter: 0 h: 1e-05 Status: MP BACKE PhiWrapSimple

new h (LTE): 0.0105535 : d3 46 21.8545 : h 46 0.0105535 

	D3: x: 1.72862 x1: 1.72862 x2: 1.72862 x3: 1.72862
new h (Growth limit): 2e-05 

t = 1e-13 (0%)
t: 3e-13 t(sc) 3e-05 iter: 1 repeat_nr_iter: 0 h: 2e-05 Status: MP BACKE PhiWrapLinear

new h (LTE): 0.0122142 : d3 56 3.83372e-10 : h 46 0.0122142 

	D3: x: 1.31775e-11 x1: 1.31775e-11 x2: 1.31775e-11 x3: 1.31775e-11
new h (Growth limit): 4e-05 

t: 7e-13 t(sc) 7e-05 iter: 1 repeat_nr_iter: 0 h: 4e-05 Status: MP BACKE PhiWrapLinear

new h (LTE): 0.0494365 : d3 46 0.99595 : h 46 0.0494365 

	D3: x: 1.72862 x1: 1.72862 x2: 1.72862 x3: 1.72862
new h (Growth limit): 8e-05 

t: 1.5e-12 t(sc) 0.00015 iter: 1 repeat_nr_iter: 0 h: 8e-05 Status: MP BACKE PhiWrapLinear

new h (LTE): 0.193362 : d3 56 1.207e-12 : h 46 0.193362 

	D3: x: 1.31775e-11 x1: 1.31775e-11 x2: 1.31775e-11 x3: 1.31775e-11
new h (Growth limit): 0.00016 

t: 3.1e-12 t(sc) 0.00031 iter: 1 repeat_nr_iter: 0 h: 0.00016 Status: MP BACKE PhiWrapLinear

new h (LTE): 1.09438 : d3 46 0.00203233 : h 46 1.09438 

	D3: x: 1.72862 x1: 1.72862 x2: 1.72862 x3: 1.72862
new h (Growth limit): 0.00032 
Switching integration method and stepping back one step at 1.5e-12 to Trap
t: 3.1e-12 t(sc) 0.00031 iter: 1 repeat_nr_iter: 0 h: 0.00016 Status: MP TRAP PhiWrapLinear

new h (LTE): 0.00846817 : d3 46 240.535 : h 46 0.00846817 

	D3: x: 1.72862 x1: 1.72862 x2: 1.72862 x3: 1.72862
new h (Growth limit): 0.00032 

t: 6.3e-12 t(sc) 0.00063 iter: 1 repeat_nr_iter: 0 h: 0.00032 Status: MP TRAP PhiWrapLinear

new h (LTE): 0.0315553 : d3 56 1.48196e-10 : h 46 0.0315553 

	D3: x: 1.31775e-11 x1: 1.31775e-11 x2: 1.31775e-11 x3: 1.31775e-11
new h (Growth limit): 0.00064 

t: 1.27e-11 t(sc) 0.00127 iter: 1 repeat_nr_iter: 0 h: 0.00064 Status: MP TRAP PhiWrapLinear

new h (LTE): 0.0702958 : d3 46 0.420466 : h 46 0.0702958 

	D3: x: 1.72862 x1: 1.72862 x2: 1.72862 x3: 1.72862
new h (Growth limit): 0.00128 

t: 2.55e-11 t(sc) 0.00255 iter: 1 repeat_nr_iter: 0 h: 0.00128 Status: MP TRAP PhiWrapLinear

new h (LTE): 0.128337 : d3 56 1.61978e-12 : h 46 0.128337 

	D3: x: 1.31775e-11 x1: 1.31775e-11 x2: 1.31775e-11 x3: 1.31775e-11
new h (Growth limit): 0.00256 

t: 5.11e-11 t(sc) 0.00511 iter: 1 repeat_nr_iter: 0 h: 0.00256 Status: MP TRAP PhiWrapLinear

new h (LTE): 0.23297 : d3 46 0.0115506 : h 46 0.23297 

	D3: x: 1.72862 x1: 1.72862 x2: 1.72862 x3: 1.72862
new h (Growth limit): 0.00512 

t: 1.023e-10 t(sc) 0.01023 iter: 1 repeat_nr_iter: 0 h: 0.00512 Status: MP TRAP PhiWrapLinear

new h (LTE): 0.421657 : d3 56 4.85186e-14 : h 46 0.421657 

	D3: x: 1.31775e-11 x1: 1.31775e-11 x2: 1.31775e-11 x3: 1.31775e-11
new h (Growth limit): 0.01024 

t: 2.047e-10 t(sc) 0.02047 iter: 1 repeat_nr_iter: 0 h: 0.01024 Status: MP TRAP PhiWrapLinear

new h (LTE): 0.761925 : d3 46 0.00033018 : h 46 0.761925 

	D3: x: 1.72862 x1: 1.72862 x2: 1.72862 x3: 1.72862
new h (Growth limit): 0.02048 
new h (Max): 0.02 

t: 4.047e-10 t(sc) 0.04047 iter: 1 repeat_nr_iter: 0 h: 0.02 Status: MP TRAP PhiWrapLinear

new h (LTE): 1.36643 : d3 56 1.45059e-15 : h 46 1.36643 

	D3: x: 1.31775e-11 x1: 1.31775e-11 x2: 1.31775e-11 x3: 1.31775e-11
new h (Growth limit): 0.04 
new h (Max): 0.02 

t: 6.047e-10 t(sc) 0.06047 iter: 1 repeat_nr_iter: 0 h: 0.02 Status: MP TRAP PhiWrapLinear

new h (LTE): 1.91292 : d3 46 1.80733e-05 : h 3 1.91292 

	D3: x: 1.72862 x1: 1.72862 x2: 1.72862 x3: 1.72862
new h (Growth limit): 0.04 
new h (Max): 0.02 

t = 6.047e-10 (5%)
t: 8.047e-10 t(sc) 0.08047 iter: 1 repeat_nr_iter: 0 h: 0.02 Status: MP TRAP PhiWrapLinear

new h (LTE): 1.91292 : d3 56 3.85643e-16 : h 3 1.91292 

	D3: x: 1.31775e-11 x1: 1.31775e-11 x2: 1.31775e-11 x3: 1.31775e-11
new h (Growth limit): 0.04 
new h (Max): 0.02 

t: 1.0047e-09 t(sc) 0.10047 iter: 1 repeat_nr_iter: 0 h: 0.02 Status: MP TRAP PhiWrapLinear

new h (LTE): 1.91292 : d3 46 2.06317e-05 : h 3 1.91292 

	D3: x: 1.72862 x1: 1.72862 x2: 1.72862 x3: 1.72862
new h (Growth limit): 0.04 
new h (Max): 0.02 

t = 1.0047e-09 (10%)
t: 1.2047e-09 t(sc) 0.12047 iter: 1 repeat_nr_iter: 0 h: 0.02 Status: MP TRAP PhiWrapLinear

new h (LTE): 1.73158 : d3 56 7.17473e-16 : h 46 1.73158 

	D3: x: 1.31775e-11 x1: 1.31775e-11 x2: 1.31775e-11 x3: 1.31775e-11
new h (Growth limit): 0.04 
new h (Max): 0.02 

t: 1.4047e-09 t(sc) 0.14047 iter: 1 repeat_nr_iter: 0 h: 0.02 Status: MP TRAP PhiWrapLinear

new h (LTE): 1.56157 : d3 46 3.83528e-05 : h 46 1.56157 

	D3: x: 1.72862 x1: 1.72862 x2: 1.72862 x3: 1.72862
new h (Growth limit): 0.04 
new h (Max): 0.02 

t: 1.6047e-09 t(sc) 0.16047 iter: 1 repeat_nr_iter: 0 h: 0.02 Status: MP TRAP PhiWrapLinear

new h (LTE): 1.40822 : d3 56 1.33432e-15 : h 46 1.40822 

	D3: x: 1.31775e-11 x1: 1.31775e-11 x2: 1.31775e-11 x3: 1.31775e-11
new h (Growth limit): 0.04 
new h (Max): 0.02 

t = 1.6047e-09 (15%)
t: 1.8047e-09 t(sc) 0.18047 iter: 1 repeat_nr_iter: 0 h: 0.02 Status: MP TRAP PhiWrapLinear

new h (LTE): 1.26992 : d3 46 7.13097e-05 : h 46 1.26992 

	D3: x: 1.72862 x1: 1.72862 x2: 1.72862 x3: 1.72862
new h (Growth limit): 0.04 
new h (Max): 0.02 

t: 2.0047e-09 t(sc) 0.20047 iter: 1 repeat_nr_iter: 0 h: 0.02 Status: MP TRAP PhiWrapLinear

new h (LTE): 1.1452 : d3 56 2.48123e-15 : h 46 1.1452 

	D3: x: 1.31775e-11 x1: 1.31775e-11 x2: 1.31775e-11 x3: 1.31775e-11
new h (Growth limit): 0.04 
new h (Max): 0.02 

t = 2.0047e-09 (20%)
t: 2.2047e-09 t(sc) 0.22047 iter: 1 repeat_nr_iter: 0 h: 0.02 Status: MP TRAP PhiWrapLinear

new h (LTE): 1.03273 : d3 46 0.000132595 : h 46 1.03273 

	D3: x: 1.72862 x1: 1.72862 x2: 1.72862 x3: 1.72862
new h (Growth limit): 0.04 
new h (Max): 0.02 

t: 2.4047e-09 t(sc) 0.24047 iter: 1 repeat_nr_iter: 0 h: 0.02 Status: MP TRAP PhiWrapLinear

new h (LTE): 0.931299 : d3 56 4.61382e-15 : h 46 0.931299 

	D3: x: 1.31775e-11 x1: 1.31775e-11 x2: 1.31775e-11 x3: 1.31775e-11
new h (Growth limit): 0.04 
new h (Max): 0.02 

t: 2.6047e-09 t(sc) 0.26047 iter: 1 repeat_nr_iter: 0 h: 0.02 Status: MP TRAP PhiWrapLinear

new h (LTE): 0.839831 : d3 46 0.000246553 : h 46 0.839831 

	D3: x: 1.72862 x1: 1.72862 x2: 1.72862 x3: 1.72862
new h (Growth limit): 0.04 
new h (Max): 0.02 
Switching integration method and stepping back two steps at 2.0047e-09 to BE
t: 2.2047e-09 t(sc) 0.22047 iter: 1 repeat_nr_iter: 0 h: 0.02 Status: MP BACKE PhiWrapLinear

new h (LTE): 2.64575 : d3 46 3.26581e-06 : h 3 2.64575 

	D3: x: 1.72862 x1: 1.72862 x2: 1.72862 x3: 1.72862
new h (Growth limit): 0.04 
new h (Max): 0.02 

t: 2.4047e-09 t(sc) 0.24047 iter: 1 repeat_nr_iter: 0 h: 0.02 Status: MP BACKE PhiWrapLinear

new h (LTE): 2.64575 : d3 56 3.99271e-17 : h 3 2.64575 

	D3: x: 1.31775e-11 x1: 1.31775e-11 x2: 1.31775e-11 x3: 1.31775e-11
new h (Growth limit): 0.04 
new h (Max): 0.02 

t: 2.6047e-09 t(sc) 0.26047 iter: 1 repeat_nr_iter: 0 h: 0.02 Status: MP BACKE PhiWrapLinear

new h (LTE): 2.64575 : d3 46 2.84459e-07 : h 3 2.64575 

	D3: x: 1.72862 x1: 1.72862 x2: 1.72862 x3: 1.72862
new h (Growth limit): 0.04 
new h (Max): 0.02 

t = 2.6047e-09 (25%)
t: 2.8047e-09 t(sc) 0.28047 iter: 1 repeat_nr_iter: 0 h: 0.02 Status: MP BACKE PhiWrapLinear

new h (LTE): 2.64575 : d3 56 1.31971e-18 : h 3 2.64575 

	D3: x: 1.31775e-11 x1: 1.31775e-11 x2: 1.31775e-11 x3: 1.31775e-11
new h (Growth limit): 0.04 
new h (Max): 0.02 

t: 3.0047e-09 t(sc) 0.30047 iter: 1 repeat_nr_iter: 0 h: 0.02 Status: MP BACKE PhiWrapLinear

new h (LTE): 2.64575 : d3 46 9.40165e-09 : h 3 2.64575 

	D3: x: 1.72862 x1: 1.72862 x2: 1.72862 x3: 1.72862
new h (Growth limit): 0.04 
new h (Max): 0.02 
Switching integration method and stepping back one step at 2.8047e-09 to Trap
t: 3.0047e-09 t(sc) 0.30047 iter: 1 repeat_nr_iter: 0 h: 0.02 Status: MP TRAP PhiWrapLinear

new h (LTE): 1.91292 : d3 46 1.04268e-06 : h 3 1.91292 

	D3: x: 1.72862 x1: 1.72862 x2: 1.72862 x3: 1.72862
new h (Growth limit): 0.04 
new h (Max): 0.02 

t = 3.0047e-09 (30%)
t: 3.2047e-09 t(sc) 0.32047 iter: 1 repeat_nr_iter: 0 h: 0.02 Status: MP TRAP PhiWrapLinear

new h (LTE): 1.91292 : d3 56 7.52153e-18 : h 3 1.91292 

	D3: x: 1.31775e-11 x1: 1.31775e-11 x2: 1.31775e-11 x3: 1.31775e-11
new h (Growth limit): 0.04 
new h (Max): 0.02 

t: 3.4047e-09 t(sc) 0.34047 iter: 1 repeat_nr_iter: 0 h: 0.02 Status: MP TRAP PhiWrapLinear

new h (LTE): 1.91292 : d3 46 2.69312e-07 : h 3 1.91292 

	D3: x: 1.72862 x1: 1.72862 x2: 1.72862 x3: 1.72862
new h (Growth limit): 0.04 
new h (Max): 0.02 

t: 3.6047e-09 t(sc) 0.36047 iter: 1 repeat_nr_iter: 0 h: 0.02 Status: MP TRAP PhiWrapLinear

new h (LTE): 1.91292 : d3 56 9.37199e-18 : h 3 1.91292 

	D3: x: 1.31775e-11 x1: 1.31775e-11 x2: 1.31775e-11 x3: 1.31775e-11
new h (Growth limit): 0.04 
new h (Max): 0.02 

t = 3.6047e-09 (35%)
t: 3.8047e-09 t(sc) 0.38047 iter: 1 repeat_nr_iter: 0 h: 0.02 Status: MP TRAP PhiWrapLinear

new h (LTE): 1.91292 : d3 46 5.0078e-07 : h 3 1.91292 

	D3: x: 1.72862 x1: 1.72862 x2: 1.72862 x3: 1.72862
new h (Growth limit): 0.04 
new h (Max): 0.02 

t: 4.0047e-09 t(sc) 0.40047 iter: 1 repeat_nr_iter: 0 h: 0.02 Status: MP TRAP PhiWrapLinear

new h (LTE): 1.91292 : d3 56 1.7427e-17 : h 3 1.91292 

	D3: x: 1.31775e-11 x1: 1.31775e-11 x2: 1.31775e-11 x3: 1.31775e-11
new h (Growth limit): 0.04 
new h (Max): 0.02 

t = 4.0047e-09 (40%)
t: 4.2047e-09 t(sc) 0.42047 iter: 1 repeat_nr_iter: 0 h: 0.02 Status: MP TRAP PhiWrapLinear

new h (LTE): 1.91292 : d3 46 9.31218e-07 : h 3 1.91292 

	D3: x: 1.72862 x1: 1.72862 x2: 1.72862 x3: 1.72862
new h (Growth limit): 0.04 
new h (Max): 0.02 

t: 4.4047e-09 t(sc) 0.44047 iter: 1 repeat_nr_iter: 0 h: 0.02 Status: MP TRAP PhiWrapLinear

new h (LTE): 1.91292 : d3 56 3.24049e-17 : h 3 1.91292 

	D3: x: 1.31775e-11 x1: 1.31775e-11 x2: 1.31775e-11 x3: 1.31775e-11
new h (Growth limit): 0.04 
new h (Max): 0.02 

t: 4.6047e-09 t(sc) 0.46047 iter: 1 repeat_nr_iter: 0 h: 0.02 Status: MP TRAP PhiWrapLinear

new h (LTE): 1.91292 : d3 46 1.73159e-06 : h 3 1.91292 

	D3: x: 1.72862 x1: 1.72862 x2: 1.72862 x3: 1.72862
new h (Growth limit): 0.04 
new h (Max): 0.02 

t = 4.6047e-09 (45%)
t: 4.8047e-09 t(sc) 0.48047 iter: 1 repeat_nr_iter: 0 h: 0.02 Status: MP TRAP PhiWrapLinear

new h (LTE): 1.91292 : d3 56 6.02557e-17 : h 3 1.91292 

	D3: x: 1.31775e-11 x1: 1.31775e-11 x2: 1.31775e-11 x3: 1.31775e-11
new h (Growth limit): 0.04 
new h (Max): 0.02 

t: 5.0047e-09 t(sc) 0.50047 iter: 1 repeat_nr_iter: 0 h: 0.02 Status: MP TRAP PhiWrapLinear

new h (LTE): 1.91292 : d3 46 3.21986e-06 : h 3 1.91292 

	D3: x: 1.72862 x1: 1.72862 x2: 1.72862 x3: 1.72862
new h (Growth limit): 0.04 
new h (Max): 0.02 

t = 5.0047e-09 (50%)
t: 5.2047e-09 t(sc) 0.52047 iter: 1 repeat_nr_iter: 0 h: 0.02 Status: MP TRAP PhiWrapLinear

new h (LTE): 1.91292 : d3 56 1.12043e-16 : h 3 1.91292 

	D3: x: 1.31775e-11 x1: 1.31775e-11 x2: 1.31775e-11 x3: 1.31775e-11
new h (Growth limit): 0.04 
new h (Max): 0.02 

t: 5.4047e-09 t(sc) 0.54047 iter: 1 repeat_nr_iter: 0 h: 0.02 Status: MP TRAP PhiWrapLinear

new h (LTE): 1.91292 : d3 46 5.98727e-06 : h 3 1.91292 

	D3: x: 1.72862 x1: 1.72862 x2: 1.72862 x3: 1.72862
new h (Growth limit): 0.04 
new h (Max): 0.02 

t: 5.6047e-09 t(sc) 0.56047 iter: 1 repeat_nr_iter: 0 h: 0.02 Status: MP TRAP PhiWrapLinear

new h (LTE): 1.91292 : d3 56 2.0834e-16 : h 3 1.91292 

	D3: x: 1.31775e-11 x1: 1.31775e-11 x2: 1.31775e-11 x3: 1.31775e-11
new h (Growth limit): 0.04 
new h (Max): 0.02 

t = 5.6047e-09 (55%)
t: 5.8047e-09 t(sc) 0.58047 iter: 1 repeat_nr_iter: 0 h: 0.02 Status: MP TRAP PhiWrapLinear

new h (LTE): 1.91292 : d3 46 1.11331e-05 : h 3 1.91292 

	D3: x: 1.72862 x1: 1.72862 x2: 1.72862 x3: 1.72862
new h (Growth limit): 0.04 
new h (Max): 0.02 

t: 6.0047e-09 t(sc) 0.60047 iter: 1 repeat_nr_iter: 0 h: 0.02 Status: MP TRAP PhiWrapLinear

new h (LTE): 1.91292 : d3 56 3.87401e-16 : h 3 1.91292 

	D3: x: 1.31775e-11 x1: 1.31775e-11 x2: 1.31775e-11 x3: 1.31775e-11
new h (Growth limit): 0.04 
new h (Max): 0.02 

t = 6.0047e-09 (60%)
t: 6.2047e-09 t(sc) 0.62047 iter: 1 repeat_nr_iter: 0 h: 0.02 Status: MP TRAP PhiWrapLinear

new h (LTE): 1.91292 : d3 46 2.07017e-05 : h 3 1.91292 

	D3: x: 1.72862 x1: 1.72862 x2: 1.72862 x3: 1.72862
new h (Growth limit): 0.04 
new h (Max): 0.02 

t: 6.4047e-09 t(sc) 0.64047 iter: 1 repeat_nr_iter: 0 h: 0.02 Status: MP TRAP PhiWrapLinear

new h (LTE): 1.72952 : d3 56 7.20358e-16 : h 46 1.72952 

	D3: x: 1.31775e-11 x1: 1.31775e-11 x2: 1.31775e-11 x3: 1.31775e-11
new h (Growth limit): 0.04 
new h (Max): 0.02 

t: 6.6047e-09 t(sc) 0.66047 iter: 1 repeat_nr_iter: 0 h: 0.02 Status: MP TRAP PhiWrapLinear

new h (LTE): 1.55965 : d3 46 3.84941e-05 : h 46 1.55965 

	D3: x: 1.72862 x1: 1.72862 x2: 1.72862 x3: 1.72862
new h (Growth limit): 0.04 
new h (Max): 0.02 

t = 6.6047e-09 (65%)
t: 6.8047e-09 t(sc) 0.68047 iter: 1 repeat_nr_iter: 0 h: 0.02 Status: MP TRAP PhiWrapLinear

new h (LTE): 1.40647 : d3 56 1.33948e-15 : h 46 1.40647 

	D3: x: 1.31775e-11 x1: 1.31775e-11 x2: 1.31775e-11 x3: 1.31775e-11
new h (Growth limit): 0.04 
new h (Max): 0.02 

t: 7.0047e-09 t(sc) 0.70047 iter: 1 repeat_nr_iter: 0 h: 0.02 Status: MP TRAP PhiWrapLinear

new h (LTE): 1.26833 : d3 46 7.15785e-05 : h 46 1.26833 

	D3: x: 1.72862 x1: 1.72862 x2: 1.72862 x3: 1.72862
new h (Growth limit): 0.04 
new h (Max): 0.02 

t = 7.0047e-09 (70%)
t: 7.2047e-09 t(sc) 0.72047 iter: 1 repeat_nr_iter: 0 h: 0.02 Status: MP TRAP PhiWrapLinear

new h (LTE): 1.14376 : d3 56 2.49071e-15 : h 46 1.14376 

	D3: x: 1.31775e-11 x1: 1.31775e-11 x2: 1.31775e-11 x3: 1.31775e-11
new h (Growth limit): 0.04 
new h (Max): 0.02 

t: 7.4047e-09 t(sc) 0.74047 iter: 1 repeat_nr_iter: 0 h: 0.02 Status: MP TRAP PhiWrapLinear

new h (LTE): 1.03143 : d3 46 0.000133098 : h 46 1.03143 

	D3: x: 1.72862 x1: 1.72862 x2: 1.72862 x3: 1.72862
new h (Growth limit): 0.04 
new h (Max): 0.02 

t: 7.6047e-09 t(sc) 0.76047 iter: 1 repeat_nr_iter: 0 h: 0.02 Status: MP TRAP PhiWrapLinear

new h (LTE): 0.930123 : d3 56 4.63139e-15 : h 46 0.930123 

	D3: x: 1.31775e-11 x1: 1.31775e-11 x2: 1.31775e-11 x3: 1.31775e-11
new h (Growth limit): 0.04 
new h (Max): 0.02 

t = 7.6047e-09 (75%)
t: 7.8047e-09 t(sc) 0.78047 iter: 1 repeat_nr_iter: 0 h: 0.02 Status: MP TRAP PhiWrapLinear

new h (LTE): 0.83877 : d3 46 0.00024749 : h 46 0.83877 

	D3: x: 1.72862 x1: 1.72862 x2: 1.72862 x3: 1.72862
new h (Growth limit): 0.04 
new h (Max): 0.02 
Switching integration method and stepping back two steps at 7.2047e-09 to BE
t: 7.4047e-09 t(sc) 0.74047 iter: 1 repeat_nr_iter: 0 h: 0.02 Status: MP BACKE PhiWrapLinear

new h (LTE): 2.64575 : d3 46 3.2782e-06 : h 3 2.64575 

	D3: x: 1.72862 x1: 1.72862 x2: 1.72862 x3: 1.72862
new h (Growth limit): 0.04 
new h (Max): 0.02 

t: 7.6047e-09 t(sc) 0.76047 iter: 1 repeat_nr_iter: 0 h: 0.02 Status: MP BACKE PhiWrapLinear

new h (LTE): 2.64575 : d3 56 4.00791e-17 : h 3 2.64575 

	D3: x: 1.31775e-11 x1: 1.31775e-11 x2: 1.31775e-11 x3: 1.31775e-11
new h (Growth limit): 0.04 
new h (Max): 0.02 

t: 7.8047e-09 t(sc) 0.78047 iter: 1 repeat_nr_iter: 0 h: 0.02 Status: MP BACKE PhiWrapLinear

new h (LTE): 2.64575 : d3 46 2.85542e-07 : h 3 2.64575 

	D3: x: 1.72862 x1: 1.72862 x2: 1.72862 x3: 1.72862
new h (Growth limit): 0.04 
new h (Max): 0.02 

t: 8.0047e-09 t(sc) 0.80047 iter: 1 repeat_nr_iter: 0 h: 0.02 Status: MP BACKE PhiWrapLinear

new h (LTE): 2.64575 : d3 56 1.32474e-18 : h 3 2.64575 

	D3: x: 1.31775e-11 x1: 1.31775e-11 x2: 1.31775e-11 x3: 1.31775e-11
new h (Growth limit): 0.04 
new h (Max): 0.02 

t = 8.0047e-09 (80%)
t: 8.2047e-09 t(sc) 0.82047 iter: 1 repeat_nr_iter: 0 h: 0.02 Status: MP BACKE PhiWrapLinear

new h (LTE): 2.64575 : d3 46 9.43745e-09 : h 3 2.64575 

	D3: x: 1.72862 x1: 1.72862 x2: 1.72862 x3: 1.72862
new h (Growth limit): 0.04 
new h (Max): 0.02 
Switching integration method and stepping back one step at 8.0047e-09 to Trap
t: 8.2047e-09 t(sc) 0.82047 iter: 1 repeat_nr_iter: 0 h: 0.02 Status: MP TRAP PhiWrapLinear

new h (LTE): 1.91292 : d3 46 1.04665e-06 : h 3 1.91292 

	D3: x: 1.72862 x1: 1.72862 x2: 1.72862 x3: 1.72862
new h (Growth limit): 0.04 
new h (Max): 0.02 

t: 8.4047e-09 t(sc) 0.84047 iter: 1 repeat_nr_iter: 0 h: 0.02 Status: MP TRAP PhiWrapLinear

new h (LTE): 1.91292 : d3 56 7.55014e-18 : h 3 1.91292 

	D3: x: 1.31775e-11 x1: 1.31775e-11 x2: 1.31775e-11 x3: 1.31775e-11
new h (Growth limit): 0.04 
new h (Max): 0.02 

t: 8.6047e-09 t(sc) 0.86047 iter: 1 repeat_nr_iter: 0 h: 0.02 Status: MP TRAP PhiWrapLinear

new h (LTE): 1.91292 : d3 46 2.70358e-07 : h 3 1.91292 

	D3: x: 1.72862 x1: 1.72862 x2: 1.72862 x3: 1.72862
new h (Growth limit): 0.04 
new h (Max): 0.02 

t = 8.6047e-09 (85%)
t: 8.8047e-09 t(sc) 0.88047 iter: 1 repeat_nr_iter: 0 h: 0.02 Status: MP TRAP PhiWrapLinear

new h (LTE): 1.91292 : d3 56 9.40766e-18 : h 3 1.91292 

	D3: x: 1.31775e-11 x1: 1.31775e-11 x2: 1.31775e-11 x3: 1.31775e-11
new h (Growth limit): 0.04 
new h (Max): 0.02 

t: 9.0047e-09 t(sc) 0.90047 iter: 1 repeat_nr_iter: 0 h: 0.02 Status: MP TRAP PhiWrapLinear

new h (LTE): 1.91292 : d3 46 5.02746e-07 : h 3 1.91292 

	D3: x: 1.72862 x1: 1.72862 x2: 1.72862 x3: 1.72862
new h (Growth limit): 0.04 
new h (Max): 0.02 

t = 9.0047e-09 (90%)
t: 9.2047e-09 t(sc) 0.92047 iter: 1 repeat_nr_iter: 0 h: 0.02 Status: MP TRAP PhiWrapLinear

new h (LTE): 1.91292 : d3 56 1.74932e-17 : h 3 1.91292 

	D3: x: 1.31775e-11 x1: 1.31775e-11 x2: 1.31775e-11 x3: 1.31775e-11
new h (Growth limit): 0.04 
new h (Max): 0.02 

t: 9.4047e-09 t(sc) 0.94047 iter: 1 repeat_nr_iter: 0 h: 0.02 Status: MP TRAP PhiWrapLinear

new h (LTE): 1.91292 : d3 46 9.34836e-07 : h 3 1.91292 

	D3: x: 1.72862 x1: 1.72862 x2: 1.72862 x3: 1.72862
new h (Growth limit): 0.04 
new h (Max): 0.02 

t: 9.6047e-09 t(sc) 0.96047 iter: 1 repeat_nr_iter: 0 h: 0.02 Status: MP TRAP PhiWrapLinear

new h (LTE): 1.91292 : d3 56 3.25282e-17 : h 3 1.91292 

	D3: x: 1.31775e-11 x1: 1.31775e-11 x2: 1.31775e-11 x3: 1.31775e-11
new h (Growth limit): 0.04 
new h (Max): 0.02 

t = 9.6047e-09 (95%)
t: 9.8047e-09 t(sc) 0.98047 iter: 1 repeat_nr_iter: 0 h: 0.02 Status: MP TRAP PhiWrapLinear

new h (LTE): 1.91292 : d3 46 1.73826e-06 : h 3 1.91292 

	D3: x: 1.72862 x1: 1.72862 x2: 1.72862 x3: 1.72862
new h (Growth limit): 0.04 
new h (Max): 0.02 

t: 1.00047e-08 t(sc) 1.00047 iter: 1 repeat_nr_iter: 0 h: 0.02 Status: MP TRAP PhiWrapLinear

new h (LTE): 1.91292 : d3 56 6.04851e-17 : h 3 1.91292 

	D3: x: 1.31775e-11 x1: 1.31775e-11 x2: 1.31775e-11 x3: 1.31775e-11
new h (Growth limit): 0.04 
new h (Max): 0.02 

t = 1.00047e-08 (100%)
Number of timesteps: 69
Transient Simulation Done. Num of Nonlin iters: 69 
	Freeing MNA
Freeing Main Circuit ...
	Freeing Nodes and Elements
Cleaning Main Circuit ...
	Freeing Parsed circuit: 'Main Circuit'
