Running OptiSPICE 5.1 (compiled on: Jan  5 2016 10:28:02) 

Copyright 2015 Optiwave Systems Inc. All rights reserved.

	git commit: 651cbe73905eab5871768bdecbe8d86323447f45 MergeFromStaticBuild

Processing Netlist file: waveguide_smt_L1.0_LAM950_Neff1.9_end.sp

************* FILE: "waveguide_smt_L1.0_LAM950_Neff1.9_end.sp"  ************

Title "CW Source check "

Osp Jobcontrol Verbosity=DEBUG2

.option ingold=2 DELMAX=.1e-10 ACCURATE=1 RUNLVL=6 NUMDGT=8
.OPTION DCCAP=1 TNOM=27

.param NMODES=1

* Voltage sources
v1 Mag1 0 DC = 1 
v2 Phi1 0 DC = 0 

Osp CWSOURCE   Name=cw1 Nodes = [Mag1 Phi1 l1] MoName = CWmodel lambda = 9.500000e+02
Osp WaveGuide  Name=wg1 Nodes = [l1 l2] MoName=WGmodel
Osp MIRROR     Name=mir1 Nodes = [l2] MoName = Mmodel 

Osp Model Name = Mmodel   type = MIRROR    Ref = 0
Osp Model Name = CWmodel  type = CWSOURCE 
Osp Model Name = WGmodel  type = WaveGuide  Length=1.000000e+00  IncludeTimeDelay=1  neff=[1.900000e+00]  N0=1.1 NF=1.1

% IncludeTimeDelay=1 
.tran .0001e-9 10e-9 nsolver=BACKE nmaxst=.05n nminst=.05n

	
.Monitor OptFields wg1 Format=MagPhi Port=1 dir=IN  Pol=TE
.Monitor OptFields wg1 Format=MagPhi Port=2 dir=OUT Pol=TE
%.Monitor OptFields wg2 Format=MagPhi Port=2 dir=OUT Pol=TE
.end

************* *************** ************

Options ingold=2 DELMAX=.1e-10 ACCURATE=1 RUNLVL=6 NUMDGT=8 
Options DCCAP=1 TNOM=27 
Param P=[ { NMODES 1 } ] 
INDSOURCE EL_Type=V_SOU Name=v1 Nodes=[ Mag1 0 ] dcMode dcValue=1 
INDSOURCE EL_Type=V_SOU Name=v2 Nodes=[ Phi1 0 ] dcMode dcValue=0 
CWSOURCE Name=cw1 Nodes=[ Mag1 Phi1 l1 ] MoName=CWmodel lambda=9.500000e+02 
WaveGuide Name=wg1 Nodes=[ l1 l2 ] MoName=WGmodel 
MIRROR Name=mir1 Nodes=[ l2 ] MoName=Mmodel 
Model Name=Mmodel type=MIRROR Ref=0 
Model Name=CWmodel type=CWSOURCE 
Model Name=WGmodel type=WaveGuide Length=1.000000e+00 IncludeTimeDelay=1 neff=[ 1.900000e+00 ] N0=1.1 NF=1.1 
Transient Tpoints=[ { .0001e-9 10e-9 } ] nsolver=BACKE nmaxst=.05n nminst=.05n 
Monitor Type=OptFields Name=wg1 Format=MagPhi Port=1 dir=IN Pol=TE 
Monitor Type=OptFields Name=wg1 Format=MagPhi Port=2 dir=OUT Pol=TE 
END

Assigning node numbers and stamping


Main Circuit Paras:
	Name=NMODES String=1 Ep = 0x0

Creating: v1

Creating: v2

Creating: cw1
	New Link: l1                                                           Link: 0x7feb78514c40

Creating: wg1
	New Link: l2                                                           Link: 0x7feb785173d0

Creating: mir1

Circuit after element assignment

Element hash table
	Key: v1                                                           	val: 	2018587744
	Key: v2                                                           	val: 	2018590592
	Key: wg1:exp                                                      	val: 	2021724160
	Key: mir1                                                         	val: 	2021727744
	Key: cw1                                                          	val: 	2021715456
	Key: wg1                                                          	val: 	2021721088

Delay Element hash table

OptFFT Element hash table

Noise Element hash table

Optical Element hash table
	Key: wg1:exp                                                      	val: 	2021724160
	Key: mir1                                                         	val: 	2021727744
	Key: cw1                                                          	val: 	2021715456
	Key: wg1                                                          	val: 	2021721088

Source Optical Element hash table
	Key: cw1                                                          	val: 	2021715456

Elec Init Conditions


Tracing optical sources
	source: cw1 (fixed:950)  -> wg1:exp (1) 
		-- Return Branch:  -> cw1 (1) 

		-- Through Branch:  -> mir1 (1)  -> wg1:exp (1) 


Stamping: v1

Stamping: v2

Stamping: cw1
Created Optical Mode Shape 'Mode:1 n:1 x:5.0000000000000000e+01 y:5.0000000000000000e+01 m:0 n:0 s:5.0000000000000000e+00 1/r:0.0000000000000000e+00 l:9.5000000000000000e+02' (8a6b918af8460dd3855dc534db0568cc57506b2f)
Adding Optical Mode:         l1:fixed:950 	      0x7feb78600180

Stamping: wg1
Adding Optical Mode: wg1:exp:inter1(0):fixed:950 	      0x7feb786007d0
Adding Optical Mode: wg1:exp:inter2(0):fixed:950 	      0x7feb78600980
Adding Optical Mode: wg1:exp:inter3(0):fixed:950 	      0x7feb78600d30
Adding Optical Mode:         l2:fixed:950 	      0x7feb786019c0
Stamping OptScatteringVtoV Instance: wg1:exp:c(0):I1(0)
	E to E: l1:fixed:950 | wg1:exp:inter1(0):fixed:950
	Linear (E to E) Scattering Mode
	NonLinear Scattering Mode
Linear: -12.5664
CreateStampDelay: DELAY Name=wg1:exp:c(0):td(0):c(0):m(0):optmag:delay Del=6.3377178087648879e-15 Gain=1.0000000000000000e+00 Tcoeff=[ 0.0000000000000000e+00 0.0000000000000000e+00 ]
CreateStampDelay: DELAY Name=wg1:exp:c(0):td(0):reverse:c(0):m(0):optmag:delay Del=6.3377178087648879e-15 Gain=1.0000000000000000e+00 Tcoeff=[ 0.0000000000000000e+00 0.0000000000000000e+00 ]
CreateStampDelay: DELAY Name=wg1:exp:c(0):td(0):c(0):m(0):optphi:delay Del=6.3377178087648879e-15 Gain=1.0000000000000000e+00 Tcoeff=[ 0.0000000000000000e+00 0.0000000000000000e+00 ]
CreateStampDelay: DELAY Name=wg1:exp:c(0):td(0):reverse:c(0):m(0):optphi:delay Del=6.3377178087648879e-15 Gain=1.0000000000000000e+00 Tcoeff=[ 0.0000000000000000e+00 0.0000000000000000e+00 ]
Stamping OptScatteringVtoV Instance: wg1:exp:c(0):I1(1)
	E to E: wg1:exp:inter3(0):fixed:950 | l2:fixed:950
	Linear (E to E) Scattering Mode
	NonLinear Scattering Mode

Stamping: mir1

Linking optical elements; 
Pre-processing optical elements; evaluating the Oconn overlap integrals and FSE modes 
Mirror DetModes ... 
		mir1 input 0x7feb78811120 output 0x7feb78811120

Stamping free mode   optical elements; 
Processing Mirror: mir1 Version: 6 Switchable: 1
Adding Optical Mode: mir1:terminal:fixed:950 	      0x7feb7860ac50
Stamping OptScatteringVtoV Instance: mir1:vtov:c(0)
	E to E: l2:fixed:950 | mir1:terminal:fixed:950
	Linear (E to E) Scattering Mode
	NonLinear Scattering Mode

Post Stamping: cw1:c:0:m(0):optphi:iso

Post Stamping: cw1:c:0:m(0):optmag:iso

Circuit after node assignment

Element hash table (including internal elements)
	Key: cw1:c:0:m(0):optphi:iso                                      	val: 	2018612032
	Key: mir1:vtov                                                    	val: 	2038573056
	Key: wg1:exp:c(0):td(0):c(0):m(0):optmag:delay                    	val: 	2019582896
	Key: wg1:exp:c(0):I1(0)                                           	val: 	2038432768
	Key: wg1:exp:c(0):td(0):c(0):m(0):optphi:delay                    	val: 	2019586928
	Key: wg1                                                          	val: 	2021721088
	Key: wg1:exp:c(0):I1(1)                                           	val: 	2038567424
	Key: wg1:exp:c(0):td(0):reverse:c(0):m(0):optphi:delay            	val: 	2019588560
	Key: wg1:exp:c(0):td(0):reverse:c(0):m(0):optmag:delay            	val: 	2019585344
	Key: mir1:vtov:c(0)                                               	val: 	2038578176
	Key: v1                                                           	val: 	2018587744
	Key: v2                                                           	val: 	2018590592
	Key: wg1:exp                                                      	val: 	2021724160
	Key: cw1:c:0:m(0):optmag:iso                                      	val: 	2018609920
	Key: cw1                                                          	val: 	2021715456
	Key: mir1                                                         	val: 	2021727744

Node hash table (size: 66)
	Key: wg1:exp:c(0):i1(1):0:fwd:modei:m(0):optmag                   	val: 	56        
	Key: mir1:vtov:c(0):0:fwd:modei:m(0):optphi                       	val: 	65        
	Key: wg1:exp:inter1(0):fixed:950:fwd:m(0):optphi                  	val: 	28        
	Key: wg1:exp:c(0):i1(0):0:fwd:modei:m(0):optmag                   	val: 	48        
	Key: wg1:exp:c(0):i1(0):0:rev:modei:m(0):optmag                   	val: 	46        
	Key: mir1:vtov:c(0):0:rev:modei:m(0):optphi                       	val: 	63        
	Key: wg1:exp:inter2(0):fixed:950:fwd:m(0):optphi                  	val: 	32        
	Key: l2:fixed:950:rev:m(0):optphi                                 	val: 	45        
	Key: wg1:exp:c(0):td(0):reverse:c(0):m(0):optmag:delay:i          	val: 	51        
	Key: wg1:exp:c(0):i1(1):0:rev:modei:m(0):optmag                   	val: 	54        
	Key: wg1:exp:revphase(0:0):modei:m(0):optphi                      	val: 	41        
	Key: mir1:terminal:fixed:950:rev:m(0):optmag                      	val: 	59        
	Key: l1:fixed:950:rev:m(0):optphi                                 	val: 	17        
	Key: wg1:exp:inter3(0):fixed:950:fwd:m(0):optphi                  	val: 	36        
	Key: l2:fixed:950:fwd:m(0):optphi                                 	val: 	44        
	Key: wg1:exp:fwdphase(0:0):modei:m(0):optphi                      	val: 	39        
	Key: v1:portcurrentnode:0                                         	val: 	3         
	Key: v1:portcurrentnode:1                                         	val: 	5         
	Key: cw1:c:0:m(0):optphi:iso:i                                    	val: 	25        
	Key: mir1:terminal:fixed:950:fwd:m(0):optmag                      	val: 	58        
	Key: wg1:exp:inter1(0):fixed:950:rev:m(0):optmag                  	val: 	27        
	Key: l1:fixed:950:fwd:m(0):optphi                                 	val: 	16        
	Key: cw1:l1:fixed:950:modei:m(0):optphi                           	val: 	23        
	Key: wg1:exp:inter2(0):fixed:950:rev:m(0):optmag                  	val: 	31        
	Key: v2:portcurrentnode:0                                         	val: 	9         
	Key: v2:portcurrentnode:1                                         	val: 	11        
	Key: wg1:exp:inter3(0):fixed:950:rev:m(0):optmag                  	val: 	35        
	Key: v1:i                                                         	val: 	7         
	Key: wg1:exp:c(0):td(0):c(0):m(0):optmag:delay:i                  	val: 	50        
	Key: wg1:exp:c(0):td(0):reverse:c(0):m(0):optphi:delay:i          	val: 	53        
	Key: mir1:vtov:c(0):0:fwd:modei:m(0):optmag                       	val: 	64        
	Key: wg1:exp:inter1(0):fixed:950:fwd:m(0):optmag                  	val: 	26        
	Key: mir1:vtov:c(0):0:rev:modei:m(0):optmag                       	val: 	62        
	Key: wg1:exp:inter2(0):fixed:950:fwd:m(0):optmag                  	val: 	30        
	Key: mag1                                                         	val: 	2         
	Key: l2:fixed:950:rev:m(0):optmag                                 	val: 	43        
	Key: cw1:portcurrentcurnode:0                                     	val: 	19        
	Key: cw1:portcurrentcurnode:1                                     	val: 	21        
	Key: v1:portcurrentcurnode:0                                      	val: 	4         
	Key: v1:portcurrentcurnode:1                                      	val: 	6         
	Key: wg1:exp:c(0):i1(1):0:fwd:modei:m(0):optphi                   	val: 	57        
	Key: v2:portcurrentcurnode:0                                      	val: 	10        
	Key: v2:portcurrentcurnode:1                                      	val: 	12        
	Key: wg1:exp:c(0):i1(0):0:fwd:modei:m(0):optphi                   	val: 	49        
	Key: wg1:exp:c(0):i1(0):0:rev:modei:m(0):optphi                   	val: 	47        
	Key: wg1:exp:revphase(0:0):modei:m(0):optmag                      	val: 	40        
	Key: 0                                                            	val: 	-5        
	Key: l1:fixed:950:rev:m(0):optmag                                 	val: 	15        
	Key: wg1:exp:inter3(0):fixed:950:fwd:m(0):optmag                  	val: 	34        
	Key: l2:fixed:950:fwd:m(0):optmag                                 	val: 	42        
	Key: cw1:channel-fixed:950                                        	val: 	1         
	Key: wg1:exp:fwdphase(0:0):modei:m(0):optmag                      	val: 	38        
	Key: wg1:exp:c(0):i1(1):0:rev:modei:m(0):optphi                   	val: 	55        
	Key: mir1:terminal:fixed:950:rev:m(0):optphi                      	val: 	61        
	Key: cw1:portcurrentnode:0                                        	val: 	18        
	Key: cw1:portcurrentnode:1                                        	val: 	20        
	Key: l1:fixed:950:fwd:m(0):optmag                                 	val: 	14        
	Key: cw1:l1:fixed:950:modei:m(0):optmag                           	val: 	22        
	Key: wg1:exp:c(0):td(0):c(0):m(0):optphi:delay:i                  	val: 	52        
	Key: wg1:exp:inter1(0):fixed:950:rev:m(0):optphi                  	val: 	29        
	Key: mir1:terminal:fixed:950:fwd:m(0):optphi                      	val: 	60        
	Key: cw1:c:0:m(0):optmag:iso:i                                    	val: 	24        
	Key: wg1:exp:inter2(0):fixed:950:rev:m(0):optphi                  	val: 	33        
	Key: phi1                                                         	val: 	8         
	Key: v2:i                                                         	val: 	13        
	Key: wg1:exp:inter3(0):fixed:950:rev:m(0):optphi                  	val: 	37        

Node array 
	Key: 0                                                            	val: 	-5         Status: V node
	Key: cw1:channel-fixed:950                                        	val: 	1          Status: V node
	Key: mag1                                                         	val: 	2          Status: V node
	Key: v1:portcurrentnode:0                                         	val: 	3          Status: V node
	Key: v1:portcurrentcurnode:0                                      	val: 	4          Status: I node
	Key: v1:portcurrentnode:1                                         	val: 	5          Status: V node
	Key: v1:portcurrentcurnode:1                                      	val: 	6          Status: I node
	Key: v1:i                                                         	val: 	7          Status: I node
	Key: phi1                                                         	val: 	8          Status: V node
	Key: v2:portcurrentnode:0                                         	val: 	9          Status: V node
	Key: v2:portcurrentcurnode:0                                      	val: 	10         Status: I node
	Key: v2:portcurrentnode:1                                         	val: 	11         Status: V node
	Key: v2:portcurrentcurnode:1                                      	val: 	12         Status: I node
	Key: v2:i                                                         	val: 	13         Status: I node
	Key: l1:fixed:950:fwd:m(0):optmag                                 	val: 	14         Status: O Mag node
	Key: l1:fixed:950:rev:m(0):optmag                                 	val: 	15         Status: O Mag node
	Key: l1:fixed:950:fwd:m(0):optphi                                 	val: 	16         Status: O Pha node (14)
	Key: l1:fixed:950:rev:m(0):optphi                                 	val: 	17         Status: O Pha node (15)
	Key: cw1:portcurrentnode:0                                        	val: 	18         Status: V node
	Key: cw1:portcurrentcurnode:0                                     	val: 	19         Status: I node
	Key: cw1:portcurrentnode:1                                        	val: 	20         Status: V node
	Key: cw1:portcurrentcurnode:1                                     	val: 	21         Status: I node
	Key: cw1:l1:fixed:950:modei:m(0):optmag                           	val: 	22         Status: O Mag node
	Key: cw1:l1:fixed:950:modei:m(0):optphi                           	val: 	23         Status: O Pha node (22)
	Key: cw1:c:0:m(0):optmag:iso:i                                    	val: 	24         Status: I node
	Key: cw1:c:0:m(0):optphi:iso:i                                    	val: 	25         Status: I node
	Key: wg1:exp:inter1(0):fixed:950:fwd:m(0):optmag                  	val: 	26         Status: O Mag node
	Key: wg1:exp:inter1(0):fixed:950:rev:m(0):optmag                  	val: 	27         Status: O Mag node
	Key: wg1:exp:inter1(0):fixed:950:fwd:m(0):optphi                  	val: 	28         Status: O Pha node (26)
	Key: wg1:exp:inter1(0):fixed:950:rev:m(0):optphi                  	val: 	29         Status: O Pha node (27)
	Key: wg1:exp:inter2(0):fixed:950:fwd:m(0):optmag                  	val: 	30         Status: O Mag node
	Key: wg1:exp:inter2(0):fixed:950:rev:m(0):optmag                  	val: 	31         Status: O Mag node
	Key: wg1:exp:inter2(0):fixed:950:fwd:m(0):optphi                  	val: 	32         Status: O Pha node (30)
	Key: wg1:exp:inter2(0):fixed:950:rev:m(0):optphi                  	val: 	33         Status: O Pha node (31)
	Key: wg1:exp:inter3(0):fixed:950:fwd:m(0):optmag                  	val: 	34         Status: O Mag node
	Key: wg1:exp:inter3(0):fixed:950:rev:m(0):optmag                  	val: 	35         Status: O Mag node
	Key: wg1:exp:inter3(0):fixed:950:fwd:m(0):optphi                  	val: 	36         Status: O Pha node (34)
	Key: wg1:exp:inter3(0):fixed:950:rev:m(0):optphi                  	val: 	37         Status: O Pha node (35)
	Key: wg1:exp:fwdphase(0:0):modei:m(0):optmag                      	val: 	38         Status: O Mag node
	Key: wg1:exp:fwdphase(0:0):modei:m(0):optphi                      	val: 	39         Status: O Pha node (38)
	Key: wg1:exp:revphase(0:0):modei:m(0):optmag                      	val: 	40         Status: O Mag node
	Key: wg1:exp:revphase(0:0):modei:m(0):optphi                      	val: 	41         Status: O Pha node (40)
	Key: l2:fixed:950:fwd:m(0):optmag                                 	val: 	42         Status: O Mag node
	Key: l2:fixed:950:rev:m(0):optmag                                 	val: 	43         Status: O Mag node
	Key: l2:fixed:950:fwd:m(0):optphi                                 	val: 	44         Status: O Pha node (42)
	Key: l2:fixed:950:rev:m(0):optphi                                 	val: 	45         Status: O Pha node (43)
	Key: wg1:exp:c(0):i1(0):0:rev:modei:m(0):optmag                   	val: 	46         Status: O Mag node
	Key: wg1:exp:c(0):i1(0):0:rev:modei:m(0):optphi                   	val: 	47         Status: O Pha node (46)
	Key: wg1:exp:c(0):i1(0):0:fwd:modei:m(0):optmag                   	val: 	48         Status: O Mag node
	Key: wg1:exp:c(0):i1(0):0:fwd:modei:m(0):optphi                   	val: 	49         Status: O Pha node (48)
	Key: wg1:exp:c(0):td(0):c(0):m(0):optmag:delay:i                  	val: 	50         Status: I node
	Key: wg1:exp:c(0):td(0):reverse:c(0):m(0):optmag:delay:i          	val: 	51         Status: I node
	Key: wg1:exp:c(0):td(0):c(0):m(0):optphi:delay:i                  	val: 	52         Status: I node
	Key: wg1:exp:c(0):td(0):reverse:c(0):m(0):optphi:delay:i          	val: 	53         Status: I node
	Key: wg1:exp:c(0):i1(1):0:rev:modei:m(0):optmag                   	val: 	54         Status: O Mag node
	Key: wg1:exp:c(0):i1(1):0:rev:modei:m(0):optphi                   	val: 	55         Status: O Pha node (54)
	Key: wg1:exp:c(0):i1(1):0:fwd:modei:m(0):optmag                   	val: 	56         Status: O Mag node
	Key: wg1:exp:c(0):i1(1):0:fwd:modei:m(0):optphi                   	val: 	57         Status: O Pha node (56)
	Key: mir1:terminal:fixed:950:fwd:m(0):optmag                      	val: 	58         Status: O Mag node
	Key: mir1:terminal:fixed:950:rev:m(0):optmag                      	val: 	59         Status: O Mag node
	Key: mir1:terminal:fixed:950:fwd:m(0):optphi                      	val: 	60         Status: O Pha node (58)
	Key: mir1:terminal:fixed:950:rev:m(0):optphi                      	val: 	61         Status: O Pha node (59)
	Key: mir1:vtov:c(0):0:rev:modei:m(0):optmag                       	val: 	62         Status: O Mag node
	Key: mir1:vtov:c(0):0:rev:modei:m(0):optphi                       	val: 	63         Status: O Pha node (62)
	Key: mir1:vtov:c(0):0:fwd:modei:m(0):optmag                       	val: 	64         Status: O Mag node
	Key: mir1:vtov:c(0):0:fwd:modei:m(0):optphi                       	val: 	65         Status: O Pha node (64)

Optical Node hash table
	mir1:terminal:fixed:950
		aliases: mir1:terminal -- mir1:terminal -- 
	wg1:exp:inter3(0):fixed:950
		aliases: wg1:exp:inter3(0) -- wg1:exp:inter3(0) -- 
	l2:fixed:950
		aliases: l2 -- l2 -- l2 -- l2 -- 
	wg1:exp:inter1(0):fixed:950
		aliases: wg1:exp:inter1(0) -- wg1:exp:inter1(0) -- 
	l1:fixed:950
		aliases: l1 -- l1 -- l1 -- 
	wg1:exp:inter2(0):fixed:950
		aliases: wg1:exp:inter2(0) -- wg1:exp:inter2(0) -- 

Optical ModeShape hash table
	Key: 8a6b918af8460dd3855dc534db0568cc57506b2f                     	val: 	2019557376

Optical Link hash table
	Key: l1                                                           l1                                                          	val: 	0x7feb78514c40 
			E1: 	0x7feb7880ee00 - cw1                                      	E2: 	0x7feb78811000 - wg1:exp                                 
	Key: l2                                                           l2                                                          	val: 	0x7feb785173d0 
			E1: 	0x7feb78811000 - wg1:exp                                  	E2: 	0x7feb78811e00 - mir1                                    

Source Optical Channel hash table
	Key: fixed:950                                                    	lambda: 	950        dPhi_dt: 	0x7feb7880f630 *dPhi_dt: 	0         

Optical Matrices hash table

Optical FSE Matrices hash table

Monitor Statements
	Name:                            wg1 Type:       OptFields Port:     1 Node Num:      0
	Name:                            wg1 Type:       OptFields Port:     2 Node Num:      0
	Name:                             v1 Type:               V Port:     1 Node Num:      2
	Name:                             v1 Type:               I Port:     1 Node Num:      0
	Name:                             v1 Type:               I Port:     2 Node Num:      0
	Name:                             v2 Type:               V Port:     1 Node Num:      8
	Name:                             v2 Type:               I Port:     1 Node Num:      0
	Name:                             v2 Type:               I Port:     2 Node Num:      0
	Name:                            cw1 Type:               V Port:     1 Node Num:      2
	Name:                            cw1 Type:               I Port:     1 Node Num:      0
	Name:                            cw1 Type:               V Port:     2 Node Num:      8
	Name:                            cw1 Type:               I Port:     2 Node Num:      0
	Name:                            cw1 Type:       OptFields Port:     3 Node Num:      0
	Name:                            wg1 Type:       OptFields Port:     1 Node Num:      0
	Name:                            wg1 Type:       OptFields Port:     2 Node Num:      0
	Name:                        wg1:exp Type:       OptFields Port:     1 Node Num:      0
	Name:                        wg1:exp Type:       OptFields Port:     2 Node Num:      0
	Name:                           mir1 Type:       OptFields Port:     1 Node Num:      0

Current Monitor Statements
	Key: v2:Port-2                                                    	port: 	2          	num: 	12        
	Key: v1:Port-1                                                    	port: 	1          	num: 	4         
	Key: v1:Port-2                                                    	port: 	2          	num: 	6         
	Key: cw1:Port-1                                                   	port: 	1          	num: 	19        
	Key: v2:Port-1                                                    	port: 	1          	num: 	10        
	Key: cw1:Port-2                                                   	port: 	2          	num: 	21        

Sub-circuits


Transient Simulation Started
tscaling: 1e+08
abstol: 1e-08 reltol: 1e-06 c_abstol: 1e-15 c_reltol: 1e-06
DC Simulation Started
DC Linear Initial Guess
DC simulations:
	DC var: 0.000000000000e+00
		Elec pass (T ind):
		DC iterations =  2 (extra -1). Cond 0.0853763
			Total num iter: 2
		Elec pass (T dep). Evars Optical:
		DC iterations =  1 (extra -1). Cond 0.0853763
			Total num iter: 3

***** Element Operating point info:

MultiLayerFilterExp: wg1:exp 
	(Explicit Filtering -- T = 300.15 -- E to E)
	Channel: 0
		 Input: l1:fixed:950
			l1:fixed:950 			Carrier Lambda: 950 nm --- E vars
				Mode 0
					(fwd: 14,16):  Pow: 1.0000000000e+00 Phi: 0.0000000000e+00  Mag: 1.0000000000e+00 E_f =  1.0000000000e+00 + 0.0000000000e+00i
					(rev: 15,17):  Pow: 1.3186944317e-24 Phi: 3.1413477282e+00  Mag: 1.1483442131e-12 E_f =  -1.1483441786e-12 + 2.8125859502e-16i
								Total Power Fwd: 1 Rev: 1.31869e-24

			Extra
					(rev: 46,47):  Pow: 1.3186944317e-24 Phi: 3.1413477282e+00  Mag: 1.1483442131e-12 E_f =  -1.1483441786e-12 + 2.8125859502e-16i
								Total Power Fwd: 0 Rev: 1.31869e-24

		Interface (0): wg1:exp:c(0):I1(0) T= 300.15 NonLinear
			N1 = 1.1 N2 = 1.9 (1.9)T = 300.15
				Tf^2 = 0.928889 Rf^2 = 0.0711111  Tb^2 = 0.928889 Rb^2 = 0.0711111 Tf+Rf = 1 Tb+Rb = 1 
			Rf = -0.266667 	Tf = 0.963789 	Rb = 0.266667 	Tb = 0.963789 

		 Layer (1) Phi= -12.5664 (0)  Atten = 1 N = 1.9 V1 = 0 V2 = 0 T = 300.15
			Inter1: wg1:exp:inter1(0):fixed:950 (Es)
			wg1:exp:inter1(0):fixed:950 			Carrier Lambda: 950 nm --- E vars
				Mode 0
					(fwd: 26,28):  Pow: 1.0765550239e+00 Phi: 7.5002292005e-17  Mag: 1.0375716958e+00 E_f =  1.0375716958e+00 + 7.7820255304e-17i
					(rev: 27,29):  Pow: 7.6555023923e-02 Phi: 1.0547197313e-15  Mag: 2.7668578555e-01 E_f =  2.7668578555e-01 + 2.9182595739e-16i
								Total Power Fwd: 1.07656 Rev: 0.076555

			Inter2: wg1:exp:inter2(0):fixed:950 (Es)
			wg1:exp:inter2(0):fixed:950 			Carrier Lambda: 950 nm --- E vars
				Mode 0
					(fwd: 30,32):  Pow: 1.0765550239e+00 Phi: 5.6486101166e-16  Mag: 1.0375716958e+00 E_f =  1.0375716958e+00 + 5.8608379776e-16i
					(rev: 31,33):  Pow: 7.6555023923e-02 Phi: 5.6486101166e-16  Mag: 2.7668578555e-01 E_f =  2.7668578555e-01 + 1.5628901274e-16i
								Total Power Fwd: 1.07656 Rev: 0.076555

			Inter3: wg1:exp:inter3(0):fixed:950 (Es) dt = 6.33772e-15
			wg1:exp:inter3(0):fixed:950 			Carrier Lambda: 950 nm --- E vars
				Mode 0
					(fwd: 34,36):  Pow: 1.0765550239e+00 Phi: 5.6486101166e-16  Mag: 1.0375716958e+00 E_f =  1.0375716958e+00 + 5.8608379776e-16i
					(rev: 35,37):  Pow: 7.6555023923e-02 Phi: 5.6486101166e-16  Mag: 2.7668578555e-01 E_f =  2.7668578555e-01 + 1.5628901274e-16i
								Total Power Fwd: 1.07656 Rev: 0.076555

			ExtraNodes (Es)
			Delay queues (Es):
				Mode 0
					(fwd: 38,39):  Pow: 1.0765550239e+00 Phi: 5.6486101166e-16  Mag: 1.0375716958e+00 E_f =  1.0375716958e+00 + 5.8608379776e-16i
					(rev: 40,41):  Pow: 7.6555023923e-02 Phi: 1.0547197313e-15  Mag: 2.7668578555e-01 E_f =  2.7668578555e-01 + 2.9182595739e-16i
								Total Power Fwd: 1.07656 Rev: 0.076555

			Extra Inter1
				Mode 0
					(fwd: 48,49):  Pow: 1.0765550239e+00 Phi: 7.5002292005e-17  Mag: 1.0375716958e+00 E_f =  1.0375716958e+00 + 7.7820255304e-17i
								Total Power Fwd: 1.07656 Rev: 0

		Interface (1): wg1:exp:c(0):I1(1) T = 300.15 NonLinear
			N1 = 1.9 (1.9) N2 = 1.1
				Tf^2 = 0.928889 Rf^2 = 0.0711111  Tb^2 = 0.928889 Rb^2 = 0.0711111 Tf+Rf = 1 Tb+Rb = 1 
			Rf = 0.266667 	Tf = 0.963789 	Rb = -0.266667 	Tb = 0.963789 

		 Output: l2:fixed:950
			l2:fixed:950 			Carrier Lambda: 950 nm --- E vars
				Mode 0
					(fwd: 42,44):  Pow: 9.9999999999e-01 Phi: 5.6486101166e-16  Mag: 1.0000000000e+00 E_f =  1.0000000000e+00 + 5.6486101166e-16i
					(rev: 43,45):  Pow: 0.0000000000e+00 Phi: 0.0000000000e+00  Mag: 0.0000000000e+00 E_f =  0.0000000000e+00 + 0.0000000000e+00i
								Total Power Fwd: 1 Rev: 0

			Extra
				Mode 0
					(fwd: 56,57):  Pow: 9.9999999999e-01 Phi: 5.6486101166e-16  Mag: 1.0000000000e+00 E_f =  1.0000000000e+00 + 5.6486101166e-16i
								Total Power Fwd: 1 Rev: 0

IndSource:                       v1 (V source)
			V: 1.0000000000e+00 I: 0.0000000000e+00 

IndSource:                       v2 (V source)
			V: 0.0000000000e+00 I: 0.0000000000e+00 

Cw_Source: cw1 
	 Channel : 0 -- n1: 18 n2: 20 -- Fixed Lambda
		 Freqshift: 0
			l1:fixed:950 			Carrier Lambda: 950 nm --- E vars
				Mode 0
					(fwd: 14,16):  Pow: 1.0000000000e+00 Phi: 0.0000000000e+00  Mag: 1.0000000000e+00 E_f =  1.0000000000e+00 + 0.0000000000e+00i
					(rev: 15,17):  Pow: 1.3186944317e-24 Phi: 3.1413477282e+00  Mag: 1.1483442131e-12 E_f =  -1.1483441786e-12 + 2.8125859502e-16i
								Total Power Fwd: 1 Rev: 1.31869e-24

Mirror: mir1
	Channel:0
			l2:fixed:950 			Carrier Lambda: 950 nm --- E vars
				Mode 0
					(fwd: 42,44):  Pow: 9.9999999999e-01 Phi: 5.6486101166e-16  Mag: 1.0000000000e+00 E_f =  1.0000000000e+00 + 5.6486101166e-16i
					(rev: 43,45):  Pow: 0.0000000000e+00 Phi: 0.0000000000e+00  Mag: 0.0000000000e+00 E_f =  0.0000000000e+00 + 0.0000000000e+00i
								Total Power Fwd: 1 Rev: 0



***** Node Operating Point Values 
	wg1                           	Port: 1 
	                              	mode: l1:fixed:950 
	                              		dir: FWD
	                              			TE Fields: 1.0000000000e+00 0.0000000000e+00 

	wg1                           	Port: 2 
	                              	mode: l2:fixed:950 
	                              		dir: FWD
	                              			TE Fields: 1.0000000000e+00 5.6486101166e-16 

	v1                            	Port:     1	V = 1.0000000000e+00
	v1                            	Port:     1	I = 0.0000000000e+00
	v1                            	Port:     2	I = -0.0000000000e+00
	v2                            	Port:     1	V = 0.0000000000e+00
	v2                            	Port:     1	I = 0.0000000000e+00
	v2                            	Port:     2	I = -0.0000000000e+00
	cw1                           	Port:     1	V = 1.0000000000e+00
	cw1                           	Port:     1	I = -0.0000000000e+00
	cw1                           	Port:     2	V = 0.0000000000e+00
	cw1                           	Port:     2	I = -0.0000000000e+00
	cw1                           	Port: 3 
	                              	mode: l1:fixed:950 
	                              		dir: FWD
	                              			TE Fields: 1.0000000000e+00 0.0000000000e+00 
	                              			TM Fields: 0.0000000000e+00 0.0000000000e+00 
	                              		dir: REV
	                              			TE Fields: -1.1483441786e-12 2.8125859502e-16 
	                              			TM Fields: 0.0000000000e+00 0.0000000000e+00 

	wg1                           	Port: 1 
	                              	mode: l1:fixed:950 
	                              		dir: FWD
	                              			TE Fields: 1.0000000000e+00 0.0000000000e+00 
	                              			TM Fields: 0.0000000000e+00 0.0000000000e+00 
	                              		dir: REV
	                              			TE Fields: -1.1483441786e-12 2.8125859502e-16 
	                              			TM Fields: 0.0000000000e+00 0.0000000000e+00 

	wg1                           	Port: 2 
	                              	mode: l2:fixed:950 
	                              		dir: FWD
	                              			TE Fields: 1.0000000000e+00 5.6486101166e-16 
	                              			TM Fields: 0.0000000000e+00 0.0000000000e+00 
	                              		dir: REV
	                              			TE Fields: 0.0000000000e+00 0.0000000000e+00 
	                              			TM Fields: 0.0000000000e+00 0.0000000000e+00 

	wg1:exp                       	Port: 1 
	                              	mode: l1:fixed:950 
	                              		dir: FWD
	                              			TE Fields: 1.0000000000e+00 0.0000000000e+00 
	                              			TM Fields: 0.0000000000e+00 0.0000000000e+00 
	                              		dir: REV
	                              			TE Fields: -1.1483441786e-12 2.8125859502e-16 
	                              			TM Fields: 0.0000000000e+00 0.0000000000e+00 

	wg1:exp                       	Port: 2 
	                              	mode: l2:fixed:950 
	                              		dir: FWD
	                              			TE Fields: 1.0000000000e+00 5.6486101166e-16 
	                              			TM Fields: 0.0000000000e+00 0.0000000000e+00 
	                              		dir: REV
	                              			TE Fields: 0.0000000000e+00 0.0000000000e+00 
	                              			TM Fields: 0.0000000000e+00 0.0000000000e+00 

	mir1                          	Port: 1 
	                              	mode: l2:fixed:950 
	                              		dir: FWD
	                              			TE Fields: 1.0000000000e+00 5.6486101166e-16 
	                              			TM Fields: 0.0000000000e+00 0.0000000000e+00 
	                              		dir: REV
	                              			TE Fields: 0.0000000000e+00 0.0000000000e+00 
	                              			TM Fields: 0.0000000000e+00 0.0000000000e+00 


***** 
		Final Evars non-Linear Scatter pass:

***** Element Operating point info:

MultiLayerFilterExp: wg1:exp 
	(Explicit Filtering -- T = 300.15 -- E to E)
	Channel: 0
		 Input: l1:fixed:950
			l1:fixed:950 			Carrier Lambda: 950 nm --- E vars
				Mode 0
					(fwd: 14,16):  Pow: 1.0000000000e+00 Phi: 0.0000000000e+00  Mag: 1.0000000000e+00 E_f =  1.0000000000e+00 + 0.0000000000e+00i
					(rev: 15,17):  Pow: 1.3186944317e-24 Phi: 3.1413477282e+00  Mag: 1.1483442131e-12 E_f =  -1.1483441786e-12 + 2.8125859502e-16i
								Total Power Fwd: 1 Rev: 1.31869e-24

			Extra
					(rev: 46,47):  Pow: 1.3186944317e-24 Phi: 3.1413477282e+00  Mag: 1.1483442131e-12 E_f =  -1.1483441786e-12 + 2.8125859502e-16i
								Total Power Fwd: 0 Rev: 1.31869e-24

		Interface (0): wg1:exp:c(0):I1(0) T= 300.15 NonLinear
			N1 = 1.1 N2 = 1.9 (1.9)T = 300.15
				Tf^2 = 0.928889 Rf^2 = 0.0711111  Tb^2 = 0.928889 Rb^2 = 0.0711111 Tf+Rf = 1 Tb+Rb = 1 
			Rf = -0.266667 	Tf = 0.963789 	Rb = 0.266667 	Tb = 0.963789 

		 Layer (1) Phi= -12.5664 (0)  Atten = 1 N = 1.9 V1 = 0 V2 = 0 T = 300.15
			Inter1: wg1:exp:inter1(0):fixed:950 (Es)
			wg1:exp:inter1(0):fixed:950 			Carrier Lambda: 950 nm --- E vars
				Mode 0
					(fwd: 26,28):  Pow: 1.0765550239e+00 Phi: 7.5002292005e-17  Mag: 1.0375716958e+00 E_f =  1.0375716958e+00 + 7.7820255304e-17i
					(rev: 27,29):  Pow: 7.6555023923e-02 Phi: 1.0547197313e-15  Mag: 2.7668578555e-01 E_f =  2.7668578555e-01 + 2.9182595739e-16i
								Total Power Fwd: 1.07656 Rev: 0.076555

			Inter2: wg1:exp:inter2(0):fixed:950 (Es)
			wg1:exp:inter2(0):fixed:950 			Carrier Lambda: 950 nm --- E vars
				Mode 0
					(fwd: 30,32):  Pow: 1.0765550239e+00 Phi: 5.6486101166e-16  Mag: 1.0375716958e+00 E_f =  1.0375716958e+00 + 5.8608379776e-16i
					(rev: 31,33):  Pow: 7.6555023923e-02 Phi: 5.6486101166e-16  Mag: 2.7668578555e-01 E_f =  2.7668578555e-01 + 1.5628901274e-16i
								Total Power Fwd: 1.07656 Rev: 0.076555

			Inter3: wg1:exp:inter3(0):fixed:950 (Es) dt = 6.33772e-15
			wg1:exp:inter3(0):fixed:950 			Carrier Lambda: 950 nm --- E vars
				Mode 0
					(fwd: 34,36):  Pow: 1.0765550239e+00 Phi: 5.6486101166e-16  Mag: 1.0375716958e+00 E_f =  1.0375716958e+00 + 5.8608379776e-16i
					(rev: 35,37):  Pow: 7.6555023923e-02 Phi: 5.6486101166e-16  Mag: 2.7668578555e-01 E_f =  2.7668578555e-01 + 1.5628901274e-16i
								Total Power Fwd: 1.07656 Rev: 0.076555

			ExtraNodes (Es)
			Delay queues (Es):
				Mode 0
					(fwd: 38,39):  Pow: 1.0765550239e+00 Phi: 5.6486101166e-16  Mag: 1.0375716958e+00 E_f =  1.0375716958e+00 + 5.8608379776e-16i
					(rev: 40,41):  Pow: 7.6555023923e-02 Phi: 1.0547197313e-15  Mag: 2.7668578555e-01 E_f =  2.7668578555e-01 + 2.9182595739e-16i
								Total Power Fwd: 1.07656 Rev: 0.076555

			Extra Inter1
				Mode 0
					(fwd: 48,49):  Pow: 1.0765550239e+00 Phi: 7.5002292005e-17  Mag: 1.0375716958e+00 E_f =  1.0375716958e+00 + 7.7820255304e-17i
								Total Power Fwd: 1.07656 Rev: 0

		Interface (1): wg1:exp:c(0):I1(1) T = 300.15 NonLinear
			N1 = 1.9 (1.9) N2 = 1.1
				Tf^2 = 0.928889 Rf^2 = 0.0711111  Tb^2 = 0.928889 Rb^2 = 0.0711111 Tf+Rf = 1 Tb+Rb = 1 
			Rf = 0.266667 	Tf = 0.963789 	Rb = -0.266667 	Tb = 0.963789 

		 Output: l2:fixed:950
			l2:fixed:950 			Carrier Lambda: 950 nm --- E vars
				Mode 0
					(fwd: 42,44):  Pow: 9.9999999999e-01 Phi: 5.6486101166e-16  Mag: 1.0000000000e+00 E_f =  1.0000000000e+00 + 5.6486101166e-16i
					(rev: 43,45):  Pow: 0.0000000000e+00 Phi: 0.0000000000e+00  Mag: 0.0000000000e+00 E_f =  0.0000000000e+00 + 0.0000000000e+00i
								Total Power Fwd: 1 Rev: 0

			Extra
				Mode 0
					(fwd: 56,57):  Pow: 9.9999999999e-01 Phi: 5.6486101166e-16  Mag: 1.0000000000e+00 E_f =  1.0000000000e+00 + 5.6486101166e-16i
								Total Power Fwd: 1 Rev: 0

IndSource:                       v1 (V source)
			V: 1.0000000000e+00 I: 0.0000000000e+00 

IndSource:                       v2 (V source)
			V: 0.0000000000e+00 I: 0.0000000000e+00 

Cw_Source: cw1 
	 Channel : 0 -- n1: 18 n2: 20 -- Fixed Lambda
		 Freqshift: 0
			l1:fixed:950 			Carrier Lambda: 950 nm --- E vars
				Mode 0
					(fwd: 14,16):  Pow: 1.0000000000e+00 Phi: 0.0000000000e+00  Mag: 1.0000000000e+00 E_f =  1.0000000000e+00 + 0.0000000000e+00i
					(rev: 15,17):  Pow: 1.3186944317e-24 Phi: 3.1413477282e+00  Mag: 1.1483442131e-12 E_f =  -1.1483441786e-12 + 2.8125859502e-16i
								Total Power Fwd: 1 Rev: 1.31869e-24

Mirror: mir1
	Channel:0
			l2:fixed:950 			Carrier Lambda: 950 nm --- E vars
				Mode 0
					(fwd: 42,44):  Pow: 9.9999999999e-01 Phi: 5.6486101166e-16  Mag: 1.0000000000e+00 E_f =  1.0000000000e+00 + 5.6486101166e-16i
					(rev: 43,45):  Pow: 0.0000000000e+00 Phi: 0.0000000000e+00  Mag: 0.0000000000e+00 E_f =  0.0000000000e+00 + 0.0000000000e+00i
								Total Power Fwd: 1 Rev: 0



***** Node Operating Point Values 
	wg1                           	Port: 1 
	                              	mode: l1:fixed:950 
	                              		dir: FWD
	                              			TE Fields: 1.0000000000e+00 0.0000000000e+00 

	wg1                           	Port: 2 
	                              	mode: l2:fixed:950 
	                              		dir: FWD
	                              			TE Fields: 1.0000000000e+00 5.6486101166e-16 

	v1                            	Port:     1	V = 1.0000000000e+00
	v1                            	Port:     1	I = 0.0000000000e+00
	v1                            	Port:     2	I = -0.0000000000e+00
	v2                            	Port:     1	V = 0.0000000000e+00
	v2                            	Port:     1	I = 0.0000000000e+00
	v2                            	Port:     2	I = -0.0000000000e+00
	cw1                           	Port:     1	V = 1.0000000000e+00
	cw1                           	Port:     1	I = -0.0000000000e+00
	cw1                           	Port:     2	V = 0.0000000000e+00
	cw1                           	Port:     2	I = -0.0000000000e+00
	cw1                           	Port: 3 
	                              	mode: l1:fixed:950 
	                              		dir: FWD
	                              			TE Fields: 1.0000000000e+00 0.0000000000e+00 
	                              			TM Fields: 0.0000000000e+00 0.0000000000e+00 
	                              		dir: REV
	                              			TE Fields: -1.1483441786e-12 2.8125859502e-16 
	                              			TM Fields: 0.0000000000e+00 0.0000000000e+00 

	wg1                           	Port: 1 
	                              	mode: l1:fixed:950 
	                              		dir: FWD
	                              			TE Fields: 1.0000000000e+00 0.0000000000e+00 
	                              			TM Fields: 0.0000000000e+00 0.0000000000e+00 
	                              		dir: REV
	                              			TE Fields: -1.1483441786e-12 2.8125859502e-16 
	                              			TM Fields: 0.0000000000e+00 0.0000000000e+00 

	wg1                           	Port: 2 
	                              	mode: l2:fixed:950 
	                              		dir: FWD
	                              			TE Fields: 1.0000000000e+00 5.6486101166e-16 
	                              			TM Fields: 0.0000000000e+00 0.0000000000e+00 
	                              		dir: REV
	                              			TE Fields: 0.0000000000e+00 0.0000000000e+00 
	                              			TM Fields: 0.0000000000e+00 0.0000000000e+00 

	wg1:exp                       	Port: 1 
	                              	mode: l1:fixed:950 
	                              		dir: FWD
	                              			TE Fields: 1.0000000000e+00 0.0000000000e+00 
	                              			TM Fields: 0.0000000000e+00 0.0000000000e+00 
	                              		dir: REV
	                              			TE Fields: -1.1483441786e-12 2.8125859502e-16 
	                              			TM Fields: 0.0000000000e+00 0.0000000000e+00 

	wg1:exp                       	Port: 2 
	                              	mode: l2:fixed:950 
	                              		dir: FWD
	                              			TE Fields: 1.0000000000e+00 5.6486101166e-16 
	                              			TM Fields: 0.0000000000e+00 0.0000000000e+00 
	                              		dir: REV
	                              			TE Fields: 0.0000000000e+00 0.0000000000e+00 
	                              			TM Fields: 0.0000000000e+00 0.0000000000e+00 

	mir1                          	Port: 1 
	                              	mode: l2:fixed:950 
	                              		dir: FWD
	                              			TE Fields: 1.0000000000e+00 5.6486101166e-16 
	                              			TM Fields: 0.0000000000e+00 0.0000000000e+00 
	                              		dir: REV
	                              			TE Fields: 0.0000000000e+00 0.0000000000e+00 
	                              			TM Fields: 0.0000000000e+00 0.0000000000e+00 


***** 
		DC iterations =  2 (extra -1). Cond 0.0853763
			Total num iter: 5
		Final pass (forced MPtotMP):
Before:

***** Element Operating point info:

MultiLayerFilterExp: wg1:exp 
	(Explicit Filtering -- T = 300.15 -- E to E)
	Channel: 0
		 Input: l1:fixed:950
			l1:fixed:950 			Carrier Lambda: 950 nm --- E vars
				Mode 0
					(fwd: 14,16):  Pow: 1.0000000000e+00 Phi: 0.0000000000e+00  Mag: 1.0000000000e+00 E_f =  1.0000000000e+00 + 0.0000000000e+00i
					(rev: 15,17):  Pow: 1.3189838974e-24 Phi: 3.1413477551e+00  Mag: 1.1484702423e-12 E_f =  -1.1484702078e-12 + 2.8125859502e-16i
								Total Power Fwd: 1 Rev: 1.31898e-24

			Extra
					(rev: 46,47):  Pow: 1.3189838974e-24 Phi: 3.1413477551e+00  Mag: 1.1484702423e-12 E_f =  -1.1484702078e-12 + 2.8125859502e-16i
								Total Power Fwd: 0 Rev: 1.31898e-24

		Interface (0): wg1:exp:c(0):I1(0) T= 300.15 NonLinear
			N1 = 1.1 N2 = 1.9 (1.9)T = 300.15
				Tf^2 = 0.928889 Rf^2 = 0.0711111  Tb^2 = 0.928889 Rb^2 = 0.0711111 Tf+Rf = 1 Tb+Rb = 1 
			Rf = -0.266667 	Tf = 0.963789 	Rb = 0.266667 	Tb = 0.963789 

		 Layer (1) Phi= -12.5664 (0)  Atten = 1 N = 1.9 V1 = 0 V2 = 0 T = 300.15
			Inter1: wg1:exp:inter1(0):fixed:950 (Es)
			wg1:exp:inter1(0):fixed:950 			Carrier Lambda: 950 nm --- E vars
				Mode 0
					(fwd: 26,28):  Pow: 1.0765550239e+00 Phi: 7.5002292005e-17  Mag: 1.0375716958e+00 E_f =  1.0375716958e+00 + 7.7820255304e-17i
					(rev: 27,29):  Pow: 7.6555023923e-02 Phi: 1.0547197313e-15  Mag: 2.7668578555e-01 E_f =  2.7668578555e-01 + 2.9182595739e-16i
								Total Power Fwd: 1.07656 Rev: 0.076555

			Inter2: wg1:exp:inter2(0):fixed:950 (Es)
			wg1:exp:inter2(0):fixed:950 			Carrier Lambda: 950 nm --- E vars
				Mode 0
					(fwd: 30,32):  Pow: 1.0765550239e+00 Phi: 5.6486101166e-16  Mag: 1.0375716958e+00 E_f =  1.0375716958e+00 + 5.8608379776e-16i
					(rev: 31,33):  Pow: 7.6555023923e-02 Phi: 5.6486101166e-16  Mag: 2.7668578555e-01 E_f =  2.7668578555e-01 + 1.5628901274e-16i
								Total Power Fwd: 1.07656 Rev: 0.076555

			Inter3: wg1:exp:inter3(0):fixed:950 (Es) dt = 6.33772e-15
			wg1:exp:inter3(0):fixed:950 			Carrier Lambda: 950 nm --- E vars
				Mode 0
					(fwd: 34,36):  Pow: 1.0765550239e+00 Phi: 5.6486101166e-16  Mag: 1.0375716958e+00 E_f =  1.0375716958e+00 + 5.8608379776e-16i
					(rev: 35,37):  Pow: 7.6555023923e-02 Phi: 5.6486101166e-16  Mag: 2.7668578555e-01 E_f =  2.7668578555e-01 + 1.5628901274e-16i
								Total Power Fwd: 1.07656 Rev: 0.076555

			ExtraNodes (Es)
			Delay queues (Es):
				Mode 0
					(fwd: 38,39):  Pow: 1.0765550239e+00 Phi: 5.6486101166e-16  Mag: 1.0375716958e+00 E_f =  1.0375716958e+00 + 5.8608379776e-16i
					(rev: 40,41):  Pow: 7.6555023923e-02 Phi: 1.0547197313e-15  Mag: 2.7668578555e-01 E_f =  2.7668578555e-01 + 2.9182595739e-16i
								Total Power Fwd: 1.07656 Rev: 0.076555

			Extra Inter1
				Mode 0
					(fwd: 48,49):  Pow: 1.0765550239e+00 Phi: 7.5002292005e-17  Mag: 1.0375716958e+00 E_f =  1.0375716958e+00 + 7.7820255304e-17i
								Total Power Fwd: 1.07656 Rev: 0

		Interface (1): wg1:exp:c(0):I1(1) T = 300.15 NonLinear
			N1 = 1.9 (1.9) N2 = 1.1
				Tf^2 = 0.928889 Rf^2 = 0.0711111  Tb^2 = 0.928889 Rb^2 = 0.0711111 Tf+Rf = 1 Tb+Rb = 1 
			Rf = 0.266667 	Tf = 0.963789 	Rb = -0.266667 	Tb = 0.963789 

		 Output: l2:fixed:950
			l2:fixed:950 			Carrier Lambda: 950 nm --- E vars
				Mode 0
					(fwd: 42,44):  Pow: 9.9999999999e-01 Phi: 5.6486101166e-16  Mag: 1.0000000000e+00 E_f =  1.0000000000e+00 + 5.6486101166e-16i
					(rev: 43,45):  Pow: 0.0000000000e+00 Phi: 0.0000000000e+00  Mag: 0.0000000000e+00 E_f =  0.0000000000e+00 + 0.0000000000e+00i
								Total Power Fwd: 1 Rev: 0

			Extra
				Mode 0
					(fwd: 56,57):  Pow: 9.9999999999e-01 Phi: 5.6486101166e-16  Mag: 1.0000000000e+00 E_f =  1.0000000000e+00 + 5.6486101166e-16i
								Total Power Fwd: 1 Rev: 0

IndSource:                       v1 (V source)
			V: 1.0000000000e+00 I: 0.0000000000e+00 

IndSource:                       v2 (V source)
			V: 0.0000000000e+00 I: 0.0000000000e+00 

Cw_Source: cw1 
	 Channel : 0 -- n1: 18 n2: 20 -- Fixed Lambda
		 Freqshift: 0
			l1:fixed:950 			Carrier Lambda: 950 nm --- E vars
				Mode 0
					(fwd: 14,16):  Pow: 1.0000000000e+00 Phi: 0.0000000000e+00  Mag: 1.0000000000e+00 E_f =  1.0000000000e+00 + 0.0000000000e+00i
					(rev: 15,17):  Pow: 1.3189838974e-24 Phi: 3.1413477551e+00  Mag: 1.1484702423e-12 E_f =  -1.1484702078e-12 + 2.8125859502e-16i
								Total Power Fwd: 1 Rev: 1.31898e-24

Mirror: mir1
	Channel:0
			l2:fixed:950 			Carrier Lambda: 950 nm --- E vars
				Mode 0
					(fwd: 42,44):  Pow: 9.9999999999e-01 Phi: 5.6486101166e-16  Mag: 1.0000000000e+00 E_f =  1.0000000000e+00 + 5.6486101166e-16i
					(rev: 43,45):  Pow: 0.0000000000e+00 Phi: 0.0000000000e+00  Mag: 0.0000000000e+00 E_f =  0.0000000000e+00 + 0.0000000000e+00i
								Total Power Fwd: 1 Rev: 0



***** Node Operating Point Values 
	wg1                           	Port: 1 
	                              	mode: l1:fixed:950 
	                              		dir: FWD
	                              			TE Fields: 1.0000000000e+00 0.0000000000e+00 

	wg1                           	Port: 2 
	                              	mode: l2:fixed:950 
	                              		dir: FWD
	                              			TE Fields: 1.0000000000e+00 5.6486101166e-16 

	v1                            	Port:     1	V = 1.0000000000e+00
	v1                            	Port:     1	I = 0.0000000000e+00
	v1                            	Port:     2	I = -0.0000000000e+00
	v2                            	Port:     1	V = 0.0000000000e+00
	v2                            	Port:     1	I = 0.0000000000e+00
	v2                            	Port:     2	I = -0.0000000000e+00
	cw1                           	Port:     1	V = 1.0000000000e+00
	cw1                           	Port:     1	I = -0.0000000000e+00
	cw1                           	Port:     2	V = 0.0000000000e+00
	cw1                           	Port:     2	I = -0.0000000000e+00
	cw1                           	Port: 3 
	                              	mode: l1:fixed:950 
	                              		dir: FWD
	                              			TE Fields: 1.0000000000e+00 0.0000000000e+00 
	                              			TM Fields: 0.0000000000e+00 0.0000000000e+00 
	                              		dir: REV
	                              			TE Fields: -1.1484702078e-12 2.8125859502e-16 
	                              			TM Fields: 0.0000000000e+00 0.0000000000e+00 

	wg1                           	Port: 1 
	                              	mode: l1:fixed:950 
	                              		dir: FWD
	                              			TE Fields: 1.0000000000e+00 0.0000000000e+00 
	                              			TM Fields: 0.0000000000e+00 0.0000000000e+00 
	                              		dir: REV
	                              			TE Fields: -1.1484702078e-12 2.8125859502e-16 
	                              			TM Fields: 0.0000000000e+00 0.0000000000e+00 

	wg1                           	Port: 2 
	                              	mode: l2:fixed:950 
	                              		dir: FWD
	                              			TE Fields: 1.0000000000e+00 5.6486101166e-16 
	                              			TM Fields: 0.0000000000e+00 0.0000000000e+00 
	                              		dir: REV
	                              			TE Fields: 0.0000000000e+00 0.0000000000e+00 
	                              			TM Fields: 0.0000000000e+00 0.0000000000e+00 

	wg1:exp                       	Port: 1 
	                              	mode: l1:fixed:950 
	                              		dir: FWD
	                              			TE Fields: 1.0000000000e+00 0.0000000000e+00 
	                              			TM Fields: 0.0000000000e+00 0.0000000000e+00 
	                              		dir: REV
	                              			TE Fields: -1.1484702078e-12 2.8125859502e-16 
	                              			TM Fields: 0.0000000000e+00 0.0000000000e+00 

	wg1:exp                       	Port: 2 
	                              	mode: l2:fixed:950 
	                              		dir: FWD
	                              			TE Fields: 1.0000000000e+00 5.6486101166e-16 
	                              			TM Fields: 0.0000000000e+00 0.0000000000e+00 
	                              		dir: REV
	                              			TE Fields: 0.0000000000e+00 0.0000000000e+00 
	                              			TM Fields: 0.0000000000e+00 0.0000000000e+00 

	mir1                          	Port: 1 
	                              	mode: l2:fixed:950 
	                              		dir: FWD
	                              			TE Fields: 1.0000000000e+00 5.6486101166e-16 
	                              			TM Fields: 0.0000000000e+00 0.0000000000e+00 
	                              		dir: REV
	                              			TE Fields: 0.0000000000e+00 0.0000000000e+00 
	                              			TM Fields: 0.0000000000e+00 0.0000000000e+00 


***** 
After:

***** Element Operating point info:

MultiLayerFilterExp: wg1:exp 
	(Explicit Filtering -- T = 300.15 -- E to E)
	Channel: 0
		 Input: l1:fixed:950
			l1:fixed:950  Carrier Lambda: 950 nm  -- MP vars
				Mode 0
					(fwd: 14,16):  Pow: 1.0000000000e+00 Phi: 0.0000000000e+00  Mag: 1.0000000000e+00 E_f =  1.0000000000e+00 + 0.0000000000e+00i
					(rev: 15,17):  Pow: 1.3189838183e-24 Phi: 3.1415926536e+00  Mag: 1.1484702078e-12 E_f =  -1.1484702078e-12 + 1.4064703639e-28i
								Total Power Fwd: 1 Rev: 1.31898e-24

			Extra
					(rev: 46,47):  Pow: 1.3189838183e-24 Phi: 3.1415926536e+00  Mag: 1.1484702078e-12 E_f =  -1.1484702078e-12 + 1.4064703639e-28i
								Total Power Fwd: 0 Rev: 1.31898e-24

		Interface (0): wg1:exp:c(0):I1(0) T= 300.15 NonLinear
			N1 = 1.1 N2 = 1.9 (1.9)T = 300.15
				Tf^2 = 0.928889 Rf^2 = 0.0711111  Tb^2 = 0.928889 Rb^2 = 0.0711111 Tf+Rf = 1 Tb+Rb = 1 
			Rf = -0.266667 	Tf = 0.963789 	Rb = 0.266667 	Tb = 0.963789 

		 Layer (1) Phi= -12.5664 (0)  Atten = 1 N = 1.9 V1 = 0 V2 = 0 T = 300.15
			Inter1: wg1:exp:inter1(0):fixed:950 (MP)
			wg1:exp:inter1(0):fixed:950  Carrier Lambda: 950 nm  -- MP vars
				Mode 0
					(fwd: 26,28):  Pow: 1.0765550239e+00 Phi: 0.0000000000e+00  Mag: 1.0375716958e+00 E_f =  1.0375716958e+00 + 0.0000000000e+00i
					(rev: 27,29):  Pow: 7.6555023923e-02 Phi: -1.2566370614e+01  Mag: 2.7668578555e-01 E_f =  2.7668578555e-01 + 1.3553694466e-16i
								Total Power Fwd: 1.07656 Rev: 0.076555

			Inter2: wg1:exp:inter2(0):fixed:950 (MP)
			wg1:exp:inter2(0):fixed:950  Carrier Lambda: 950 nm  -- MP vars
				Mode 0
					(fwd: 30,32):  Pow: 1.0765550239e+00 Phi: -1.2566370614e+01  Mag: 1.0375716958e+00 E_f =  1.0375716958e+00 + 5.0826354246e-16i
					(rev: 31,33):  Pow: 7.6555023923e-02 Phi: 0.0000000000e+00  Mag: 2.7668578555e-01 E_f =  2.7668578555e-01 + 0.0000000000e+00i
								Total Power Fwd: 1.07656 Rev: 0.076555

			Inter3: wg1:exp:inter3(0):fixed:950 (MP) dt = 6.33772e-15
			wg1:exp:inter3(0):fixed:950  Carrier Lambda: 950 nm  -- MP vars
				Mode 0
					(fwd: 34,36):  Pow: 1.0765550239e+00 Phi: -1.2566370614e+01  Mag: 1.0375716958e+00 E_f =  1.0375716958e+00 + 5.0826354246e-16i
					(rev: 35,37):  Pow: 7.6555023923e-02 Phi: 0.0000000000e+00  Mag: 2.7668578555e-01 E_f =  2.7668578555e-01 + 0.0000000000e+00i
								Total Power Fwd: 1.07656 Rev: 0.076555

			ExtraNodes (MP)
			Delay queues (MP):
				Mode 0
					(fwd: 38,39):  Pow: 1.0765550239e+00 Phi: -1.2566370614e+01  Mag: 1.0375716958e+00 E_f =  1.0375716958e+00 + 5.0826354246e-16i
					(rev: 40,41):  Pow: 7.6555023923e-02 Phi: -1.2566370614e+01  Mag: 2.7668578555e-01 E_f =  2.7668578555e-01 + 1.3553694466e-16i
								Total Power Fwd: 1.07656 Rev: 0.076555

			Extra Inter1
				Mode 0
					(fwd: 48,49):  Pow: 1.0765550239e+00 Phi: 0.0000000000e+00  Mag: 1.0375716958e+00 E_f =  1.0375716958e+00 + 0.0000000000e+00i
								Total Power Fwd: 1.07656 Rev: 0

		Interface (1): wg1:exp:c(0):I1(1) T = 300.15 NonLinear
			N1 = 1.9 (1.9) N2 = 1.1
				Tf^2 = 0.928889 Rf^2 = 0.0711111  Tb^2 = 0.928889 Rb^2 = 0.0711111 Tf+Rf = 1 Tb+Rb = 1 
			Rf = 0.266667 	Tf = 0.963789 	Rb = -0.266667 	Tb = 0.963789 

		 Output: l2:fixed:950
			l2:fixed:950  Carrier Lambda: 950 nm  -- MP vars
				Mode 0
					(fwd: 42,44):  Pow: 9.9999999999e-01 Phi: 0.0000000000e+00  Mag: 1.0000000000e+00 E_f =  1.0000000000e+00 + 0.0000000000e+00i
					(rev: 43,45):  Pow: 0.0000000000e+00 Phi: 0.0000000000e+00  Mag: 0.0000000000e+00 E_f =  0.0000000000e+00 + 0.0000000000e+00i
								Total Power Fwd: 1 Rev: 0

			Extra
				Mode 0
					(fwd: 56,57):  Pow: 9.9999999999e-01 Phi: 0.0000000000e+00  Mag: 1.0000000000e+00 E_f =  1.0000000000e+00 + 0.0000000000e+00i
								Total Power Fwd: 1 Rev: 0

IndSource:                       v1 (V source)
			V: 1.0000000000e+00 I: 0.0000000000e+00 

IndSource:                       v2 (V source)
			V: 0.0000000000e+00 I: 0.0000000000e+00 

Cw_Source: cw1 
	 Channel : 0 -- n1: 18 n2: 20 -- Fixed Lambda
		 Freqshift: 0
			l1:fixed:950  Carrier Lambda: 950 nm  -- MP vars
				Mode 0
					(fwd: 14,16):  Pow: 1.0000000000e+00 Phi: 0.0000000000e+00  Mag: 1.0000000000e+00 E_f =  1.0000000000e+00 + 0.0000000000e+00i
					(rev: 15,17):  Pow: 1.3189838183e-24 Phi: 3.1415926536e+00  Mag: 1.1484702078e-12 E_f =  -1.1484702078e-12 + 1.4064703639e-28i
								Total Power Fwd: 1 Rev: 1.31898e-24

Mirror: mir1
	Channel:0
			l2:fixed:950  Carrier Lambda: 950 nm  -- MP vars
				Mode 0
					(fwd: 42,44):  Pow: 9.9999999999e-01 Phi: 0.0000000000e+00  Mag: 1.0000000000e+00 E_f =  1.0000000000e+00 + 0.0000000000e+00i
					(rev: 43,45):  Pow: 0.0000000000e+00 Phi: 0.0000000000e+00  Mag: 0.0000000000e+00 E_f =  0.0000000000e+00 + 0.0000000000e+00i
								Total Power Fwd: 1 Rev: 0



***** Node Operating Point Values 
	wg1                           	Port: 1 
	                              	mode: l1:fixed:950 
	                              		dir: FWD
	                              			TE Fields: 1.0000000000e+00 0.0000000000e+00 

	wg1                           	Port: 2 
	                              	mode: l2:fixed:950 
	                              		dir: FWD
	                              			TE Fields: 1.0000000000e+00 0.0000000000e+00 

	v1                            	Port:     1	V = 1.0000000000e+00
	v1                            	Port:     1	I = 0.0000000000e+00
	v1                            	Port:     2	I = -0.0000000000e+00
	v2                            	Port:     1	V = 0.0000000000e+00
	v2                            	Port:     1	I = 0.0000000000e+00
	v2                            	Port:     2	I = -0.0000000000e+00
	cw1                           	Port:     1	V = 1.0000000000e+00
	cw1                           	Port:     1	I = -0.0000000000e+00
	cw1                           	Port:     2	V = 0.0000000000e+00
	cw1                           	Port:     2	I = -0.0000000000e+00
	cw1                           	Port: 3 
	                              	mode: l1:fixed:950 
	                              		dir: FWD
	                              			TE Fields: 1.0000000000e+00 0.0000000000e+00 
	                              			TM Fields: 0.0000000000e+00 0.0000000000e+00 
	                              		dir: REV
	                              			TE Fields: -1.1484702078e-12 1.4064703639e-28 
	                              			TM Fields: 0.0000000000e+00 0.0000000000e+00 

	wg1                           	Port: 1 
	                              	mode: l1:fixed:950 
	                              		dir: FWD
	                              			TE Fields: 1.0000000000e+00 0.0000000000e+00 
	                              			TM Fields: 0.0000000000e+00 0.0000000000e+00 
	                              		dir: REV
	                              			TE Fields: -1.1484702078e-12 1.4064703639e-28 
	                              			TM Fields: 0.0000000000e+00 0.0000000000e+00 

	wg1                           	Port: 2 
	                              	mode: l2:fixed:950 
	                              		dir: FWD
	                              			TE Fields: 1.0000000000e+00 0.0000000000e+00 
	                              			TM Fields: 0.0000000000e+00 0.0000000000e+00 
	                              		dir: REV
	                              			TE Fields: 0.0000000000e+00 0.0000000000e+00 
	                              			TM Fields: 0.0000000000e+00 0.0000000000e+00 

	wg1:exp                       	Port: 1 
	                              	mode: l1:fixed:950 
	                              		dir: FWD
	                              			TE Fields: 1.0000000000e+00 0.0000000000e+00 
	                              			TM Fields: 0.0000000000e+00 0.0000000000e+00 
	                              		dir: REV
	                              			TE Fields: -1.1484702078e-12 1.4064703639e-28 
	                              			TM Fields: 0.0000000000e+00 0.0000000000e+00 

	wg1:exp                       	Port: 2 
	                              	mode: l2:fixed:950 
	                              		dir: FWD
	                              			TE Fields: 1.0000000000e+00 0.0000000000e+00 
	                              			TM Fields: 0.0000000000e+00 0.0000000000e+00 
	                              		dir: REV
	                              			TE Fields: 0.0000000000e+00 0.0000000000e+00 
	                              			TM Fields: 0.0000000000e+00 0.0000000000e+00 

	mir1                          	Port: 1 
	                              	mode: l2:fixed:950 
	                              		dir: FWD
	                              			TE Fields: 1.0000000000e+00 0.0000000000e+00 
	                              			TM Fields: 0.0000000000e+00 0.0000000000e+00 
	                              		dir: REV
	                              			TE Fields: 0.0000000000e+00 0.0000000000e+00 
	                              			TM Fields: 0.0000000000e+00 0.0000000000e+00 


***** 


Convergence failed at node: 17 15 (3.1415926535866512e+00 : -1.5942651831496137e+00 : 3.1415926535866508e-06 : 1.0000000000000000e-03 : 1.1483739091353061e-12 )



Convergence failed at node: 17 15 (1.5473274704370374e+00 : 1.8129539603507849e-01 : 1.5473274704370373e-06 : 1.0000000000000000e-03 : 7.1988409000420777e-12 )

		DC iterations =  6 (extra 1). Cond 3.72187e-12
			Total num iter: 11
X: 9.500000000000000e+02 1.000000000000000e+00 1.000000000000000e+00 0.000000000000000e+00 -0.000000000000000e+00 -0.000000000000000e+00 0.000000000000000e+00 0.000000000000000e+00 0.000000000000000e+00 0.000000000000000e+00 -0.000000000000000e+00 -0.000000000000000e+00 0.000000000000000e+00 1.000000000000000e+00 7.306744312708547e-12 0.000000000000000e+00 1.728630297438935e+00 1.000000000000000e+00 -0.000000000000000e+00 -0.000000000000000e+00 -0.000000000000000e+00 1.000000000000000e+00 0.000000000000000e+00 0.000000000000000e+00 0.000000000000000e+00 1.037571695797757e+00 2.766857855452382e-01 1.924245835679493e-12 -1.256637061433211e+01 1.037571695796719e+00 2.766857855455149e-01 -1.256637061434468e+01 1.449199889106462e-11 1.037571695796719e+00 2.766857855455149e-01 -1.256637061434468e+01 1.449199889106462e-11 1.037571695796719e+00 -1.256637061434468e+01 2.766857855452382e-01 -1.256637061433211e+01 9.999999999966935e-01 0.000000000000000e+00 1.449199889106462e-11 0.000000000000000e+00 7.306744312708547e-12 1.728630297438935e+00 1.037571695797757e+00 1.924245835679493e-12 0.000000000000000e+00 0.000000000000000e+00 0.000000000000000e+00 0.000000000000000e+00 2.766857855455149e-01 1.449199889106462e-11 9.999999999966935e-01 1.449199889106462e-11 0.000000000000000e+00 0.000000000000000e+00 0.000000000000000e+00 0.000000000000000e+00 0.000000000000000e+00 0.000000000000000e+00 0.000000000000000e+00 0.000000000000000e+00 

Operating point
950 1 1 0 -0 -0 0 0 0 0 -0 -0 0 1 7.30674e-12 0 1.72863 1 -0 -0 -0 1 0 0 0 1.03757 0.276686 1.92425e-12 -12.5664 1.03757 0.276686 -12.5664 1.4492e-11 1.03757 0.276686 -12.5664 1.4492e-11 1.03757 -12.5664 0.276686 -12.5664 1 0 1.4492e-11 0 7.30674e-12 1.72863 1.03757 1.92425e-12 0 0 0 0 0.276686 1.4492e-11 1 1.4492e-11 0 0 0 0 0 0 0 0 

Transient

***** Element Operating point info:

MultiLayerFilterExp: wg1:exp 
	(Explicit Filtering -- T = 300.15 -- E to E)
	Channel: 0
		 Input: l1:fixed:950
			l1:fixed:950  Carrier Lambda: 950 nm  -- MP vars
				Mode 0
					(fwd: 14,16):  Pow: 1.0000000000e+00 Phi: 0.0000000000e+00  Mag: 1.0000000000e+00 E_f =  1.0000000000e+00 + 0.0000000000e+00i
					(rev: 15,17):  Pow: 5.3388512451e-23 Phi: 1.7286302974e+00  Mag: 7.3067443127e-12 E_f =  -1.1484702078e-12 + 7.2159218838e-12i
								Total Power Fwd: 1 Rev: 5.33885e-23

			Extra
					(rev: 46,47):  Pow: 5.3388512451e-23 Phi: 1.7286302974e+00  Mag: 7.3067443127e-12 E_f =  -1.1484702078e-12 + 7.2159218838e-12i
								Total Power Fwd: 0 Rev: 5.33885e-23

		Interface (0): wg1:exp:c(0):I1(0) T= 300.15 NonLinear
			N1 = 1.1 N2 = 1.9 (1.9)T = 300.15
				Tf^2 = 0.928889 Rf^2 = 0.0711111  Tb^2 = 0.928889 Rb^2 = 0.0711111 Tf+Rf = 1 Tb+Rb = 1 
			Rf = -0.266667 	Tf = 0.963789 	Rb = 0.266667 	Tb = 0.963789 

		 Layer (1) Phi= -12.5664 (0)  Atten = 1 N = 1.9 V1 = 0 V2 = 0 T = 300.15
			Inter1: wg1:exp:inter1(0):fixed:950 (MP)
			wg1:exp:inter1(0):fixed:950  Carrier Lambda: 950 nm  -- MP vars
				Mode 0
					(fwd: 26,28):  Pow: 1.0765550239e+00 Phi: 1.9242458357e-12  Mag: 1.0375716958e+00 E_f =  1.0375716958e+00 + 1.9965430149e-12i
					(rev: 27,29):  Pow: 7.6555023923e-02 Phi: -1.2566370614e+01  Mag: 2.7668578555e-01 E_f =  2.7668578555e-01 + 7.4870436459e-12i
								Total Power Fwd: 1.07656 Rev: 0.076555

			Inter2: wg1:exp:inter2(0):fixed:950 (MP)
			wg1:exp:inter2(0):fixed:950  Carrier Lambda: 950 nm  -- MP vars
				Mode 0
					(fwd: 30,32):  Pow: 1.0765550239e+00 Phi: -1.2566370614e+01  Mag: 1.0375716958e+00 E_f =  1.0375716958e+00 + 1.5036498306e-11i
					(rev: 31,33):  Pow: 7.6555023923e-02 Phi: 1.4491998891e-11  Mag: 2.7668578555e-01 E_f =  2.7668578555e-01 + 4.0097300973e-12i
								Total Power Fwd: 1.07656 Rev: 0.076555

			Inter3: wg1:exp:inter3(0):fixed:950 (MP) dt = 6.33772e-15
			wg1:exp:inter3(0):fixed:950  Carrier Lambda: 950 nm  -- MP vars
				Mode 0
					(fwd: 34,36):  Pow: 1.0765550239e+00 Phi: -1.2566370614e+01  Mag: 1.0375716958e+00 E_f =  1.0375716958e+00 + 1.5036498306e-11i
					(rev: 35,37):  Pow: 7.6555023923e-02 Phi: 1.4491998891e-11  Mag: 2.7668578555e-01 E_f =  2.7668578555e-01 + 4.0097300973e-12i
								Total Power Fwd: 1.07656 Rev: 0.076555

			ExtraNodes (MP)
			Delay queues (MP):
				Mode 0
					(fwd: 38,39):  Pow: 1.0765550239e+00 Phi: -1.2566370614e+01  Mag: 1.0375716958e+00 E_f =  1.0375716958e+00 + 1.5036498306e-11i
					(rev: 40,41):  Pow: 7.6555023923e-02 Phi: -1.2566370614e+01  Mag: 2.7668578555e-01 E_f =  2.7668578555e-01 + 7.4870436459e-12i
								Total Power Fwd: 1.07656 Rev: 0.076555

			Extra Inter1
				Mode 0
					(fwd: 48,49):  Pow: 1.0765550239e+00 Phi: 1.9242458357e-12  Mag: 1.0375716958e+00 E_f =  1.0375716958e+00 + 1.9965430149e-12i
								Total Power Fwd: 1.07656 Rev: 0

		Interface (1): wg1:exp:c(0):I1(1) T = 300.15 NonLinear
			N1 = 1.9 (1.9) N2 = 1.1
				Tf^2 = 0.928889 Rf^2 = 0.0711111  Tb^2 = 0.928889 Rb^2 = 0.0711111 Tf+Rf = 1 Tb+Rb = 1 
			Rf = 0.266667 	Tf = 0.963789 	Rb = -0.266667 	Tb = 0.963789 

		 Output: l2:fixed:950
			l2:fixed:950  Carrier Lambda: 950 nm  -- MP vars
				Mode 0
					(fwd: 42,44):  Pow: 9.9999999999e-01 Phi: 1.4491998891e-11  Mag: 1.0000000000e+00 E_f =  1.0000000000e+00 + 1.4491998891e-11i
					(rev: 43,45):  Pow: 0.0000000000e+00 Phi: 0.0000000000e+00  Mag: 0.0000000000e+00 E_f =  0.0000000000e+00 + 0.0000000000e+00i
								Total Power Fwd: 1 Rev: 0

			Extra
				Mode 0
					(fwd: 56,57):  Pow: 9.9999999999e-01 Phi: 1.4491998891e-11  Mag: 1.0000000000e+00 E_f =  1.0000000000e+00 + 1.4491998891e-11i
								Total Power Fwd: 1 Rev: 0

IndSource:                       v1 (V source)
			V: 1.0000000000e+00 I: 0.0000000000e+00 

IndSource:                       v2 (V source)
			V: 0.0000000000e+00 I: 0.0000000000e+00 

Cw_Source: cw1 
	 Channel : 0 -- n1: 18 n2: 20 -- Fixed Lambda
		 Freqshift: 0
			l1:fixed:950  Carrier Lambda: 950 nm  -- MP vars
				Mode 0
					(fwd: 14,16):  Pow: 1.0000000000e+00 Phi: 0.0000000000e+00  Mag: 1.0000000000e+00 E_f =  1.0000000000e+00 + 0.0000000000e+00i
					(rev: 15,17):  Pow: 5.3388512451e-23 Phi: 1.7286302974e+00  Mag: 7.3067443127e-12 E_f =  -1.1484702078e-12 + 7.2159218838e-12i
								Total Power Fwd: 1 Rev: 5.33885e-23

Mirror: mir1
	Channel:0
			l2:fixed:950  Carrier Lambda: 950 nm  -- MP vars
				Mode 0
					(fwd: 42,44):  Pow: 9.9999999999e-01 Phi: 1.4491998891e-11  Mag: 1.0000000000e+00 E_f =  1.0000000000e+00 + 1.4491998891e-11i
					(rev: 43,45):  Pow: 0.0000000000e+00 Phi: 0.0000000000e+00  Mag: 0.0000000000e+00 E_f =  0.0000000000e+00 + 0.0000000000e+00i
								Total Power Fwd: 1 Rev: 0



***** Node Operating Point Values 
	wg1                           	Port: 1 
	                              	mode: l1:fixed:950 
	                              		dir: FWD
	                              			TE Fields: 1.0000000000e+00 0.0000000000e+00 

	wg1                           	Port: 2 
	                              	mode: l2:fixed:950 
	                              		dir: FWD
	                              			TE Fields: 1.0000000000e+00 1.4491998891e-11 

	v1                            	Port:     1	V = 1.0000000000e+00
	v1                            	Port:     1	I = 0.0000000000e+00
	v1                            	Port:     2	I = -0.0000000000e+00
	v2                            	Port:     1	V = 0.0000000000e+00
	v2                            	Port:     1	I = 0.0000000000e+00
	v2                            	Port:     2	I = -0.0000000000e+00
	cw1                           	Port:     1	V = 1.0000000000e+00
	cw1                           	Port:     1	I = -0.0000000000e+00
	cw1                           	Port:     2	V = 0.0000000000e+00
	cw1                           	Port:     2	I = -0.0000000000e+00
	cw1                           	Port: 3 
	                              	mode: l1:fixed:950 
	                              		dir: FWD
	                              			TE Fields: 1.0000000000e+00 0.0000000000e+00 
	                              			TM Fields: 0.0000000000e+00 0.0000000000e+00 
	                              		dir: REV
	                              			TE Fields: -1.1484702078e-12 7.2159218838e-12 
	                              			TM Fields: 0.0000000000e+00 0.0000000000e+00 

	wg1                           	Port: 1 
	                              	mode: l1:fixed:950 
	                              		dir: FWD
	                              			TE Fields: 1.0000000000e+00 0.0000000000e+00 
	                              			TM Fields: 0.0000000000e+00 0.0000000000e+00 
	                              		dir: REV
	                              			TE Fields: -1.1484702078e-12 7.2159218838e-12 
	                              			TM Fields: 0.0000000000e+00 0.0000000000e+00 

	wg1                           	Port: 2 
	                              	mode: l2:fixed:950 
	                              		dir: FWD
	                              			TE Fields: 1.0000000000e+00 1.4491998891e-11 
	                              			TM Fields: 0.0000000000e+00 0.0000000000e+00 
	                              		dir: REV
	                              			TE Fields: 0.0000000000e+00 0.0000000000e+00 
	                              			TM Fields: 0.0000000000e+00 0.0000000000e+00 

	wg1:exp                       	Port: 1 
	                              	mode: l1:fixed:950 
	                              		dir: FWD
	                              			TE Fields: 1.0000000000e+00 0.0000000000e+00 
	                              			TM Fields: 0.0000000000e+00 0.0000000000e+00 
	                              		dir: REV
	                              			TE Fields: -1.1484702078e-12 7.2159218838e-12 
	                              			TM Fields: 0.0000000000e+00 0.0000000000e+00 

	wg1:exp                       	Port: 2 
	                              	mode: l2:fixed:950 
	                              		dir: FWD
	                              			TE Fields: 1.0000000000e+00 1.4491998891e-11 
	                              			TM Fields: 0.0000000000e+00 0.0000000000e+00 
	                              		dir: REV
	                              			TE Fields: 0.0000000000e+00 0.0000000000e+00 
	                              			TM Fields: 0.0000000000e+00 0.0000000000e+00 

	mir1                          	Port: 1 
	                              	mode: l2:fixed:950 
	                              		dir: FWD
	                              			TE Fields: 1.0000000000e+00 1.4491998891e-11 
	                              			TM Fields: 0.0000000000e+00 0.0000000000e+00 
	                              		dir: REV
	                              			TE Fields: 0.0000000000e+00 0.0000000000e+00 
	                              			TM Fields: 0.0000000000e+00 0.0000000000e+00 


***** 
Transient ... 

t: 1e-13 t(sc) 1e-05 iter: 1 repeat_nr_iter: 0 h: 1e-05 Status: MP BACKE PhiWrapSimple

new h (LTE): 0.00145403 : d3 56 6.36848e-08 : h 46 0.00145403 

	D3: x: 1.4492e-11 x1: 1.4492e-11 x2: 1.4492e-11 x3: 1.4492e-11
new h (Growth limit): 2e-05 

t = 1e-13 (0%)
t: 3e-13 t(sc) 3e-05 iter: 1 repeat_nr_iter: 0 h: 2e-05 Status: MP BACKE PhiWrapLinear

new h (LTE): 0.0016071 : d3 46 942.431 : h 46 0.0016071 

	D3: x: 1.72863 x1: 1.72863 x2: 1.72863 x3: 1.72863
new h (Growth limit): 4e-05 

t: 7e-13 t(sc) 7e-05 iter: 1 repeat_nr_iter: 0 h: 4e-05 Status: MP BACKE PhiWrapLinear

new h (LTE): 0.00487709 : d3 56 3.98405e-09 : h 46 0.00487709 

	D3: x: 1.4492e-11 x1: 1.4492e-11 x2: 1.4492e-11 x3: 1.4492e-11
new h (Growth limit): 8e-05 

t: 1.5e-12 t(sc) 0.00015 iter: 1 repeat_nr_iter: 0 h: 8e-05 Status: MP BACKE PhiWrapLinear

new h (LTE): 0.0167326 : d3 46 8.69373 : h 46 0.0167326 

	D3: x: 1.72863 x1: 1.72863 x2: 1.72863 x3: 1.72863
new h (Growth limit): 0.00016 

t: 3.1e-12 t(sc) 0.00031 iter: 1 repeat_nr_iter: 0 h: 0.00016 Status: MP BACKE PhiWrapLinear

new h (LTE): 0.0574333 : d3 56 3.56273e-11 : h 46 0.0574333 

	D3: x: 1.4492e-11 x1: 1.4492e-11 x2: 1.4492e-11 x3: 1.4492e-11
new h (Growth limit): 0.00032 
Switching integration method and stepping back one step at 1.5e-12 to Trap
t: 3.1e-12 t(sc) 0.00031 iter: 1 repeat_nr_iter: 0 h: 0.00016 Status: MP TRAP PhiWrapLinear

new h (LTE): 0.0016243 : d3 56 1.62455e-06 : h 46 0.0016243 

	D3: x: 1.4492e-11 x1: 1.4492e-11 x2: 1.4492e-11 x3: 1.4492e-11
new h (Growth limit): 0.00032 

t: 6.3e-12 t(sc) 0.00063 iter: 1 repeat_nr_iter: 0 h: 0.00032 Status: MP TRAP PhiWrapLinear

new h (LTE): 0.00425889 : d3 46 1890.9 : h 46 0.00425889 

	D3: x: 1.72863 x1: 1.72863 x2: 1.72863 x3: 1.72863
new h (Growth limit): 0.00064 

t: 1.27e-11 t(sc) 0.00127 iter: 1 repeat_nr_iter: 0 h: 0.00064 Status: MP TRAP PhiWrapLinear

new h (LTE): 0.00818355 : d3 56 1.24368e-08 : h 46 0.00818355 

	D3: x: 1.4492e-11 x1: 1.4492e-11 x2: 1.4492e-11 x3: 1.4492e-11
new h (Growth limit): 0.00128 
Switching integration method and stepping back two steps at 1.5e-12 to BE
t: 3.1e-12 t(sc) 0.00031 iter: 1 repeat_nr_iter: 0 h: 0.00016 Status: MP BACKE PhiWrapLinear

new h (LTE): 0.0574333 : d3 56 3.56273e-11 : h 46 0.0574333 

	D3: x: 1.4492e-11 x1: 1.4492e-11 x2: 1.4492e-11 x3: 1.4492e-11
new h (Growth limit): 0.00032 

t: 6.3e-12 t(sc) 0.00063 iter: 1 repeat_nr_iter: 0 h: 0.00032 Status: MP BACKE PhiWrapLinear

new h (LTE): 0.192359 : d3 46 0.0657824 : h 46 0.192359 

	D3: x: 1.72863 x1: 1.72863 x2: 1.72863 x3: 1.72863
new h (Growth limit): 0.00064 

t: 1.27e-11 t(sc) 0.00127 iter: 1 repeat_nr_iter: 0 h: 0.00064 Status: MP BACKE PhiWrapLinear

new h (LTE): 0.643731 : d3 56 2.75803e-13 : h 46 0.643731 

	D3: x: 1.4492e-11 x1: 1.4492e-11 x2: 1.4492e-11 x3: 1.4492e-11
new h (Growth limit): 0.00128 

t: 2.55e-11 t(sc) 0.00255 iter: 1 repeat_nr_iter: 0 h: 0.00128 Status: MP BACKE PhiWrapLinear

new h (LTE): 2.13914 : d3 46 0.000531932 : h 46 2.13914 

	D3: x: 1.72863 x1: 1.72863 x2: 1.72863 x3: 1.72863
new h (Growth limit): 0.00256 

t: 5.11e-11 t(sc) 0.00511 iter: 1 repeat_nr_iter: 0 h: 0.00256 Status: MP BACKE PhiWrapLinear

new h (LTE): 2.64575 : d3 56 2.24329e-15 : h 3 2.64575 

	D3: x: 1.4492e-11 x1: 1.4492e-11 x2: 1.4492e-11 x3: 1.4492e-11
new h (Growth limit): 0.00512 
Switching integration method and stepping back one step at 2.55e-11 to Trap
t: 5.11e-11 t(sc) 0.00511 iter: 1 repeat_nr_iter: 0 h: 0.00256 Status: MP TRAP PhiWrapLinear

new h (LTE): 0.103659 : d3 56 6.10401e-12 : h 46 0.103659 

	D3: x: 1.4492e-11 x1: 1.4492e-11 x2: 1.4492e-11 x3: 1.4492e-11
new h (Growth limit): 0.00512 

t: 1.023e-10 t(sc) 0.01023 iter: 1 repeat_nr_iter: 0 h: 0.00512 Status: MP TRAP PhiWrapLinear

new h (LTE): 0.26627 : d3 46 0.00773637 : h 46 0.26627 

	D3: x: 1.72863 x1: 1.72863 x2: 1.72863 x3: 1.72863
new h (Growth limit): 0.01024 

t: 2.047e-10 t(sc) 0.02047 iter: 1 repeat_nr_iter: 0 h: 0.01024 Status: MP TRAP PhiWrapLinear

new h (LTE): 0.509859 : d3 56 5.12227e-14 : h 46 0.509859 

	D3: x: 1.4492e-11 x1: 1.4492e-11 x2: 1.4492e-11 x3: 1.4492e-11
new h (Growth limit): 0.02048 
new h (Max): 0.02 

t: 4.047e-10 t(sc) 0.04047 iter: 1 repeat_nr_iter: 0 h: 0.02 Status: MP TRAP PhiWrapLinear

new h (LTE): 0.843814 : d3 46 0.00024308 : h 46 0.843814 

	D3: x: 1.72863 x1: 1.72863 x2: 1.72863 x3: 1.72863
new h (Growth limit): 0.04 
new h (Max): 0.02 

t: 6.047e-10 t(sc) 0.06047 iter: 1 repeat_nr_iter: 0 h: 0.02 Status: MP TRAP PhiWrapLinear

new h (LTE): 1.12188 : d3 56 4.8083e-15 : h 46 1.12188 

	D3: x: 1.4492e-11 x1: 1.4492e-11 x2: 1.4492e-11 x3: 1.4492e-11
new h (Growth limit): 0.04 
new h (Max): 0.02 

t = 6.047e-10 (5%)
t: 8.047e-10 t(sc) 0.08047 iter: 1 repeat_nr_iter: 0 h: 0.02 Status: MP TRAP PhiWrapLinear

new h (LTE): 1.07932 : d3 46 0.000116154 : h 46 1.07932 

	D3: x: 1.72863 x1: 1.72863 x2: 1.72863 x3: 1.72863
new h (Growth limit): 0.04 
new h (Max): 0.02 

t: 1.0047e-09 t(sc) 0.10047 iter: 1 repeat_nr_iter: 0 h: 0.02 Status: MP TRAP PhiWrapLinear

new h (LTE): 0.899568 : d3 56 9.32652e-15 : h 46 0.899568 

	D3: x: 1.4492e-11 x1: 1.4492e-11 x2: 1.4492e-11 x3: 1.4492e-11
new h (Growth limit): 0.04 
new h (Max): 0.02 

t = 1.0047e-09 (10%)
t: 1.2047e-09 t(sc) 0.12047 iter: 1 repeat_nr_iter: 0 h: 0.02 Status: MP TRAP PhiWrapLinear

new h (LTE): 0.749752 : d3 46 0.000346527 : h 46 0.749752 

	D3: x: 1.72863 x1: 1.72863 x2: 1.72863 x3: 1.72863
new h (Growth limit): 0.04 
new h (Max): 0.02 
Switching integration method and stepping back two steps at 6.047e-10 to BE
t: 8.047e-10 t(sc) 0.08047 iter: 1 repeat_nr_iter: 0 h: 0.02 Status: MP BACKE PhiWrapLinear

new h (LTE): 2.64575 : d3 46 3.01611e-06 : h 3 2.64575 

	D3: x: 1.72863 x1: 1.72863 x2: 1.72863 x3: 1.72863
new h (Growth limit): 0.04 
new h (Max): 0.02 

t: 1.0047e-09 t(sc) 0.10047 iter: 1 repeat_nr_iter: 0 h: 0.02 Status: MP BACKE PhiWrapLinear

new h (LTE): 2.64575 : d3 56 8.86007e-17 : h 3 2.64575 

	D3: x: 1.4492e-11 x1: 1.4492e-11 x2: 1.4492e-11 x3: 1.4492e-11
new h (Growth limit): 0.04 
new h (Max): 0.02 

t: 1.2047e-09 t(sc) 0.12047 iter: 1 repeat_nr_iter: 0 h: 0.02 Status: MP BACKE PhiWrapLinear

new h (LTE): 2.64575 : d3 46 6.9299e-07 : h 3 2.64575 

	D3: x: 1.72863 x1: 1.72863 x2: 1.72863 x3: 1.72863
new h (Growth limit): 0.04 
new h (Max): 0.02 

t: 1.4047e-09 t(sc) 0.14047 iter: 1 repeat_nr_iter: 0 h: 0.02 Status: MP BACKE PhiWrapLinear

new h (LTE): 2.64575 : d3 56 1.17138e-17 : h 3 2.64575 

	D3: x: 1.4492e-11 x1: 1.4492e-11 x2: 1.4492e-11 x3: 1.4492e-11
new h (Growth limit): 0.04 
new h (Max): 0.02 

t: 1.6047e-09 t(sc) 0.16047 iter: 1 repeat_nr_iter: 0 h: 0.02 Status: MP BACKE PhiWrapLinear

new h (LTE): 2.64575 : d3 46 9.16162e-08 : h 3 2.64575 

	D3: x: 1.72863 x1: 1.72863 x2: 1.72863 x3: 1.72863
new h (Growth limit): 0.04 
new h (Max): 0.02 
Switching integration method and stepping back one step at 1.4047e-09 to Trap
t: 1.6047e-09 t(sc) 0.16047 iter: 1 repeat_nr_iter: 0 h: 0.02 Status: MP TRAP PhiWrapLinear

new h (LTE): 1.91292 : d3 46 6.13358e-06 : h 3 1.91292 

	D3: x: 1.72863 x1: 1.72863 x2: 1.72863 x3: 1.72863
new h (Growth limit): 0.04 
new h (Max): 0.02 

t = 1.6047e-09 (15%)
t: 1.8047e-09 t(sc) 0.18047 iter: 1 repeat_nr_iter: 0 h: 0.02 Status: MP TRAP PhiWrapLinear

new h (LTE): 1.91292 : d3 56 1.93155e-16 : h 3 1.91292 

	D3: x: 1.4492e-11 x1: 1.4492e-11 x2: 1.4492e-11 x3: 1.4492e-11
new h (Growth limit): 0.04 
new h (Max): 0.02 

t: 2.0047e-09 t(sc) 0.20047 iter: 1 repeat_nr_iter: 0 h: 0.02 Status: MP TRAP PhiWrapLinear

new h (LTE): 1.91292 : d3 46 6.05672e-06 : h 3 1.91292 

	D3: x: 1.72863 x1: 1.72863 x2: 1.72863 x3: 1.72863
new h (Growth limit): 0.04 
new h (Max): 0.02 

t = 2.0047e-09 (20%)
t: 2.2047e-09 t(sc) 0.22047 iter: 1 repeat_nr_iter: 0 h: 0.02 Status: MP TRAP PhiWrapLinear

new h (LTE): 1.91292 : d3 56 4.86323e-16 : h 3 1.91292 

	D3: x: 1.4492e-11 x1: 1.4492e-11 x2: 1.4492e-11 x3: 1.4492e-11
new h (Growth limit): 0.04 
new h (Max): 0.02 

t: 2.4047e-09 t(sc) 0.24047 iter: 1 repeat_nr_iter: 0 h: 0.02 Status: MP TRAP PhiWrapLinear

new h (LTE): 1.91292 : d3 46 1.80693e-05 : h 3 1.91292 

	D3: x: 1.72863 x1: 1.72863 x2: 1.72863 x3: 1.72863
new h (Growth limit): 0.04 
new h (Max): 0.02 

t: 2.6047e-09 t(sc) 0.26047 iter: 1 repeat_nr_iter: 0 h: 0.02 Status: MP TRAP PhiWrapLinear

new h (LTE): 1.67261 : d3 56 1.45086e-15 : h 46 1.67261 

	D3: x: 1.4492e-11 x1: 1.4492e-11 x2: 1.4492e-11 x3: 1.4492e-11
new h (Growth limit): 0.04 
new h (Max): 0.02 

t = 2.6047e-09 (25%)
t: 2.8047e-09 t(sc) 0.28047 iter: 1 repeat_nr_iter: 0 h: 0.02 Status: MP TRAP PhiWrapLinear

new h (LTE): 1.39405 : d3 46 5.39067e-05 : h 46 1.39405 

	D3: x: 1.72863 x1: 1.72863 x2: 1.72863 x3: 1.72863
new h (Growth limit): 0.04 
new h (Max): 0.02 

t: 3.0047e-09 t(sc) 0.30047 iter: 1 repeat_nr_iter: 0 h: 0.02 Status: MP TRAP PhiWrapLinear

new h (LTE): 1.16189 : d3 56 4.32839e-15 : h 46 1.16189 

	D3: x: 1.4492e-11 x1: 1.4492e-11 x2: 1.4492e-11 x3: 1.4492e-11
new h (Growth limit): 0.04 
new h (Max): 0.02 

t = 3.0047e-09 (30%)
t: 3.2047e-09 t(sc) 0.32047 iter: 1 repeat_nr_iter: 0 h: 0.02 Status: MP TRAP PhiWrapLinear

new h (LTE): 0.968384 : d3 46 0.000160822 : h 46 0.968384 

	D3: x: 1.72863 x1: 1.72863 x2: 1.72863 x3: 1.72863
new h (Growth limit): 0.04 
new h (Max): 0.02 

t: 3.4047e-09 t(sc) 0.34047 iter: 1 repeat_nr_iter: 0 h: 0.02 Status: MP TRAP PhiWrapLinear

new h (LTE): 0.807108 : d3 56 1.2913e-14 : h 46 0.807108 

	D3: x: 1.4492e-11 x1: 1.4492e-11 x2: 1.4492e-11 x3: 1.4492e-11
new h (Growth limit): 0.04 
new h (Max): 0.02 
Switching integration method and stepping back two steps at 2.8047e-09 to BE
t: 3.0047e-09 t(sc) 0.30047 iter: 1 repeat_nr_iter: 0 h: 0.02 Status: MP BACKE PhiWrapLinear

new h (LTE): 2.64575 : d3 56 1.12393e-16 : h 3 2.64575 

	D3: x: 1.4492e-11 x1: 1.4492e-11 x2: 1.4492e-11 x3: 1.4492e-11
new h (Growth limit): 0.04 
new h (Max): 0.02 

t: 3.2047e-09 t(sc) 0.32047 iter: 1 repeat_nr_iter: 0 h: 0.02 Status: MP BACKE PhiWrapLinear

new h (LTE): 2.64575 : d3 46 1.52777e-06 : h 3 2.64575 

	D3: x: 1.72863 x1: 1.72863 x2: 1.72863 x3: 1.72863
new h (Growth limit): 0.04 
new h (Max): 0.02 

t: 3.4047e-09 t(sc) 0.34047 iter: 1 repeat_nr_iter: 0 h: 0.02 Status: MP BACKE PhiWrapLinear

new h (LTE): 2.64575 : d3 56 2.58244e-17 : h 3 2.64575 

	D3: x: 1.4492e-11 x1: 1.4492e-11 x2: 1.4492e-11 x3: 1.4492e-11
new h (Growth limit): 0.04 
new h (Max): 0.02 

t: 3.6047e-09 t(sc) 0.36047 iter: 1 repeat_nr_iter: 0 h: 0.02 Status: MP BACKE PhiWrapLinear

new h (LTE): 2.64575 : d3 46 2.01979e-07 : h 3 2.64575 

	D3: x: 1.72863 x1: 1.72863 x2: 1.72863 x3: 1.72863
new h (Growth limit): 0.04 
new h (Max): 0.02 

t = 3.6047e-09 (35%)
t: 3.8047e-09 t(sc) 0.38047 iter: 1 repeat_nr_iter: 0 h: 0.02 Status: MP BACKE PhiWrapLinear

new h (LTE): 2.64575 : d3 56 3.4141e-18 : h 3 2.64575 

	D3: x: 1.4492e-11 x1: 1.4492e-11 x2: 1.4492e-11 x3: 1.4492e-11
new h (Growth limit): 0.04 
new h (Max): 0.02 
Switching integration method and stepping back one step at 3.6047e-09 to Trap
t: 3.8047e-09 t(sc) 0.38047 iter: 1 repeat_nr_iter: 0 h: 0.02 Status: MP TRAP PhiWrapLinear

new h (LTE): 1.91292 : d3 56 2.28571e-16 : h 3 1.91292 

	D3: x: 1.4492e-11 x1: 1.4492e-11 x2: 1.4492e-11 x3: 1.4492e-11
new h (Growth limit): 0.04 
new h (Max): 0.02 

t: 4.0047e-09 t(sc) 0.40047 iter: 1 repeat_nr_iter: 0 h: 0.02 Status: MP TRAP PhiWrapLinear

new h (LTE): 1.91292 : d3 46 3.33058e-06 : h 3 1.91292 

	D3: x: 1.72863 x1: 1.72863 x2: 1.72863 x3: 1.72863
new h (Growth limit): 0.04 
new h (Max): 0.02 

t = 4.0047e-09 (40%)
t: 4.2047e-09 t(sc) 0.42047 iter: 1 repeat_nr_iter: 0 h: 0.02 Status: MP TRAP PhiWrapLinear

new h (LTE): 1.91292 : d3 56 2.25701e-16 : h 3 1.91292 

	D3: x: 1.4492e-11 x1: 1.4492e-11 x2: 1.4492e-11 x3: 1.4492e-11
new h (Growth limit): 0.04 
new h (Max): 0.02 

t: 4.4047e-09 t(sc) 0.44047 iter: 1 repeat_nr_iter: 0 h: 0.02 Status: MP TRAP PhiWrapLinear

new h (LTE): 1.91292 : d3 46 8.38584e-06 : h 3 1.91292 

	D3: x: 1.72863 x1: 1.72863 x2: 1.72863 x3: 1.72863
new h (Growth limit): 0.04 
new h (Max): 0.02 

t: 4.6047e-09 t(sc) 0.46047 iter: 1 repeat_nr_iter: 0 h: 0.02 Status: MP TRAP PhiWrapLinear

new h (LTE): 1.91292 : d3 56 6.73337e-16 : h 3 1.91292 

	D3: x: 1.4492e-11 x1: 1.4492e-11 x2: 1.4492e-11 x3: 1.4492e-11
new h (Growth limit): 0.04 
new h (Max): 0.02 

t = 4.6047e-09 (45%)
t: 4.8047e-09 t(sc) 0.48047 iter: 1 repeat_nr_iter: 0 h: 0.02 Status: MP TRAP PhiWrapLinear

new h (LTE): 1.80057 : d3 46 2.50178e-05 : h 46 1.80057 

	D3: x: 1.72863 x1: 1.72863 x2: 1.72863 x3: 1.72863
new h (Growth limit): 0.04 
new h (Max): 0.02 

t: 5.0047e-09 t(sc) 0.50047 iter: 1 repeat_nr_iter: 0 h: 0.02 Status: MP TRAP PhiWrapLinear

new h (LTE): 1.5007 : d3 56 2.00878e-15 : h 46 1.5007 

	D3: x: 1.4492e-11 x1: 1.4492e-11 x2: 1.4492e-11 x3: 1.4492e-11
new h (Growth limit): 0.04 
new h (Max): 0.02 

t = 5.0047e-09 (50%)
t: 5.2047e-09 t(sc) 0.52047 iter: 1 repeat_nr_iter: 0 h: 0.02 Status: MP TRAP PhiWrapLinear

new h (LTE): 1.25077 : d3 46 7.46365e-05 : h 46 1.25077 

	D3: x: 1.72863 x1: 1.72863 x2: 1.72863 x3: 1.72863
new h (Growth limit): 0.04 
new h (Max): 0.02 

t: 5.4047e-09 t(sc) 0.54047 iter: 1 repeat_nr_iter: 0 h: 0.02 Status: MP TRAP PhiWrapLinear

new h (LTE): 1.04246 : d3 56 5.99287e-15 : h 46 1.04246 

	D3: x: 1.4492e-11 x1: 1.4492e-11 x2: 1.4492e-11 x3: 1.4492e-11
new h (Growth limit): 0.04 
new h (Max): 0.02 

t: 5.6047e-09 t(sc) 0.56047 iter: 1 repeat_nr_iter: 0 h: 0.02 Status: MP TRAP PhiWrapLinear

new h (LTE): 0.868851 : d3 46 0.000222665 : h 46 0.868851 

	D3: x: 1.72863 x1: 1.72863 x2: 1.72863 x3: 1.72863
new h (Growth limit): 0.04 
new h (Max): 0.02 

t = 5.6047e-09 (55%)
t: 5.8047e-09 t(sc) 0.58047 iter: 1 repeat_nr_iter: 0 h: 0.02 Status: MP TRAP PhiWrapLinear

new h (LTE): 0.724151 : d3 56 1.78787e-14 : h 46 0.724151 

	D3: x: 1.4492e-11 x1: 1.4492e-11 x2: 1.4492e-11 x3: 1.4492e-11
new h (Growth limit): 0.04 
new h (Max): 0.02 
Switching integration method and stepping back two steps at 5.2047e-09 to BE
t: 5.4047e-09 t(sc) 0.54047 iter: 1 repeat_nr_iter: 0 h: 0.02 Status: MP BACKE PhiWrapLinear

new h (LTE): 2.64575 : d3 56 1.55614e-16 : h 3 2.64575 

	D3: x: 1.4492e-11 x1: 1.4492e-11 x2: 1.4492e-11 x3: 1.4492e-11
new h (Growth limit): 0.04 
new h (Max): 0.02 

t: 5.6047e-09 t(sc) 0.56047 iter: 1 repeat_nr_iter: 0 h: 0.02 Status: MP BACKE PhiWrapLinear

new h (LTE): 2.64575 : d3 46 2.11527e-06 : h 3 2.64575 

	D3: x: 1.72863 x1: 1.72863 x2: 1.72863 x3: 1.72863
new h (Growth limit): 0.04 
new h (Max): 0.02 

t: 5.8047e-09 t(sc) 0.58047 iter: 1 repeat_nr_iter: 0 h: 0.02 Status: MP BACKE PhiWrapLinear

new h (LTE): 2.64575 : d3 56 3.57551e-17 : h 3 2.64575 

	D3: x: 1.4492e-11 x1: 1.4492e-11 x2: 1.4492e-11 x3: 1.4492e-11
new h (Growth limit): 0.04 
new h (Max): 0.02 

t: 6.0047e-09 t(sc) 0.60047 iter: 1 repeat_nr_iter: 0 h: 0.02 Status: MP BACKE PhiWrapLinear

new h (LTE): 2.64575 : d3 46 2.79649e-07 : h 3 2.64575 

	D3: x: 1.72863 x1: 1.72863 x2: 1.72863 x3: 1.72863
new h (Growth limit): 0.04 
new h (Max): 0.02 

t = 6.0047e-09 (60%)
t: 6.2047e-09 t(sc) 0.62047 iter: 1 repeat_nr_iter: 0 h: 0.02 Status: MP BACKE PhiWrapLinear

new h (LTE): 2.64575 : d3 56 4.72699e-18 : h 3 2.64575 

	D3: x: 1.4492e-11 x1: 1.4492e-11 x2: 1.4492e-11 x3: 1.4492e-11
new h (Growth limit): 0.04 
new h (Max): 0.02 
Switching integration method and stepping back one step at 6.0047e-09 to Trap
t: 6.2047e-09 t(sc) 0.62047 iter: 1 repeat_nr_iter: 0 h: 0.02 Status: MP TRAP PhiWrapLinear

new h (LTE): 1.91292 : d3 56 3.16467e-16 : h 3 1.91292 

	D3: x: 1.4492e-11 x1: 1.4492e-11 x2: 1.4492e-11 x3: 1.4492e-11
new h (Growth limit): 0.04 
new h (Max): 0.02 

t: 6.4047e-09 t(sc) 0.64047 iter: 1 repeat_nr_iter: 0 h: 0.02 Status: MP TRAP PhiWrapLinear

new h (LTE): 1.91292 : d3 46 4.61137e-06 : h 3 1.91292 

	D3: x: 1.72863 x1: 1.72863 x2: 1.72863 x3: 1.72863
new h (Growth limit): 0.04 
new h (Max): 0.02 

t: 6.6047e-09 t(sc) 0.66047 iter: 1 repeat_nr_iter: 0 h: 0.02 Status: MP TRAP PhiWrapLinear

new h (LTE): 1.91292 : d3 56 3.12494e-16 : h 3 1.91292 

	D3: x: 1.4492e-11 x1: 1.4492e-11 x2: 1.4492e-11 x3: 1.4492e-11
new h (Growth limit): 0.04 
new h (Max): 0.02 

t = 6.6047e-09 (65%)
t: 6.8047e-09 t(sc) 0.68047 iter: 1 repeat_nr_iter: 0 h: 0.02 Status: MP TRAP PhiWrapLinear

new h (LTE): 1.91292 : d3 46 1.16106e-05 : h 3 1.91292 

	D3: x: 1.72863 x1: 1.72863 x2: 1.72863 x3: 1.72863
new h (Growth limit): 0.04 
new h (Max): 0.02 

t: 7.0047e-09 t(sc) 0.70047 iter: 1 repeat_nr_iter: 0 h: 0.02 Status: MP TRAP PhiWrapLinear

new h (LTE): 1.91292 : d3 56 9.32268e-16 : h 3 1.91292 

	D3: x: 1.4492e-11 x1: 1.4492e-11 x2: 1.4492e-11 x3: 1.4492e-11
new h (Growth limit): 0.04 
new h (Max): 0.02 

t = 7.0047e-09 (70%)
t: 7.2047e-09 t(sc) 0.72047 iter: 1 repeat_nr_iter: 0 h: 0.02 Status: MP TRAP PhiWrapLinear

new h (LTE): 1.6155 : d3 46 3.46384e-05 : h 46 1.6155 

	D3: x: 1.72863 x1: 1.72863 x2: 1.72863 x3: 1.72863
new h (Growth limit): 0.04 
new h (Max): 0.02 

t: 7.4047e-09 t(sc) 0.74047 iter: 1 repeat_nr_iter: 0 h: 0.02 Status: MP TRAP PhiWrapLinear

new h (LTE): 1.34645 : d3 56 2.78126e-15 : h 46 1.34645 

	D3: x: 1.4492e-11 x1: 1.4492e-11 x2: 1.4492e-11 x3: 1.4492e-11
new h (Growth limit): 0.04 
new h (Max): 0.02 

t: 7.6047e-09 t(sc) 0.76047 iter: 1 repeat_nr_iter: 0 h: 0.02 Status: MP TRAP PhiWrapLinear

new h (LTE): 1.12221 : d3 46 0.000103338 : h 46 1.12221 

	D3: x: 1.72863 x1: 1.72863 x2: 1.72863 x3: 1.72863
new h (Growth limit): 0.04 
new h (Max): 0.02 

t = 7.6047e-09 (75%)
t: 7.8047e-09 t(sc) 0.78047 iter: 1 repeat_nr_iter: 0 h: 0.02 Status: MP TRAP PhiWrapLinear

new h (LTE): 0.935317 : d3 56 8.29742e-15 : h 46 0.935317 

	D3: x: 1.4492e-11 x1: 1.4492e-11 x2: 1.4492e-11 x3: 1.4492e-11
new h (Growth limit): 0.04 
new h (Max): 0.02 

t: 8.0047e-09 t(sc) 0.80047 iter: 1 repeat_nr_iter: 0 h: 0.02 Status: MP TRAP PhiWrapLinear

new h (LTE): 0.779548 : d3 46 0.000308291 : h 46 0.779548 

	D3: x: 1.72863 x1: 1.72863 x2: 1.72863 x3: 1.72863
new h (Growth limit): 0.04 
new h (Max): 0.02 
Switching integration method and stepping back two steps at 7.4047e-09 to BE
t: 7.6047e-09 t(sc) 0.76047 iter: 1 repeat_nr_iter: 0 h: 0.02 Status: MP BACKE PhiWrapLinear

new h (LTE): 2.64575 : d3 46 2.68332e-06 : h 3 2.64575 

	D3: x: 1.72863 x1: 1.72863 x2: 1.72863 x3: 1.72863
new h (Growth limit): 0.04 
new h (Max): 0.02 

t: 7.8047e-09 t(sc) 0.78047 iter: 1 repeat_nr_iter: 0 h: 0.02 Status: MP BACKE PhiWrapLinear

new h (LTE): 2.64575 : d3 56 7.88245e-17 : h 3 2.64575 

	D3: x: 1.4492e-11 x1: 1.4492e-11 x2: 1.4492e-11 x3: 1.4492e-11
new h (Growth limit): 0.04 
new h (Max): 0.02 

t: 8.0047e-09 t(sc) 0.80047 iter: 1 repeat_nr_iter: 0 h: 0.02 Status: MP BACKE PhiWrapLinear

new h (LTE): 2.64575 : d3 46 6.16525e-07 : h 3 2.64575 

	D3: x: 1.72863 x1: 1.72863 x2: 1.72863 x3: 1.72863
new h (Growth limit): 0.04 
new h (Max): 0.02 

t = 8.0047e-09 (80%)
t: 8.2047e-09 t(sc) 0.82047 iter: 1 repeat_nr_iter: 0 h: 0.02 Status: MP BACKE PhiWrapLinear

new h (LTE): 2.64575 : d3 56 1.04213e-17 : h 3 2.64575 

	D3: x: 1.4492e-11 x1: 1.4492e-11 x2: 1.4492e-11 x3: 1.4492e-11
new h (Growth limit): 0.04 
new h (Max): 0.02 

t: 8.4047e-09 t(sc) 0.84047 iter: 1 repeat_nr_iter: 0 h: 0.02 Status: MP BACKE PhiWrapLinear

new h (LTE): 2.64575 : d3 46 8.1507e-08 : h 3 2.64575 

	D3: x: 1.72863 x1: 1.72863 x2: 1.72863 x3: 1.72863
new h (Growth limit): 0.04 
new h (Max): 0.02 
Switching integration method and stepping back one step at 8.2047e-09 to Trap
t: 8.4047e-09 t(sc) 0.84047 iter: 1 repeat_nr_iter: 0 h: 0.02 Status: MP TRAP PhiWrapLinear

new h (LTE): 1.91292 : d3 46 5.4568e-06 : h 3 1.91292 

	D3: x: 1.72863 x1: 1.72863 x2: 1.72863 x3: 1.72863
new h (Growth limit): 0.04 
new h (Max): 0.02 

t: 8.6047e-09 t(sc) 0.86047 iter: 1 repeat_nr_iter: 0 h: 0.02 Status: MP TRAP PhiWrapLinear

new h (LTE): 1.91292 : d3 56 1.71842e-16 : h 3 1.91292 

	D3: x: 1.4492e-11 x1: 1.4492e-11 x2: 1.4492e-11 x3: 1.4492e-11
new h (Growth limit): 0.04 
new h (Max): 0.02 

t = 8.6047e-09 (85%)
t: 8.8047e-09 t(sc) 0.88047 iter: 1 repeat_nr_iter: 0 h: 0.02 Status: MP TRAP PhiWrapLinear

new h (LTE): 1.91292 : d3 46 5.38844e-06 : h 3 1.91292 

	D3: x: 1.72863 x1: 1.72863 x2: 1.72863 x3: 1.72863
new h (Growth limit): 0.04 
new h (Max): 0.02 

t: 9.0047e-09 t(sc) 0.90047 iter: 1 repeat_nr_iter: 0 h: 0.02 Status: MP TRAP PhiWrapLinear

new h (LTE): 1.91292 : d3 56 4.32662e-16 : h 3 1.91292 

	D3: x: 1.4492e-11 x1: 1.4492e-11 x2: 1.4492e-11 x3: 1.4492e-11
new h (Growth limit): 0.04 
new h (Max): 0.02 

t = 9.0047e-09 (90%)
t: 9.2047e-09 t(sc) 0.92047 iter: 1 repeat_nr_iter: 0 h: 0.02 Status: MP TRAP PhiWrapLinear

new h (LTE): 1.91292 : d3 46 1.60755e-05 : h 3 1.91292 

	D3: x: 1.72863 x1: 1.72863 x2: 1.72863 x3: 1.72863
new h (Growth limit): 0.04 
new h (Max): 0.02 

t: 9.4047e-09 t(sc) 0.94047 iter: 1 repeat_nr_iter: 0 h: 0.02 Status: MP TRAP PhiWrapLinear

new h (LTE): 1.73909 : d3 56 1.29077e-15 : h 46 1.73909 

	D3: x: 1.4492e-11 x1: 1.4492e-11 x2: 1.4492e-11 x3: 1.4492e-11
new h (Growth limit): 0.04 
new h (Max): 0.02 

t: 9.6047e-09 t(sc) 0.96047 iter: 1 repeat_nr_iter: 0 h: 0.02 Status: MP TRAP PhiWrapLinear

new h (LTE): 1.44946 : d3 46 4.79587e-05 : h 46 1.44946 

	D3: x: 1.72863 x1: 1.72863 x2: 1.72863 x3: 1.72863
new h (Growth limit): 0.04 
new h (Max): 0.02 

t = 9.6047e-09 (95%)
t: 9.8047e-09 t(sc) 0.98047 iter: 1 repeat_nr_iter: 0 h: 0.02 Status: MP TRAP PhiWrapLinear

new h (LTE): 1.20806 : d3 56 3.8508e-15 : h 46 1.20806 

	D3: x: 1.4492e-11 x1: 1.4492e-11 x2: 1.4492e-11 x3: 1.4492e-11
new h (Growth limit): 0.04 
new h (Max): 0.02 

t: 1.00047e-08 t(sc) 1.00047 iter: 1 repeat_nr_iter: 0 h: 0.02 Status: MP TRAP PhiWrapLinear

new h (LTE): 1.00687 : d3 46 0.000143076 : h 46 1.00687 

	D3: x: 1.72863 x1: 1.72863 x2: 1.72863 x3: 1.72863
new h (Growth limit): 0.04 
new h (Max): 0.02 

t = 1.00047e-08 (100%)
Number of timesteps: 81
Transient Simulation Done. Num of Nonlin iters: 81 
	Freeing MNA
Freeing Main Circuit ...
	Freeing Nodes and Elements
Cleaning Main Circuit ...
	Freeing Parsed circuit: 'Main Circuit'
