Running OptiSPICE 5.1 (compiled on: Jan  5 2016 10:28:02) 

Copyright 2015 Optiwave Systems Inc. All rights reserved.

	git commit: 651cbe73905eab5871768bdecbe8d86323447f45 MergeFromStaticBuild

Processing Netlist file: waveguide_smt_L1.0_LAM1000_Neff2.5_end.sp

************* FILE: "waveguide_smt_L1.0_LAM1000_Neff2.5_end.sp"  ************

Title "CW Source check "

Osp Jobcontrol Verbosity=DEBUG2

.option ingold=2 DELMAX=.1e-10 ACCURATE=1 RUNLVL=6 NUMDGT=8
.OPTION DCCAP=1 TNOM=27

.param NMODES=1

* Voltage sources
v1 Mag1 0 DC = 1 
v2 Phi1 0 DC = 0 

Osp CWSOURCE   Name=cw1 Nodes = [Mag1 Phi1 l1] MoName = CWmodel lambda = 1.000000e+03
Osp WaveGuide  Name=wg1 Nodes = [l1 l2] MoName=WGmodel
Osp MIRROR     Name=mir1 Nodes = [l2] MoName = Mmodel 

Osp Model Name = Mmodel   type = MIRROR    Ref = 0
Osp Model Name = CWmodel  type = CWSOURCE 
Osp Model Name = WGmodel  type = WaveGuide  Length=1.000000e+00  IncludeTimeDelay=1  neff=[2.500000e+00]  N0=1.1 NF=1.1

% IncludeTimeDelay=1 
.tran .0001e-9 10e-9 nsolver=BACKE nmaxst=.05n nminst=.05n

	
.Monitor OptFields wg1 Format=MagPhi Port=1 dir=IN  Pol=TE
.Monitor OptFields wg1 Format=MagPhi Port=2 dir=OUT Pol=TE
%.Monitor OptFields wg2 Format=MagPhi Port=2 dir=OUT Pol=TE
.end

************* *************** ************

Options ingold=2 DELMAX=.1e-10 ACCURATE=1 RUNLVL=6 NUMDGT=8 
Options DCCAP=1 TNOM=27 
Param P=[ { NMODES 1 } ] 
INDSOURCE EL_Type=V_SOU Name=v1 Nodes=[ Mag1 0 ] dcMode dcValue=1 
INDSOURCE EL_Type=V_SOU Name=v2 Nodes=[ Phi1 0 ] dcMode dcValue=0 
CWSOURCE Name=cw1 Nodes=[ Mag1 Phi1 l1 ] MoName=CWmodel lambda=1.000000e+03 
WaveGuide Name=wg1 Nodes=[ l1 l2 ] MoName=WGmodel 
MIRROR Name=mir1 Nodes=[ l2 ] MoName=Mmodel 
Model Name=Mmodel type=MIRROR Ref=0 
Model Name=CWmodel type=CWSOURCE 
Model Name=WGmodel type=WaveGuide Length=1.000000e+00 IncludeTimeDelay=1 neff=[ 2.500000e+00 ] N0=1.1 NF=1.1 
Transient Tpoints=[ { .0001e-9 10e-9 } ] nsolver=BACKE nmaxst=.05n nminst=.05n 
Monitor Type=OptFields Name=wg1 Format=MagPhi Port=1 dir=IN Pol=TE 
Monitor Type=OptFields Name=wg1 Format=MagPhi Port=2 dir=OUT Pol=TE 
END

Assigning node numbers and stamping


Main Circuit Paras:
	Name=NMODES String=1 Ep = 0x0

Creating: v1

Creating: v2

Creating: cw1
	New Link: l1                                                           Link: 0x7fd932602d30

Creating: wg1
	New Link: l2                                                           Link: 0x7fd9326053d0

Creating: mir1

Circuit after element assignment

Element hash table
	Key: v1                                                           	val: 	845157696 
	Key: v2                                                           	val: 	845160560 
	Key: wg1:exp                                                      	val: 	855658496 
	Key: mir1                                                         	val: 	855662080 
	Key: cw1                                                          	val: 	855649792 
	Key: wg1                                                          	val: 	855655424 

Delay Element hash table

OptFFT Element hash table

Noise Element hash table

Optical Element hash table
	Key: wg1:exp                                                      	val: 	855658496 
	Key: mir1                                                         	val: 	855662080 
	Key: cw1                                                          	val: 	855649792 
	Key: wg1                                                          	val: 	855655424 

Source Optical Element hash table
	Key: cw1                                                          	val: 	855649792 

Elec Init Conditions


Tracing optical sources
	source: cw1 (fixed:1000)  -> wg1:exp (1) 
		-- Return Branch:  -> cw1 (1) 

		-- Through Branch:  -> mir1 (1)  -> wg1:exp (1) 


Stamping: v1

Stamping: v2

Stamping: cw1
Created Optical Mode Shape 'Mode:1 n:1 x:5.0000000000000000e+01 y:5.0000000000000000e+01 m:0 n:0 s:5.0000000000000000e+00 1/r:0.0000000000000000e+00 l:1.0000000000000000e+03' (da4303945ac7743d6828297588969a44dc63e98d)
Adding Optical Mode:        l1:fixed:1000 	      0x7fd932607110

Stamping: wg1
Adding Optical Mode: wg1:exp:inter1(0):fixed:1000 	      0x7fd932608fb0
Adding Optical Mode: wg1:exp:inter2(0):fixed:1000 	      0x7fd932609160
Adding Optical Mode: wg1:exp:inter3(0):fixed:1000 	      0x7fd9326069c0
Adding Optical Mode:        l2:fixed:1000 	      0x7fd932609f20
Stamping OptScatteringVtoV Instance: wg1:exp:c(0):I1(0)
	E to E: l1:fixed:1000 | wg1:exp:inter1(0):fixed:1000
	Linear (E to E) Scattering Mode
	NonLinear Scattering Mode
Linear: -15.708
CreateStampDelay: DELAY Name=wg1:exp:c(0):td(0):c(0):m(0):optmag:delay Del=8.3391023799538009e-15 Gain=1.0000000000000000e+00 Tcoeff=[ 0.0000000000000000e+00 0.0000000000000000e+00 ]
CreateStampDelay: DELAY Name=wg1:exp:c(0):td(0):reverse:c(0):m(0):optmag:delay Del=8.3391023799538009e-15 Gain=1.0000000000000000e+00 Tcoeff=[ 0.0000000000000000e+00 0.0000000000000000e+00 ]
CreateStampDelay: DELAY Name=wg1:exp:c(0):td(0):c(0):m(0):optphi:delay Del=8.3391023799538009e-15 Gain=1.0000000000000000e+00 Tcoeff=[ 0.0000000000000000e+00 0.0000000000000000e+00 ]
CreateStampDelay: DELAY Name=wg1:exp:c(0):td(0):reverse:c(0):m(0):optphi:delay Del=8.3391023799538009e-15 Gain=1.0000000000000000e+00 Tcoeff=[ 0.0000000000000000e+00 0.0000000000000000e+00 ]
Stamping OptScatteringVtoV Instance: wg1:exp:c(0):I1(1)
	E to E: wg1:exp:inter3(0):fixed:1000 | l2:fixed:1000
	Linear (E to E) Scattering Mode
	NonLinear Scattering Mode

Stamping: mir1

Linking optical elements; 
Pre-processing optical elements; evaluating the Oconn overlap integrals and FSE modes 
Mirror DetModes ... 
		mir1 input 0x7fd933005120 output 0x7fd933005120

Stamping free mode   optical elements; 
Processing Mirror: mir1 Version: 6 Switchable: 1
Adding Optical Mode: mir1:terminal:fixed:1000 	      0x7fd932613270
Stamping OptScatteringVtoV Instance: mir1:vtov:c(0)
	E to E: l2:fixed:1000 | mir1:terminal:fixed:1000
	Linear (E to E) Scattering Mode
	NonLinear Scattering Mode

Post Stamping: cw1:c:0:m(0):optphi:iso

Post Stamping: cw1:c:0:m(0):optmag:iso

Circuit after node assignment

Element hash table (including internal elements)
	Key: cw1:c:0:m(0):optphi:iso                                      	val: 	845186928 
	Key: mir1:vtov                                                    	val: 	855854592 
	Key: wg1:exp:c(0):td(0):c(0):m(0):optmag:delay                    	val: 	845212144 
	Key: wg1:exp:c(0):I1(0)                                           	val: 	855714304 
	Key: wg1:exp:c(0):td(0):c(0):m(0):optphi:delay                    	val: 	845216176 
	Key: wg1                                                          	val: 	855655424 
	Key: wg1:exp:c(0):I1(1)                                           	val: 	855848960 
	Key: wg1:exp:c(0):td(0):reverse:c(0):m(0):optphi:delay            	val: 	845217808 
	Key: wg1:exp:c(0):td(0):reverse:c(0):m(0):optmag:delay            	val: 	845214400 
	Key: mir1:vtov:c(0)                                               	val: 	855859712 
	Key: v1                                                           	val: 	845157696 
	Key: v2                                                           	val: 	845160560 
	Key: wg1:exp                                                      	val: 	855658496 
	Key: cw1:c:0:m(0):optmag:iso                                      	val: 	845184816 
	Key: cw1                                                          	val: 	855649792 
	Key: mir1                                                         	val: 	855662080 

Node hash table (size: 66)
	Key: wg1:exp:inter3(0):fixed:1000:rev:m(0):optmag                 	val: 	35        
	Key: wg1:exp:c(0):i1(1):0:fwd:modei:m(0):optmag                   	val: 	56        
	Key: mir1:vtov:c(0):0:fwd:modei:m(0):optphi                       	val: 	65        
	Key: wg1:exp:c(0):i1(0):0:fwd:modei:m(0):optmag                   	val: 	48        
	Key: wg1:exp:inter2(0):fixed:1000:fwd:m(0):optphi                 	val: 	32        
	Key: wg1:exp:c(0):i1(0):0:rev:modei:m(0):optmag                   	val: 	46        
	Key: mir1:vtov:c(0):0:rev:modei:m(0):optphi                       	val: 	63        
	Key: wg1:exp:c(0):td(0):reverse:c(0):m(0):optmag:delay:i          	val: 	51        
	Key: l1:fixed:1000:fwd:m(0):optphi                                	val: 	16        
	Key: cw1:l1:fixed:1000:modei:m(0):optmag                          	val: 	22        
	Key: wg1:exp:inter3(0):fixed:1000:fwd:m(0):optmag                 	val: 	34        
	Key: wg1:exp:c(0):i1(1):0:rev:modei:m(0):optmag                   	val: 	54        
	Key: wg1:exp:revphase(0:0):modei:m(0):optphi                      	val: 	41        
	Key: wg1:exp:inter1(0):fixed:1000:rev:m(0):optphi                 	val: 	29        
	Key: l2:fixed:1000:rev:m(0):optmag                                	val: 	43        
	Key: wg1:exp:fwdphase(0:0):modei:m(0):optphi                      	val: 	39        
	Key: mir1:terminal:fixed:1000:rev:m(0):optphi                     	val: 	61        
	Key: v1:portcurrentnode:0                                         	val: 	3         
	Key: v1:portcurrentnode:1                                         	val: 	5         
	Key: cw1:c:0:m(0):optphi:iso:i                                    	val: 	25        
	Key: wg1:exp:inter2(0):fixed:1000:rev:m(0):optmag                 	val: 	31        
	Key: wg1:exp:inter1(0):fixed:1000:fwd:m(0):optphi                 	val: 	28        
	Key: v2:portcurrentnode:0                                         	val: 	9         
	Key: v2:portcurrentnode:1                                         	val: 	11        
	Key: v1:i                                                         	val: 	7         
	Key: wg1:exp:c(0):td(0):c(0):m(0):optmag:delay:i                  	val: 	50        
	Key: l2:fixed:1000:fwd:m(0):optmag                                	val: 	42        
	Key: l1:fixed:1000:rev:m(0):optmag                                	val: 	15        
	Key: mir1:terminal:fixed:1000:fwd:m(0):optphi                     	val: 	60        
	Key: wg1:exp:c(0):td(0):reverse:c(0):m(0):optphi:delay:i          	val: 	53        
	Key: mir1:vtov:c(0):0:fwd:modei:m(0):optmag                       	val: 	64        
	Key: wg1:exp:inter2(0):fixed:1000:fwd:m(0):optmag                 	val: 	30        
	Key: mir1:vtov:c(0):0:rev:modei:m(0):optmag                       	val: 	62        
	Key: mag1                                                         	val: 	2         
	Key: cw1:portcurrentcurnode:0                                     	val: 	19        
	Key: cw1:portcurrentcurnode:1                                     	val: 	21        
	Key: v1:portcurrentcurnode:0                                      	val: 	4         
	Key: v1:portcurrentcurnode:1                                      	val: 	6         
	Key: wg1:exp:inter3(0):fixed:1000:rev:m(0):optphi                 	val: 	37        
	Key: wg1:exp:c(0):i1(1):0:fwd:modei:m(0):optphi                   	val: 	57        
	Key: v2:portcurrentcurnode:0                                      	val: 	10        
	Key: v2:portcurrentcurnode:1                                      	val: 	12        
	Key: wg1:exp:c(0):i1(0):0:fwd:modei:m(0):optphi                   	val: 	49        
	Key: wg1:exp:c(0):i1(0):0:rev:modei:m(0):optphi                   	val: 	47        
	Key: l1:fixed:1000:fwd:m(0):optmag                                	val: 	14        
	Key: 0                                                            	val: 	-5        
	Key: wg1:exp:revphase(0:0):modei:m(0):optmag                      	val: 	40        
	Key: wg1:exp:inter1(0):fixed:1000:rev:m(0):optmag                 	val: 	27        
	Key: cw1:l1:fixed:1000:modei:m(0):optphi                          	val: 	23        
	Key: wg1:exp:inter3(0):fixed:1000:fwd:m(0):optphi                 	val: 	36        
	Key: wg1:exp:c(0):i1(1):0:rev:modei:m(0):optphi                   	val: 	55        
	Key: wg1:exp:fwdphase(0:0):modei:m(0):optmag                      	val: 	38        
	Key: mir1:terminal:fixed:1000:rev:m(0):optmag                     	val: 	59        
	Key: cw1:portcurrentnode:0                                        	val: 	18        
	Key: cw1:portcurrentnode:1                                        	val: 	20        
	Key: wg1:exp:inter1(0):fixed:1000:fwd:m(0):optmag                 	val: 	26        
	Key: wg1:exp:c(0):td(0):c(0):m(0):optphi:delay:i                  	val: 	52        
	Key: l2:fixed:1000:rev:m(0):optphi                                	val: 	45        
	Key: mir1:terminal:fixed:1000:fwd:m(0):optmag                     	val: 	58        
	Key: wg1:exp:inter2(0):fixed:1000:rev:m(0):optphi                 	val: 	33        
	Key: cw1:c:0:m(0):optmag:iso:i                                    	val: 	24        
	Key: phi1                                                         	val: 	8         
	Key: v2:i                                                         	val: 	13        
	Key: cw1:channel-fixed:1000                                       	val: 	1         
	Key: l2:fixed:1000:fwd:m(0):optphi                                	val: 	44        
	Key: l1:fixed:1000:rev:m(0):optphi                                	val: 	17        

Node array 
	Key: 0                                                            	val: 	-5         Status: V node
	Key: cw1:channel-fixed:1000                                       	val: 	1          Status: V node
	Key: mag1                                                         	val: 	2          Status: V node
	Key: v1:portcurrentnode:0                                         	val: 	3          Status: V node
	Key: v1:portcurrentcurnode:0                                      	val: 	4          Status: I node
	Key: v1:portcurrentnode:1                                         	val: 	5          Status: V node
	Key: v1:portcurrentcurnode:1                                      	val: 	6          Status: I node
	Key: v1:i                                                         	val: 	7          Status: I node
	Key: phi1                                                         	val: 	8          Status: V node
	Key: v2:portcurrentnode:0                                         	val: 	9          Status: V node
	Key: v2:portcurrentcurnode:0                                      	val: 	10         Status: I node
	Key: v2:portcurrentnode:1                                         	val: 	11         Status: V node
	Key: v2:portcurrentcurnode:1                                      	val: 	12         Status: I node
	Key: v2:i                                                         	val: 	13         Status: I node
	Key: l1:fixed:1000:fwd:m(0):optmag                                	val: 	14         Status: O Mag node
	Key: l1:fixed:1000:rev:m(0):optmag                                	val: 	15         Status: O Mag node
	Key: l1:fixed:1000:fwd:m(0):optphi                                	val: 	16         Status: O Pha node (14)
	Key: l1:fixed:1000:rev:m(0):optphi                                	val: 	17         Status: O Pha node (15)
	Key: cw1:portcurrentnode:0                                        	val: 	18         Status: V node
	Key: cw1:portcurrentcurnode:0                                     	val: 	19         Status: I node
	Key: cw1:portcurrentnode:1                                        	val: 	20         Status: V node
	Key: cw1:portcurrentcurnode:1                                     	val: 	21         Status: I node
	Key: cw1:l1:fixed:1000:modei:m(0):optmag                          	val: 	22         Status: O Mag node
	Key: cw1:l1:fixed:1000:modei:m(0):optphi                          	val: 	23         Status: O Pha node (22)
	Key: cw1:c:0:m(0):optmag:iso:i                                    	val: 	24         Status: I node
	Key: cw1:c:0:m(0):optphi:iso:i                                    	val: 	25         Status: I node
	Key: wg1:exp:inter1(0):fixed:1000:fwd:m(0):optmag                 	val: 	26         Status: O Mag node
	Key: wg1:exp:inter1(0):fixed:1000:rev:m(0):optmag                 	val: 	27         Status: O Mag node
	Key: wg1:exp:inter1(0):fixed:1000:fwd:m(0):optphi                 	val: 	28         Status: O Pha node (26)
	Key: wg1:exp:inter1(0):fixed:1000:rev:m(0):optphi                 	val: 	29         Status: O Pha node (27)
	Key: wg1:exp:inter2(0):fixed:1000:fwd:m(0):optmag                 	val: 	30         Status: O Mag node
	Key: wg1:exp:inter2(0):fixed:1000:rev:m(0):optmag                 	val: 	31         Status: O Mag node
	Key: wg1:exp:inter2(0):fixed:1000:fwd:m(0):optphi                 	val: 	32         Status: O Pha node (30)
	Key: wg1:exp:inter2(0):fixed:1000:rev:m(0):optphi                 	val: 	33         Status: O Pha node (31)
	Key: wg1:exp:inter3(0):fixed:1000:fwd:m(0):optmag                 	val: 	34         Status: O Mag node
	Key: wg1:exp:inter3(0):fixed:1000:rev:m(0):optmag                 	val: 	35         Status: O Mag node
	Key: wg1:exp:inter3(0):fixed:1000:fwd:m(0):optphi                 	val: 	36         Status: O Pha node (34)
	Key: wg1:exp:inter3(0):fixed:1000:rev:m(0):optphi                 	val: 	37         Status: O Pha node (35)
	Key: wg1:exp:fwdphase(0:0):modei:m(0):optmag                      	val: 	38         Status: O Mag node
	Key: wg1:exp:fwdphase(0:0):modei:m(0):optphi                      	val: 	39         Status: O Pha node (38)
	Key: wg1:exp:revphase(0:0):modei:m(0):optmag                      	val: 	40         Status: O Mag node
	Key: wg1:exp:revphase(0:0):modei:m(0):optphi                      	val: 	41         Status: O Pha node (40)
	Key: l2:fixed:1000:fwd:m(0):optmag                                	val: 	42         Status: O Mag node
	Key: l2:fixed:1000:rev:m(0):optmag                                	val: 	43         Status: O Mag node
	Key: l2:fixed:1000:fwd:m(0):optphi                                	val: 	44         Status: O Pha node (42)
	Key: l2:fixed:1000:rev:m(0):optphi                                	val: 	45         Status: O Pha node (43)
	Key: wg1:exp:c(0):i1(0):0:rev:modei:m(0):optmag                   	val: 	46         Status: O Mag node
	Key: wg1:exp:c(0):i1(0):0:rev:modei:m(0):optphi                   	val: 	47         Status: O Pha node (46)
	Key: wg1:exp:c(0):i1(0):0:fwd:modei:m(0):optmag                   	val: 	48         Status: O Mag node
	Key: wg1:exp:c(0):i1(0):0:fwd:modei:m(0):optphi                   	val: 	49         Status: O Pha node (48)
	Key: wg1:exp:c(0):td(0):c(0):m(0):optmag:delay:i                  	val: 	50         Status: I node
	Key: wg1:exp:c(0):td(0):reverse:c(0):m(0):optmag:delay:i          	val: 	51         Status: I node
	Key: wg1:exp:c(0):td(0):c(0):m(0):optphi:delay:i                  	val: 	52         Status: I node
	Key: wg1:exp:c(0):td(0):reverse:c(0):m(0):optphi:delay:i          	val: 	53         Status: I node
	Key: wg1:exp:c(0):i1(1):0:rev:modei:m(0):optmag                   	val: 	54         Status: O Mag node
	Key: wg1:exp:c(0):i1(1):0:rev:modei:m(0):optphi                   	val: 	55         Status: O Pha node (54)
	Key: wg1:exp:c(0):i1(1):0:fwd:modei:m(0):optmag                   	val: 	56         Status: O Mag node
	Key: wg1:exp:c(0):i1(1):0:fwd:modei:m(0):optphi                   	val: 	57         Status: O Pha node (56)
	Key: mir1:terminal:fixed:1000:fwd:m(0):optmag                     	val: 	58         Status: O Mag node
	Key: mir1:terminal:fixed:1000:rev:m(0):optmag                     	val: 	59         Status: O Mag node
	Key: mir1:terminal:fixed:1000:fwd:m(0):optphi                     	val: 	60         Status: O Pha node (58)
	Key: mir1:terminal:fixed:1000:rev:m(0):optphi                     	val: 	61         Status: O Pha node (59)
	Key: mir1:vtov:c(0):0:rev:modei:m(0):optmag                       	val: 	62         Status: O Mag node
	Key: mir1:vtov:c(0):0:rev:modei:m(0):optphi                       	val: 	63         Status: O Pha node (62)
	Key: mir1:vtov:c(0):0:fwd:modei:m(0):optmag                       	val: 	64         Status: O Mag node
	Key: mir1:vtov:c(0):0:fwd:modei:m(0):optphi                       	val: 	65         Status: O Pha node (64)

Optical Node hash table
	l1:fixed:1000
		aliases: l1 -- l1 -- l1 -- 
	mir1:terminal:fixed:1000
		aliases: mir1:terminal -- mir1:terminal -- 
	wg1:exp:inter3(0):fixed:1000
		aliases: wg1:exp:inter3(0) -- wg1:exp:inter3(0) -- 
	wg1:exp:inter2(0):fixed:1000
		aliases: wg1:exp:inter2(0) -- wg1:exp:inter2(0) -- 
	wg1:exp:inter1(0):fixed:1000
		aliases: wg1:exp:inter1(0) -- wg1:exp:inter1(0) -- 
	l2:fixed:1000
		aliases: l2 -- l2 -- l2 -- l2 -- 

Optical ModeShape hash table
	Key: da4303945ac7743d6828297588969a44dc63e98d                     	val: 	845180928 

Optical Link hash table
	Key: l1                                                           l1                                                          	val: 	0x7fd932602d30 
			E1: 	0x7fd933002e00 - cw1                                      	E2: 	0x7fd933005000 - wg1:exp                                 
	Key: l2                                                           l2                                                          	val: 	0x7fd9326053d0 
			E1: 	0x7fd933005000 - wg1:exp                                  	E2: 	0x7fd933005e00 - mir1                                    

Source Optical Channel hash table
	Key: fixed:1000                                                   	lambda: 	1000       dPhi_dt: 	0x7fd933003630 *dPhi_dt: 	0         

Optical Matrices hash table

Optical FSE Matrices hash table

Monitor Statements
	Name:                            wg1 Type:       OptFields Port:     1 Node Num:      0
	Name:                            wg1 Type:       OptFields Port:     2 Node Num:      0
	Name:                             v1 Type:               V Port:     1 Node Num:      2
	Name:                             v1 Type:               I Port:     1 Node Num:      0
	Name:                             v1 Type:               I Port:     2 Node Num:      0
	Name:                             v2 Type:               V Port:     1 Node Num:      8
	Name:                             v2 Type:               I Port:     1 Node Num:      0
	Name:                             v2 Type:               I Port:     2 Node Num:      0
	Name:                            cw1 Type:               V Port:     1 Node Num:      2
	Name:                            cw1 Type:               I Port:     1 Node Num:      0
	Name:                            cw1 Type:               V Port:     2 Node Num:      8
	Name:                            cw1 Type:               I Port:     2 Node Num:      0
	Name:                            cw1 Type:       OptFields Port:     3 Node Num:      0
	Name:                            wg1 Type:       OptFields Port:     1 Node Num:      0
	Name:                            wg1 Type:       OptFields Port:     2 Node Num:      0
	Name:                        wg1:exp Type:       OptFields Port:     1 Node Num:      0
	Name:                        wg1:exp Type:       OptFields Port:     2 Node Num:      0
	Name:                           mir1 Type:       OptFields Port:     1 Node Num:      0

Current Monitor Statements
	Key: v2:Port-2                                                    	port: 	2          	num: 	12        
	Key: v1:Port-1                                                    	port: 	1          	num: 	4         
	Key: v1:Port-2                                                    	port: 	2          	num: 	6         
	Key: cw1:Port-1                                                   	port: 	1          	num: 	19        
	Key: v2:Port-1                                                    	port: 	1          	num: 	10        
	Key: cw1:Port-2                                                   	port: 	2          	num: 	21        

Sub-circuits


Transient Simulation Started
tscaling: 1e+08
abstol: 1e-08 reltol: 1e-06 c_abstol: 1e-15 c_reltol: 1e-06
DC Simulation Started
DC Linear Initial Guess
DC simulations:
	DC var: 0.000000000000e+00
		Elec pass (T ind):
		DC iterations =  2 (extra -1). Cond 0.194444
			Total num iter: 2
		Elec pass (T dep). Evars Optical:
		DC iterations =  1 (extra -1). Cond 0.194444
			Total num iter: 3

***** Element Operating point info:

MultiLayerFilterExp: wg1:exp 
	(Explicit Filtering -- T = 300.15 -- E to E)
	Channel: 0
		 Input: l1:fixed:1000
			l1:fixed:1000 			Carrier Lambda: 1000 nm --- E vars
				Mode 0
					(fwd: 14,16):  Pow: 1.0000000000e+00 Phi: 0.0000000000e+00  Mag: 1.0000000000e+00 E_f =  1.0000000000e+00 + 0.0000000000e+00i
					(rev: 15,17):  Pow: 3.3587275682e-24 Phi: 3.1395100834e+00  Mag: 1.8326831609e-12 E_f =  -1.8326791866e-12 + 3.8166885227e-15i
								Total Power Fwd: 1 Rev: 3.35873e-24

			Extra
					(rev: 46,47):  Pow: 3.3587275682e-24 Phi: 3.1395100834e+00  Mag: 1.8326831609e-12 E_f =  -1.8326791866e-12 + 3.8166885227e-15i
								Total Power Fwd: 0 Rev: 3.35873e-24

		Interface (0): wg1:exp:c(0):I1(0) T= 300.15 NonLinear
			N1 = 1.1 N2 = 2.5 (2.5)T = 300.15
				Tf^2 = 0.848765 Rf^2 = 0.151235  Tb^2 = 0.848765 Rb^2 = 0.151235 Tf+Rf = 1 Tb+Rb = 1 
			Rf = -0.388889 	Tf = 0.921285 	Rb = 0.388889 	Tb = 0.921285 

		 Layer (1) Phi= -15.708 (-3.14159)  Atten = 1 N = 2.5 V1 = 0 V2 = 0 T = 300.15
			Inter1: wg1:exp:inter1(0):fixed:1000 (Es)
			wg1:exp:inter1(0):fixed:1000 			Carrier Lambda: 1000 nm --- E vars
				Mode 0
					(fwd: 26,28):  Pow: 1.1781818182e+00 Phi: 1.4842677588e-15  Mag: 1.0854408405e+00 E_f =  1.0854408405e+00 + 1.6110848436e-15i
					(rev: 27,29):  Pow: 1.7818181818e-01 Phi: 9.8143419156e-15  Mag: 4.2211588241e-01 E_f =  4.2211588241e-01 + 4.1427895979e-15i
								Total Power Fwd: 1.17818 Rev: 0.178182

			Inter2: wg1:exp:inter2(0):fixed:1000 (Es)
			wg1:exp:inter2(0):fixed:1000 			Carrier Lambda: 1000 nm --- E vars
				Mode 0
					(fwd: 30,32):  Pow: 1.1781818182e+00 Phi: -3.1415926536e+00  Mag: 1.0854408405e+00 E_f =  -1.0854408405e+00 + -6.1319861906e-15i
					(rev: 31,33):  Pow: 1.7818181818e-01 Phi: -3.1415926536e+00  Mag: 4.2211588241e-01 E_f =  -4.2211588241e-01 + -2.3846612963e-15i
								Total Power Fwd: 1.17818 Rev: 0.178182

			Inter3: wg1:exp:inter3(0):fixed:1000 (Es) dt = 8.3391e-15
			wg1:exp:inter3(0):fixed:1000 			Carrier Lambda: 1000 nm --- E vars
				Mode 0
					(fwd: 34,36):  Pow: 1.1781818182e+00 Phi: -3.1415926536e+00  Mag: 1.0854408405e+00 E_f =  -1.0854408405e+00 + -6.1319861906e-15i
					(rev: 35,37):  Pow: 1.7818181818e-01 Phi: -3.1415926536e+00  Mag: 4.2211588241e-01 E_f =  -4.2211588241e-01 + -2.3846612963e-15i
								Total Power Fwd: 1.17818 Rev: 0.178182

			ExtraNodes (Es)
			Delay queues (Es):
				Mode 0
					(fwd: 38,39):  Pow: 1.1781818182e+00 Phi: -3.1415926536e+00  Mag: 1.0854408405e+00 E_f =  -1.0854408405e+00 + -6.1319861906e-15i
					(rev: 40,41):  Pow: 1.7818181818e-01 Phi: 9.8143419156e-15  Mag: 4.2211588241e-01 E_f =  4.2211588241e-01 + 4.1427895979e-15i
								Total Power Fwd: 1.17818 Rev: 0.178182

			Extra Inter1
				Mode 0
					(fwd: 48,49):  Pow: 1.1781818182e+00 Phi: 1.4842677588e-15  Mag: 1.0854408405e+00 E_f =  1.0854408405e+00 + 1.6110848436e-15i
								Total Power Fwd: 1.17818 Rev: 0

		Interface (1): wg1:exp:c(0):I1(1) T = 300.15 NonLinear
			N1 = 2.5 (2.5) N2 = 1.1
				Tf^2 = 0.848765 Rf^2 = 0.151235  Tb^2 = 0.848765 Rb^2 = 0.151235 Tf+Rf = 1 Tb+Rb = 1 
			Rf = 0.388889 	Tf = 0.921285 	Rb = -0.388889 	Tb = 0.921285 

		 Output: l2:fixed:1000
			l2:fixed:1000 			Carrier Lambda: 1000 nm --- E vars
				Mode 0
					(fwd: 42,44):  Pow: 9.9999999999e-01 Phi: -3.1415926536e+00  Mag: 1.0000000000e+00 E_f =  -1.0000000000e+00 + -5.6493048372e-15i
					(rev: 43,45):  Pow: 0.0000000000e+00 Phi: 0.0000000000e+00  Mag: 0.0000000000e+00 E_f =  0.0000000000e+00 + 0.0000000000e+00i
								Total Power Fwd: 1 Rev: 0

			Extra
				Mode 0
					(fwd: 56,57):  Pow: 9.9999999999e-01 Phi: -3.1415926536e+00  Mag: 1.0000000000e+00 E_f =  -1.0000000000e+00 + -5.6493048372e-15i
								Total Power Fwd: 1 Rev: 0

IndSource:                       v1 (V source)
			V: 1.0000000000e+00 I: 0.0000000000e+00 

IndSource:                       v2 (V source)
			V: 0.0000000000e+00 I: 0.0000000000e+00 

Cw_Source: cw1 
	 Channel : 0 -- n1: 18 n2: 20 -- Fixed Lambda
		 Freqshift: 0
			l1:fixed:1000 			Carrier Lambda: 1000 nm --- E vars
				Mode 0
					(fwd: 14,16):  Pow: 1.0000000000e+00 Phi: 0.0000000000e+00  Mag: 1.0000000000e+00 E_f =  1.0000000000e+00 + 0.0000000000e+00i
					(rev: 15,17):  Pow: 3.3587275682e-24 Phi: 3.1395100834e+00  Mag: 1.8326831609e-12 E_f =  -1.8326791866e-12 + 3.8166885227e-15i
								Total Power Fwd: 1 Rev: 3.35873e-24

Mirror: mir1
	Channel:0
			l2:fixed:1000 			Carrier Lambda: 1000 nm --- E vars
				Mode 0
					(fwd: 42,44):  Pow: 9.9999999999e-01 Phi: -3.1415926536e+00  Mag: 1.0000000000e+00 E_f =  -1.0000000000e+00 + -5.6493048372e-15i
					(rev: 43,45):  Pow: 0.0000000000e+00 Phi: 0.0000000000e+00  Mag: 0.0000000000e+00 E_f =  0.0000000000e+00 + 0.0000000000e+00i
								Total Power Fwd: 1 Rev: 0



***** Node Operating Point Values 
	wg1                           	Port: 1 
	                              	mode: l1:fixed:1000 
	                              		dir: FWD
	                              			TE Fields: 1.0000000000e+00 0.0000000000e+00 

	wg1                           	Port: 2 
	                              	mode: l2:fixed:1000 
	                              		dir: FWD
	                              			TE Fields: 1.0000000000e+00 -3.1415926536e+00 

	v1                            	Port:     1	V = 1.0000000000e+00
	v1                            	Port:     1	I = 0.0000000000e+00
	v1                            	Port:     2	I = -0.0000000000e+00
	v2                            	Port:     1	V = 0.0000000000e+00
	v2                            	Port:     1	I = 0.0000000000e+00
	v2                            	Port:     2	I = -0.0000000000e+00
	cw1                           	Port:     1	V = 1.0000000000e+00
	cw1                           	Port:     1	I = -0.0000000000e+00
	cw1                           	Port:     2	V = 0.0000000000e+00
	cw1                           	Port:     2	I = -0.0000000000e+00
	cw1                           	Port: 3 
	                              	mode: l1:fixed:1000 
	                              		dir: FWD
	                              			TE Fields: 1.0000000000e+00 0.0000000000e+00 
	                              			TM Fields: 0.0000000000e+00 0.0000000000e+00 
	                              		dir: REV
	                              			TE Fields: -1.8326791866e-12 3.8166885227e-15 
	                              			TM Fields: 0.0000000000e+00 0.0000000000e+00 

	wg1                           	Port: 1 
	                              	mode: l1:fixed:1000 
	                              		dir: FWD
	                              			TE Fields: 1.0000000000e+00 0.0000000000e+00 
	                              			TM Fields: 0.0000000000e+00 0.0000000000e+00 
	                              		dir: REV
	                              			TE Fields: -1.8326791866e-12 3.8166885227e-15 
	                              			TM Fields: 0.0000000000e+00 0.0000000000e+00 

	wg1                           	Port: 2 
	                              	mode: l2:fixed:1000 
	                              		dir: FWD
	                              			TE Fields: -1.0000000000e+00 -5.6493048372e-15 
	                              			TM Fields: 0.0000000000e+00 0.0000000000e+00 
	                              		dir: REV
	                              			TE Fields: 0.0000000000e+00 0.0000000000e+00 
	                              			TM Fields: 0.0000000000e+00 0.0000000000e+00 

	wg1:exp                       	Port: 1 
	                              	mode: l1:fixed:1000 
	                              		dir: FWD
	                              			TE Fields: 1.0000000000e+00 0.0000000000e+00 
	                              			TM Fields: 0.0000000000e+00 0.0000000000e+00 
	                              		dir: REV
	                              			TE Fields: -1.8326791866e-12 3.8166885227e-15 
	                              			TM Fields: 0.0000000000e+00 0.0000000000e+00 

	wg1:exp                       	Port: 2 
	                              	mode: l2:fixed:1000 
	                              		dir: FWD
	                              			TE Fields: -1.0000000000e+00 -5.6493048372e-15 
	                              			TM Fields: 0.0000000000e+00 0.0000000000e+00 
	                              		dir: REV
	                              			TE Fields: 0.0000000000e+00 0.0000000000e+00 
	                              			TM Fields: 0.0000000000e+00 0.0000000000e+00 

	mir1                          	Port: 1 
	                              	mode: l2:fixed:1000 
	                              		dir: FWD
	                              			TE Fields: -1.0000000000e+00 -5.6493048372e-15 
	                              			TM Fields: 0.0000000000e+00 0.0000000000e+00 
	                              		dir: REV
	                              			TE Fields: 0.0000000000e+00 0.0000000000e+00 
	                              			TM Fields: 0.0000000000e+00 0.0000000000e+00 


***** 
		Final Evars non-Linear Scatter pass:

***** Element Operating point info:

MultiLayerFilterExp: wg1:exp 
	(Explicit Filtering -- T = 300.15 -- E to E)
	Channel: 0
		 Input: l1:fixed:1000
			l1:fixed:1000 			Carrier Lambda: 1000 nm --- E vars
				Mode 0
					(fwd: 14,16):  Pow: 1.0000000000e+00 Phi: 0.0000000000e+00  Mag: 1.0000000000e+00 E_f =  1.0000000000e+00 + 0.0000000000e+00i
					(rev: 15,17):  Pow: 3.3587275682e-24 Phi: 3.1395100834e+00  Mag: 1.8326831609e-12 E_f =  -1.8326791866e-12 + 3.8166885227e-15i
								Total Power Fwd: 1 Rev: 3.35873e-24

			Extra
					(rev: 46,47):  Pow: 3.3587275682e-24 Phi: 3.1395100834e+00  Mag: 1.8326831609e-12 E_f =  -1.8326791866e-12 + 3.8166885227e-15i
								Total Power Fwd: 0 Rev: 3.35873e-24

		Interface (0): wg1:exp:c(0):I1(0) T= 300.15 NonLinear
			N1 = 1.1 N2 = 2.5 (2.5)T = 300.15
				Tf^2 = 0.848765 Rf^2 = 0.151235  Tb^2 = 0.848765 Rb^2 = 0.151235 Tf+Rf = 1 Tb+Rb = 1 
			Rf = -0.388889 	Tf = 0.921285 	Rb = 0.388889 	Tb = 0.921285 

		 Layer (1) Phi= -15.708 (-3.14159)  Atten = 1 N = 2.5 V1 = 0 V2 = 0 T = 300.15
			Inter1: wg1:exp:inter1(0):fixed:1000 (Es)
			wg1:exp:inter1(0):fixed:1000 			Carrier Lambda: 1000 nm --- E vars
				Mode 0
					(fwd: 26,28):  Pow: 1.1781818182e+00 Phi: 1.4842677588e-15  Mag: 1.0854408405e+00 E_f =  1.0854408405e+00 + 1.6110848436e-15i
					(rev: 27,29):  Pow: 1.7818181818e-01 Phi: 9.8143419156e-15  Mag: 4.2211588241e-01 E_f =  4.2211588241e-01 + 4.1427895979e-15i
								Total Power Fwd: 1.17818 Rev: 0.178182

			Inter2: wg1:exp:inter2(0):fixed:1000 (Es)
			wg1:exp:inter2(0):fixed:1000 			Carrier Lambda: 1000 nm --- E vars
				Mode 0
					(fwd: 30,32):  Pow: 1.1781818182e+00 Phi: -3.1415926536e+00  Mag: 1.0854408405e+00 E_f =  -1.0854408405e+00 + -6.1319861906e-15i
					(rev: 31,33):  Pow: 1.7818181818e-01 Phi: -3.1415926536e+00  Mag: 4.2211588241e-01 E_f =  -4.2211588241e-01 + -2.3846612963e-15i
								Total Power Fwd: 1.17818 Rev: 0.178182

			Inter3: wg1:exp:inter3(0):fixed:1000 (Es) dt = 8.3391e-15
			wg1:exp:inter3(0):fixed:1000 			Carrier Lambda: 1000 nm --- E vars
				Mode 0
					(fwd: 34,36):  Pow: 1.1781818182e+00 Phi: -3.1415926536e+00  Mag: 1.0854408405e+00 E_f =  -1.0854408405e+00 + -6.1319861906e-15i
					(rev: 35,37):  Pow: 1.7818181818e-01 Phi: -3.1415926536e+00  Mag: 4.2211588241e-01 E_f =  -4.2211588241e-01 + -2.3846612963e-15i
								Total Power Fwd: 1.17818 Rev: 0.178182

			ExtraNodes (Es)
			Delay queues (Es):
				Mode 0
					(fwd: 38,39):  Pow: 1.1781818182e+00 Phi: -3.1415926536e+00  Mag: 1.0854408405e+00 E_f =  -1.0854408405e+00 + -6.1319861906e-15i
					(rev: 40,41):  Pow: 1.7818181818e-01 Phi: 9.8143419156e-15  Mag: 4.2211588241e-01 E_f =  4.2211588241e-01 + 4.1427895979e-15i
								Total Power Fwd: 1.17818 Rev: 0.178182

			Extra Inter1
				Mode 0
					(fwd: 48,49):  Pow: 1.1781818182e+00 Phi: 1.4842677588e-15  Mag: 1.0854408405e+00 E_f =  1.0854408405e+00 + 1.6110848436e-15i
								Total Power Fwd: 1.17818 Rev: 0

		Interface (1): wg1:exp:c(0):I1(1) T = 300.15 NonLinear
			N1 = 2.5 (2.5) N2 = 1.1
				Tf^2 = 0.848765 Rf^2 = 0.151235  Tb^2 = 0.848765 Rb^2 = 0.151235 Tf+Rf = 1 Tb+Rb = 1 
			Rf = 0.388889 	Tf = 0.921285 	Rb = -0.388889 	Tb = 0.921285 

		 Output: l2:fixed:1000
			l2:fixed:1000 			Carrier Lambda: 1000 nm --- E vars
				Mode 0
					(fwd: 42,44):  Pow: 9.9999999999e-01 Phi: -3.1415926536e+00  Mag: 1.0000000000e+00 E_f =  -1.0000000000e+00 + -5.6493048372e-15i
					(rev: 43,45):  Pow: 0.0000000000e+00 Phi: 0.0000000000e+00  Mag: 0.0000000000e+00 E_f =  0.0000000000e+00 + 0.0000000000e+00i
								Total Power Fwd: 1 Rev: 0

			Extra
				Mode 0
					(fwd: 56,57):  Pow: 9.9999999999e-01 Phi: -3.1415926536e+00  Mag: 1.0000000000e+00 E_f =  -1.0000000000e+00 + -5.6493048372e-15i
								Total Power Fwd: 1 Rev: 0

IndSource:                       v1 (V source)
			V: 1.0000000000e+00 I: 0.0000000000e+00 

IndSource:                       v2 (V source)
			V: 0.0000000000e+00 I: 0.0000000000e+00 

Cw_Source: cw1 
	 Channel : 0 -- n1: 18 n2: 20 -- Fixed Lambda
		 Freqshift: 0
			l1:fixed:1000 			Carrier Lambda: 1000 nm --- E vars
				Mode 0
					(fwd: 14,16):  Pow: 1.0000000000e+00 Phi: 0.0000000000e+00  Mag: 1.0000000000e+00 E_f =  1.0000000000e+00 + 0.0000000000e+00i
					(rev: 15,17):  Pow: 3.3587275682e-24 Phi: 3.1395100834e+00  Mag: 1.8326831609e-12 E_f =  -1.8326791866e-12 + 3.8166885227e-15i
								Total Power Fwd: 1 Rev: 3.35873e-24

Mirror: mir1
	Channel:0
			l2:fixed:1000 			Carrier Lambda: 1000 nm --- E vars
				Mode 0
					(fwd: 42,44):  Pow: 9.9999999999e-01 Phi: -3.1415926536e+00  Mag: 1.0000000000e+00 E_f =  -1.0000000000e+00 + -5.6493048372e-15i
					(rev: 43,45):  Pow: 0.0000000000e+00 Phi: 0.0000000000e+00  Mag: 0.0000000000e+00 E_f =  0.0000000000e+00 + 0.0000000000e+00i
								Total Power Fwd: 1 Rev: 0



***** Node Operating Point Values 
	wg1                           	Port: 1 
	                              	mode: l1:fixed:1000 
	                              		dir: FWD
	                              			TE Fields: 1.0000000000e+00 0.0000000000e+00 

	wg1                           	Port: 2 
	                              	mode: l2:fixed:1000 
	                              		dir: FWD
	                              			TE Fields: 1.0000000000e+00 -3.1415926536e+00 

	v1                            	Port:     1	V = 1.0000000000e+00
	v1                            	Port:     1	I = 0.0000000000e+00
	v1                            	Port:     2	I = -0.0000000000e+00
	v2                            	Port:     1	V = 0.0000000000e+00
	v2                            	Port:     1	I = 0.0000000000e+00
	v2                            	Port:     2	I = -0.0000000000e+00
	cw1                           	Port:     1	V = 1.0000000000e+00
	cw1                           	Port:     1	I = -0.0000000000e+00
	cw1                           	Port:     2	V = 0.0000000000e+00
	cw1                           	Port:     2	I = -0.0000000000e+00
	cw1                           	Port: 3 
	                              	mode: l1:fixed:1000 
	                              		dir: FWD
	                              			TE Fields: 1.0000000000e+00 0.0000000000e+00 
	                              			TM Fields: 0.0000000000e+00 0.0000000000e+00 
	                              		dir: REV
	                              			TE Fields: -1.8326791866e-12 3.8166885227e-15 
	                              			TM Fields: 0.0000000000e+00 0.0000000000e+00 

	wg1                           	Port: 1 
	                              	mode: l1:fixed:1000 
	                              		dir: FWD
	                              			TE Fields: 1.0000000000e+00 0.0000000000e+00 
	                              			TM Fields: 0.0000000000e+00 0.0000000000e+00 
	                              		dir: REV
	                              			TE Fields: -1.8326791866e-12 3.8166885227e-15 
	                              			TM Fields: 0.0000000000e+00 0.0000000000e+00 

	wg1                           	Port: 2 
	                              	mode: l2:fixed:1000 
	                              		dir: FWD
	                              			TE Fields: -1.0000000000e+00 -5.6493048372e-15 
	                              			TM Fields: 0.0000000000e+00 0.0000000000e+00 
	                              		dir: REV
	                              			TE Fields: 0.0000000000e+00 0.0000000000e+00 
	                              			TM Fields: 0.0000000000e+00 0.0000000000e+00 

	wg1:exp                       	Port: 1 
	                              	mode: l1:fixed:1000 
	                              		dir: FWD
	                              			TE Fields: 1.0000000000e+00 0.0000000000e+00 
	                              			TM Fields: 0.0000000000e+00 0.0000000000e+00 
	                              		dir: REV
	                              			TE Fields: -1.8326791866e-12 3.8166885227e-15 
	                              			TM Fields: 0.0000000000e+00 0.0000000000e+00 

	wg1:exp                       	Port: 2 
	                              	mode: l2:fixed:1000 
	                              		dir: FWD
	                              			TE Fields: -1.0000000000e+00 -5.6493048372e-15 
	                              			TM Fields: 0.0000000000e+00 0.0000000000e+00 
	                              		dir: REV
	                              			TE Fields: 0.0000000000e+00 0.0000000000e+00 
	                              			TM Fields: 0.0000000000e+00 0.0000000000e+00 

	mir1                          	Port: 1 
	                              	mode: l2:fixed:1000 
	                              		dir: FWD
	                              			TE Fields: -1.0000000000e+00 -5.6493048372e-15 
	                              			TM Fields: 0.0000000000e+00 0.0000000000e+00 
	                              		dir: REV
	                              			TE Fields: 0.0000000000e+00 0.0000000000e+00 
	                              			TM Fields: 0.0000000000e+00 0.0000000000e+00 


***** 
		DC iterations =  2 (extra -1). Cond 0.194444
			Total num iter: 5
		Final pass (forced MPtotMP):
Before:

***** Element Operating point info:

MultiLayerFilterExp: wg1:exp 
	(Explicit Filtering -- T = 300.15 -- E to E)
	Channel: 0
		 Input: l1:fixed:1000
			l1:fixed:1000 			Carrier Lambda: 1000 nm --- E vars
				Mode 0
					(fwd: 14,16):  Pow: 1.0000000000e+00 Phi: 0.0000000000e+00  Mag: 1.0000000000e+00 E_f =  1.0000000000e+00 + 0.0000000000e+00i
					(rev: 15,17):  Pow: 3.3596028137e-24 Phi: 3.1395103547e+00  Mag: 1.8329219333e-12 E_f =  -1.8329179596e-12 + 3.8166885227e-15i
								Total Power Fwd: 1 Rev: 3.3596e-24

			Extra
					(rev: 46,47):  Pow: 3.3596028137e-24 Phi: 3.1395103547e+00  Mag: 1.8329219333e-12 E_f =  -1.8329179596e-12 + 3.8166885227e-15i
								Total Power Fwd: 0 Rev: 3.3596e-24

		Interface (0): wg1:exp:c(0):I1(0) T= 300.15 NonLinear
			N1 = 1.1 N2 = 2.5 (2.5)T = 300.15
				Tf^2 = 0.848765 Rf^2 = 0.151235  Tb^2 = 0.848765 Rb^2 = 0.151235 Tf+Rf = 1 Tb+Rb = 1 
			Rf = -0.388889 	Tf = 0.921285 	Rb = 0.388889 	Tb = 0.921285 

		 Layer (1) Phi= -15.708 (-3.14159)  Atten = 1 N = 2.5 V1 = 0 V2 = 0 T = 300.15
			Inter1: wg1:exp:inter1(0):fixed:1000 (Es)
			wg1:exp:inter1(0):fixed:1000 			Carrier Lambda: 1000 nm --- E vars
				Mode 0
					(fwd: 26,28):  Pow: 1.1781818182e+00 Phi: 1.4842677588e-15  Mag: 1.0854408405e+00 E_f =  1.0854408405e+00 + 1.6110848436e-15i
					(rev: 27,29):  Pow: 1.7818181818e-01 Phi: 9.8143419156e-15  Mag: 4.2211588241e-01 E_f =  4.2211588241e-01 + 4.1427895979e-15i
								Total Power Fwd: 1.17818 Rev: 0.178182

			Inter2: wg1:exp:inter2(0):fixed:1000 (Es)
			wg1:exp:inter2(0):fixed:1000 			Carrier Lambda: 1000 nm --- E vars
				Mode 0
					(fwd: 30,32):  Pow: 1.1781818182e+00 Phi: -3.1415926536e+00  Mag: 1.0854408405e+00 E_f =  -1.0854408405e+00 + -6.1319861906e-15i
					(rev: 31,33):  Pow: 1.7818181818e-01 Phi: -3.1415926536e+00  Mag: 4.2211588241e-01 E_f =  -4.2211588241e-01 + -2.3846612963e-15i
								Total Power Fwd: 1.17818 Rev: 0.178182

			Inter3: wg1:exp:inter3(0):fixed:1000 (Es) dt = 8.3391e-15
			wg1:exp:inter3(0):fixed:1000 			Carrier Lambda: 1000 nm --- E vars
				Mode 0
					(fwd: 34,36):  Pow: 1.1781818182e+00 Phi: -3.1415926536e+00  Mag: 1.0854408405e+00 E_f =  -1.0854408405e+00 + -6.1319861906e-15i
					(rev: 35,37):  Pow: 1.7818181818e-01 Phi: -3.1415926536e+00  Mag: 4.2211588241e-01 E_f =  -4.2211588241e-01 + -2.3846612963e-15i
								Total Power Fwd: 1.17818 Rev: 0.178182

			ExtraNodes (Es)
			Delay queues (Es):
				Mode 0
					(fwd: 38,39):  Pow: 1.1781818182e+00 Phi: -3.1415926536e+00  Mag: 1.0854408405e+00 E_f =  -1.0854408405e+00 + -6.1319861906e-15i
					(rev: 40,41):  Pow: 1.7818181818e-01 Phi: 9.8143419156e-15  Mag: 4.2211588241e-01 E_f =  4.2211588241e-01 + 4.1427895979e-15i
								Total Power Fwd: 1.17818 Rev: 0.178182

			Extra Inter1
				Mode 0
					(fwd: 48,49):  Pow: 1.1781818182e+00 Phi: 1.4842677588e-15  Mag: 1.0854408405e+00 E_f =  1.0854408405e+00 + 1.6110848436e-15i
								Total Power Fwd: 1.17818 Rev: 0

		Interface (1): wg1:exp:c(0):I1(1) T = 300.15 NonLinear
			N1 = 2.5 (2.5) N2 = 1.1
				Tf^2 = 0.848765 Rf^2 = 0.151235  Tb^2 = 0.848765 Rb^2 = 0.151235 Tf+Rf = 1 Tb+Rb = 1 
			Rf = 0.388889 	Tf = 0.921285 	Rb = -0.388889 	Tb = 0.921285 

		 Output: l2:fixed:1000
			l2:fixed:1000 			Carrier Lambda: 1000 nm --- E vars
				Mode 0
					(fwd: 42,44):  Pow: 9.9999999999e-01 Phi: -3.1415926536e+00  Mag: 1.0000000000e+00 E_f =  -1.0000000000e+00 + -5.6493048372e-15i
					(rev: 43,45):  Pow: 0.0000000000e+00 Phi: 0.0000000000e+00  Mag: 0.0000000000e+00 E_f =  0.0000000000e+00 + 0.0000000000e+00i
								Total Power Fwd: 1 Rev: 0

			Extra
				Mode 0
					(fwd: 56,57):  Pow: 9.9999999999e-01 Phi: -3.1415926536e+00  Mag: 1.0000000000e+00 E_f =  -1.0000000000e+00 + -5.6493048372e-15i
								Total Power Fwd: 1 Rev: 0

IndSource:                       v1 (V source)
			V: 1.0000000000e+00 I: 0.0000000000e+00 

IndSource:                       v2 (V source)
			V: 0.0000000000e+00 I: 0.0000000000e+00 

Cw_Source: cw1 
	 Channel : 0 -- n1: 18 n2: 20 -- Fixed Lambda
		 Freqshift: 0
			l1:fixed:1000 			Carrier Lambda: 1000 nm --- E vars
				Mode 0
					(fwd: 14,16):  Pow: 1.0000000000e+00 Phi: 0.0000000000e+00  Mag: 1.0000000000e+00 E_f =  1.0000000000e+00 + 0.0000000000e+00i
					(rev: 15,17):  Pow: 3.3596028137e-24 Phi: 3.1395103547e+00  Mag: 1.8329219333e-12 E_f =  -1.8329179596e-12 + 3.8166885227e-15i
								Total Power Fwd: 1 Rev: 3.3596e-24

Mirror: mir1
	Channel:0
			l2:fixed:1000 			Carrier Lambda: 1000 nm --- E vars
				Mode 0
					(fwd: 42,44):  Pow: 9.9999999999e-01 Phi: -3.1415926536e+00  Mag: 1.0000000000e+00 E_f =  -1.0000000000e+00 + -5.6493048372e-15i
					(rev: 43,45):  Pow: 0.0000000000e+00 Phi: 0.0000000000e+00  Mag: 0.0000000000e+00 E_f =  0.0000000000e+00 + 0.0000000000e+00i
								Total Power Fwd: 1 Rev: 0



***** Node Operating Point Values 
	wg1                           	Port: 1 
	                              	mode: l1:fixed:1000 
	                              		dir: FWD
	                              			TE Fields: 1.0000000000e+00 0.0000000000e+00 

	wg1                           	Port: 2 
	                              	mode: l2:fixed:1000 
	                              		dir: FWD
	                              			TE Fields: 1.0000000000e+00 -3.1415926536e+00 

	v1                            	Port:     1	V = 1.0000000000e+00
	v1                            	Port:     1	I = 0.0000000000e+00
	v1                            	Port:     2	I = -0.0000000000e+00
	v2                            	Port:     1	V = 0.0000000000e+00
	v2                            	Port:     1	I = 0.0000000000e+00
	v2                            	Port:     2	I = -0.0000000000e+00
	cw1                           	Port:     1	V = 1.0000000000e+00
	cw1                           	Port:     1	I = -0.0000000000e+00
	cw1                           	Port:     2	V = 0.0000000000e+00
	cw1                           	Port:     2	I = -0.0000000000e+00
	cw1                           	Port: 3 
	                              	mode: l1:fixed:1000 
	                              		dir: FWD
	                              			TE Fields: 1.0000000000e+00 0.0000000000e+00 
	                              			TM Fields: 0.0000000000e+00 0.0000000000e+00 
	                              		dir: REV
	                              			TE Fields: -1.8329179596e-12 3.8166885227e-15 
	                              			TM Fields: 0.0000000000e+00 0.0000000000e+00 

	wg1                           	Port: 1 
	                              	mode: l1:fixed:1000 
	                              		dir: FWD
	                              			TE Fields: 1.0000000000e+00 0.0000000000e+00 
	                              			TM Fields: 0.0000000000e+00 0.0000000000e+00 
	                              		dir: REV
	                              			TE Fields: -1.8329179596e-12 3.8166885227e-15 
	                              			TM Fields: 0.0000000000e+00 0.0000000000e+00 

	wg1                           	Port: 2 
	                              	mode: l2:fixed:1000 
	                              		dir: FWD
	                              			TE Fields: -1.0000000000e+00 -5.6493048372e-15 
	                              			TM Fields: 0.0000000000e+00 0.0000000000e+00 
	                              		dir: REV
	                              			TE Fields: 0.0000000000e+00 0.0000000000e+00 
	                              			TM Fields: 0.0000000000e+00 0.0000000000e+00 

	wg1:exp                       	Port: 1 
	                              	mode: l1:fixed:1000 
	                              		dir: FWD
	                              			TE Fields: 1.0000000000e+00 0.0000000000e+00 
	                              			TM Fields: 0.0000000000e+00 0.0000000000e+00 
	                              		dir: REV
	                              			TE Fields: -1.8329179596e-12 3.8166885227e-15 
	                              			TM Fields: 0.0000000000e+00 0.0000000000e+00 

	wg1:exp                       	Port: 2 
	                              	mode: l2:fixed:1000 
	                              		dir: FWD
	                              			TE Fields: -1.0000000000e+00 -5.6493048372e-15 
	                              			TM Fields: 0.0000000000e+00 0.0000000000e+00 
	                              		dir: REV
	                              			TE Fields: 0.0000000000e+00 0.0000000000e+00 
	                              			TM Fields: 0.0000000000e+00 0.0000000000e+00 

	mir1                          	Port: 1 
	                              	mode: l2:fixed:1000 
	                              		dir: FWD
	                              			TE Fields: -1.0000000000e+00 -5.6493048372e-15 
	                              			TM Fields: 0.0000000000e+00 0.0000000000e+00 
	                              		dir: REV
	                              			TE Fields: 0.0000000000e+00 0.0000000000e+00 
	                              			TM Fields: 0.0000000000e+00 0.0000000000e+00 


***** 
After:

***** Element Operating point info:

MultiLayerFilterExp: wg1:exp 
	(Explicit Filtering -- T = 300.15 -- E to E)
	Channel: 0
		 Input: l1:fixed:1000
			l1:fixed:1000  Carrier Lambda: 1000 nm  -- MP vars
				Mode 0
					(fwd: 14,16):  Pow: 1.0000000000e+00 Phi: 0.0000000000e+00  Mag: 1.0000000000e+00 E_f =  1.0000000000e+00 + 0.0000000000e+00i
					(rev: 15,17):  Pow: 3.3596028137e-24 Phi: 3.1395103547e+00  Mag: 1.8329219333e-12 E_f =  -1.8329179596e-12 + 3.8166885227e-15i
								Total Power Fwd: 1 Rev: 3.3596e-24

			Extra
					(rev: 46,47):  Pow: 3.3596028137e-24 Phi: 3.1395103547e+00  Mag: 1.8329219333e-12 E_f =  -1.8329179596e-12 + 3.8166885227e-15i
								Total Power Fwd: 0 Rev: 3.3596e-24

		Interface (0): wg1:exp:c(0):I1(0) T= 300.15 NonLinear
			N1 = 1.1 N2 = 2.5 (2.5)T = 300.15
				Tf^2 = 0.848765 Rf^2 = 0.151235  Tb^2 = 0.848765 Rb^2 = 0.151235 Tf+Rf = 1 Tb+Rb = 1 
			Rf = -0.388889 	Tf = 0.921285 	Rb = 0.388889 	Tb = 0.921285 

		 Layer (1) Phi= -15.708 (-3.14159)  Atten = 1 N = 2.5 V1 = 0 V2 = 0 T = 300.15
			Inter1: wg1:exp:inter1(0):fixed:1000 (MP)
			wg1:exp:inter1(0):fixed:1000  Carrier Lambda: 1000 nm  -- MP vars
				Mode 0
					(fwd: 26,28):  Pow: 1.1781818182e+00 Phi: 1.4842677588e-15  Mag: 1.0854408405e+00 E_f =  1.0854408405e+00 + 1.6110848436e-15i
					(rev: 27,29):  Pow: 1.7818181818e-01 Phi: -1.8849555922e+01  Mag: 4.2211588241e-01 E_f =  4.2211588241e-01 + 4.8091363270e-15i
								Total Power Fwd: 1.17818 Rev: 0.178182

			Inter2: wg1:exp:inter2(0):fixed:1000 (MP)
			wg1:exp:inter2(0):fixed:1000  Carrier Lambda: 1000 nm  -- MP vars
				Mode 0
					(fwd: 30,32):  Pow: 1.1781818182e+00 Phi: -1.5707963268e+01  Mag: 1.0854408405e+00 E_f =  -1.0854408405e+00 + -6.4490316077e-15i
					(rev: 31,33):  Pow: 1.7818181818e-01 Phi: -3.1415926536e+00  Mag: 4.2211588241e-01 E_f =  -4.2211588241e-01 + -2.4886366993e-15i
								Total Power Fwd: 1.17818 Rev: 0.178182

			Inter3: wg1:exp:inter3(0):fixed:1000 (MP) dt = 8.3391e-15
			wg1:exp:inter3(0):fixed:1000  Carrier Lambda: 1000 nm  -- MP vars
				Mode 0
					(fwd: 34,36):  Pow: 1.1781818182e+00 Phi: -1.5707963268e+01  Mag: 1.0854408405e+00 E_f =  -1.0854408405e+00 + -6.4490316077e-15i
					(rev: 35,37):  Pow: 1.7818181818e-01 Phi: -3.1415926536e+00  Mag: 4.2211588241e-01 E_f =  -4.2211588241e-01 + -2.4886366993e-15i
								Total Power Fwd: 1.17818 Rev: 0.178182

			ExtraNodes (MP)
			Delay queues (MP):
				Mode 0
					(fwd: 38,39):  Pow: 1.1781818182e+00 Phi: -1.5707963268e+01  Mag: 1.0854408405e+00 E_f =  -1.0854408405e+00 + -6.4490316077e-15i
					(rev: 40,41):  Pow: 1.7818181818e-01 Phi: -1.8849555922e+01  Mag: 4.2211588241e-01 E_f =  4.2211588241e-01 + 4.8091363270e-15i
								Total Power Fwd: 1.17818 Rev: 0.178182

			Extra Inter1
				Mode 0
					(fwd: 48,49):  Pow: 1.1781818182e+00 Phi: 1.4842677588e-15  Mag: 1.0854408405e+00 E_f =  1.0854408405e+00 + 1.6110848436e-15i
								Total Power Fwd: 1.17818 Rev: 0

		Interface (1): wg1:exp:c(0):I1(1) T = 300.15 NonLinear
			N1 = 2.5 (2.5) N2 = 1.1
				Tf^2 = 0.848765 Rf^2 = 0.151235  Tb^2 = 0.848765 Rb^2 = 0.151235 Tf+Rf = 1 Tb+Rb = 1 
			Rf = 0.388889 	Tf = 0.921285 	Rb = -0.388889 	Tb = 0.921285 

		 Output: l2:fixed:1000
			l2:fixed:1000  Carrier Lambda: 1000 nm  -- MP vars
				Mode 0
					(fwd: 42,44):  Pow: 9.9999999999e-01 Phi: -3.1415926536e+00  Mag: 1.0000000000e+00 E_f =  -1.0000000000e+00 + -5.8956244079e-15i
					(rev: 43,45):  Pow: 0.0000000000e+00 Phi: 0.0000000000e+00  Mag: 0.0000000000e+00 E_f =  0.0000000000e+00 + 0.0000000000e+00i
								Total Power Fwd: 1 Rev: 0

			Extra
				Mode 0
					(fwd: 56,57):  Pow: 9.9999999999e-01 Phi: -3.1415926536e+00  Mag: 1.0000000000e+00 E_f =  -1.0000000000e+00 + -5.8956244079e-15i
								Total Power Fwd: 1 Rev: 0

IndSource:                       v1 (V source)
			V: 1.0000000000e+00 I: 0.0000000000e+00 

IndSource:                       v2 (V source)
			V: 0.0000000000e+00 I: 0.0000000000e+00 

Cw_Source: cw1 
	 Channel : 0 -- n1: 18 n2: 20 -- Fixed Lambda
		 Freqshift: 0
			l1:fixed:1000  Carrier Lambda: 1000 nm  -- MP vars
				Mode 0
					(fwd: 14,16):  Pow: 1.0000000000e+00 Phi: 0.0000000000e+00  Mag: 1.0000000000e+00 E_f =  1.0000000000e+00 + 0.0000000000e+00i
					(rev: 15,17):  Pow: 3.3596028137e-24 Phi: 3.1395103547e+00  Mag: 1.8329219333e-12 E_f =  -1.8329179596e-12 + 3.8166885227e-15i
								Total Power Fwd: 1 Rev: 3.3596e-24

Mirror: mir1
	Channel:0
			l2:fixed:1000  Carrier Lambda: 1000 nm  -- MP vars
				Mode 0
					(fwd: 42,44):  Pow: 9.9999999999e-01 Phi: -3.1415926536e+00  Mag: 1.0000000000e+00 E_f =  -1.0000000000e+00 + -5.8956244079e-15i
					(rev: 43,45):  Pow: 0.0000000000e+00 Phi: 0.0000000000e+00  Mag: 0.0000000000e+00 E_f =  0.0000000000e+00 + 0.0000000000e+00i
								Total Power Fwd: 1 Rev: 0



***** Node Operating Point Values 
	wg1                           	Port: 1 
	                              	mode: l1:fixed:1000 
	                              		dir: FWD
	                              			TE Fields: 1.0000000000e+00 0.0000000000e+00 

	wg1                           	Port: 2 
	                              	mode: l2:fixed:1000 
	                              		dir: FWD
	                              			TE Fields: 1.0000000000e+00 -3.1415926536e+00 

	v1                            	Port:     1	V = 1.0000000000e+00
	v1                            	Port:     1	I = 0.0000000000e+00
	v1                            	Port:     2	I = -0.0000000000e+00
	v2                            	Port:     1	V = 0.0000000000e+00
	v2                            	Port:     1	I = 0.0000000000e+00
	v2                            	Port:     2	I = -0.0000000000e+00
	cw1                           	Port:     1	V = 1.0000000000e+00
	cw1                           	Port:     1	I = -0.0000000000e+00
	cw1                           	Port:     2	V = 0.0000000000e+00
	cw1                           	Port:     2	I = -0.0000000000e+00
	cw1                           	Port: 3 
	                              	mode: l1:fixed:1000 
	                              		dir: FWD
	                              			TE Fields: 1.0000000000e+00 0.0000000000e+00 
	                              			TM Fields: 0.0000000000e+00 0.0000000000e+00 
	                              		dir: REV
	                              			TE Fields: -1.8329179596e-12 3.8166885227e-15 
	                              			TM Fields: 0.0000000000e+00 0.0000000000e+00 

	wg1                           	Port: 1 
	                              	mode: l1:fixed:1000 
	                              		dir: FWD
	                              			TE Fields: 1.0000000000e+00 0.0000000000e+00 
	                              			TM Fields: 0.0000000000e+00 0.0000000000e+00 
	                              		dir: REV
	                              			TE Fields: -1.8329179596e-12 3.8166885227e-15 
	                              			TM Fields: 0.0000000000e+00 0.0000000000e+00 

	wg1                           	Port: 2 
	                              	mode: l2:fixed:1000 
	                              		dir: FWD
	                              			TE Fields: -1.0000000000e+00 -5.8956244079e-15 
	                              			TM Fields: 0.0000000000e+00 0.0000000000e+00 
	                              		dir: REV
	                              			TE Fields: 0.0000000000e+00 0.0000000000e+00 
	                              			TM Fields: 0.0000000000e+00 0.0000000000e+00 

	wg1:exp                       	Port: 1 
	                              	mode: l1:fixed:1000 
	                              		dir: FWD
	                              			TE Fields: 1.0000000000e+00 0.0000000000e+00 
	                              			TM Fields: 0.0000000000e+00 0.0000000000e+00 
	                              		dir: REV
	                              			TE Fields: -1.8329179596e-12 3.8166885227e-15 
	                              			TM Fields: 0.0000000000e+00 0.0000000000e+00 

	wg1:exp                       	Port: 2 
	                              	mode: l2:fixed:1000 
	                              		dir: FWD
	                              			TE Fields: -1.0000000000e+00 -5.8956244079e-15 
	                              			TM Fields: 0.0000000000e+00 0.0000000000e+00 
	                              		dir: REV
	                              			TE Fields: 0.0000000000e+00 0.0000000000e+00 
	                              			TM Fields: 0.0000000000e+00 0.0000000000e+00 

	mir1                          	Port: 1 
	                              	mode: l2:fixed:1000 
	                              		dir: FWD
	                              			TE Fields: -1.0000000000e+00 -5.8956244079e-15 
	                              			TM Fields: 0.0000000000e+00 0.0000000000e+00 
	                              		dir: REV
	                              			TE Fields: 0.0000000000e+00 0.0000000000e+00 
	                              			TM Fields: 0.0000000000e+00 0.0000000000e+00 


***** 


Convergence failed at node: 17 15 (3.1395103547141678e+00 : -1.1963118985635445e+01 : 3.1395103547141676e-06 : 1.0000000000000000e-03 : 1.8329219333281971e-12 )



Convergence failed at node: 17 15 (-8.8236086309212780e+00 : 1.0500089852543555e+01 : 8.8236086309212778e-06 : 1.0000000000000000e-03 : 1.8859931847764193e-12 )

		DC iterations =  5 (extra 1). Cond 4.60757e-12
			Total num iter: 10
X: 1.000000000000000e+03 1.000000000000000e+00 1.000000000000000e+00 0.000000000000000e+00 -0.000000000000000e+00 -0.000000000000000e+00 0.000000000000000e+00 0.000000000000000e+00 0.000000000000000e+00 0.000000000000000e+00 -0.000000000000000e+00 -0.000000000000000e+00 0.000000000000000e+00 1.000000000000000e+00 1.737566440606368e-11 0.000000000000000e+00 1.676480872996687e+00 1.000000000000000e+00 -0.000000000000000e+00 -0.000000000000000e+00 -0.000000000000000e+00 1.000000000000000e+00 0.000000000000000e+00 0.000000000000000e+00 0.000000000000000e+00 1.085440840478090e+00 4.221158824068795e-01 6.719501581687608e-12 -1.884955592149433e+01 1.085440840477004e+00 4.221158824073016e-01 -1.570796326792653e+01 -3.141592653564217e+00 1.085440840477004e+00 4.221158824073016e-01 -1.570796326792653e+01 -3.141592653564217e+00 1.085440840477004e+00 -1.570796326792653e+01 4.221158824068795e-01 -1.884955592149433e+01 9.999999999962869e-01 0.000000000000000e+00 -3.141592653564217e+00 0.000000000000000e+00 1.737566440606368e-11 1.676480872996687e+00 1.085440840478090e+00 6.719501581687608e-12 0.000000000000000e+00 0.000000000000000e+00 0.000000000000000e+00 0.000000000000000e+00 4.221158824073016e-01 -3.141592653564217e+00 9.999999999962869e-01 -3.141592653564217e+00 0.000000000000000e+00 0.000000000000000e+00 0.000000000000000e+00 0.000000000000000e+00 0.000000000000000e+00 0.000000000000000e+00 0.000000000000000e+00 0.000000000000000e+00 

Operating point
1000 1 1 0 -0 -0 0 0 0 0 -0 -0 0 1 1.73757e-11 0 1.67648 1 -0 -0 -0 1 0 0 0 1.08544 0.422116 6.7195e-12 -18.8496 1.08544 0.422116 -15.708 -3.14159 1.08544 0.422116 -15.708 -3.14159 1.08544 -15.708 0.422116 -18.8496 1 0 -3.14159 0 1.73757e-11 1.67648 1.08544 6.7195e-12 0 0 0 0 0.422116 -3.14159 1 -3.14159 0 0 0 0 0 0 0 0 

Transient

***** Element Operating point info:

MultiLayerFilterExp: wg1:exp 
	(Explicit Filtering -- T = 300.15 -- E to E)
	Channel: 0
		 Input: l1:fixed:1000
			l1:fixed:1000  Carrier Lambda: 1000 nm  -- MP vars
				Mode 0
					(fwd: 14,16):  Pow: 1.0000000000e+00 Phi: 0.0000000000e+00  Mag: 1.0000000000e+00 E_f =  1.0000000000e+00 + 0.0000000000e+00i
					(rev: 15,17):  Pow: 3.0191371355e-22 Phi: 1.6764808730e+00  Mag: 1.7375664406e-11 E_f =  -1.8329227025e-12 + 1.7278718353e-11i
								Total Power Fwd: 1 Rev: 3.01914e-22

			Extra
					(rev: 46,47):  Pow: 3.0191371355e-22 Phi: 1.6764808730e+00  Mag: 1.7375664406e-11 E_f =  -1.8329227025e-12 + 1.7278718353e-11i
								Total Power Fwd: 0 Rev: 3.01914e-22

		Interface (0): wg1:exp:c(0):I1(0) T= 300.15 NonLinear
			N1 = 1.1 N2 = 2.5 (2.5)T = 300.15
				Tf^2 = 0.848765 Rf^2 = 0.151235  Tb^2 = 0.848765 Rb^2 = 0.151235 Tf+Rf = 1 Tb+Rb = 1 
			Rf = -0.388889 	Tf = 0.921285 	Rb = 0.388889 	Tb = 0.921285 

		 Layer (1) Phi= -15.708 (-3.14159)  Atten = 1 N = 2.5 V1 = 0 V2 = 0 T = 300.15
			Inter1: wg1:exp:inter1(0):fixed:1000 (MP)
			wg1:exp:inter1(0):fixed:1000  Carrier Lambda: 1000 nm  -- MP vars
				Mode 0
					(fwd: 26,28):  Pow: 1.1781818182e+00 Phi: 6.7195015817e-12  Mag: 1.0854408405e+00 E_f =  1.0854408405e+00 + 7.2936214444e-12i
					(rev: 27,29):  Pow: 1.7818181818e-01 Phi: -1.8849555921e+01  Mag: 4.2211588241e-01 E_f =  4.2211588241e-01 + 1.8755018975e-11i
								Total Power Fwd: 1.17818 Rev: 0.178182

			Inter2: wg1:exp:inter2(0):fixed:1000 (MP)
			wg1:exp:inter2(0):fixed:1000  Carrier Lambda: 1000 nm  -- MP vars
				Mode 0
					(fwd: 30,32):  Pow: 1.1781818182e+00 Phi: -1.5707963268e+01  Mag: 1.0854408405e+00 E_f =  -1.0854408405e+00 + -2.4351021704e-11i
					(rev: 31,33):  Pow: 1.7818181818e-01 Phi: -3.1415926536e+00  Mag: 4.2211588241e-01 E_f =  -4.2211588241e-01 + -1.0796081498e-11i
								Total Power Fwd: 1.17818 Rev: 0.178182

			Inter3: wg1:exp:inter3(0):fixed:1000 (MP) dt = 8.3391e-15
			wg1:exp:inter3(0):fixed:1000  Carrier Lambda: 1000 nm  -- MP vars
				Mode 0
					(fwd: 34,36):  Pow: 1.1781818182e+00 Phi: -1.5707963268e+01  Mag: 1.0854408405e+00 E_f =  -1.0854408405e+00 + -2.4351021704e-11i
					(rev: 35,37):  Pow: 1.7818181818e-01 Phi: -3.1415926536e+00  Mag: 4.2211588241e-01 E_f =  -4.2211588241e-01 + -1.0796081498e-11i
								Total Power Fwd: 1.17818 Rev: 0.178182

			ExtraNodes (MP)
			Delay queues (MP):
				Mode 0
					(fwd: 38,39):  Pow: 1.1781818182e+00 Phi: -1.5707963268e+01  Mag: 1.0854408405e+00 E_f =  -1.0854408405e+00 + -2.4351021704e-11i
					(rev: 40,41):  Pow: 1.7818181818e-01 Phi: -1.8849555921e+01  Mag: 4.2211588241e-01 E_f =  4.2211588241e-01 + 1.8755018975e-11i
								Total Power Fwd: 1.17818 Rev: 0.178182

			Extra Inter1
				Mode 0
					(fwd: 48,49):  Pow: 1.1781818182e+00 Phi: 6.7195015817e-12  Mag: 1.0854408405e+00 E_f =  1.0854408405e+00 + 7.2936214444e-12i
								Total Power Fwd: 1.17818 Rev: 0

		Interface (1): wg1:exp:c(0):I1(1) T = 300.15 NonLinear
			N1 = 2.5 (2.5) N2 = 1.1
				Tf^2 = 0.848765 Rf^2 = 0.151235  Tb^2 = 0.848765 Rb^2 = 0.151235 Tf+Rf = 1 Tb+Rb = 1 
			Rf = 0.388889 	Tf = 0.921285 	Rb = -0.388889 	Tb = 0.921285 

		 Output: l2:fixed:1000
			l2:fixed:1000  Carrier Lambda: 1000 nm  -- MP vars
				Mode 0
					(fwd: 42,44):  Pow: 9.9999999999e-01 Phi: -3.1415926536e+00  Mag: 1.0000000000e+00 E_f =  -1.0000000000e+00 + -2.5576108238e-11i
					(rev: 43,45):  Pow: 0.0000000000e+00 Phi: 0.0000000000e+00  Mag: 0.0000000000e+00 E_f =  0.0000000000e+00 + 0.0000000000e+00i
								Total Power Fwd: 1 Rev: 0

			Extra
				Mode 0
					(fwd: 56,57):  Pow: 9.9999999999e-01 Phi: -3.1415926536e+00  Mag: 1.0000000000e+00 E_f =  -1.0000000000e+00 + -2.5576108238e-11i
								Total Power Fwd: 1 Rev: 0

IndSource:                       v1 (V source)
			V: 1.0000000000e+00 I: 0.0000000000e+00 

IndSource:                       v2 (V source)
			V: 0.0000000000e+00 I: 0.0000000000e+00 

Cw_Source: cw1 
	 Channel : 0 -- n1: 18 n2: 20 -- Fixed Lambda
		 Freqshift: 0
			l1:fixed:1000  Carrier Lambda: 1000 nm  -- MP vars
				Mode 0
					(fwd: 14,16):  Pow: 1.0000000000e+00 Phi: 0.0000000000e+00  Mag: 1.0000000000e+00 E_f =  1.0000000000e+00 + 0.0000000000e+00i
					(rev: 15,17):  Pow: 3.0191371355e-22 Phi: 1.6764808730e+00  Mag: 1.7375664406e-11 E_f =  -1.8329227025e-12 + 1.7278718353e-11i
								Total Power Fwd: 1 Rev: 3.01914e-22

Mirror: mir1
	Channel:0
			l2:fixed:1000  Carrier Lambda: 1000 nm  -- MP vars
				Mode 0
					(fwd: 42,44):  Pow: 9.9999999999e-01 Phi: -3.1415926536e+00  Mag: 1.0000000000e+00 E_f =  -1.0000000000e+00 + -2.5576108238e-11i
					(rev: 43,45):  Pow: 0.0000000000e+00 Phi: 0.0000000000e+00  Mag: 0.0000000000e+00 E_f =  0.0000000000e+00 + 0.0000000000e+00i
								Total Power Fwd: 1 Rev: 0



***** Node Operating Point Values 
	wg1                           	Port: 1 
	                              	mode: l1:fixed:1000 
	                              		dir: FWD
	                              			TE Fields: 1.0000000000e+00 0.0000000000e+00 

	wg1                           	Port: 2 
	                              	mode: l2:fixed:1000 
	                              		dir: FWD
	                              			TE Fields: 1.0000000000e+00 -3.1415926536e+00 

	v1                            	Port:     1	V = 1.0000000000e+00
	v1                            	Port:     1	I = 0.0000000000e+00
	v1                            	Port:     2	I = -0.0000000000e+00
	v2                            	Port:     1	V = 0.0000000000e+00
	v2                            	Port:     1	I = 0.0000000000e+00
	v2                            	Port:     2	I = -0.0000000000e+00
	cw1                           	Port:     1	V = 1.0000000000e+00
	cw1                           	Port:     1	I = -0.0000000000e+00
	cw1                           	Port:     2	V = 0.0000000000e+00
	cw1                           	Port:     2	I = -0.0000000000e+00
	cw1                           	Port: 3 
	                              	mode: l1:fixed:1000 
	                              		dir: FWD
	                              			TE Fields: 1.0000000000e+00 0.0000000000e+00 
	                              			TM Fields: 0.0000000000e+00 0.0000000000e+00 
	                              		dir: REV
	                              			TE Fields: -1.8329227025e-12 1.7278718353e-11 
	                              			TM Fields: 0.0000000000e+00 0.0000000000e+00 

	wg1                           	Port: 1 
	                              	mode: l1:fixed:1000 
	                              		dir: FWD
	                              			TE Fields: 1.0000000000e+00 0.0000000000e+00 
	                              			TM Fields: 0.0000000000e+00 0.0000000000e+00 
	                              		dir: REV
	                              			TE Fields: -1.8329227025e-12 1.7278718353e-11 
	                              			TM Fields: 0.0000000000e+00 0.0000000000e+00 

	wg1                           	Port: 2 
	                              	mode: l2:fixed:1000 
	                              		dir: FWD
	                              			TE Fields: -1.0000000000e+00 -2.5576108238e-11 
	                              			TM Fields: 0.0000000000e+00 0.0000000000e+00 
	                              		dir: REV
	                              			TE Fields: 0.0000000000e+00 0.0000000000e+00 
	                              			TM Fields: 0.0000000000e+00 0.0000000000e+00 

	wg1:exp                       	Port: 1 
	                              	mode: l1:fixed:1000 
	                              		dir: FWD
	                              			TE Fields: 1.0000000000e+00 0.0000000000e+00 
	                              			TM Fields: 0.0000000000e+00 0.0000000000e+00 
	                              		dir: REV
	                              			TE Fields: -1.8329227025e-12 1.7278718353e-11 
	                              			TM Fields: 0.0000000000e+00 0.0000000000e+00 

	wg1:exp                       	Port: 2 
	                              	mode: l2:fixed:1000 
	                              		dir: FWD
	                              			TE Fields: -1.0000000000e+00 -2.5576108238e-11 
	                              			TM Fields: 0.0000000000e+00 0.0000000000e+00 
	                              		dir: REV
	                              			TE Fields: 0.0000000000e+00 0.0000000000e+00 
	                              			TM Fields: 0.0000000000e+00 0.0000000000e+00 

	mir1                          	Port: 1 
	                              	mode: l2:fixed:1000 
	                              		dir: FWD
	                              			TE Fields: -1.0000000000e+00 -2.5576108238e-11 
	                              			TM Fields: 0.0000000000e+00 0.0000000000e+00 
	                              		dir: REV
	                              			TE Fields: 0.0000000000e+00 0.0000000000e+00 
	                              			TM Fields: 0.0000000000e+00 0.0000000000e+00 


***** 
Transient ... 

t: 1e-13 t(sc) 1e-05 iter: 1 repeat_nr_iter: 0 h: 1e-05 Status: MP BACKE PhiWrapSimple

new h (LTE): 0.00311485 : d3 46 243.353 : h 46 0.00311485 

	D3: x: 1.67648 x1: 1.67648 x2: 1.67648 x3: 1.67648
new h (Growth limit): 2e-05 

t = 1e-13 (0%)
t: 3e-13 t(sc) 3e-05 iter: 1 repeat_nr_iter: 0 h: 2e-05 Status: MP BACKE PhiWrapLinear

new h (LTE): 0.0036815 : d3 48 1.11589e-08 : h 46 0.0036815 

	D3: x: 6.7195e-12 x1: 6.7195e-12 x2: 6.7195e-12 x3: 6.7195e-12
new h (Growth limit): 4e-05 

t: 7e-13 t(sc) 7e-05 iter: 1 repeat_nr_iter: 0 h: 4e-05 Status: MP BACKE PhiWrapLinear

new h (LTE): 0.0191019 : d3 46 6.47079 : h 46 0.0191019 

	D3: x: 1.67648 x1: 1.67648 x2: 1.67648 x3: 1.67648
new h (Growth limit): 8e-05 

t: 1.5e-12 t(sc) 0.00015 iter: 1 repeat_nr_iter: 0 h: 8e-05 Status: MP BACKE PhiWrapLinear

new h (LTE): 0.0946201 : d3 48 1.6893e-11 : h 46 0.0946201 

	D3: x: 6.7195e-12 x1: 6.7195e-12 x2: 6.7195e-12 x3: 6.7195e-12
new h (Growth limit): 0.00016 

t: 3.1e-12 t(sc) 0.00031 iter: 1 repeat_nr_iter: 0 h: 0.00016 Status: MP BACKE PhiWrapLinear

new h (LTE): 0.458286 : d3 46 0.0112418 : h 46 0.458286 

	D3: x: 1.67648 x1: 1.67648 x2: 1.67648 x3: 1.67648
new h (Growth limit): 0.00032 
Switching integration method and stepping back one step at 1.5e-12 to Trap
t: 3.1e-12 t(sc) 0.00031 iter: 1 repeat_nr_iter: 0 h: 0.00016 Status: MP TRAP PhiWrapLinear

new h (LTE): 0.0052392 : d3 46 985.221 : h 46 0.0052392 

	D3: x: 1.67648 x1: 1.67648 x2: 1.67648 x3: 1.67648
new h (Growth limit): 0.00032 

t: 6.3e-12 t(sc) 0.00063 iter: 1 repeat_nr_iter: 0 h: 0.00032 Status: MP TRAP PhiWrapLinear

new h (LTE): 0.017979 : d3 48 1.56163e-09 : h 46 0.017979 

	D3: x: 6.7195e-12 x1: 6.7195e-12 x2: 6.7195e-12 x3: 6.7195e-12
new h (Growth limit): 0.00064 

t: 1.27e-11 t(sc) 0.00127 iter: 1 repeat_nr_iter: 0 h: 0.00064 Status: MP TRAP PhiWrapLinear

new h (LTE): 0.042821 : d3 46 1.80439 : h 46 0.042821 

	D3: x: 1.67648 x1: 1.67648 x2: 1.67648 x3: 1.67648
new h (Growth limit): 0.00128 

t: 2.55e-11 t(sc) 0.00255 iter: 1 repeat_nr_iter: 0 h: 0.00128 Status: MP TRAP PhiWrapLinear

new h (LTE): 0.0774089 : d3 48 1.95652e-11 : h 46 0.0774089 

	D3: x: 6.7195e-12 x1: 6.7195e-12 x2: 6.7195e-12 x3: 6.7195e-12
new h (Growth limit): 0.00256 

t: 5.11e-11 t(sc) 0.00511 iter: 1 repeat_nr_iter: 0 h: 0.00256 Status: MP TRAP PhiWrapLinear

new h (LTE): 0.139897 : d3 46 0.051744 : h 46 0.139897 

	D3: x: 1.67648 x1: 1.67648 x2: 1.67648 x3: 1.67648
new h (Growth limit): 0.00512 

t: 1.023e-10 t(sc) 0.01023 iter: 1 repeat_nr_iter: 0 h: 0.00512 Status: MP TRAP PhiWrapLinear

new h (LTE): 0.252795 : d3 48 5.61741e-13 : h 46 0.252795 

	D3: x: 6.7195e-12 x1: 6.7195e-12 x2: 6.7195e-12 x3: 6.7195e-12
new h (Growth limit): 0.01024 

t: 2.047e-10 t(sc) 0.02047 iter: 1 repeat_nr_iter: 0 h: 0.01024 Status: MP TRAP PhiWrapLinear

new h (LTE): 0.456772 : d3 46 0.00148652 : h 46 0.456772 

	D3: x: 1.67648 x1: 1.67648 x2: 1.67648 x3: 1.67648
new h (Growth limit): 0.02048 
new h (Max): 0.02 

t: 4.047e-10 t(sc) 0.04047 iter: 1 repeat_nr_iter: 0 h: 0.02 Status: MP TRAP PhiWrapLinear

new h (LTE): 0.819831 : d3 48 1.64685e-14 : h 46 0.819831 

	D3: x: 6.7195e-12 x1: 6.7195e-12 x2: 6.7195e-12 x3: 6.7195e-12
new h (Growth limit): 0.04 
new h (Max): 0.02 

t: 6.047e-10 t(sc) 0.06047 iter: 1 repeat_nr_iter: 0 h: 0.02 Status: MP TRAP PhiWrapLinear

new h (LTE): 1.20591 : d3 46 8.07819e-05 : h 46 1.20591 

	D3: x: 1.67648 x1: 1.67648 x2: 1.67648 x3: 1.67648
new h (Growth limit): 0.04 
new h (Max): 0.02 

t = 6.047e-10 (5%)
t: 8.047e-10 t(sc) 0.08047 iter: 1 repeat_nr_iter: 0 h: 0.02 Status: MP TRAP PhiWrapLinear

new h (LTE): 1.28185 : d3 48 4.30837e-15 : h 46 1.28185 

	D3: x: 6.7195e-12 x1: 6.7195e-12 x2: 6.7195e-12 x3: 6.7195e-12
new h (Growth limit): 0.04 
new h (Max): 0.02 

t: 1.0047e-09 t(sc) 0.10047 iter: 1 repeat_nr_iter: 0 h: 0.02 Status: MP TRAP PhiWrapLinear

new h (LTE): 1.15802 : d3 46 9.1225e-05 : h 46 1.15802 

	D3: x: 1.67648 x1: 1.67648 x2: 1.67648 x3: 1.67648
new h (Growth limit): 0.04 
new h (Max): 0.02 

t = 1.0047e-09 (10%)
t: 1.2047e-09 t(sc) 0.12047 iter: 1 repeat_nr_iter: 0 h: 0.02 Status: MP TRAP PhiWrapLinear

new h (LTE): 1.04615 : d3 48 7.9258e-15 : h 46 1.04615 

	D3: x: 6.7195e-12 x1: 6.7195e-12 x2: 6.7195e-12 x3: 6.7195e-12
new h (Growth limit): 0.04 
new h (Max): 0.02 

t: 1.4047e-09 t(sc) 0.14047 iter: 1 repeat_nr_iter: 0 h: 0.02 Status: MP TRAP PhiWrapLinear

new h (LTE): 0.945089 : d3 46 0.00016782 : h 46 0.945089 

	D3: x: 1.67648 x1: 1.67648 x2: 1.67648 x3: 1.67648
new h (Growth limit): 0.04 
new h (Max): 0.02 

t: 1.6047e-09 t(sc) 0.16047 iter: 1 repeat_nr_iter: 0 h: 0.02 Status: MP TRAP PhiWrapLinear

new h (LTE): 0.853791 : d3 48 1.45805e-14 : h 46 0.853791 

	D3: x: 6.7195e-12 x1: 6.7195e-12 x2: 6.7195e-12 x3: 6.7195e-12
new h (Growth limit): 0.04 
new h (Max): 0.02 
Switching integration method and stepping back two steps at 1.0047e-09 to BE
t: 1.2047e-09 t(sc) 0.12047 iter: 1 repeat_nr_iter: 0 h: 0.02 Status: MP BACKE PhiWrapLinear

new h (LTE): 2.64575 : d3 48 1.94949e-16 : h 3 2.64575 

	D3: x: 6.7195e-12 x1: 6.7195e-12 x2: 6.7195e-12 x3: 6.7195e-12
new h (Growth limit): 0.04 
new h (Max): 0.02 

t: 1.4047e-09 t(sc) 0.14047 iter: 1 repeat_nr_iter: 0 h: 0.02 Status: MP BACKE PhiWrapLinear

new h (LTE): 2.64575 : d3 46 1.44899e-06 : h 3 2.64575 

	D3: x: 1.67648 x1: 1.67648 x2: 1.67648 x3: 1.67648
new h (Growth limit): 0.04 
new h (Max): 0.02 

t: 1.6047e-09 t(sc) 0.16047 iter: 1 repeat_nr_iter: 0 h: 0.02 Status: MP BACKE PhiWrapLinear

new h (LTE): 2.64575 : d3 48 1.65367e-17 : h 3 2.64575 

	D3: x: 6.7195e-12 x1: 6.7195e-12 x2: 6.7195e-12 x3: 6.7195e-12
new h (Growth limit): 0.04 
new h (Max): 0.02 

t = 1.6047e-09 (15%)
t: 1.8047e-09 t(sc) 0.18047 iter: 1 repeat_nr_iter: 0 h: 0.02 Status: MP BACKE PhiWrapLinear

new h (LTE): 2.64575 : d3 46 4.59946e-08 : h 3 2.64575 

	D3: x: 1.67648 x1: 1.67648 x2: 1.67648 x3: 1.67648
new h (Growth limit): 0.04 
new h (Max): 0.02 

t: 2.0047e-09 t(sc) 0.20047 iter: 1 repeat_nr_iter: 0 h: 0.02 Status: MP BACKE PhiWrapLinear

new h (LTE): 2.64575 : d3 48 5.24916e-19 : h 3 2.64575 

	D3: x: 6.7195e-12 x1: 6.7195e-12 x2: 6.7195e-12 x3: 6.7195e-12
new h (Growth limit): 0.04 
new h (Max): 0.02 
Switching integration method and stepping back one step at 1.8047e-09 to Trap
t: 2.0047e-09 t(sc) 0.20047 iter: 1 repeat_nr_iter: 0 h: 0.02 Status: MP TRAP PhiWrapLinear

new h (LTE): 1.91292 : d3 48 5.91757e-17 : h 3 1.91292 

	D3: x: 6.7195e-12 x1: 6.7195e-12 x2: 6.7195e-12 x3: 6.7195e-12
new h (Growth limit): 0.04 
new h (Max): 0.02 

t = 2.0047e-09 (20%)
t: 2.2047e-09 t(sc) 0.22047 iter: 1 repeat_nr_iter: 0 h: 0.02 Status: MP TRAP PhiWrapLinear

new h (LTE): 1.91292 : d3 46 2.5457e-07 : h 3 1.91292 

	D3: x: 1.67648 x1: 1.67648 x2: 1.67648 x3: 1.67648
new h (Growth limit): 0.04 
new h (Max): 0.02 

t: 2.4047e-09 t(sc) 0.24047 iter: 1 repeat_nr_iter: 0 h: 0.02 Status: MP TRAP PhiWrapLinear

new h (LTE): 1.91292 : d3 48 1.46911e-17 : h 3 1.91292 

	D3: x: 6.7195e-12 x1: 6.7195e-12 x2: 6.7195e-12 x3: 6.7195e-12
new h (Growth limit): 0.04 
new h (Max): 0.02 

t: 2.6047e-09 t(sc) 0.26047 iter: 1 repeat_nr_iter: 0 h: 0.02 Status: MP TRAP PhiWrapLinear

new h (LTE): 1.91292 : d3 46 3.11057e-07 : h 3 1.91292 

	D3: x: 1.67648 x1: 1.67648 x2: 1.67648 x3: 1.67648
new h (Growth limit): 0.04 
new h (Max): 0.02 

t = 2.6047e-09 (25%)
t: 2.8047e-09 t(sc) 0.28047 iter: 1 repeat_nr_iter: 0 h: 0.02 Status: MP TRAP PhiWrapLinear

new h (LTE): 1.91292 : d3 48 2.70261e-17 : h 3 1.91292 

	D3: x: 6.7195e-12 x1: 6.7195e-12 x2: 6.7195e-12 x3: 6.7195e-12
new h (Growth limit): 0.04 
new h (Max): 0.02 

t: 3.0047e-09 t(sc) 0.30047 iter: 1 repeat_nr_iter: 0 h: 0.02 Status: MP TRAP PhiWrapLinear

new h (LTE): 1.91292 : d3 46 5.72232e-07 : h 3 1.91292 

	D3: x: 1.67648 x1: 1.67648 x2: 1.67648 x3: 1.67648
new h (Growth limit): 0.04 
new h (Max): 0.02 

t = 3.0047e-09 (30%)
t: 3.2047e-09 t(sc) 0.32047 iter: 1 repeat_nr_iter: 0 h: 0.02 Status: MP TRAP PhiWrapLinear

new h (LTE): 1.91292 : d3 48 4.9718e-17 : h 3 1.91292 

	D3: x: 6.7195e-12 x1: 6.7195e-12 x2: 6.7195e-12 x3: 6.7195e-12
new h (Growth limit): 0.04 
new h (Max): 0.02 

t: 3.4047e-09 t(sc) 0.34047 iter: 1 repeat_nr_iter: 0 h: 0.02 Status: MP TRAP PhiWrapLinear

new h (LTE): 1.91292 : d3 46 1.05271e-06 : h 3 1.91292 

	D3: x: 1.67648 x1: 1.67648 x2: 1.67648 x3: 1.67648
new h (Growth limit): 0.04 
new h (Max): 0.02 

t: 3.6047e-09 t(sc) 0.36047 iter: 1 repeat_nr_iter: 0 h: 0.02 Status: MP TRAP PhiWrapLinear

new h (LTE): 1.91292 : d3 48 9.14626e-17 : h 3 1.91292 

	D3: x: 6.7195e-12 x1: 6.7195e-12 x2: 6.7195e-12 x3: 6.7195e-12
new h (Growth limit): 0.04 
new h (Max): 0.02 

t = 3.6047e-09 (35%)
t: 3.8047e-09 t(sc) 0.38047 iter: 1 repeat_nr_iter: 0 h: 0.02 Status: MP TRAP PhiWrapLinear

new h (LTE): 1.91292 : d3 46 1.93661e-06 : h 3 1.91292 

	D3: x: 1.67648 x1: 1.67648 x2: 1.67648 x3: 1.67648
new h (Growth limit): 0.04 
new h (Max): 0.02 

t: 4.0047e-09 t(sc) 0.40047 iter: 1 repeat_nr_iter: 0 h: 0.02 Status: MP TRAP PhiWrapLinear

new h (LTE): 1.91292 : d3 48 1.68257e-16 : h 3 1.91292 

	D3: x: 6.7195e-12 x1: 6.7195e-12 x2: 6.7195e-12 x3: 6.7195e-12
new h (Growth limit): 0.04 
new h (Max): 0.02 

t = 4.0047e-09 (40%)
t: 4.2047e-09 t(sc) 0.42047 iter: 1 repeat_nr_iter: 0 h: 0.02 Status: MP TRAP PhiWrapLinear

new h (LTE): 1.91292 : d3 46 3.56265e-06 : h 3 1.91292 

	D3: x: 1.67648 x1: 1.67648 x2: 1.67648 x3: 1.67648
new h (Growth limit): 0.04 
new h (Max): 0.02 

t: 4.4047e-09 t(sc) 0.44047 iter: 1 repeat_nr_iter: 0 h: 0.02 Status: MP TRAP PhiWrapLinear

new h (LTE): 1.91292 : d3 48 3.0953e-16 : h 3 1.91292 

	D3: x: 6.7195e-12 x1: 6.7195e-12 x2: 6.7195e-12 x3: 6.7195e-12
new h (Growth limit): 0.04 
new h (Max): 0.02 

t: 4.6047e-09 t(sc) 0.46047 iter: 1 repeat_nr_iter: 0 h: 0.02 Status: MP TRAP PhiWrapLinear

new h (LTE): 1.91292 : d3 46 6.55396e-06 : h 3 1.91292 

	D3: x: 1.67648 x1: 1.67648 x2: 1.67648 x3: 1.67648
new h (Growth limit): 0.04 
new h (Max): 0.02 

t = 4.6047e-09 (45%)
t: 4.8047e-09 t(sc) 0.48047 iter: 1 repeat_nr_iter: 0 h: 0.02 Status: MP TRAP PhiWrapLinear

new h (LTE): 1.91292 : d3 48 5.6942e-16 : h 3 1.91292 

	D3: x: 6.7195e-12 x1: 6.7195e-12 x2: 6.7195e-12 x3: 6.7195e-12
new h (Growth limit): 0.04 
new h (Max): 0.02 

t: 5.0047e-09 t(sc) 0.50047 iter: 1 repeat_nr_iter: 0 h: 0.02 Status: MP TRAP PhiWrapLinear

new h (LTE): 1.91292 : d3 46 1.20568e-05 : h 3 1.91292 

	D3: x: 1.67648 x1: 1.67648 x2: 1.67648 x3: 1.67648
new h (Growth limit): 0.04 
new h (Max): 0.02 

t = 5.0047e-09 (50%)
t: 5.2047e-09 t(sc) 0.52047 iter: 1 repeat_nr_iter: 0 h: 0.02 Status: MP TRAP PhiWrapLinear

new h (LTE): 1.91292 : d3 48 1.04752e-15 : h 3 1.91292 

	D3: x: 6.7195e-12 x1: 6.7195e-12 x2: 6.7195e-12 x3: 6.7195e-12
new h (Growth limit): 0.04 
new h (Max): 0.02 

t: 5.4047e-09 t(sc) 0.54047 iter: 1 repeat_nr_iter: 0 h: 0.02 Status: MP TRAP PhiWrapLinear

new h (LTE): 1.85537 : d3 46 2.21801e-05 : h 46 1.85537 

	D3: x: 1.67648 x1: 1.67648 x2: 1.67648 x3: 1.67648
new h (Growth limit): 0.04 
new h (Max): 0.02 

t: 5.6047e-09 t(sc) 0.56047 iter: 1 repeat_nr_iter: 0 h: 0.02 Status: MP TRAP PhiWrapLinear

new h (LTE): 1.67613 : d3 48 1.92705e-15 : h 46 1.67613 

	D3: x: 6.7195e-12 x1: 6.7195e-12 x2: 6.7195e-12 x3: 6.7195e-12
new h (Growth limit): 0.04 
new h (Max): 0.02 

t = 5.6047e-09 (55%)
t: 5.8047e-09 t(sc) 0.58047 iter: 1 repeat_nr_iter: 0 h: 0.02 Status: MP TRAP PhiWrapLinear

new h (LTE): 1.51421 : d3 46 4.08031e-05 : h 46 1.51421 

	D3: x: 1.67648 x1: 1.67648 x2: 1.67648 x3: 1.67648
new h (Growth limit): 0.04 
new h (Max): 0.02 

t: 6.0047e-09 t(sc) 0.60047 iter: 1 repeat_nr_iter: 0 h: 0.02 Status: MP TRAP PhiWrapLinear

new h (LTE): 1.36794 : d3 48 3.54505e-15 : h 46 1.36794 

	D3: x: 6.7195e-12 x1: 6.7195e-12 x2: 6.7195e-12 x3: 6.7195e-12
new h (Growth limit): 0.04 
new h (Max): 0.02 

t = 6.0047e-09 (60%)
t: 6.2047e-09 t(sc) 0.62047 iter: 1 repeat_nr_iter: 0 h: 0.02 Status: MP TRAP PhiWrapLinear

new h (LTE): 1.23579 : d3 46 7.50625e-05 : h 46 1.23579 

	D3: x: 1.67648 x1: 1.67648 x2: 1.67648 x3: 1.67648
new h (Growth limit): 0.04 
new h (Max): 0.02 

t: 6.4047e-09 t(sc) 0.64047 iter: 1 repeat_nr_iter: 0 h: 0.02 Status: MP TRAP PhiWrapLinear

new h (LTE): 1.11641 : d3 48 6.52157e-15 : h 46 1.11641 

	D3: x: 6.7195e-12 x1: 6.7195e-12 x2: 6.7195e-12 x3: 6.7195e-12
new h (Growth limit): 0.04 
new h (Max): 0.02 

t: 6.6047e-09 t(sc) 0.66047 iter: 1 repeat_nr_iter: 0 h: 0.02 Status: MP TRAP PhiWrapLinear

new h (LTE): 1.00856 : d3 46 0.000138087 : h 46 1.00856 

	D3: x: 1.67648 x1: 1.67648 x2: 1.67648 x3: 1.67648
new h (Growth limit): 0.04 
new h (Max): 0.02 

t = 6.6047e-09 (65%)
t: 6.8047e-09 t(sc) 0.68047 iter: 1 repeat_nr_iter: 0 h: 0.02 Status: MP TRAP PhiWrapLinear

new h (LTE): 0.911132 : d3 48 1.19973e-14 : h 46 0.911132 

	D3: x: 6.7195e-12 x1: 6.7195e-12 x2: 6.7195e-12 x3: 6.7195e-12
new h (Growth limit): 0.04 
new h (Max): 0.02 

t: 7.0047e-09 t(sc) 0.70047 iter: 1 repeat_nr_iter: 0 h: 0.02 Status: MP TRAP PhiWrapLinear

new h (LTE): 0.823114 : d3 46 0.000254029 : h 46 0.823114 

	D3: x: 1.67648 x1: 1.67648 x2: 1.67648 x3: 1.67648
new h (Growth limit): 0.04 
new h (Max): 0.02 
Switching integration method and stepping back two steps at 6.4047e-09 to BE
t: 6.6047e-09 t(sc) 0.66047 iter: 1 repeat_nr_iter: 0 h: 0.02 Status: MP BACKE PhiWrapLinear

new h (LTE): 2.64575 : d3 46 3.3965e-06 : h 3 2.64575 

	D3: x: 1.67648 x1: 1.67648 x2: 1.67648 x3: 1.67648
new h (Growth limit): 0.04 
new h (Max): 0.02 

t: 6.8047e-09 t(sc) 0.68047 iter: 1 repeat_nr_iter: 0 h: 0.02 Status: MP BACKE PhiWrapLinear

new h (LTE): 2.64575 : d3 48 1.03586e-16 : h 3 2.64575 

	D3: x: 6.7195e-12 x1: 6.7195e-12 x2: 6.7195e-12 x3: 6.7195e-12
new h (Growth limit): 0.04 
new h (Max): 0.02 

t: 7.0047e-09 t(sc) 0.70047 iter: 1 repeat_nr_iter: 0 h: 0.02 Status: MP BACKE PhiWrapLinear

new h (LTE): 2.64575 : d3 46 2.88111e-07 : h 3 2.64575 

	D3: x: 1.67648 x1: 1.67648 x2: 1.67648 x3: 1.67648
new h (Growth limit): 0.04 
new h (Max): 0.02 

t = 7.0047e-09 (70%)
t: 7.2047e-09 t(sc) 0.72047 iter: 1 repeat_nr_iter: 0 h: 0.02 Status: MP BACKE PhiWrapLinear

new h (LTE): 2.64575 : d3 48 3.28809e-18 : h 3 2.64575 

	D3: x: 6.7195e-12 x1: 6.7195e-12 x2: 6.7195e-12 x3: 6.7195e-12
new h (Growth limit): 0.04 
new h (Max): 0.02 

t: 7.4047e-09 t(sc) 0.74047 iter: 1 repeat_nr_iter: 0 h: 0.02 Status: MP BACKE PhiWrapLinear

new h (LTE): 2.64575 : d3 46 9.14518e-09 : h 3 2.64575 

	D3: x: 1.67648 x1: 1.67648 x2: 1.67648 x3: 1.67648
new h (Growth limit): 0.04 
new h (Max): 0.02 
Switching integration method and stepping back one step at 7.2047e-09 to Trap
t: 7.4047e-09 t(sc) 0.74047 iter: 1 repeat_nr_iter: 0 h: 0.02 Status: MP TRAP PhiWrapLinear

new h (LTE): 1.91292 : d3 46 1.03099e-06 : h 3 1.91292 

	D3: x: 1.67648 x1: 1.67648 x2: 1.67648 x3: 1.67648
new h (Growth limit): 0.04 
new h (Max): 0.02 

t: 7.6047e-09 t(sc) 0.76047 iter: 1 repeat_nr_iter: 0 h: 0.02 Status: MP TRAP PhiWrapLinear

new h (LTE): 1.91292 : d3 48 1.81983e-17 : h 3 1.91292 

	D3: x: 6.7195e-12 x1: 6.7195e-12 x2: 6.7195e-12 x3: 6.7195e-12
new h (Growth limit): 0.04 
new h (Max): 0.02 

t = 7.6047e-09 (75%)
t: 7.8047e-09 t(sc) 0.78047 iter: 1 repeat_nr_iter: 0 h: 0.02 Status: MP TRAP PhiWrapLinear

new h (LTE): 1.91292 : d3 46 2.55948e-07 : h 3 1.91292 

	D3: x: 1.67648 x1: 1.67648 x2: 1.67648 x3: 1.67648
new h (Growth limit): 0.04 
new h (Max): 0.02 

t: 8.0047e-09 t(sc) 0.80047 iter: 1 repeat_nr_iter: 0 h: 0.02 Status: MP TRAP PhiWrapLinear

new h (LTE): 1.91292 : d3 48 2.22381e-17 : h 3 1.91292 

	D3: x: 6.7195e-12 x1: 6.7195e-12 x2: 6.7195e-12 x3: 6.7195e-12
new h (Growth limit): 0.04 
new h (Max): 0.02 

t = 8.0047e-09 (80%)
t: 8.2047e-09 t(sc) 0.82047 iter: 1 repeat_nr_iter: 0 h: 0.02 Status: MP TRAP PhiWrapLinear

new h (LTE): 1.91292 : d3 46 4.70846e-07 : h 3 1.91292 

	D3: x: 1.67648 x1: 1.67648 x2: 1.67648 x3: 1.67648
new h (Growth limit): 0.04 
new h (Max): 0.02 

t: 8.4047e-09 t(sc) 0.84047 iter: 1 repeat_nr_iter: 0 h: 0.02 Status: MP TRAP PhiWrapLinear

new h (LTE): 1.91292 : d3 48 4.09097e-17 : h 3 1.91292 

	D3: x: 6.7195e-12 x1: 6.7195e-12 x2: 6.7195e-12 x3: 6.7195e-12
new h (Growth limit): 0.04 
new h (Max): 0.02 

t: 8.6047e-09 t(sc) 0.86047 iter: 1 repeat_nr_iter: 0 h: 0.02 Status: MP TRAP PhiWrapLinear

new h (LTE): 1.91292 : d3 46 8.66187e-07 : h 3 1.91292 

	D3: x: 1.67648 x1: 1.67648 x2: 1.67648 x3: 1.67648
new h (Growth limit): 0.04 
new h (Max): 0.02 

t = 8.6047e-09 (85%)
t: 8.8047e-09 t(sc) 0.88047 iter: 1 repeat_nr_iter: 0 h: 0.02 Status: MP TRAP PhiWrapLinear

new h (LTE): 1.91292 : d3 48 7.52586e-17 : h 3 1.91292 

	D3: x: 6.7195e-12 x1: 6.7195e-12 x2: 6.7195e-12 x3: 6.7195e-12
new h (Growth limit): 0.04 
new h (Max): 0.02 

t: 9.0047e-09 t(sc) 0.90047 iter: 1 repeat_nr_iter: 0 h: 0.02 Status: MP TRAP PhiWrapLinear

new h (LTE): 1.91292 : d3 46 1.59348e-06 : h 3 1.91292 

	D3: x: 1.67648 x1: 1.67648 x2: 1.67648 x3: 1.67648
new h (Growth limit): 0.04 
new h (Max): 0.02 

t = 9.0047e-09 (90%)
t: 9.2047e-09 t(sc) 0.92047 iter: 1 repeat_nr_iter: 0 h: 0.02 Status: MP TRAP PhiWrapLinear

new h (LTE): 1.91292 : d3 48 1.38448e-16 : h 3 1.91292 

	D3: x: 6.7195e-12 x1: 6.7195e-12 x2: 6.7195e-12 x3: 6.7195e-12
new h (Growth limit): 0.04 
new h (Max): 0.02 

t: 9.4047e-09 t(sc) 0.94047 iter: 1 repeat_nr_iter: 0 h: 0.02 Status: MP TRAP PhiWrapLinear

new h (LTE): 1.91292 : d3 46 2.93145e-06 : h 3 1.91292 

	D3: x: 1.67648 x1: 1.67648 x2: 1.67648 x3: 1.67648
new h (Growth limit): 0.04 
new h (Max): 0.02 

t: 9.6047e-09 t(sc) 0.96047 iter: 1 repeat_nr_iter: 0 h: 0.02 Status: MP TRAP PhiWrapLinear

new h (LTE): 1.91292 : d3 48 2.54692e-16 : h 3 1.91292 

	D3: x: 6.7195e-12 x1: 6.7195e-12 x2: 6.7195e-12 x3: 6.7195e-12
new h (Growth limit): 0.04 
new h (Max): 0.02 

t = 9.6047e-09 (95%)
t: 9.8047e-09 t(sc) 0.98047 iter: 1 repeat_nr_iter: 0 h: 0.02 Status: MP TRAP PhiWrapLinear

new h (LTE): 1.91292 : d3 46 5.39279e-06 : h 3 1.91292 

	D3: x: 1.67648 x1: 1.67648 x2: 1.67648 x3: 1.67648
new h (Growth limit): 0.04 
new h (Max): 0.02 

t: 1.00047e-08 t(sc) 1.00047 iter: 1 repeat_nr_iter: 0 h: 0.02 Status: MP TRAP PhiWrapLinear

new h (LTE): 1.91292 : d3 48 4.68539e-16 : h 3 1.91292 

	D3: x: 6.7195e-12 x1: 6.7195e-12 x2: 6.7195e-12 x3: 6.7195e-12
new h (Growth limit): 0.04 
new h (Max): 0.02 

t = 1.00047e-08 (100%)
Number of timesteps: 69
Transient Simulation Done. Num of Nonlin iters: 69 
	Freeing MNA
Freeing Main Circuit ...
	Freeing Nodes and Elements
Cleaning Main Circuit ...
	Freeing Parsed circuit: 'Main Circuit'
