Running OptiSPICE 5.1 (compiled on: Jan  5 2016 10:28:02) 

Copyright 2015 Optiwave Systems Inc. All rights reserved.

	git commit: 651cbe73905eab5871768bdecbe8d86323447f45 MergeFromStaticBuild

Processing Netlist file: waveguide_smt_L1.0_LAM810_Neff2.9_end.sp

************* FILE: "waveguide_smt_L1.0_LAM810_Neff2.9_end.sp"  ************

Title "CW Source check "

Osp Jobcontrol Verbosity=DEBUG2

.option ingold=2 DELMAX=.1e-10 ACCURATE=1 RUNLVL=6 NUMDGT=8
.OPTION DCCAP=1 TNOM=27

.param NMODES=1

* Voltage sources
v1 Mag1 0 DC = 1 
v2 Phi1 0 DC = 0 

Osp CWSOURCE   Name=cw1 Nodes = [Mag1 Phi1 l1] MoName = CWmodel lambda = 8.100000e+02
Osp WaveGuide  Name=wg1 Nodes = [l1 l2] MoName=WGmodel
Osp MIRROR     Name=mir1 Nodes = [l2] MoName = Mmodel 

Osp Model Name = Mmodel   type = MIRROR    Ref = 0
Osp Model Name = CWmodel  type = CWSOURCE 
Osp Model Name = WGmodel  type = WaveGuide  Length=1.000000e+00  IncludeTimeDelay=1  neff=[2.900000e+00]  N0=1.1 NF=1.1

% IncludeTimeDelay=1 
.tran .0001e-9 10e-9 nsolver=BACKE nmaxst=.05n nminst=.05n

	
.Monitor OptFields wg1 Format=MagPhi Port=1 dir=IN  Pol=TE
.Monitor OptFields wg1 Format=MagPhi Port=2 dir=OUT Pol=TE
%.Monitor OptFields wg2 Format=MagPhi Port=2 dir=OUT Pol=TE
.end

************* *************** ************

Options ingold=2 DELMAX=.1e-10 ACCURATE=1 RUNLVL=6 NUMDGT=8 
Options DCCAP=1 TNOM=27 
Param P=[ { NMODES 1 } ] 
INDSOURCE EL_Type=V_SOU Name=v1 Nodes=[ Mag1 0 ] dcMode dcValue=1 
INDSOURCE EL_Type=V_SOU Name=v2 Nodes=[ Phi1 0 ] dcMode dcValue=0 
CWSOURCE Name=cw1 Nodes=[ Mag1 Phi1 l1 ] MoName=CWmodel lambda=8.100000e+02 
WaveGuide Name=wg1 Nodes=[ l1 l2 ] MoName=WGmodel 
MIRROR Name=mir1 Nodes=[ l2 ] MoName=Mmodel 
Model Name=Mmodel type=MIRROR Ref=0 
Model Name=CWmodel type=CWSOURCE 
Model Name=WGmodel type=WaveGuide Length=1.000000e+00 IncludeTimeDelay=1 neff=[ 2.900000e+00 ] N0=1.1 NF=1.1 
Transient Tpoints=[ { .0001e-9 10e-9 } ] nsolver=BACKE nmaxst=.05n nminst=.05n 
Monitor Type=OptFields Name=wg1 Format=MagPhi Port=1 dir=IN Pol=TE 
Monitor Type=OptFields Name=wg1 Format=MagPhi Port=2 dir=OUT Pol=TE 
END

Assigning node numbers and stamping


Main Circuit Paras:
	Name=NMODES String=1 Ep = 0x0

Creating: v1

Creating: v2

Creating: cw1
	New Link: l1                                                           Link: 0x7fd1596023f0

Creating: wg1
	New Link: l2                                                           Link: 0x7fd159604b80

Creating: mir1

Circuit after element assignment

Element hash table
	Key: v1                                                           	val: 	1499466752
	Key: v2                                                           	val: 	1499469616
	Key: wg1:exp                                                      	val: 	1518346752
	Key: mir1                                                         	val: 	1518350336
	Key: cw1                                                          	val: 	1518338048
	Key: wg1                                                          	val: 	1518343680

Delay Element hash table

OptFFT Element hash table

Noise Element hash table

Optical Element hash table
	Key: wg1:exp                                                      	val: 	1518346752
	Key: mir1                                                         	val: 	1518350336
	Key: cw1                                                          	val: 	1518338048
	Key: wg1                                                          	val: 	1518343680

Source Optical Element hash table
	Key: cw1                                                          	val: 	1518338048

Elec Init Conditions


Tracing optical sources
	source: cw1 (fixed:810)  -> wg1:exp (1) 
		-- Return Branch:  -> cw1 (1) 

		-- Through Branch:  -> mir1 (1)  -> wg1:exp (1) 


Stamping: v1

Stamping: v2

Stamping: cw1
Created Optical Mode Shape 'Mode:1 n:1 x:5.0000000000000000e+01 y:5.0000000000000000e+01 m:0 n:0 s:5.0000000000000000e+00 1/r:0.0000000000000000e+00 l:8.1000000000000000e+02' (e3fcc12034842e5549c538b07837a4d7ff870c4e)
Adding Optical Mode:         l1:fixed:810 	      0x7fd1595021e0

Stamping: wg1
Adding Optical Mode: wg1:exp:inter1(0):fixed:810 	      0x7fd159504130
Adding Optical Mode: wg1:exp:inter2(0):fixed:810 	      0x7fd159700180
Adding Optical Mode: wg1:exp:inter3(0):fixed:810 	      0x7fd159700310
Adding Optical Mode:         l2:fixed:810 	      0x7fd159700fa0
Stamping OptScatteringVtoV Instance: wg1:exp:c(0):I1(0)
	E to E: l1:fixed:810 | wg1:exp:inter1(0):fixed:810
	Linear (E to E) Scattering Mode
	NonLinear Scattering Mode
Linear: -22.4954
CreateStampDelay: DELAY Name=wg1:exp:c(0):td(0):c(0):m(0):optmag:delay Del=9.6733587607464085e-15 Gain=1.0000000000000000e+00 Tcoeff=[ 0.0000000000000000e+00 0.0000000000000000e+00 ]
CreateStampDelay: DELAY Name=wg1:exp:c(0):td(0):reverse:c(0):m(0):optmag:delay Del=9.6733587607464085e-15 Gain=1.0000000000000000e+00 Tcoeff=[ 0.0000000000000000e+00 0.0000000000000000e+00 ]
CreateStampDelay: DELAY Name=wg1:exp:c(0):td(0):c(0):m(0):optphi:delay Del=9.6733587607464085e-15 Gain=1.0000000000000000e+00 Tcoeff=[ 0.0000000000000000e+00 0.0000000000000000e+00 ]
CreateStampDelay: DELAY Name=wg1:exp:c(0):td(0):reverse:c(0):m(0):optphi:delay Del=9.6733587607464085e-15 Gain=1.0000000000000000e+00 Tcoeff=[ 0.0000000000000000e+00 0.0000000000000000e+00 ]
Stamping OptScatteringVtoV Instance: wg1:exp:c(0):I1(1)
	E to E: wg1:exp:inter3(0):fixed:810 | l2:fixed:810
	Linear (E to E) Scattering Mode
	NonLinear Scattering Mode

Stamping: mir1

Linking optical elements; 
Pre-processing optical elements; evaluating the Oconn overlap integrals and FSE modes 
Mirror DetModes ... 
		mir1 input 0x7fd15a802320 output 0x7fd15a802320

Stamping free mode   optical elements; 
Processing Mirror: mir1 Version: 6 Switchable: 1
Adding Optical Mode: mir1:terminal:fixed:810 	      0x7fd159707e70
Stamping OptScatteringVtoV Instance: mir1:vtov:c(0)
	E to E: l2:fixed:810 | mir1:terminal:fixed:810
	Linear (E to E) Scattering Mode
	NonLinear Scattering Mode

Post Stamping: cw1:c:0:m(0):optphi:iso

Post Stamping: cw1:c:0:m(0):optmag:iso

Circuit after node assignment

Element hash table (including internal elements)
	Key: cw1:c:0:m(0):optphi:iso                                      	val: 	1498429504
	Key: mir1:vtov                                                    	val: 	1526834176
	Key: wg1:exp:c(0):td(0):c(0):m(0):optmag:delay                    	val: 	1498440608
	Key: wg1:exp:c(0):I1(0)                                           	val: 	1526726656
	Key: wg1:exp:c(0):td(0):c(0):m(0):optphi:delay                    	val: 	1500529680
	Key: wg1                                                          	val: 	1518343680
	Key: wg1:exp:c(0):I1(1)                                           	val: 	1526828544
	Key: wg1:exp:c(0):td(0):reverse:c(0):m(0):optphi:delay            	val: 	1500531760
	Key: wg1:exp:c(0):td(0):reverse:c(0):m(0):optmag:delay            	val: 	1500527312
	Key: mir1:vtov:c(0)                                               	val: 	1526839296
	Key: v1                                                           	val: 	1499466752
	Key: v2                                                           	val: 	1499469616
	Key: wg1:exp                                                      	val: 	1518346752
	Key: cw1:c:0:m(0):optmag:iso                                      	val: 	1498427392
	Key: cw1                                                          	val: 	1518338048
	Key: mir1                                                         	val: 	1518350336

Node hash table (size: 66)
	Key: wg1:exp:c(0):i1(1):0:fwd:modei:m(0):optmag                   	val: 	56        
	Key: mir1:vtov:c(0):0:fwd:modei:m(0):optphi                       	val: 	65        
	Key: wg1:exp:inter3(0):fixed:810:rev:m(0):optmag                  	val: 	35        
	Key: cw1:l1:fixed:810:modei:m(0):optphi                           	val: 	23        
	Key: l2:fixed:810:rev:m(0):optmag                                 	val: 	43        
	Key: wg1:exp:c(0):i1(0):0:rev:modei:m(0):optmag                   	val: 	46        
	Key: cw1:channel-fixed:810                                        	val: 	1         
	Key: wg1:exp:c(0):i1(0):0:fwd:modei:m(0):optmag                   	val: 	48        
	Key: mir1:vtov:c(0):0:rev:modei:m(0):optphi                       	val: 	63        
	Key: wg1:exp:c(0):td(0):reverse:c(0):m(0):optmag:delay:i          	val: 	51        
	Key: wg1:exp:inter2(0):fixed:810:fwd:m(0):optmag                  	val: 	30        
	Key: wg1:exp:c(0):i1(1):0:rev:modei:m(0):optmag                   	val: 	54        
	Key: wg1:exp:revphase(0:0):modei:m(0):optphi                      	val: 	41        
	Key: wg1:exp:inter3(0):fixed:810:fwd:m(0):optmag                  	val: 	34        
	Key: l1:fixed:810:rev:m(0):optmag                                 	val: 	15        
	Key: l2:fixed:810:fwd:m(0):optmag                                 	val: 	42        
	Key: mir1:terminal:fixed:810:rev:m(0):optphi                      	val: 	61        
	Key: wg1:exp:fwdphase(0:0):modei:m(0):optphi                      	val: 	39        
	Key: l1:fixed:810:fwd:m(0):optmag                                 	val: 	14        
	Key: v1:portcurrentnode:0                                         	val: 	3         
	Key: v1:portcurrentnode:1                                         	val: 	5         
	Key: cw1:c:0:m(0):optphi:iso:i                                    	val: 	25        
	Key: v2:portcurrentnode:0                                         	val: 	9         
	Key: v2:portcurrentnode:1                                         	val: 	11        
	Key: wg1:exp:inter1(0):fixed:810:rev:m(0):optphi                  	val: 	29        
	Key: mir1:terminal:fixed:810:fwd:m(0):optphi                      	val: 	60        
	Key: v1:i                                                         	val: 	7         
	Key: wg1:exp:inter2(0):fixed:810:rev:m(0):optphi                  	val: 	33        
	Key: wg1:exp:c(0):td(0):c(0):m(0):optmag:delay:i                  	val: 	50        
	Key: mir1:vtov:c(0):0:fwd:modei:m(0):optmag                       	val: 	64        
	Key: wg1:exp:c(0):td(0):reverse:c(0):m(0):optphi:delay:i          	val: 	53        
	Key: cw1:l1:fixed:810:modei:m(0):optmag                           	val: 	22        
	Key: mir1:vtov:c(0):0:rev:modei:m(0):optmag                       	val: 	62        
	Key: mag1                                                         	val: 	2         
	Key: cw1:portcurrentcurnode:0                                     	val: 	19        
	Key: cw1:portcurrentcurnode:1                                     	val: 	21        
	Key: v1:portcurrentcurnode:0                                      	val: 	4         
	Key: v1:portcurrentcurnode:1                                      	val: 	6         
	Key: wg1:exp:inter1(0):fixed:810:fwd:m(0):optphi                  	val: 	28        
	Key: wg1:exp:c(0):i1(1):0:fwd:modei:m(0):optphi                   	val: 	57        
	Key: v2:portcurrentcurnode:0                                      	val: 	10        
	Key: wg1:exp:inter3(0):fixed:810:rev:m(0):optphi                  	val: 	37        
	Key: l2:fixed:810:rev:m(0):optphi                                 	val: 	45        
	Key: wg1:exp:c(0):i1(0):0:rev:modei:m(0):optphi                   	val: 	47        
	Key: v2:portcurrentcurnode:1                                      	val: 	12        
	Key: 0                                                            	val: 	-5        
	Key: wg1:exp:revphase(0:0):modei:m(0):optmag                      	val: 	40        
	Key: wg1:exp:c(0):i1(0):0:fwd:modei:m(0):optphi                   	val: 	49        
	Key: mir1:terminal:fixed:810:rev:m(0):optmag                      	val: 	59        
	Key: wg1:exp:inter2(0):fixed:810:fwd:m(0):optphi                  	val: 	32        
	Key: l1:fixed:810:rev:m(0):optphi                                 	val: 	17        
	Key: wg1:exp:fwdphase(0:0):modei:m(0):optmag                      	val: 	38        
	Key: wg1:exp:inter3(0):fixed:810:fwd:m(0):optphi                  	val: 	36        
	Key: l2:fixed:810:fwd:m(0):optphi                                 	val: 	44        
	Key: wg1:exp:c(0):i1(1):0:rev:modei:m(0):optphi                   	val: 	55        
	Key: cw1:portcurrentnode:0                                        	val: 	18        
	Key: cw1:portcurrentnode:1                                        	val: 	20        
	Key: wg1:exp:c(0):td(0):c(0):m(0):optphi:delay:i                  	val: 	52        
	Key: mir1:terminal:fixed:810:fwd:m(0):optmag                      	val: 	58        
	Key: wg1:exp:inter1(0):fixed:810:rev:m(0):optmag                  	val: 	27        
	Key: l1:fixed:810:fwd:m(0):optphi                                 	val: 	16        
	Key: wg1:exp:inter2(0):fixed:810:rev:m(0):optmag                  	val: 	31        
	Key: cw1:c:0:m(0):optmag:iso:i                                    	val: 	24        
	Key: phi1                                                         	val: 	8         
	Key: v2:i                                                         	val: 	13        
	Key: wg1:exp:inter1(0):fixed:810:fwd:m(0):optmag                  	val: 	26        

Node array 
	Key: 0                                                            	val: 	-5         Status: V node
	Key: cw1:channel-fixed:810                                        	val: 	1          Status: V node
	Key: mag1                                                         	val: 	2          Status: V node
	Key: v1:portcurrentnode:0                                         	val: 	3          Status: V node
	Key: v1:portcurrentcurnode:0                                      	val: 	4          Status: I node
	Key: v1:portcurrentnode:1                                         	val: 	5          Status: V node
	Key: v1:portcurrentcurnode:1                                      	val: 	6          Status: I node
	Key: v1:i                                                         	val: 	7          Status: I node
	Key: phi1                                                         	val: 	8          Status: V node
	Key: v2:portcurrentnode:0                                         	val: 	9          Status: V node
	Key: v2:portcurrentcurnode:0                                      	val: 	10         Status: I node
	Key: v2:portcurrentnode:1                                         	val: 	11         Status: V node
	Key: v2:portcurrentcurnode:1                                      	val: 	12         Status: I node
	Key: v2:i                                                         	val: 	13         Status: I node
	Key: l1:fixed:810:fwd:m(0):optmag                                 	val: 	14         Status: O Mag node
	Key: l1:fixed:810:rev:m(0):optmag                                 	val: 	15         Status: O Mag node
	Key: l1:fixed:810:fwd:m(0):optphi                                 	val: 	16         Status: O Pha node (14)
	Key: l1:fixed:810:rev:m(0):optphi                                 	val: 	17         Status: O Pha node (15)
	Key: cw1:portcurrentnode:0                                        	val: 	18         Status: V node
	Key: cw1:portcurrentcurnode:0                                     	val: 	19         Status: I node
	Key: cw1:portcurrentnode:1                                        	val: 	20         Status: V node
	Key: cw1:portcurrentcurnode:1                                     	val: 	21         Status: I node
	Key: cw1:l1:fixed:810:modei:m(0):optmag                           	val: 	22         Status: O Mag node
	Key: cw1:l1:fixed:810:modei:m(0):optphi                           	val: 	23         Status: O Pha node (22)
	Key: cw1:c:0:m(0):optmag:iso:i                                    	val: 	24         Status: I node
	Key: cw1:c:0:m(0):optphi:iso:i                                    	val: 	25         Status: I node
	Key: wg1:exp:inter1(0):fixed:810:fwd:m(0):optmag                  	val: 	26         Status: O Mag node
	Key: wg1:exp:inter1(0):fixed:810:rev:m(0):optmag                  	val: 	27         Status: O Mag node
	Key: wg1:exp:inter1(0):fixed:810:fwd:m(0):optphi                  	val: 	28         Status: O Pha node (26)
	Key: wg1:exp:inter1(0):fixed:810:rev:m(0):optphi                  	val: 	29         Status: O Pha node (27)
	Key: wg1:exp:inter2(0):fixed:810:fwd:m(0):optmag                  	val: 	30         Status: O Mag node
	Key: wg1:exp:inter2(0):fixed:810:rev:m(0):optmag                  	val: 	31         Status: O Mag node
	Key: wg1:exp:inter2(0):fixed:810:fwd:m(0):optphi                  	val: 	32         Status: O Pha node (30)
	Key: wg1:exp:inter2(0):fixed:810:rev:m(0):optphi                  	val: 	33         Status: O Pha node (31)
	Key: wg1:exp:inter3(0):fixed:810:fwd:m(0):optmag                  	val: 	34         Status: O Mag node
	Key: wg1:exp:inter3(0):fixed:810:rev:m(0):optmag                  	val: 	35         Status: O Mag node
	Key: wg1:exp:inter3(0):fixed:810:fwd:m(0):optphi                  	val: 	36         Status: O Pha node (34)
	Key: wg1:exp:inter3(0):fixed:810:rev:m(0):optphi                  	val: 	37         Status: O Pha node (35)
	Key: wg1:exp:fwdphase(0:0):modei:m(0):optmag                      	val: 	38         Status: O Mag node
	Key: wg1:exp:fwdphase(0:0):modei:m(0):optphi                      	val: 	39         Status: O Pha node (38)
	Key: wg1:exp:revphase(0:0):modei:m(0):optmag                      	val: 	40         Status: O Mag node
	Key: wg1:exp:revphase(0:0):modei:m(0):optphi                      	val: 	41         Status: O Pha node (40)
	Key: l2:fixed:810:fwd:m(0):optmag                                 	val: 	42         Status: O Mag node
	Key: l2:fixed:810:rev:m(0):optmag                                 	val: 	43         Status: O Mag node
	Key: l2:fixed:810:fwd:m(0):optphi                                 	val: 	44         Status: O Pha node (42)
	Key: l2:fixed:810:rev:m(0):optphi                                 	val: 	45         Status: O Pha node (43)
	Key: wg1:exp:c(0):i1(0):0:rev:modei:m(0):optmag                   	val: 	46         Status: O Mag node
	Key: wg1:exp:c(0):i1(0):0:rev:modei:m(0):optphi                   	val: 	47         Status: O Pha node (46)
	Key: wg1:exp:c(0):i1(0):0:fwd:modei:m(0):optmag                   	val: 	48         Status: O Mag node
	Key: wg1:exp:c(0):i1(0):0:fwd:modei:m(0):optphi                   	val: 	49         Status: O Pha node (48)
	Key: wg1:exp:c(0):td(0):c(0):m(0):optmag:delay:i                  	val: 	50         Status: I node
	Key: wg1:exp:c(0):td(0):reverse:c(0):m(0):optmag:delay:i          	val: 	51         Status: I node
	Key: wg1:exp:c(0):td(0):c(0):m(0):optphi:delay:i                  	val: 	52         Status: I node
	Key: wg1:exp:c(0):td(0):reverse:c(0):m(0):optphi:delay:i          	val: 	53         Status: I node
	Key: wg1:exp:c(0):i1(1):0:rev:modei:m(0):optmag                   	val: 	54         Status: O Mag node
	Key: wg1:exp:c(0):i1(1):0:rev:modei:m(0):optphi                   	val: 	55         Status: O Pha node (54)
	Key: wg1:exp:c(0):i1(1):0:fwd:modei:m(0):optmag                   	val: 	56         Status: O Mag node
	Key: wg1:exp:c(0):i1(1):0:fwd:modei:m(0):optphi                   	val: 	57         Status: O Pha node (56)
	Key: mir1:terminal:fixed:810:fwd:m(0):optmag                      	val: 	58         Status: O Mag node
	Key: mir1:terminal:fixed:810:rev:m(0):optmag                      	val: 	59         Status: O Mag node
	Key: mir1:terminal:fixed:810:fwd:m(0):optphi                      	val: 	60         Status: O Pha node (58)
	Key: mir1:terminal:fixed:810:rev:m(0):optphi                      	val: 	61         Status: O Pha node (59)
	Key: mir1:vtov:c(0):0:rev:modei:m(0):optmag                       	val: 	62         Status: O Mag node
	Key: mir1:vtov:c(0):0:rev:modei:m(0):optphi                       	val: 	63         Status: O Pha node (62)
	Key: mir1:vtov:c(0):0:fwd:modei:m(0):optmag                       	val: 	64         Status: O Mag node
	Key: mir1:vtov:c(0):0:fwd:modei:m(0):optphi                       	val: 	65         Status: O Pha node (64)

Optical Node hash table
	wg1:exp:inter1(0):fixed:810
		aliases: wg1:exp:inter1(0) -- wg1:exp:inter1(0) -- 
	l1:fixed:810
		aliases: l1 -- l1 -- l1 -- 
	wg1:exp:inter2(0):fixed:810
		aliases: wg1:exp:inter2(0) -- wg1:exp:inter2(0) -- 
	wg1:exp:inter3(0):fixed:810
		aliases: wg1:exp:inter3(0) -- wg1:exp:inter3(0) -- 
	l2:fixed:810
		aliases: l2 -- l2 -- l2 -- l2 -- 
	mir1:terminal:fixed:810
		aliases: mir1:terminal -- mir1:terminal -- 

Optical ModeShape hash table
	Key: e3fcc12034842e5549c538b07837a4d7ff870c4e                     	val: 	1498423504

Optical Link hash table
	Key: l1                                                           l1                                                          	val: 	0x7fd1596023f0 
			E1: 	0x7fd15a800000 - cw1                                      	E2: 	0x7fd15a802200 - wg1:exp                                 
	Key: l2                                                           l2                                                          	val: 	0x7fd159604b80 
			E1: 	0x7fd15a802200 - wg1:exp                                  	E2: 	0x7fd15a803000 - mir1                                    

Source Optical Channel hash table
	Key: fixed:810                                                    	lambda: 	810        dPhi_dt: 	0x7fd15a800830 *dPhi_dt: 	0         

Optical Matrices hash table

Optical FSE Matrices hash table

Monitor Statements
	Name:                            wg1 Type:       OptFields Port:     1 Node Num:      0
	Name:                            wg1 Type:       OptFields Port:     2 Node Num:      0
	Name:                             v1 Type:               V Port:     1 Node Num:      2
	Name:                             v1 Type:               I Port:     1 Node Num:      0
	Name:                             v1 Type:               I Port:     2 Node Num:      0
	Name:                             v2 Type:               V Port:     1 Node Num:      8
	Name:                             v2 Type:               I Port:     1 Node Num:      0
	Name:                             v2 Type:               I Port:     2 Node Num:      0
	Name:                            cw1 Type:               V Port:     1 Node Num:      2
	Name:                            cw1 Type:               I Port:     1 Node Num:      0
	Name:                            cw1 Type:               V Port:     2 Node Num:      8
	Name:                            cw1 Type:               I Port:     2 Node Num:      0
	Name:                            cw1 Type:       OptFields Port:     3 Node Num:      0
	Name:                            wg1 Type:       OptFields Port:     1 Node Num:      0
	Name:                            wg1 Type:       OptFields Port:     2 Node Num:      0
	Name:                        wg1:exp Type:       OptFields Port:     1 Node Num:      0
	Name:                        wg1:exp Type:       OptFields Port:     2 Node Num:      0
	Name:                           mir1 Type:       OptFields Port:     1 Node Num:      0

Current Monitor Statements
	Key: v2:Port-2                                                    	port: 	2          	num: 	12        
	Key: v1:Port-1                                                    	port: 	1          	num: 	4         
	Key: v1:Port-2                                                    	port: 	2          	num: 	6         
	Key: cw1:Port-1                                                   	port: 	1          	num: 	19        
	Key: v2:Port-1                                                    	port: 	1          	num: 	10        
	Key: cw1:Port-2                                                   	port: 	2          	num: 	21        

Sub-circuits


Transient Simulation Started
tscaling: 1e+08
abstol: 1e-08 reltol: 1e-06 c_abstol: 1e-15 c_reltol: 1e-06
DC Simulation Started
DC Linear Initial Guess
DC simulations:
	DC var: 0.000000000000e+00
		Elec pass (T ind):
		DC iterations =  2 (extra -1). Cond 0.161402
			Total num iter: 2
		Elec pass (T dep). Evars Optical:
		DC iterations =  1 (extra -1). Cond 0.161402
			Total num iter: 3

***** Element Operating point info:

MultiLayerFilterExp: wg1:exp 
	(Explicit Filtering -- T = 300.15 -- E to E)
	Channel: 0
		 Input: l1:fixed:810
			l1:fixed:810 			Carrier Lambda: 810 nm --- E vars
				Mode 0
					(fwd: 14,16):  Pow: 1.0000000000e+00 Phi: 0.0000000000e+00  Mag: 1.0000000000e+00 E_f =  1.0000000000e+00 + 0.0000000000e+00i
					(rev: 15,17):  Pow: 2.2913795215e-01 Phi: -2.2647408568e+00  Mag: 4.7868356160e-01 E_f =  -3.0615376384e-01 + -3.6797802248e-01i
								Total Power Fwd: 1 Rev: 0.229138

			Extra
					(rev: 46,47):  Pow: 2.2913795215e-01 Phi: -2.2647408568e+00  Mag: 4.7868356160e-01 E_f =  -3.0615376384e-01 + -3.6797802248e-01i
								Total Power Fwd: 0 Rev: 0.229138

		Interface (0): wg1:exp:c(0):I1(0) T= 300.15 NonLinear
			N1 = 1.1 N2 = 2.9 (2.9)T = 300.15
				Tf^2 = 0.7975 Rf^2 = 0.2025  Tb^2 = 0.7975 Rb^2 = 0.2025 Tf+Rf = 1 Tb+Rb = 1 
			Rf = -0.45 	Tf = 0.893029 	Rb = 0.45 	Tb = 0.893029 

		 Layer (1) Phi= -22.4954 (-3.6458)  Atten = 1 N = 2.9 V1 = 0 V2 = 0 T = 300.15
			Inter1: wg1:exp:inter1(0):fixed:810 (Es)
			wg1:exp:inter1(0):fixed:810 			Carrier Lambda: 810 nm --- E vars
				Mode 0
					(fwd: 26,28):  Pow: 9.6659817912e-01 Phi: -1.8973830167e-01  Mag: 9.8315725046e-01 E_f =  9.6551314229e-01 + -1.8542532509e-01i
					(rev: 27,29):  Pow: 1.9573613127e-01 Phi: -1.1981507584e+00  Mag: 4.4242076270e-01 E_f =  1.6107686071e-01 + -4.1205627797e-01i
								Total Power Fwd: 0.966598 Rev: 0.195736

			Inter2: wg1:exp:inter2(0):fixed:810 (Es)
			wg1:exp:inter2(0):fixed:810 			Carrier Lambda: 810 nm --- E vars
				Mode 0
					(fwd: 30,32):  Pow: 9.6659817912e-01 Phi: 2.4476481236e+00  Mag: 9.8315725045e-01 E_f =  -7.5578166839e-01 + 6.2880223350e-01i
					(rev: 31,33):  Pow: 1.9573613127e-01 Phi: 2.4476481236e+00  Mag: 4.4242076270e-01 E_f =  -3.4010175077e-01 + 2.8296100507e-01i
								Total Power Fwd: 0.966598 Rev: 0.195736

			Inter3: wg1:exp:inter3(0):fixed:810 (Es) dt = 9.67336e-15
			wg1:exp:inter3(0):fixed:810 			Carrier Lambda: 810 nm --- E vars
				Mode 0
					(fwd: 34,36):  Pow: 9.6659817912e-01 Phi: 2.4476481236e+00  Mag: 9.8315725045e-01 E_f =  -7.5578166839e-01 + 6.2880223350e-01i
					(rev: 35,37):  Pow: 1.9573613127e-01 Phi: 2.4476481236e+00  Mag: 4.4242076270e-01 E_f =  -3.4010175077e-01 + 2.8296100507e-01i
								Total Power Fwd: 0.966598 Rev: 0.195736

			ExtraNodes (Es)
			Delay queues (Es):
				Mode 0
					(fwd: 38,39):  Pow: 9.6659817912e-01 Phi: 2.4476481236e+00  Mag: 9.8315725045e-01 E_f =  -7.5578166839e-01 + 6.2880223350e-01i
					(rev: 40,41):  Pow: 1.9573613127e-01 Phi: -1.1981507584e+00  Mag: 4.4242076270e-01 E_f =  1.6107686071e-01 + -4.1205627797e-01i
								Total Power Fwd: 0.966598 Rev: 0.195736

			Extra Inter1
				Mode 0
					(fwd: 48,49):  Pow: 9.6659817912e-01 Phi: -1.8973830167e-01  Mag: 9.8315725046e-01 E_f =  9.6551314229e-01 + -1.8542532509e-01i
								Total Power Fwd: 0.966598 Rev: 0

		Interface (1): wg1:exp:c(0):I1(1) T = 300.15 NonLinear
			N1 = 2.9 (2.9) N2 = 1.1
				Tf^2 = 0.7975 Rf^2 = 0.2025  Tb^2 = 0.7975 Rb^2 = 0.2025 Tf+Rf = 1 Tb+Rb = 1 
			Rf = 0.45 	Tf = 0.893029 	Rb = -0.45 	Tb = 0.893029 

		 Output: l2:fixed:810
			l2:fixed:810 			Carrier Lambda: 810 nm --- E vars
				Mode 0
					(fwd: 42,44):  Pow: 7.7086204785e-01 Phi: 2.4476481236e+00  Mag: 8.7798749869e-01 E_f =  -6.7493461119e-01 + 5.6153834995e-01i
					(rev: 43,45):  Pow: 0.0000000000e+00 Phi: 0.0000000000e+00  Mag: 0.0000000000e+00 E_f =  0.0000000000e+00 + 0.0000000000e+00i
								Total Power Fwd: 0.770862 Rev: 0

			Extra
				Mode 0
					(fwd: 56,57):  Pow: 7.7086204785e-01 Phi: 2.4476481236e+00  Mag: 8.7798749869e-01 E_f =  -6.7493461119e-01 + 5.6153834995e-01i
								Total Power Fwd: 0.770862 Rev: 0

IndSource:                       v1 (V source)
			V: 1.0000000000e+00 I: 0.0000000000e+00 

IndSource:                       v2 (V source)
			V: 0.0000000000e+00 I: 0.0000000000e+00 

Cw_Source: cw1 
	 Channel : 0 -- n1: 18 n2: 20 -- Fixed Lambda
		 Freqshift: 0
			l1:fixed:810 			Carrier Lambda: 810 nm --- E vars
				Mode 0
					(fwd: 14,16):  Pow: 1.0000000000e+00 Phi: 0.0000000000e+00  Mag: 1.0000000000e+00 E_f =  1.0000000000e+00 + 0.0000000000e+00i
					(rev: 15,17):  Pow: 2.2913795215e-01 Phi: -2.2647408568e+00  Mag: 4.7868356160e-01 E_f =  -3.0615376384e-01 + -3.6797802248e-01i
								Total Power Fwd: 1 Rev: 0.229138

Mirror: mir1
	Channel:0
			l2:fixed:810 			Carrier Lambda: 810 nm --- E vars
				Mode 0
					(fwd: 42,44):  Pow: 7.7086204785e-01 Phi: 2.4476481236e+00  Mag: 8.7798749869e-01 E_f =  -6.7493461119e-01 + 5.6153834995e-01i
					(rev: 43,45):  Pow: 0.0000000000e+00 Phi: 0.0000000000e+00  Mag: 0.0000000000e+00 E_f =  0.0000000000e+00 + 0.0000000000e+00i
								Total Power Fwd: 0.770862 Rev: 0



***** Node Operating Point Values 
	wg1                           	Port: 1 
	                              	mode: l1:fixed:810 
	                              		dir: FWD
	                              			TE Fields: 1.0000000000e+00 0.0000000000e+00 

	wg1                           	Port: 2 
	                              	mode: l2:fixed:810 
	                              		dir: FWD
	                              			TE Fields: 8.7798749869e-01 2.4476481236e+00 

	v1                            	Port:     1	V = 1.0000000000e+00
	v1                            	Port:     1	I = 0.0000000000e+00
	v1                            	Port:     2	I = -0.0000000000e+00
	v2                            	Port:     1	V = 0.0000000000e+00
	v2                            	Port:     1	I = 0.0000000000e+00
	v2                            	Port:     2	I = -0.0000000000e+00
	cw1                           	Port:     1	V = 1.0000000000e+00
	cw1                           	Port:     1	I = -0.0000000000e+00
	cw1                           	Port:     2	V = 0.0000000000e+00
	cw1                           	Port:     2	I = -0.0000000000e+00
	cw1                           	Port: 3 
	                              	mode: l1:fixed:810 
	                              		dir: FWD
	                              			TE Fields: 1.0000000000e+00 0.0000000000e+00 
	                              			TM Fields: 0.0000000000e+00 0.0000000000e+00 
	                              		dir: REV
	                              			TE Fields: -3.0615376384e-01 -3.6797802248e-01 
	                              			TM Fields: 0.0000000000e+00 0.0000000000e+00 

	wg1                           	Port: 1 
	                              	mode: l1:fixed:810 
	                              		dir: FWD
	                              			TE Fields: 1.0000000000e+00 0.0000000000e+00 
	                              			TM Fields: 0.0000000000e+00 0.0000000000e+00 
	                              		dir: REV
	                              			TE Fields: -3.0615376384e-01 -3.6797802248e-01 
	                              			TM Fields: 0.0000000000e+00 0.0000000000e+00 

	wg1                           	Port: 2 
	                              	mode: l2:fixed:810 
	                              		dir: FWD
	                              			TE Fields: -6.7493461119e-01 5.6153834995e-01 
	                              			TM Fields: 0.0000000000e+00 0.0000000000e+00 
	                              		dir: REV
	                              			TE Fields: 0.0000000000e+00 0.0000000000e+00 
	                              			TM Fields: 0.0000000000e+00 0.0000000000e+00 

	wg1:exp                       	Port: 1 
	                              	mode: l1:fixed:810 
	                              		dir: FWD
	                              			TE Fields: 1.0000000000e+00 0.0000000000e+00 
	                              			TM Fields: 0.0000000000e+00 0.0000000000e+00 
	                              		dir: REV
	                              			TE Fields: -3.0615376384e-01 -3.6797802248e-01 
	                              			TM Fields: 0.0000000000e+00 0.0000000000e+00 

	wg1:exp                       	Port: 2 
	                              	mode: l2:fixed:810 
	                              		dir: FWD
	                              			TE Fields: -6.7493461119e-01 5.6153834995e-01 
	                              			TM Fields: 0.0000000000e+00 0.0000000000e+00 
	                              		dir: REV
	                              			TE Fields: 0.0000000000e+00 0.0000000000e+00 
	                              			TM Fields: 0.0000000000e+00 0.0000000000e+00 

	mir1                          	Port: 1 
	                              	mode: l2:fixed:810 
	                              		dir: FWD
	                              			TE Fields: -6.7493461119e-01 5.6153834995e-01 
	                              			TM Fields: 0.0000000000e+00 0.0000000000e+00 
	                              		dir: REV
	                              			TE Fields: 0.0000000000e+00 0.0000000000e+00 
	                              			TM Fields: 0.0000000000e+00 0.0000000000e+00 


***** 
		Final Evars non-Linear Scatter pass:

***** Element Operating point info:

MultiLayerFilterExp: wg1:exp 
	(Explicit Filtering -- T = 300.15 -- E to E)
	Channel: 0
		 Input: l1:fixed:810
			l1:fixed:810 			Carrier Lambda: 810 nm --- E vars
				Mode 0
					(fwd: 14,16):  Pow: 1.0000000000e+00 Phi: 0.0000000000e+00  Mag: 1.0000000000e+00 E_f =  1.0000000000e+00 + 0.0000000000e+00i
					(rev: 15,17):  Pow: 2.2913795215e-01 Phi: -2.2647408568e+00  Mag: 4.7868356160e-01 E_f =  -3.0615376384e-01 + -3.6797802248e-01i
								Total Power Fwd: 1 Rev: 0.229138

			Extra
					(rev: 46,47):  Pow: 2.2913795215e-01 Phi: -2.2647408568e+00  Mag: 4.7868356160e-01 E_f =  -3.0615376384e-01 + -3.6797802248e-01i
								Total Power Fwd: 0 Rev: 0.229138

		Interface (0): wg1:exp:c(0):I1(0) T= 300.15 NonLinear
			N1 = 1.1 N2 = 2.9 (2.9)T = 300.15
				Tf^2 = 0.7975 Rf^2 = 0.2025  Tb^2 = 0.7975 Rb^2 = 0.2025 Tf+Rf = 1 Tb+Rb = 1 
			Rf = -0.45 	Tf = 0.893029 	Rb = 0.45 	Tb = 0.893029 

		 Layer (1) Phi= -22.4954 (-3.6458)  Atten = 1 N = 2.9 V1 = 0 V2 = 0 T = 300.15
			Inter1: wg1:exp:inter1(0):fixed:810 (Es)
			wg1:exp:inter1(0):fixed:810 			Carrier Lambda: 810 nm --- E vars
				Mode 0
					(fwd: 26,28):  Pow: 9.6659817912e-01 Phi: -1.8973830167e-01  Mag: 9.8315725046e-01 E_f =  9.6551314229e-01 + -1.8542532509e-01i
					(rev: 27,29):  Pow: 1.9573613127e-01 Phi: -1.1981507584e+00  Mag: 4.4242076270e-01 E_f =  1.6107686071e-01 + -4.1205627797e-01i
								Total Power Fwd: 0.966598 Rev: 0.195736

			Inter2: wg1:exp:inter2(0):fixed:810 (Es)
			wg1:exp:inter2(0):fixed:810 			Carrier Lambda: 810 nm --- E vars
				Mode 0
					(fwd: 30,32):  Pow: 9.6659817912e-01 Phi: 2.4476481236e+00  Mag: 9.8315725045e-01 E_f =  -7.5578166839e-01 + 6.2880223350e-01i
					(rev: 31,33):  Pow: 1.9573613127e-01 Phi: 2.4476481236e+00  Mag: 4.4242076270e-01 E_f =  -3.4010175077e-01 + 2.8296100507e-01i
								Total Power Fwd: 0.966598 Rev: 0.195736

			Inter3: wg1:exp:inter3(0):fixed:810 (Es) dt = 9.67336e-15
			wg1:exp:inter3(0):fixed:810 			Carrier Lambda: 810 nm --- E vars
				Mode 0
					(fwd: 34,36):  Pow: 9.6659817912e-01 Phi: 2.4476481236e+00  Mag: 9.8315725045e-01 E_f =  -7.5578166839e-01 + 6.2880223350e-01i
					(rev: 35,37):  Pow: 1.9573613127e-01 Phi: 2.4476481236e+00  Mag: 4.4242076270e-01 E_f =  -3.4010175077e-01 + 2.8296100507e-01i
								Total Power Fwd: 0.966598 Rev: 0.195736

			ExtraNodes (Es)
			Delay queues (Es):
				Mode 0
					(fwd: 38,39):  Pow: 9.6659817912e-01 Phi: 2.4476481236e+00  Mag: 9.8315725045e-01 E_f =  -7.5578166839e-01 + 6.2880223350e-01i
					(rev: 40,41):  Pow: 1.9573613127e-01 Phi: -1.1981507584e+00  Mag: 4.4242076270e-01 E_f =  1.6107686071e-01 + -4.1205627797e-01i
								Total Power Fwd: 0.966598 Rev: 0.195736

			Extra Inter1
				Mode 0
					(fwd: 48,49):  Pow: 9.6659817912e-01 Phi: -1.8973830167e-01  Mag: 9.8315725046e-01 E_f =  9.6551314229e-01 + -1.8542532509e-01i
								Total Power Fwd: 0.966598 Rev: 0

		Interface (1): wg1:exp:c(0):I1(1) T = 300.15 NonLinear
			N1 = 2.9 (2.9) N2 = 1.1
				Tf^2 = 0.7975 Rf^2 = 0.2025  Tb^2 = 0.7975 Rb^2 = 0.2025 Tf+Rf = 1 Tb+Rb = 1 
			Rf = 0.45 	Tf = 0.893029 	Rb = -0.45 	Tb = 0.893029 

		 Output: l2:fixed:810
			l2:fixed:810 			Carrier Lambda: 810 nm --- E vars
				Mode 0
					(fwd: 42,44):  Pow: 7.7086204785e-01 Phi: 2.4476481236e+00  Mag: 8.7798749869e-01 E_f =  -6.7493461119e-01 + 5.6153834995e-01i
					(rev: 43,45):  Pow: 0.0000000000e+00 Phi: 0.0000000000e+00  Mag: 0.0000000000e+00 E_f =  0.0000000000e+00 + 0.0000000000e+00i
								Total Power Fwd: 0.770862 Rev: 0

			Extra
				Mode 0
					(fwd: 56,57):  Pow: 7.7086204785e-01 Phi: 2.4476481236e+00  Mag: 8.7798749869e-01 E_f =  -6.7493461119e-01 + 5.6153834995e-01i
								Total Power Fwd: 0.770862 Rev: 0

IndSource:                       v1 (V source)
			V: 1.0000000000e+00 I: 0.0000000000e+00 

IndSource:                       v2 (V source)
			V: 0.0000000000e+00 I: 0.0000000000e+00 

Cw_Source: cw1 
	 Channel : 0 -- n1: 18 n2: 20 -- Fixed Lambda
		 Freqshift: 0
			l1:fixed:810 			Carrier Lambda: 810 nm --- E vars
				Mode 0
					(fwd: 14,16):  Pow: 1.0000000000e+00 Phi: 0.0000000000e+00  Mag: 1.0000000000e+00 E_f =  1.0000000000e+00 + 0.0000000000e+00i
					(rev: 15,17):  Pow: 2.2913795215e-01 Phi: -2.2647408568e+00  Mag: 4.7868356160e-01 E_f =  -3.0615376384e-01 + -3.6797802248e-01i
								Total Power Fwd: 1 Rev: 0.229138

Mirror: mir1
	Channel:0
			l2:fixed:810 			Carrier Lambda: 810 nm --- E vars
				Mode 0
					(fwd: 42,44):  Pow: 7.7086204785e-01 Phi: 2.4476481236e+00  Mag: 8.7798749869e-01 E_f =  -6.7493461119e-01 + 5.6153834995e-01i
					(rev: 43,45):  Pow: 0.0000000000e+00 Phi: 0.0000000000e+00  Mag: 0.0000000000e+00 E_f =  0.0000000000e+00 + 0.0000000000e+00i
								Total Power Fwd: 0.770862 Rev: 0



***** Node Operating Point Values 
	wg1                           	Port: 1 
	                              	mode: l1:fixed:810 
	                              		dir: FWD
	                              			TE Fields: 1.0000000000e+00 0.0000000000e+00 

	wg1                           	Port: 2 
	                              	mode: l2:fixed:810 
	                              		dir: FWD
	                              			TE Fields: 8.7798749869e-01 2.4476481236e+00 

	v1                            	Port:     1	V = 1.0000000000e+00
	v1                            	Port:     1	I = 0.0000000000e+00
	v1                            	Port:     2	I = -0.0000000000e+00
	v2                            	Port:     1	V = 0.0000000000e+00
	v2                            	Port:     1	I = 0.0000000000e+00
	v2                            	Port:     2	I = -0.0000000000e+00
	cw1                           	Port:     1	V = 1.0000000000e+00
	cw1                           	Port:     1	I = -0.0000000000e+00
	cw1                           	Port:     2	V = 0.0000000000e+00
	cw1                           	Port:     2	I = -0.0000000000e+00
	cw1                           	Port: 3 
	                              	mode: l1:fixed:810 
	                              		dir: FWD
	                              			TE Fields: 1.0000000000e+00 0.0000000000e+00 
	                              			TM Fields: 0.0000000000e+00 0.0000000000e+00 
	                              		dir: REV
	                              			TE Fields: -3.0615376384e-01 -3.6797802248e-01 
	                              			TM Fields: 0.0000000000e+00 0.0000000000e+00 

	wg1                           	Port: 1 
	                              	mode: l1:fixed:810 
	                              		dir: FWD
	                              			TE Fields: 1.0000000000e+00 0.0000000000e+00 
	                              			TM Fields: 0.0000000000e+00 0.0000000000e+00 
	                              		dir: REV
	                              			TE Fields: -3.0615376384e-01 -3.6797802248e-01 
	                              			TM Fields: 0.0000000000e+00 0.0000000000e+00 

	wg1                           	Port: 2 
	                              	mode: l2:fixed:810 
	                              		dir: FWD
	                              			TE Fields: -6.7493461119e-01 5.6153834995e-01 
	                              			TM Fields: 0.0000000000e+00 0.0000000000e+00 
	                              		dir: REV
	                              			TE Fields: 0.0000000000e+00 0.0000000000e+00 
	                              			TM Fields: 0.0000000000e+00 0.0000000000e+00 

	wg1:exp                       	Port: 1 
	                              	mode: l1:fixed:810 
	                              		dir: FWD
	                              			TE Fields: 1.0000000000e+00 0.0000000000e+00 
	                              			TM Fields: 0.0000000000e+00 0.0000000000e+00 
	                              		dir: REV
	                              			TE Fields: -3.0615376384e-01 -3.6797802248e-01 
	                              			TM Fields: 0.0000000000e+00 0.0000000000e+00 

	wg1:exp                       	Port: 2 
	                              	mode: l2:fixed:810 
	                              		dir: FWD
	                              			TE Fields: -6.7493461119e-01 5.6153834995e-01 
	                              			TM Fields: 0.0000000000e+00 0.0000000000e+00 
	                              		dir: REV
	                              			TE Fields: 0.0000000000e+00 0.0000000000e+00 
	                              			TM Fields: 0.0000000000e+00 0.0000000000e+00 

	mir1                          	Port: 1 
	                              	mode: l2:fixed:810 
	                              		dir: FWD
	                              			TE Fields: -6.7493461119e-01 5.6153834995e-01 
	                              			TM Fields: 0.0000000000e+00 0.0000000000e+00 
	                              		dir: REV
	                              			TE Fields: 0.0000000000e+00 0.0000000000e+00 
	                              			TM Fields: 0.0000000000e+00 0.0000000000e+00 


***** 
		DC iterations =  2 (extra -1). Cond 0.161402
			Total num iter: 5
		Final pass (forced MPtotMP):
Before:

***** Element Operating point info:

MultiLayerFilterExp: wg1:exp 
	(Explicit Filtering -- T = 300.15 -- E to E)
	Channel: 0
		 Input: l1:fixed:810
			l1:fixed:810 			Carrier Lambda: 810 nm --- E vars
				Mode 0
					(fwd: 14,16):  Pow: 1.0000000000e+00 Phi: 0.0000000000e+00  Mag: 1.0000000000e+00 E_f =  1.0000000000e+00 + 0.0000000000e+00i
					(rev: 15,17):  Pow: 2.2913795215e-01 Phi: -2.2647408568e+00  Mag: 4.7868356160e-01 E_f =  -3.0615376384e-01 + -3.6797802248e-01i
								Total Power Fwd: 1 Rev: 0.229138

			Extra
					(rev: 46,47):  Pow: 2.2913795215e-01 Phi: -2.2647408568e+00  Mag: 4.7868356160e-01 E_f =  -3.0615376384e-01 + -3.6797802248e-01i
								Total Power Fwd: 0 Rev: 0.229138

		Interface (0): wg1:exp:c(0):I1(0) T= 300.15 NonLinear
			N1 = 1.1 N2 = 2.9 (2.9)T = 300.15
				Tf^2 = 0.7975 Rf^2 = 0.2025  Tb^2 = 0.7975 Rb^2 = 0.2025 Tf+Rf = 1 Tb+Rb = 1 
			Rf = -0.45 	Tf = 0.893029 	Rb = 0.45 	Tb = 0.893029 

		 Layer (1) Phi= -22.4954 (-3.6458)  Atten = 1 N = 2.9 V1 = 0 V2 = 0 T = 300.15
			Inter1: wg1:exp:inter1(0):fixed:810 (Es)
			wg1:exp:inter1(0):fixed:810 			Carrier Lambda: 810 nm --- E vars
				Mode 0
					(fwd: 26,28):  Pow: 9.6659817912e-01 Phi: -1.8973830167e-01  Mag: 9.8315725046e-01 E_f =  9.6551314229e-01 + -1.8542532509e-01i
					(rev: 27,29):  Pow: 1.9573613127e-01 Phi: -1.1981507584e+00  Mag: 4.4242076270e-01 E_f =  1.6107686071e-01 + -4.1205627797e-01i
								Total Power Fwd: 0.966598 Rev: 0.195736

			Inter2: wg1:exp:inter2(0):fixed:810 (Es)
			wg1:exp:inter2(0):fixed:810 			Carrier Lambda: 810 nm --- E vars
				Mode 0
					(fwd: 30,32):  Pow: 9.6659817912e-01 Phi: 2.4476481236e+00  Mag: 9.8315725045e-01 E_f =  -7.5578166839e-01 + 6.2880223350e-01i
					(rev: 31,33):  Pow: 1.9573613127e-01 Phi: 2.4476481236e+00  Mag: 4.4242076270e-01 E_f =  -3.4010175077e-01 + 2.8296100507e-01i
								Total Power Fwd: 0.966598 Rev: 0.195736

			Inter3: wg1:exp:inter3(0):fixed:810 (Es) dt = 9.67336e-15
			wg1:exp:inter3(0):fixed:810 			Carrier Lambda: 810 nm --- E vars
				Mode 0
					(fwd: 34,36):  Pow: 9.6659817912e-01 Phi: 2.4476481236e+00  Mag: 9.8315725045e-01 E_f =  -7.5578166839e-01 + 6.2880223350e-01i
					(rev: 35,37):  Pow: 1.9573613127e-01 Phi: 2.4476481236e+00  Mag: 4.4242076270e-01 E_f =  -3.4010175077e-01 + 2.8296100507e-01i
								Total Power Fwd: 0.966598 Rev: 0.195736

			ExtraNodes (Es)
			Delay queues (Es):
				Mode 0
					(fwd: 38,39):  Pow: 9.6659817912e-01 Phi: 2.4476481236e+00  Mag: 9.8315725045e-01 E_f =  -7.5578166839e-01 + 6.2880223350e-01i
					(rev: 40,41):  Pow: 1.9573613127e-01 Phi: -1.1981507584e+00  Mag: 4.4242076270e-01 E_f =  1.6107686071e-01 + -4.1205627797e-01i
								Total Power Fwd: 0.966598 Rev: 0.195736

			Extra Inter1
				Mode 0
					(fwd: 48,49):  Pow: 9.6659817912e-01 Phi: -1.8973830167e-01  Mag: 9.8315725046e-01 E_f =  9.6551314229e-01 + -1.8542532509e-01i
								Total Power Fwd: 0.966598 Rev: 0

		Interface (1): wg1:exp:c(0):I1(1) T = 300.15 NonLinear
			N1 = 2.9 (2.9) N2 = 1.1
				Tf^2 = 0.7975 Rf^2 = 0.2025  Tb^2 = 0.7975 Rb^2 = 0.2025 Tf+Rf = 1 Tb+Rb = 1 
			Rf = 0.45 	Tf = 0.893029 	Rb = -0.45 	Tb = 0.893029 

		 Output: l2:fixed:810
			l2:fixed:810 			Carrier Lambda: 810 nm --- E vars
				Mode 0
					(fwd: 42,44):  Pow: 7.7086204785e-01 Phi: 2.4476481236e+00  Mag: 8.7798749869e-01 E_f =  -6.7493461119e-01 + 5.6153834995e-01i
					(rev: 43,45):  Pow: 0.0000000000e+00 Phi: 0.0000000000e+00  Mag: 0.0000000000e+00 E_f =  0.0000000000e+00 + 0.0000000000e+00i
								Total Power Fwd: 0.770862 Rev: 0

			Extra
				Mode 0
					(fwd: 56,57):  Pow: 7.7086204785e-01 Phi: 2.4476481236e+00  Mag: 8.7798749869e-01 E_f =  -6.7493461119e-01 + 5.6153834995e-01i
								Total Power Fwd: 0.770862 Rev: 0

IndSource:                       v1 (V source)
			V: 1.0000000000e+00 I: 0.0000000000e+00 

IndSource:                       v2 (V source)
			V: 0.0000000000e+00 I: 0.0000000000e+00 

Cw_Source: cw1 
	 Channel : 0 -- n1: 18 n2: 20 -- Fixed Lambda
		 Freqshift: 0
			l1:fixed:810 			Carrier Lambda: 810 nm --- E vars
				Mode 0
					(fwd: 14,16):  Pow: 1.0000000000e+00 Phi: 0.0000000000e+00  Mag: 1.0000000000e+00 E_f =  1.0000000000e+00 + 0.0000000000e+00i
					(rev: 15,17):  Pow: 2.2913795215e-01 Phi: -2.2647408568e+00  Mag: 4.7868356160e-01 E_f =  -3.0615376384e-01 + -3.6797802248e-01i
								Total Power Fwd: 1 Rev: 0.229138

Mirror: mir1
	Channel:0
			l2:fixed:810 			Carrier Lambda: 810 nm --- E vars
				Mode 0
					(fwd: 42,44):  Pow: 7.7086204785e-01 Phi: 2.4476481236e+00  Mag: 8.7798749869e-01 E_f =  -6.7493461119e-01 + 5.6153834995e-01i
					(rev: 43,45):  Pow: 0.0000000000e+00 Phi: 0.0000000000e+00  Mag: 0.0000000000e+00 E_f =  0.0000000000e+00 + 0.0000000000e+00i
								Total Power Fwd: 0.770862 Rev: 0



***** Node Operating Point Values 
	wg1                           	Port: 1 
	                              	mode: l1:fixed:810 
	                              		dir: FWD
	                              			TE Fields: 1.0000000000e+00 0.0000000000e+00 

	wg1                           	Port: 2 
	                              	mode: l2:fixed:810 
	                              		dir: FWD
	                              			TE Fields: 8.7798749869e-01 2.4476481236e+00 

	v1                            	Port:     1	V = 1.0000000000e+00
	v1                            	Port:     1	I = 0.0000000000e+00
	v1                            	Port:     2	I = -0.0000000000e+00
	v2                            	Port:     1	V = 0.0000000000e+00
	v2                            	Port:     1	I = 0.0000000000e+00
	v2                            	Port:     2	I = -0.0000000000e+00
	cw1                           	Port:     1	V = 1.0000000000e+00
	cw1                           	Port:     1	I = -0.0000000000e+00
	cw1                           	Port:     2	V = 0.0000000000e+00
	cw1                           	Port:     2	I = -0.0000000000e+00
	cw1                           	Port: 3 
	                              	mode: l1:fixed:810 
	                              		dir: FWD
	                              			TE Fields: 1.0000000000e+00 0.0000000000e+00 
	                              			TM Fields: 0.0000000000e+00 0.0000000000e+00 
	                              		dir: REV
	                              			TE Fields: -3.0615376384e-01 -3.6797802248e-01 
	                              			TM Fields: 0.0000000000e+00 0.0000000000e+00 

	wg1                           	Port: 1 
	                              	mode: l1:fixed:810 
	                              		dir: FWD
	                              			TE Fields: 1.0000000000e+00 0.0000000000e+00 
	                              			TM Fields: 0.0000000000e+00 0.0000000000e+00 
	                              		dir: REV
	                              			TE Fields: -3.0615376384e-01 -3.6797802248e-01 
	                              			TM Fields: 0.0000000000e+00 0.0000000000e+00 

	wg1                           	Port: 2 
	                              	mode: l2:fixed:810 
	                              		dir: FWD
	                              			TE Fields: -6.7493461119e-01 5.6153834995e-01 
	                              			TM Fields: 0.0000000000e+00 0.0000000000e+00 
	                              		dir: REV
	                              			TE Fields: 0.0000000000e+00 0.0000000000e+00 
	                              			TM Fields: 0.0000000000e+00 0.0000000000e+00 

	wg1:exp                       	Port: 1 
	                              	mode: l1:fixed:810 
	                              		dir: FWD
	                              			TE Fields: 1.0000000000e+00 0.0000000000e+00 
	                              			TM Fields: 0.0000000000e+00 0.0000000000e+00 
	                              		dir: REV
	                              			TE Fields: -3.0615376384e-01 -3.6797802248e-01 
	                              			TM Fields: 0.0000000000e+00 0.0000000000e+00 

	wg1:exp                       	Port: 2 
	                              	mode: l2:fixed:810 
	                              		dir: FWD
	                              			TE Fields: -6.7493461119e-01 5.6153834995e-01 
	                              			TM Fields: 0.0000000000e+00 0.0000000000e+00 
	                              		dir: REV
	                              			TE Fields: 0.0000000000e+00 0.0000000000e+00 
	                              			TM Fields: 0.0000000000e+00 0.0000000000e+00 

	mir1                          	Port: 1 
	                              	mode: l2:fixed:810 
	                              		dir: FWD
	                              			TE Fields: -6.7493461119e-01 5.6153834995e-01 
	                              			TM Fields: 0.0000000000e+00 0.0000000000e+00 
	                              		dir: REV
	                              			TE Fields: 0.0000000000e+00 0.0000000000e+00 
	                              			TM Fields: 0.0000000000e+00 0.0000000000e+00 


***** 
After:

***** Element Operating point info:

MultiLayerFilterExp: wg1:exp 
	(Explicit Filtering -- T = 300.15 -- E to E)
	Channel: 0
		 Input: l1:fixed:810
			l1:fixed:810  Carrier Lambda: 810 nm  -- MP vars
				Mode 0
					(fwd: 14,16):  Pow: 1.0000000000e+00 Phi: 0.0000000000e+00  Mag: 1.0000000000e+00 E_f =  1.0000000000e+00 + 0.0000000000e+00i
					(rev: 15,17):  Pow: 2.2913795215e-01 Phi: -2.2647408568e+00  Mag: 4.7868356160e-01 E_f =  -3.0615376384e-01 + -3.6797802248e-01i
								Total Power Fwd: 1 Rev: 0.229138

			Extra
					(rev: 46,47):  Pow: 2.2913795215e-01 Phi: -2.2647408568e+00  Mag: 4.7868356160e-01 E_f =  -3.0615376384e-01 + -3.6797802248e-01i
								Total Power Fwd: 0 Rev: 0.229138

		Interface (0): wg1:exp:c(0):I1(0) T= 300.15 NonLinear
			N1 = 1.1 N2 = 2.9 (2.9)T = 300.15
				Tf^2 = 0.7975 Rf^2 = 0.2025  Tb^2 = 0.7975 Rb^2 = 0.2025 Tf+Rf = 1 Tb+Rb = 1 
			Rf = -0.45 	Tf = 0.893029 	Rb = 0.45 	Tb = 0.893029 

		 Layer (1) Phi= -22.4954 (-3.6458)  Atten = 1 N = 2.9 V1 = 0 V2 = 0 T = 300.15
			Inter1: wg1:exp:inter1(0):fixed:810 (MP)
			wg1:exp:inter1(0):fixed:810  Carrier Lambda: 810 nm  -- MP vars
				Mode 0
					(fwd: 26,28):  Pow: 9.6659817912e-01 Phi: -1.8973830167e-01  Mag: 9.8315725046e-01 E_f =  9.6551314229e-01 + -1.8542532509e-01i
					(rev: 27,29):  Pow: 1.9573613127e-01 Phi: -2.0047706680e+01  Mag: 4.4242076270e-01 E_f =  1.6107686071e-01 + -4.1205627797e-01i
								Total Power Fwd: 0.966598 Rev: 0.195736

			Inter2: wg1:exp:inter2(0):fixed:810 (MP)
			wg1:exp:inter2(0):fixed:810  Carrier Lambda: 810 nm  -- MP vars
				Mode 0
					(fwd: 30,32):  Pow: 9.6659817912e-01 Phi: -2.2685093105e+01  Mag: 9.8315725046e-01 E_f =  -7.5578166839e-01 + 6.2880223350e-01i
					(rev: 31,33):  Pow: 1.9573613127e-01 Phi: 2.4476481236e+00  Mag: 4.4242076270e-01 E_f =  -3.4010175077e-01 + 2.8296100507e-01i
								Total Power Fwd: 0.966598 Rev: 0.195736

			Inter3: wg1:exp:inter3(0):fixed:810 (MP) dt = 9.67336e-15
			wg1:exp:inter3(0):fixed:810  Carrier Lambda: 810 nm  -- MP vars
				Mode 0
					(fwd: 34,36):  Pow: 9.6659817912e-01 Phi: -2.2685093105e+01  Mag: 9.8315725046e-01 E_f =  -7.5578166839e-01 + 6.2880223350e-01i
					(rev: 35,37):  Pow: 1.9573613127e-01 Phi: 2.4476481236e+00  Mag: 4.4242076270e-01 E_f =  -3.4010175077e-01 + 2.8296100507e-01i
								Total Power Fwd: 0.966598 Rev: 0.195736

			ExtraNodes (MP)
			Delay queues (MP):
				Mode 0
					(fwd: 38,39):  Pow: 9.6659817912e-01 Phi: -2.2685093105e+01  Mag: 9.8315725046e-01 E_f =  -7.5578166839e-01 + 6.2880223350e-01i
					(rev: 40,41):  Pow: 1.9573613127e-01 Phi: -2.0047706680e+01  Mag: 4.4242076270e-01 E_f =  1.6107686071e-01 + -4.1205627797e-01i
								Total Power Fwd: 0.966598 Rev: 0.195736

			Extra Inter1
				Mode 0
					(fwd: 48,49):  Pow: 9.6659817912e-01 Phi: -1.8973830167e-01  Mag: 9.8315725046e-01 E_f =  9.6551314229e-01 + -1.8542532509e-01i
								Total Power Fwd: 0.966598 Rev: 0

		Interface (1): wg1:exp:c(0):I1(1) T = 300.15 NonLinear
			N1 = 2.9 (2.9) N2 = 1.1
				Tf^2 = 0.7975 Rf^2 = 0.2025  Tb^2 = 0.7975 Rb^2 = 0.2025 Tf+Rf = 1 Tb+Rb = 1 
			Rf = 0.45 	Tf = 0.893029 	Rb = -0.45 	Tb = 0.893029 

		 Output: l2:fixed:810
			l2:fixed:810  Carrier Lambda: 810 nm  -- MP vars
				Mode 0
					(fwd: 42,44):  Pow: 7.7086204785e-01 Phi: 2.4476481236e+00  Mag: 8.7798749869e-01 E_f =  -6.7493461119e-01 + 5.6153834995e-01i
					(rev: 43,45):  Pow: 0.0000000000e+00 Phi: 0.0000000000e+00  Mag: 0.0000000000e+00 E_f =  0.0000000000e+00 + 0.0000000000e+00i
								Total Power Fwd: 0.770862 Rev: 0

			Extra
				Mode 0
					(fwd: 56,57):  Pow: 7.7086204785e-01 Phi: 2.4476481236e+00  Mag: 8.7798749869e-01 E_f =  -6.7493461119e-01 + 5.6153834995e-01i
								Total Power Fwd: 0.770862 Rev: 0

IndSource:                       v1 (V source)
			V: 1.0000000000e+00 I: 0.0000000000e+00 

IndSource:                       v2 (V source)
			V: 0.0000000000e+00 I: 0.0000000000e+00 

Cw_Source: cw1 
	 Channel : 0 -- n1: 18 n2: 20 -- Fixed Lambda
		 Freqshift: 0
			l1:fixed:810  Carrier Lambda: 810 nm  -- MP vars
				Mode 0
					(fwd: 14,16):  Pow: 1.0000000000e+00 Phi: 0.0000000000e+00  Mag: 1.0000000000e+00 E_f =  1.0000000000e+00 + 0.0000000000e+00i
					(rev: 15,17):  Pow: 2.2913795215e-01 Phi: -2.2647408568e+00  Mag: 4.7868356160e-01 E_f =  -3.0615376384e-01 + -3.6797802248e-01i
								Total Power Fwd: 1 Rev: 0.229138

Mirror: mir1
	Channel:0
			l2:fixed:810  Carrier Lambda: 810 nm  -- MP vars
				Mode 0
					(fwd: 42,44):  Pow: 7.7086204785e-01 Phi: 2.4476481236e+00  Mag: 8.7798749869e-01 E_f =  -6.7493461119e-01 + 5.6153834995e-01i
					(rev: 43,45):  Pow: 0.0000000000e+00 Phi: 0.0000000000e+00  Mag: 0.0000000000e+00 E_f =  0.0000000000e+00 + 0.0000000000e+00i
								Total Power Fwd: 0.770862 Rev: 0



***** Node Operating Point Values 
	wg1                           	Port: 1 
	                              	mode: l1:fixed:810 
	                              		dir: FWD
	                              			TE Fields: 1.0000000000e+00 0.0000000000e+00 

	wg1                           	Port: 2 
	                              	mode: l2:fixed:810 
	                              		dir: FWD
	                              			TE Fields: 8.7798749869e-01 2.4476481236e+00 

	v1                            	Port:     1	V = 1.0000000000e+00
	v1                            	Port:     1	I = 0.0000000000e+00
	v1                            	Port:     2	I = -0.0000000000e+00
	v2                            	Port:     1	V = 0.0000000000e+00
	v2                            	Port:     1	I = 0.0000000000e+00
	v2                            	Port:     2	I = -0.0000000000e+00
	cw1                           	Port:     1	V = 1.0000000000e+00
	cw1                           	Port:     1	I = -0.0000000000e+00
	cw1                           	Port:     2	V = 0.0000000000e+00
	cw1                           	Port:     2	I = -0.0000000000e+00
	cw1                           	Port: 3 
	                              	mode: l1:fixed:810 
	                              		dir: FWD
	                              			TE Fields: 1.0000000000e+00 0.0000000000e+00 
	                              			TM Fields: 0.0000000000e+00 0.0000000000e+00 
	                              		dir: REV
	                              			TE Fields: -3.0615376384e-01 -3.6797802248e-01 
	                              			TM Fields: 0.0000000000e+00 0.0000000000e+00 

	wg1                           	Port: 1 
	                              	mode: l1:fixed:810 
	                              		dir: FWD
	                              			TE Fields: 1.0000000000e+00 0.0000000000e+00 
	                              			TM Fields: 0.0000000000e+00 0.0000000000e+00 
	                              		dir: REV
	                              			TE Fields: -3.0615376384e-01 -3.6797802248e-01 
	                              			TM Fields: 0.0000000000e+00 0.0000000000e+00 

	wg1                           	Port: 2 
	                              	mode: l2:fixed:810 
	                              		dir: FWD
	                              			TE Fields: -6.7493461119e-01 5.6153834995e-01 
	                              			TM Fields: 0.0000000000e+00 0.0000000000e+00 
	                              		dir: REV
	                              			TE Fields: 0.0000000000e+00 0.0000000000e+00 
	                              			TM Fields: 0.0000000000e+00 0.0000000000e+00 

	wg1:exp                       	Port: 1 
	                              	mode: l1:fixed:810 
	                              		dir: FWD
	                              			TE Fields: 1.0000000000e+00 0.0000000000e+00 
	                              			TM Fields: 0.0000000000e+00 0.0000000000e+00 
	                              		dir: REV
	                              			TE Fields: -3.0615376384e-01 -3.6797802248e-01 
	                              			TM Fields: 0.0000000000e+00 0.0000000000e+00 

	wg1:exp                       	Port: 2 
	                              	mode: l2:fixed:810 
	                              		dir: FWD
	                              			TE Fields: -6.7493461119e-01 5.6153834995e-01 
	                              			TM Fields: 0.0000000000e+00 0.0000000000e+00 
	                              		dir: REV
	                              			TE Fields: 0.0000000000e+00 0.0000000000e+00 
	                              			TM Fields: 0.0000000000e+00 0.0000000000e+00 

	mir1                          	Port: 1 
	                              	mode: l2:fixed:810 
	                              		dir: FWD
	                              			TE Fields: -6.7493461119e-01 5.6153834995e-01 
	                              			TM Fields: 0.0000000000e+00 0.0000000000e+00 
	                              		dir: REV
	                              			TE Fields: 0.0000000000e+00 0.0000000000e+00 
	                              			TM Fields: 0.0000000000e+00 0.0000000000e+00 


***** 
		DC iterations =  3 (extra 1). Cond 0.079051
			Total num iter: 8
X: 8.100000000000000e+02 1.000000000000000e+00 1.000000000000000e+00 0.000000000000000e+00 -0.000000000000000e+00 -0.000000000000000e+00 0.000000000000000e+00 0.000000000000000e+00 0.000000000000000e+00 0.000000000000000e+00 -0.000000000000000e+00 -0.000000000000000e+00 0.000000000000000e+00 1.000000000000000e+00 4.786835615862064e-01 0.000000000000000e+00 -2.264740856798991e+00 1.000000000000000e+00 -0.000000000000000e+00 -0.000000000000000e+00 -0.000000000000000e+00 1.000000000000000e+00 0.000000000000000e+00 0.000000000000000e+00 0.000000000000000e+00 9.831572504636700e-01 4.424207627073240e-01 -1.897383016688689e-01 -2.004770667987517e+01 9.831572504626868e-01 4.424207627077665e-01 -2.268509310512865e+01 2.447648123587250e+00 9.831572504626868e-01 4.424207627077665e-01 -2.268509310512865e+01 2.447648123587250e+00 9.831572504626868e-01 -2.268509310512865e+01 4.424207627073240e-01 -2.004770667987517e+01 8.779874986926038e-01 0.000000000000000e+00 2.447648123587250e+00 0.000000000000000e+00 4.786835615862064e-01 -2.264740856798991e+00 9.831572504636700e-01 -1.897383016688689e-01 0.000000000000000e+00 0.000000000000000e+00 0.000000000000000e+00 0.000000000000000e+00 4.424207627077665e-01 2.447648123587250e+00 8.779874986926038e-01 2.447648123587250e+00 0.000000000000000e+00 0.000000000000000e+00 0.000000000000000e+00 0.000000000000000e+00 0.000000000000000e+00 0.000000000000000e+00 0.000000000000000e+00 0.000000000000000e+00 

Operating point
810 1 1 0 -0 -0 0 0 0 0 -0 -0 0 1 0.478684 0 -2.26474 1 -0 -0 -0 1 0 0 0 0.983157 0.442421 -0.189738 -20.0477 0.983157 0.442421 -22.6851 2.44765 0.983157 0.442421 -22.6851 2.44765 0.983157 -22.6851 0.442421 -20.0477 0.877987 0 2.44765 0 0.478684 -2.26474 0.983157 -0.189738 0 0 0 0 0.442421 2.44765 0.877987 2.44765 0 0 0 0 0 0 0 0 

Transient

***** Element Operating point info:

MultiLayerFilterExp: wg1:exp 
	(Explicit Filtering -- T = 300.15 -- E to E)
	Channel: 0
		 Input: l1:fixed:810
			l1:fixed:810  Carrier Lambda: 810 nm  -- MP vars
				Mode 0
					(fwd: 14,16):  Pow: 1.0000000000e+00 Phi: 0.0000000000e+00  Mag: 1.0000000000e+00 E_f =  1.0000000000e+00 + 0.0000000000e+00i
					(rev: 15,17):  Pow: 2.2913795213e-01 Phi: -2.2647408568e+00  Mag: 4.7868356159e-01 E_f =  -3.0615376382e-01 + -3.6797802248e-01i
								Total Power Fwd: 1 Rev: 0.229138

			Extra
					(rev: 46,47):  Pow: 2.2913795213e-01 Phi: -2.2647408568e+00  Mag: 4.7868356159e-01 E_f =  -3.0615376382e-01 + -3.6797802248e-01i
								Total Power Fwd: 0 Rev: 0.229138

		Interface (0): wg1:exp:c(0):I1(0) T= 300.15 NonLinear
			N1 = 1.1 N2 = 2.9 (2.9)T = 300.15
				Tf^2 = 0.7975 Rf^2 = 0.2025  Tb^2 = 0.7975 Rb^2 = 0.2025 Tf+Rf = 1 Tb+Rb = 1 
			Rf = -0.45 	Tf = 0.893029 	Rb = 0.45 	Tb = 0.893029 

		 Layer (1) Phi= -22.4954 (-3.6458)  Atten = 1 N = 2.9 V1 = 0 V2 = 0 T = 300.15
			Inter1: wg1:exp:inter1(0):fixed:810 (MP)
			wg1:exp:inter1(0):fixed:810  Carrier Lambda: 810 nm  -- MP vars
				Mode 0
					(fwd: 26,28):  Pow: 9.6659817914e-01 Phi: -1.8973830167e-01  Mag: 9.8315725046e-01 E_f =  9.6551314230e-01 + -1.8542532509e-01i
					(rev: 27,29):  Pow: 1.9573613127e-01 Phi: -2.0047706680e+01  Mag: 4.4242076271e-01 E_f =  1.6107686073e-01 + -4.1205627797e-01i
								Total Power Fwd: 0.966598 Rev: 0.195736

			Inter2: wg1:exp:inter2(0):fixed:810 (MP)
			wg1:exp:inter2(0):fixed:810  Carrier Lambda: 810 nm  -- MP vars
				Mode 0
					(fwd: 30,32):  Pow: 9.6659817914e-01 Phi: -2.2685093105e+01  Mag: 9.8315725046e-01 E_f =  -7.5578166841e-01 + 6.2880223348e-01i
					(rev: 31,33):  Pow: 1.9573613127e-01 Phi: 2.4476481236e+00  Mag: 4.4242076271e-01 E_f =  -3.4010175078e-01 + 2.8296100507e-01i
								Total Power Fwd: 0.966598 Rev: 0.195736

			Inter3: wg1:exp:inter3(0):fixed:810 (MP) dt = 9.67336e-15
			wg1:exp:inter3(0):fixed:810  Carrier Lambda: 810 nm  -- MP vars
				Mode 0
					(fwd: 34,36):  Pow: 9.6659817914e-01 Phi: -2.2685093105e+01  Mag: 9.8315725046e-01 E_f =  -7.5578166841e-01 + 6.2880223348e-01i
					(rev: 35,37):  Pow: 1.9573613127e-01 Phi: 2.4476481236e+00  Mag: 4.4242076271e-01 E_f =  -3.4010175078e-01 + 2.8296100507e-01i
								Total Power Fwd: 0.966598 Rev: 0.195736

			ExtraNodes (MP)
			Delay queues (MP):
				Mode 0
					(fwd: 38,39):  Pow: 9.6659817914e-01 Phi: -2.2685093105e+01  Mag: 9.8315725046e-01 E_f =  -7.5578166841e-01 + 6.2880223348e-01i
					(rev: 40,41):  Pow: 1.9573613127e-01 Phi: -2.0047706680e+01  Mag: 4.4242076271e-01 E_f =  1.6107686073e-01 + -4.1205627797e-01i
								Total Power Fwd: 0.966598 Rev: 0.195736

			Extra Inter1
				Mode 0
					(fwd: 48,49):  Pow: 9.6659817914e-01 Phi: -1.8973830167e-01  Mag: 9.8315725046e-01 E_f =  9.6551314230e-01 + -1.8542532509e-01i
								Total Power Fwd: 0.966598 Rev: 0

		Interface (1): wg1:exp:c(0):I1(1) T = 300.15 NonLinear
			N1 = 2.9 (2.9) N2 = 1.1
				Tf^2 = 0.7975 Rf^2 = 0.2025  Tb^2 = 0.7975 Rb^2 = 0.2025 Tf+Rf = 1 Tb+Rb = 1 
			Rf = 0.45 	Tf = 0.893029 	Rb = -0.45 	Tb = 0.893029 

		 Output: l2:fixed:810
			l2:fixed:810  Carrier Lambda: 810 nm  -- MP vars
				Mode 0
					(fwd: 42,44):  Pow: 7.7086204786e-01 Phi: 2.4476481236e+00  Mag: 8.7798749869e-01 E_f =  -6.7493461121e-01 + 5.6153834993e-01i
					(rev: 43,45):  Pow: 0.0000000000e+00 Phi: 0.0000000000e+00  Mag: 0.0000000000e+00 E_f =  0.0000000000e+00 + 0.0000000000e+00i
								Total Power Fwd: 0.770862 Rev: 0

			Extra
				Mode 0
					(fwd: 56,57):  Pow: 7.7086204786e-01 Phi: 2.4476481236e+00  Mag: 8.7798749869e-01 E_f =  -6.7493461121e-01 + 5.6153834993e-01i
								Total Power Fwd: 0.770862 Rev: 0

IndSource:                       v1 (V source)
			V: 1.0000000000e+00 I: 0.0000000000e+00 

IndSource:                       v2 (V source)
			V: 0.0000000000e+00 I: 0.0000000000e+00 

Cw_Source: cw1 
	 Channel : 0 -- n1: 18 n2: 20 -- Fixed Lambda
		 Freqshift: 0
			l1:fixed:810  Carrier Lambda: 810 nm  -- MP vars
				Mode 0
					(fwd: 14,16):  Pow: 1.0000000000e+00 Phi: 0.0000000000e+00  Mag: 1.0000000000e+00 E_f =  1.0000000000e+00 + 0.0000000000e+00i
					(rev: 15,17):  Pow: 2.2913795213e-01 Phi: -2.2647408568e+00  Mag: 4.7868356159e-01 E_f =  -3.0615376382e-01 + -3.6797802248e-01i
								Total Power Fwd: 1 Rev: 0.229138

Mirror: mir1
	Channel:0
			l2:fixed:810  Carrier Lambda: 810 nm  -- MP vars
				Mode 0
					(fwd: 42,44):  Pow: 7.7086204786e-01 Phi: 2.4476481236e+00  Mag: 8.7798749869e-01 E_f =  -6.7493461121e-01 + 5.6153834993e-01i
					(rev: 43,45):  Pow: 0.0000000000e+00 Phi: 0.0000000000e+00  Mag: 0.0000000000e+00 E_f =  0.0000000000e+00 + 0.0000000000e+00i
								Total Power Fwd: 0.770862 Rev: 0



***** Node Operating Point Values 
	wg1                           	Port: 1 
	                              	mode: l1:fixed:810 
	                              		dir: FWD
	                              			TE Fields: 1.0000000000e+00 0.0000000000e+00 

	wg1                           	Port: 2 
	                              	mode: l2:fixed:810 
	                              		dir: FWD
	                              			TE Fields: 8.7798749869e-01 2.4476481236e+00 

	v1                            	Port:     1	V = 1.0000000000e+00
	v1                            	Port:     1	I = 0.0000000000e+00
	v1                            	Port:     2	I = -0.0000000000e+00
	v2                            	Port:     1	V = 0.0000000000e+00
	v2                            	Port:     1	I = 0.0000000000e+00
	v2                            	Port:     2	I = -0.0000000000e+00
	cw1                           	Port:     1	V = 1.0000000000e+00
	cw1                           	Port:     1	I = -0.0000000000e+00
	cw1                           	Port:     2	V = 0.0000000000e+00
	cw1                           	Port:     2	I = -0.0000000000e+00
	cw1                           	Port: 3 
	                              	mode: l1:fixed:810 
	                              		dir: FWD
	                              			TE Fields: 1.0000000000e+00 0.0000000000e+00 
	                              			TM Fields: 0.0000000000e+00 0.0000000000e+00 
	                              		dir: REV
	                              			TE Fields: -3.0615376382e-01 -3.6797802248e-01 
	                              			TM Fields: 0.0000000000e+00 0.0000000000e+00 

	wg1                           	Port: 1 
	                              	mode: l1:fixed:810 
	                              		dir: FWD
	                              			TE Fields: 1.0000000000e+00 0.0000000000e+00 
	                              			TM Fields: 0.0000000000e+00 0.0000000000e+00 
	                              		dir: REV
	                              			TE Fields: -3.0615376382e-01 -3.6797802248e-01 
	                              			TM Fields: 0.0000000000e+00 0.0000000000e+00 

	wg1                           	Port: 2 
	                              	mode: l2:fixed:810 
	                              		dir: FWD
	                              			TE Fields: -6.7493461121e-01 5.6153834993e-01 
	                              			TM Fields: 0.0000000000e+00 0.0000000000e+00 
	                              		dir: REV
	                              			TE Fields: 0.0000000000e+00 0.0000000000e+00 
	                              			TM Fields: 0.0000000000e+00 0.0000000000e+00 

	wg1:exp                       	Port: 1 
	                              	mode: l1:fixed:810 
	                              		dir: FWD
	                              			TE Fields: 1.0000000000e+00 0.0000000000e+00 
	                              			TM Fields: 0.0000000000e+00 0.0000000000e+00 
	                              		dir: REV
	                              			TE Fields: -3.0615376382e-01 -3.6797802248e-01 
	                              			TM Fields: 0.0000000000e+00 0.0000000000e+00 

	wg1:exp                       	Port: 2 
	                              	mode: l2:fixed:810 
	                              		dir: FWD
	                              			TE Fields: -6.7493461121e-01 5.6153834993e-01 
	                              			TM Fields: 0.0000000000e+00 0.0000000000e+00 
	                              		dir: REV
	                              			TE Fields: 0.0000000000e+00 0.0000000000e+00 
	                              			TM Fields: 0.0000000000e+00 0.0000000000e+00 

	mir1                          	Port: 1 
	                              	mode: l2:fixed:810 
	                              		dir: FWD
	                              			TE Fields: -6.7493461121e-01 5.6153834993e-01 
	                              			TM Fields: 0.0000000000e+00 0.0000000000e+00 
	                              		dir: REV
	                              			TE Fields: 0.0000000000e+00 0.0000000000e+00 
	                              			TM Fields: 0.0000000000e+00 0.0000000000e+00 


***** 
Transient ... 

t: 1e-13 t(sc) 1e-05 iter: 1 repeat_nr_iter: 0 h: 1e-05 Status: MP BACKE PhiWrapSimple

new h (LTE): 2.64575 : d3 56 2.22045e-06 : h 3 2.64575 

	D3: x: 2.44765 x1: 2.44765 x2: 2.44765 x3: 2.44765
new h (Growth limit): 2e-05 

t = 1e-13 (0%)
t: 3e-13 t(sc) 3e-05 iter: 1 repeat_nr_iter: 0 h: 2e-05 Status: MP BACKE PhiWrapSimple

new h (LTE): 2.64575 : d3 64 0 : h 3 2.64575 

	D3: x: 0 x1: 0 x2: 0 x3: 0
new h (Growth limit): 4e-05 

t: 7e-13 t(sc) 7e-05 iter: 1 repeat_nr_iter: 0 h: 4e-05 Status: MP BACKE PhiWrapSimple

new h (LTE): 2.64575 : d3 46 3.70074e-07 : h 3 2.64575 

	D3: x: -2.26474 x1: -2.26474 x2: -2.26474 x3: -2.26474
new h (Growth limit): 8e-05 

t: 1.5e-12 t(sc) 0.00015 iter: 1 repeat_nr_iter: 0 h: 8e-05 Status: MP BACKE PhiWrapSimple

new h (LTE): 2.64575 : d3 53 1.15648e-08 : h 3 2.64575 

	D3: x: 0.442421 x1: 0.442421 x2: 0.442421 x3: 0.442421
new h (Growth limit): 0.00016 

t: 3.1e-12 t(sc) 0.00031 iter: 1 repeat_nr_iter: 0 h: 0.00016 Status: MP BACKE PhiWrapLinear

new h (LTE): 2.64575 : d3 64 0 : h 3 2.64575 

	D3: x: 0 x1: 0 x2: 0 x3: 0
new h (Growth limit): 0.00032 
Switching integration method and stepping back one step at 1.5e-12 to Trap
t: 3.1e-12 t(sc) 0.00031 iter: 1 repeat_nr_iter: 0 h: 0.00016 Status: MP TRAP PhiWrapLinear

new h (LTE): 0.933104 : d3 64 0 : h 48 0.933104 

	D3: x: 0 x1: 0 x2: 0 x3: 0
new h (Growth limit): 0.00032 

t: 6.3e-12 t(sc) 0.00063 iter: 1 repeat_nr_iter: 0 h: 0.00032 Status: MP TRAP PhiWrapLinear

new h (LTE): 1.91292 : d3 64 0 : h 3 1.91292 

	D3: x: 0 x1: 0 x2: 0 x3: 0
new h (Growth limit): 0.00064 

t: 1.27e-11 t(sc) 0.00127 iter: 1 repeat_nr_iter: 0 h: 0.00064 Status: MP TRAP PhiWrapLinear

new h (LTE): 1.91292 : d3 64 0 : h 3 1.91292 

	D3: x: 0 x1: 0 x2: 0 x3: 0
new h (Growth limit): 0.00128 

t: 2.55e-11 t(sc) 0.00255 iter: 1 repeat_nr_iter: 0 h: 0.00128 Status: MP TRAP PhiWrapLinear

new h (LTE): 1.91292 : d3 64 0 : h 3 1.91292 

	D3: x: 0 x1: 0 x2: 0 x3: 0
new h (Growth limit): 0.00256 

t: 5.11e-11 t(sc) 0.00511 iter: 1 repeat_nr_iter: 0 h: 0.00256 Status: MP TRAP PhiWrapLinear

new h (LTE): 1.91292 : d3 64 0 : h 3 1.91292 

	D3: x: 0 x1: 0 x2: 0 x3: 0
new h (Growth limit): 0.00512 

t: 1.023e-10 t(sc) 0.01023 iter: 1 repeat_nr_iter: 0 h: 0.00512 Status: MP TRAP PhiWrapLinear

new h (LTE): 1.91292 : d3 64 0 : h 3 1.91292 

	D3: x: 0 x1: 0 x2: 0 x3: 0
new h (Growth limit): 0.01024 

t: 2.047e-10 t(sc) 0.02047 iter: 1 repeat_nr_iter: 0 h: 0.01024 Status: MP TRAP PhiWrapLinear

new h (LTE): 1.91292 : d3 64 0 : h 3 1.91292 

	D3: x: 0 x1: 0 x2: 0 x3: 0
new h (Growth limit): 0.02048 
new h (Max): 0.02 

t: 4.047e-10 t(sc) 0.04047 iter: 1 repeat_nr_iter: 0 h: 0.02 Status: MP TRAP PhiWrapLinear

new h (LTE): 1.91292 : d3 64 0 : h 3 1.91292 

	D3: x: 0 x1: 0 x2: 0 x3: 0
new h (Growth limit): 0.04 
new h (Max): 0.02 

t: 6.047e-10 t(sc) 0.06047 iter: 1 repeat_nr_iter: 0 h: 0.02 Status: MP TRAP PhiWrapLinear

new h (LTE): 1.91292 : d3 64 0 : h 3 1.91292 

	D3: x: 0 x1: 0 x2: 0 x3: 0
new h (Growth limit): 0.04 
new h (Max): 0.02 

t = 6.047e-10 (5%)
t: 8.047e-10 t(sc) 0.08047 iter: 1 repeat_nr_iter: 0 h: 0.02 Status: MP TRAP PhiWrapLinear

new h (LTE): 1.91292 : d3 64 0 : h 3 1.91292 

	D3: x: 0 x1: 0 x2: 0 x3: 0
new h (Growth limit): 0.04 
new h (Max): 0.02 

t: 1.0047e-09 t(sc) 0.10047 iter: 1 repeat_nr_iter: 0 h: 0.02 Status: MP TRAP PhiWrapLinear

new h (LTE): 1.91292 : d3 64 0 : h 3 1.91292 

	D3: x: 0 x1: 0 x2: 0 x3: 0
new h (Growth limit): 0.04 
new h (Max): 0.02 

t = 1.0047e-09 (10%)
t: 1.2047e-09 t(sc) 0.12047 iter: 1 repeat_nr_iter: 0 h: 0.02 Status: MP TRAP PhiWrapLinear

new h (LTE): 1.91292 : d3 64 0 : h 3 1.91292 

	D3: x: 0 x1: 0 x2: 0 x3: 0
new h (Growth limit): 0.04 
new h (Max): 0.02 

t: 1.4047e-09 t(sc) 0.14047 iter: 1 repeat_nr_iter: 0 h: 0.02 Status: MP TRAP PhiWrapLinear

new h (LTE): 1.91292 : d3 64 0 : h 3 1.91292 

	D3: x: 0 x1: 0 x2: 0 x3: 0
new h (Growth limit): 0.04 
new h (Max): 0.02 

t: 1.6047e-09 t(sc) 0.16047 iter: 1 repeat_nr_iter: 0 h: 0.02 Status: MP TRAP PhiWrapLinear

new h (LTE): 1.91292 : d3 64 0 : h 3 1.91292 

	D3: x: 0 x1: 0 x2: 0 x3: 0
new h (Growth limit): 0.04 
new h (Max): 0.02 

t = 1.6047e-09 (15%)
t: 1.8047e-09 t(sc) 0.18047 iter: 1 repeat_nr_iter: 0 h: 0.02 Status: MP TRAP PhiWrapLinear

new h (LTE): 1.91292 : d3 64 0 : h 3 1.91292 

	D3: x: 0 x1: 0 x2: 0 x3: 0
new h (Growth limit): 0.04 
new h (Max): 0.02 

t: 2.0047e-09 t(sc) 0.20047 iter: 1 repeat_nr_iter: 0 h: 0.02 Status: MP TRAP PhiWrapLinear

new h (LTE): 1.91292 : d3 64 0 : h 3 1.91292 

	D3: x: 0 x1: 0 x2: 0 x3: 0
new h (Growth limit): 0.04 
new h (Max): 0.02 

t = 2.0047e-09 (20%)
t: 2.2047e-09 t(sc) 0.22047 iter: 1 repeat_nr_iter: 0 h: 0.02 Status: MP TRAP PhiWrapLinear

new h (LTE): 1.91292 : d3 64 0 : h 3 1.91292 

	D3: x: 0 x1: 0 x2: 0 x3: 0
new h (Growth limit): 0.04 
new h (Max): 0.02 

t: 2.4047e-09 t(sc) 0.24047 iter: 1 repeat_nr_iter: 0 h: 0.02 Status: MP TRAP PhiWrapLinear

new h (LTE): 1.91292 : d3 64 0 : h 3 1.91292 

	D3: x: 0 x1: 0 x2: 0 x3: 0
new h (Growth limit): 0.04 
new h (Max): 0.02 

t: 2.6047e-09 t(sc) 0.26047 iter: 1 repeat_nr_iter: 0 h: 0.02 Status: MP TRAP PhiWrapLinear

new h (LTE): 1.91292 : d3 64 0 : h 3 1.91292 

	D3: x: 0 x1: 0 x2: 0 x3: 0
new h (Growth limit): 0.04 
new h (Max): 0.02 

t = 2.6047e-09 (25%)
t: 2.8047e-09 t(sc) 0.28047 iter: 1 repeat_nr_iter: 0 h: 0.02 Status: MP TRAP PhiWrapLinear

new h (LTE): 1.91292 : d3 64 0 : h 3 1.91292 

	D3: x: 0 x1: 0 x2: 0 x3: 0
new h (Growth limit): 0.04 
new h (Max): 0.02 

t: 3.0047e-09 t(sc) 0.30047 iter: 1 repeat_nr_iter: 0 h: 0.02 Status: MP TRAP PhiWrapLinear

new h (LTE): 1.91292 : d3 64 0 : h 3 1.91292 

	D3: x: 0 x1: 0 x2: 0 x3: 0
new h (Growth limit): 0.04 
new h (Max): 0.02 

t = 3.0047e-09 (30%)
t: 3.2047e-09 t(sc) 0.32047 iter: 1 repeat_nr_iter: 0 h: 0.02 Status: MP TRAP PhiWrapLinear

new h (LTE): 1.91292 : d3 64 0 : h 3 1.91292 

	D3: x: 0 x1: 0 x2: 0 x3: 0
new h (Growth limit): 0.04 
new h (Max): 0.02 

t: 3.4047e-09 t(sc) 0.34047 iter: 1 repeat_nr_iter: 0 h: 0.02 Status: MP TRAP PhiWrapLinear

new h (LTE): 1.91292 : d3 64 0 : h 3 1.91292 

	D3: x: 0 x1: 0 x2: 0 x3: 0
new h (Growth limit): 0.04 
new h (Max): 0.02 

t: 3.6047e-09 t(sc) 0.36047 iter: 1 repeat_nr_iter: 0 h: 0.02 Status: MP TRAP PhiWrapLinear

new h (LTE): 1.91292 : d3 64 0 : h 3 1.91292 

	D3: x: 0 x1: 0 x2: 0 x3: 0
new h (Growth limit): 0.04 
new h (Max): 0.02 

t = 3.6047e-09 (35%)
t: 3.8047e-09 t(sc) 0.38047 iter: 1 repeat_nr_iter: 0 h: 0.02 Status: MP TRAP PhiWrapLinear

new h (LTE): 1.91292 : d3 64 0 : h 3 1.91292 

	D3: x: 0 x1: 0 x2: 0 x3: 0
new h (Growth limit): 0.04 
new h (Max): 0.02 

t: 4.0047e-09 t(sc) 0.40047 iter: 1 repeat_nr_iter: 0 h: 0.02 Status: MP TRAP PhiWrapLinear

new h (LTE): 1.91292 : d3 64 0 : h 3 1.91292 

	D3: x: 0 x1: 0 x2: 0 x3: 0
new h (Growth limit): 0.04 
new h (Max): 0.02 

t = 4.0047e-09 (40%)
t: 4.2047e-09 t(sc) 0.42047 iter: 1 repeat_nr_iter: 0 h: 0.02 Status: MP TRAP PhiWrapLinear

new h (LTE): 1.91292 : d3 64 0 : h 3 1.91292 

	D3: x: 0 x1: 0 x2: 0 x3: 0
new h (Growth limit): 0.04 
new h (Max): 0.02 

t: 4.4047e-09 t(sc) 0.44047 iter: 1 repeat_nr_iter: 0 h: 0.02 Status: MP TRAP PhiWrapLinear

new h (LTE): 1.91292 : d3 64 0 : h 3 1.91292 

	D3: x: 0 x1: 0 x2: 0 x3: 0
new h (Growth limit): 0.04 
new h (Max): 0.02 

t: 4.6047e-09 t(sc) 0.46047 iter: 1 repeat_nr_iter: 0 h: 0.02 Status: MP TRAP PhiWrapLinear

new h (LTE): 1.91292 : d3 64 0 : h 3 1.91292 

	D3: x: 0 x1: 0 x2: 0 x3: 0
new h (Growth limit): 0.04 
new h (Max): 0.02 

t = 4.6047e-09 (45%)
t: 4.8047e-09 t(sc) 0.48047 iter: 1 repeat_nr_iter: 0 h: 0.02 Status: MP TRAP PhiWrapLinear

new h (LTE): 1.91292 : d3 64 0 : h 3 1.91292 

	D3: x: 0 x1: 0 x2: 0 x3: 0
new h (Growth limit): 0.04 
new h (Max): 0.02 

t: 5.0047e-09 t(sc) 0.50047 iter: 1 repeat_nr_iter: 0 h: 0.02 Status: MP TRAP PhiWrapLinear

new h (LTE): 1.91292 : d3 64 0 : h 3 1.91292 

	D3: x: 0 x1: 0 x2: 0 x3: 0
new h (Growth limit): 0.04 
new h (Max): 0.02 

t = 5.0047e-09 (50%)
t: 5.2047e-09 t(sc) 0.52047 iter: 1 repeat_nr_iter: 0 h: 0.02 Status: MP TRAP PhiWrapLinear

new h (LTE): 1.91292 : d3 64 0 : h 3 1.91292 

	D3: x: 0 x1: 0 x2: 0 x3: 0
new h (Growth limit): 0.04 
new h (Max): 0.02 

t: 5.4047e-09 t(sc) 0.54047 iter: 1 repeat_nr_iter: 0 h: 0.02 Status: MP TRAP PhiWrapLinear

new h (LTE): 1.91292 : d3 64 0 : h 3 1.91292 

	D3: x: 0 x1: 0 x2: 0 x3: 0
new h (Growth limit): 0.04 
new h (Max): 0.02 

t: 5.6047e-09 t(sc) 0.56047 iter: 1 repeat_nr_iter: 0 h: 0.02 Status: MP TRAP PhiWrapLinear

new h (LTE): 1.91292 : d3 64 0 : h 3 1.91292 

	D3: x: 0 x1: 0 x2: 0 x3: 0
new h (Growth limit): 0.04 
new h (Max): 0.02 

t = 5.6047e-09 (55%)
t: 5.8047e-09 t(sc) 0.58047 iter: 1 repeat_nr_iter: 0 h: 0.02 Status: MP TRAP PhiWrapLinear

new h (LTE): 1.91292 : d3 64 0 : h 3 1.91292 

	D3: x: 0 x1: 0 x2: 0 x3: 0
new h (Growth limit): 0.04 
new h (Max): 0.02 

t: 6.0047e-09 t(sc) 0.60047 iter: 1 repeat_nr_iter: 0 h: 0.02 Status: MP TRAP PhiWrapLinear

new h (LTE): 1.91292 : d3 64 0 : h 3 1.91292 

	D3: x: 0 x1: 0 x2: 0 x3: 0
new h (Growth limit): 0.04 
new h (Max): 0.02 

t = 6.0047e-09 (60%)
t: 6.2047e-09 t(sc) 0.62047 iter: 1 repeat_nr_iter: 0 h: 0.02 Status: MP TRAP PhiWrapLinear

new h (LTE): 1.91292 : d3 64 0 : h 3 1.91292 

	D3: x: 0 x1: 0 x2: 0 x3: 0
new h (Growth limit): 0.04 
new h (Max): 0.02 

t: 6.4047e-09 t(sc) 0.64047 iter: 1 repeat_nr_iter: 0 h: 0.02 Status: MP TRAP PhiWrapLinear

new h (LTE): 1.91292 : d3 64 0 : h 3 1.91292 

	D3: x: 0 x1: 0 x2: 0 x3: 0
new h (Growth limit): 0.04 
new h (Max): 0.02 

t: 6.6047e-09 t(sc) 0.66047 iter: 1 repeat_nr_iter: 0 h: 0.02 Status: MP TRAP PhiWrapLinear

new h (LTE): 1.91292 : d3 64 0 : h 3 1.91292 

	D3: x: 0 x1: 0 x2: 0 x3: 0
new h (Growth limit): 0.04 
new h (Max): 0.02 

t = 6.6047e-09 (65%)
t: 6.8047e-09 t(sc) 0.68047 iter: 1 repeat_nr_iter: 0 h: 0.02 Status: MP TRAP PhiWrapLinear

new h (LTE): 1.91292 : d3 64 0 : h 3 1.91292 

	D3: x: 0 x1: 0 x2: 0 x3: 0
new h (Growth limit): 0.04 
new h (Max): 0.02 

t: 7.0047e-09 t(sc) 0.70047 iter: 1 repeat_nr_iter: 0 h: 0.02 Status: MP TRAP PhiWrapLinear

new h (LTE): 1.91292 : d3 64 0 : h 3 1.91292 

	D3: x: 0 x1: 0 x2: 0 x3: 0
new h (Growth limit): 0.04 
new h (Max): 0.02 

t = 7.0047e-09 (70%)
t: 7.2047e-09 t(sc) 0.72047 iter: 1 repeat_nr_iter: 0 h: 0.02 Status: MP TRAP PhiWrapLinear

new h (LTE): 1.91292 : d3 64 0 : h 3 1.91292 

	D3: x: 0 x1: 0 x2: 0 x3: 0
new h (Growth limit): 0.04 
new h (Max): 0.02 

t: 7.4047e-09 t(sc) 0.74047 iter: 1 repeat_nr_iter: 0 h: 0.02 Status: MP TRAP PhiWrapLinear

new h (LTE): 1.91292 : d3 64 0 : h 3 1.91292 

	D3: x: 0 x1: 0 x2: 0 x3: 0
new h (Growth limit): 0.04 
new h (Max): 0.02 

t: 7.6047e-09 t(sc) 0.76047 iter: 1 repeat_nr_iter: 0 h: 0.02 Status: MP TRAP PhiWrapLinear

new h (LTE): 1.91292 : d3 64 0 : h 3 1.91292 

	D3: x: 0 x1: 0 x2: 0 x3: 0
new h (Growth limit): 0.04 
new h (Max): 0.02 

t = 7.6047e-09 (75%)
t: 7.8047e-09 t(sc) 0.78047 iter: 1 repeat_nr_iter: 0 h: 0.02 Status: MP TRAP PhiWrapLinear

new h (LTE): 1.91292 : d3 64 0 : h 3 1.91292 

	D3: x: 0 x1: 0 x2: 0 x3: 0
new h (Growth limit): 0.04 
new h (Max): 0.02 

t: 8.0047e-09 t(sc) 0.80047 iter: 1 repeat_nr_iter: 0 h: 0.02 Status: MP TRAP PhiWrapLinear

new h (LTE): 1.91292 : d3 64 0 : h 3 1.91292 

	D3: x: 0 x1: 0 x2: 0 x3: 0
new h (Growth limit): 0.04 
new h (Max): 0.02 

t = 8.0047e-09 (80%)
t: 8.2047e-09 t(sc) 0.82047 iter: 1 repeat_nr_iter: 0 h: 0.02 Status: MP TRAP PhiWrapLinear

new h (LTE): 1.91292 : d3 64 0 : h 3 1.91292 

	D3: x: 0 x1: 0 x2: 0 x3: 0
new h (Growth limit): 0.04 
new h (Max): 0.02 

t: 8.4047e-09 t(sc) 0.84047 iter: 1 repeat_nr_iter: 0 h: 0.02 Status: MP TRAP PhiWrapLinear

new h (LTE): 1.91292 : d3 64 0 : h 3 1.91292 

	D3: x: 0 x1: 0 x2: 0 x3: 0
new h (Growth limit): 0.04 
new h (Max): 0.02 

t: 8.6047e-09 t(sc) 0.86047 iter: 1 repeat_nr_iter: 0 h: 0.02 Status: MP TRAP PhiWrapLinear

new h (LTE): 1.91292 : d3 64 0 : h 3 1.91292 

	D3: x: 0 x1: 0 x2: 0 x3: 0
new h (Growth limit): 0.04 
new h (Max): 0.02 

t = 8.6047e-09 (85%)
t: 8.8047e-09 t(sc) 0.88047 iter: 1 repeat_nr_iter: 0 h: 0.02 Status: MP TRAP PhiWrapLinear

new h (LTE): 1.91292 : d3 64 0 : h 3 1.91292 

	D3: x: 0 x1: 0 x2: 0 x3: 0
new h (Growth limit): 0.04 
new h (Max): 0.02 

t: 9.0047e-09 t(sc) 0.90047 iter: 1 repeat_nr_iter: 0 h: 0.02 Status: MP TRAP PhiWrapLinear

new h (LTE): 1.91292 : d3 64 0 : h 3 1.91292 

	D3: x: 0 x1: 0 x2: 0 x3: 0
new h (Growth limit): 0.04 
new h (Max): 0.02 

t = 9.0047e-09 (90%)
t: 9.2047e-09 t(sc) 0.92047 iter: 1 repeat_nr_iter: 0 h: 0.02 Status: MP TRAP PhiWrapLinear

new h (LTE): 1.91292 : d3 64 0 : h 3 1.91292 

	D3: x: 0 x1: 0 x2: 0 x3: 0
new h (Growth limit): 0.04 
new h (Max): 0.02 

t: 9.4047e-09 t(sc) 0.94047 iter: 1 repeat_nr_iter: 0 h: 0.02 Status: MP TRAP PhiWrapLinear

new h (LTE): 1.91292 : d3 64 0 : h 3 1.91292 

	D3: x: 0 x1: 0 x2: 0 x3: 0
new h (Growth limit): 0.04 
new h (Max): 0.02 

t: 9.6047e-09 t(sc) 0.96047 iter: 1 repeat_nr_iter: 0 h: 0.02 Status: MP TRAP PhiWrapLinear

new h (LTE): 1.91292 : d3 64 0 : h 3 1.91292 

	D3: x: 0 x1: 0 x2: 0 x3: 0
new h (Growth limit): 0.04 
new h (Max): 0.02 

t = 9.6047e-09 (95%)
t: 9.8047e-09 t(sc) 0.98047 iter: 1 repeat_nr_iter: 0 h: 0.02 Status: MP TRAP PhiWrapLinear

new h (LTE): 1.91292 : d3 64 0 : h 3 1.91292 

	D3: x: 0 x1: 0 x2: 0 x3: 0
new h (Growth limit): 0.04 
new h (Max): 0.02 

t: 1.00047e-08 t(sc) 1.00047 iter: 1 repeat_nr_iter: 0 h: 0.02 Status: MP TRAP PhiWrapLinear

new h (LTE): 1.91292 : d3 64 0 : h 3 1.91292 

	D3: x: 0 x1: 0 x2: 0 x3: 0
new h (Growth limit): 0.04 
new h (Max): 0.02 

t = 1.00047e-08 (100%)
Number of timesteps: 61
Transient Simulation Done. Num of Nonlin iters: 61 
	Freeing MNA
Freeing Main Circuit ...
	Freeing Nodes and Elements
Cleaning Main Circuit ...
	Freeing Parsed circuit: 'Main Circuit'
