Running OptiSPICE 5.1 (compiled on: Jan  5 2016 10:28:02) 

Copyright 2015 Optiwave Systems Inc. All rights reserved.

	git commit: 651cbe73905eab5871768bdecbe8d86323447f45 MergeFromStaticBuild

Processing Netlist file: waveguide_smt_L1.0_LAM700_Neff2.1_end.sp

************* FILE: "waveguide_smt_L1.0_LAM700_Neff2.1_end.sp"  ************

Title "CW Source check "

Osp Jobcontrol Verbosity=DEBUG2

.option ingold=2 DELMAX=.1e-10 ACCURATE=1 RUNLVL=6 NUMDGT=8
.OPTION DCCAP=1 TNOM=27

.param NMODES=1

* Voltage sources
v1 Mag1 0 DC = 1 
v2 Phi1 0 DC = 0 

Osp CWSOURCE   Name=cw1 Nodes = [Mag1 Phi1 l1] MoName = CWmodel lambda = 7.000000e+02
Osp WaveGuide  Name=wg1 Nodes = [l1 l2] MoName=WGmodel
Osp MIRROR     Name=mir1 Nodes = [l2] MoName = Mmodel 

Osp Model Name = Mmodel   type = MIRROR    Ref = 0
Osp Model Name = CWmodel  type = CWSOURCE 
Osp Model Name = WGmodel  type = WaveGuide  Length=1.000000e+00  IncludeTimeDelay=1  neff=[2.100000e+00]  N0=1.1 NF=1.1

% IncludeTimeDelay=1 
.tran .0001e-9 10e-9 nsolver=BACKE nmaxst=.05n nminst=.05n

	
.Monitor OptFields wg1 Format=MagPhi Port=1 dir=IN  Pol=TE
.Monitor OptFields wg1 Format=MagPhi Port=2 dir=OUT Pol=TE
%.Monitor OptFields wg2 Format=MagPhi Port=2 dir=OUT Pol=TE
.end

************* *************** ************

Options ingold=2 DELMAX=.1e-10 ACCURATE=1 RUNLVL=6 NUMDGT=8 
Options DCCAP=1 TNOM=27 
Param P=[ { NMODES 1 } ] 
INDSOURCE EL_Type=V_SOU Name=v1 Nodes=[ Mag1 0 ] dcMode dcValue=1 
INDSOURCE EL_Type=V_SOU Name=v2 Nodes=[ Phi1 0 ] dcMode dcValue=0 
CWSOURCE Name=cw1 Nodes=[ Mag1 Phi1 l1 ] MoName=CWmodel lambda=7.000000e+02 
WaveGuide Name=wg1 Nodes=[ l1 l2 ] MoName=WGmodel 
MIRROR Name=mir1 Nodes=[ l2 ] MoName=Mmodel 
Model Name=Mmodel type=MIRROR Ref=0 
Model Name=CWmodel type=CWSOURCE 
Model Name=WGmodel type=WaveGuide Length=1.000000e+00 IncludeTimeDelay=1 neff=[ 2.100000e+00 ] N0=1.1 NF=1.1 
Transient Tpoints=[ { .0001e-9 10e-9 } ] nsolver=BACKE nmaxst=.05n nminst=.05n 
Monitor Type=OptFields Name=wg1 Format=MagPhi Port=1 dir=IN Pol=TE 
Monitor Type=OptFields Name=wg1 Format=MagPhi Port=2 dir=OUT Pol=TE 
END

Assigning node numbers and stamping


Main Circuit Paras:
	Name=NMODES String=1 Ep = 0x0

Creating: v1

Creating: v2

Creating: cw1
	New Link: l1                                                           Link: 0x7ffdb0d03980

Creating: wg1
	New Link: l2                                                           Link: 0x7ffdb0d06110

Creating: mir1

Circuit after element assignment

Element hash table
	Key: v1                                                           	val: 	-1328537120
	Key: v2                                                           	val: 	-1328534336
	Key: wg1:exp                                                      	val: 	-1316997632
	Key: mir1                                                         	val: 	-1316994048
	Key: cw1                                                          	val: 	-1317006336
	Key: wg1                                                          	val: 	-1317000704

Delay Element hash table

OptFFT Element hash table

Noise Element hash table

Optical Element hash table
	Key: wg1:exp                                                      	val: 	-1316997632
	Key: mir1                                                         	val: 	-1316994048
	Key: cw1                                                          	val: 	-1317006336
	Key: wg1                                                          	val: 	-1317000704

Source Optical Element hash table
	Key: cw1                                                          	val: 	-1317006336

Elec Init Conditions


Tracing optical sources
	source: cw1 (fixed:700)  -> wg1:exp (1) 
		-- Return Branch:  -> cw1 (1) 

		-- Through Branch:  -> mir1 (1)  -> wg1:exp (1) 


Stamping: v1

Stamping: v2

Stamping: cw1
Created Optical Mode Shape 'Mode:1 n:1 x:5.0000000000000000e+01 y:5.0000000000000000e+01 m:0 n:0 s:5.0000000000000000e+00 1/r:0.0000000000000000e+00 l:7.0000000000000000e+02' (9f0f691c790bc91db0de003de48148dc52383339)
Adding Optical Mode:         l1:fixed:700 	      0x7ffdb0d07e10

Stamping: wg1
Adding Optical Mode: wg1:exp:inter1(0):fixed:700 	      0x7ffdb0d09c90
Adding Optical Mode: wg1:exp:inter2(0):fixed:700 	      0x7ffdb0d09e40
Adding Optical Mode: wg1:exp:inter3(0):fixed:700 	      0x7ffdb0d076e0
Adding Optical Mode:         l2:fixed:700 	      0x7ffdb0d0ac00
Stamping OptScatteringVtoV Instance: wg1:exp:c(0):I1(0)
	E to E: l1:fixed:700 | wg1:exp:inter1(0):fixed:700
	Linear (E to E) Scattering Mode
	NonLinear Scattering Mode
Linear: -18.8496
CreateStampDelay: DELAY Name=wg1:exp:c(0):td(0):c(0):m(0):optmag:delay Del=7.0048459991611925e-15 Gain=1.0000000000000000e+00 Tcoeff=[ 0.0000000000000000e+00 0.0000000000000000e+00 ]
CreateStampDelay: DELAY Name=wg1:exp:c(0):td(0):reverse:c(0):m(0):optmag:delay Del=7.0048459991611925e-15 Gain=1.0000000000000000e+00 Tcoeff=[ 0.0000000000000000e+00 0.0000000000000000e+00 ]
CreateStampDelay: DELAY Name=wg1:exp:c(0):td(0):c(0):m(0):optphi:delay Del=7.0048459991611925e-15 Gain=1.0000000000000000e+00 Tcoeff=[ 0.0000000000000000e+00 0.0000000000000000e+00 ]
CreateStampDelay: DELAY Name=wg1:exp:c(0):td(0):reverse:c(0):m(0):optphi:delay Del=7.0048459991611925e-15 Gain=1.0000000000000000e+00 Tcoeff=[ 0.0000000000000000e+00 0.0000000000000000e+00 ]
Stamping OptScatteringVtoV Instance: wg1:exp:c(0):I1(1)
	E to E: wg1:exp:inter3(0):fixed:700 | l2:fixed:700
	Linear (E to E) Scattering Mode
	NonLinear Scattering Mode

Stamping: mir1

Linking optical elements; 
Pre-processing optical elements; evaluating the Oconn overlap integrals and FSE modes 
Mirror DetModes ... 
		mir1 input 0x7ffdb1803720 output 0x7ffdb1803720

Stamping free mode   optical elements; 
Processing Mirror: mir1 Version: 6 Switchable: 1
Adding Optical Mode: mir1:terminal:fixed:700 	      0x7ffdb0d13e90
Stamping OptScatteringVtoV Instance: mir1:vtov:c(0)
	E to E: l2:fixed:700 | mir1:terminal:fixed:700
	Linear (E to E) Scattering Mode
	NonLinear Scattering Mode

Post Stamping: cw1:c:0:m(0):optphi:iso

Post Stamping: cw1:c:0:m(0):optmag:iso

Circuit after node assignment

Element hash table (including internal elements)
	Key: cw1:c:0:m(0):optphi:iso                                      	val: 	-1328507824
	Key: mir1:vtov                                                    	val: 	-1316801536
	Key: wg1:exp:c(0):td(0):c(0):m(0):optmag:delay                    	val: 	-1328482800
	Key: wg1:exp:c(0):I1(0)                                           	val: 	-1316941824
	Key: wg1:exp:c(0):td(0):c(0):m(0):optphi:delay                    	val: 	-1328478768
	Key: wg1                                                          	val: 	-1317000704
	Key: wg1:exp:c(0):I1(1)                                           	val: 	-1316807168
	Key: wg1:exp:c(0):td(0):reverse:c(0):m(0):optphi:delay            	val: 	-1328477136
	Key: wg1:exp:c(0):td(0):reverse:c(0):m(0):optmag:delay            	val: 	-1328480352
	Key: mir1:vtov:c(0)                                               	val: 	-1308622848
	Key: v1                                                           	val: 	-1328537120
	Key: v2                                                           	val: 	-1328534336
	Key: wg1:exp                                                      	val: 	-1316997632
	Key: cw1:c:0:m(0):optmag:iso                                      	val: 	-1328509936
	Key: cw1                                                          	val: 	-1317006336
	Key: mir1                                                         	val: 	-1316994048

Node hash table (size: 66)
	Key: wg1:exp:c(0):i1(1):0:fwd:modei:m(0):optmag                   	val: 	56        
	Key: mir1:vtov:c(0):0:fwd:modei:m(0):optphi                       	val: 	65        
	Key: wg1:exp:c(0):i1(0):0:fwd:modei:m(0):optmag                   	val: 	48        
	Key: mir1:vtov:c(0):0:rev:modei:m(0):optphi                       	val: 	63        
	Key: wg1:exp:c(0):i1(0):0:rev:modei:m(0):optmag                   	val: 	46        
	Key: mir1:terminal:fixed:700:fwd:m(0):optphi                      	val: 	60        
	Key: wg1:exp:inter1(0):fixed:700:rev:m(0):optphi                  	val: 	29        
	Key: wg1:exp:c(0):td(0):reverse:c(0):m(0):optmag:delay:i          	val: 	51        
	Key: wg1:exp:inter2(0):fixed:700:rev:m(0):optphi                  	val: 	33        
	Key: wg1:exp:c(0):i1(1):0:rev:modei:m(0):optmag                   	val: 	54        
	Key: wg1:exp:revphase(0:0):modei:m(0):optphi                      	val: 	41        
	Key: cw1:l1:fixed:700:modei:m(0):optphi                           	val: 	23        
	Key: cw1:channel-fixed:700                                        	val: 	1         
	Key: wg1:exp:inter1(0):fixed:700:fwd:m(0):optphi                  	val: 	28        
	Key: wg1:exp:inter2(0):fixed:700:fwd:m(0):optphi                  	val: 	32        
	Key: wg1:exp:fwdphase(0:0):modei:m(0):optphi                      	val: 	39        
	Key: wg1:exp:inter3(0):fixed:700:rev:m(0):optphi                  	val: 	37        
	Key: l2:fixed:700:rev:m(0):optphi                                 	val: 	45        
	Key: v1:portcurrentnode:0                                         	val: 	3         
	Key: v1:portcurrentnode:1                                         	val: 	5         
	Key: cw1:c:0:m(0):optphi:iso:i                                    	val: 	25        
	Key: v2:portcurrentnode:0                                         	val: 	9         
	Key: v2:portcurrentnode:1                                         	val: 	11        
	Key: v1:i                                                         	val: 	7         
	Key: wg1:exp:c(0):td(0):c(0):m(0):optmag:delay:i                  	val: 	50        
	Key: l1:fixed:700:rev:m(0):optphi                                 	val: 	17        
	Key: mir1:terminal:fixed:700:rev:m(0):optmag                      	val: 	59        
	Key: wg1:exp:inter3(0):fixed:700:fwd:m(0):optphi                  	val: 	36        
	Key: l2:fixed:700:fwd:m(0):optphi                                 	val: 	44        
	Key: wg1:exp:c(0):td(0):reverse:c(0):m(0):optphi:delay:i          	val: 	53        
	Key: mir1:vtov:c(0):0:fwd:modei:m(0):optmag                       	val: 	64        
	Key: mir1:vtov:c(0):0:rev:modei:m(0):optmag                       	val: 	62        
	Key: mag1                                                         	val: 	2         
	Key: cw1:portcurrentcurnode:0                                     	val: 	19        
	Key: wg1:exp:inter1(0):fixed:700:rev:m(0):optmag                  	val: 	27        
	Key: mir1:terminal:fixed:700:fwd:m(0):optmag                      	val: 	58        
	Key: v1:portcurrentcurnode:0                                      	val: 	4         
	Key: v1:portcurrentcurnode:1                                      	val: 	6         
	Key: wg1:exp:inter2(0):fixed:700:rev:m(0):optmag                  	val: 	31        
	Key: v2:portcurrentcurnode:0                                      	val: 	10        
	Key: v2:portcurrentcurnode:1                                      	val: 	12        
	Key: wg1:exp:c(0):i1(0):0:fwd:modei:m(0):optphi                   	val: 	49        
	Key: wg1:exp:c(0):i1(0):0:rev:modei:m(0):optphi                   	val: 	47        
	Key: cw1:l1:fixed:700:modei:m(0):optmag                           	val: 	22        
	Key: wg1:exp:c(0):i1(1):0:fwd:modei:m(0):optphi                   	val: 	57        
	Key: wg1:exp:revphase(0:0):modei:m(0):optmag                      	val: 	40        
	Key: l1:fixed:700:fwd:m(0):optphi                                 	val: 	16        
	Key: 0                                                            	val: 	-5        
	Key: cw1:portcurrentcurnode:1                                     	val: 	21        
	Key: wg1:exp:inter1(0):fixed:700:fwd:m(0):optmag                  	val: 	26        
	Key: wg1:exp:inter2(0):fixed:700:fwd:m(0):optmag                  	val: 	30        
	Key: wg1:exp:fwdphase(0:0):modei:m(0):optmag                      	val: 	38        
	Key: wg1:exp:inter3(0):fixed:700:rev:m(0):optmag                  	val: 	35        
	Key: l2:fixed:700:rev:m(0):optmag                                 	val: 	43        
	Key: wg1:exp:c(0):i1(1):0:rev:modei:m(0):optphi                   	val: 	55        
	Key: cw1:portcurrentnode:0                                        	val: 	18        
	Key: cw1:portcurrentnode:1                                        	val: 	20        
	Key: wg1:exp:c(0):td(0):c(0):m(0):optphi:delay:i                  	val: 	52        
	Key: l1:fixed:700:rev:m(0):optmag                                 	val: 	15        
	Key: wg1:exp:inter3(0):fixed:700:fwd:m(0):optmag                  	val: 	34        
	Key: l2:fixed:700:fwd:m(0):optmag                                 	val: 	42        
	Key: cw1:c:0:m(0):optmag:iso:i                                    	val: 	24        
	Key: phi1                                                         	val: 	8         
	Key: v2:i                                                         	val: 	13        
	Key: mir1:terminal:fixed:700:rev:m(0):optphi                      	val: 	61        
	Key: l1:fixed:700:fwd:m(0):optmag                                 	val: 	14        

Node array 
	Key: 0                                                            	val: 	-5         Status: V node
	Key: cw1:channel-fixed:700                                        	val: 	1          Status: V node
	Key: mag1                                                         	val: 	2          Status: V node
	Key: v1:portcurrentnode:0                                         	val: 	3          Status: V node
	Key: v1:portcurrentcurnode:0                                      	val: 	4          Status: I node
	Key: v1:portcurrentnode:1                                         	val: 	5          Status: V node
	Key: v1:portcurrentcurnode:1                                      	val: 	6          Status: I node
	Key: v1:i                                                         	val: 	7          Status: I node
	Key: phi1                                                         	val: 	8          Status: V node
	Key: v2:portcurrentnode:0                                         	val: 	9          Status: V node
	Key: v2:portcurrentcurnode:0                                      	val: 	10         Status: I node
	Key: v2:portcurrentnode:1                                         	val: 	11         Status: V node
	Key: v2:portcurrentcurnode:1                                      	val: 	12         Status: I node
	Key: v2:i                                                         	val: 	13         Status: I node
	Key: l1:fixed:700:fwd:m(0):optmag                                 	val: 	14         Status: O Mag node
	Key: l1:fixed:700:rev:m(0):optmag                                 	val: 	15         Status: O Mag node
	Key: l1:fixed:700:fwd:m(0):optphi                                 	val: 	16         Status: O Pha node (14)
	Key: l1:fixed:700:rev:m(0):optphi                                 	val: 	17         Status: O Pha node (15)
	Key: cw1:portcurrentnode:0                                        	val: 	18         Status: V node
	Key: cw1:portcurrentcurnode:0                                     	val: 	19         Status: I node
	Key: cw1:portcurrentnode:1                                        	val: 	20         Status: V node
	Key: cw1:portcurrentcurnode:1                                     	val: 	21         Status: I node
	Key: cw1:l1:fixed:700:modei:m(0):optmag                           	val: 	22         Status: O Mag node
	Key: cw1:l1:fixed:700:modei:m(0):optphi                           	val: 	23         Status: O Pha node (22)
	Key: cw1:c:0:m(0):optmag:iso:i                                    	val: 	24         Status: I node
	Key: cw1:c:0:m(0):optphi:iso:i                                    	val: 	25         Status: I node
	Key: wg1:exp:inter1(0):fixed:700:fwd:m(0):optmag                  	val: 	26         Status: O Mag node
	Key: wg1:exp:inter1(0):fixed:700:rev:m(0):optmag                  	val: 	27         Status: O Mag node
	Key: wg1:exp:inter1(0):fixed:700:fwd:m(0):optphi                  	val: 	28         Status: O Pha node (26)
	Key: wg1:exp:inter1(0):fixed:700:rev:m(0):optphi                  	val: 	29         Status: O Pha node (27)
	Key: wg1:exp:inter2(0):fixed:700:fwd:m(0):optmag                  	val: 	30         Status: O Mag node
	Key: wg1:exp:inter2(0):fixed:700:rev:m(0):optmag                  	val: 	31         Status: O Mag node
	Key: wg1:exp:inter2(0):fixed:700:fwd:m(0):optphi                  	val: 	32         Status: O Pha node (30)
	Key: wg1:exp:inter2(0):fixed:700:rev:m(0):optphi                  	val: 	33         Status: O Pha node (31)
	Key: wg1:exp:inter3(0):fixed:700:fwd:m(0):optmag                  	val: 	34         Status: O Mag node
	Key: wg1:exp:inter3(0):fixed:700:rev:m(0):optmag                  	val: 	35         Status: O Mag node
	Key: wg1:exp:inter3(0):fixed:700:fwd:m(0):optphi                  	val: 	36         Status: O Pha node (34)
	Key: wg1:exp:inter3(0):fixed:700:rev:m(0):optphi                  	val: 	37         Status: O Pha node (35)
	Key: wg1:exp:fwdphase(0:0):modei:m(0):optmag                      	val: 	38         Status: O Mag node
	Key: wg1:exp:fwdphase(0:0):modei:m(0):optphi                      	val: 	39         Status: O Pha node (38)
	Key: wg1:exp:revphase(0:0):modei:m(0):optmag                      	val: 	40         Status: O Mag node
	Key: wg1:exp:revphase(0:0):modei:m(0):optphi                      	val: 	41         Status: O Pha node (40)
	Key: l2:fixed:700:fwd:m(0):optmag                                 	val: 	42         Status: O Mag node
	Key: l2:fixed:700:rev:m(0):optmag                                 	val: 	43         Status: O Mag node
	Key: l2:fixed:700:fwd:m(0):optphi                                 	val: 	44         Status: O Pha node (42)
	Key: l2:fixed:700:rev:m(0):optphi                                 	val: 	45         Status: O Pha node (43)
	Key: wg1:exp:c(0):i1(0):0:rev:modei:m(0):optmag                   	val: 	46         Status: O Mag node
	Key: wg1:exp:c(0):i1(0):0:rev:modei:m(0):optphi                   	val: 	47         Status: O Pha node (46)
	Key: wg1:exp:c(0):i1(0):0:fwd:modei:m(0):optmag                   	val: 	48         Status: O Mag node
	Key: wg1:exp:c(0):i1(0):0:fwd:modei:m(0):optphi                   	val: 	49         Status: O Pha node (48)
	Key: wg1:exp:c(0):td(0):c(0):m(0):optmag:delay:i                  	val: 	50         Status: I node
	Key: wg1:exp:c(0):td(0):reverse:c(0):m(0):optmag:delay:i          	val: 	51         Status: I node
	Key: wg1:exp:c(0):td(0):c(0):m(0):optphi:delay:i                  	val: 	52         Status: I node
	Key: wg1:exp:c(0):td(0):reverse:c(0):m(0):optphi:delay:i          	val: 	53         Status: I node
	Key: wg1:exp:c(0):i1(1):0:rev:modei:m(0):optmag                   	val: 	54         Status: O Mag node
	Key: wg1:exp:c(0):i1(1):0:rev:modei:m(0):optphi                   	val: 	55         Status: O Pha node (54)
	Key: wg1:exp:c(0):i1(1):0:fwd:modei:m(0):optmag                   	val: 	56         Status: O Mag node
	Key: wg1:exp:c(0):i1(1):0:fwd:modei:m(0):optphi                   	val: 	57         Status: O Pha node (56)
	Key: mir1:terminal:fixed:700:fwd:m(0):optmag                      	val: 	58         Status: O Mag node
	Key: mir1:terminal:fixed:700:rev:m(0):optmag                      	val: 	59         Status: O Mag node
	Key: mir1:terminal:fixed:700:fwd:m(0):optphi                      	val: 	60         Status: O Pha node (58)
	Key: mir1:terminal:fixed:700:rev:m(0):optphi                      	val: 	61         Status: O Pha node (59)
	Key: mir1:vtov:c(0):0:rev:modei:m(0):optmag                       	val: 	62         Status: O Mag node
	Key: mir1:vtov:c(0):0:rev:modei:m(0):optphi                       	val: 	63         Status: O Pha node (62)
	Key: mir1:vtov:c(0):0:fwd:modei:m(0):optmag                       	val: 	64         Status: O Mag node
	Key: mir1:vtov:c(0):0:fwd:modei:m(0):optphi                       	val: 	65         Status: O Pha node (64)

Optical Node hash table
	l1:fixed:700
		aliases: l1 -- l1 -- l1 -- 
	wg1:exp:inter2(0):fixed:700
		aliases: wg1:exp:inter2(0) -- wg1:exp:inter2(0) -- 
	wg1:exp:inter3(0):fixed:700
		aliases: wg1:exp:inter3(0) -- wg1:exp:inter3(0) -- 
	l2:fixed:700
		aliases: l2 -- l2 -- l2 -- l2 -- 
	mir1:terminal:fixed:700
		aliases: mir1:terminal -- mir1:terminal -- 
	wg1:exp:inter1(0):fixed:700
		aliases: wg1:exp:inter1(0) -- wg1:exp:inter1(0) -- 

Optical ModeShape hash table
	Key: 9f0f691c790bc91db0de003de48148dc52383339                     	val: 	-1328513792

Optical Link hash table
	Key: l1                                                           l1                                                          	val: 	0x7ffdb0d03980 
			E1: 	0x7ffdb1801400 - cw1                                      	E2: 	0x7ffdb1803600 - wg1:exp                                 
	Key: l2                                                           l2                                                          	val: 	0x7ffdb0d06110 
			E1: 	0x7ffdb1803600 - wg1:exp                                  	E2: 	0x7ffdb1804400 - mir1                                    

Source Optical Channel hash table
	Key: fixed:700                                                    	lambda: 	700        dPhi_dt: 	0x7ffdb1801c30 *dPhi_dt: 	0         

Optical Matrices hash table

Optical FSE Matrices hash table

Monitor Statements
	Name:                            wg1 Type:       OptFields Port:     1 Node Num:      0
	Name:                            wg1 Type:       OptFields Port:     2 Node Num:      0
	Name:                             v1 Type:               V Port:     1 Node Num:      2
	Name:                             v1 Type:               I Port:     1 Node Num:      0
	Name:                             v1 Type:               I Port:     2 Node Num:      0
	Name:                             v2 Type:               V Port:     1 Node Num:      8
	Name:                             v2 Type:               I Port:     1 Node Num:      0
	Name:                             v2 Type:               I Port:     2 Node Num:      0
	Name:                            cw1 Type:               V Port:     1 Node Num:      2
	Name:                            cw1 Type:               I Port:     1 Node Num:      0
	Name:                            cw1 Type:               V Port:     2 Node Num:      8
	Name:                            cw1 Type:               I Port:     2 Node Num:      0
	Name:                            cw1 Type:       OptFields Port:     3 Node Num:      0
	Name:                            wg1 Type:       OptFields Port:     1 Node Num:      0
	Name:                            wg1 Type:       OptFields Port:     2 Node Num:      0
	Name:                        wg1:exp Type:       OptFields Port:     1 Node Num:      0
	Name:                        wg1:exp Type:       OptFields Port:     2 Node Num:      0
	Name:                           mir1 Type:       OptFields Port:     1 Node Num:      0

Current Monitor Statements
	Key: v2:Port-2                                                    	port: 	2          	num: 	12        
	Key: v1:Port-1                                                    	port: 	1          	num: 	4         
	Key: v1:Port-2                                                    	port: 	2          	num: 	6         
	Key: cw1:Port-1                                                   	port: 	1          	num: 	19        
	Key: v2:Port-1                                                    	port: 	1          	num: 	10        
	Key: cw1:Port-2                                                   	port: 	2          	num: 	21        

Sub-circuits


Transient Simulation Started
tscaling: 1e+08
abstol: 1e-08 reltol: 1e-06 c_abstol: 1e-15 c_reltol: 1e-06
DC Simulation Started
DC Linear Initial Guess
DC simulations:
	DC var: 0.000000000000e+00
		Elec pass (T ind):
		DC iterations =  2 (extra -1). Cond 0.122425
			Total num iter: 2
		Elec pass (T dep). Evars Optical:
		DC iterations =  1 (extra -1). Cond 0.122425
			Total num iter: 3

***** Element Operating point info:

MultiLayerFilterExp: wg1:exp 
	(Explicit Filtering -- T = 300.15 -- E to E)
	Channel: 0
		 Input: l1:fixed:700
			l1:fixed:700 			Carrier Lambda: 700 nm --- E vars
				Mode 0
					(fwd: 14,16):  Pow: 1.0000000000e+00 Phi: 0.0000000000e+00  Mag: 1.0000000000e+00 E_f =  1.0000000000e+00 + 0.0000000000e+00i
					(rev: 15,17):  Pow: 1.9190776522e-24 Phi: 3.1394489419e+00  Mag: 1.3853077825e-12 E_f =  -1.3853045994e-12 + 2.9696981875e-15i
								Total Power Fwd: 1 Rev: 1.91908e-24

			Extra
					(rev: 46,47):  Pow: 1.9190776522e-24 Phi: 3.1394489419e+00  Mag: 1.3853077825e-12 E_f =  -1.3853045994e-12 + 2.9696981875e-15i
								Total Power Fwd: 0 Rev: 1.91908e-24

		Interface (0): wg1:exp:c(0):I1(0) T= 300.15 NonLinear
			N1 = 1.1 N2 = 2.1 (2.1)T = 300.15
				Tf^2 = 0.902344 Rf^2 = 0.0976562  Tb^2 = 0.902344 Rb^2 = 0.0976562 Tf+Rf = 1 Tb+Rb = 1 
			Rf = -0.3125 	Tf = 0.949918 	Rb = 0.3125 	Tb = 0.949918 

		 Layer (1) Phi= -18.8496 (-6.28319)  Atten = 1 N = 2.1 V1 = 0 V2 = 0 T = 300.15
			Inter1: wg1:exp:inter1(0):fixed:700 (Es)
			wg1:exp:inter1(0):fixed:700 			Carrier Lambda: 700 nm --- E vars
				Mode 0
					(fwd: 26,28):  Pow: 1.1082251082e+00 Phi: 9.2803068361e-16  Mag: 1.0527227119e+00 E_f =  1.0527227119e+00 + 9.7695897801e-16i
					(rev: 27,29):  Pow: 1.0822510822e-01 Phi: 9.5030342002e-15  Mag: 3.2897584748e-01 E_f =  3.2897584748e-01 + 3.1262687296e-15i
								Total Power Fwd: 1.10823 Rev: 0.108225

			Inter2: wg1:exp:inter2(0):fixed:700 (Es)
			wg1:exp:inter2(0):fixed:700 			Carrier Lambda: 700 nm --- E vars
				Mode 0
					(fwd: 30,32):  Pow: 1.1082251082e+00 Phi: 5.2155324419e-15  Mag: 1.0527227119e+00 E_f =  1.0527227119e+00 + 5.4905094564e-15i
					(rev: 31,33):  Pow: 1.0822510822e-01 Phi: 5.2155324419e-15  Mag: 3.2897584748e-01 E_f =  3.2897584748e-01 + 1.7157842051e-15i
								Total Power Fwd: 1.10823 Rev: 0.108225

			Inter3: wg1:exp:inter3(0):fixed:700 (Es) dt = 7.00485e-15
			wg1:exp:inter3(0):fixed:700 			Carrier Lambda: 700 nm --- E vars
				Mode 0
					(fwd: 34,36):  Pow: 1.1082251082e+00 Phi: 5.2155324419e-15  Mag: 1.0527227119e+00 E_f =  1.0527227119e+00 + 5.4905094564e-15i
					(rev: 35,37):  Pow: 1.0822510822e-01 Phi: 5.2155324419e-15  Mag: 3.2897584748e-01 E_f =  3.2897584748e-01 + 1.7157842051e-15i
								Total Power Fwd: 1.10823 Rev: 0.108225

			ExtraNodes (Es)
			Delay queues (Es):
				Mode 0
					(fwd: 38,39):  Pow: 1.1082251082e+00 Phi: 5.2155324419e-15  Mag: 1.0527227119e+00 E_f =  1.0527227119e+00 + 5.4905094564e-15i
					(rev: 40,41):  Pow: 1.0822510822e-01 Phi: 9.5030342002e-15  Mag: 3.2897584748e-01 E_f =  3.2897584748e-01 + 3.1262687296e-15i
								Total Power Fwd: 1.10823 Rev: 0.108225

			Extra Inter1
				Mode 0
					(fwd: 48,49):  Pow: 1.1082251082e+00 Phi: 9.2803068361e-16  Mag: 1.0527227119e+00 E_f =  1.0527227119e+00 + 9.7695897801e-16i
								Total Power Fwd: 1.10823 Rev: 0

		Interface (1): wg1:exp:c(0):I1(1) T = 300.15 NonLinear
			N1 = 2.1 (2.1) N2 = 1.1
				Tf^2 = 0.902344 Rf^2 = 0.0976562  Tb^2 = 0.902344 Rb^2 = 0.0976562 Tf+Rf = 1 Tb+Rb = 1 
			Rf = 0.3125 	Tf = 0.949918 	Rb = -0.3125 	Tb = 0.949918 

		 Output: l2:fixed:700
			l2:fixed:700 			Carrier Lambda: 700 nm --- E vars
				Mode 0
					(fwd: 42,44):  Pow: 9.9999999999e-01 Phi: 5.2155324419e-15  Mag: 1.0000000000e+00 E_f =  1.0000000000e+00 + 5.2155324419e-15i
					(rev: 43,45):  Pow: 0.0000000000e+00 Phi: 0.0000000000e+00  Mag: 0.0000000000e+00 E_f =  0.0000000000e+00 + 0.0000000000e+00i
								Total Power Fwd: 1 Rev: 0

			Extra
				Mode 0
					(fwd: 56,57):  Pow: 9.9999999999e-01 Phi: 5.2155324419e-15  Mag: 1.0000000000e+00 E_f =  1.0000000000e+00 + 5.2155324419e-15i
								Total Power Fwd: 1 Rev: 0

IndSource:                       v1 (V source)
			V: 1.0000000000e+00 I: 0.0000000000e+00 

IndSource:                       v2 (V source)
			V: 0.0000000000e+00 I: 0.0000000000e+00 

Cw_Source: cw1 
	 Channel : 0 -- n1: 18 n2: 20 -- Fixed Lambda
		 Freqshift: 0
			l1:fixed:700 			Carrier Lambda: 700 nm --- E vars
				Mode 0
					(fwd: 14,16):  Pow: 1.0000000000e+00 Phi: 0.0000000000e+00  Mag: 1.0000000000e+00 E_f =  1.0000000000e+00 + 0.0000000000e+00i
					(rev: 15,17):  Pow: 1.9190776522e-24 Phi: 3.1394489419e+00  Mag: 1.3853077825e-12 E_f =  -1.3853045994e-12 + 2.9696981875e-15i
								Total Power Fwd: 1 Rev: 1.91908e-24

Mirror: mir1
	Channel:0
			l2:fixed:700 			Carrier Lambda: 700 nm --- E vars
				Mode 0
					(fwd: 42,44):  Pow: 9.9999999999e-01 Phi: 5.2155324419e-15  Mag: 1.0000000000e+00 E_f =  1.0000000000e+00 + 5.2155324419e-15i
					(rev: 43,45):  Pow: 0.0000000000e+00 Phi: 0.0000000000e+00  Mag: 0.0000000000e+00 E_f =  0.0000000000e+00 + 0.0000000000e+00i
								Total Power Fwd: 1 Rev: 0



***** Node Operating Point Values 
	wg1                           	Port: 1 
	                              	mode: l1:fixed:700 
	                              		dir: FWD
	                              			TE Fields: 1.0000000000e+00 0.0000000000e+00 

	wg1                           	Port: 2 
	                              	mode: l2:fixed:700 
	                              		dir: FWD
	                              			TE Fields: 1.0000000000e+00 5.2155324419e-15 

	v1                            	Port:     1	V = 1.0000000000e+00
	v1                            	Port:     1	I = 0.0000000000e+00
	v1                            	Port:     2	I = -0.0000000000e+00
	v2                            	Port:     1	V = 0.0000000000e+00
	v2                            	Port:     1	I = 0.0000000000e+00
	v2                            	Port:     2	I = -0.0000000000e+00
	cw1                           	Port:     1	V = 1.0000000000e+00
	cw1                           	Port:     1	I = -0.0000000000e+00
	cw1                           	Port:     2	V = 0.0000000000e+00
	cw1                           	Port:     2	I = -0.0000000000e+00
	cw1                           	Port: 3 
	                              	mode: l1:fixed:700 
	                              		dir: FWD
	                              			TE Fields: 1.0000000000e+00 0.0000000000e+00 
	                              			TM Fields: 0.0000000000e+00 0.0000000000e+00 
	                              		dir: REV
	                              			TE Fields: -1.3853045994e-12 2.9696981875e-15 
	                              			TM Fields: 0.0000000000e+00 0.0000000000e+00 

	wg1                           	Port: 1 
	                              	mode: l1:fixed:700 
	                              		dir: FWD
	                              			TE Fields: 1.0000000000e+00 0.0000000000e+00 
	                              			TM Fields: 0.0000000000e+00 0.0000000000e+00 
	                              		dir: REV
	                              			TE Fields: -1.3853045994e-12 2.9696981875e-15 
	                              			TM Fields: 0.0000000000e+00 0.0000000000e+00 

	wg1                           	Port: 2 
	                              	mode: l2:fixed:700 
	                              		dir: FWD
	                              			TE Fields: 1.0000000000e+00 5.2155324419e-15 
	                              			TM Fields: 0.0000000000e+00 0.0000000000e+00 
	                              		dir: REV
	                              			TE Fields: 0.0000000000e+00 0.0000000000e+00 
	                              			TM Fields: 0.0000000000e+00 0.0000000000e+00 

	wg1:exp                       	Port: 1 
	                              	mode: l1:fixed:700 
	                              		dir: FWD
	                              			TE Fields: 1.0000000000e+00 0.0000000000e+00 
	                              			TM Fields: 0.0000000000e+00 0.0000000000e+00 
	                              		dir: REV
	                              			TE Fields: -1.3853045994e-12 2.9696981875e-15 
	                              			TM Fields: 0.0000000000e+00 0.0000000000e+00 

	wg1:exp                       	Port: 2 
	                              	mode: l2:fixed:700 
	                              		dir: FWD
	                              			TE Fields: 1.0000000000e+00 5.2155324419e-15 
	                              			TM Fields: 0.0000000000e+00 0.0000000000e+00 
	                              		dir: REV
	                              			TE Fields: 0.0000000000e+00 0.0000000000e+00 
	                              			TM Fields: 0.0000000000e+00 0.0000000000e+00 

	mir1                          	Port: 1 
	                              	mode: l2:fixed:700 
	                              		dir: FWD
	                              			TE Fields: 1.0000000000e+00 5.2155324419e-15 
	                              			TM Fields: 0.0000000000e+00 0.0000000000e+00 
	                              		dir: REV
	                              			TE Fields: 0.0000000000e+00 0.0000000000e+00 
	                              			TM Fields: 0.0000000000e+00 0.0000000000e+00 


***** 
		Final Evars non-Linear Scatter pass:

***** Element Operating point info:

MultiLayerFilterExp: wg1:exp 
	(Explicit Filtering -- T = 300.15 -- E to E)
	Channel: 0
		 Input: l1:fixed:700
			l1:fixed:700 			Carrier Lambda: 700 nm --- E vars
				Mode 0
					(fwd: 14,16):  Pow: 1.0000000000e+00 Phi: 0.0000000000e+00  Mag: 1.0000000000e+00 E_f =  1.0000000000e+00 + 0.0000000000e+00i
					(rev: 15,17):  Pow: 1.9190776522e-24 Phi: 3.1394489419e+00  Mag: 1.3853077825e-12 E_f =  -1.3853045994e-12 + 2.9696981875e-15i
								Total Power Fwd: 1 Rev: 1.91908e-24

			Extra
					(rev: 46,47):  Pow: 1.9190776522e-24 Phi: 3.1394489419e+00  Mag: 1.3853077825e-12 E_f =  -1.3853045994e-12 + 2.9696981875e-15i
								Total Power Fwd: 0 Rev: 1.91908e-24

		Interface (0): wg1:exp:c(0):I1(0) T= 300.15 NonLinear
			N1 = 1.1 N2 = 2.1 (2.1)T = 300.15
				Tf^2 = 0.902344 Rf^2 = 0.0976562  Tb^2 = 0.902344 Rb^2 = 0.0976562 Tf+Rf = 1 Tb+Rb = 1 
			Rf = -0.3125 	Tf = 0.949918 	Rb = 0.3125 	Tb = 0.949918 

		 Layer (1) Phi= -18.8496 (-6.28319)  Atten = 1 N = 2.1 V1 = 0 V2 = 0 T = 300.15
			Inter1: wg1:exp:inter1(0):fixed:700 (Es)
			wg1:exp:inter1(0):fixed:700 			Carrier Lambda: 700 nm --- E vars
				Mode 0
					(fwd: 26,28):  Pow: 1.1082251082e+00 Phi: 9.2803068361e-16  Mag: 1.0527227119e+00 E_f =  1.0527227119e+00 + 9.7695897801e-16i
					(rev: 27,29):  Pow: 1.0822510822e-01 Phi: 9.5030342002e-15  Mag: 3.2897584748e-01 E_f =  3.2897584748e-01 + 3.1262687296e-15i
								Total Power Fwd: 1.10823 Rev: 0.108225

			Inter2: wg1:exp:inter2(0):fixed:700 (Es)
			wg1:exp:inter2(0):fixed:700 			Carrier Lambda: 700 nm --- E vars
				Mode 0
					(fwd: 30,32):  Pow: 1.1082251082e+00 Phi: 5.2155324419e-15  Mag: 1.0527227119e+00 E_f =  1.0527227119e+00 + 5.4905094564e-15i
					(rev: 31,33):  Pow: 1.0822510822e-01 Phi: 5.2155324419e-15  Mag: 3.2897584748e-01 E_f =  3.2897584748e-01 + 1.7157842051e-15i
								Total Power Fwd: 1.10823 Rev: 0.108225

			Inter3: wg1:exp:inter3(0):fixed:700 (Es) dt = 7.00485e-15
			wg1:exp:inter3(0):fixed:700 			Carrier Lambda: 700 nm --- E vars
				Mode 0
					(fwd: 34,36):  Pow: 1.1082251082e+00 Phi: 5.2155324419e-15  Mag: 1.0527227119e+00 E_f =  1.0527227119e+00 + 5.4905094564e-15i
					(rev: 35,37):  Pow: 1.0822510822e-01 Phi: 5.2155324419e-15  Mag: 3.2897584748e-01 E_f =  3.2897584748e-01 + 1.7157842051e-15i
								Total Power Fwd: 1.10823 Rev: 0.108225

			ExtraNodes (Es)
			Delay queues (Es):
				Mode 0
					(fwd: 38,39):  Pow: 1.1082251082e+00 Phi: 5.2155324419e-15  Mag: 1.0527227119e+00 E_f =  1.0527227119e+00 + 5.4905094564e-15i
					(rev: 40,41):  Pow: 1.0822510822e-01 Phi: 9.5030342002e-15  Mag: 3.2897584748e-01 E_f =  3.2897584748e-01 + 3.1262687296e-15i
								Total Power Fwd: 1.10823 Rev: 0.108225

			Extra Inter1
				Mode 0
					(fwd: 48,49):  Pow: 1.1082251082e+00 Phi: 9.2803068361e-16  Mag: 1.0527227119e+00 E_f =  1.0527227119e+00 + 9.7695897801e-16i
								Total Power Fwd: 1.10823 Rev: 0

		Interface (1): wg1:exp:c(0):I1(1) T = 300.15 NonLinear
			N1 = 2.1 (2.1) N2 = 1.1
				Tf^2 = 0.902344 Rf^2 = 0.0976562  Tb^2 = 0.902344 Rb^2 = 0.0976562 Tf+Rf = 1 Tb+Rb = 1 
			Rf = 0.3125 	Tf = 0.949918 	Rb = -0.3125 	Tb = 0.949918 

		 Output: l2:fixed:700
			l2:fixed:700 			Carrier Lambda: 700 nm --- E vars
				Mode 0
					(fwd: 42,44):  Pow: 9.9999999999e-01 Phi: 5.2155324419e-15  Mag: 1.0000000000e+00 E_f =  1.0000000000e+00 + 5.2155324419e-15i
					(rev: 43,45):  Pow: 0.0000000000e+00 Phi: 0.0000000000e+00  Mag: 0.0000000000e+00 E_f =  0.0000000000e+00 + 0.0000000000e+00i
								Total Power Fwd: 1 Rev: 0

			Extra
				Mode 0
					(fwd: 56,57):  Pow: 9.9999999999e-01 Phi: 5.2155324419e-15  Mag: 1.0000000000e+00 E_f =  1.0000000000e+00 + 5.2155324419e-15i
								Total Power Fwd: 1 Rev: 0

IndSource:                       v1 (V source)
			V: 1.0000000000e+00 I: 0.0000000000e+00 

IndSource:                       v2 (V source)
			V: 0.0000000000e+00 I: 0.0000000000e+00 

Cw_Source: cw1 
	 Channel : 0 -- n1: 18 n2: 20 -- Fixed Lambda
		 Freqshift: 0
			l1:fixed:700 			Carrier Lambda: 700 nm --- E vars
				Mode 0
					(fwd: 14,16):  Pow: 1.0000000000e+00 Phi: 0.0000000000e+00  Mag: 1.0000000000e+00 E_f =  1.0000000000e+00 + 0.0000000000e+00i
					(rev: 15,17):  Pow: 1.9190776522e-24 Phi: 3.1394489419e+00  Mag: 1.3853077825e-12 E_f =  -1.3853045994e-12 + 2.9696981875e-15i
								Total Power Fwd: 1 Rev: 1.91908e-24

Mirror: mir1
	Channel:0
			l2:fixed:700 			Carrier Lambda: 700 nm --- E vars
				Mode 0
					(fwd: 42,44):  Pow: 9.9999999999e-01 Phi: 5.2155324419e-15  Mag: 1.0000000000e+00 E_f =  1.0000000000e+00 + 5.2155324419e-15i
					(rev: 43,45):  Pow: 0.0000000000e+00 Phi: 0.0000000000e+00  Mag: 0.0000000000e+00 E_f =  0.0000000000e+00 + 0.0000000000e+00i
								Total Power Fwd: 1 Rev: 0



***** Node Operating Point Values 
	wg1                           	Port: 1 
	                              	mode: l1:fixed:700 
	                              		dir: FWD
	                              			TE Fields: 1.0000000000e+00 0.0000000000e+00 

	wg1                           	Port: 2 
	                              	mode: l2:fixed:700 
	                              		dir: FWD
	                              			TE Fields: 1.0000000000e+00 5.2155324419e-15 

	v1                            	Port:     1	V = 1.0000000000e+00
	v1                            	Port:     1	I = 0.0000000000e+00
	v1                            	Port:     2	I = -0.0000000000e+00
	v2                            	Port:     1	V = 0.0000000000e+00
	v2                            	Port:     1	I = 0.0000000000e+00
	v2                            	Port:     2	I = -0.0000000000e+00
	cw1                           	Port:     1	V = 1.0000000000e+00
	cw1                           	Port:     1	I = -0.0000000000e+00
	cw1                           	Port:     2	V = 0.0000000000e+00
	cw1                           	Port:     2	I = -0.0000000000e+00
	cw1                           	Port: 3 
	                              	mode: l1:fixed:700 
	                              		dir: FWD
	                              			TE Fields: 1.0000000000e+00 0.0000000000e+00 
	                              			TM Fields: 0.0000000000e+00 0.0000000000e+00 
	                              		dir: REV
	                              			TE Fields: -1.3853045994e-12 2.9696981875e-15 
	                              			TM Fields: 0.0000000000e+00 0.0000000000e+00 

	wg1                           	Port: 1 
	                              	mode: l1:fixed:700 
	                              		dir: FWD
	                              			TE Fields: 1.0000000000e+00 0.0000000000e+00 
	                              			TM Fields: 0.0000000000e+00 0.0000000000e+00 
	                              		dir: REV
	                              			TE Fields: -1.3853045994e-12 2.9696981875e-15 
	                              			TM Fields: 0.0000000000e+00 0.0000000000e+00 

	wg1                           	Port: 2 
	                              	mode: l2:fixed:700 
	                              		dir: FWD
	                              			TE Fields: 1.0000000000e+00 5.2155324419e-15 
	                              			TM Fields: 0.0000000000e+00 0.0000000000e+00 
	                              		dir: REV
	                              			TE Fields: 0.0000000000e+00 0.0000000000e+00 
	                              			TM Fields: 0.0000000000e+00 0.0000000000e+00 

	wg1:exp                       	Port: 1 
	                              	mode: l1:fixed:700 
	                              		dir: FWD
	                              			TE Fields: 1.0000000000e+00 0.0000000000e+00 
	                              			TM Fields: 0.0000000000e+00 0.0000000000e+00 
	                              		dir: REV
	                              			TE Fields: -1.3853045994e-12 2.9696981875e-15 
	                              			TM Fields: 0.0000000000e+00 0.0000000000e+00 

	wg1:exp                       	Port: 2 
	                              	mode: l2:fixed:700 
	                              		dir: FWD
	                              			TE Fields: 1.0000000000e+00 5.2155324419e-15 
	                              			TM Fields: 0.0000000000e+00 0.0000000000e+00 
	                              		dir: REV
	                              			TE Fields: 0.0000000000e+00 0.0000000000e+00 
	                              			TM Fields: 0.0000000000e+00 0.0000000000e+00 

	mir1                          	Port: 1 
	                              	mode: l2:fixed:700 
	                              		dir: FWD
	                              			TE Fields: 1.0000000000e+00 5.2155324419e-15 
	                              			TM Fields: 0.0000000000e+00 0.0000000000e+00 
	                              		dir: REV
	                              			TE Fields: 0.0000000000e+00 0.0000000000e+00 
	                              			TM Fields: 0.0000000000e+00 0.0000000000e+00 


***** 
		DC iterations =  2 (extra -1). Cond 0.122425
			Total num iter: 5
		Final pass (forced MPtotMP):
Before:

***** Element Operating point info:

MultiLayerFilterExp: wg1:exp 
	(Explicit Filtering -- T = 300.15 -- E to E)
	Channel: 0
		 Input: l1:fixed:700
			l1:fixed:700 			Carrier Lambda: 700 nm --- E vars
				Mode 0
					(fwd: 14,16):  Pow: 1.0000000000e+00 Phi: 0.0000000000e+00  Mag: 1.0000000000e+00 E_f =  1.0000000000e+00 + 0.0000000000e+00i
					(rev: 15,17):  Pow: 1.9191654558e-24 Phi: 3.1394489910e+00  Mag: 1.3853394731e-12 E_f =  -1.3853362901e-12 + 2.9696981875e-15i
								Total Power Fwd: 1 Rev: 1.91917e-24

			Extra
					(rev: 46,47):  Pow: 1.9191654558e-24 Phi: 3.1394489910e+00  Mag: 1.3853394731e-12 E_f =  -1.3853362901e-12 + 2.9696981875e-15i
								Total Power Fwd: 0 Rev: 1.91917e-24

		Interface (0): wg1:exp:c(0):I1(0) T= 300.15 NonLinear
			N1 = 1.1 N2 = 2.1 (2.1)T = 300.15
				Tf^2 = 0.902344 Rf^2 = 0.0976562  Tb^2 = 0.902344 Rb^2 = 0.0976562 Tf+Rf = 1 Tb+Rb = 1 
			Rf = -0.3125 	Tf = 0.949918 	Rb = 0.3125 	Tb = 0.949918 

		 Layer (1) Phi= -18.8496 (-6.28319)  Atten = 1 N = 2.1 V1 = 0 V2 = 0 T = 300.15
			Inter1: wg1:exp:inter1(0):fixed:700 (Es)
			wg1:exp:inter1(0):fixed:700 			Carrier Lambda: 700 nm --- E vars
				Mode 0
					(fwd: 26,28):  Pow: 1.1082251082e+00 Phi: 9.2803068361e-16  Mag: 1.0527227119e+00 E_f =  1.0527227119e+00 + 9.7695897801e-16i
					(rev: 27,29):  Pow: 1.0822510822e-01 Phi: 9.5030342002e-15  Mag: 3.2897584748e-01 E_f =  3.2897584748e-01 + 3.1262687296e-15i
								Total Power Fwd: 1.10823 Rev: 0.108225

			Inter2: wg1:exp:inter2(0):fixed:700 (Es)
			wg1:exp:inter2(0):fixed:700 			Carrier Lambda: 700 nm --- E vars
				Mode 0
					(fwd: 30,32):  Pow: 1.1082251082e+00 Phi: 5.2155324419e-15  Mag: 1.0527227119e+00 E_f =  1.0527227119e+00 + 5.4905094564e-15i
					(rev: 31,33):  Pow: 1.0822510822e-01 Phi: 5.2155324419e-15  Mag: 3.2897584748e-01 E_f =  3.2897584748e-01 + 1.7157842051e-15i
								Total Power Fwd: 1.10823 Rev: 0.108225

			Inter3: wg1:exp:inter3(0):fixed:700 (Es) dt = 7.00485e-15
			wg1:exp:inter3(0):fixed:700 			Carrier Lambda: 700 nm --- E vars
				Mode 0
					(fwd: 34,36):  Pow: 1.1082251082e+00 Phi: 5.2155324419e-15  Mag: 1.0527227119e+00 E_f =  1.0527227119e+00 + 5.4905094564e-15i
					(rev: 35,37):  Pow: 1.0822510822e-01 Phi: 5.2155324419e-15  Mag: 3.2897584748e-01 E_f =  3.2897584748e-01 + 1.7157842051e-15i
								Total Power Fwd: 1.10823 Rev: 0.108225

			ExtraNodes (Es)
			Delay queues (Es):
				Mode 0
					(fwd: 38,39):  Pow: 1.1082251082e+00 Phi: 5.2155324419e-15  Mag: 1.0527227119e+00 E_f =  1.0527227119e+00 + 5.4905094564e-15i
					(rev: 40,41):  Pow: 1.0822510822e-01 Phi: 9.5030342002e-15  Mag: 3.2897584748e-01 E_f =  3.2897584748e-01 + 3.1262687296e-15i
								Total Power Fwd: 1.10823 Rev: 0.108225

			Extra Inter1
				Mode 0
					(fwd: 48,49):  Pow: 1.1082251082e+00 Phi: 9.2803068361e-16  Mag: 1.0527227119e+00 E_f =  1.0527227119e+00 + 9.7695897801e-16i
								Total Power Fwd: 1.10823 Rev: 0

		Interface (1): wg1:exp:c(0):I1(1) T = 300.15 NonLinear
			N1 = 2.1 (2.1) N2 = 1.1
				Tf^2 = 0.902344 Rf^2 = 0.0976562  Tb^2 = 0.902344 Rb^2 = 0.0976562 Tf+Rf = 1 Tb+Rb = 1 
			Rf = 0.3125 	Tf = 0.949918 	Rb = -0.3125 	Tb = 0.949918 

		 Output: l2:fixed:700
			l2:fixed:700 			Carrier Lambda: 700 nm --- E vars
				Mode 0
					(fwd: 42,44):  Pow: 9.9999999999e-01 Phi: 5.2155324419e-15  Mag: 1.0000000000e+00 E_f =  1.0000000000e+00 + 5.2155324419e-15i
					(rev: 43,45):  Pow: 0.0000000000e+00 Phi: 0.0000000000e+00  Mag: 0.0000000000e+00 E_f =  0.0000000000e+00 + 0.0000000000e+00i
								Total Power Fwd: 1 Rev: 0

			Extra
				Mode 0
					(fwd: 56,57):  Pow: 9.9999999999e-01 Phi: 5.2155324419e-15  Mag: 1.0000000000e+00 E_f =  1.0000000000e+00 + 5.2155324419e-15i
								Total Power Fwd: 1 Rev: 0

IndSource:                       v1 (V source)
			V: 1.0000000000e+00 I: 0.0000000000e+00 

IndSource:                       v2 (V source)
			V: 0.0000000000e+00 I: 0.0000000000e+00 

Cw_Source: cw1 
	 Channel : 0 -- n1: 18 n2: 20 -- Fixed Lambda
		 Freqshift: 0
			l1:fixed:700 			Carrier Lambda: 700 nm --- E vars
				Mode 0
					(fwd: 14,16):  Pow: 1.0000000000e+00 Phi: 0.0000000000e+00  Mag: 1.0000000000e+00 E_f =  1.0000000000e+00 + 0.0000000000e+00i
					(rev: 15,17):  Pow: 1.9191654558e-24 Phi: 3.1394489910e+00  Mag: 1.3853394731e-12 E_f =  -1.3853362901e-12 + 2.9696981875e-15i
								Total Power Fwd: 1 Rev: 1.91917e-24

Mirror: mir1
	Channel:0
			l2:fixed:700 			Carrier Lambda: 700 nm --- E vars
				Mode 0
					(fwd: 42,44):  Pow: 9.9999999999e-01 Phi: 5.2155324419e-15  Mag: 1.0000000000e+00 E_f =  1.0000000000e+00 + 5.2155324419e-15i
					(rev: 43,45):  Pow: 0.0000000000e+00 Phi: 0.0000000000e+00  Mag: 0.0000000000e+00 E_f =  0.0000000000e+00 + 0.0000000000e+00i
								Total Power Fwd: 1 Rev: 0



***** Node Operating Point Values 
	wg1                           	Port: 1 
	                              	mode: l1:fixed:700 
	                              		dir: FWD
	                              			TE Fields: 1.0000000000e+00 0.0000000000e+00 

	wg1                           	Port: 2 
	                              	mode: l2:fixed:700 
	                              		dir: FWD
	                              			TE Fields: 1.0000000000e+00 5.2155324419e-15 

	v1                            	Port:     1	V = 1.0000000000e+00
	v1                            	Port:     1	I = 0.0000000000e+00
	v1                            	Port:     2	I = -0.0000000000e+00
	v2                            	Port:     1	V = 0.0000000000e+00
	v2                            	Port:     1	I = 0.0000000000e+00
	v2                            	Port:     2	I = -0.0000000000e+00
	cw1                           	Port:     1	V = 1.0000000000e+00
	cw1                           	Port:     1	I = -0.0000000000e+00
	cw1                           	Port:     2	V = 0.0000000000e+00
	cw1                           	Port:     2	I = -0.0000000000e+00
	cw1                           	Port: 3 
	                              	mode: l1:fixed:700 
	                              		dir: FWD
	                              			TE Fields: 1.0000000000e+00 0.0000000000e+00 
	                              			TM Fields: 0.0000000000e+00 0.0000000000e+00 
	                              		dir: REV
	                              			TE Fields: -1.3853362901e-12 2.9696981875e-15 
	                              			TM Fields: 0.0000000000e+00 0.0000000000e+00 

	wg1                           	Port: 1 
	                              	mode: l1:fixed:700 
	                              		dir: FWD
	                              			TE Fields: 1.0000000000e+00 0.0000000000e+00 
	                              			TM Fields: 0.0000000000e+00 0.0000000000e+00 
	                              		dir: REV
	                              			TE Fields: -1.3853362901e-12 2.9696981875e-15 
	                              			TM Fields: 0.0000000000e+00 0.0000000000e+00 

	wg1                           	Port: 2 
	                              	mode: l2:fixed:700 
	                              		dir: FWD
	                              			TE Fields: 1.0000000000e+00 5.2155324419e-15 
	                              			TM Fields: 0.0000000000e+00 0.0000000000e+00 
	                              		dir: REV
	                              			TE Fields: 0.0000000000e+00 0.0000000000e+00 
	                              			TM Fields: 0.0000000000e+00 0.0000000000e+00 

	wg1:exp                       	Port: 1 
	                              	mode: l1:fixed:700 
	                              		dir: FWD
	                              			TE Fields: 1.0000000000e+00 0.0000000000e+00 
	                              			TM Fields: 0.0000000000e+00 0.0000000000e+00 
	                              		dir: REV
	                              			TE Fields: -1.3853362901e-12 2.9696981875e-15 
	                              			TM Fields: 0.0000000000e+00 0.0000000000e+00 

	wg1:exp                       	Port: 2 
	                              	mode: l2:fixed:700 
	                              		dir: FWD
	                              			TE Fields: 1.0000000000e+00 5.2155324419e-15 
	                              			TM Fields: 0.0000000000e+00 0.0000000000e+00 
	                              		dir: REV
	                              			TE Fields: 0.0000000000e+00 0.0000000000e+00 
	                              			TM Fields: 0.0000000000e+00 0.0000000000e+00 

	mir1                          	Port: 1 
	                              	mode: l2:fixed:700 
	                              		dir: FWD
	                              			TE Fields: 1.0000000000e+00 5.2155324419e-15 
	                              			TM Fields: 0.0000000000e+00 0.0000000000e+00 
	                              		dir: REV
	                              			TE Fields: 0.0000000000e+00 0.0000000000e+00 
	                              			TM Fields: 0.0000000000e+00 0.0000000000e+00 


***** 
After:

***** Element Operating point info:

MultiLayerFilterExp: wg1:exp 
	(Explicit Filtering -- T = 300.15 -- E to E)
	Channel: 0
		 Input: l1:fixed:700
			l1:fixed:700  Carrier Lambda: 700 nm  -- MP vars
				Mode 0
					(fwd: 14,16):  Pow: 1.0000000000e+00 Phi: 0.0000000000e+00  Mag: 1.0000000000e+00 E_f =  1.0000000000e+00 + 0.0000000000e+00i
					(rev: 15,17):  Pow: 1.9191654558e-24 Phi: 3.1394489910e+00  Mag: 1.3853394731e-12 E_f =  -1.3853362901e-12 + 2.9696981875e-15i
								Total Power Fwd: 1 Rev: 1.91917e-24

			Extra
					(rev: 46,47):  Pow: 1.9191654558e-24 Phi: 3.1394489910e+00  Mag: 1.3853394731e-12 E_f =  -1.3853362901e-12 + 2.9696981875e-15i
								Total Power Fwd: 0 Rev: 1.91917e-24

		Interface (0): wg1:exp:c(0):I1(0) T= 300.15 NonLinear
			N1 = 1.1 N2 = 2.1 (2.1)T = 300.15
				Tf^2 = 0.902344 Rf^2 = 0.0976562  Tb^2 = 0.902344 Rb^2 = 0.0976562 Tf+Rf = 1 Tb+Rb = 1 
			Rf = -0.3125 	Tf = 0.949918 	Rb = 0.3125 	Tb = 0.949918 

		 Layer (1) Phi= -18.8496 (-6.28319)  Atten = 1 N = 2.1 V1 = 0 V2 = 0 T = 300.15
			Inter1: wg1:exp:inter1(0):fixed:700 (MP)
			wg1:exp:inter1(0):fixed:700  Carrier Lambda: 700 nm  -- MP vars
				Mode 0
					(fwd: 26,28):  Pow: 1.1082251082e+00 Phi: 0.0000000000e+00  Mag: 1.0527227119e+00 E_f =  1.0527227119e+00 + 0.0000000000e+00i
					(rev: 27,29):  Pow: 1.0822510822e-01 Phi: -1.8849555922e+01  Mag: 3.2897584748e-01 E_f =  3.2897584748e-01 + 2.5792415178e-15i
								Total Power Fwd: 1.10823 Rev: 0.108225

			Inter2: wg1:exp:inter2(0):fixed:700 (MP)
			wg1:exp:inter2(0):fixed:700  Carrier Lambda: 700 nm  -- MP vars
				Mode 0
					(fwd: 30,32):  Pow: 1.1082251082e+00 Phi: -1.8849555922e+01  Mag: 1.0527227119e+00 E_f =  1.0527227119e+00 + 4.5135504784e-15i
					(rev: 31,33):  Pow: 1.0822510822e-01 Phi: 5.2155324419e-15  Mag: 3.2897584748e-01 E_f =  3.2897584748e-01 + 1.7157842051e-15i
								Total Power Fwd: 1.10823 Rev: 0.108225

			Inter3: wg1:exp:inter3(0):fixed:700 (MP) dt = 7.00485e-15
			wg1:exp:inter3(0):fixed:700  Carrier Lambda: 700 nm  -- MP vars
				Mode 0
					(fwd: 34,36):  Pow: 1.1082251082e+00 Phi: -1.8849555922e+01  Mag: 1.0527227119e+00 E_f =  1.0527227119e+00 + 4.5135504784e-15i
					(rev: 35,37):  Pow: 1.0822510822e-01 Phi: 5.2155324419e-15  Mag: 3.2897584748e-01 E_f =  3.2897584748e-01 + 1.7157842051e-15i
								Total Power Fwd: 1.10823 Rev: 0.108225

			ExtraNodes (MP)
			Delay queues (MP):
				Mode 0
					(fwd: 38,39):  Pow: 1.1082251082e+00 Phi: -1.8849555922e+01  Mag: 1.0527227119e+00 E_f =  1.0527227119e+00 + 4.5135504784e-15i
					(rev: 40,41):  Pow: 1.0822510822e-01 Phi: -1.8849555922e+01  Mag: 3.2897584748e-01 E_f =  3.2897584748e-01 + 2.5792415178e-15i
								Total Power Fwd: 1.10823 Rev: 0.108225

			Extra Inter1
				Mode 0
					(fwd: 48,49):  Pow: 1.1082251082e+00 Phi: 0.0000000000e+00  Mag: 1.0527227119e+00 E_f =  1.0527227119e+00 + 0.0000000000e+00i
								Total Power Fwd: 1.10823 Rev: 0

		Interface (1): wg1:exp:c(0):I1(1) T = 300.15 NonLinear
			N1 = 2.1 (2.1) N2 = 1.1
				Tf^2 = 0.902344 Rf^2 = 0.0976562  Tb^2 = 0.902344 Rb^2 = 0.0976562 Tf+Rf = 1 Tb+Rb = 1 
			Rf = 0.3125 	Tf = 0.949918 	Rb = -0.3125 	Tb = 0.949918 

		 Output: l2:fixed:700
			l2:fixed:700  Carrier Lambda: 700 nm  -- MP vars
				Mode 0
					(fwd: 42,44):  Pow: 9.9999999999e-01 Phi: 5.2155324419e-15  Mag: 1.0000000000e+00 E_f =  1.0000000000e+00 + 5.2155324419e-15i
					(rev: 43,45):  Pow: 0.0000000000e+00 Phi: 0.0000000000e+00  Mag: 0.0000000000e+00 E_f =  0.0000000000e+00 + 0.0000000000e+00i
								Total Power Fwd: 1 Rev: 0

			Extra
				Mode 0
					(fwd: 56,57):  Pow: 9.9999999999e-01 Phi: 5.2155324419e-15  Mag: 1.0000000000e+00 E_f =  1.0000000000e+00 + 5.2155324419e-15i
								Total Power Fwd: 1 Rev: 0

IndSource:                       v1 (V source)
			V: 1.0000000000e+00 I: 0.0000000000e+00 

IndSource:                       v2 (V source)
			V: 0.0000000000e+00 I: 0.0000000000e+00 

Cw_Source: cw1 
	 Channel : 0 -- n1: 18 n2: 20 -- Fixed Lambda
		 Freqshift: 0
			l1:fixed:700  Carrier Lambda: 700 nm  -- MP vars
				Mode 0
					(fwd: 14,16):  Pow: 1.0000000000e+00 Phi: 0.0000000000e+00  Mag: 1.0000000000e+00 E_f =  1.0000000000e+00 + 0.0000000000e+00i
					(rev: 15,17):  Pow: 1.9191654558e-24 Phi: 3.1394489910e+00  Mag: 1.3853394731e-12 E_f =  -1.3853362901e-12 + 2.9696981875e-15i
								Total Power Fwd: 1 Rev: 1.91917e-24

Mirror: mir1
	Channel:0
			l2:fixed:700  Carrier Lambda: 700 nm  -- MP vars
				Mode 0
					(fwd: 42,44):  Pow: 9.9999999999e-01 Phi: 5.2155324419e-15  Mag: 1.0000000000e+00 E_f =  1.0000000000e+00 + 5.2155324419e-15i
					(rev: 43,45):  Pow: 0.0000000000e+00 Phi: 0.0000000000e+00  Mag: 0.0000000000e+00 E_f =  0.0000000000e+00 + 0.0000000000e+00i
								Total Power Fwd: 1 Rev: 0



***** Node Operating Point Values 
	wg1                           	Port: 1 
	                              	mode: l1:fixed:700 
	                              		dir: FWD
	                              			TE Fields: 1.0000000000e+00 0.0000000000e+00 

	wg1                           	Port: 2 
	                              	mode: l2:fixed:700 
	                              		dir: FWD
	                              			TE Fields: 1.0000000000e+00 5.2155324419e-15 

	v1                            	Port:     1	V = 1.0000000000e+00
	v1                            	Port:     1	I = 0.0000000000e+00
	v1                            	Port:     2	I = -0.0000000000e+00
	v2                            	Port:     1	V = 0.0000000000e+00
	v2                            	Port:     1	I = 0.0000000000e+00
	v2                            	Port:     2	I = -0.0000000000e+00
	cw1                           	Port:     1	V = 1.0000000000e+00
	cw1                           	Port:     1	I = -0.0000000000e+00
	cw1                           	Port:     2	V = 0.0000000000e+00
	cw1                           	Port:     2	I = -0.0000000000e+00
	cw1                           	Port: 3 
	                              	mode: l1:fixed:700 
	                              		dir: FWD
	                              			TE Fields: 1.0000000000e+00 0.0000000000e+00 
	                              			TM Fields: 0.0000000000e+00 0.0000000000e+00 
	                              		dir: REV
	                              			TE Fields: -1.3853362901e-12 2.9696981875e-15 
	                              			TM Fields: 0.0000000000e+00 0.0000000000e+00 

	wg1                           	Port: 1 
	                              	mode: l1:fixed:700 
	                              		dir: FWD
	                              			TE Fields: 1.0000000000e+00 0.0000000000e+00 
	                              			TM Fields: 0.0000000000e+00 0.0000000000e+00 
	                              		dir: REV
	                              			TE Fields: -1.3853362901e-12 2.9696981875e-15 
	                              			TM Fields: 0.0000000000e+00 0.0000000000e+00 

	wg1                           	Port: 2 
	                              	mode: l2:fixed:700 
	                              		dir: FWD
	                              			TE Fields: 1.0000000000e+00 5.2155324419e-15 
	                              			TM Fields: 0.0000000000e+00 0.0000000000e+00 
	                              		dir: REV
	                              			TE Fields: 0.0000000000e+00 0.0000000000e+00 
	                              			TM Fields: 0.0000000000e+00 0.0000000000e+00 

	wg1:exp                       	Port: 1 
	                              	mode: l1:fixed:700 
	                              		dir: FWD
	                              			TE Fields: 1.0000000000e+00 0.0000000000e+00 
	                              			TM Fields: 0.0000000000e+00 0.0000000000e+00 
	                              		dir: REV
	                              			TE Fields: -1.3853362901e-12 2.9696981875e-15 
	                              			TM Fields: 0.0000000000e+00 0.0000000000e+00 

	wg1:exp                       	Port: 2 
	                              	mode: l2:fixed:700 
	                              		dir: FWD
	                              			TE Fields: 1.0000000000e+00 5.2155324419e-15 
	                              			TM Fields: 0.0000000000e+00 0.0000000000e+00 
	                              		dir: REV
	                              			TE Fields: 0.0000000000e+00 0.0000000000e+00 
	                              			TM Fields: 0.0000000000e+00 0.0000000000e+00 

	mir1                          	Port: 1 
	                              	mode: l2:fixed:700 
	                              		dir: FWD
	                              			TE Fields: 1.0000000000e+00 5.2155324419e-15 
	                              			TM Fields: 0.0000000000e+00 0.0000000000e+00 
	                              		dir: REV
	                              			TE Fields: 0.0000000000e+00 0.0000000000e+00 
	                              			TM Fields: 0.0000000000e+00 0.0000000000e+00 


***** 


Convergence failed at node: 17 15 (3.1394489909572374e+00 : -1.0981243812528920e+01 : 3.1394489909572374e-06 : 1.0000000000000000e-03 : 1.3853394731426212e-12 )



Convergence failed at node: 17 15 (-7.8417948215716820e+00 : 9.5170640049336548e+00 : 7.8417948215716809e-06 : 1.0000000000000000e-03 : 1.4122714739415029e-12 )



Convergence failed at node: 17 15 (1.6752691833619728e+00 : 1.2054613779897015e-03 : 1.6752691833619727e-06 : 1.0000000000000000e-03 : 1.3131904106299688e-11 )

		DC iterations =  6 (extra 1). Cond 7.98705e-12
			Total num iter: 11
X: 7.000000000000000e+02 1.000000000000000e+00 1.000000000000000e+00 0.000000000000000e+00 -0.000000000000000e+00 -0.000000000000000e+00 0.000000000000000e+00 0.000000000000000e+00 0.000000000000000e+00 0.000000000000000e+00 -0.000000000000000e+00 -0.000000000000000e+00 0.000000000000000e+00 1.000000000000000e+00 1.313302707761577e-11 0.000000000000000e+00 1.676477854264530e+00 1.000000000000000e+00 -0.000000000000000e+00 -0.000000000000000e+00 -0.000000000000000e+00 1.000000000000000e+00 0.000000000000000e+00 0.000000000000000e+00 0.000000000000000e+00 1.052722711934122e+00 3.289758474784261e-01 4.081173951062192e-12 -1.884955592149697e+01 1.052722711933069e+00 3.289758474787551e-01 -1.884955592151582e+01 2.293702571299169e-11 1.052722711933069e+00 3.289758474787551e-01 -1.884955592151582e+01 2.293702571299169e-11 1.052722711933069e+00 -1.884955592151582e+01 3.289758474784261e-01 -1.884955592149697e+01 9.999999999965671e-01 0.000000000000000e+00 2.293702571299169e-11 0.000000000000000e+00 1.313302707761577e-11 1.676477854264530e+00 1.052722711934122e+00 4.081173951062192e-12 0.000000000000000e+00 0.000000000000000e+00 0.000000000000000e+00 0.000000000000000e+00 3.289758474787551e-01 2.293702571299169e-11 9.999999999965671e-01 2.293702571299169e-11 0.000000000000000e+00 0.000000000000000e+00 0.000000000000000e+00 0.000000000000000e+00 0.000000000000000e+00 0.000000000000000e+00 0.000000000000000e+00 0.000000000000000e+00 

Operating point
700 1 1 0 -0 -0 0 0 0 0 -0 -0 0 1 1.3133e-11 0 1.67648 1 -0 -0 -0 1 0 0 0 1.05272 0.328976 4.08117e-12 -18.8496 1.05272 0.328976 -18.8496 2.2937e-11 1.05272 0.328976 -18.8496 2.2937e-11 1.05272 -18.8496 0.328976 -18.8496 1 0 2.2937e-11 0 1.3133e-11 1.67648 1.05272 4.08117e-12 0 0 0 0 0.328976 2.2937e-11 1 2.2937e-11 0 0 0 0 0 0 0 0 

Transient

***** Element Operating point info:

MultiLayerFilterExp: wg1:exp 
	(Explicit Filtering -- T = 300.15 -- E to E)
	Channel: 0
		 Input: l1:fixed:700
			l1:fixed:700  Carrier Lambda: 700 nm  -- MP vars
				Mode 0
					(fwd: 14,16):  Pow: 1.0000000000e+00 Phi: 0.0000000000e+00  Mag: 1.0000000000e+00 E_f =  1.0000000000e+00 + 0.0000000000e+00i
					(rev: 15,17):  Pow: 1.7247640022e-22 Phi: 1.6764778543e+00  Mag: 1.3133027078e-11 E_f =  -1.3853362901e-12 + 1.3059756643e-11i
								Total Power Fwd: 1 Rev: 1.72476e-22

			Extra
					(rev: 46,47):  Pow: 1.7247640022e-22 Phi: 1.6764778543e+00  Mag: 1.3133027078e-11 E_f =  -1.3853362901e-12 + 1.3059756643e-11i
								Total Power Fwd: 0 Rev: 1.72476e-22

		Interface (0): wg1:exp:c(0):I1(0) T= 300.15 NonLinear
			N1 = 1.1 N2 = 2.1 (2.1)T = 300.15
				Tf^2 = 0.902344 Rf^2 = 0.0976562  Tb^2 = 0.902344 Rb^2 = 0.0976562 Tf+Rf = 1 Tb+Rb = 1 
			Rf = -0.3125 	Tf = 0.949918 	Rb = 0.3125 	Tb = 0.949918 

		 Layer (1) Phi= -18.8496 (-6.28319)  Atten = 1 N = 2.1 V1 = 0 V2 = 0 T = 300.15
			Inter1: wg1:exp:inter1(0):fixed:700 (MP)
			wg1:exp:inter1(0):fixed:700  Carrier Lambda: 700 nm  -- MP vars
				Mode 0
					(fwd: 26,28):  Pow: 1.1082251082e+00 Phi: 4.0811739511e-12  Mag: 1.0527227119e+00 E_f =  1.0527227119e+00 + 4.2963445096e-12i
					(rev: 27,29):  Pow: 1.0822510822e-01 Phi: -1.8849555921e+01  Mag: 3.2897584748e-01 E_f =  3.2897584748e-01 + 1.3748330240e-11i
								Total Power Fwd: 1.10823 Rev: 0.108225

			Inter2: wg1:exp:inter2(0):fixed:700 (MP)
			wg1:exp:inter2(0):fixed:700  Carrier Lambda: 700 nm  -- MP vars
				Mode 0
					(fwd: 30,32):  Pow: 1.1082251082e+00 Phi: -1.8849555922e+01  Mag: 1.0527227119e+00 E_f =  1.0527227119e+00 + 2.4146358005e-11i
					(rev: 31,33):  Pow: 1.0822510822e-01 Phi: 2.2937025713e-11  Mag: 3.2897584748e-01 E_f =  3.2897584748e-01 + 7.5457274726e-12i
								Total Power Fwd: 1.10823 Rev: 0.108225

			Inter3: wg1:exp:inter3(0):fixed:700 (MP) dt = 7.00485e-15
			wg1:exp:inter3(0):fixed:700  Carrier Lambda: 700 nm  -- MP vars
				Mode 0
					(fwd: 34,36):  Pow: 1.1082251082e+00 Phi: -1.8849555922e+01  Mag: 1.0527227119e+00 E_f =  1.0527227119e+00 + 2.4146358005e-11i
					(rev: 35,37):  Pow: 1.0822510822e-01 Phi: 2.2937025713e-11  Mag: 3.2897584748e-01 E_f =  3.2897584748e-01 + 7.5457274726e-12i
								Total Power Fwd: 1.10823 Rev: 0.108225

			ExtraNodes (MP)
			Delay queues (MP):
				Mode 0
					(fwd: 38,39):  Pow: 1.1082251082e+00 Phi: -1.8849555922e+01  Mag: 1.0527227119e+00 E_f =  1.0527227119e+00 + 2.4146358005e-11i
					(rev: 40,41):  Pow: 1.0822510822e-01 Phi: -1.8849555921e+01  Mag: 3.2897584748e-01 E_f =  3.2897584748e-01 + 1.3748330240e-11i
								Total Power Fwd: 1.10823 Rev: 0.108225

			Extra Inter1
				Mode 0
					(fwd: 48,49):  Pow: 1.1082251082e+00 Phi: 4.0811739511e-12  Mag: 1.0527227119e+00 E_f =  1.0527227119e+00 + 4.2963445096e-12i
								Total Power Fwd: 1.10823 Rev: 0

		Interface (1): wg1:exp:c(0):I1(1) T = 300.15 NonLinear
			N1 = 2.1 (2.1) N2 = 1.1
				Tf^2 = 0.902344 Rf^2 = 0.0976562  Tb^2 = 0.902344 Rb^2 = 0.0976562 Tf+Rf = 1 Tb+Rb = 1 
			Rf = 0.3125 	Tf = 0.949918 	Rb = -0.3125 	Tb = 0.949918 

		 Output: l2:fixed:700
			l2:fixed:700  Carrier Lambda: 700 nm  -- MP vars
				Mode 0
					(fwd: 42,44):  Pow: 9.9999999999e-01 Phi: 2.2937025713e-11  Mag: 1.0000000000e+00 E_f =  1.0000000000e+00 + 2.2937025713e-11i
					(rev: 43,45):  Pow: 0.0000000000e+00 Phi: 0.0000000000e+00  Mag: 0.0000000000e+00 E_f =  0.0000000000e+00 + 0.0000000000e+00i
								Total Power Fwd: 1 Rev: 0

			Extra
				Mode 0
					(fwd: 56,57):  Pow: 9.9999999999e-01 Phi: 2.2937025713e-11  Mag: 1.0000000000e+00 E_f =  1.0000000000e+00 + 2.2937025713e-11i
								Total Power Fwd: 1 Rev: 0

IndSource:                       v1 (V source)
			V: 1.0000000000e+00 I: 0.0000000000e+00 

IndSource:                       v2 (V source)
			V: 0.0000000000e+00 I: 0.0000000000e+00 

Cw_Source: cw1 
	 Channel : 0 -- n1: 18 n2: 20 -- Fixed Lambda
		 Freqshift: 0
			l1:fixed:700  Carrier Lambda: 700 nm  -- MP vars
				Mode 0
					(fwd: 14,16):  Pow: 1.0000000000e+00 Phi: 0.0000000000e+00  Mag: 1.0000000000e+00 E_f =  1.0000000000e+00 + 0.0000000000e+00i
					(rev: 15,17):  Pow: 1.7247640022e-22 Phi: 1.6764778543e+00  Mag: 1.3133027078e-11 E_f =  -1.3853362901e-12 + 1.3059756643e-11i
								Total Power Fwd: 1 Rev: 1.72476e-22

Mirror: mir1
	Channel:0
			l2:fixed:700  Carrier Lambda: 700 nm  -- MP vars
				Mode 0
					(fwd: 42,44):  Pow: 9.9999999999e-01 Phi: 2.2937025713e-11  Mag: 1.0000000000e+00 E_f =  1.0000000000e+00 + 2.2937025713e-11i
					(rev: 43,45):  Pow: 0.0000000000e+00 Phi: 0.0000000000e+00  Mag: 0.0000000000e+00 E_f =  0.0000000000e+00 + 0.0000000000e+00i
								Total Power Fwd: 1 Rev: 0



***** Node Operating Point Values 
	wg1                           	Port: 1 
	                              	mode: l1:fixed:700 
	                              		dir: FWD
	                              			TE Fields: 1.0000000000e+00 0.0000000000e+00 

	wg1                           	Port: 2 
	                              	mode: l2:fixed:700 
	                              		dir: FWD
	                              			TE Fields: 1.0000000000e+00 2.2937025713e-11 

	v1                            	Port:     1	V = 1.0000000000e+00
	v1                            	Port:     1	I = 0.0000000000e+00
	v1                            	Port:     2	I = -0.0000000000e+00
	v2                            	Port:     1	V = 0.0000000000e+00
	v2                            	Port:     1	I = 0.0000000000e+00
	v2                            	Port:     2	I = -0.0000000000e+00
	cw1                           	Port:     1	V = 1.0000000000e+00
	cw1                           	Port:     1	I = -0.0000000000e+00
	cw1                           	Port:     2	V = 0.0000000000e+00
	cw1                           	Port:     2	I = -0.0000000000e+00
	cw1                           	Port: 3 
	                              	mode: l1:fixed:700 
	                              		dir: FWD
	                              			TE Fields: 1.0000000000e+00 0.0000000000e+00 
	                              			TM Fields: 0.0000000000e+00 0.0000000000e+00 
	                              		dir: REV
	                              			TE Fields: -1.3853362901e-12 1.3059756643e-11 
	                              			TM Fields: 0.0000000000e+00 0.0000000000e+00 

	wg1                           	Port: 1 
	                              	mode: l1:fixed:700 
	                              		dir: FWD
	                              			TE Fields: 1.0000000000e+00 0.0000000000e+00 
	                              			TM Fields: 0.0000000000e+00 0.0000000000e+00 
	                              		dir: REV
	                              			TE Fields: -1.3853362901e-12 1.3059756643e-11 
	                              			TM Fields: 0.0000000000e+00 0.0000000000e+00 

	wg1                           	Port: 2 
	                              	mode: l2:fixed:700 
	                              		dir: FWD
	                              			TE Fields: 1.0000000000e+00 2.2937025713e-11 
	                              			TM Fields: 0.0000000000e+00 0.0000000000e+00 
	                              		dir: REV
	                              			TE Fields: 0.0000000000e+00 0.0000000000e+00 
	                              			TM Fields: 0.0000000000e+00 0.0000000000e+00 

	wg1:exp                       	Port: 1 
	                              	mode: l1:fixed:700 
	                              		dir: FWD
	                              			TE Fields: 1.0000000000e+00 0.0000000000e+00 
	                              			TM Fields: 0.0000000000e+00 0.0000000000e+00 
	                              		dir: REV
	                              			TE Fields: -1.3853362901e-12 1.3059756643e-11 
	                              			TM Fields: 0.0000000000e+00 0.0000000000e+00 

	wg1:exp                       	Port: 2 
	                              	mode: l2:fixed:700 
	                              		dir: FWD
	                              			TE Fields: 1.0000000000e+00 2.2937025713e-11 
	                              			TM Fields: 0.0000000000e+00 0.0000000000e+00 
	                              		dir: REV
	                              			TE Fields: 0.0000000000e+00 0.0000000000e+00 
	                              			TM Fields: 0.0000000000e+00 0.0000000000e+00 

	mir1                          	Port: 1 
	                              	mode: l2:fixed:700 
	                              		dir: FWD
	                              			TE Fields: 1.0000000000e+00 2.2937025713e-11 
	                              			TM Fields: 0.0000000000e+00 0.0000000000e+00 
	                              		dir: REV
	                              			TE Fields: 0.0000000000e+00 0.0000000000e+00 
	                              			TM Fields: 0.0000000000e+00 0.0000000000e+00 


***** 
Transient ... 

t: 1e-13 t(sc) 1e-05 iter: 1 repeat_nr_iter: 0 h: 1e-05 Status: MP BACKE PhiWrapSimple

new h (LTE): 0.00121314 : d3 56 2.00973e-07 : h 46 0.00121314 

	D3: x: 2.29371e-11 x1: 2.2937e-11 x2: 2.2937e-11 x3: 2.2937e-11
new h (Growth limit): 2e-05 

t = 1e-13 (0%)
t: 3e-13 t(sc) 3e-05 iter: 1 repeat_nr_iter: 0 h: 2e-05 Status: MP BACKE PhiWrapLinear

new h (LTE): 0.00133006 : d3 46 1334.64 : h 46 0.00133006 

	D3: x: 1.67648 x1: 1.67648 x2: 1.67648 x3: 1.67648
new h (Growth limit): 4e-05 

t: 7e-13 t(sc) 7e-05 iter: 1 repeat_nr_iter: 0 h: 4e-05 Status: MP BACKE PhiWrapLinear

new h (LTE): 0.00382011 : d3 56 1.82569e-08 : h 46 0.00382011 

	D3: x: 2.29371e-11 x1: 2.2937e-11 x2: 2.29371e-11 x3: 2.2937e-11
new h (Growth limit): 8e-05 

t: 1.5e-12 t(sc) 0.00015 iter: 1 repeat_nr_iter: 0 h: 8e-05 Status: MP BACKE PhiWrapLinear

new h (LTE): 0.0115738 : d3 46 17.626 : h 46 0.0115738 

	D3: x: 1.67648 x1: 1.67648 x2: 1.67648 x3: 1.67648
new h (Growth limit): 0.00016 

t: 3.1e-12 t(sc) 0.00031 iter: 1 repeat_nr_iter: 0 h: 0.00016 Status: MP BACKE PhiWrapLinear

new h (LTE): 0.0358004 : d3 56 2.39801e-10 : h 46 0.0358004 

	D3: x: 2.29371e-11 x1: 2.29371e-11 x2: 2.29371e-11 x3: 2.2937e-11
new h (Growth limit): 0.00032 
Switching integration method and stepping back one step at 1.5e-12 to Trap
t: 3.1e-12 t(sc) 0.00031 iter: 1 repeat_nr_iter: 0 h: 0.00016 Status: MP TRAP PhiWrapLinear

new h (LTE): 0.0012605 : d3 56 8.85846e-06 : h 46 0.0012605 

	D3: x: 2.29371e-11 x1: 2.29371e-11 x2: 2.29371e-11 x3: 2.2937e-11
new h (Growth limit): 0.00032 

t: 6.3e-12 t(sc) 0.00063 iter: 1 repeat_nr_iter: 0 h: 0.00032 Status: MP TRAP PhiWrapLinear

new h (LTE): 0.00303197 : d3 46 5083.46 : h 46 0.00303197 

	D3: x: 1.67648 x1: 1.67648 x2: 1.67648 x3: 1.67648
new h (Growth limit): 0.00064 

t: 1.27e-11 t(sc) 0.00127 iter: 1 repeat_nr_iter: 0 h: 0.00064 Status: MP TRAP PhiWrapLinear

new h (LTE): 0.00545386 : d3 56 1.086e-07 : h 46 0.00545386 

	D3: x: 2.29371e-11 x1: 2.29371e-11 x2: 2.29371e-11 x3: 2.29371e-11
new h (Growth limit): 0.00128 
Switching integration method and stepping back two steps at 1.5e-12 to BE
t: 3.1e-12 t(sc) 0.00031 iter: 1 repeat_nr_iter: 0 h: 0.00016 Status: MP BACKE PhiWrapLinear

new h (LTE): 0.0358004 : d3 56 2.39801e-10 : h 46 0.0358004 

	D3: x: 2.29371e-11 x1: 2.29371e-11 x2: 2.29371e-11 x3: 2.2937e-11
new h (Growth limit): 0.00032 

t: 6.3e-12 t(sc) 0.00063 iter: 1 repeat_nr_iter: 0 h: 0.00032 Status: MP BACKE PhiWrapLinear

new h (LTE): 0.10678 : d3 46 0.207077 : h 46 0.10678 

	D3: x: 1.67648 x1: 1.67648 x2: 1.67648 x3: 1.67648
new h (Growth limit): 0.00064 

t: 1.27e-11 t(sc) 0.00127 iter: 1 repeat_nr_iter: 0 h: 0.00064 Status: MP BACKE PhiWrapLinear

new h (LTE): 0.320219 : d3 56 2.90024e-12 : h 46 0.320219 

	D3: x: 2.29371e-11 x1: 2.29371e-11 x2: 2.29371e-11 x3: 2.29371e-11
new h (Growth limit): 0.00128 

t: 2.55e-11 t(sc) 0.00255 iter: 1 repeat_nr_iter: 0 h: 0.00128 Status: MP BACKE PhiWrapLinear

new h (LTE): 0.950829 : d3 46 0.00261158 : h 46 0.950829 

	D3: x: 1.67648 x1: 1.67648 x2: 1.67648 x3: 1.67648
new h (Growth limit): 0.00256 

t: 5.11e-11 t(sc) 0.00511 iter: 1 repeat_nr_iter: 0 h: 0.00256 Status: MP BACKE PhiWrapLinear

new h (LTE): 2.64575 : d3 56 3.68525e-14 : h 3 2.64575 

	D3: x: 2.29371e-11 x1: 2.29371e-11 x2: 2.29371e-11 x3: 2.29371e-11
new h (Growth limit): 0.00512 
Switching integration method and stepping back one step at 2.55e-11 to Trap
t: 5.11e-11 t(sc) 0.00511 iter: 1 repeat_nr_iter: 0 h: 0.00256 Status: MP TRAP PhiWrapLinear

new h (LTE): 0.0598451 : d3 56 8.22951e-11 : h 46 0.0598451 

	D3: x: 2.29371e-11 x1: 2.29371e-11 x2: 2.29371e-11 x3: 2.29371e-11
new h (Growth limit): 0.00512 

t: 1.023e-10 t(sc) 0.01023 iter: 1 repeat_nr_iter: 0 h: 0.00512 Status: MP TRAP PhiWrapLinear

new h (LTE): 0.140613 : d3 46 0.0509573 : h 46 0.140613 

	D3: x: 1.67648 x1: 1.67648 x2: 1.67648 x3: 1.67648
new h (Growth limit): 0.01024 

t: 2.047e-10 t(sc) 0.02047 iter: 1 repeat_nr_iter: 0 h: 0.01024 Status: MP TRAP PhiWrapLinear

new h (LTE): 0.252464 : d3 56 1.09586e-12 : h 46 0.252464 

	D3: x: 2.29371e-11 x1: 2.29371e-11 x2: 2.29371e-11 x3: 2.29371e-11
new h (Growth limit): 0.02048 
new h (Max): 0.02 

t: 4.047e-10 t(sc) 0.04047 iter: 1 repeat_nr_iter: 0 h: 0.02 Status: MP TRAP PhiWrapLinear

new h (LTE): 0.404026 : d3 46 0.00214804 : h 46 0.404026 

	D3: x: 1.67648 x1: 1.67648 x2: 1.67648 x3: 1.67648
new h (Growth limit): 0.04 
new h (Max): 0.02 
Switching integration method and stepping back two steps at 5.11e-11 to BE
t: 1.023e-10 t(sc) 0.01023 iter: 1 repeat_nr_iter: 0 h: 0.00512 Status: MP BACKE PhiWrapLinear

new h (LTE): 2.64575 : d3 46 8.07322e-05 : h 3 2.64575 

	D3: x: 1.67648 x1: 1.67648 x2: 1.67648 x3: 1.67648
new h (Growth limit): 0.01024 

t: 2.047e-10 t(sc) 0.02047 iter: 1 repeat_nr_iter: 0 h: 0.01024 Status: MP BACKE PhiWrapLinear

new h (LTE): 2.64575 : d3 56 1.9918e-15 : h 3 2.64575 

	D3: x: 2.29371e-11 x1: 2.29371e-11 x2: 2.29371e-11 x3: 2.29371e-11
new h (Growth limit): 0.02048 
new h (Max): 0.02 

t: 4.047e-10 t(sc) 0.04047 iter: 1 repeat_nr_iter: 0 h: 0.02 Status: MP BACKE PhiWrapLinear

new h (LTE): 2.64575 : d3 46 1.85416e-06 : h 3 2.64575 

	D3: x: 1.67648 x1: 1.67648 x2: 1.67648 x3: 1.67648
new h (Growth limit): 0.04 
new h (Max): 0.02 

t: 6.047e-10 t(sc) 0.06047 iter: 1 repeat_nr_iter: 0 h: 0.02 Status: MP BACKE PhiWrapLinear

new h (LTE): 2.64575 : d3 56 4.79178e-17 : h 3 2.64575 

	D3: x: 2.29371e-11 x1: 2.29371e-11 x2: 2.29371e-11 x3: 2.29371e-11
new h (Growth limit): 0.04 
new h (Max): 0.02 

t = 6.047e-10 (5%)
t: 8.047e-10 t(sc) 0.08047 iter: 1 repeat_nr_iter: 0 h: 0.02 Status: MP BACKE PhiWrapLinear

new h (LTE): 2.64575 : d3 46 1.7491e-07 : h 3 2.64575 

	D3: x: 1.67648 x1: 1.67648 x2: 1.67648 x3: 1.67648
new h (Growth limit): 0.04 
new h (Max): 0.02 
Switching integration method and stepping back one step at 6.047e-10 to Trap
t: 8.047e-10 t(sc) 0.08047 iter: 1 repeat_nr_iter: 0 h: 0.02 Status: MP TRAP PhiWrapLinear

new h (LTE): 1.91292 : d3 46 1.02403e-05 : h 3 1.91292 

	D3: x: 1.67648 x1: 1.67648 x2: 1.67648 x3: 1.67648
new h (Growth limit): 0.04 
new h (Max): 0.02 

t: 1.0047e-09 t(sc) 0.10047 iter: 1 repeat_nr_iter: 0 h: 0.02 Status: MP TRAP PhiWrapLinear

new h (LTE): 1.91292 : d3 56 1.13624e-15 : h 3 1.91292 

	D3: x: 2.29371e-11 x1: 2.29371e-11 x2: 2.29371e-11 x3: 2.29371e-11
new h (Growth limit): 0.04 
new h (Max): 0.02 

t = 1.0047e-09 (10%)
t: 1.2047e-09 t(sc) 0.12047 iter: 1 repeat_nr_iter: 0 h: 0.02 Status: MP TRAP PhiWrapLinear

new h (LTE): 1.91292 : d3 46 1.54177e-05 : h 3 1.91292 

	D3: x: 1.67648 x1: 1.67648 x2: 1.67648 x3: 1.67648
new h (Growth limit): 0.04 
new h (Max): 0.02 

t: 1.4047e-09 t(sc) 0.14047 iter: 1 repeat_nr_iter: 0 h: 0.02 Status: MP TRAP PhiWrapLinear

new h (LTE): 1.68839 : d3 56 3.6645e-15 : h 46 1.68839 

	D3: x: 2.29371e-11 x1: 2.29371e-11 x2: 2.29371e-11 x3: 2.29371e-11
new h (Growth limit): 0.04 
new h (Max): 0.02 

t: 1.6047e-09 t(sc) 0.16047 iter: 1 repeat_nr_iter: 0 h: 0.02 Status: MP TRAP PhiWrapLinear

new h (LTE): 1.36104 : d3 46 5.61884e-05 : h 46 1.36104 

	D3: x: 1.67648 x1: 1.67648 x2: 1.67648 x3: 1.67648
new h (Growth limit): 0.04 
new h (Max): 0.02 

t = 1.6047e-09 (15%)
t: 1.8047e-09 t(sc) 0.18047 iter: 1 repeat_nr_iter: 0 h: 0.02 Status: MP TRAP PhiWrapLinear

new h (LTE): 1.09715 : d3 56 1.33549e-14 : h 46 1.09715 

	D3: x: 2.29371e-11 x1: 2.29371e-11 x2: 2.29371e-11 x3: 2.29371e-11
new h (Growth limit): 0.04 
new h (Max): 0.02 

t: 2.0047e-09 t(sc) 0.20047 iter: 1 repeat_nr_iter: 0 h: 0.02 Status: MP TRAP PhiWrapLinear

new h (LTE): 0.884428 : d3 46 0.000204774 : h 46 0.884428 

	D3: x: 1.67648 x1: 1.67648 x2: 1.67648 x3: 1.67648
new h (Growth limit): 0.04 
new h (Max): 0.02 

t = 2.0047e-09 (20%)
t: 2.2047e-09 t(sc) 0.22047 iter: 1 repeat_nr_iter: 0 h: 0.02 Status: MP TRAP PhiWrapLinear

new h (LTE): 0.71295 : d3 56 4.86707e-14 : h 46 0.71295 

	D3: x: 2.29371e-11 x1: 2.29371e-11 x2: 2.29371e-11 x3: 2.29371e-11
new h (Growth limit): 0.04 
new h (Max): 0.02 
Switching integration method and stepping back two steps at 1.6047e-09 to BE
t: 1.8047e-09 t(sc) 0.18047 iter: 1 repeat_nr_iter: 0 h: 0.02 Status: MP BACKE PhiWrapLinear

new h (LTE): 2.64575 : d3 56 3.53303e-16 : h 3 2.64575 

	D3: x: 2.29371e-11 x1: 2.29371e-11 x2: 2.29371e-11 x3: 2.29371e-11
new h (Growth limit): 0.04 
new h (Max): 0.02 

t: 2.0047e-09 t(sc) 0.20047 iter: 1 repeat_nr_iter: 0 h: 0.02 Status: MP BACKE PhiWrapLinear

new h (LTE): 2.64575 : d3 46 2.01569e-06 : h 3 2.64575 

	D3: x: 1.67648 x1: 1.67648 x2: 1.67648 x3: 1.67648
new h (Growth limit): 0.04 
new h (Max): 0.02 

t: 2.2047e-09 t(sc) 0.22047 iter: 1 repeat_nr_iter: 0 h: 0.02 Status: MP BACKE PhiWrapLinear

new h (LTE): 2.64575 : d3 56 1.14064e-16 : h 3 2.64575 

	D3: x: 2.29371e-11 x1: 2.29371e-11 x2: 2.29371e-11 x3: 2.29371e-11
new h (Growth limit): 0.04 
new h (Max): 0.02 

t: 2.4047e-09 t(sc) 0.24047 iter: 1 repeat_nr_iter: 0 h: 0.02 Status: MP BACKE PhiWrapLinear

new h (LTE): 2.64575 : d3 46 4.16376e-07 : h 3 2.64575 

	D3: x: 1.67648 x1: 1.67648 x2: 1.67648 x3: 1.67648
new h (Growth limit): 0.04 
new h (Max): 0.02 

t: 2.6047e-09 t(sc) 0.26047 iter: 1 repeat_nr_iter: 0 h: 0.02 Status: MP BACKE PhiWrapLinear

new h (LTE): 2.64575 : d3 56 2.35619e-17 : h 3 2.64575 

	D3: x: 2.29371e-11 x1: 2.29371e-11 x2: 2.29371e-11 x3: 2.29371e-11
new h (Growth limit): 0.04 
new h (Max): 0.02 
Switching integration method and stepping back one step at 2.4047e-09 to Trap
t: 2.6047e-09 t(sc) 0.26047 iter: 1 repeat_nr_iter: 0 h: 0.02 Status: MP TRAP PhiWrapLinear

new h (LTE): 1.91292 : d3 56 1.37944e-15 : h 3 1.91292 

	D3: x: 2.29371e-11 x1: 2.29371e-11 x2: 2.29371e-11 x3: 2.29371e-11
new h (Growth limit): 0.04 
new h (Max): 0.02 

t = 2.6047e-09 (25%)
t: 2.8047e-09 t(sc) 0.28047 iter: 1 repeat_nr_iter: 0 h: 0.02 Status: MP TRAP PhiWrapLinear

new h (LTE): 1.91292 : d3 46 9.87378e-06 : h 3 1.91292 

	D3: x: 1.67648 x1: 1.67648 x2: 1.67648 x3: 1.67648
new h (Growth limit): 0.04 
new h (Max): 0.02 

t: 3.0047e-09 t(sc) 0.30047 iter: 1 repeat_nr_iter: 0 h: 0.02 Status: MP TRAP PhiWrapLinear

new h (LTE): 1.91292 : d3 56 2.07684e-15 : h 3 1.91292 

	D3: x: 2.29371e-11 x1: 2.29371e-11 x2: 2.29371e-11 x3: 2.29371e-11
new h (Growth limit): 0.04 
new h (Max): 0.02 

t = 3.0047e-09 (30%)
t: 3.2047e-09 t(sc) 0.32047 iter: 1 repeat_nr_iter: 0 h: 0.02 Status: MP TRAP PhiWrapLinear

new h (LTE): 1.64465 : d3 46 3.18444e-05 : h 46 1.64465 

	D3: x: 1.67648 x1: 1.67648 x2: 1.67648 x3: 1.67648
new h (Growth limit): 0.04 
new h (Max): 0.02 

t: 3.4047e-09 t(sc) 0.34047 iter: 1 repeat_nr_iter: 0 h: 0.02 Status: MP TRAP PhiWrapLinear

new h (LTE): 1.32578 : d3 56 7.5688e-15 : h 46 1.32578 

	D3: x: 2.29371e-11 x1: 2.29371e-11 x2: 2.29371e-11 x3: 2.29371e-11
new h (Growth limit): 0.04 
new h (Max): 0.02 

t: 3.6047e-09 t(sc) 0.36047 iter: 1 repeat_nr_iter: 0 h: 0.02 Status: MP TRAP PhiWrapLinear

new h (LTE): 1.06873 : d3 46 0.000116054 : h 46 1.06873 

	D3: x: 1.67648 x1: 1.67648 x2: 1.67648 x3: 1.67648
new h (Growth limit): 0.04 
new h (Max): 0.02 

t = 3.6047e-09 (35%)
t: 3.8047e-09 t(sc) 0.38047 iter: 1 repeat_nr_iter: 0 h: 0.02 Status: MP TRAP PhiWrapLinear

new h (LTE): 0.861515 : d3 56 2.75838e-14 : h 46 0.861515 

	D3: x: 2.29371e-11 x1: 2.29371e-11 x2: 2.29371e-11 x3: 2.29371e-11
new h (Growth limit): 0.04 
new h (Max): 0.02 

t: 4.0047e-09 t(sc) 0.40047 iter: 1 repeat_nr_iter: 0 h: 0.02 Status: MP TRAP PhiWrapLinear

new h (LTE): 0.694479 : d3 46 0.000422948 : h 46 0.694479 

	D3: x: 1.67648 x1: 1.67648 x2: 1.67648 x3: 1.67648
new h (Growth limit): 0.04 
new h (Max): 0.02 
Switching integration method and stepping back two steps at 3.4047e-09 to BE
t: 3.6047e-09 t(sc) 0.36047 iter: 1 repeat_nr_iter: 0 h: 0.02 Status: MP BACKE PhiWrapLinear

new h (LTE): 2.64575 : d3 46 3.07019e-06 : h 3 2.64575 

	D3: x: 1.67648 x1: 1.67648 x2: 1.67648 x3: 1.67648
new h (Growth limit): 0.04 
new h (Max): 0.02 

t: 3.8047e-09 t(sc) 0.38047 iter: 1 repeat_nr_iter: 0 h: 0.02 Status: MP BACKE PhiWrapLinear

new h (LTE): 2.64575 : d3 56 2.71523e-16 : h 3 2.64575 

	D3: x: 2.29371e-11 x1: 2.29371e-11 x2: 2.29371e-11 x3: 2.29371e-11
new h (Growth limit): 0.04 
new h (Max): 0.02 

t: 4.0047e-09 t(sc) 0.40047 iter: 1 repeat_nr_iter: 0 h: 0.02 Status: MP BACKE PhiWrapLinear

new h (LTE): 2.64575 : d3 46 9.91188e-07 : h 3 2.64575 

	D3: x: 1.67648 x1: 1.67648 x2: 1.67648 x3: 1.67648
new h (Growth limit): 0.04 
new h (Max): 0.02 

t = 4.0047e-09 (40%)
t: 4.2047e-09 t(sc) 0.42047 iter: 1 repeat_nr_iter: 0 h: 0.02 Status: MP BACKE PhiWrapLinear

new h (LTE): 2.64575 : d3 56 5.60892e-17 : h 3 2.64575 

	D3: x: 2.29371e-11 x1: 2.29371e-11 x2: 2.29371e-11 x3: 2.29371e-11
new h (Growth limit): 0.04 
new h (Max): 0.02 

t: 4.4047e-09 t(sc) 0.44047 iter: 1 repeat_nr_iter: 0 h: 0.02 Status: MP BACKE PhiWrapLinear

new h (LTE): 2.64575 : d3 46 2.04747e-07 : h 3 2.64575 

	D3: x: 1.67648 x1: 1.67648 x2: 1.67648 x3: 1.67648
new h (Growth limit): 0.04 
new h (Max): 0.02 
Switching integration method and stepping back one step at 4.2047e-09 to Trap
t: 4.4047e-09 t(sc) 0.44047 iter: 1 repeat_nr_iter: 0 h: 0.02 Status: MP TRAP PhiWrapLinear

new h (LTE): 1.91292 : d3 46 1.1987e-05 : h 3 1.91292 

	D3: x: 1.67648 x1: 1.67648 x2: 1.67648 x3: 1.67648
new h (Growth limit): 0.04 
new h (Max): 0.02 

t: 4.6047e-09 t(sc) 0.46047 iter: 1 repeat_nr_iter: 0 h: 0.02 Status: MP TRAP PhiWrapLinear

new h (LTE): 1.91292 : d3 56 1.33006e-15 : h 3 1.91292 

	D3: x: 2.29371e-11 x1: 2.29371e-11 x2: 2.29371e-11 x3: 2.29371e-11
new h (Growth limit): 0.04 
new h (Max): 0.02 

t = 4.6047e-09 (45%)
t: 4.8047e-09 t(sc) 0.48047 iter: 1 repeat_nr_iter: 0 h: 0.02 Status: MP TRAP PhiWrapLinear

new h (LTE): 1.91292 : d3 46 1.80476e-05 : h 3 1.91292 

	D3: x: 1.67648 x1: 1.67648 x2: 1.67648 x3: 1.67648
new h (Growth limit): 0.04 
new h (Max): 0.02 

t: 5.0047e-09 t(sc) 0.50047 iter: 1 repeat_nr_iter: 0 h: 0.02 Status: MP TRAP PhiWrapLinear

new h (LTE): 1.60204 : d3 56 4.28957e-15 : h 46 1.60204 

	D3: x: 2.29371e-11 x1: 2.29371e-11 x2: 2.29371e-11 x3: 2.29371e-11
new h (Growth limit): 0.04 
new h (Max): 0.02 

t = 5.0047e-09 (50%)
t: 5.2047e-09 t(sc) 0.52047 iter: 1 repeat_nr_iter: 0 h: 0.02 Status: MP TRAP PhiWrapLinear

new h (LTE): 1.29143 : d3 46 6.57728e-05 : h 46 1.29143 

	D3: x: 1.67648 x1: 1.67648 x2: 1.67648 x3: 1.67648
new h (Growth limit): 0.04 
new h (Max): 0.02 

t: 5.4047e-09 t(sc) 0.54047 iter: 1 repeat_nr_iter: 0 h: 0.02 Status: MP TRAP PhiWrapLinear

new h (LTE): 1.04104 : d3 56 1.56329e-14 : h 46 1.04104 

	D3: x: 2.29371e-11 x1: 2.29371e-11 x2: 2.29371e-11 x3: 2.29371e-11
new h (Growth limit): 0.04 
new h (Max): 0.02 

t: 5.6047e-09 t(sc) 0.56047 iter: 1 repeat_nr_iter: 0 h: 0.02 Status: MP TRAP PhiWrapLinear

new h (LTE): 0.839195 : d3 46 0.000239703 : h 46 0.839195 

	D3: x: 1.67648 x1: 1.67648 x2: 1.67648 x3: 1.67648
new h (Growth limit): 0.04 
new h (Max): 0.02 

t = 5.6047e-09 (55%)
t: 5.8047e-09 t(sc) 0.58047 iter: 1 repeat_nr_iter: 0 h: 0.02 Status: MP TRAP PhiWrapLinear

new h (LTE): 0.676487 : d3 56 5.69727e-14 : h 46 0.676487 

	D3: x: 2.29371e-11 x1: 2.29371e-11 x2: 2.29371e-11 x3: 2.29371e-11
new h (Growth limit): 0.04 
new h (Max): 0.02 
Switching integration method and stepping back two steps at 5.2047e-09 to BE
t: 5.4047e-09 t(sc) 0.54047 iter: 1 repeat_nr_iter: 0 h: 0.02 Status: MP BACKE PhiWrapLinear

new h (LTE): 2.64575 : d3 56 4.13567e-16 : h 3 2.64575 

	D3: x: 2.29371e-11 x1: 2.29371e-11 x2: 2.29371e-11 x3: 2.29371e-11
new h (Growth limit): 0.04 
new h (Max): 0.02 

t: 5.6047e-09 t(sc) 0.56047 iter: 1 repeat_nr_iter: 0 h: 0.02 Status: MP BACKE PhiWrapLinear

new h (LTE): 2.64575 : d3 46 2.35951e-06 : h 3 2.64575 

	D3: x: 1.67648 x1: 1.67648 x2: 1.67648 x3: 1.67648
new h (Growth limit): 0.04 
new h (Max): 0.02 

t: 5.8047e-09 t(sc) 0.58047 iter: 1 repeat_nr_iter: 0 h: 0.02 Status: MP BACKE PhiWrapLinear

new h (LTE): 2.64575 : d3 56 1.3352e-16 : h 3 2.64575 

	D3: x: 2.29371e-11 x1: 2.29371e-11 x2: 2.29371e-11 x3: 2.29371e-11
new h (Growth limit): 0.04 
new h (Max): 0.02 

t: 6.0047e-09 t(sc) 0.60047 iter: 1 repeat_nr_iter: 0 h: 0.02 Status: MP BACKE PhiWrapLinear

new h (LTE): 2.64575 : d3 46 4.874e-07 : h 3 2.64575 

	D3: x: 1.67648 x1: 1.67648 x2: 1.67648 x3: 1.67648
new h (Growth limit): 0.04 
new h (Max): 0.02 

t = 6.0047e-09 (60%)
t: 6.2047e-09 t(sc) 0.62047 iter: 1 repeat_nr_iter: 0 h: 0.02 Status: MP BACKE PhiWrapLinear

new h (LTE): 2.64575 : d3 56 2.75809e-17 : h 3 2.64575 

	D3: x: 2.29371e-11 x1: 2.29371e-11 x2: 2.29371e-11 x3: 2.29371e-11
new h (Growth limit): 0.04 
new h (Max): 0.02 
Switching integration method and stepping back one step at 6.0047e-09 to Trap
t: 6.2047e-09 t(sc) 0.62047 iter: 1 repeat_nr_iter: 0 h: 0.02 Status: MP TRAP PhiWrapLinear

new h (LTE): 1.91292 : d3 56 1.61474e-15 : h 3 1.91292 

	D3: x: 2.29371e-11 x1: 2.29371e-11 x2: 2.29371e-11 x3: 2.29371e-11
new h (Growth limit): 0.04 
new h (Max): 0.02 

t: 6.4047e-09 t(sc) 0.64047 iter: 1 repeat_nr_iter: 0 h: 0.02 Status: MP TRAP PhiWrapLinear

new h (LTE): 1.91292 : d3 46 1.1558e-05 : h 3 1.91292 

	D3: x: 1.67648 x1: 1.67648 x2: 1.67648 x3: 1.67648
new h (Growth limit): 0.04 
new h (Max): 0.02 

t: 6.6047e-09 t(sc) 0.66047 iter: 1 repeat_nr_iter: 0 h: 0.02 Status: MP TRAP PhiWrapLinear

new h (LTE): 1.91292 : d3 56 2.43109e-15 : h 3 1.91292 

	D3: x: 2.29371e-11 x1: 2.29371e-11 x2: 2.29371e-11 x3: 2.29371e-11
new h (Growth limit): 0.04 
new h (Max): 0.02 

t = 6.6047e-09 (65%)
t: 6.8047e-09 t(sc) 0.68047 iter: 1 repeat_nr_iter: 0 h: 0.02 Status: MP TRAP PhiWrapLinear

new h (LTE): 1.56054 : d3 46 3.72762e-05 : h 46 1.56054 

	D3: x: 1.67648 x1: 1.67648 x2: 1.67648 x3: 1.67648
new h (Growth limit): 0.04 
new h (Max): 0.02 

t: 7.0047e-09 t(sc) 0.70047 iter: 1 repeat_nr_iter: 0 h: 0.02 Status: MP TRAP PhiWrapLinear

new h (LTE): 1.25797 : d3 56 8.85985e-15 : h 46 1.25797 

	D3: x: 2.29371e-11 x1: 2.29371e-11 x2: 2.29371e-11 x3: 2.29371e-11
new h (Growth limit): 0.04 
new h (Max): 0.02 

t = 7.0047e-09 (70%)
t: 7.2047e-09 t(sc) 0.72047 iter: 1 repeat_nr_iter: 0 h: 0.02 Status: MP TRAP PhiWrapLinear

new h (LTE): 1.01407 : d3 46 0.00013585 : h 46 1.01407 

	D3: x: 1.67648 x1: 1.67648 x2: 1.67648 x3: 1.67648
new h (Growth limit): 0.04 
new h (Max): 0.02 

t: 7.4047e-09 t(sc) 0.74047 iter: 1 repeat_nr_iter: 0 h: 0.02 Status: MP TRAP PhiWrapLinear

new h (LTE): 0.817454 : d3 56 3.22889e-14 : h 46 0.817454 

	D3: x: 2.29371e-11 x1: 2.29371e-11 x2: 2.29371e-11 x3: 2.29371e-11
new h (Growth limit): 0.04 
new h (Max): 0.02 

t: 7.6047e-09 t(sc) 0.76047 iter: 1 repeat_nr_iter: 0 h: 0.02 Status: MP TRAP PhiWrapLinear

new h (LTE): 0.658961 : d3 46 0.000495092 : h 46 0.658961 

	D3: x: 1.67648 x1: 1.67648 x2: 1.67648 x3: 1.67648
new h (Growth limit): 0.04 
new h (Max): 0.02 
Switching integration method and stepping back two steps at 7.0047e-09 to BE
t: 7.2047e-09 t(sc) 0.72047 iter: 1 repeat_nr_iter: 0 h: 0.02 Status: MP BACKE PhiWrapLinear

new h (LTE): 2.64575 : d3 46 3.59389e-06 : h 3 2.64575 

	D3: x: 1.67648 x1: 1.67648 x2: 1.67648 x3: 1.67648
new h (Growth limit): 0.04 
new h (Max): 0.02 

t: 7.4047e-09 t(sc) 0.74047 iter: 1 repeat_nr_iter: 0 h: 0.02 Status: MP BACKE PhiWrapLinear

new h (LTE): 2.64575 : d3 56 3.17838e-16 : h 3 2.64575 

	D3: x: 2.29371e-11 x1: 2.29371e-11 x2: 2.29371e-11 x3: 2.29371e-11
new h (Growth limit): 0.04 
new h (Max): 0.02 

t: 7.6047e-09 t(sc) 0.76047 iter: 1 repeat_nr_iter: 0 h: 0.02 Status: MP BACKE PhiWrapLinear

new h (LTE): 2.64575 : d3 46 1.16026e-06 : h 3 2.64575 

	D3: x: 1.67648 x1: 1.67648 x2: 1.67648 x3: 1.67648
new h (Growth limit): 0.04 
new h (Max): 0.02 

t = 7.6047e-09 (75%)
t: 7.8047e-09 t(sc) 0.78047 iter: 1 repeat_nr_iter: 0 h: 0.02 Status: MP BACKE PhiWrapLinear

new h (LTE): 2.64575 : d3 56 6.56566e-17 : h 3 2.64575 

	D3: x: 2.29371e-11 x1: 2.29371e-11 x2: 2.29371e-11 x3: 2.29371e-11
new h (Growth limit): 0.04 
new h (Max): 0.02 

t: 8.0047e-09 t(sc) 0.80047 iter: 1 repeat_nr_iter: 0 h: 0.02 Status: MP BACKE PhiWrapLinear

new h (LTE): 2.64575 : d3 46 2.39671e-07 : h 3 2.64575 

	D3: x: 1.67648 x1: 1.67648 x2: 1.67648 x3: 1.67648
new h (Growth limit): 0.04 
new h (Max): 0.02 
Switching integration method and stepping back one step at 7.8047e-09 to Trap
t: 8.0047e-09 t(sc) 0.80047 iter: 1 repeat_nr_iter: 0 h: 0.02 Status: MP TRAP PhiWrapLinear

new h (LTE): 1.91292 : d3 46 1.40316e-05 : h 3 1.91292 

	D3: x: 1.67648 x1: 1.67648 x2: 1.67648 x3: 1.67648
new h (Growth limit): 0.04 
new h (Max): 0.02 

t = 8.0047e-09 (80%)
t: 8.2047e-09 t(sc) 0.82047 iter: 1 repeat_nr_iter: 0 h: 0.02 Status: MP TRAP PhiWrapLinear

new h (LTE): 1.91292 : d3 56 1.55693e-15 : h 3 1.91292 

	D3: x: 2.29371e-11 x1: 2.29371e-11 x2: 2.29371e-11 x3: 2.29371e-11
new h (Growth limit): 0.04 
new h (Max): 0.02 

t: 8.4047e-09 t(sc) 0.84047 iter: 1 repeat_nr_iter: 0 h: 0.02 Status: MP TRAP PhiWrapLinear

new h (LTE): 1.88572 : d3 46 2.1126e-05 : h 46 1.88572 

	D3: x: 1.67648 x1: 1.67648 x2: 1.67648 x3: 1.67648
new h (Growth limit): 0.04 
new h (Max): 0.02 

t: 8.6047e-09 t(sc) 0.86047 iter: 1 repeat_nr_iter: 0 h: 0.02 Status: MP TRAP PhiWrapLinear

new h (LTE): 1.52011 : d3 56 5.02127e-15 : h 46 1.52011 

	D3: x: 2.29371e-11 x1: 2.29371e-11 x2: 2.29371e-11 x3: 2.29371e-11
new h (Growth limit): 0.04 
new h (Max): 0.02 

t = 8.6047e-09 (85%)
t: 8.8047e-09 t(sc) 0.88047 iter: 1 repeat_nr_iter: 0 h: 0.02 Status: MP TRAP PhiWrapLinear

new h (LTE): 1.22538 : d3 46 7.6992e-05 : h 46 1.22538 

	D3: x: 1.67648 x1: 1.67648 x2: 1.67648 x3: 1.67648
new h (Growth limit): 0.04 
new h (Max): 0.02 

t: 9.0047e-09 t(sc) 0.90047 iter: 1 repeat_nr_iter: 0 h: 0.02 Status: MP TRAP PhiWrapLinear

new h (LTE): 0.987795 : d3 56 1.82995e-14 : h 46 0.987795 

	D3: x: 2.29371e-11 x1: 2.29371e-11 x2: 2.29371e-11 x3: 2.29371e-11
new h (Growth limit): 0.04 
new h (Max): 0.02 

t = 9.0047e-09 (90%)
t: 9.2047e-09 t(sc) 0.92047 iter: 1 repeat_nr_iter: 0 h: 0.02 Status: MP TRAP PhiWrapLinear

new h (LTE): 0.796276 : d3 46 0.00028059 : h 46 0.796276 

	D3: x: 1.67648 x1: 1.67648 x2: 1.67648 x3: 1.67648
new h (Growth limit): 0.04 
new h (Max): 0.02 

t: 9.4047e-09 t(sc) 0.94047 iter: 1 repeat_nr_iter: 0 h: 0.02 Status: MP TRAP PhiWrapLinear

new h (LTE): 0.641889 : d3 56 6.66908e-14 : h 46 0.641889 

	D3: x: 2.29371e-11 x1: 2.29371e-11 x2: 2.29371e-11 x3: 2.29371e-11
new h (Growth limit): 0.04 
new h (Max): 0.02 
Switching integration method and stepping back two steps at 8.8047e-09 to BE
t: 9.0047e-09 t(sc) 0.90047 iter: 1 repeat_nr_iter: 0 h: 0.02 Status: MP BACKE PhiWrapLinear

new h (LTE): 2.64575 : d3 56 4.84112e-16 : h 3 2.64575 

	D3: x: 2.29371e-11 x1: 2.29371e-11 x2: 2.29371e-11 x3: 2.29371e-11
new h (Growth limit): 0.04 
new h (Max): 0.02 

t: 9.2047e-09 t(sc) 0.92047 iter: 1 repeat_nr_iter: 0 h: 0.02 Status: MP BACKE PhiWrapLinear

new h (LTE): 2.64575 : d3 46 2.76199e-06 : h 3 2.64575 

	D3: x: 1.67648 x1: 1.67648 x2: 1.67648 x3: 1.67648
new h (Growth limit): 0.04 
new h (Max): 0.02 

t: 9.4047e-09 t(sc) 0.94047 iter: 1 repeat_nr_iter: 0 h: 0.02 Status: MP BACKE PhiWrapLinear

new h (LTE): 2.64575 : d3 56 1.56295e-16 : h 3 2.64575 

	D3: x: 2.29371e-11 x1: 2.29371e-11 x2: 2.29371e-11 x3: 2.29371e-11
new h (Growth limit): 0.04 
new h (Max): 0.02 

t: 9.6047e-09 t(sc) 0.96047 iter: 1 repeat_nr_iter: 0 h: 0.02 Status: MP BACKE PhiWrapLinear

new h (LTE): 2.64575 : d3 46 5.70538e-07 : h 3 2.64575 

	D3: x: 1.67648 x1: 1.67648 x2: 1.67648 x3: 1.67648
new h (Growth limit): 0.04 
new h (Max): 0.02 

t = 9.6047e-09 (95%)
t: 9.8047e-09 t(sc) 0.98047 iter: 1 repeat_nr_iter: 0 h: 0.02 Status: MP BACKE PhiWrapLinear

new h (LTE): 2.64575 : d3 56 3.22856e-17 : h 3 2.64575 

	D3: x: 2.29371e-11 x1: 2.29371e-11 x2: 2.29371e-11 x3: 2.29371e-11
new h (Growth limit): 0.04 
new h (Max): 0.02 
Switching integration method and stepping back one step at 9.6047e-09 to Trap
t: 9.8047e-09 t(sc) 0.98047 iter: 1 repeat_nr_iter: 0 h: 0.02 Status: MP TRAP PhiWrapLinear

new h (LTE): 1.91292 : d3 56 1.89017e-15 : h 3 1.91292 

	D3: x: 2.29371e-11 x1: 2.29371e-11 x2: 2.29371e-11 x3: 2.29371e-11
new h (Growth limit): 0.04 
new h (Max): 0.02 

t: 1.00047e-08 t(sc) 1.00047 iter: 1 repeat_nr_iter: 0 h: 0.02 Status: MP TRAP PhiWrapLinear

new h (LTE): 1.91292 : d3 46 1.35295e-05 : h 3 1.91292 

	D3: x: 1.67648 x1: 1.67648 x2: 1.67648 x3: 1.67648
new h (Growth limit): 0.04 
new h (Max): 0.02 

t = 1.00047e-08 (100%)
Number of timesteps: 89
Transient Simulation Done. Num of Nonlin iters: 89 
	Freeing MNA
Freeing Main Circuit ...
	Freeing Nodes and Elements
Cleaning Main Circuit ...
	Freeing Parsed circuit: 'Main Circuit'
