Running OptiSPICE 5.1 (compiled on: Jan  5 2016 10:28:02) 

Copyright 2015 Optiwave Systems Inc. All rights reserved.

	git commit: 651cbe73905eab5871768bdecbe8d86323447f45 MergeFromStaticBuild

Processing Netlist file: waveguide_smt_L1.0_LAM850_Neff1.7_end.sp

************* FILE: "waveguide_smt_L1.0_LAM850_Neff1.7_end.sp"  ************

Title "CW Source check "

Osp Jobcontrol Verbosity=DEBUG2

.option ingold=2 DELMAX=.1e-10 ACCURATE=1 RUNLVL=6 NUMDGT=8
.OPTION DCCAP=1 TNOM=27

.param NMODES=1

* Voltage sources
v1 Mag1 0 DC = 1 
v2 Phi1 0 DC = 0 

Osp CWSOURCE   Name=cw1 Nodes = [Mag1 Phi1 l1] MoName = CWmodel lambda = 8.500000e+02
Osp WaveGuide  Name=wg1 Nodes = [l1 l2] MoName=WGmodel
Osp MIRROR     Name=mir1 Nodes = [l2] MoName = Mmodel 

Osp Model Name = Mmodel   type = MIRROR    Ref = 0
Osp Model Name = CWmodel  type = CWSOURCE 
Osp Model Name = WGmodel  type = WaveGuide  Length=1.000000e+00  IncludeTimeDelay=1  neff=[1.700000e+00]  N0=1.1 NF=1.1

% IncludeTimeDelay=1 
.tran .0001e-9 10e-9 nsolver=BACKE nmaxst=.05n nminst=.05n

	
.Monitor OptFields wg1 Format=MagPhi Port=1 dir=IN  Pol=TE
.Monitor OptFields wg1 Format=MagPhi Port=2 dir=OUT Pol=TE
%.Monitor OptFields wg2 Format=MagPhi Port=2 dir=OUT Pol=TE
.end

************* *************** ************

Options ingold=2 DELMAX=.1e-10 ACCURATE=1 RUNLVL=6 NUMDGT=8 
Options DCCAP=1 TNOM=27 
Param P=[ { NMODES 1 } ] 
INDSOURCE EL_Type=V_SOU Name=v1 Nodes=[ Mag1 0 ] dcMode dcValue=1 
INDSOURCE EL_Type=V_SOU Name=v2 Nodes=[ Phi1 0 ] dcMode dcValue=0 
CWSOURCE Name=cw1 Nodes=[ Mag1 Phi1 l1 ] MoName=CWmodel lambda=8.500000e+02 
WaveGuide Name=wg1 Nodes=[ l1 l2 ] MoName=WGmodel 
MIRROR Name=mir1 Nodes=[ l2 ] MoName=Mmodel 
Model Name=Mmodel type=MIRROR Ref=0 
Model Name=CWmodel type=CWSOURCE 
Model Name=WGmodel type=WaveGuide Length=1.000000e+00 IncludeTimeDelay=1 neff=[ 1.700000e+00 ] N0=1.1 NF=1.1 
Transient Tpoints=[ { .0001e-9 10e-9 } ] nsolver=BACKE nmaxst=.05n nminst=.05n 
Monitor Type=OptFields Name=wg1 Format=MagPhi Port=1 dir=IN Pol=TE 
Monitor Type=OptFields Name=wg1 Format=MagPhi Port=2 dir=OUT Pol=TE 
END

Assigning node numbers and stamping


Main Circuit Paras:
	Name=NMODES String=1 Ep = 0x0

Creating: v1

Creating: v2

Creating: cw1
	New Link: l1                                                           Link: 0x7f8b29e01610

Creating: wg1
	New Link: l2                                                           Link: 0x7f8b29d006c0

Creating: mir1

Circuit after element assignment

Element hash table
	Key: v1                                                           	val: 	700527648 
	Key: v2                                                           	val: 	702548304 
	Key: wg1:exp                                                      	val: 	721420288 
	Key: mir1                                                         	val: 	721423872 
	Key: cw1                                                          	val: 	713031680 
	Key: wg1                                                          	val: 	713037312 

Delay Element hash table

OptFFT Element hash table

Noise Element hash table

Optical Element hash table
	Key: wg1:exp                                                      	val: 	721420288 
	Key: mir1                                                         	val: 	721423872 
	Key: cw1                                                          	val: 	713031680 
	Key: wg1                                                          	val: 	713037312 

Source Optical Element hash table
	Key: cw1                                                          	val: 	713031680 

Elec Init Conditions


Tracing optical sources
	source: cw1 (fixed:850)  -> wg1:exp (1) 
		-- Return Branch:  -> cw1 (1) 

		-- Through Branch:  -> mir1 (1)  -> wg1:exp (1) 


Stamping: v1

Stamping: v2

Stamping: cw1
Created Optical Mode Shape 'Mode:1 n:1 x:5.0000000000000000e+01 y:5.0000000000000000e+01 m:0 n:0 s:5.0000000000000000e+00 1/r:0.0000000000000000e+00 l:8.5000000000000000e+02' (f01743ece6621b8f2c15db13356686d759da4c13)
Adding Optical Mode:         l1:fixed:850 	      0x7f8b29c13630

Stamping: wg1
Adding Optical Mode: wg1:exp:inter1(0):fixed:850 	      0x7f8b29c15530
Adding Optical Mode: wg1:exp:inter2(0):fixed:850 	      0x7f8b29c156e0
Adding Optical Mode: wg1:exp:inter3(0):fixed:850 	      0x7f8b29c15a90
Adding Optical Mode:         l2:fixed:850 	      0x7f8b29e048f0
Stamping OptScatteringVtoV Instance: wg1:exp:c(0):I1(0)
	E to E: l1:fixed:850 | wg1:exp:inter1(0):fixed:850
	Linear (E to E) Scattering Mode
	NonLinear Scattering Mode
Linear: -12.5664
CreateStampDelay: DELAY Name=wg1:exp:c(0):td(0):c(0):m(0):optmag:delay Del=5.6705896183685842e-15 Gain=1.0000000000000000e+00 Tcoeff=[ 0.0000000000000000e+00 0.0000000000000000e+00 ]
CreateStampDelay: DELAY Name=wg1:exp:c(0):td(0):reverse:c(0):m(0):optmag:delay Del=5.6705896183685842e-15 Gain=1.0000000000000000e+00 Tcoeff=[ 0.0000000000000000e+00 0.0000000000000000e+00 ]
CreateStampDelay: DELAY Name=wg1:exp:c(0):td(0):c(0):m(0):optphi:delay Del=5.6705896183685842e-15 Gain=1.0000000000000000e+00 Tcoeff=[ 0.0000000000000000e+00 0.0000000000000000e+00 ]
CreateStampDelay: DELAY Name=wg1:exp:c(0):td(0):reverse:c(0):m(0):optphi:delay Del=5.6705896183685842e-15 Gain=1.0000000000000000e+00 Tcoeff=[ 0.0000000000000000e+00 0.0000000000000000e+00 ]
Stamping OptScatteringVtoV Instance: wg1:exp:c(0):I1(1)
	E to E: wg1:exp:inter3(0):fixed:850 | l2:fixed:850
	Linear (E to E) Scattering Mode
	NonLinear Scattering Mode

Stamping: mir1

Linking optical elements; 
Pre-processing optical elements; evaluating the Oconn overlap integrals and FSE modes 
Mirror DetModes ... 
		mir1 input 0x7f8b2b000120 output 0x7f8b2b000120

Stamping free mode   optical elements; 
Processing Mirror: mir1 Version: 6 Switchable: 1
Adding Optical Mode: mir1:terminal:fixed:850 	      0x7f8b29f092b0
Stamping OptScatteringVtoV Instance: mir1:vtov:c(0)
	E to E: l2:fixed:850 | mir1:terminal:fixed:850
	Linear (E to E) Scattering Mode
	NonLinear Scattering Mode

Post Stamping: cw1:c:0:m(0):optphi:iso

Post Stamping: cw1:c:0:m(0):optmag:iso

Circuit after node assignment

Element hash table (including internal elements)
	Key: cw1:c:0:m(0):optphi:iso                                      	val: 	700533920 
	Key: mir1:vtov                                                    	val: 	729949184 
	Key: wg1:exp:c(0):td(0):c(0):m(0):optmag:delay                    	val: 	703613456 
	Key: wg1:exp:c(0):I1(0)                                           	val: 	729808896 
	Key: wg1:exp:c(0):td(0):c(0):m(0):optphi:delay                    	val: 	703617488 
	Key: wg1                                                          	val: 	713037312 
	Key: wg1:exp:c(0):I1(1)                                           	val: 	729943552 
	Key: wg1:exp:c(0):td(0):reverse:c(0):m(0):optphi:delay            	val: 	703619120 
	Key: wg1:exp:c(0):td(0):reverse:c(0):m(0):optmag:delay            	val: 	703615712 
	Key: mir1:vtov:c(0)                                               	val: 	729954304 
	Key: v1                                                           	val: 	700527648 
	Key: v2                                                           	val: 	702548304 
	Key: wg1:exp                                                      	val: 	721420288 
	Key: cw1:c:0:m(0):optmag:iso                                      	val: 	700531808 
	Key: cw1                                                          	val: 	713031680 
	Key: mir1                                                         	val: 	721423872 

Node hash table (size: 66)
	Key: wg1:exp:inter3(0):fixed:850:rev:m(0):optphi                  	val: 	37        
	Key: wg1:exp:c(0):i1(1):0:fwd:modei:m(0):optmag                   	val: 	56        
	Key: l2:fixed:850:rev:m(0):optphi                                 	val: 	45        
	Key: wg1:exp:c(0):i1(0):0:fwd:modei:m(0):optmag                   	val: 	48        
	Key: mir1:vtov:c(0):0:rev:modei:m(0):optphi                       	val: 	63        
	Key: wg1:exp:c(0):i1(0):0:rev:modei:m(0):optmag                   	val: 	46        
	Key: mir1:vtov:c(0):0:fwd:modei:m(0):optphi                       	val: 	65        
	Key: cw1:channel-fixed:850                                        	val: 	1         
	Key: wg1:exp:c(0):td(0):reverse:c(0):m(0):optmag:delay:i          	val: 	51        
	Key: mir1:terminal:fixed:850:rev:m(0):optmag                      	val: 	59        
	Key: l1:fixed:850:rev:m(0):optphi                                 	val: 	17        
	Key: wg1:exp:inter2(0):fixed:850:fwd:m(0):optphi                  	val: 	32        
	Key: wg1:exp:inter3(0):fixed:850:fwd:m(0):optphi                  	val: 	36        
	Key: wg1:exp:c(0):i1(1):0:rev:modei:m(0):optmag                   	val: 	54        
	Key: wg1:exp:revphase(0:0):modei:m(0):optphi                      	val: 	41        
	Key: l2:fixed:850:fwd:m(0):optphi                                 	val: 	44        
	Key: mir1:terminal:fixed:850:fwd:m(0):optmag                      	val: 	58        
	Key: wg1:exp:inter1(0):fixed:850:rev:m(0):optmag                  	val: 	27        
	Key: wg1:exp:fwdphase(0:0):modei:m(0):optphi                      	val: 	39        
	Key: v1:portcurrentnode:0                                         	val: 	3         
	Key: v1:portcurrentnode:1                                         	val: 	5         
	Key: cw1:c:0:m(0):optphi:iso:i                                    	val: 	25        
	Key: cw1:l1:fixed:850:modei:m(0):optmag                           	val: 	22        
	Key: v2:portcurrentnode:0                                         	val: 	9         
	Key: v2:portcurrentnode:1                                         	val: 	11        
	Key: l1:fixed:850:fwd:m(0):optphi                                 	val: 	16        
	Key: wg1:exp:inter1(0):fixed:850:fwd:m(0):optmag                  	val: 	26        
	Key: wg1:exp:inter2(0):fixed:850:rev:m(0):optmag                  	val: 	31        
	Key: wg1:exp:c(0):td(0):reverse:c(0):m(0):optphi:delay:i          	val: 	53        
	Key: wg1:exp:c(0):td(0):c(0):m(0):optmag:delay:i                  	val: 	50        
	Key: v1:i                                                         	val: 	7         
	Key: l2:fixed:850:rev:m(0):optmag                                 	val: 	43        
	Key: wg1:exp:inter3(0):fixed:850:rev:m(0):optmag                  	val: 	35        
	Key: mir1:vtov:c(0):0:rev:modei:m(0):optmag                       	val: 	62        
	Key: mag1                                                         	val: 	2         
	Key: cw1:portcurrentcurnode:0                                     	val: 	19        
	Key: cw1:portcurrentcurnode:1                                     	val: 	21        
	Key: v1:portcurrentcurnode:0                                      	val: 	4         
	Key: wg1:exp:inter2(0):fixed:850:fwd:m(0):optmag                  	val: 	30        
	Key: v1:portcurrentcurnode:1                                      	val: 	6         
	Key: l1:fixed:850:rev:m(0):optmag                                 	val: 	15        
	Key: v2:portcurrentcurnode:0                                      	val: 	10        
	Key: v2:portcurrentcurnode:1                                      	val: 	12        
	Key: wg1:exp:c(0):i1(0):0:fwd:modei:m(0):optphi                   	val: 	49        
	Key: wg1:exp:revphase(0:0):modei:m(0):optmag                      	val: 	40        
	Key: wg1:exp:c(0):i1(0):0:rev:modei:m(0):optphi                   	val: 	47        
	Key: l2:fixed:850:fwd:m(0):optmag                                 	val: 	42        
	Key: wg1:exp:inter3(0):fixed:850:fwd:m(0):optmag                  	val: 	34        
	Key: 0                                                            	val: 	-5        
	Key: wg1:exp:c(0):i1(1):0:fwd:modei:m(0):optphi                   	val: 	57        
	Key: mir1:terminal:fixed:850:rev:m(0):optphi                      	val: 	61        
	Key: wg1:exp:c(0):i1(1):0:rev:modei:m(0):optphi                   	val: 	55        
	Key: wg1:exp:fwdphase(0:0):modei:m(0):optmag                      	val: 	38        
	Key: mir1:vtov:c(0):0:fwd:modei:m(0):optmag                       	val: 	64        
	Key: cw1:portcurrentnode:0                                        	val: 	18        
	Key: cw1:portcurrentnode:1                                        	val: 	20        
	Key: mir1:terminal:fixed:850:fwd:m(0):optphi                      	val: 	60        
	Key: wg1:exp:inter1(0):fixed:850:rev:m(0):optphi                  	val: 	29        
	Key: wg1:exp:c(0):td(0):c(0):m(0):optphi:delay:i                  	val: 	52        
	Key: l1:fixed:850:fwd:m(0):optmag                                 	val: 	14        
	Key: cw1:c:0:m(0):optmag:iso:i                                    	val: 	24        
	Key: cw1:l1:fixed:850:modei:m(0):optphi                           	val: 	23        
	Key: phi1                                                         	val: 	8         
	Key: v2:i                                                         	val: 	13        
	Key: wg1:exp:inter1(0):fixed:850:fwd:m(0):optphi                  	val: 	28        
	Key: wg1:exp:inter2(0):fixed:850:rev:m(0):optphi                  	val: 	33        

Node array 
	Key: 0                                                            	val: 	-5         Status: V node
	Key: cw1:channel-fixed:850                                        	val: 	1          Status: V node
	Key: mag1                                                         	val: 	2          Status: V node
	Key: v1:portcurrentnode:0                                         	val: 	3          Status: V node
	Key: v1:portcurrentcurnode:0                                      	val: 	4          Status: I node
	Key: v1:portcurrentnode:1                                         	val: 	5          Status: V node
	Key: v1:portcurrentcurnode:1                                      	val: 	6          Status: I node
	Key: v1:i                                                         	val: 	7          Status: I node
	Key: phi1                                                         	val: 	8          Status: V node
	Key: v2:portcurrentnode:0                                         	val: 	9          Status: V node
	Key: v2:portcurrentcurnode:0                                      	val: 	10         Status: I node
	Key: v2:portcurrentnode:1                                         	val: 	11         Status: V node
	Key: v2:portcurrentcurnode:1                                      	val: 	12         Status: I node
	Key: v2:i                                                         	val: 	13         Status: I node
	Key: l1:fixed:850:fwd:m(0):optmag                                 	val: 	14         Status: O Mag node
	Key: l1:fixed:850:rev:m(0):optmag                                 	val: 	15         Status: O Mag node
	Key: l1:fixed:850:fwd:m(0):optphi                                 	val: 	16         Status: O Pha node (14)
	Key: l1:fixed:850:rev:m(0):optphi                                 	val: 	17         Status: O Pha node (15)
	Key: cw1:portcurrentnode:0                                        	val: 	18         Status: V node
	Key: cw1:portcurrentcurnode:0                                     	val: 	19         Status: I node
	Key: cw1:portcurrentnode:1                                        	val: 	20         Status: V node
	Key: cw1:portcurrentcurnode:1                                     	val: 	21         Status: I node
	Key: cw1:l1:fixed:850:modei:m(0):optmag                           	val: 	22         Status: O Mag node
	Key: cw1:l1:fixed:850:modei:m(0):optphi                           	val: 	23         Status: O Pha node (22)
	Key: cw1:c:0:m(0):optmag:iso:i                                    	val: 	24         Status: I node
	Key: cw1:c:0:m(0):optphi:iso:i                                    	val: 	25         Status: I node
	Key: wg1:exp:inter1(0):fixed:850:fwd:m(0):optmag                  	val: 	26         Status: O Mag node
	Key: wg1:exp:inter1(0):fixed:850:rev:m(0):optmag                  	val: 	27         Status: O Mag node
	Key: wg1:exp:inter1(0):fixed:850:fwd:m(0):optphi                  	val: 	28         Status: O Pha node (26)
	Key: wg1:exp:inter1(0):fixed:850:rev:m(0):optphi                  	val: 	29         Status: O Pha node (27)
	Key: wg1:exp:inter2(0):fixed:850:fwd:m(0):optmag                  	val: 	30         Status: O Mag node
	Key: wg1:exp:inter2(0):fixed:850:rev:m(0):optmag                  	val: 	31         Status: O Mag node
	Key: wg1:exp:inter2(0):fixed:850:fwd:m(0):optphi                  	val: 	32         Status: O Pha node (30)
	Key: wg1:exp:inter2(0):fixed:850:rev:m(0):optphi                  	val: 	33         Status: O Pha node (31)
	Key: wg1:exp:inter3(0):fixed:850:fwd:m(0):optmag                  	val: 	34         Status: O Mag node
	Key: wg1:exp:inter3(0):fixed:850:rev:m(0):optmag                  	val: 	35         Status: O Mag node
	Key: wg1:exp:inter3(0):fixed:850:fwd:m(0):optphi                  	val: 	36         Status: O Pha node (34)
	Key: wg1:exp:inter3(0):fixed:850:rev:m(0):optphi                  	val: 	37         Status: O Pha node (35)
	Key: wg1:exp:fwdphase(0:0):modei:m(0):optmag                      	val: 	38         Status: O Mag node
	Key: wg1:exp:fwdphase(0:0):modei:m(0):optphi                      	val: 	39         Status: O Pha node (38)
	Key: wg1:exp:revphase(0:0):modei:m(0):optmag                      	val: 	40         Status: O Mag node
	Key: wg1:exp:revphase(0:0):modei:m(0):optphi                      	val: 	41         Status: O Pha node (40)
	Key: l2:fixed:850:fwd:m(0):optmag                                 	val: 	42         Status: O Mag node
	Key: l2:fixed:850:rev:m(0):optmag                                 	val: 	43         Status: O Mag node
	Key: l2:fixed:850:fwd:m(0):optphi                                 	val: 	44         Status: O Pha node (42)
	Key: l2:fixed:850:rev:m(0):optphi                                 	val: 	45         Status: O Pha node (43)
	Key: wg1:exp:c(0):i1(0):0:rev:modei:m(0):optmag                   	val: 	46         Status: O Mag node
	Key: wg1:exp:c(0):i1(0):0:rev:modei:m(0):optphi                   	val: 	47         Status: O Pha node (46)
	Key: wg1:exp:c(0):i1(0):0:fwd:modei:m(0):optmag                   	val: 	48         Status: O Mag node
	Key: wg1:exp:c(0):i1(0):0:fwd:modei:m(0):optphi                   	val: 	49         Status: O Pha node (48)
	Key: wg1:exp:c(0):td(0):c(0):m(0):optmag:delay:i                  	val: 	50         Status: I node
	Key: wg1:exp:c(0):td(0):reverse:c(0):m(0):optmag:delay:i          	val: 	51         Status: I node
	Key: wg1:exp:c(0):td(0):c(0):m(0):optphi:delay:i                  	val: 	52         Status: I node
	Key: wg1:exp:c(0):td(0):reverse:c(0):m(0):optphi:delay:i          	val: 	53         Status: I node
	Key: wg1:exp:c(0):i1(1):0:rev:modei:m(0):optmag                   	val: 	54         Status: O Mag node
	Key: wg1:exp:c(0):i1(1):0:rev:modei:m(0):optphi                   	val: 	55         Status: O Pha node (54)
	Key: wg1:exp:c(0):i1(1):0:fwd:modei:m(0):optmag                   	val: 	56         Status: O Mag node
	Key: wg1:exp:c(0):i1(1):0:fwd:modei:m(0):optphi                   	val: 	57         Status: O Pha node (56)
	Key: mir1:terminal:fixed:850:fwd:m(0):optmag                      	val: 	58         Status: O Mag node
	Key: mir1:terminal:fixed:850:rev:m(0):optmag                      	val: 	59         Status: O Mag node
	Key: mir1:terminal:fixed:850:fwd:m(0):optphi                      	val: 	60         Status: O Pha node (58)
	Key: mir1:terminal:fixed:850:rev:m(0):optphi                      	val: 	61         Status: O Pha node (59)
	Key: mir1:vtov:c(0):0:rev:modei:m(0):optmag                       	val: 	62         Status: O Mag node
	Key: mir1:vtov:c(0):0:rev:modei:m(0):optphi                       	val: 	63         Status: O Pha node (62)
	Key: mir1:vtov:c(0):0:fwd:modei:m(0):optmag                       	val: 	64         Status: O Mag node
	Key: mir1:vtov:c(0):0:fwd:modei:m(0):optphi                       	val: 	65         Status: O Pha node (64)

Optical Node hash table
	wg1:exp:inter1(0):fixed:850
		aliases: wg1:exp:inter1(0) -- wg1:exp:inter1(0) -- 
	l1:fixed:850
		aliases: l1 -- l1 -- l1 -- 
	wg1:exp:inter2(0):fixed:850
		aliases: wg1:exp:inter2(0) -- wg1:exp:inter2(0) -- 
	wg1:exp:inter3(0):fixed:850
		aliases: wg1:exp:inter3(0) -- wg1:exp:inter3(0) -- 
	l2:fixed:850
		aliases: l2 -- l2 -- l2 -- l2 -- 
	mir1:terminal:fixed:850
		aliases: mir1:terminal -- mir1:terminal -- 

Optical ModeShape hash table
	Key: f01743ece6621b8f2c15db13356686d759da4c13                     	val: 	702564432 

Optical Link hash table
	Key: l1                                                           l1                                                          	val: 	0x7f8b29e01610 
			E1: 	0x7f8b2a800000 - cw1                                      	E2: 	0x7f8b2b000000 - wg1:exp                                 
	Key: l2                                                           l2                                                          	val: 	0x7f8b29d006c0 
			E1: 	0x7f8b2b000000 - wg1:exp                                  	E2: 	0x7f8b2b000e00 - mir1                                    

Source Optical Channel hash table
	Key: fixed:850                                                    	lambda: 	850        dPhi_dt: 	0x7f8b2a800830 *dPhi_dt: 	0         

Optical Matrices hash table

Optical FSE Matrices hash table

Monitor Statements
	Name:                            wg1 Type:       OptFields Port:     1 Node Num:      0
	Name:                            wg1 Type:       OptFields Port:     2 Node Num:      0
	Name:                             v1 Type:               V Port:     1 Node Num:      2
	Name:                             v1 Type:               I Port:     1 Node Num:      0
	Name:                             v1 Type:               I Port:     2 Node Num:      0
	Name:                             v2 Type:               V Port:     1 Node Num:      8
	Name:                             v2 Type:               I Port:     1 Node Num:      0
	Name:                             v2 Type:               I Port:     2 Node Num:      0
	Name:                            cw1 Type:               V Port:     1 Node Num:      2
	Name:                            cw1 Type:               I Port:     1 Node Num:      0
	Name:                            cw1 Type:               V Port:     2 Node Num:      8
	Name:                            cw1 Type:               I Port:     2 Node Num:      0
	Name:                            cw1 Type:       OptFields Port:     3 Node Num:      0
	Name:                            wg1 Type:       OptFields Port:     1 Node Num:      0
	Name:                            wg1 Type:       OptFields Port:     2 Node Num:      0
	Name:                        wg1:exp Type:       OptFields Port:     1 Node Num:      0
	Name:                        wg1:exp Type:       OptFields Port:     2 Node Num:      0
	Name:                           mir1 Type:       OptFields Port:     1 Node Num:      0

Current Monitor Statements
	Key: v2:Port-2                                                    	port: 	2          	num: 	12        
	Key: v1:Port-1                                                    	port: 	1          	num: 	4         
	Key: v1:Port-2                                                    	port: 	2          	num: 	6         
	Key: cw1:Port-1                                                   	port: 	1          	num: 	19        
	Key: v2:Port-1                                                    	port: 	1          	num: 	10        
	Key: cw1:Port-2                                                   	port: 	2          	num: 	21        

Sub-circuits


Transient Simulation Started
tscaling: 1e+08
abstol: 1e-08 reltol: 1e-06 c_abstol: 1e-15 c_reltol: 1e-06
DC Simulation Started
DC Linear Initial Guess
DC simulations:
	DC var: 0.000000000000e+00
		Elec pass (T ind):
		DC iterations =  2 (extra -1). Cond 0.052726
			Total num iter: 2
		Elec pass (T dep). Evars Optical:
		DC iterations =  1 (extra -1). Cond 0.052726
			Total num iter: 3

***** Element Operating point info:

MultiLayerFilterExp: wg1:exp 
	(Explicit Filtering -- T = 300.15 -- E to E)
	Channel: 0
		 Input: l1:fixed:850
			l1:fixed:850 			Carrier Lambda: 850 nm --- E vars
				Mode 0
					(fwd: 14,16):  Pow: 1.0000000000e+00 Phi: 0.0000000000e+00  Mag: 1.0000000000e+00 E_f =  1.0000000000e+00 + 0.0000000000e+00i
					(rev: 15,17):  Pow: 8.0714198067e-25 Phi: 3.1404595646e+00  Mag: 8.9841080841e-13 E_f =  -8.9841023168e-13 + 1.0179791816e-15i
								Total Power Fwd: 1 Rev: 8.07142e-25

			Extra
					(rev: 46,47):  Pow: 8.0714198067e-25 Phi: 3.1404595646e+00  Mag: 8.9841080841e-13 E_f =  -8.9841023168e-13 + 1.0179791816e-15i
								Total Power Fwd: 0 Rev: 8.07142e-25

		Interface (0): wg1:exp:c(0):I1(0) T= 300.15 NonLinear
			N1 = 1.1 N2 = 1.7 (1.7)T = 300.15
				Tf^2 = 0.954082 Rf^2 = 0.0459184  Tb^2 = 0.954082 Rb^2 = 0.0459184 Tf+Rf = 1 Tb+Rb = 1 
			Rf = -0.214286 	Tf = 0.976771 	Rb = 0.214286 	Tb = 0.976771 

		 Layer (1) Phi= -12.5664 (-6.28319)  Atten = 1 N = 1.7 V1 = 0 V2 = 0 T = 300.15
			Inter1: wg1:exp:inter1(0):fixed:850 (Es)
			wg1:exp:inter1(0):fixed:850 			Carrier Lambda: 850 nm --- E vars
				Mode 0
					(fwd: 26,28):  Pow: 1.0481283422e+00 Phi: 2.1813839606e-16  Mag: 1.0237813938e+00 E_f =  1.0237813938e+00 + 2.2332603115e-16i
					(rev: 27,29):  Pow: 4.8128342246e-02 Phi: 4.7505695142e-15  Mag: 2.1938172724e-01 E_f =  2.1938172724e-01 + 1.0421881454e-15i
								Total Power Fwd: 1.04813 Rev: 0.0481283

			Inter2: wg1:exp:inter2(0):fixed:850 (Es)
			wg1:exp:inter2(0):fixed:850 			Carrier Lambda: 850 nm --- E vars
				Mode 0
					(fwd: 30,32):  Pow: 1.0481283422e+00 Phi: 2.4843539551e-15  Mag: 1.0237813938e+00 E_f =  1.0237813938e+00 + 2.5434353548e-15i
					(rev: 31,33):  Pow: 4.8128342246e-02 Phi: 2.4843539551e-15  Mag: 2.1938172724e-01 E_f =  2.1938172724e-01 + 5.4502186174e-16i
								Total Power Fwd: 1.04813 Rev: 0.0481283

			Inter3: wg1:exp:inter3(0):fixed:850 (Es) dt = 5.67059e-15
			wg1:exp:inter3(0):fixed:850 			Carrier Lambda: 850 nm --- E vars
				Mode 0
					(fwd: 34,36):  Pow: 1.0481283422e+00 Phi: 2.4843539551e-15  Mag: 1.0237813938e+00 E_f =  1.0237813938e+00 + 2.5434353548e-15i
					(rev: 35,37):  Pow: 4.8128342246e-02 Phi: 2.4843539551e-15  Mag: 2.1938172724e-01 E_f =  2.1938172724e-01 + 5.4502186174e-16i
								Total Power Fwd: 1.04813 Rev: 0.0481283

			ExtraNodes (Es)
			Delay queues (Es):
				Mode 0
					(fwd: 38,39):  Pow: 1.0481283422e+00 Phi: 2.4843539551e-15  Mag: 1.0237813938e+00 E_f =  1.0237813938e+00 + 2.5434353548e-15i
					(rev: 40,41):  Pow: 4.8128342246e-02 Phi: 4.7505695142e-15  Mag: 2.1938172724e-01 E_f =  2.1938172724e-01 + 1.0421881454e-15i
								Total Power Fwd: 1.04813 Rev: 0.0481283

			Extra Inter1
				Mode 0
					(fwd: 48,49):  Pow: 1.0481283422e+00 Phi: 2.1813839606e-16  Mag: 1.0237813938e+00 E_f =  1.0237813938e+00 + 2.2332603115e-16i
								Total Power Fwd: 1.04813 Rev: 0

		Interface (1): wg1:exp:c(0):I1(1) T = 300.15 NonLinear
			N1 = 1.7 (1.7) N2 = 1.1
				Tf^2 = 0.954082 Rf^2 = 0.0459184  Tb^2 = 0.954082 Rb^2 = 0.0459184 Tf+Rf = 1 Tb+Rb = 1 
			Rf = 0.214286 	Tf = 0.976771 	Rb = -0.214286 	Tb = 0.976771 

		 Output: l2:fixed:850
			l2:fixed:850 			Carrier Lambda: 850 nm --- E vars
				Mode 0
					(fwd: 42,44):  Pow: 9.9999999999e-01 Phi: 2.4843539551e-15  Mag: 1.0000000000e+00 E_f =  1.0000000000e+00 + 2.4843539551e-15i
					(rev: 43,45):  Pow: 0.0000000000e+00 Phi: 0.0000000000e+00  Mag: 0.0000000000e+00 E_f =  0.0000000000e+00 + 0.0000000000e+00i
								Total Power Fwd: 1 Rev: 0

			Extra
				Mode 0
					(fwd: 56,57):  Pow: 9.9999999999e-01 Phi: 2.4843539551e-15  Mag: 1.0000000000e+00 E_f =  1.0000000000e+00 + 2.4843539551e-15i
								Total Power Fwd: 1 Rev: 0

IndSource:                       v1 (V source)
			V: 1.0000000000e+00 I: 0.0000000000e+00 

IndSource:                       v2 (V source)
			V: 0.0000000000e+00 I: 0.0000000000e+00 

Cw_Source: cw1 
	 Channel : 0 -- n1: 18 n2: 20 -- Fixed Lambda
		 Freqshift: 0
			l1:fixed:850 			Carrier Lambda: 850 nm --- E vars
				Mode 0
					(fwd: 14,16):  Pow: 1.0000000000e+00 Phi: 0.0000000000e+00  Mag: 1.0000000000e+00 E_f =  1.0000000000e+00 + 0.0000000000e+00i
					(rev: 15,17):  Pow: 8.0714198067e-25 Phi: 3.1404595646e+00  Mag: 8.9841080841e-13 E_f =  -8.9841023168e-13 + 1.0179791816e-15i
								Total Power Fwd: 1 Rev: 8.07142e-25

Mirror: mir1
	Channel:0
			l2:fixed:850 			Carrier Lambda: 850 nm --- E vars
				Mode 0
					(fwd: 42,44):  Pow: 9.9999999999e-01 Phi: 2.4843539551e-15  Mag: 1.0000000000e+00 E_f =  1.0000000000e+00 + 2.4843539551e-15i
					(rev: 43,45):  Pow: 0.0000000000e+00 Phi: 0.0000000000e+00  Mag: 0.0000000000e+00 E_f =  0.0000000000e+00 + 0.0000000000e+00i
								Total Power Fwd: 1 Rev: 0



***** Node Operating Point Values 
	wg1                           	Port: 1 
	                              	mode: l1:fixed:850 
	                              		dir: FWD
	                              			TE Fields: 1.0000000000e+00 0.0000000000e+00 

	wg1                           	Port: 2 
	                              	mode: l2:fixed:850 
	                              		dir: FWD
	                              			TE Fields: 1.0000000000e+00 2.4843539551e-15 

	v1                            	Port:     1	V = 1.0000000000e+00
	v1                            	Port:     1	I = 0.0000000000e+00
	v1                            	Port:     2	I = -0.0000000000e+00
	v2                            	Port:     1	V = 0.0000000000e+00
	v2                            	Port:     1	I = 0.0000000000e+00
	v2                            	Port:     2	I = -0.0000000000e+00
	cw1                           	Port:     1	V = 1.0000000000e+00
	cw1                           	Port:     1	I = -0.0000000000e+00
	cw1                           	Port:     2	V = 0.0000000000e+00
	cw1                           	Port:     2	I = -0.0000000000e+00
	cw1                           	Port: 3 
	                              	mode: l1:fixed:850 
	                              		dir: FWD
	                              			TE Fields: 1.0000000000e+00 0.0000000000e+00 
	                              			TM Fields: 0.0000000000e+00 0.0000000000e+00 
	                              		dir: REV
	                              			TE Fields: -8.9841023168e-13 1.0179791816e-15 
	                              			TM Fields: 0.0000000000e+00 0.0000000000e+00 

	wg1                           	Port: 1 
	                              	mode: l1:fixed:850 
	                              		dir: FWD
	                              			TE Fields: 1.0000000000e+00 0.0000000000e+00 
	                              			TM Fields: 0.0000000000e+00 0.0000000000e+00 
	                              		dir: REV
	                              			TE Fields: -8.9841023168e-13 1.0179791816e-15 
	                              			TM Fields: 0.0000000000e+00 0.0000000000e+00 

	wg1                           	Port: 2 
	                              	mode: l2:fixed:850 
	                              		dir: FWD
	                              			TE Fields: 1.0000000000e+00 2.4843539551e-15 
	                              			TM Fields: 0.0000000000e+00 0.0000000000e+00 
	                              		dir: REV
	                              			TE Fields: 0.0000000000e+00 0.0000000000e+00 
	                              			TM Fields: 0.0000000000e+00 0.0000000000e+00 

	wg1:exp                       	Port: 1 
	                              	mode: l1:fixed:850 
	                              		dir: FWD
	                              			TE Fields: 1.0000000000e+00 0.0000000000e+00 
	                              			TM Fields: 0.0000000000e+00 0.0000000000e+00 
	                              		dir: REV
	                              			TE Fields: -8.9841023168e-13 1.0179791816e-15 
	                              			TM Fields: 0.0000000000e+00 0.0000000000e+00 

	wg1:exp                       	Port: 2 
	                              	mode: l2:fixed:850 
	                              		dir: FWD
	                              			TE Fields: 1.0000000000e+00 2.4843539551e-15 
	                              			TM Fields: 0.0000000000e+00 0.0000000000e+00 
	                              		dir: REV
	                              			TE Fields: 0.0000000000e+00 0.0000000000e+00 
	                              			TM Fields: 0.0000000000e+00 0.0000000000e+00 

	mir1                          	Port: 1 
	                              	mode: l2:fixed:850 
	                              		dir: FWD
	                              			TE Fields: 1.0000000000e+00 2.4843539551e-15 
	                              			TM Fields: 0.0000000000e+00 0.0000000000e+00 
	                              		dir: REV
	                              			TE Fields: 0.0000000000e+00 0.0000000000e+00 
	                              			TM Fields: 0.0000000000e+00 0.0000000000e+00 


***** 
		Final Evars non-Linear Scatter pass:

***** Element Operating point info:

MultiLayerFilterExp: wg1:exp 
	(Explicit Filtering -- T = 300.15 -- E to E)
	Channel: 0
		 Input: l1:fixed:850
			l1:fixed:850 			Carrier Lambda: 850 nm --- E vars
				Mode 0
					(fwd: 14,16):  Pow: 1.0000000000e+00 Phi: 0.0000000000e+00  Mag: 1.0000000000e+00 E_f =  1.0000000000e+00 + 0.0000000000e+00i
					(rev: 15,17):  Pow: 8.0714198067e-25 Phi: 3.1404595646e+00  Mag: 8.9841080841e-13 E_f =  -8.9841023168e-13 + 1.0179791816e-15i
								Total Power Fwd: 1 Rev: 8.07142e-25

			Extra
					(rev: 46,47):  Pow: 8.0714198067e-25 Phi: 3.1404595646e+00  Mag: 8.9841080841e-13 E_f =  -8.9841023168e-13 + 1.0179791816e-15i
								Total Power Fwd: 0 Rev: 8.07142e-25

		Interface (0): wg1:exp:c(0):I1(0) T= 300.15 NonLinear
			N1 = 1.1 N2 = 1.7 (1.7)T = 300.15
				Tf^2 = 0.954082 Rf^2 = 0.0459184  Tb^2 = 0.954082 Rb^2 = 0.0459184 Tf+Rf = 1 Tb+Rb = 1 
			Rf = -0.214286 	Tf = 0.976771 	Rb = 0.214286 	Tb = 0.976771 

		 Layer (1) Phi= -12.5664 (-6.28319)  Atten = 1 N = 1.7 V1 = 0 V2 = 0 T = 300.15
			Inter1: wg1:exp:inter1(0):fixed:850 (Es)
			wg1:exp:inter1(0):fixed:850 			Carrier Lambda: 850 nm --- E vars
				Mode 0
					(fwd: 26,28):  Pow: 1.0481283422e+00 Phi: 2.1813839606e-16  Mag: 1.0237813938e+00 E_f =  1.0237813938e+00 + 2.2332603115e-16i
					(rev: 27,29):  Pow: 4.8128342246e-02 Phi: 4.7505695142e-15  Mag: 2.1938172724e-01 E_f =  2.1938172724e-01 + 1.0421881454e-15i
								Total Power Fwd: 1.04813 Rev: 0.0481283

			Inter2: wg1:exp:inter2(0):fixed:850 (Es)
			wg1:exp:inter2(0):fixed:850 			Carrier Lambda: 850 nm --- E vars
				Mode 0
					(fwd: 30,32):  Pow: 1.0481283422e+00 Phi: 2.4843539551e-15  Mag: 1.0237813938e+00 E_f =  1.0237813938e+00 + 2.5434353548e-15i
					(rev: 31,33):  Pow: 4.8128342246e-02 Phi: 2.4843539551e-15  Mag: 2.1938172724e-01 E_f =  2.1938172724e-01 + 5.4502186174e-16i
								Total Power Fwd: 1.04813 Rev: 0.0481283

			Inter3: wg1:exp:inter3(0):fixed:850 (Es) dt = 5.67059e-15
			wg1:exp:inter3(0):fixed:850 			Carrier Lambda: 850 nm --- E vars
				Mode 0
					(fwd: 34,36):  Pow: 1.0481283422e+00 Phi: 2.4843539551e-15  Mag: 1.0237813938e+00 E_f =  1.0237813938e+00 + 2.5434353548e-15i
					(rev: 35,37):  Pow: 4.8128342246e-02 Phi: 2.4843539551e-15  Mag: 2.1938172724e-01 E_f =  2.1938172724e-01 + 5.4502186174e-16i
								Total Power Fwd: 1.04813 Rev: 0.0481283

			ExtraNodes (Es)
			Delay queues (Es):
				Mode 0
					(fwd: 38,39):  Pow: 1.0481283422e+00 Phi: 2.4843539551e-15  Mag: 1.0237813938e+00 E_f =  1.0237813938e+00 + 2.5434353548e-15i
					(rev: 40,41):  Pow: 4.8128342246e-02 Phi: 4.7505695142e-15  Mag: 2.1938172724e-01 E_f =  2.1938172724e-01 + 1.0421881454e-15i
								Total Power Fwd: 1.04813 Rev: 0.0481283

			Extra Inter1
				Mode 0
					(fwd: 48,49):  Pow: 1.0481283422e+00 Phi: 2.1813839606e-16  Mag: 1.0237813938e+00 E_f =  1.0237813938e+00 + 2.2332603115e-16i
								Total Power Fwd: 1.04813 Rev: 0

		Interface (1): wg1:exp:c(0):I1(1) T = 300.15 NonLinear
			N1 = 1.7 (1.7) N2 = 1.1
				Tf^2 = 0.954082 Rf^2 = 0.0459184  Tb^2 = 0.954082 Rb^2 = 0.0459184 Tf+Rf = 1 Tb+Rb = 1 
			Rf = 0.214286 	Tf = 0.976771 	Rb = -0.214286 	Tb = 0.976771 

		 Output: l2:fixed:850
			l2:fixed:850 			Carrier Lambda: 850 nm --- E vars
				Mode 0
					(fwd: 42,44):  Pow: 9.9999999999e-01 Phi: 2.4843539551e-15  Mag: 1.0000000000e+00 E_f =  1.0000000000e+00 + 2.4843539551e-15i
					(rev: 43,45):  Pow: 0.0000000000e+00 Phi: 0.0000000000e+00  Mag: 0.0000000000e+00 E_f =  0.0000000000e+00 + 0.0000000000e+00i
								Total Power Fwd: 1 Rev: 0

			Extra
				Mode 0
					(fwd: 56,57):  Pow: 9.9999999999e-01 Phi: 2.4843539551e-15  Mag: 1.0000000000e+00 E_f =  1.0000000000e+00 + 2.4843539551e-15i
								Total Power Fwd: 1 Rev: 0

IndSource:                       v1 (V source)
			V: 1.0000000000e+00 I: 0.0000000000e+00 

IndSource:                       v2 (V source)
			V: 0.0000000000e+00 I: 0.0000000000e+00 

Cw_Source: cw1 
	 Channel : 0 -- n1: 18 n2: 20 -- Fixed Lambda
		 Freqshift: 0
			l1:fixed:850 			Carrier Lambda: 850 nm --- E vars
				Mode 0
					(fwd: 14,16):  Pow: 1.0000000000e+00 Phi: 0.0000000000e+00  Mag: 1.0000000000e+00 E_f =  1.0000000000e+00 + 0.0000000000e+00i
					(rev: 15,17):  Pow: 8.0714198067e-25 Phi: 3.1404595646e+00  Mag: 8.9841080841e-13 E_f =  -8.9841023168e-13 + 1.0179791816e-15i
								Total Power Fwd: 1 Rev: 8.07142e-25

Mirror: mir1
	Channel:0
			l2:fixed:850 			Carrier Lambda: 850 nm --- E vars
				Mode 0
					(fwd: 42,44):  Pow: 9.9999999999e-01 Phi: 2.4843539551e-15  Mag: 1.0000000000e+00 E_f =  1.0000000000e+00 + 2.4843539551e-15i
					(rev: 43,45):  Pow: 0.0000000000e+00 Phi: 0.0000000000e+00  Mag: 0.0000000000e+00 E_f =  0.0000000000e+00 + 0.0000000000e+00i
								Total Power Fwd: 1 Rev: 0



***** Node Operating Point Values 
	wg1                           	Port: 1 
	                              	mode: l1:fixed:850 
	                              		dir: FWD
	                              			TE Fields: 1.0000000000e+00 0.0000000000e+00 

	wg1                           	Port: 2 
	                              	mode: l2:fixed:850 
	                              		dir: FWD
	                              			TE Fields: 1.0000000000e+00 2.4843539551e-15 

	v1                            	Port:     1	V = 1.0000000000e+00
	v1                            	Port:     1	I = 0.0000000000e+00
	v1                            	Port:     2	I = -0.0000000000e+00
	v2                            	Port:     1	V = 0.0000000000e+00
	v2                            	Port:     1	I = 0.0000000000e+00
	v2                            	Port:     2	I = -0.0000000000e+00
	cw1                           	Port:     1	V = 1.0000000000e+00
	cw1                           	Port:     1	I = -0.0000000000e+00
	cw1                           	Port:     2	V = 0.0000000000e+00
	cw1                           	Port:     2	I = -0.0000000000e+00
	cw1                           	Port: 3 
	                              	mode: l1:fixed:850 
	                              		dir: FWD
	                              			TE Fields: 1.0000000000e+00 0.0000000000e+00 
	                              			TM Fields: 0.0000000000e+00 0.0000000000e+00 
	                              		dir: REV
	                              			TE Fields: -8.9841023168e-13 1.0179791816e-15 
	                              			TM Fields: 0.0000000000e+00 0.0000000000e+00 

	wg1                           	Port: 1 
	                              	mode: l1:fixed:850 
	                              		dir: FWD
	                              			TE Fields: 1.0000000000e+00 0.0000000000e+00 
	                              			TM Fields: 0.0000000000e+00 0.0000000000e+00 
	                              		dir: REV
	                              			TE Fields: -8.9841023168e-13 1.0179791816e-15 
	                              			TM Fields: 0.0000000000e+00 0.0000000000e+00 

	wg1                           	Port: 2 
	                              	mode: l2:fixed:850 
	                              		dir: FWD
	                              			TE Fields: 1.0000000000e+00 2.4843539551e-15 
	                              			TM Fields: 0.0000000000e+00 0.0000000000e+00 
	                              		dir: REV
	                              			TE Fields: 0.0000000000e+00 0.0000000000e+00 
	                              			TM Fields: 0.0000000000e+00 0.0000000000e+00 

	wg1:exp                       	Port: 1 
	                              	mode: l1:fixed:850 
	                              		dir: FWD
	                              			TE Fields: 1.0000000000e+00 0.0000000000e+00 
	                              			TM Fields: 0.0000000000e+00 0.0000000000e+00 
	                              		dir: REV
	                              			TE Fields: -8.9841023168e-13 1.0179791816e-15 
	                              			TM Fields: 0.0000000000e+00 0.0000000000e+00 

	wg1:exp                       	Port: 2 
	                              	mode: l2:fixed:850 
	                              		dir: FWD
	                              			TE Fields: 1.0000000000e+00 2.4843539551e-15 
	                              			TM Fields: 0.0000000000e+00 0.0000000000e+00 
	                              		dir: REV
	                              			TE Fields: 0.0000000000e+00 0.0000000000e+00 
	                              			TM Fields: 0.0000000000e+00 0.0000000000e+00 

	mir1                          	Port: 1 
	                              	mode: l2:fixed:850 
	                              		dir: FWD
	                              			TE Fields: 1.0000000000e+00 2.4843539551e-15 
	                              			TM Fields: 0.0000000000e+00 0.0000000000e+00 
	                              		dir: REV
	                              			TE Fields: 0.0000000000e+00 0.0000000000e+00 
	                              			TM Fields: 0.0000000000e+00 0.0000000000e+00 


***** 
		DC iterations =  2 (extra -1). Cond 0.052726
			Total num iter: 5
		Final pass (forced MPtotMP):
Before:

***** Element Operating point info:

MultiLayerFilterExp: wg1:exp 
	(Explicit Filtering -- T = 300.15 -- E to E)
	Channel: 0
		 Input: l1:fixed:850
			l1:fixed:850 			Carrier Lambda: 850 nm --- E vars
				Mode 0
					(fwd: 14,16):  Pow: 1.0000000000e+00 Phi: 0.0000000000e+00  Mag: 1.0000000000e+00 E_f =  1.0000000000e+00 + 0.0000000000e+00i
					(rev: 15,17):  Pow: 8.0730956470e-25 Phi: 3.1404596822e+00  Mag: 8.9850407050e-13 E_f =  -8.9850349383e-13 + 1.0179791816e-15i
								Total Power Fwd: 1 Rev: 8.0731e-25

			Extra
					(rev: 46,47):  Pow: 8.0730956470e-25 Phi: 3.1404596822e+00  Mag: 8.9850407050e-13 E_f =  -8.9850349383e-13 + 1.0179791816e-15i
								Total Power Fwd: 0 Rev: 8.0731e-25

		Interface (0): wg1:exp:c(0):I1(0) T= 300.15 NonLinear
			N1 = 1.1 N2 = 1.7 (1.7)T = 300.15
				Tf^2 = 0.954082 Rf^2 = 0.0459184  Tb^2 = 0.954082 Rb^2 = 0.0459184 Tf+Rf = 1 Tb+Rb = 1 
			Rf = -0.214286 	Tf = 0.976771 	Rb = 0.214286 	Tb = 0.976771 

		 Layer (1) Phi= -12.5664 (-6.28319)  Atten = 1 N = 1.7 V1 = 0 V2 = 0 T = 300.15
			Inter1: wg1:exp:inter1(0):fixed:850 (Es)
			wg1:exp:inter1(0):fixed:850 			Carrier Lambda: 850 nm --- E vars
				Mode 0
					(fwd: 26,28):  Pow: 1.0481283422e+00 Phi: 2.1813839606e-16  Mag: 1.0237813938e+00 E_f =  1.0237813938e+00 + 2.2332603115e-16i
					(rev: 27,29):  Pow: 4.8128342246e-02 Phi: 4.7505695142e-15  Mag: 2.1938172724e-01 E_f =  2.1938172724e-01 + 1.0421881454e-15i
								Total Power Fwd: 1.04813 Rev: 0.0481283

			Inter2: wg1:exp:inter2(0):fixed:850 (Es)
			wg1:exp:inter2(0):fixed:850 			Carrier Lambda: 850 nm --- E vars
				Mode 0
					(fwd: 30,32):  Pow: 1.0481283422e+00 Phi: 2.4843539551e-15  Mag: 1.0237813938e+00 E_f =  1.0237813938e+00 + 2.5434353548e-15i
					(rev: 31,33):  Pow: 4.8128342246e-02 Phi: 2.4843539551e-15  Mag: 2.1938172724e-01 E_f =  2.1938172724e-01 + 5.4502186174e-16i
								Total Power Fwd: 1.04813 Rev: 0.0481283

			Inter3: wg1:exp:inter3(0):fixed:850 (Es) dt = 5.67059e-15
			wg1:exp:inter3(0):fixed:850 			Carrier Lambda: 850 nm --- E vars
				Mode 0
					(fwd: 34,36):  Pow: 1.0481283422e+00 Phi: 2.4843539551e-15  Mag: 1.0237813938e+00 E_f =  1.0237813938e+00 + 2.5434353548e-15i
					(rev: 35,37):  Pow: 4.8128342246e-02 Phi: 2.4843539551e-15  Mag: 2.1938172724e-01 E_f =  2.1938172724e-01 + 5.4502186174e-16i
								Total Power Fwd: 1.04813 Rev: 0.0481283

			ExtraNodes (Es)
			Delay queues (Es):
				Mode 0
					(fwd: 38,39):  Pow: 1.0481283422e+00 Phi: 2.4843539551e-15  Mag: 1.0237813938e+00 E_f =  1.0237813938e+00 + 2.5434353548e-15i
					(rev: 40,41):  Pow: 4.8128342246e-02 Phi: 4.7505695142e-15  Mag: 2.1938172724e-01 E_f =  2.1938172724e-01 + 1.0421881454e-15i
								Total Power Fwd: 1.04813 Rev: 0.0481283

			Extra Inter1
				Mode 0
					(fwd: 48,49):  Pow: 1.0481283422e+00 Phi: 2.1813839606e-16  Mag: 1.0237813938e+00 E_f =  1.0237813938e+00 + 2.2332603115e-16i
								Total Power Fwd: 1.04813 Rev: 0

		Interface (1): wg1:exp:c(0):I1(1) T = 300.15 NonLinear
			N1 = 1.7 (1.7) N2 = 1.1
				Tf^2 = 0.954082 Rf^2 = 0.0459184  Tb^2 = 0.954082 Rb^2 = 0.0459184 Tf+Rf = 1 Tb+Rb = 1 
			Rf = 0.214286 	Tf = 0.976771 	Rb = -0.214286 	Tb = 0.976771 

		 Output: l2:fixed:850
			l2:fixed:850 			Carrier Lambda: 850 nm --- E vars
				Mode 0
					(fwd: 42,44):  Pow: 9.9999999999e-01 Phi: 2.4843539551e-15  Mag: 1.0000000000e+00 E_f =  1.0000000000e+00 + 2.4843539551e-15i
					(rev: 43,45):  Pow: 0.0000000000e+00 Phi: 0.0000000000e+00  Mag: 0.0000000000e+00 E_f =  0.0000000000e+00 + 0.0000000000e+00i
								Total Power Fwd: 1 Rev: 0

			Extra
				Mode 0
					(fwd: 56,57):  Pow: 9.9999999999e-01 Phi: 2.4843539551e-15  Mag: 1.0000000000e+00 E_f =  1.0000000000e+00 + 2.4843539551e-15i
								Total Power Fwd: 1 Rev: 0

IndSource:                       v1 (V source)
			V: 1.0000000000e+00 I: 0.0000000000e+00 

IndSource:                       v2 (V source)
			V: 0.0000000000e+00 I: 0.0000000000e+00 

Cw_Source: cw1 
	 Channel : 0 -- n1: 18 n2: 20 -- Fixed Lambda
		 Freqshift: 0
			l1:fixed:850 			Carrier Lambda: 850 nm --- E vars
				Mode 0
					(fwd: 14,16):  Pow: 1.0000000000e+00 Phi: 0.0000000000e+00  Mag: 1.0000000000e+00 E_f =  1.0000000000e+00 + 0.0000000000e+00i
					(rev: 15,17):  Pow: 8.0730956470e-25 Phi: 3.1404596822e+00  Mag: 8.9850407050e-13 E_f =  -8.9850349383e-13 + 1.0179791816e-15i
								Total Power Fwd: 1 Rev: 8.0731e-25

Mirror: mir1
	Channel:0
			l2:fixed:850 			Carrier Lambda: 850 nm --- E vars
				Mode 0
					(fwd: 42,44):  Pow: 9.9999999999e-01 Phi: 2.4843539551e-15  Mag: 1.0000000000e+00 E_f =  1.0000000000e+00 + 2.4843539551e-15i
					(rev: 43,45):  Pow: 0.0000000000e+00 Phi: 0.0000000000e+00  Mag: 0.0000000000e+00 E_f =  0.0000000000e+00 + 0.0000000000e+00i
								Total Power Fwd: 1 Rev: 0



***** Node Operating Point Values 
	wg1                           	Port: 1 
	                              	mode: l1:fixed:850 
	                              		dir: FWD
	                              			TE Fields: 1.0000000000e+00 0.0000000000e+00 

	wg1                           	Port: 2 
	                              	mode: l2:fixed:850 
	                              		dir: FWD
	                              			TE Fields: 1.0000000000e+00 2.4843539551e-15 

	v1                            	Port:     1	V = 1.0000000000e+00
	v1                            	Port:     1	I = 0.0000000000e+00
	v1                            	Port:     2	I = -0.0000000000e+00
	v2                            	Port:     1	V = 0.0000000000e+00
	v2                            	Port:     1	I = 0.0000000000e+00
	v2                            	Port:     2	I = -0.0000000000e+00
	cw1                           	Port:     1	V = 1.0000000000e+00
	cw1                           	Port:     1	I = -0.0000000000e+00
	cw1                           	Port:     2	V = 0.0000000000e+00
	cw1                           	Port:     2	I = -0.0000000000e+00
	cw1                           	Port: 3 
	                              	mode: l1:fixed:850 
	                              		dir: FWD
	                              			TE Fields: 1.0000000000e+00 0.0000000000e+00 
	                              			TM Fields: 0.0000000000e+00 0.0000000000e+00 
	                              		dir: REV
	                              			TE Fields: -8.9850349383e-13 1.0179791816e-15 
	                              			TM Fields: 0.0000000000e+00 0.0000000000e+00 

	wg1                           	Port: 1 
	                              	mode: l1:fixed:850 
	                              		dir: FWD
	                              			TE Fields: 1.0000000000e+00 0.0000000000e+00 
	                              			TM Fields: 0.0000000000e+00 0.0000000000e+00 
	                              		dir: REV
	                              			TE Fields: -8.9850349383e-13 1.0179791816e-15 
	                              			TM Fields: 0.0000000000e+00 0.0000000000e+00 

	wg1                           	Port: 2 
	                              	mode: l2:fixed:850 
	                              		dir: FWD
	                              			TE Fields: 1.0000000000e+00 2.4843539551e-15 
	                              			TM Fields: 0.0000000000e+00 0.0000000000e+00 
	                              		dir: REV
	                              			TE Fields: 0.0000000000e+00 0.0000000000e+00 
	                              			TM Fields: 0.0000000000e+00 0.0000000000e+00 

	wg1:exp                       	Port: 1 
	                              	mode: l1:fixed:850 
	                              		dir: FWD
	                              			TE Fields: 1.0000000000e+00 0.0000000000e+00 
	                              			TM Fields: 0.0000000000e+00 0.0000000000e+00 
	                              		dir: REV
	                              			TE Fields: -8.9850349383e-13 1.0179791816e-15 
	                              			TM Fields: 0.0000000000e+00 0.0000000000e+00 

	wg1:exp                       	Port: 2 
	                              	mode: l2:fixed:850 
	                              		dir: FWD
	                              			TE Fields: 1.0000000000e+00 2.4843539551e-15 
	                              			TM Fields: 0.0000000000e+00 0.0000000000e+00 
	                              		dir: REV
	                              			TE Fields: 0.0000000000e+00 0.0000000000e+00 
	                              			TM Fields: 0.0000000000e+00 0.0000000000e+00 

	mir1                          	Port: 1 
	                              	mode: l2:fixed:850 
	                              		dir: FWD
	                              			TE Fields: 1.0000000000e+00 2.4843539551e-15 
	                              			TM Fields: 0.0000000000e+00 0.0000000000e+00 
	                              		dir: REV
	                              			TE Fields: 0.0000000000e+00 0.0000000000e+00 
	                              			TM Fields: 0.0000000000e+00 0.0000000000e+00 


***** 
After:

***** Element Operating point info:

MultiLayerFilterExp: wg1:exp 
	(Explicit Filtering -- T = 300.15 -- E to E)
	Channel: 0
		 Input: l1:fixed:850
			l1:fixed:850  Carrier Lambda: 850 nm  -- MP vars
				Mode 0
					(fwd: 14,16):  Pow: 1.0000000000e+00 Phi: 0.0000000000e+00  Mag: 1.0000000000e+00 E_f =  1.0000000000e+00 + 0.0000000000e+00i
					(rev: 15,17):  Pow: 8.0730956470e-25 Phi: 3.1404596822e+00  Mag: 8.9850407050e-13 E_f =  -8.9850349383e-13 + 1.0179791816e-15i
								Total Power Fwd: 1 Rev: 8.0731e-25

			Extra
					(rev: 46,47):  Pow: 8.0730956470e-25 Phi: 3.1404596822e+00  Mag: 8.9850407050e-13 E_f =  -8.9850349383e-13 + 1.0179791816e-15i
								Total Power Fwd: 0 Rev: 8.0731e-25

		Interface (0): wg1:exp:c(0):I1(0) T= 300.15 NonLinear
			N1 = 1.1 N2 = 1.7 (1.7)T = 300.15
				Tf^2 = 0.954082 Rf^2 = 0.0459184  Tb^2 = 0.954082 Rb^2 = 0.0459184 Tf+Rf = 1 Tb+Rb = 1 
			Rf = -0.214286 	Tf = 0.976771 	Rb = 0.214286 	Tb = 0.976771 

		 Layer (1) Phi= -12.5664 (-6.28319)  Atten = 1 N = 1.7 V1 = 0 V2 = 0 T = 300.15
			Inter1: wg1:exp:inter1(0):fixed:850 (MP)
			wg1:exp:inter1(0):fixed:850  Carrier Lambda: 850 nm  -- MP vars
				Mode 0
					(fwd: 26,28):  Pow: 1.0481283422e+00 Phi: 0.0000000000e+00  Mag: 1.0237813938e+00 E_f =  1.0237813938e+00 + 0.0000000000e+00i
					(rev: 27,29):  Pow: 4.8128342246e-02 Phi: -1.2566370614e+01  Mag: 2.1938172724e-01 E_f =  2.1938172724e-01 + 4.9716628364e-16i
								Total Power Fwd: 1.04813 Rev: 0.0481283

			Inter2: wg1:exp:inter2(0):fixed:850 (MP)
			wg1:exp:inter2(0):fixed:850  Carrier Lambda: 850 nm  -- MP vars
				Mode 0
					(fwd: 30,32):  Pow: 1.0481283422e+00 Phi: -1.2566370614e+01  Mag: 1.0237813938e+00 E_f =  1.0237813938e+00 + 2.3201093237e-15i
					(rev: 31,33):  Pow: 4.8128342246e-02 Phi: 0.0000000000e+00  Mag: 2.1938172724e-01 E_f =  2.1938172724e-01 + 0.0000000000e+00i
								Total Power Fwd: 1.04813 Rev: 0.0481283

			Inter3: wg1:exp:inter3(0):fixed:850 (MP) dt = 5.67059e-15
			wg1:exp:inter3(0):fixed:850  Carrier Lambda: 850 nm  -- MP vars
				Mode 0
					(fwd: 34,36):  Pow: 1.0481283422e+00 Phi: -1.2566370614e+01  Mag: 1.0237813938e+00 E_f =  1.0237813938e+00 + 2.3201093237e-15i
					(rev: 35,37):  Pow: 4.8128342246e-02 Phi: 0.0000000000e+00  Mag: 2.1938172724e-01 E_f =  2.1938172724e-01 + 0.0000000000e+00i
								Total Power Fwd: 1.04813 Rev: 0.0481283

			ExtraNodes (MP)
			Delay queues (MP):
				Mode 0
					(fwd: 38,39):  Pow: 1.0481283422e+00 Phi: -1.2566370614e+01  Mag: 1.0237813938e+00 E_f =  1.0237813938e+00 + 2.3201093237e-15i
					(rev: 40,41):  Pow: 4.8128342246e-02 Phi: -1.2566370614e+01  Mag: 2.1938172724e-01 E_f =  2.1938172724e-01 + 4.9716628364e-16i
								Total Power Fwd: 1.04813 Rev: 0.0481283

			Extra Inter1
				Mode 0
					(fwd: 48,49):  Pow: 1.0481283422e+00 Phi: 0.0000000000e+00  Mag: 1.0237813938e+00 E_f =  1.0237813938e+00 + 0.0000000000e+00i
								Total Power Fwd: 1.04813 Rev: 0

		Interface (1): wg1:exp:c(0):I1(1) T = 300.15 NonLinear
			N1 = 1.7 (1.7) N2 = 1.1
				Tf^2 = 0.954082 Rf^2 = 0.0459184  Tb^2 = 0.954082 Rb^2 = 0.0459184 Tf+Rf = 1 Tb+Rb = 1 
			Rf = 0.214286 	Tf = 0.976771 	Rb = -0.214286 	Tb = 0.976771 

		 Output: l2:fixed:850
			l2:fixed:850  Carrier Lambda: 850 nm  -- MP vars
				Mode 0
					(fwd: 42,44):  Pow: 9.9999999999e-01 Phi: 2.4843539551e-15  Mag: 1.0000000000e+00 E_f =  1.0000000000e+00 + 2.4843539551e-15i
					(rev: 43,45):  Pow: 0.0000000000e+00 Phi: 0.0000000000e+00  Mag: 0.0000000000e+00 E_f =  0.0000000000e+00 + 0.0000000000e+00i
								Total Power Fwd: 1 Rev: 0

			Extra
				Mode 0
					(fwd: 56,57):  Pow: 9.9999999999e-01 Phi: 2.4843539551e-15  Mag: 1.0000000000e+00 E_f =  1.0000000000e+00 + 2.4843539551e-15i
								Total Power Fwd: 1 Rev: 0

IndSource:                       v1 (V source)
			V: 1.0000000000e+00 I: 0.0000000000e+00 

IndSource:                       v2 (V source)
			V: 0.0000000000e+00 I: 0.0000000000e+00 

Cw_Source: cw1 
	 Channel : 0 -- n1: 18 n2: 20 -- Fixed Lambda
		 Freqshift: 0
			l1:fixed:850  Carrier Lambda: 850 nm  -- MP vars
				Mode 0
					(fwd: 14,16):  Pow: 1.0000000000e+00 Phi: 0.0000000000e+00  Mag: 1.0000000000e+00 E_f =  1.0000000000e+00 + 0.0000000000e+00i
					(rev: 15,17):  Pow: 8.0730956470e-25 Phi: 3.1404596822e+00  Mag: 8.9850407050e-13 E_f =  -8.9850349383e-13 + 1.0179791816e-15i
								Total Power Fwd: 1 Rev: 8.0731e-25

Mirror: mir1
	Channel:0
			l2:fixed:850  Carrier Lambda: 850 nm  -- MP vars
				Mode 0
					(fwd: 42,44):  Pow: 9.9999999999e-01 Phi: 2.4843539551e-15  Mag: 1.0000000000e+00 E_f =  1.0000000000e+00 + 2.4843539551e-15i
					(rev: 43,45):  Pow: 0.0000000000e+00 Phi: 0.0000000000e+00  Mag: 0.0000000000e+00 E_f =  0.0000000000e+00 + 0.0000000000e+00i
								Total Power Fwd: 1 Rev: 0



***** Node Operating Point Values 
	wg1                           	Port: 1 
	                              	mode: l1:fixed:850 
	                              		dir: FWD
	                              			TE Fields: 1.0000000000e+00 0.0000000000e+00 

	wg1                           	Port: 2 
	                              	mode: l2:fixed:850 
	                              		dir: FWD
	                              			TE Fields: 1.0000000000e+00 2.4843539551e-15 

	v1                            	Port:     1	V = 1.0000000000e+00
	v1                            	Port:     1	I = 0.0000000000e+00
	v1                            	Port:     2	I = -0.0000000000e+00
	v2                            	Port:     1	V = 0.0000000000e+00
	v2                            	Port:     1	I = 0.0000000000e+00
	v2                            	Port:     2	I = -0.0000000000e+00
	cw1                           	Port:     1	V = 1.0000000000e+00
	cw1                           	Port:     1	I = -0.0000000000e+00
	cw1                           	Port:     2	V = 0.0000000000e+00
	cw1                           	Port:     2	I = -0.0000000000e+00
	cw1                           	Port: 3 
	                              	mode: l1:fixed:850 
	                              		dir: FWD
	                              			TE Fields: 1.0000000000e+00 0.0000000000e+00 
	                              			TM Fields: 0.0000000000e+00 0.0000000000e+00 
	                              		dir: REV
	                              			TE Fields: -8.9850349383e-13 1.0179791816e-15 
	                              			TM Fields: 0.0000000000e+00 0.0000000000e+00 

	wg1                           	Port: 1 
	                              	mode: l1:fixed:850 
	                              		dir: FWD
	                              			TE Fields: 1.0000000000e+00 0.0000000000e+00 
	                              			TM Fields: 0.0000000000e+00 0.0000000000e+00 
	                              		dir: REV
	                              			TE Fields: -8.9850349383e-13 1.0179791816e-15 
	                              			TM Fields: 0.0000000000e+00 0.0000000000e+00 

	wg1                           	Port: 2 
	                              	mode: l2:fixed:850 
	                              		dir: FWD
	                              			TE Fields: 1.0000000000e+00 2.4843539551e-15 
	                              			TM Fields: 0.0000000000e+00 0.0000000000e+00 
	                              		dir: REV
	                              			TE Fields: 0.0000000000e+00 0.0000000000e+00 
	                              			TM Fields: 0.0000000000e+00 0.0000000000e+00 

	wg1:exp                       	Port: 1 
	                              	mode: l1:fixed:850 
	                              		dir: FWD
	                              			TE Fields: 1.0000000000e+00 0.0000000000e+00 
	                              			TM Fields: 0.0000000000e+00 0.0000000000e+00 
	                              		dir: REV
	                              			TE Fields: -8.9850349383e-13 1.0179791816e-15 
	                              			TM Fields: 0.0000000000e+00 0.0000000000e+00 

	wg1:exp                       	Port: 2 
	                              	mode: l2:fixed:850 
	                              		dir: FWD
	                              			TE Fields: 1.0000000000e+00 2.4843539551e-15 
	                              			TM Fields: 0.0000000000e+00 0.0000000000e+00 
	                              		dir: REV
	                              			TE Fields: 0.0000000000e+00 0.0000000000e+00 
	                              			TM Fields: 0.0000000000e+00 0.0000000000e+00 

	mir1                          	Port: 1 
	                              	mode: l2:fixed:850 
	                              		dir: FWD
	                              			TE Fields: 1.0000000000e+00 2.4843539551e-15 
	                              			TM Fields: 0.0000000000e+00 0.0000000000e+00 
	                              		dir: REV
	                              			TE Fields: 0.0000000000e+00 0.0000000000e+00 
	                              			TM Fields: 0.0000000000e+00 0.0000000000e+00 


***** 


Convergence failed at node: 17 15 (1.5637048441469226e+00 : 1.6490265225497464e-01 : 1.5637048441469225e-06 : 1.0000000000000000e-03 : 5.6405964862474571e-12 )

		DC iterations =  6 (extra 1). Cond 2.32536e-12
			Total num iter: 11
X: 8.500000000000000e+02 1.000000000000000e+00 1.000000000000000e+00 0.000000000000000e+00 -0.000000000000000e+00 -0.000000000000000e+00 0.000000000000000e+00 0.000000000000000e+00 0.000000000000000e+00 0.000000000000000e+00 -0.000000000000000e+00 -0.000000000000000e+00 0.000000000000000e+00 1.000000000000000e+00 5.717299911325651e-12 0.000000000000000e+00 1.728605735388330e+00 1.000000000000000e+00 -0.000000000000000e+00 -0.000000000000000e+00 -0.000000000000000e+00 1.000000000000000e+00 0.000000000000000e+00 0.000000000000000e+00 0.000000000000000e+00 1.023781393776762e+00 2.193817272372193e-01 1.209912055601300e-12 -1.256637061433282e+01 1.023781393775738e+00 2.193817272374387e-01 -1.256637061434539e+01 1.377969102381022e-11 1.023781393775738e+00 2.193817272374387e-01 -1.256637061434539e+01 1.377969102381022e-11 1.023781393775738e+00 -1.256637061434539e+01 2.193817272372193e-01 -1.256637061433282e+01 9.999999999968072e-01 0.000000000000000e+00 1.377969102381022e-11 0.000000000000000e+00 5.717299911325651e-12 1.728605735388330e+00 1.023781393776762e+00 1.209912055601300e-12 0.000000000000000e+00 0.000000000000000e+00 0.000000000000000e+00 0.000000000000000e+00 2.193817272374387e-01 1.377969102381022e-11 9.999999999968072e-01 1.377969102381022e-11 0.000000000000000e+00 0.000000000000000e+00 0.000000000000000e+00 0.000000000000000e+00 0.000000000000000e+00 0.000000000000000e+00 0.000000000000000e+00 0.000000000000000e+00 

Operating point
850 1 1 0 -0 -0 0 0 0 0 -0 -0 0 1 5.7173e-12 0 1.72861 1 -0 -0 -0 1 0 0 0 1.02378 0.219382 1.20991e-12 -12.5664 1.02378 0.219382 -12.5664 1.37797e-11 1.02378 0.219382 -12.5664 1.37797e-11 1.02378 -12.5664 0.219382 -12.5664 1 0 1.37797e-11 0 5.7173e-12 1.72861 1.02378 1.20991e-12 0 0 0 0 0.219382 1.37797e-11 1 1.37797e-11 0 0 0 0 0 0 0 0 

Transient

***** Element Operating point info:

MultiLayerFilterExp: wg1:exp 
	(Explicit Filtering -- T = 300.15 -- E to E)
	Channel: 0
		 Input: l1:fixed:850
			l1:fixed:850  Carrier Lambda: 850 nm  -- MP vars
				Mode 0
					(fwd: 14,16):  Pow: 1.0000000000e+00 Phi: 0.0000000000e+00  Mag: 1.0000000000e+00 E_f =  1.0000000000e+00 + 0.0000000000e+00i
					(rev: 15,17):  Pow: 3.2687518276e-23 Phi: 1.7286057354e+00  Mag: 5.7172999113e-12 E_f =  -8.9850349382e-13 + 5.6462562595e-12i
								Total Power Fwd: 1 Rev: 3.26875e-23

			Extra
					(rev: 46,47):  Pow: 3.2687518276e-23 Phi: 1.7286057354e+00  Mag: 5.7172999113e-12 E_f =  -8.9850349382e-13 + 5.6462562595e-12i
								Total Power Fwd: 0 Rev: 3.26875e-23

		Interface (0): wg1:exp:c(0):I1(0) T= 300.15 NonLinear
			N1 = 1.1 N2 = 1.7 (1.7)T = 300.15
				Tf^2 = 0.954082 Rf^2 = 0.0459184  Tb^2 = 0.954082 Rb^2 = 0.0459184 Tf+Rf = 1 Tb+Rb = 1 
			Rf = -0.214286 	Tf = 0.976771 	Rb = 0.214286 	Tb = 0.976771 

		 Layer (1) Phi= -12.5664 (-6.28319)  Atten = 1 N = 1.7 V1 = 0 V2 = 0 T = 300.15
			Inter1: wg1:exp:inter1(0):fixed:850 (MP)
			wg1:exp:inter1(0):fixed:850  Carrier Lambda: 850 nm  -- MP vars
				Mode 0
					(fwd: 26,28):  Pow: 1.0481283422e+00 Phi: 1.2099120556e-12  Mag: 1.0237813938e+00 E_f =  1.0237813938e+00 + 1.2386854506e-12i
					(rev: 27,29):  Pow: 4.8128342246e-02 Phi: -1.2566370614e+01  Mag: 2.1938172724e-01 E_f =  2.1938172724e-01 + 5.7805310016e-12i
								Total Power Fwd: 1.04813 Rev: 0.0481283

			Inter2: wg1:exp:inter2(0):fixed:850 (MP)
			wg1:exp:inter2(0):fixed:850  Carrier Lambda: 850 nm  -- MP vars
				Mode 0
					(fwd: 30,32):  Pow: 1.0481283422e+00 Phi: -1.2566370614e+01  Mag: 1.0237813938e+00 E_f =  1.0237813938e+00 + 1.4107390093e-11i
					(rev: 31,33):  Pow: 4.8128342246e-02 Phi: 1.3779691024e-11  Mag: 2.1938172724e-01 E_f =  2.1938172724e-01 + 3.0230124176e-12i
								Total Power Fwd: 1.04813 Rev: 0.0481283

			Inter3: wg1:exp:inter3(0):fixed:850 (MP) dt = 5.67059e-15
			wg1:exp:inter3(0):fixed:850  Carrier Lambda: 850 nm  -- MP vars
				Mode 0
					(fwd: 34,36):  Pow: 1.0481283422e+00 Phi: -1.2566370614e+01  Mag: 1.0237813938e+00 E_f =  1.0237813938e+00 + 1.4107390093e-11i
					(rev: 35,37):  Pow: 4.8128342246e-02 Phi: 1.3779691024e-11  Mag: 2.1938172724e-01 E_f =  2.1938172724e-01 + 3.0230124176e-12i
								Total Power Fwd: 1.04813 Rev: 0.0481283

			ExtraNodes (MP)
			Delay queues (MP):
				Mode 0
					(fwd: 38,39):  Pow: 1.0481283422e+00 Phi: -1.2566370614e+01  Mag: 1.0237813938e+00 E_f =  1.0237813938e+00 + 1.4107390093e-11i
					(rev: 40,41):  Pow: 4.8128342246e-02 Phi: -1.2566370614e+01  Mag: 2.1938172724e-01 E_f =  2.1938172724e-01 + 5.7805310016e-12i
								Total Power Fwd: 1.04813 Rev: 0.0481283

			Extra Inter1
				Mode 0
					(fwd: 48,49):  Pow: 1.0481283422e+00 Phi: 1.2099120556e-12  Mag: 1.0237813938e+00 E_f =  1.0237813938e+00 + 1.2386854506e-12i
								Total Power Fwd: 1.04813 Rev: 0

		Interface (1): wg1:exp:c(0):I1(1) T = 300.15 NonLinear
			N1 = 1.7 (1.7) N2 = 1.1
				Tf^2 = 0.954082 Rf^2 = 0.0459184  Tb^2 = 0.954082 Rb^2 = 0.0459184 Tf+Rf = 1 Tb+Rb = 1 
			Rf = 0.214286 	Tf = 0.976771 	Rb = -0.214286 	Tb = 0.976771 

		 Output: l2:fixed:850
			l2:fixed:850  Carrier Lambda: 850 nm  -- MP vars
				Mode 0
					(fwd: 42,44):  Pow: 9.9999999999e-01 Phi: 1.3779691024e-11  Mag: 1.0000000000e+00 E_f =  1.0000000000e+00 + 1.3779691024e-11i
					(rev: 43,45):  Pow: 0.0000000000e+00 Phi: 0.0000000000e+00  Mag: 0.0000000000e+00 E_f =  0.0000000000e+00 + 0.0000000000e+00i
								Total Power Fwd: 1 Rev: 0

			Extra
				Mode 0
					(fwd: 56,57):  Pow: 9.9999999999e-01 Phi: 1.3779691024e-11  Mag: 1.0000000000e+00 E_f =  1.0000000000e+00 + 1.3779691024e-11i
								Total Power Fwd: 1 Rev: 0

IndSource:                       v1 (V source)
			V: 1.0000000000e+00 I: 0.0000000000e+00 

IndSource:                       v2 (V source)
			V: 0.0000000000e+00 I: 0.0000000000e+00 

Cw_Source: cw1 
	 Channel : 0 -- n1: 18 n2: 20 -- Fixed Lambda
		 Freqshift: 0
			l1:fixed:850  Carrier Lambda: 850 nm  -- MP vars
				Mode 0
					(fwd: 14,16):  Pow: 1.0000000000e+00 Phi: 0.0000000000e+00  Mag: 1.0000000000e+00 E_f =  1.0000000000e+00 + 0.0000000000e+00i
					(rev: 15,17):  Pow: 3.2687518276e-23 Phi: 1.7286057354e+00  Mag: 5.7172999113e-12 E_f =  -8.9850349382e-13 + 5.6462562595e-12i
								Total Power Fwd: 1 Rev: 3.26875e-23

Mirror: mir1
	Channel:0
			l2:fixed:850  Carrier Lambda: 850 nm  -- MP vars
				Mode 0
					(fwd: 42,44):  Pow: 9.9999999999e-01 Phi: 1.3779691024e-11  Mag: 1.0000000000e+00 E_f =  1.0000000000e+00 + 1.3779691024e-11i
					(rev: 43,45):  Pow: 0.0000000000e+00 Phi: 0.0000000000e+00  Mag: 0.0000000000e+00 E_f =  0.0000000000e+00 + 0.0000000000e+00i
								Total Power Fwd: 1 Rev: 0



***** Node Operating Point Values 
	wg1                           	Port: 1 
	                              	mode: l1:fixed:850 
	                              		dir: FWD
	                              			TE Fields: 1.0000000000e+00 0.0000000000e+00 

	wg1                           	Port: 2 
	                              	mode: l2:fixed:850 
	                              		dir: FWD
	                              			TE Fields: 1.0000000000e+00 1.3779691024e-11 

	v1                            	Port:     1	V = 1.0000000000e+00
	v1                            	Port:     1	I = 0.0000000000e+00
	v1                            	Port:     2	I = -0.0000000000e+00
	v2                            	Port:     1	V = 0.0000000000e+00
	v2                            	Port:     1	I = 0.0000000000e+00
	v2                            	Port:     2	I = -0.0000000000e+00
	cw1                           	Port:     1	V = 1.0000000000e+00
	cw1                           	Port:     1	I = -0.0000000000e+00
	cw1                           	Port:     2	V = 0.0000000000e+00
	cw1                           	Port:     2	I = -0.0000000000e+00
	cw1                           	Port: 3 
	                              	mode: l1:fixed:850 
	                              		dir: FWD
	                              			TE Fields: 1.0000000000e+00 0.0000000000e+00 
	                              			TM Fields: 0.0000000000e+00 0.0000000000e+00 
	                              		dir: REV
	                              			TE Fields: -8.9850349382e-13 5.6462562595e-12 
	                              			TM Fields: 0.0000000000e+00 0.0000000000e+00 

	wg1                           	Port: 1 
	                              	mode: l1:fixed:850 
	                              		dir: FWD
	                              			TE Fields: 1.0000000000e+00 0.0000000000e+00 
	                              			TM Fields: 0.0000000000e+00 0.0000000000e+00 
	                              		dir: REV
	                              			TE Fields: -8.9850349382e-13 5.6462562595e-12 
	                              			TM Fields: 0.0000000000e+00 0.0000000000e+00 

	wg1                           	Port: 2 
	                              	mode: l2:fixed:850 
	                              		dir: FWD
	                              			TE Fields: 1.0000000000e+00 1.3779691024e-11 
	                              			TM Fields: 0.0000000000e+00 0.0000000000e+00 
	                              		dir: REV
	                              			TE Fields: 0.0000000000e+00 0.0000000000e+00 
	                              			TM Fields: 0.0000000000e+00 0.0000000000e+00 

	wg1:exp                       	Port: 1 
	                              	mode: l1:fixed:850 
	                              		dir: FWD
	                              			TE Fields: 1.0000000000e+00 0.0000000000e+00 
	                              			TM Fields: 0.0000000000e+00 0.0000000000e+00 
	                              		dir: REV
	                              			TE Fields: -8.9850349382e-13 5.6462562595e-12 
	                              			TM Fields: 0.0000000000e+00 0.0000000000e+00 

	wg1:exp                       	Port: 2 
	                              	mode: l2:fixed:850 
	                              		dir: FWD
	                              			TE Fields: 1.0000000000e+00 1.3779691024e-11 
	                              			TM Fields: 0.0000000000e+00 0.0000000000e+00 
	                              		dir: REV
	                              			TE Fields: 0.0000000000e+00 0.0000000000e+00 
	                              			TM Fields: 0.0000000000e+00 0.0000000000e+00 

	mir1                          	Port: 1 
	                              	mode: l2:fixed:850 
	                              		dir: FWD
	                              			TE Fields: 1.0000000000e+00 1.3779691024e-11 
	                              			TM Fields: 0.0000000000e+00 0.0000000000e+00 
	                              		dir: REV
	                              			TE Fields: 0.0000000000e+00 0.0000000000e+00 
	                              			TM Fields: 0.0000000000e+00 0.0000000000e+00 


***** 
Transient ... 

t: 1e-13 t(sc) 1e-05 iter: 1 repeat_nr_iter: 0 h: 1e-05 Status: MP BACKE PhiWrapSimple

new h (LTE): 0.00351916 : d3 46 196.54 : h 46 0.00351916 

	D3: x: 1.72861 x1: 1.72861 x2: 1.72861 x3: 1.72861
new h (Growth limit): 2e-05 

t = 1e-13 (0%)
t: 3e-13 t(sc) 3e-05 iter: 1 repeat_nr_iter: 0 h: 2e-05 Status: MP BACKE PhiWrapLinear

new h (LTE): 0.00398921 : d3 56 5.48429e-09 : h 46 0.00398921 

	D3: x: 1.37797e-11 x1: 1.37797e-11 x2: 1.37797e-11 x3: 1.37797e-11
new h (Growth limit): 4e-05 

t: 7e-13 t(sc) 7e-05 iter: 1 repeat_nr_iter: 0 h: 4e-05 Status: MP BACKE PhiWrapLinear

new h (LTE): 0.0138566 : d3 46 12.6769 : h 46 0.0138566 

	D3: x: 1.72861 x1: 1.72861 x2: 1.72861 x3: 1.72861
new h (Growth limit): 8e-05 

t: 1.5e-12 t(sc) 0.00015 iter: 1 repeat_nr_iter: 0 h: 8e-05 Status: MP BACKE PhiWrapLinear

new h (LTE): 0.0505603 : d3 56 3.1376e-11 : h 46 0.0505603 

	D3: x: 1.37797e-11 x1: 1.37797e-11 x2: 1.37797e-11 x3: 1.37797e-11
new h (Growth limit): 0.00016 

t: 3.1e-12 t(sc) 0.00031 iter: 1 repeat_nr_iter: 0 h: 0.00016 Status: MP BACKE PhiWrapLinear

new h (LTE): 0.211352 : d3 46 0.0544901 : h 46 0.211352 

	D3: x: 1.72861 x1: 1.72861 x2: 1.72861 x3: 1.72861
new h (Growth limit): 0.00032 
Switching integration method and stepping back one step at 1.5e-12 to Trap
t: 3.1e-12 t(sc) 0.00031 iter: 1 repeat_nr_iter: 0 h: 0.00016 Status: MP TRAP PhiWrapLinear

new h (LTE): 0.00342984 : d3 46 3620.19 : h 46 0.00342984 

	D3: x: 1.72861 x1: 1.72861 x2: 1.72861 x3: 1.72861
new h (Growth limit): 0.00032 

t: 6.3e-12 t(sc) 0.00063 iter: 1 repeat_nr_iter: 0 h: 0.00032 Status: MP TRAP PhiWrapLinear

new h (LTE): 0.0103508 : d3 56 5.20806e-09 : h 46 0.0103508 

	D3: x: 1.37797e-11 x1: 1.37797e-11 x2: 1.37797e-11 x3: 1.37797e-11
new h (Growth limit): 0.00064 

t: 1.27e-11 t(sc) 0.00127 iter: 1 repeat_nr_iter: 0 h: 0.00064 Status: MP TRAP PhiWrapLinear

new h (LTE): 0.021302 : d3 46 15.1102 : h 46 0.021302 

	D3: x: 1.72861 x1: 1.72861 x2: 1.72861 x3: 1.72861
new h (Growth limit): 0.00128 

t: 2.55e-11 t(sc) 0.00255 iter: 1 repeat_nr_iter: 0 h: 0.00128 Status: MP TRAP PhiWrapLinear

new h (LTE): 0.0370135 : d3 56 1.03186e-10 : h 46 0.0370135 

	D3: x: 1.37797e-11 x1: 1.37797e-11 x2: 1.37797e-11 x3: 1.37797e-11
new h (Growth limit): 0.00256 

t: 5.11e-11 t(sc) 0.00511 iter: 1 repeat_nr_iter: 0 h: 0.00256 Status: MP TRAP PhiWrapLinear

new h (LTE): 0.0641391 : d3 46 0.553538 : h 46 0.0641391 

	D3: x: 1.72861 x1: 1.72861 x2: 1.72861 x3: 1.72861
new h (Growth limit): 0.00512 

t: 1.023e-10 t(sc) 0.01023 iter: 1 repeat_nr_iter: 0 h: 0.00512 Status: MP TRAP PhiWrapLinear

new h (LTE): 0.111031 : d3 56 3.87244e-12 : h 46 0.111031 

	D3: x: 1.37797e-11 x1: 1.37797e-11 x2: 1.37797e-11 x3: 1.37797e-11
new h (Growth limit): 0.01024 
Switching integration method and stepping back two steps at 1.27e-11 to BE
t: 2.55e-11 t(sc) 0.00255 iter: 1 repeat_nr_iter: 0 h: 0.00128 Status: MP BACKE PhiWrapLinear

new h (LTE): 1.31827 : d3 56 5.05322e-14 : h 46 1.31827 

	D3: x: 1.37797e-11 x1: 1.37797e-11 x2: 1.37797e-11 x3: 1.37797e-11
new h (Growth limit): 0.00256 

t: 5.11e-11 t(sc) 0.00511 iter: 1 repeat_nr_iter: 0 h: 0.00256 Status: MP BACKE PhiWrapLinear

new h (LTE): 2.64575 : d3 46 0.000221073 : h 3 2.64575 

	D3: x: 1.72861 x1: 1.72861 x2: 1.72861 x3: 1.72861
new h (Growth limit): 0.00512 

t: 1.023e-10 t(sc) 0.01023 iter: 1 repeat_nr_iter: 0 h: 0.00512 Status: MP BACKE PhiWrapLinear

new h (LTE): 2.64575 : d3 56 5.47657e-16 : h 3 2.64575 

	D3: x: 1.37797e-11 x1: 1.37797e-11 x2: 1.37797e-11 x3: 1.37797e-11
new h (Growth limit): 0.01024 

t: 2.047e-10 t(sc) 0.02047 iter: 1 repeat_nr_iter: 0 h: 0.01024 Status: MP BACKE PhiWrapLinear

new h (LTE): 2.64575 : d3 46 1.02415e-06 : h 3 2.64575 

	D3: x: 1.72861 x1: 1.72861 x2: 1.72861 x3: 1.72861
new h (Growth limit): 0.02048 
new h (Max): 0.02 

t: 4.047e-10 t(sc) 0.04047 iter: 1 repeat_nr_iter: 0 h: 0.02 Status: MP BACKE PhiWrapLinear

new h (LTE): 2.64575 : d3 56 2.58703e-18 : h 3 2.64575 

	D3: x: 1.37797e-11 x1: 1.37797e-11 x2: 1.37797e-11 x3: 1.37797e-11
new h (Growth limit): 0.04 
new h (Max): 0.02 
Switching integration method and stepping back one step at 2.047e-10 to Trap
t: 4.047e-10 t(sc) 0.04047 iter: 1 repeat_nr_iter: 0 h: 0.02 Status: MP TRAP PhiWrapLinear

new h (LTE): 1.67245 : d3 56 1.13496e-15 : h 46 1.67245 

	D3: x: 1.37797e-11 x1: 1.37797e-11 x2: 1.37797e-11 x3: 1.37797e-11
new h (Growth limit): 0.04 
new h (Max): 0.02 

t: 6.047e-10 t(sc) 0.06047 iter: 1 repeat_nr_iter: 0 h: 0.02 Status: MP TRAP PhiWrapLinear

new h (LTE): 1.91292 : d3 46 2.25431e-06 : h 3 1.91292 

	D3: x: 1.72861 x1: 1.72861 x2: 1.72861 x3: 1.72861
new h (Growth limit): 0.04 
new h (Max): 0.02 

t = 6.047e-10 (5%)
t: 8.047e-10 t(sc) 0.08047 iter: 1 repeat_nr_iter: 0 h: 0.02 Status: MP TRAP PhiWrapLinear

new h (LTE): 1.91292 : d3 56 5.17088e-17 : h 3 1.91292 

	D3: x: 1.37797e-11 x1: 1.37797e-11 x2: 1.37797e-11 x3: 1.37797e-11
new h (Growth limit): 0.04 
new h (Max): 0.02 

t: 1.0047e-09 t(sc) 0.10047 iter: 1 repeat_nr_iter: 0 h: 0.02 Status: MP TRAP PhiWrapLinear

new h (LTE): 1.91292 : d3 46 2.19696e-06 : h 3 1.91292 

	D3: x: 1.72861 x1: 1.72861 x2: 1.72861 x3: 1.72861
new h (Growth limit): 0.04 
new h (Max): 0.02 

t = 1.0047e-09 (10%)
t: 1.2047e-09 t(sc) 0.12047 iter: 1 repeat_nr_iter: 0 h: 0.02 Status: MP TRAP PhiWrapLinear

new h (LTE): 1.91292 : d3 56 1.23511e-16 : h 3 1.91292 

	D3: x: 1.37797e-11 x1: 1.37797e-11 x2: 1.37797e-11 x3: 1.37797e-11
new h (Growth limit): 0.04 
new h (Max): 0.02 

t: 1.4047e-09 t(sc) 0.14047 iter: 1 repeat_nr_iter: 0 h: 0.02 Status: MP TRAP PhiWrapLinear

new h (LTE): 1.91292 : d3 46 5.24689e-06 : h 3 1.91292 

	D3: x: 1.72861 x1: 1.72861 x2: 1.72861 x3: 1.72861
new h (Growth limit): 0.04 
new h (Max): 0.02 

t: 1.6047e-09 t(sc) 0.16047 iter: 1 repeat_nr_iter: 0 h: 0.02 Status: MP TRAP PhiWrapLinear

new h (LTE): 1.91292 : d3 56 2.94991e-16 : h 3 1.91292 

	D3: x: 1.37797e-11 x1: 1.37797e-11 x2: 1.37797e-11 x3: 1.37797e-11
new h (Growth limit): 0.04 
new h (Max): 0.02 

t = 1.6047e-09 (15%)
t: 1.8047e-09 t(sc) 0.18047 iter: 1 repeat_nr_iter: 0 h: 0.02 Status: MP TRAP PhiWrapLinear

new h (LTE): 1.91292 : d3 46 1.25313e-05 : h 3 1.91292 

	D3: x: 1.72861 x1: 1.72861 x2: 1.72861 x3: 1.72861
new h (Growth limit): 0.04 
new h (Max): 0.02 

t: 2.0047e-09 t(sc) 0.20047 iter: 1 repeat_nr_iter: 0 h: 0.02 Status: MP TRAP PhiWrapLinear

new h (LTE): 1.91292 : d3 56 7.04544e-16 : h 3 1.91292 

	D3: x: 1.37797e-11 x1: 1.37797e-11 x2: 1.37797e-11 x3: 1.37797e-11
new h (Growth limit): 0.04 
new h (Max): 0.02 

t = 2.0047e-09 (20%)
t: 2.2047e-09 t(sc) 0.22047 iter: 1 repeat_nr_iter: 0 h: 0.02 Status: MP TRAP PhiWrapLinear

new h (LTE): 1.69614 : d3 46 2.9929e-05 : h 46 1.69614 

	D3: x: 1.72861 x1: 1.72861 x2: 1.72861 x3: 1.72861
new h (Growth limit): 0.04 
new h (Max): 0.02 

t: 2.4047e-09 t(sc) 0.24047 iter: 1 repeat_nr_iter: 0 h: 0.02 Status: MP TRAP PhiWrapLinear

new h (LTE): 1.46705 : d3 56 1.6827e-15 : h 46 1.46705 

	D3: x: 1.37797e-11 x1: 1.37797e-11 x2: 1.37797e-11 x3: 1.37797e-11
new h (Growth limit): 0.04 
new h (Max): 0.02 

t: 2.6047e-09 t(sc) 0.26047 iter: 1 repeat_nr_iter: 0 h: 0.02 Status: MP TRAP PhiWrapLinear

new h (LTE): 1.26891 : d3 46 7.14808e-05 : h 46 1.26891 

	D3: x: 1.72861 x1: 1.72861 x2: 1.72861 x3: 1.72861
new h (Growth limit): 0.04 
new h (Max): 0.02 

t = 2.6047e-09 (25%)
t: 2.8047e-09 t(sc) 0.28047 iter: 1 repeat_nr_iter: 0 h: 0.02 Status: MP TRAP PhiWrapLinear

new h (LTE): 1.09752 : d3 56 4.01887e-15 : h 46 1.09752 

	D3: x: 1.37797e-11 x1: 1.37797e-11 x2: 1.37797e-11 x3: 1.37797e-11
new h (Growth limit): 0.04 
new h (Max): 0.02 

t: 3.0047e-09 t(sc) 0.30047 iter: 1 repeat_nr_iter: 0 h: 0.02 Status: MP TRAP PhiWrapLinear

new h (LTE): 0.949288 : d3 46 0.000170721 : h 46 0.949288 

	D3: x: 1.72861 x1: 1.72861 x2: 1.72861 x3: 1.72861
new h (Growth limit): 0.04 
new h (Max): 0.02 

t = 3.0047e-09 (30%)
t: 3.2047e-09 t(sc) 0.32047 iter: 1 repeat_nr_iter: 0 h: 0.02 Status: MP TRAP PhiWrapLinear

new h (LTE): 0.821074 : d3 56 9.59847e-15 : h 46 0.821074 

	D3: x: 1.37797e-11 x1: 1.37797e-11 x2: 1.37797e-11 x3: 1.37797e-11
new h (Growth limit): 0.04 
new h (Max): 0.02 
Switching integration method and stepping back two steps at 2.6047e-09 to BE
t: 2.8047e-09 t(sc) 0.28047 iter: 1 repeat_nr_iter: 0 h: 0.02 Status: MP BACKE PhiWrapLinear

new h (LTE): 2.64575 : d3 56 1.01958e-16 : h 3 2.64575 

	D3: x: 1.37797e-11 x1: 1.37797e-11 x2: 1.37797e-11 x3: 1.37797e-11
new h (Growth limit): 0.04 
new h (Max): 0.02 

t: 3.0047e-09 t(sc) 0.30047 iter: 1 repeat_nr_iter: 0 h: 0.02 Status: MP BACKE PhiWrapLinear

new h (LTE): 2.64575 : d3 46 1.55475e-06 : h 3 2.64575 

	D3: x: 1.72861 x1: 1.72861 x2: 1.72861 x3: 1.72861
new h (Growth limit): 0.04 
new h (Max): 0.02 

t: 3.2047e-09 t(sc) 0.32047 iter: 1 repeat_nr_iter: 0 h: 0.02 Status: MP BACKE PhiWrapLinear

new h (LTE): 2.64575 : d3 56 1.54252e-17 : h 3 2.64575 

	D3: x: 1.37797e-11 x1: 1.37797e-11 x2: 1.37797e-11 x3: 1.37797e-11
new h (Growth limit): 0.04 
new h (Max): 0.02 

t: 3.4047e-09 t(sc) 0.34047 iter: 1 repeat_nr_iter: 0 h: 0.02 Status: MP BACKE PhiWrapLinear

new h (LTE): 2.64575 : d3 46 1.1562e-07 : h 3 2.64575 

	D3: x: 1.72861 x1: 1.72861 x2: 1.72861 x3: 1.72861
new h (Growth limit): 0.04 
new h (Max): 0.02 

t: 3.6047e-09 t(sc) 0.36047 iter: 1 repeat_nr_iter: 0 h: 0.02 Status: MP BACKE PhiWrapLinear

new h (LTE): 2.64575 : d3 56 1.1471e-18 : h 3 2.64575 

	D3: x: 1.37797e-11 x1: 1.37797e-11 x2: 1.37797e-11 x3: 1.37797e-11
new h (Growth limit): 0.04 
new h (Max): 0.02 
Switching integration method and stepping back one step at 3.4047e-09 to Trap
t: 3.6047e-09 t(sc) 0.36047 iter: 1 repeat_nr_iter: 0 h: 0.02 Status: MP TRAP PhiWrapLinear

new h (LTE): 1.91292 : d3 56 9.3323e-17 : h 3 1.91292 

	D3: x: 1.37797e-11 x1: 1.37797e-11 x2: 1.37797e-11 x3: 1.37797e-11
new h (Growth limit): 0.04 
new h (Max): 0.02 

t = 3.6047e-09 (35%)
t: 3.8047e-09 t(sc) 0.38047 iter: 1 repeat_nr_iter: 0 h: 0.02 Status: MP TRAP PhiWrapLinear

new h (LTE): 1.91292 : d3 46 1.21131e-06 : h 3 1.91292 

	D3: x: 1.72861 x1: 1.72861 x2: 1.72861 x3: 1.72861
new h (Growth limit): 0.04 
new h (Max): 0.02 

t: 4.0047e-09 t(sc) 0.40047 iter: 1 repeat_nr_iter: 0 h: 0.02 Status: MP TRAP PhiWrapLinear

new h (LTE): 1.91292 : d3 56 5.30833e-17 : h 3 1.91292 

	D3: x: 1.37797e-11 x1: 1.37797e-11 x2: 1.37797e-11 x3: 1.37797e-11
new h (Growth limit): 0.04 
new h (Max): 0.02 

t = 4.0047e-09 (40%)
t: 4.2047e-09 t(sc) 0.42047 iter: 1 repeat_nr_iter: 0 h: 0.02 Status: MP TRAP PhiWrapLinear

new h (LTE): 1.91292 : d3 46 2.25493e-06 : h 3 1.91292 

	D3: x: 1.72861 x1: 1.72861 x2: 1.72861 x3: 1.72861
new h (Growth limit): 0.04 
new h (Max): 0.02 

t: 4.4047e-09 t(sc) 0.44047 iter: 1 repeat_nr_iter: 0 h: 0.02 Status: MP TRAP PhiWrapLinear

new h (LTE): 1.91292 : d3 56 1.26781e-16 : h 3 1.91292 

	D3: x: 1.37797e-11 x1: 1.37797e-11 x2: 1.37797e-11 x3: 1.37797e-11
new h (Growth limit): 0.04 
new h (Max): 0.02 

t: 4.6047e-09 t(sc) 0.46047 iter: 1 repeat_nr_iter: 0 h: 0.02 Status: MP TRAP PhiWrapLinear

new h (LTE): 1.91292 : d3 46 5.38559e-06 : h 3 1.91292 

	D3: x: 1.72861 x1: 1.72861 x2: 1.72861 x3: 1.72861
new h (Growth limit): 0.04 
new h (Max): 0.02 

t = 4.6047e-09 (45%)
t: 4.8047e-09 t(sc) 0.48047 iter: 1 repeat_nr_iter: 0 h: 0.02 Status: MP TRAP PhiWrapLinear

new h (LTE): 1.91292 : d3 56 3.02796e-16 : h 3 1.91292 

	D3: x: 1.37797e-11 x1: 1.37797e-11 x2: 1.37797e-11 x3: 1.37797e-11
new h (Growth limit): 0.04 
new h (Max): 0.02 

t: 5.0047e-09 t(sc) 0.50047 iter: 1 repeat_nr_iter: 0 h: 0.02 Status: MP TRAP PhiWrapLinear

new h (LTE): 1.91292 : d3 46 1.28627e-05 : h 3 1.91292 

	D3: x: 1.72861 x1: 1.72861 x2: 1.72861 x3: 1.72861
new h (Growth limit): 0.04 
new h (Max): 0.02 

t = 5.0047e-09 (50%)
t: 5.2047e-09 t(sc) 0.52047 iter: 1 repeat_nr_iter: 0 h: 0.02 Status: MP TRAP PhiWrapLinear

new h (LTE): 1.91292 : d3 56 7.23184e-16 : h 3 1.91292 

	D3: x: 1.37797e-11 x1: 1.37797e-11 x2: 1.37797e-11 x3: 1.37797e-11
new h (Growth limit): 0.04 
new h (Max): 0.02 

t: 5.4047e-09 t(sc) 0.54047 iter: 1 repeat_nr_iter: 0 h: 0.02 Status: MP TRAP PhiWrapLinear

new h (LTE): 1.68144 : d3 46 3.07207e-05 : h 46 1.68144 

	D3: x: 1.72861 x1: 1.72861 x2: 1.72861 x3: 1.72861
new h (Growth limit): 0.04 
new h (Max): 0.02 

t: 5.6047e-09 t(sc) 0.56047 iter: 1 repeat_nr_iter: 0 h: 0.02 Status: MP TRAP PhiWrapLinear

new h (LTE): 1.45434 : d3 56 1.72722e-15 : h 46 1.45434 

	D3: x: 1.37797e-11 x1: 1.37797e-11 x2: 1.37797e-11 x3: 1.37797e-11
new h (Growth limit): 0.04 
new h (Max): 0.02 

t = 5.6047e-09 (55%)
t: 5.8047e-09 t(sc) 0.58047 iter: 1 repeat_nr_iter: 0 h: 0.02 Status: MP TRAP PhiWrapLinear

new h (LTE): 1.25791 : d3 46 7.33719e-05 : h 46 1.25791 

	D3: x: 1.72861 x1: 1.72861 x2: 1.72861 x3: 1.72861
new h (Growth limit): 0.04 
new h (Max): 0.02 

t: 6.0047e-09 t(sc) 0.60047 iter: 1 repeat_nr_iter: 0 h: 0.02 Status: MP TRAP PhiWrapLinear

new h (LTE): 1.08801 : d3 56 4.12519e-15 : h 46 1.08801 

	D3: x: 1.37797e-11 x1: 1.37797e-11 x2: 1.37797e-11 x3: 1.37797e-11
new h (Growth limit): 0.04 
new h (Max): 0.02 

t = 6.0047e-09 (60%)
t: 6.2047e-09 t(sc) 0.62047 iter: 1 repeat_nr_iter: 0 h: 0.02 Status: MP TRAP PhiWrapLinear

new h (LTE): 0.941061 : d3 46 0.000175238 : h 46 0.941061 

	D3: x: 1.72861 x1: 1.72861 x2: 1.72861 x3: 1.72861
new h (Growth limit): 0.04 
new h (Max): 0.02 

t: 6.4047e-09 t(sc) 0.64047 iter: 1 repeat_nr_iter: 0 h: 0.02 Status: MP TRAP PhiWrapLinear

new h (LTE): 0.813958 : d3 56 9.85241e-15 : h 46 0.813958 

	D3: x: 1.37797e-11 x1: 1.37797e-11 x2: 1.37797e-11 x3: 1.37797e-11
new h (Growth limit): 0.04 
new h (Max): 0.02 
Switching integration method and stepping back two steps at 5.8047e-09 to BE
t: 6.0047e-09 t(sc) 0.60047 iter: 1 repeat_nr_iter: 0 h: 0.02 Status: MP BACKE PhiWrapLinear

new h (LTE): 2.64575 : d3 56 1.04655e-16 : h 3 2.64575 

	D3: x: 1.37797e-11 x1: 1.37797e-11 x2: 1.37797e-11 x3: 1.37797e-11
new h (Growth limit): 0.04 
new h (Max): 0.02 

t: 6.2047e-09 t(sc) 0.62047 iter: 1 repeat_nr_iter: 0 h: 0.02 Status: MP BACKE PhiWrapLinear

new h (LTE): 2.64575 : d3 46 1.59589e-06 : h 3 2.64575 

	D3: x: 1.72861 x1: 1.72861 x2: 1.72861 x3: 1.72861
new h (Growth limit): 0.04 
new h (Max): 0.02 

t: 6.4047e-09 t(sc) 0.64047 iter: 1 repeat_nr_iter: 0 h: 0.02 Status: MP BACKE PhiWrapLinear

new h (LTE): 2.64575 : d3 56 1.58333e-17 : h 3 2.64575 

	D3: x: 1.37797e-11 x1: 1.37797e-11 x2: 1.37797e-11 x3: 1.37797e-11
new h (Growth limit): 0.04 
new h (Max): 0.02 

t: 6.6047e-09 t(sc) 0.66047 iter: 1 repeat_nr_iter: 0 h: 0.02 Status: MP BACKE PhiWrapLinear

new h (LTE): 2.64575 : d3 46 1.18679e-07 : h 3 2.64575 

	D3: x: 1.72861 x1: 1.72861 x2: 1.72861 x3: 1.72861
new h (Growth limit): 0.04 
new h (Max): 0.02 

t = 6.6047e-09 (65%)
t: 6.8047e-09 t(sc) 0.68047 iter: 1 repeat_nr_iter: 0 h: 0.02 Status: MP BACKE PhiWrapLinear

new h (LTE): 2.64575 : d3 56 1.17745e-18 : h 3 2.64575 

	D3: x: 1.37797e-11 x1: 1.37797e-11 x2: 1.37797e-11 x3: 1.37797e-11
new h (Growth limit): 0.04 
new h (Max): 0.02 
Switching integration method and stepping back one step at 6.6047e-09 to Trap
t: 6.8047e-09 t(sc) 0.68047 iter: 1 repeat_nr_iter: 0 h: 0.02 Status: MP TRAP PhiWrapLinear

new h (LTE): 1.91292 : d3 56 9.57921e-17 : h 3 1.91292 

	D3: x: 1.37797e-11 x1: 1.37797e-11 x2: 1.37797e-11 x3: 1.37797e-11
new h (Growth limit): 0.04 
new h (Max): 0.02 

t: 7.0047e-09 t(sc) 0.70047 iter: 1 repeat_nr_iter: 0 h: 0.02 Status: MP TRAP PhiWrapLinear

new h (LTE): 1.91292 : d3 46 1.24336e-06 : h 3 1.91292 

	D3: x: 1.72861 x1: 1.72861 x2: 1.72861 x3: 1.72861
new h (Growth limit): 0.04 
new h (Max): 0.02 

t = 7.0047e-09 (70%)
t: 7.2047e-09 t(sc) 0.72047 iter: 1 repeat_nr_iter: 0 h: 0.02 Status: MP TRAP PhiWrapLinear

new h (LTE): 1.91292 : d3 56 5.44879e-17 : h 3 1.91292 

	D3: x: 1.37797e-11 x1: 1.37797e-11 x2: 1.37797e-11 x3: 1.37797e-11
new h (Growth limit): 0.04 
new h (Max): 0.02 

t: 7.4047e-09 t(sc) 0.74047 iter: 1 repeat_nr_iter: 0 h: 0.02 Status: MP TRAP PhiWrapLinear

new h (LTE): 1.91292 : d3 46 2.3146e-06 : h 3 1.91292 

	D3: x: 1.72861 x1: 1.72861 x2: 1.72861 x3: 1.72861
new h (Growth limit): 0.04 
new h (Max): 0.02 

t: 7.6047e-09 t(sc) 0.76047 iter: 1 repeat_nr_iter: 0 h: 0.02 Status: MP TRAP PhiWrapLinear

new h (LTE): 1.91292 : d3 56 1.30135e-16 : h 3 1.91292 

	D3: x: 1.37797e-11 x1: 1.37797e-11 x2: 1.37797e-11 x3: 1.37797e-11
new h (Growth limit): 0.04 
new h (Max): 0.02 

t = 7.6047e-09 (75%)
t: 7.8047e-09 t(sc) 0.78047 iter: 1 repeat_nr_iter: 0 h: 0.02 Status: MP TRAP PhiWrapLinear

new h (LTE): 1.91292 : d3 46 5.52812e-06 : h 3 1.91292 

	D3: x: 1.72861 x1: 1.72861 x2: 1.72861 x3: 1.72861
new h (Growth limit): 0.04 
new h (Max): 0.02 

t: 8.0047e-09 t(sc) 0.80047 iter: 1 repeat_nr_iter: 0 h: 0.02 Status: MP TRAP PhiWrapLinear

new h (LTE): 1.91292 : d3 56 3.10808e-16 : h 3 1.91292 

	D3: x: 1.37797e-11 x1: 1.37797e-11 x2: 1.37797e-11 x3: 1.37797e-11
new h (Growth limit): 0.04 
new h (Max): 0.02 

t = 8.0047e-09 (80%)
t: 8.2047e-09 t(sc) 0.82047 iter: 1 repeat_nr_iter: 0 h: 0.02 Status: MP TRAP PhiWrapLinear

new h (LTE): 1.91292 : d3 46 1.32031e-05 : h 3 1.91292 

	D3: x: 1.72861 x1: 1.72861 x2: 1.72861 x3: 1.72861
new h (Growth limit): 0.04 
new h (Max): 0.02 

t: 8.4047e-09 t(sc) 0.84047 iter: 1 repeat_nr_iter: 0 h: 0.02 Status: MP TRAP PhiWrapLinear

new h (LTE): 1.91292 : d3 56 7.42317e-16 : h 3 1.91292 

	D3: x: 1.37797e-11 x1: 1.37797e-11 x2: 1.37797e-11 x3: 1.37797e-11
new h (Growth limit): 0.04 
new h (Max): 0.02 

t: 8.6047e-09 t(sc) 0.86047 iter: 1 repeat_nr_iter: 0 h: 0.02 Status: MP TRAP PhiWrapLinear

new h (LTE): 1.66687 : d3 46 3.15335e-05 : h 46 1.66687 

	D3: x: 1.72861 x1: 1.72861 x2: 1.72861 x3: 1.72861
new h (Growth limit): 0.04 
new h (Max): 0.02 

t = 8.6047e-09 (85%)
t: 8.8047e-09 t(sc) 0.88047 iter: 1 repeat_nr_iter: 0 h: 0.02 Status: MP TRAP PhiWrapLinear

new h (LTE): 1.44173 : d3 56 1.77291e-15 : h 46 1.44173 

	D3: x: 1.37797e-11 x1: 1.37797e-11 x2: 1.37797e-11 x3: 1.37797e-11
new h (Growth limit): 0.04 
new h (Max): 0.02 

t: 9.0047e-09 t(sc) 0.90047 iter: 1 repeat_nr_iter: 0 h: 0.02 Status: MP TRAP PhiWrapLinear

new h (LTE): 1.24701 : d3 46 7.5313e-05 : h 46 1.24701 

	D3: x: 1.72861 x1: 1.72861 x2: 1.72861 x3: 1.72861
new h (Growth limit): 0.04 
new h (Max): 0.02 

t = 9.0047e-09 (90%)
t: 9.2047e-09 t(sc) 0.92047 iter: 1 repeat_nr_iter: 0 h: 0.02 Status: MP TRAP PhiWrapLinear

new h (LTE): 1.07858 : d3 56 4.23433e-15 : h 46 1.07858 

	D3: x: 1.37797e-11 x1: 1.37797e-11 x2: 1.37797e-11 x3: 1.37797e-11
new h (Growth limit): 0.04 
new h (Max): 0.02 

t: 9.4047e-09 t(sc) 0.94047 iter: 1 repeat_nr_iter: 0 h: 0.02 Status: MP TRAP PhiWrapLinear

new h (LTE): 0.932906 : d3 46 0.000179874 : h 46 0.932906 

	D3: x: 1.72861 x1: 1.72861 x2: 1.72861 x3: 1.72861
new h (Growth limit): 0.04 
new h (Max): 0.02 

t: 9.6047e-09 t(sc) 0.96047 iter: 1 repeat_nr_iter: 0 h: 0.02 Status: MP TRAP PhiWrapLinear

new h (LTE): 0.806905 : d3 56 1.01131e-14 : h 46 0.806905 

	D3: x: 1.37797e-11 x1: 1.37797e-11 x2: 1.37797e-11 x3: 1.37797e-11
new h (Growth limit): 0.04 
new h (Max): 0.02 
Switching integration method and stepping back two steps at 9.0047e-09 to BE
t: 9.2047e-09 t(sc) 0.92047 iter: 1 repeat_nr_iter: 0 h: 0.02 Status: MP BACKE PhiWrapLinear

new h (LTE): 2.64575 : d3 56 1.07424e-16 : h 3 2.64575 

	D3: x: 1.37797e-11 x1: 1.37797e-11 x2: 1.37797e-11 x3: 1.37797e-11
new h (Growth limit): 0.04 
new h (Max): 0.02 

t: 9.4047e-09 t(sc) 0.94047 iter: 1 repeat_nr_iter: 0 h: 0.02 Status: MP BACKE PhiWrapLinear

new h (LTE): 2.64575 : d3 46 1.63811e-06 : h 3 2.64575 

	D3: x: 1.72861 x1: 1.72861 x2: 1.72861 x3: 1.72861
new h (Growth limit): 0.04 
new h (Max): 0.02 

t: 9.6047e-09 t(sc) 0.96047 iter: 1 repeat_nr_iter: 0 h: 0.02 Status: MP BACKE PhiWrapLinear

new h (LTE): 2.64575 : d3 56 1.62522e-17 : h 3 2.64575 

	D3: x: 1.37797e-11 x1: 1.37797e-11 x2: 1.37797e-11 x3: 1.37797e-11
new h (Growth limit): 0.04 
new h (Max): 0.02 

t = 9.6047e-09 (95%)
t: 9.8047e-09 t(sc) 0.98047 iter: 1 repeat_nr_iter: 0 h: 0.02 Status: MP BACKE PhiWrapLinear

new h (LTE): 2.64575 : d3 46 1.21818e-07 : h 3 2.64575 

	D3: x: 1.72861 x1: 1.72861 x2: 1.72861 x3: 1.72861
new h (Growth limit): 0.04 
new h (Max): 0.02 

t: 1.00047e-08 t(sc) 1.00047 iter: 1 repeat_nr_iter: 0 h: 0.02 Status: MP BACKE PhiWrapLinear

new h (LTE): 2.64575 : d3 56 1.2086e-18 : h 3 2.64575 

	D3: x: 1.37797e-11 x1: 1.37797e-11 x2: 1.37797e-11 x3: 1.37797e-11
new h (Growth limit): 0.04 
new h (Max): 0.02 
Switching integration method and stepping back one step at 9.8047e-09 to Trap
t: 1.00047e-08 t(sc) 1.00047 iter: 1 repeat_nr_iter: 0 h: 0.02 Status: MP TRAP PhiWrapLinear

new h (LTE): 1.91292 : d3 56 9.83262e-17 : h 3 1.91292 

	D3: x: 1.37797e-11 x1: 1.37797e-11 x2: 1.37797e-11 x3: 1.37797e-11
new h (Growth limit): 0.04 
new h (Max): 0.02 

t = 1.00047e-08 (100%)
Number of timesteps: 77
Transient Simulation Done. Num of Nonlin iters: 77 
	Freeing MNA
Freeing Main Circuit ...
	Freeing Nodes and Elements
Cleaning Main Circuit ...
	Freeing Parsed circuit: 'Main Circuit'
