Running OptiSPICE 5.1 (compiled on: Jan  5 2016 10:28:02) 

Copyright 2015 Optiwave Systems Inc. All rights reserved.

	git commit: 651cbe73905eab5871768bdecbe8d86323447f45 MergeFromStaticBuild

Processing Netlist file: waveguide_smt_L1.0_LAM660_Neff2.1_end.sp

************* FILE: "waveguide_smt_L1.0_LAM660_Neff2.1_end.sp"  ************

Title "CW Source check "

Osp Jobcontrol Verbosity=DEBUG2

.option ingold=2 DELMAX=.1e-10 ACCURATE=1 RUNLVL=6 NUMDGT=8
.OPTION DCCAP=1 TNOM=27

.param NMODES=1

* Voltage sources
v1 Mag1 0 DC = 1 
v2 Phi1 0 DC = 0 

Osp CWSOURCE   Name=cw1 Nodes = [Mag1 Phi1 l1] MoName = CWmodel lambda = 6.600000e+02
Osp WaveGuide  Name=wg1 Nodes = [l1 l2] MoName=WGmodel
Osp MIRROR     Name=mir1 Nodes = [l2] MoName = Mmodel 

Osp Model Name = Mmodel   type = MIRROR    Ref = 0
Osp Model Name = CWmodel  type = CWSOURCE 
Osp Model Name = WGmodel  type = WaveGuide  Length=1.000000e+00  IncludeTimeDelay=1  neff=[2.100000e+00]  N0=1.1 NF=1.1

% IncludeTimeDelay=1 
.tran .0001e-9 10e-9 nsolver=BACKE nmaxst=.05n nminst=.05n

	
.Monitor OptFields wg1 Format=MagPhi Port=1 dir=IN  Pol=TE
.Monitor OptFields wg1 Format=MagPhi Port=2 dir=OUT Pol=TE
%.Monitor OptFields wg2 Format=MagPhi Port=2 dir=OUT Pol=TE
.end

************* *************** ************

Options ingold=2 DELMAX=.1e-10 ACCURATE=1 RUNLVL=6 NUMDGT=8 
Options DCCAP=1 TNOM=27 
Param P=[ { NMODES 1 } ] 
INDSOURCE EL_Type=V_SOU Name=v1 Nodes=[ Mag1 0 ] dcMode dcValue=1 
INDSOURCE EL_Type=V_SOU Name=v2 Nodes=[ Phi1 0 ] dcMode dcValue=0 
CWSOURCE Name=cw1 Nodes=[ Mag1 Phi1 l1 ] MoName=CWmodel lambda=6.600000e+02 
WaveGuide Name=wg1 Nodes=[ l1 l2 ] MoName=WGmodel 
MIRROR Name=mir1 Nodes=[ l2 ] MoName=Mmodel 
Model Name=Mmodel type=MIRROR Ref=0 
Model Name=CWmodel type=CWSOURCE 
Model Name=WGmodel type=WaveGuide Length=1.000000e+00 IncludeTimeDelay=1 neff=[ 2.100000e+00 ] N0=1.1 NF=1.1 
Transient Tpoints=[ { .0001e-9 10e-9 } ] nsolver=BACKE nmaxst=.05n nminst=.05n 
Monitor Type=OptFields Name=wg1 Format=MagPhi Port=1 dir=IN Pol=TE 
Monitor Type=OptFields Name=wg1 Format=MagPhi Port=2 dir=OUT Pol=TE 
END

Assigning node numbers and stamping


Main Circuit Paras:
	Name=NMODES String=1 Ep = 0x0

Creating: v1

Creating: v2

Creating: cw1
	New Link: l1                                                           Link: 0x7ff2aa601f70

Creating: wg1
	New Link: l2                                                           Link: 0x7ff2aa604700

Creating: mir1

Circuit after element assignment

Element hash table
	Key: v1                                                           	val: 	-1436547200
	Key: v2                                                           	val: 	-1436544336
	Key: wg1:exp                                                      	val: 	-1417666048
	Key: mir1                                                         	val: 	-1417662464
	Key: cw1                                                          	val: 	-1417674752
	Key: wg1                                                          	val: 	-1417669120

Delay Element hash table

OptFFT Element hash table

Noise Element hash table

Optical Element hash table
	Key: wg1:exp                                                      	val: 	-1417666048
	Key: mir1                                                         	val: 	-1417662464
	Key: cw1                                                          	val: 	-1417674752
	Key: wg1                                                          	val: 	-1417669120

Source Optical Element hash table
	Key: cw1                                                          	val: 	-1417674752

Elec Init Conditions


Tracing optical sources
	source: cw1 (fixed:660)  -> wg1:exp (1) 
		-- Return Branch:  -> cw1 (1) 

		-- Through Branch:  -> mir1 (1)  -> wg1:exp (1) 


Stamping: v1

Stamping: v2

Stamping: cw1
Created Optical Mode Shape 'Mode:1 n:1 x:5.0000000000000000e+01 y:5.0000000000000000e+01 m:0 n:0 s:5.0000000000000000e+00 1/r:0.0000000000000000e+00 l:6.6000000000000000e+02' (ff9ecdecc6b2b7b9c39fbdfdd0c4a537d12c8072)
Adding Optical Mode:         l1:fixed:660 	      0x7ff2aa402610

Stamping: wg1
Adding Optical Mode: wg1:exp:inter1(0):fixed:660 	      0x7ff2aa50ca10
Adding Optical Mode: wg1:exp:inter2(0):fixed:660 	      0x7ff2aa50cbb0
Adding Optical Mode: wg1:exp:inter3(0):fixed:660 	      0x7ff2aa50d680
Adding Optical Mode:         l2:fixed:660 	      0x7ff2aa50dbf0
Stamping OptScatteringVtoV Instance: wg1:exp:c(0):I1(0)
	E to E: l1:fixed:660 | wg1:exp:inter1(0):fixed:660
	Linear (E to E) Scattering Mode
	NonLinear Scattering Mode
Linear: -19.992
CreateStampDelay: DELAY Name=wg1:exp:c(0):td(0):c(0):m(0):optmag:delay Del=7.0048459991611925e-15 Gain=1.0000000000000000e+00 Tcoeff=[ 0.0000000000000000e+00 0.0000000000000000e+00 ]
CreateStampDelay: DELAY Name=wg1:exp:c(0):td(0):reverse:c(0):m(0):optmag:delay Del=7.0048459991611925e-15 Gain=1.0000000000000000e+00 Tcoeff=[ 0.0000000000000000e+00 0.0000000000000000e+00 ]
CreateStampDelay: DELAY Name=wg1:exp:c(0):td(0):c(0):m(0):optphi:delay Del=7.0048459991611925e-15 Gain=1.0000000000000000e+00 Tcoeff=[ 0.0000000000000000e+00 0.0000000000000000e+00 ]
CreateStampDelay: DELAY Name=wg1:exp:c(0):td(0):reverse:c(0):m(0):optphi:delay Del=7.0048459991611925e-15 Gain=1.0000000000000000e+00 Tcoeff=[ 0.0000000000000000e+00 0.0000000000000000e+00 ]
Stamping OptScatteringVtoV Instance: wg1:exp:c(0):I1(1)
	E to E: wg1:exp:inter3(0):fixed:660 | l2:fixed:660
	Linear (E to E) Scattering Mode
	NonLinear Scattering Mode

Stamping: mir1

Linking optical elements; 
Pre-processing optical elements; evaluating the Oconn overlap integrals and FSE modes 
Mirror DetModes ... 
		mir1 input 0x7ff2ab802320 output 0x7ff2ab802320

Stamping free mode   optical elements; 
Processing Mirror: mir1 Version: 6 Switchable: 1
Adding Optical Mode: mir1:terminal:fixed:660 	      0x7ff2aa708b60
Stamping OptScatteringVtoV Instance: mir1:vtov:c(0)
	E to E: l2:fixed:660 | mir1:terminal:fixed:660
	Linear (E to E) Scattering Mode
	NonLinear Scattering Mode

Post Stamping: cw1:c:0:m(0):optphi:iso

Post Stamping: cw1:c:0:m(0):optmag:iso

Circuit after node assignment

Element hash table (including internal elements)
	Key: cw1:c:0:m(0):optphi:iso                                      	val: 	-1437547728
	Key: mir1:vtov                                                    	val: 	-1409178624
	Key: wg1:exp:c(0):td(0):c(0):m(0):optmag:delay                    	val: 	-1435481728
	Key: wg1:exp:c(0):I1(0)                                           	val: 	-1409286144
	Key: wg1:exp:c(0):td(0):c(0):m(0):optphi:delay                    	val: 	-1435480336
	Key: wg1                                                          	val: 	-1417669120
	Key: wg1:exp:c(0):I1(1)                                           	val: 	-1409184256
	Key: wg1:exp:c(0):td(0):reverse:c(0):m(0):optphi:delay            	val: 	-1435477728
	Key: wg1:exp:c(0):td(0):reverse:c(0):m(0):optmag:delay            	val: 	-1436520208
	Key: mir1:vtov:c(0)                                               	val: 	-1409173504
	Key: v1                                                           	val: 	-1436547200
	Key: v2                                                           	val: 	-1436544336
	Key: wg1:exp                                                      	val: 	-1417666048
	Key: cw1:c:0:m(0):optmag:iso                                      	val: 	-1437550800
	Key: cw1                                                          	val: 	-1417674752
	Key: mir1                                                         	val: 	-1417662464

Node hash table (size: 66)
	Key: wg1:exp:c(0):i1(1):0:fwd:modei:m(0):optmag                   	val: 	56        
	Key: mir1:vtov:c(0):0:fwd:modei:m(0):optphi                       	val: 	65        
	Key: wg1:exp:c(0):i1(0):0:fwd:modei:m(0):optmag                   	val: 	48        
	Key: l1:fixed:660:rev:m(0):optmag                                 	val: 	15        
	Key: wg1:exp:c(0):i1(0):0:rev:modei:m(0):optmag                   	val: 	46        
	Key: wg1:exp:inter3(0):fixed:660:fwd:m(0):optmag                  	val: 	34        
	Key: l2:fixed:660:fwd:m(0):optmag                                 	val: 	42        
	Key: cw1:l1:fixed:660:modei:m(0):optmag                           	val: 	22        
	Key: mir1:vtov:c(0):0:rev:modei:m(0):optphi                       	val: 	63        
	Key: wg1:exp:c(0):td(0):reverse:c(0):m(0):optmag:delay:i          	val: 	51        
	Key: mir1:terminal:fixed:660:rev:m(0):optphi                      	val: 	61        
	Key: wg1:exp:c(0):i1(1):0:rev:modei:m(0):optmag                   	val: 	54        
	Key: wg1:exp:revphase(0:0):modei:m(0):optphi                      	val: 	41        
	Key: l1:fixed:660:fwd:m(0):optmag                                 	val: 	14        
	Key: cw1:channel-fixed:660                                        	val: 	1         
	Key: wg1:exp:fwdphase(0:0):modei:m(0):optphi                      	val: 	39        
	Key: mir1:terminal:fixed:660:fwd:m(0):optphi                      	val: 	60        
	Key: wg1:exp:inter1(0):fixed:660:rev:m(0):optphi                  	val: 	29        
	Key: v1:portcurrentnode:0                                         	val: 	3         
	Key: v1:portcurrentnode:1                                         	val: 	5         
	Key: wg1:exp:inter2(0):fixed:660:rev:m(0):optphi                  	val: 	33        
	Key: cw1:c:0:m(0):optphi:iso:i                                    	val: 	25        
	Key: v2:portcurrentnode:0                                         	val: 	9         
	Key: v2:portcurrentnode:1                                         	val: 	11        
	Key: v1:i                                                         	val: 	7         
	Key: wg1:exp:c(0):td(0):c(0):m(0):optmag:delay:i                  	val: 	50        
	Key: wg1:exp:inter1(0):fixed:660:fwd:m(0):optphi                  	val: 	28        
	Key: wg1:exp:c(0):td(0):reverse:c(0):m(0):optphi:delay:i          	val: 	53        
	Key: wg1:exp:inter2(0):fixed:660:fwd:m(0):optphi                  	val: 	32        
	Key: mir1:vtov:c(0):0:fwd:modei:m(0):optmag                       	val: 	64        
	Key: wg1:exp:inter3(0):fixed:660:rev:m(0):optphi                  	val: 	37        
	Key: l2:fixed:660:rev:m(0):optphi                                 	val: 	45        
	Key: mir1:vtov:c(0):0:rev:modei:m(0):optmag                       	val: 	62        
	Key: mag1                                                         	val: 	2         
	Key: cw1:portcurrentcurnode:0                                     	val: 	19        
	Key: cw1:portcurrentcurnode:1                                     	val: 	21        
	Key: v1:portcurrentcurnode:0                                      	val: 	4         
	Key: v1:portcurrentcurnode:1                                      	val: 	6         
	Key: wg1:exp:c(0):i1(1):0:fwd:modei:m(0):optphi                   	val: 	57        
	Key: v2:portcurrentcurnode:0                                      	val: 	10        
	Key: v2:portcurrentcurnode:1                                      	val: 	12        
	Key: wg1:exp:c(0):i1(0):0:fwd:modei:m(0):optphi                   	val: 	49        
	Key: wg1:exp:c(0):i1(0):0:rev:modei:m(0):optphi                   	val: 	47        
	Key: wg1:exp:inter3(0):fixed:660:fwd:m(0):optphi                  	val: 	36        
	Key: l2:fixed:660:fwd:m(0):optphi                                 	val: 	44        
	Key: cw1:l1:fixed:660:modei:m(0):optphi                           	val: 	23        
	Key: 0                                                            	val: 	-5        
	Key: wg1:exp:revphase(0:0):modei:m(0):optmag                      	val: 	40        
	Key: mir1:terminal:fixed:660:rev:m(0):optmag                      	val: 	59        
	Key: l1:fixed:660:rev:m(0):optphi                                 	val: 	17        
	Key: wg1:exp:c(0):i1(1):0:rev:modei:m(0):optphi                   	val: 	55        
	Key: wg1:exp:inter1(0):fixed:660:rev:m(0):optmag                  	val: 	27        
	Key: mir1:terminal:fixed:660:fwd:m(0):optmag                      	val: 	58        
	Key: l1:fixed:660:fwd:m(0):optphi                                 	val: 	16        
	Key: wg1:exp:inter2(0):fixed:660:rev:m(0):optmag                  	val: 	31        
	Key: wg1:exp:fwdphase(0:0):modei:m(0):optmag                      	val: 	38        
	Key: cw1:portcurrentnode:0                                        	val: 	18        
	Key: cw1:portcurrentnode:1                                        	val: 	20        
	Key: wg1:exp:c(0):td(0):c(0):m(0):optphi:delay:i                  	val: 	52        
	Key: wg1:exp:inter1(0):fixed:660:fwd:m(0):optmag                  	val: 	26        
	Key: wg1:exp:inter2(0):fixed:660:fwd:m(0):optmag                  	val: 	30        
	Key: cw1:c:0:m(0):optmag:iso:i                                    	val: 	24        
	Key: wg1:exp:inter3(0):fixed:660:rev:m(0):optmag                  	val: 	35        
	Key: l2:fixed:660:rev:m(0):optmag                                 	val: 	43        
	Key: phi1                                                         	val: 	8         
	Key: v2:i                                                         	val: 	13        

Node array 
	Key: 0                                                            	val: 	-5         Status: V node
	Key: cw1:channel-fixed:660                                        	val: 	1          Status: V node
	Key: mag1                                                         	val: 	2          Status: V node
	Key: v1:portcurrentnode:0                                         	val: 	3          Status: V node
	Key: v1:portcurrentcurnode:0                                      	val: 	4          Status: I node
	Key: v1:portcurrentnode:1                                         	val: 	5          Status: V node
	Key: v1:portcurrentcurnode:1                                      	val: 	6          Status: I node
	Key: v1:i                                                         	val: 	7          Status: I node
	Key: phi1                                                         	val: 	8          Status: V node
	Key: v2:portcurrentnode:0                                         	val: 	9          Status: V node
	Key: v2:portcurrentcurnode:0                                      	val: 	10         Status: I node
	Key: v2:portcurrentnode:1                                         	val: 	11         Status: V node
	Key: v2:portcurrentcurnode:1                                      	val: 	12         Status: I node
	Key: v2:i                                                         	val: 	13         Status: I node
	Key: l1:fixed:660:fwd:m(0):optmag                                 	val: 	14         Status: O Mag node
	Key: l1:fixed:660:rev:m(0):optmag                                 	val: 	15         Status: O Mag node
	Key: l1:fixed:660:fwd:m(0):optphi                                 	val: 	16         Status: O Pha node (14)
	Key: l1:fixed:660:rev:m(0):optphi                                 	val: 	17         Status: O Pha node (15)
	Key: cw1:portcurrentnode:0                                        	val: 	18         Status: V node
	Key: cw1:portcurrentcurnode:0                                     	val: 	19         Status: I node
	Key: cw1:portcurrentnode:1                                        	val: 	20         Status: V node
	Key: cw1:portcurrentcurnode:1                                     	val: 	21         Status: I node
	Key: cw1:l1:fixed:660:modei:m(0):optmag                           	val: 	22         Status: O Mag node
	Key: cw1:l1:fixed:660:modei:m(0):optphi                           	val: 	23         Status: O Pha node (22)
	Key: cw1:c:0:m(0):optmag:iso:i                                    	val: 	24         Status: I node
	Key: cw1:c:0:m(0):optphi:iso:i                                    	val: 	25         Status: I node
	Key: wg1:exp:inter1(0):fixed:660:fwd:m(0):optmag                  	val: 	26         Status: O Mag node
	Key: wg1:exp:inter1(0):fixed:660:rev:m(0):optmag                  	val: 	27         Status: O Mag node
	Key: wg1:exp:inter1(0):fixed:660:fwd:m(0):optphi                  	val: 	28         Status: O Pha node (26)
	Key: wg1:exp:inter1(0):fixed:660:rev:m(0):optphi                  	val: 	29         Status: O Pha node (27)
	Key: wg1:exp:inter2(0):fixed:660:fwd:m(0):optmag                  	val: 	30         Status: O Mag node
	Key: wg1:exp:inter2(0):fixed:660:rev:m(0):optmag                  	val: 	31         Status: O Mag node
	Key: wg1:exp:inter2(0):fixed:660:fwd:m(0):optphi                  	val: 	32         Status: O Pha node (30)
	Key: wg1:exp:inter2(0):fixed:660:rev:m(0):optphi                  	val: 	33         Status: O Pha node (31)
	Key: wg1:exp:inter3(0):fixed:660:fwd:m(0):optmag                  	val: 	34         Status: O Mag node
	Key: wg1:exp:inter3(0):fixed:660:rev:m(0):optmag                  	val: 	35         Status: O Mag node
	Key: wg1:exp:inter3(0):fixed:660:fwd:m(0):optphi                  	val: 	36         Status: O Pha node (34)
	Key: wg1:exp:inter3(0):fixed:660:rev:m(0):optphi                  	val: 	37         Status: O Pha node (35)
	Key: wg1:exp:fwdphase(0:0):modei:m(0):optmag                      	val: 	38         Status: O Mag node
	Key: wg1:exp:fwdphase(0:0):modei:m(0):optphi                      	val: 	39         Status: O Pha node (38)
	Key: wg1:exp:revphase(0:0):modei:m(0):optmag                      	val: 	40         Status: O Mag node
	Key: wg1:exp:revphase(0:0):modei:m(0):optphi                      	val: 	41         Status: O Pha node (40)
	Key: l2:fixed:660:fwd:m(0):optmag                                 	val: 	42         Status: O Mag node
	Key: l2:fixed:660:rev:m(0):optmag                                 	val: 	43         Status: O Mag node
	Key: l2:fixed:660:fwd:m(0):optphi                                 	val: 	44         Status: O Pha node (42)
	Key: l2:fixed:660:rev:m(0):optphi                                 	val: 	45         Status: O Pha node (43)
	Key: wg1:exp:c(0):i1(0):0:rev:modei:m(0):optmag                   	val: 	46         Status: O Mag node
	Key: wg1:exp:c(0):i1(0):0:rev:modei:m(0):optphi                   	val: 	47         Status: O Pha node (46)
	Key: wg1:exp:c(0):i1(0):0:fwd:modei:m(0):optmag                   	val: 	48         Status: O Mag node
	Key: wg1:exp:c(0):i1(0):0:fwd:modei:m(0):optphi                   	val: 	49         Status: O Pha node (48)
	Key: wg1:exp:c(0):td(0):c(0):m(0):optmag:delay:i                  	val: 	50         Status: I node
	Key: wg1:exp:c(0):td(0):reverse:c(0):m(0):optmag:delay:i          	val: 	51         Status: I node
	Key: wg1:exp:c(0):td(0):c(0):m(0):optphi:delay:i                  	val: 	52         Status: I node
	Key: wg1:exp:c(0):td(0):reverse:c(0):m(0):optphi:delay:i          	val: 	53         Status: I node
	Key: wg1:exp:c(0):i1(1):0:rev:modei:m(0):optmag                   	val: 	54         Status: O Mag node
	Key: wg1:exp:c(0):i1(1):0:rev:modei:m(0):optphi                   	val: 	55         Status: O Pha node (54)
	Key: wg1:exp:c(0):i1(1):0:fwd:modei:m(0):optmag                   	val: 	56         Status: O Mag node
	Key: wg1:exp:c(0):i1(1):0:fwd:modei:m(0):optphi                   	val: 	57         Status: O Pha node (56)
	Key: mir1:terminal:fixed:660:fwd:m(0):optmag                      	val: 	58         Status: O Mag node
	Key: mir1:terminal:fixed:660:rev:m(0):optmag                      	val: 	59         Status: O Mag node
	Key: mir1:terminal:fixed:660:fwd:m(0):optphi                      	val: 	60         Status: O Pha node (58)
	Key: mir1:terminal:fixed:660:rev:m(0):optphi                      	val: 	61         Status: O Pha node (59)
	Key: mir1:vtov:c(0):0:rev:modei:m(0):optmag                       	val: 	62         Status: O Mag node
	Key: mir1:vtov:c(0):0:rev:modei:m(0):optphi                       	val: 	63         Status: O Pha node (62)
	Key: mir1:vtov:c(0):0:fwd:modei:m(0):optmag                       	val: 	64         Status: O Mag node
	Key: mir1:vtov:c(0):0:fwd:modei:m(0):optphi                       	val: 	65         Status: O Pha node (64)

Optical Node hash table
	mir1:terminal:fixed:660
		aliases: mir1:terminal -- mir1:terminal -- 
	wg1:exp:inter3(0):fixed:660
		aliases: wg1:exp:inter3(0) -- wg1:exp:inter3(0) -- 
	l2:fixed:660
		aliases: l2 -- l2 -- l2 -- l2 -- 
	wg1:exp:inter1(0):fixed:660
		aliases: wg1:exp:inter1(0) -- wg1:exp:inter1(0) -- 
	l1:fixed:660
		aliases: l1 -- l1 -- l1 -- 
	wg1:exp:inter2(0):fixed:660
		aliases: wg1:exp:inter2(0) -- wg1:exp:inter2(0) -- 

Optical ModeShape hash table
	Key: ff9ecdecc6b2b7b9c39fbdfdd0c4a537d12c8072                     	val: 	-1436523632

Optical Link hash table
	Key: l1                                                           l1                                                          	val: 	0x7ff2aa601f70 
			E1: 	0x7ff2ab800000 - cw1                                      	E2: 	0x7ff2ab802200 - wg1:exp                                 
	Key: l2                                                           l2                                                          	val: 	0x7ff2aa604700 
			E1: 	0x7ff2ab802200 - wg1:exp                                  	E2: 	0x7ff2ab803000 - mir1                                    

Source Optical Channel hash table
	Key: fixed:660                                                    	lambda: 	660        dPhi_dt: 	0x7ff2ab800830 *dPhi_dt: 	0         

Optical Matrices hash table

Optical FSE Matrices hash table

Monitor Statements
	Name:                            wg1 Type:       OptFields Port:     1 Node Num:      0
	Name:                            wg1 Type:       OptFields Port:     2 Node Num:      0
	Name:                             v1 Type:               V Port:     1 Node Num:      2
	Name:                             v1 Type:               I Port:     1 Node Num:      0
	Name:                             v1 Type:               I Port:     2 Node Num:      0
	Name:                             v2 Type:               V Port:     1 Node Num:      8
	Name:                             v2 Type:               I Port:     1 Node Num:      0
	Name:                             v2 Type:               I Port:     2 Node Num:      0
	Name:                            cw1 Type:               V Port:     1 Node Num:      2
	Name:                            cw1 Type:               I Port:     1 Node Num:      0
	Name:                            cw1 Type:               V Port:     2 Node Num:      8
	Name:                            cw1 Type:               I Port:     2 Node Num:      0
	Name:                            cw1 Type:       OptFields Port:     3 Node Num:      0
	Name:                            wg1 Type:       OptFields Port:     1 Node Num:      0
	Name:                            wg1 Type:       OptFields Port:     2 Node Num:      0
	Name:                        wg1:exp Type:       OptFields Port:     1 Node Num:      0
	Name:                        wg1:exp Type:       OptFields Port:     2 Node Num:      0
	Name:                           mir1 Type:       OptFields Port:     1 Node Num:      0

Current Monitor Statements
	Key: v2:Port-2                                                    	port: 	2          	num: 	12        
	Key: v1:Port-1                                                    	port: 	1          	num: 	4         
	Key: v1:Port-2                                                    	port: 	2          	num: 	6         
	Key: cw1:Port-1                                                   	port: 	1          	num: 	19        
	Key: v2:Port-1                                                    	port: 	1          	num: 	10        
	Key: cw1:Port-2                                                   	port: 	2          	num: 	21        

Sub-circuits


Transient Simulation Started
tscaling: 1e+08
abstol: 1e-08 reltol: 1e-06 c_abstol: 1e-15 c_reltol: 1e-06
DC Simulation Started
DC Linear Initial Guess
DC simulations:
	DC var: 0.000000000000e+00
		Elec pass (T ind):
		DC iterations =  2 (extra -1). Cond 0.0477165
			Total num iter: 2
		Elec pass (T dep). Evars Optical:
		DC iterations =  1 (extra -1). Cond 0.0477165
			Total num iter: 3

***** Element Operating point info:

MultiLayerFilterExp: wg1:exp 
	(Explicit Filtering -- T = 300.15 -- E to E)
	Channel: 0
		 Input: l1:fixed:660
			l1:fixed:660 			Carrier Lambda: 660 nm --- E vars
				Mode 0
					(fwd: 14,16):  Pow: 1.0000000000e+00 Phi: 0.0000000000e+00  Mag: 1.0000000000e+00 E_f =  1.0000000000e+00 + 0.0000000000e+00i
					(rev: 15,17):  Pow: 2.8416022456e-01 Phi: -2.7824502429e+00  Mag: 5.3306681060e-01 E_f =  -4.9905639439e-01 + -1.8735778549e-01i
								Total Power Fwd: 1 Rev: 0.28416

			Extra
					(rev: 46,47):  Pow: 2.8416022456e-01 Phi: -2.7824502429e+00  Mag: 5.3306681060e-01 E_f =  -4.9905639439e-01 + -1.8735778549e-01i
								Total Power Fwd: 0 Rev: 0.28416

		Interface (0): wg1:exp:c(0):I1(0) T= 300.15 NonLinear
			N1 = 1.1 N2 = 2.1 (2.1)T = 300.15
				Tf^2 = 0.902344 Rf^2 = 0.0976562  Tb^2 = 0.902344 Rb^2 = 0.0976562 Tf+Rf = 1 Tb+Rb = 1 
			Rf = -0.3125 	Tf = 0.949918 	Rb = 0.3125 	Tb = 0.949918 

		 Layer (1) Phi= -19.992 (-1.1424)  Atten = 1 N = 2.1 V1 = 0 V2 = 0 T = 300.15
			Inter1: wg1:exp:inter1(0):fixed:660 (Es)
			wg1:exp:inter1(0):fixed:660 			Carrier Lambda: 660 nm --- E vars
				Mode 0
					(fwd: 26,28):  Pow: 7.9331161260e-01 Phi: -6.9256587572e-02  Mag: 8.9068042114e-01 E_f =  8.8854521165e-01 + -6.1636186262e-02i
					(rev: 27,29):  Pow: 7.7471837168e-02 Phi: -2.3540512447e+00  Mag: 2.7833763161e-01 E_f =  -1.9639215343e-01 + -1.9723579604e-01i
								Total Power Fwd: 0.793312 Rev: 0.0774718

			Inter2: wg1:exp:inter2(0):fixed:660 (Es)
			wg1:exp:inter2(0):fixed:660 			Carrier Lambda: 660 nm --- E vars
				Mode 0
					(fwd: 30,32):  Pow: 7.9331161260e-01 Phi: -1.2116539162e+00  Mag: 8.9068042114e-01 E_f =  3.1304877355e-01 + -8.3385375095e-01i
					(rev: 31,33):  Pow: 7.7471837168e-02 Phi: -1.2116539162e+00  Mag: 2.7833763161e-01 E_f =  9.7827741736e-02 + -2.6057929717e-01i
								Total Power Fwd: 0.793312 Rev: 0.0774718

			Inter3: wg1:exp:inter3(0):fixed:660 (Es) dt = 7.00485e-15
			wg1:exp:inter3(0):fixed:660 			Carrier Lambda: 660 nm --- E vars
				Mode 0
					(fwd: 34,36):  Pow: 7.9331161260e-01 Phi: -1.2116539162e+00  Mag: 8.9068042114e-01 E_f =  3.1304877355e-01 + -8.3385375095e-01i
					(rev: 35,37):  Pow: 7.7471837168e-02 Phi: -1.2116539162e+00  Mag: 2.7833763161e-01 E_f =  9.7827741736e-02 + -2.6057929717e-01i
								Total Power Fwd: 0.793312 Rev: 0.0774718

			ExtraNodes (Es)
			Delay queues (Es):
				Mode 0
					(fwd: 38,39):  Pow: 7.9331161260e-01 Phi: -1.2116539162e+00  Mag: 8.9068042114e-01 E_f =  3.1304877355e-01 + -8.3385375095e-01i
					(rev: 40,41):  Pow: 7.7471837168e-02 Phi: -2.3540512447e+00  Mag: 2.7833763161e-01 E_f =  -1.9639215343e-01 + -1.9723579604e-01i
								Total Power Fwd: 0.793312 Rev: 0.0774718

			Extra Inter1
				Mode 0
					(fwd: 48,49):  Pow: 7.9331161260e-01 Phi: -6.9256587572e-02  Mag: 8.9068042114e-01 E_f =  8.8854521165e-01 + -6.1636186262e-02i
								Total Power Fwd: 0.793312 Rev: 0

		Interface (1): wg1:exp:c(0):I1(1) T = 300.15 NonLinear
			N1 = 2.1 (2.1) N2 = 1.1
				Tf^2 = 0.902344 Rf^2 = 0.0976562  Tb^2 = 0.902344 Rb^2 = 0.0976562 Tf+Rf = 1 Tb+Rb = 1 
			Rf = 0.3125 	Tf = 0.949918 	Rb = -0.3125 	Tb = 0.949918 

		 Output: l2:fixed:660
			l2:fixed:660 			Carrier Lambda: 660 nm --- E vars
				Mode 0
					(fwd: 42,44):  Pow: 7.1583977543e-01 Phi: -1.2116539162e+00  Mag: 8.4607315017e-01 E_f =  2.9737058962e-01 + -7.9209248694e-01i
					(rev: 43,45):  Pow: 0.0000000000e+00 Phi: 0.0000000000e+00  Mag: 0.0000000000e+00 E_f =  0.0000000000e+00 + 0.0000000000e+00i
								Total Power Fwd: 0.71584 Rev: 0

			Extra
				Mode 0
					(fwd: 56,57):  Pow: 7.1583977543e-01 Phi: -1.2116539162e+00  Mag: 8.4607315017e-01 E_f =  2.9737058962e-01 + -7.9209248694e-01i
								Total Power Fwd: 0.71584 Rev: 0

IndSource:                       v1 (V source)
			V: 1.0000000000e+00 I: 0.0000000000e+00 

IndSource:                       v2 (V source)
			V: 0.0000000000e+00 I: 0.0000000000e+00 

Cw_Source: cw1 
	 Channel : 0 -- n1: 18 n2: 20 -- Fixed Lambda
		 Freqshift: 0
			l1:fixed:660 			Carrier Lambda: 660 nm --- E vars
				Mode 0
					(fwd: 14,16):  Pow: 1.0000000000e+00 Phi: 0.0000000000e+00  Mag: 1.0000000000e+00 E_f =  1.0000000000e+00 + 0.0000000000e+00i
					(rev: 15,17):  Pow: 2.8416022456e-01 Phi: -2.7824502429e+00  Mag: 5.3306681060e-01 E_f =  -4.9905639439e-01 + -1.8735778549e-01i
								Total Power Fwd: 1 Rev: 0.28416

Mirror: mir1
	Channel:0
			l2:fixed:660 			Carrier Lambda: 660 nm --- E vars
				Mode 0
					(fwd: 42,44):  Pow: 7.1583977543e-01 Phi: -1.2116539162e+00  Mag: 8.4607315017e-01 E_f =  2.9737058962e-01 + -7.9209248694e-01i
					(rev: 43,45):  Pow: 0.0000000000e+00 Phi: 0.0000000000e+00  Mag: 0.0000000000e+00 E_f =  0.0000000000e+00 + 0.0000000000e+00i
								Total Power Fwd: 0.71584 Rev: 0



***** Node Operating Point Values 
	wg1                           	Port: 1 
	                              	mode: l1:fixed:660 
	                              		dir: FWD
	                              			TE Fields: 1.0000000000e+00 0.0000000000e+00 

	wg1                           	Port: 2 
	                              	mode: l2:fixed:660 
	                              		dir: FWD
	                              			TE Fields: 8.4607315017e-01 -1.2116539162e+00 

	v1                            	Port:     1	V = 1.0000000000e+00
	v1                            	Port:     1	I = 0.0000000000e+00
	v1                            	Port:     2	I = -0.0000000000e+00
	v2                            	Port:     1	V = 0.0000000000e+00
	v2                            	Port:     1	I = 0.0000000000e+00
	v2                            	Port:     2	I = -0.0000000000e+00
	cw1                           	Port:     1	V = 1.0000000000e+00
	cw1                           	Port:     1	I = -0.0000000000e+00
	cw1                           	Port:     2	V = 0.0000000000e+00
	cw1                           	Port:     2	I = -0.0000000000e+00
	cw1                           	Port: 3 
	                              	mode: l1:fixed:660 
	                              		dir: FWD
	                              			TE Fields: 1.0000000000e+00 0.0000000000e+00 
	                              			TM Fields: 0.0000000000e+00 0.0000000000e+00 
	                              		dir: REV
	                              			TE Fields: -4.9905639439e-01 -1.8735778549e-01 
	                              			TM Fields: 0.0000000000e+00 0.0000000000e+00 

	wg1                           	Port: 1 
	                              	mode: l1:fixed:660 
	                              		dir: FWD
	                              			TE Fields: 1.0000000000e+00 0.0000000000e+00 
	                              			TM Fields: 0.0000000000e+00 0.0000000000e+00 
	                              		dir: REV
	                              			TE Fields: -4.9905639439e-01 -1.8735778549e-01 
	                              			TM Fields: 0.0000000000e+00 0.0000000000e+00 

	wg1                           	Port: 2 
	                              	mode: l2:fixed:660 
	                              		dir: FWD
	                              			TE Fields: 2.9737058962e-01 -7.9209248694e-01 
	                              			TM Fields: 0.0000000000e+00 0.0000000000e+00 
	                              		dir: REV
	                              			TE Fields: 0.0000000000e+00 0.0000000000e+00 
	                              			TM Fields: 0.0000000000e+00 0.0000000000e+00 

	wg1:exp                       	Port: 1 
	                              	mode: l1:fixed:660 
	                              		dir: FWD
	                              			TE Fields: 1.0000000000e+00 0.0000000000e+00 
	                              			TM Fields: 0.0000000000e+00 0.0000000000e+00 
	                              		dir: REV
	                              			TE Fields: -4.9905639439e-01 -1.8735778549e-01 
	                              			TM Fields: 0.0000000000e+00 0.0000000000e+00 

	wg1:exp                       	Port: 2 
	                              	mode: l2:fixed:660 
	                              		dir: FWD
	                              			TE Fields: 2.9737058962e-01 -7.9209248694e-01 
	                              			TM Fields: 0.0000000000e+00 0.0000000000e+00 
	                              		dir: REV
	                              			TE Fields: 0.0000000000e+00 0.0000000000e+00 
	                              			TM Fields: 0.0000000000e+00 0.0000000000e+00 

	mir1                          	Port: 1 
	                              	mode: l2:fixed:660 
	                              		dir: FWD
	                              			TE Fields: 2.9737058962e-01 -7.9209248694e-01 
	                              			TM Fields: 0.0000000000e+00 0.0000000000e+00 
	                              		dir: REV
	                              			TE Fields: 0.0000000000e+00 0.0000000000e+00 
	                              			TM Fields: 0.0000000000e+00 0.0000000000e+00 


***** 
		Final Evars non-Linear Scatter pass:

***** Element Operating point info:

MultiLayerFilterExp: wg1:exp 
	(Explicit Filtering -- T = 300.15 -- E to E)
	Channel: 0
		 Input: l1:fixed:660
			l1:fixed:660 			Carrier Lambda: 660 nm --- E vars
				Mode 0
					(fwd: 14,16):  Pow: 1.0000000000e+00 Phi: 0.0000000000e+00  Mag: 1.0000000000e+00 E_f =  1.0000000000e+00 + 0.0000000000e+00i
					(rev: 15,17):  Pow: 2.8416022456e-01 Phi: -2.7824502429e+00  Mag: 5.3306681060e-01 E_f =  -4.9905639439e-01 + -1.8735778549e-01i
								Total Power Fwd: 1 Rev: 0.28416

			Extra
					(rev: 46,47):  Pow: 2.8416022456e-01 Phi: -2.7824502429e+00  Mag: 5.3306681060e-01 E_f =  -4.9905639439e-01 + -1.8735778549e-01i
								Total Power Fwd: 0 Rev: 0.28416

		Interface (0): wg1:exp:c(0):I1(0) T= 300.15 NonLinear
			N1 = 1.1 N2 = 2.1 (2.1)T = 300.15
				Tf^2 = 0.902344 Rf^2 = 0.0976562  Tb^2 = 0.902344 Rb^2 = 0.0976562 Tf+Rf = 1 Tb+Rb = 1 
			Rf = -0.3125 	Tf = 0.949918 	Rb = 0.3125 	Tb = 0.949918 

		 Layer (1) Phi= -19.992 (-1.1424)  Atten = 1 N = 2.1 V1 = 0 V2 = 0 T = 300.15
			Inter1: wg1:exp:inter1(0):fixed:660 (Es)
			wg1:exp:inter1(0):fixed:660 			Carrier Lambda: 660 nm --- E vars
				Mode 0
					(fwd: 26,28):  Pow: 7.9331161260e-01 Phi: -6.9256587572e-02  Mag: 8.9068042114e-01 E_f =  8.8854521165e-01 + -6.1636186262e-02i
					(rev: 27,29):  Pow: 7.7471837168e-02 Phi: -2.3540512447e+00  Mag: 2.7833763161e-01 E_f =  -1.9639215343e-01 + -1.9723579604e-01i
								Total Power Fwd: 0.793312 Rev: 0.0774718

			Inter2: wg1:exp:inter2(0):fixed:660 (Es)
			wg1:exp:inter2(0):fixed:660 			Carrier Lambda: 660 nm --- E vars
				Mode 0
					(fwd: 30,32):  Pow: 7.9331161260e-01 Phi: -1.2116539162e+00  Mag: 8.9068042114e-01 E_f =  3.1304877355e-01 + -8.3385375095e-01i
					(rev: 31,33):  Pow: 7.7471837168e-02 Phi: -1.2116539162e+00  Mag: 2.7833763161e-01 E_f =  9.7827741736e-02 + -2.6057929717e-01i
								Total Power Fwd: 0.793312 Rev: 0.0774718

			Inter3: wg1:exp:inter3(0):fixed:660 (Es) dt = 7.00485e-15
			wg1:exp:inter3(0):fixed:660 			Carrier Lambda: 660 nm --- E vars
				Mode 0
					(fwd: 34,36):  Pow: 7.9331161260e-01 Phi: -1.2116539162e+00  Mag: 8.9068042114e-01 E_f =  3.1304877355e-01 + -8.3385375095e-01i
					(rev: 35,37):  Pow: 7.7471837168e-02 Phi: -1.2116539162e+00  Mag: 2.7833763161e-01 E_f =  9.7827741736e-02 + -2.6057929717e-01i
								Total Power Fwd: 0.793312 Rev: 0.0774718

			ExtraNodes (Es)
			Delay queues (Es):
				Mode 0
					(fwd: 38,39):  Pow: 7.9331161260e-01 Phi: -1.2116539162e+00  Mag: 8.9068042114e-01 E_f =  3.1304877355e-01 + -8.3385375095e-01i
					(rev: 40,41):  Pow: 7.7471837168e-02 Phi: -2.3540512447e+00  Mag: 2.7833763161e-01 E_f =  -1.9639215343e-01 + -1.9723579604e-01i
								Total Power Fwd: 0.793312 Rev: 0.0774718

			Extra Inter1
				Mode 0
					(fwd: 48,49):  Pow: 7.9331161260e-01 Phi: -6.9256587572e-02  Mag: 8.9068042114e-01 E_f =  8.8854521165e-01 + -6.1636186262e-02i
								Total Power Fwd: 0.793312 Rev: 0

		Interface (1): wg1:exp:c(0):I1(1) T = 300.15 NonLinear
			N1 = 2.1 (2.1) N2 = 1.1
				Tf^2 = 0.902344 Rf^2 = 0.0976562  Tb^2 = 0.902344 Rb^2 = 0.0976562 Tf+Rf = 1 Tb+Rb = 1 
			Rf = 0.3125 	Tf = 0.949918 	Rb = -0.3125 	Tb = 0.949918 

		 Output: l2:fixed:660
			l2:fixed:660 			Carrier Lambda: 660 nm --- E vars
				Mode 0
					(fwd: 42,44):  Pow: 7.1583977543e-01 Phi: -1.2116539162e+00  Mag: 8.4607315017e-01 E_f =  2.9737058962e-01 + -7.9209248694e-01i
					(rev: 43,45):  Pow: 0.0000000000e+00 Phi: 0.0000000000e+00  Mag: 0.0000000000e+00 E_f =  0.0000000000e+00 + 0.0000000000e+00i
								Total Power Fwd: 0.71584 Rev: 0

			Extra
				Mode 0
					(fwd: 56,57):  Pow: 7.1583977543e-01 Phi: -1.2116539162e+00  Mag: 8.4607315017e-01 E_f =  2.9737058962e-01 + -7.9209248694e-01i
								Total Power Fwd: 0.71584 Rev: 0

IndSource:                       v1 (V source)
			V: 1.0000000000e+00 I: 0.0000000000e+00 

IndSource:                       v2 (V source)
			V: 0.0000000000e+00 I: 0.0000000000e+00 

Cw_Source: cw1 
	 Channel : 0 -- n1: 18 n2: 20 -- Fixed Lambda
		 Freqshift: 0
			l1:fixed:660 			Carrier Lambda: 660 nm --- E vars
				Mode 0
					(fwd: 14,16):  Pow: 1.0000000000e+00 Phi: 0.0000000000e+00  Mag: 1.0000000000e+00 E_f =  1.0000000000e+00 + 0.0000000000e+00i
					(rev: 15,17):  Pow: 2.8416022456e-01 Phi: -2.7824502429e+00  Mag: 5.3306681060e-01 E_f =  -4.9905639439e-01 + -1.8735778549e-01i
								Total Power Fwd: 1 Rev: 0.28416

Mirror: mir1
	Channel:0
			l2:fixed:660 			Carrier Lambda: 660 nm --- E vars
				Mode 0
					(fwd: 42,44):  Pow: 7.1583977543e-01 Phi: -1.2116539162e+00  Mag: 8.4607315017e-01 E_f =  2.9737058962e-01 + -7.9209248694e-01i
					(rev: 43,45):  Pow: 0.0000000000e+00 Phi: 0.0000000000e+00  Mag: 0.0000000000e+00 E_f =  0.0000000000e+00 + 0.0000000000e+00i
								Total Power Fwd: 0.71584 Rev: 0



***** Node Operating Point Values 
	wg1                           	Port: 1 
	                              	mode: l1:fixed:660 
	                              		dir: FWD
	                              			TE Fields: 1.0000000000e+00 0.0000000000e+00 

	wg1                           	Port: 2 
	                              	mode: l2:fixed:660 
	                              		dir: FWD
	                              			TE Fields: 8.4607315017e-01 -1.2116539162e+00 

	v1                            	Port:     1	V = 1.0000000000e+00
	v1                            	Port:     1	I = 0.0000000000e+00
	v1                            	Port:     2	I = -0.0000000000e+00
	v2                            	Port:     1	V = 0.0000000000e+00
	v2                            	Port:     1	I = 0.0000000000e+00
	v2                            	Port:     2	I = -0.0000000000e+00
	cw1                           	Port:     1	V = 1.0000000000e+00
	cw1                           	Port:     1	I = -0.0000000000e+00
	cw1                           	Port:     2	V = 0.0000000000e+00
	cw1                           	Port:     2	I = -0.0000000000e+00
	cw1                           	Port: 3 
	                              	mode: l1:fixed:660 
	                              		dir: FWD
	                              			TE Fields: 1.0000000000e+00 0.0000000000e+00 
	                              			TM Fields: 0.0000000000e+00 0.0000000000e+00 
	                              		dir: REV
	                              			TE Fields: -4.9905639439e-01 -1.8735778549e-01 
	                              			TM Fields: 0.0000000000e+00 0.0000000000e+00 

	wg1                           	Port: 1 
	                              	mode: l1:fixed:660 
	                              		dir: FWD
	                              			TE Fields: 1.0000000000e+00 0.0000000000e+00 
	                              			TM Fields: 0.0000000000e+00 0.0000000000e+00 
	                              		dir: REV
	                              			TE Fields: -4.9905639439e-01 -1.8735778549e-01 
	                              			TM Fields: 0.0000000000e+00 0.0000000000e+00 

	wg1                           	Port: 2 
	                              	mode: l2:fixed:660 
	                              		dir: FWD
	                              			TE Fields: 2.9737058962e-01 -7.9209248694e-01 
	                              			TM Fields: 0.0000000000e+00 0.0000000000e+00 
	                              		dir: REV
	                              			TE Fields: 0.0000000000e+00 0.0000000000e+00 
	                              			TM Fields: 0.0000000000e+00 0.0000000000e+00 

	wg1:exp                       	Port: 1 
	                              	mode: l1:fixed:660 
	                              		dir: FWD
	                              			TE Fields: 1.0000000000e+00 0.0000000000e+00 
	                              			TM Fields: 0.0000000000e+00 0.0000000000e+00 
	                              		dir: REV
	                              			TE Fields: -4.9905639439e-01 -1.8735778549e-01 
	                              			TM Fields: 0.0000000000e+00 0.0000000000e+00 

	wg1:exp                       	Port: 2 
	                              	mode: l2:fixed:660 
	                              		dir: FWD
	                              			TE Fields: 2.9737058962e-01 -7.9209248694e-01 
	                              			TM Fields: 0.0000000000e+00 0.0000000000e+00 
	                              		dir: REV
	                              			TE Fields: 0.0000000000e+00 0.0000000000e+00 
	                              			TM Fields: 0.0000000000e+00 0.0000000000e+00 

	mir1                          	Port: 1 
	                              	mode: l2:fixed:660 
	                              		dir: FWD
	                              			TE Fields: 2.9737058962e-01 -7.9209248694e-01 
	                              			TM Fields: 0.0000000000e+00 0.0000000000e+00 
	                              		dir: REV
	                              			TE Fields: 0.0000000000e+00 0.0000000000e+00 
	                              			TM Fields: 0.0000000000e+00 0.0000000000e+00 


***** 
		DC iterations =  2 (extra -1). Cond 0.0477165
			Total num iter: 5
		Final pass (forced MPtotMP):
Before:

***** Element Operating point info:

MultiLayerFilterExp: wg1:exp 
	(Explicit Filtering -- T = 300.15 -- E to E)
	Channel: 0
		 Input: l1:fixed:660
			l1:fixed:660 			Carrier Lambda: 660 nm --- E vars
				Mode 0
					(fwd: 14,16):  Pow: 1.0000000000e+00 Phi: 0.0000000000e+00  Mag: 1.0000000000e+00 E_f =  1.0000000000e+00 + 0.0000000000e+00i
					(rev: 15,17):  Pow: 2.8416022456e-01 Phi: -2.7824502429e+00  Mag: 5.3306681060e-01 E_f =  -4.9905639439e-01 + -1.8735778549e-01i
								Total Power Fwd: 1 Rev: 0.28416

			Extra
					(rev: 46,47):  Pow: 2.8416022456e-01 Phi: -2.7824502429e+00  Mag: 5.3306681060e-01 E_f =  -4.9905639439e-01 + -1.8735778549e-01i
								Total Power Fwd: 0 Rev: 0.28416

		Interface (0): wg1:exp:c(0):I1(0) T= 300.15 NonLinear
			N1 = 1.1 N2 = 2.1 (2.1)T = 300.15
				Tf^2 = 0.902344 Rf^2 = 0.0976562  Tb^2 = 0.902344 Rb^2 = 0.0976562 Tf+Rf = 1 Tb+Rb = 1 
			Rf = -0.3125 	Tf = 0.949918 	Rb = 0.3125 	Tb = 0.949918 

		 Layer (1) Phi= -19.992 (-1.1424)  Atten = 1 N = 2.1 V1 = 0 V2 = 0 T = 300.15
			Inter1: wg1:exp:inter1(0):fixed:660 (Es)
			wg1:exp:inter1(0):fixed:660 			Carrier Lambda: 660 nm --- E vars
				Mode 0
					(fwd: 26,28):  Pow: 7.9331161260e-01 Phi: -6.9256587572e-02  Mag: 8.9068042114e-01 E_f =  8.8854521165e-01 + -6.1636186262e-02i
					(rev: 27,29):  Pow: 7.7471837168e-02 Phi: -2.3540512447e+00  Mag: 2.7833763161e-01 E_f =  -1.9639215343e-01 + -1.9723579604e-01i
								Total Power Fwd: 0.793312 Rev: 0.0774718

			Inter2: wg1:exp:inter2(0):fixed:660 (Es)
			wg1:exp:inter2(0):fixed:660 			Carrier Lambda: 660 nm --- E vars
				Mode 0
					(fwd: 30,32):  Pow: 7.9331161260e-01 Phi: -1.2116539162e+00  Mag: 8.9068042114e-01 E_f =  3.1304877355e-01 + -8.3385375095e-01i
					(rev: 31,33):  Pow: 7.7471837168e-02 Phi: -1.2116539162e+00  Mag: 2.7833763161e-01 E_f =  9.7827741736e-02 + -2.6057929717e-01i
								Total Power Fwd: 0.793312 Rev: 0.0774718

			Inter3: wg1:exp:inter3(0):fixed:660 (Es) dt = 7.00485e-15
			wg1:exp:inter3(0):fixed:660 			Carrier Lambda: 660 nm --- E vars
				Mode 0
					(fwd: 34,36):  Pow: 7.9331161260e-01 Phi: -1.2116539162e+00  Mag: 8.9068042114e-01 E_f =  3.1304877355e-01 + -8.3385375095e-01i
					(rev: 35,37):  Pow: 7.7471837168e-02 Phi: -1.2116539162e+00  Mag: 2.7833763161e-01 E_f =  9.7827741736e-02 + -2.6057929717e-01i
								Total Power Fwd: 0.793312 Rev: 0.0774718

			ExtraNodes (Es)
			Delay queues (Es):
				Mode 0
					(fwd: 38,39):  Pow: 7.9331161260e-01 Phi: -1.2116539162e+00  Mag: 8.9068042114e-01 E_f =  3.1304877355e-01 + -8.3385375095e-01i
					(rev: 40,41):  Pow: 7.7471837168e-02 Phi: -2.3540512447e+00  Mag: 2.7833763161e-01 E_f =  -1.9639215343e-01 + -1.9723579604e-01i
								Total Power Fwd: 0.793312 Rev: 0.0774718

			Extra Inter1
				Mode 0
					(fwd: 48,49):  Pow: 7.9331161260e-01 Phi: -6.9256587572e-02  Mag: 8.9068042114e-01 E_f =  8.8854521165e-01 + -6.1636186262e-02i
								Total Power Fwd: 0.793312 Rev: 0

		Interface (1): wg1:exp:c(0):I1(1) T = 300.15 NonLinear
			N1 = 2.1 (2.1) N2 = 1.1
				Tf^2 = 0.902344 Rf^2 = 0.0976562  Tb^2 = 0.902344 Rb^2 = 0.0976562 Tf+Rf = 1 Tb+Rb = 1 
			Rf = 0.3125 	Tf = 0.949918 	Rb = -0.3125 	Tb = 0.949918 

		 Output: l2:fixed:660
			l2:fixed:660 			Carrier Lambda: 660 nm --- E vars
				Mode 0
					(fwd: 42,44):  Pow: 7.1583977543e-01 Phi: -1.2116539162e+00  Mag: 8.4607315017e-01 E_f =  2.9737058962e-01 + -7.9209248694e-01i
					(rev: 43,45):  Pow: 0.0000000000e+00 Phi: 0.0000000000e+00  Mag: 0.0000000000e+00 E_f =  0.0000000000e+00 + 0.0000000000e+00i
								Total Power Fwd: 0.71584 Rev: 0

			Extra
				Mode 0
					(fwd: 56,57):  Pow: 7.1583977543e-01 Phi: -1.2116539162e+00  Mag: 8.4607315017e-01 E_f =  2.9737058962e-01 + -7.9209248694e-01i
								Total Power Fwd: 0.71584 Rev: 0

IndSource:                       v1 (V source)
			V: 1.0000000000e+00 I: 0.0000000000e+00 

IndSource:                       v2 (V source)
			V: 0.0000000000e+00 I: 0.0000000000e+00 

Cw_Source: cw1 
	 Channel : 0 -- n1: 18 n2: 20 -- Fixed Lambda
		 Freqshift: 0
			l1:fixed:660 			Carrier Lambda: 660 nm --- E vars
				Mode 0
					(fwd: 14,16):  Pow: 1.0000000000e+00 Phi: 0.0000000000e+00  Mag: 1.0000000000e+00 E_f =  1.0000000000e+00 + 0.0000000000e+00i
					(rev: 15,17):  Pow: 2.8416022456e-01 Phi: -2.7824502429e+00  Mag: 5.3306681060e-01 E_f =  -4.9905639439e-01 + -1.8735778549e-01i
								Total Power Fwd: 1 Rev: 0.28416

Mirror: mir1
	Channel:0
			l2:fixed:660 			Carrier Lambda: 660 nm --- E vars
				Mode 0
					(fwd: 42,44):  Pow: 7.1583977543e-01 Phi: -1.2116539162e+00  Mag: 8.4607315017e-01 E_f =  2.9737058962e-01 + -7.9209248694e-01i
					(rev: 43,45):  Pow: 0.0000000000e+00 Phi: 0.0000000000e+00  Mag: 0.0000000000e+00 E_f =  0.0000000000e+00 + 0.0000000000e+00i
								Total Power Fwd: 0.71584 Rev: 0



***** Node Operating Point Values 
	wg1                           	Port: 1 
	                              	mode: l1:fixed:660 
	                              		dir: FWD
	                              			TE Fields: 1.0000000000e+00 0.0000000000e+00 

	wg1                           	Port: 2 
	                              	mode: l2:fixed:660 
	                              		dir: FWD
	                              			TE Fields: 8.4607315017e-01 -1.2116539162e+00 

	v1                            	Port:     1	V = 1.0000000000e+00
	v1                            	Port:     1	I = 0.0000000000e+00
	v1                            	Port:     2	I = -0.0000000000e+00
	v2                            	Port:     1	V = 0.0000000000e+00
	v2                            	Port:     1	I = 0.0000000000e+00
	v2                            	Port:     2	I = -0.0000000000e+00
	cw1                           	Port:     1	V = 1.0000000000e+00
	cw1                           	Port:     1	I = -0.0000000000e+00
	cw1                           	Port:     2	V = 0.0000000000e+00
	cw1                           	Port:     2	I = -0.0000000000e+00
	cw1                           	Port: 3 
	                              	mode: l1:fixed:660 
	                              		dir: FWD
	                              			TE Fields: 1.0000000000e+00 0.0000000000e+00 
	                              			TM Fields: 0.0000000000e+00 0.0000000000e+00 
	                              		dir: REV
	                              			TE Fields: -4.9905639439e-01 -1.8735778549e-01 
	                              			TM Fields: 0.0000000000e+00 0.0000000000e+00 

	wg1                           	Port: 1 
	                              	mode: l1:fixed:660 
	                              		dir: FWD
	                              			TE Fields: 1.0000000000e+00 0.0000000000e+00 
	                              			TM Fields: 0.0000000000e+00 0.0000000000e+00 
	                              		dir: REV
	                              			TE Fields: -4.9905639439e-01 -1.8735778549e-01 
	                              			TM Fields: 0.0000000000e+00 0.0000000000e+00 

	wg1                           	Port: 2 
	                              	mode: l2:fixed:660 
	                              		dir: FWD
	                              			TE Fields: 2.9737058962e-01 -7.9209248694e-01 
	                              			TM Fields: 0.0000000000e+00 0.0000000000e+00 
	                              		dir: REV
	                              			TE Fields: 0.0000000000e+00 0.0000000000e+00 
	                              			TM Fields: 0.0000000000e+00 0.0000000000e+00 

	wg1:exp                       	Port: 1 
	                              	mode: l1:fixed:660 
	                              		dir: FWD
	                              			TE Fields: 1.0000000000e+00 0.0000000000e+00 
	                              			TM Fields: 0.0000000000e+00 0.0000000000e+00 
	                              		dir: REV
	                              			TE Fields: -4.9905639439e-01 -1.8735778549e-01 
	                              			TM Fields: 0.0000000000e+00 0.0000000000e+00 

	wg1:exp                       	Port: 2 
	                              	mode: l2:fixed:660 
	                              		dir: FWD
	                              			TE Fields: 2.9737058962e-01 -7.9209248694e-01 
	                              			TM Fields: 0.0000000000e+00 0.0000000000e+00 
	                              		dir: REV
	                              			TE Fields: 0.0000000000e+00 0.0000000000e+00 
	                              			TM Fields: 0.0000000000e+00 0.0000000000e+00 

	mir1                          	Port: 1 
	                              	mode: l2:fixed:660 
	                              		dir: FWD
	                              			TE Fields: 2.9737058962e-01 -7.9209248694e-01 
	                              			TM Fields: 0.0000000000e+00 0.0000000000e+00 
	                              		dir: REV
	                              			TE Fields: 0.0000000000e+00 0.0000000000e+00 
	                              			TM Fields: 0.0000000000e+00 0.0000000000e+00 


***** 
After:

***** Element Operating point info:

MultiLayerFilterExp: wg1:exp 
	(Explicit Filtering -- T = 300.15 -- E to E)
	Channel: 0
		 Input: l1:fixed:660
			l1:fixed:660  Carrier Lambda: 660 nm  -- MP vars
				Mode 0
					(fwd: 14,16):  Pow: 1.0000000000e+00 Phi: 0.0000000000e+00  Mag: 1.0000000000e+00 E_f =  1.0000000000e+00 + 0.0000000000e+00i
					(rev: 15,17):  Pow: 2.8416022456e-01 Phi: -2.7824502429e+00  Mag: 5.3306681060e-01 E_f =  -4.9905639439e-01 + -1.8735778549e-01i
								Total Power Fwd: 1 Rev: 0.28416

			Extra
					(rev: 46,47):  Pow: 2.8416022456e-01 Phi: -2.7824502429e+00  Mag: 5.3306681060e-01 E_f =  -4.9905639439e-01 + -1.8735778549e-01i
								Total Power Fwd: 0 Rev: 0.28416

		Interface (0): wg1:exp:c(0):I1(0) T= 300.15 NonLinear
			N1 = 1.1 N2 = 2.1 (2.1)T = 300.15
				Tf^2 = 0.902344 Rf^2 = 0.0976562  Tb^2 = 0.902344 Rb^2 = 0.0976562 Tf+Rf = 1 Tb+Rb = 1 
			Rf = -0.3125 	Tf = 0.949918 	Rb = 0.3125 	Tb = 0.949918 

		 Layer (1) Phi= -19.992 (-1.1424)  Atten = 1 N = 2.1 V1 = 0 V2 = 0 T = 300.15
			Inter1: wg1:exp:inter1(0):fixed:660 (MP)
			wg1:exp:inter1(0):fixed:660  Carrier Lambda: 660 nm  -- MP vars
				Mode 0
					(fwd: 26,28):  Pow: 7.9331161260e-01 Phi: -6.9256587572e-02  Mag: 8.9068042114e-01 E_f =  8.8854521165e-01 + -6.1636186262e-02i
					(rev: 27,29):  Pow: 7.7471837168e-02 Phi: -2.1203607166e+01  Mag: 2.7833763161e-01 E_f =  -1.9639215343e-01 + -1.9723579604e-01i
								Total Power Fwd: 0.793312 Rev: 0.0774718

			Inter2: wg1:exp:inter2(0):fixed:660 (MP)
			wg1:exp:inter2(0):fixed:660  Carrier Lambda: 660 nm  -- MP vars
				Mode 0
					(fwd: 30,32):  Pow: 7.9331161260e-01 Phi: -2.0061209838e+01  Mag: 8.9068042114e-01 E_f =  3.1304877355e-01 + -8.3385375095e-01i
					(rev: 31,33):  Pow: 7.7471837168e-02 Phi: -1.2116539162e+00  Mag: 2.7833763161e-01 E_f =  9.7827741736e-02 + -2.6057929717e-01i
								Total Power Fwd: 0.793312 Rev: 0.0774718

			Inter3: wg1:exp:inter3(0):fixed:660 (MP) dt = 7.00485e-15
			wg1:exp:inter3(0):fixed:660  Carrier Lambda: 660 nm  -- MP vars
				Mode 0
					(fwd: 34,36):  Pow: 7.9331161260e-01 Phi: -2.0061209838e+01  Mag: 8.9068042114e-01 E_f =  3.1304877355e-01 + -8.3385375095e-01i
					(rev: 35,37):  Pow: 7.7471837168e-02 Phi: -1.2116539162e+00  Mag: 2.7833763161e-01 E_f =  9.7827741736e-02 + -2.6057929717e-01i
								Total Power Fwd: 0.793312 Rev: 0.0774718

			ExtraNodes (MP)
			Delay queues (MP):
				Mode 0
					(fwd: 38,39):  Pow: 7.9331161260e-01 Phi: -2.0061209838e+01  Mag: 8.9068042114e-01 E_f =  3.1304877355e-01 + -8.3385375095e-01i
					(rev: 40,41):  Pow: 7.7471837168e-02 Phi: -2.1203607166e+01  Mag: 2.7833763161e-01 E_f =  -1.9639215343e-01 + -1.9723579604e-01i
								Total Power Fwd: 0.793312 Rev: 0.0774718

			Extra Inter1
				Mode 0
					(fwd: 48,49):  Pow: 7.9331161260e-01 Phi: -6.9256587572e-02  Mag: 8.9068042114e-01 E_f =  8.8854521165e-01 + -6.1636186262e-02i
								Total Power Fwd: 0.793312 Rev: 0

		Interface (1): wg1:exp:c(0):I1(1) T = 300.15 NonLinear
			N1 = 2.1 (2.1) N2 = 1.1
				Tf^2 = 0.902344 Rf^2 = 0.0976562  Tb^2 = 0.902344 Rb^2 = 0.0976562 Tf+Rf = 1 Tb+Rb = 1 
			Rf = 0.3125 	Tf = 0.949918 	Rb = -0.3125 	Tb = 0.949918 

		 Output: l2:fixed:660
			l2:fixed:660  Carrier Lambda: 660 nm  -- MP vars
				Mode 0
					(fwd: 42,44):  Pow: 7.1583977543e-01 Phi: -1.2116539162e+00  Mag: 8.4607315017e-01 E_f =  2.9737058962e-01 + -7.9209248694e-01i
					(rev: 43,45):  Pow: 0.0000000000e+00 Phi: 0.0000000000e+00  Mag: 0.0000000000e+00 E_f =  0.0000000000e+00 + 0.0000000000e+00i
								Total Power Fwd: 0.71584 Rev: 0

			Extra
				Mode 0
					(fwd: 56,57):  Pow: 7.1583977543e-01 Phi: -1.2116539162e+00  Mag: 8.4607315017e-01 E_f =  2.9737058962e-01 + -7.9209248694e-01i
								Total Power Fwd: 0.71584 Rev: 0

IndSource:                       v1 (V source)
			V: 1.0000000000e+00 I: 0.0000000000e+00 

IndSource:                       v2 (V source)
			V: 0.0000000000e+00 I: 0.0000000000e+00 

Cw_Source: cw1 
	 Channel : 0 -- n1: 18 n2: 20 -- Fixed Lambda
		 Freqshift: 0
			l1:fixed:660  Carrier Lambda: 660 nm  -- MP vars
				Mode 0
					(fwd: 14,16):  Pow: 1.0000000000e+00 Phi: 0.0000000000e+00  Mag: 1.0000000000e+00 E_f =  1.0000000000e+00 + 0.0000000000e+00i
					(rev: 15,17):  Pow: 2.8416022456e-01 Phi: -2.7824502429e+00  Mag: 5.3306681060e-01 E_f =  -4.9905639439e-01 + -1.8735778549e-01i
								Total Power Fwd: 1 Rev: 0.28416

Mirror: mir1
	Channel:0
			l2:fixed:660  Carrier Lambda: 660 nm  -- MP vars
				Mode 0
					(fwd: 42,44):  Pow: 7.1583977543e-01 Phi: -1.2116539162e+00  Mag: 8.4607315017e-01 E_f =  2.9737058962e-01 + -7.9209248694e-01i
					(rev: 43,45):  Pow: 0.0000000000e+00 Phi: 0.0000000000e+00  Mag: 0.0000000000e+00 E_f =  0.0000000000e+00 + 0.0000000000e+00i
								Total Power Fwd: 0.71584 Rev: 0



***** Node Operating Point Values 
	wg1                           	Port: 1 
	                              	mode: l1:fixed:660 
	                              		dir: FWD
	                              			TE Fields: 1.0000000000e+00 0.0000000000e+00 

	wg1                           	Port: 2 
	                              	mode: l2:fixed:660 
	                              		dir: FWD
	                              			TE Fields: 8.4607315017e-01 -1.2116539162e+00 

	v1                            	Port:     1	V = 1.0000000000e+00
	v1                            	Port:     1	I = 0.0000000000e+00
	v1                            	Port:     2	I = -0.0000000000e+00
	v2                            	Port:     1	V = 0.0000000000e+00
	v2                            	Port:     1	I = 0.0000000000e+00
	v2                            	Port:     2	I = -0.0000000000e+00
	cw1                           	Port:     1	V = 1.0000000000e+00
	cw1                           	Port:     1	I = -0.0000000000e+00
	cw1                           	Port:     2	V = 0.0000000000e+00
	cw1                           	Port:     2	I = -0.0000000000e+00
	cw1                           	Port: 3 
	                              	mode: l1:fixed:660 
	                              		dir: FWD
	                              			TE Fields: 1.0000000000e+00 0.0000000000e+00 
	                              			TM Fields: 0.0000000000e+00 0.0000000000e+00 
	                              		dir: REV
	                              			TE Fields: -4.9905639439e-01 -1.8735778549e-01 
	                              			TM Fields: 0.0000000000e+00 0.0000000000e+00 

	wg1                           	Port: 1 
	                              	mode: l1:fixed:660 
	                              		dir: FWD
	                              			TE Fields: 1.0000000000e+00 0.0000000000e+00 
	                              			TM Fields: 0.0000000000e+00 0.0000000000e+00 
	                              		dir: REV
	                              			TE Fields: -4.9905639439e-01 -1.8735778549e-01 
	                              			TM Fields: 0.0000000000e+00 0.0000000000e+00 

	wg1                           	Port: 2 
	                              	mode: l2:fixed:660 
	                              		dir: FWD
	                              			TE Fields: 2.9737058962e-01 -7.9209248694e-01 
	                              			TM Fields: 0.0000000000e+00 0.0000000000e+00 
	                              		dir: REV
	                              			TE Fields: 0.0000000000e+00 0.0000000000e+00 
	                              			TM Fields: 0.0000000000e+00 0.0000000000e+00 

	wg1:exp                       	Port: 1 
	                              	mode: l1:fixed:660 
	                              		dir: FWD
	                              			TE Fields: 1.0000000000e+00 0.0000000000e+00 
	                              			TM Fields: 0.0000000000e+00 0.0000000000e+00 
	                              		dir: REV
	                              			TE Fields: -4.9905639439e-01 -1.8735778549e-01 
	                              			TM Fields: 0.0000000000e+00 0.0000000000e+00 

	wg1:exp                       	Port: 2 
	                              	mode: l2:fixed:660 
	                              		dir: FWD
	                              			TE Fields: 2.9737058962e-01 -7.9209248694e-01 
	                              			TM Fields: 0.0000000000e+00 0.0000000000e+00 
	                              		dir: REV
	                              			TE Fields: 0.0000000000e+00 0.0000000000e+00 
	                              			TM Fields: 0.0000000000e+00 0.0000000000e+00 

	mir1                          	Port: 1 
	                              	mode: l2:fixed:660 
	                              		dir: FWD
	                              			TE Fields: 2.9737058962e-01 -7.9209248694e-01 
	                              			TM Fields: 0.0000000000e+00 0.0000000000e+00 
	                              		dir: REV
	                              			TE Fields: 0.0000000000e+00 0.0000000000e+00 
	                              			TM Fields: 0.0000000000e+00 0.0000000000e+00 


***** 
		DC iterations =  3 (extra 1). Cond 0.0195875
			Total num iter: 8
X: 6.600000000000000e+02 1.000000000000000e+00 1.000000000000000e+00 0.000000000000000e+00 -0.000000000000000e+00 -0.000000000000000e+00 0.000000000000000e+00 0.000000000000000e+00 0.000000000000000e+00 0.000000000000000e+00 -0.000000000000000e+00 -0.000000000000000e+00 0.000000000000000e+00 1.000000000000000e+00 5.330668105949692e-01 0.000000000000000e+00 -2.782450242924641e+00 1.000000000000000e+00 -0.000000000000000e+00 -0.000000000000000e+00 -0.000000000000000e+00 1.000000000000000e+00 0.000000000000000e+00 0.000000000000000e+00 0.000000000000000e+00 8.906804211434441e-01 2.783376316064912e-01 -6.925658757471277e-02 -2.120360716622720e+01 8.906804211425534e-01 2.783376316067696e-01 -2.006120983767152e+01 -1.211653916131545e+00 8.906804211425534e-01 2.783376316067696e-01 -2.006120983767152e+01 -1.211653916131545e+00 8.906804211425534e-01 -2.006120983767152e+01 2.783376316064912e-01 -2.120360716622720e+01 8.460731501688397e-01 0.000000000000000e+00 -1.211653916131545e+00 0.000000000000000e+00 5.330668105949692e-01 -2.782450242924641e+00 8.906804211434441e-01 -6.925658757471277e-02 0.000000000000000e+00 0.000000000000000e+00 0.000000000000000e+00 0.000000000000000e+00 2.783376316067696e-01 -1.211653916131545e+00 8.460731501688397e-01 -1.211653916131545e+00 0.000000000000000e+00 0.000000000000000e+00 0.000000000000000e+00 0.000000000000000e+00 0.000000000000000e+00 0.000000000000000e+00 0.000000000000000e+00 0.000000000000000e+00 

Operating point
660 1 1 0 -0 -0 0 0 0 0 -0 -0 0 1 0.533067 0 -2.78245 1 -0 -0 -0 1 0 0 0 0.89068 0.278338 -0.0692566 -21.2036 0.89068 0.278338 -20.0612 -1.21165 0.89068 0.278338 -20.0612 -1.21165 0.89068 -20.0612 0.278338 -21.2036 0.846073 0 -1.21165 0 0.533067 -2.78245 0.89068 -0.0692566 0 0 0 0 0.278338 -1.21165 0.846073 -1.21165 0 0 0 0 0 0 0 0 

Transient

***** Element Operating point info:

MultiLayerFilterExp: wg1:exp 
	(Explicit Filtering -- T = 300.15 -- E to E)
	Channel: 0
		 Input: l1:fixed:660
			l1:fixed:660  Carrier Lambda: 660 nm  -- MP vars
				Mode 0
					(fwd: 14,16):  Pow: 1.0000000000e+00 Phi: 0.0000000000e+00  Mag: 1.0000000000e+00 E_f =  1.0000000000e+00 + 0.0000000000e+00i
					(rev: 15,17):  Pow: 2.8416022456e-01 Phi: -2.7824502429e+00  Mag: 5.3306681059e-01 E_f =  -4.9905639438e-01 + -1.8735778549e-01i
								Total Power Fwd: 1 Rev: 0.28416

			Extra
					(rev: 46,47):  Pow: 2.8416022456e-01 Phi: -2.7824502429e+00  Mag: 5.3306681059e-01 E_f =  -4.9905639438e-01 + -1.8735778549e-01i
								Total Power Fwd: 0 Rev: 0.28416

		Interface (0): wg1:exp:c(0):I1(0) T= 300.15 NonLinear
			N1 = 1.1 N2 = 2.1 (2.1)T = 300.15
				Tf^2 = 0.902344 Rf^2 = 0.0976562  Tb^2 = 0.902344 Rb^2 = 0.0976562 Tf+Rf = 1 Tb+Rb = 1 
			Rf = -0.3125 	Tf = 0.949918 	Rb = 0.3125 	Tb = 0.949918 

		 Layer (1) Phi= -19.992 (-1.1424)  Atten = 1 N = 2.1 V1 = 0 V2 = 0 T = 300.15
			Inter1: wg1:exp:inter1(0):fixed:660 (MP)
			wg1:exp:inter1(0):fixed:660  Carrier Lambda: 660 nm  -- MP vars
				Mode 0
					(fwd: 26,28):  Pow: 7.9331161261e-01 Phi: -6.9256587575e-02  Mag: 8.9068042114e-01 E_f =  8.8854521165e-01 + -6.1636186265e-02i
					(rev: 27,29):  Pow: 7.7471837168e-02 Phi: -2.1203607166e+01  Mag: 2.7833763161e-01 E_f =  -1.9639215342e-01 + -1.9723579605e-01i
								Total Power Fwd: 0.793312 Rev: 0.0774718

			Inter2: wg1:exp:inter2(0):fixed:660 (MP)
			wg1:exp:inter2(0):fixed:660  Carrier Lambda: 660 nm  -- MP vars
				Mode 0
					(fwd: 30,32):  Pow: 7.9331161261e-01 Phi: -2.0061209838e+01  Mag: 8.9068042114e-01 E_f =  3.1304877357e-01 + -8.3385375095e-01i
					(rev: 31,33):  Pow: 7.7471837168e-02 Phi: -1.2116539161e+00  Mag: 2.7833763161e-01 E_f =  9.7827741741e-02 + -2.6057929717e-01i
								Total Power Fwd: 0.793312 Rev: 0.0774718

			Inter3: wg1:exp:inter3(0):fixed:660 (MP) dt = 7.00485e-15
			wg1:exp:inter3(0):fixed:660  Carrier Lambda: 660 nm  -- MP vars
				Mode 0
					(fwd: 34,36):  Pow: 7.9331161261e-01 Phi: -2.0061209838e+01  Mag: 8.9068042114e-01 E_f =  3.1304877357e-01 + -8.3385375095e-01i
					(rev: 35,37):  Pow: 7.7471837168e-02 Phi: -1.2116539161e+00  Mag: 2.7833763161e-01 E_f =  9.7827741741e-02 + -2.6057929717e-01i
								Total Power Fwd: 0.793312 Rev: 0.0774718

			ExtraNodes (MP)
			Delay queues (MP):
				Mode 0
					(fwd: 38,39):  Pow: 7.9331161261e-01 Phi: -2.0061209838e+01  Mag: 8.9068042114e-01 E_f =  3.1304877357e-01 + -8.3385375095e-01i
					(rev: 40,41):  Pow: 7.7471837168e-02 Phi: -2.1203607166e+01  Mag: 2.7833763161e-01 E_f =  -1.9639215342e-01 + -1.9723579605e-01i
								Total Power Fwd: 0.793312 Rev: 0.0774718

			Extra Inter1
				Mode 0
					(fwd: 48,49):  Pow: 7.9331161261e-01 Phi: -6.9256587575e-02  Mag: 8.9068042114e-01 E_f =  8.8854521165e-01 + -6.1636186265e-02i
								Total Power Fwd: 0.793312 Rev: 0

		Interface (1): wg1:exp:c(0):I1(1) T = 300.15 NonLinear
			N1 = 2.1 (2.1) N2 = 1.1
				Tf^2 = 0.902344 Rf^2 = 0.0976562  Tb^2 = 0.902344 Rb^2 = 0.0976562 Tf+Rf = 1 Tb+Rb = 1 
			Rf = 0.3125 	Tf = 0.949918 	Rb = -0.3125 	Tb = 0.949918 

		 Output: l2:fixed:660
			l2:fixed:660  Carrier Lambda: 660 nm  -- MP vars
				Mode 0
					(fwd: 42,44):  Pow: 7.1583977544e-01 Phi: -1.2116539161e+00  Mag: 8.4607315017e-01 E_f =  2.9737058964e-01 + -7.9209248693e-01i
					(rev: 43,45):  Pow: 0.0000000000e+00 Phi: 0.0000000000e+00  Mag: 0.0000000000e+00 E_f =  0.0000000000e+00 + 0.0000000000e+00i
								Total Power Fwd: 0.71584 Rev: 0

			Extra
				Mode 0
					(fwd: 56,57):  Pow: 7.1583977544e-01 Phi: -1.2116539161e+00  Mag: 8.4607315017e-01 E_f =  2.9737058964e-01 + -7.9209248693e-01i
								Total Power Fwd: 0.71584 Rev: 0

IndSource:                       v1 (V source)
			V: 1.0000000000e+00 I: 0.0000000000e+00 

IndSource:                       v2 (V source)
			V: 0.0000000000e+00 I: 0.0000000000e+00 

Cw_Source: cw1 
	 Channel : 0 -- n1: 18 n2: 20 -- Fixed Lambda
		 Freqshift: 0
			l1:fixed:660  Carrier Lambda: 660 nm  -- MP vars
				Mode 0
					(fwd: 14,16):  Pow: 1.0000000000e+00 Phi: 0.0000000000e+00  Mag: 1.0000000000e+00 E_f =  1.0000000000e+00 + 0.0000000000e+00i
					(rev: 15,17):  Pow: 2.8416022456e-01 Phi: -2.7824502429e+00  Mag: 5.3306681059e-01 E_f =  -4.9905639438e-01 + -1.8735778549e-01i
								Total Power Fwd: 1 Rev: 0.28416

Mirror: mir1
	Channel:0
			l2:fixed:660  Carrier Lambda: 660 nm  -- MP vars
				Mode 0
					(fwd: 42,44):  Pow: 7.1583977544e-01 Phi: -1.2116539161e+00  Mag: 8.4607315017e-01 E_f =  2.9737058964e-01 + -7.9209248693e-01i
					(rev: 43,45):  Pow: 0.0000000000e+00 Phi: 0.0000000000e+00  Mag: 0.0000000000e+00 E_f =  0.0000000000e+00 + 0.0000000000e+00i
								Total Power Fwd: 0.71584 Rev: 0



***** Node Operating Point Values 
	wg1                           	Port: 1 
	                              	mode: l1:fixed:660 
	                              		dir: FWD
	                              			TE Fields: 1.0000000000e+00 0.0000000000e+00 

	wg1                           	Port: 2 
	                              	mode: l2:fixed:660 
	                              		dir: FWD
	                              			TE Fields: 8.4607315017e-01 -1.2116539161e+00 

	v1                            	Port:     1	V = 1.0000000000e+00
	v1                            	Port:     1	I = 0.0000000000e+00
	v1                            	Port:     2	I = -0.0000000000e+00
	v2                            	Port:     1	V = 0.0000000000e+00
	v2                            	Port:     1	I = 0.0000000000e+00
	v2                            	Port:     2	I = -0.0000000000e+00
	cw1                           	Port:     1	V = 1.0000000000e+00
	cw1                           	Port:     1	I = -0.0000000000e+00
	cw1                           	Port:     2	V = 0.0000000000e+00
	cw1                           	Port:     2	I = -0.0000000000e+00
	cw1                           	Port: 3 
	                              	mode: l1:fixed:660 
	                              		dir: FWD
	                              			TE Fields: 1.0000000000e+00 0.0000000000e+00 
	                              			TM Fields: 0.0000000000e+00 0.0000000000e+00 
	                              		dir: REV
	                              			TE Fields: -4.9905639438e-01 -1.8735778549e-01 
	                              			TM Fields: 0.0000000000e+00 0.0000000000e+00 

	wg1                           	Port: 1 
	                              	mode: l1:fixed:660 
	                              		dir: FWD
	                              			TE Fields: 1.0000000000e+00 0.0000000000e+00 
	                              			TM Fields: 0.0000000000e+00 0.0000000000e+00 
	                              		dir: REV
	                              			TE Fields: -4.9905639438e-01 -1.8735778549e-01 
	                              			TM Fields: 0.0000000000e+00 0.0000000000e+00 

	wg1                           	Port: 2 
	                              	mode: l2:fixed:660 
	                              		dir: FWD
	                              			TE Fields: 2.9737058964e-01 -7.9209248693e-01 
	                              			TM Fields: 0.0000000000e+00 0.0000000000e+00 
	                              		dir: REV
	                              			TE Fields: 0.0000000000e+00 0.0000000000e+00 
	                              			TM Fields: 0.0000000000e+00 0.0000000000e+00 

	wg1:exp                       	Port: 1 
	                              	mode: l1:fixed:660 
	                              		dir: FWD
	                              			TE Fields: 1.0000000000e+00 0.0000000000e+00 
	                              			TM Fields: 0.0000000000e+00 0.0000000000e+00 
	                              		dir: REV
	                              			TE Fields: -4.9905639438e-01 -1.8735778549e-01 
	                              			TM Fields: 0.0000000000e+00 0.0000000000e+00 

	wg1:exp                       	Port: 2 
	                              	mode: l2:fixed:660 
	                              		dir: FWD
	                              			TE Fields: 2.9737058964e-01 -7.9209248693e-01 
	                              			TM Fields: 0.0000000000e+00 0.0000000000e+00 
	                              		dir: REV
	                              			TE Fields: 0.0000000000e+00 0.0000000000e+00 
	                              			TM Fields: 0.0000000000e+00 0.0000000000e+00 

	mir1                          	Port: 1 
	                              	mode: l2:fixed:660 
	                              		dir: FWD
	                              			TE Fields: 2.9737058964e-01 -7.9209248693e-01 
	                              			TM Fields: 0.0000000000e+00 0.0000000000e+00 
	                              		dir: REV
	                              			TE Fields: 0.0000000000e+00 0.0000000000e+00 
	                              			TM Fields: 0.0000000000e+00 0.0000000000e+00 


***** 
Transient ... 

t: 1e-13 t(sc) 1e-05 iter: 1 repeat_nr_iter: 0 h: 1e-05 Status: MP BACKE PhiWrapSimple

new h (LTE): 2.64575 : d3 48 6.93889e-08 : h 3 2.64575 

	D3: x: -0.0692566 x1: -0.0692566 x2: -0.0692566 x3: -0.0692566
new h (Growth limit): 2e-05 

t = 1e-13 (0%)
t: 3e-13 t(sc) 3e-05 iter: 1 repeat_nr_iter: 0 h: 2e-05 Status: MP BACKE PhiWrapLinear

new h (LTE): 2.64575 : d3 64 0 : h 3 2.64575 

	D3: x: 0 x1: 0 x2: 0 x3: 0
new h (Growth limit): 4e-05 

t: 7e-13 t(sc) 7e-05 iter: 1 repeat_nr_iter: 0 h: 4e-05 Status: MP BACKE PhiWrapLinear

new h (LTE): 2.64575 : d3 64 0 : h 3 2.64575 

	D3: x: 0 x1: 0 x2: 0 x3: 0
new h (Growth limit): 8e-05 

t: 1.5e-12 t(sc) 0.00015 iter: 1 repeat_nr_iter: 0 h: 8e-05 Status: MP BACKE PhiWrapLinear

new h (LTE): 2.64575 : d3 64 0 : h 3 2.64575 

	D3: x: 0 x1: 0 x2: 0 x3: 0
new h (Growth limit): 0.00016 

t: 3.1e-12 t(sc) 0.00031 iter: 1 repeat_nr_iter: 0 h: 0.00016 Status: MP BACKE PhiWrapLinear

new h (LTE): 2.64575 : d3 64 0 : h 3 2.64575 

	D3: x: 0 x1: 0 x2: 0 x3: 0
new h (Growth limit): 0.00032 
Switching integration method and stepping back one step at 1.5e-12 to Trap
t: 3.1e-12 t(sc) 0.00031 iter: 1 repeat_nr_iter: 0 h: 0.00016 Status: MP TRAP PhiWrapLinear

new h (LTE): 1.91292 : d3 64 0 : h 3 1.91292 

	D3: x: 0 x1: 0 x2: 0 x3: 0
new h (Growth limit): 0.00032 

t: 6.3e-12 t(sc) 0.00063 iter: 1 repeat_nr_iter: 0 h: 0.00032 Status: MP TRAP PhiWrapLinear

new h (LTE): 1.91292 : d3 64 0 : h 3 1.91292 

	D3: x: 0 x1: 0 x2: 0 x3: 0
new h (Growth limit): 0.00064 

t: 1.27e-11 t(sc) 0.00127 iter: 1 repeat_nr_iter: 0 h: 0.00064 Status: MP TRAP PhiWrapLinear

new h (LTE): 1.91292 : d3 64 0 : h 3 1.91292 

	D3: x: 0 x1: 0 x2: 0 x3: 0
new h (Growth limit): 0.00128 

t: 2.55e-11 t(sc) 0.00255 iter: 1 repeat_nr_iter: 0 h: 0.00128 Status: MP TRAP PhiWrapLinear

new h (LTE): 1.91292 : d3 64 0 : h 3 1.91292 

	D3: x: 0 x1: 0 x2: 0 x3: 0
new h (Growth limit): 0.00256 

t: 5.11e-11 t(sc) 0.00511 iter: 1 repeat_nr_iter: 0 h: 0.00256 Status: MP TRAP PhiWrapLinear

new h (LTE): 1.91292 : d3 64 0 : h 3 1.91292 

	D3: x: 0 x1: 0 x2: 0 x3: 0
new h (Growth limit): 0.00512 

t: 1.023e-10 t(sc) 0.01023 iter: 1 repeat_nr_iter: 0 h: 0.00512 Status: MP TRAP PhiWrapLinear

new h (LTE): 1.91292 : d3 64 0 : h 3 1.91292 

	D3: x: 0 x1: 0 x2: 0 x3: 0
new h (Growth limit): 0.01024 

t: 2.047e-10 t(sc) 0.02047 iter: 1 repeat_nr_iter: 0 h: 0.01024 Status: MP TRAP PhiWrapLinear

new h (LTE): 1.91292 : d3 64 0 : h 3 1.91292 

	D3: x: 0 x1: 0 x2: 0 x3: 0
new h (Growth limit): 0.02048 
new h (Max): 0.02 

t: 4.047e-10 t(sc) 0.04047 iter: 1 repeat_nr_iter: 0 h: 0.02 Status: MP TRAP PhiWrapLinear

new h (LTE): 1.91292 : d3 64 0 : h 3 1.91292 

	D3: x: 0 x1: 0 x2: 0 x3: 0
new h (Growth limit): 0.04 
new h (Max): 0.02 

t: 6.047e-10 t(sc) 0.06047 iter: 1 repeat_nr_iter: 0 h: 0.02 Status: MP TRAP PhiWrapLinear

new h (LTE): 1.91292 : d3 64 0 : h 3 1.91292 

	D3: x: 0 x1: 0 x2: 0 x3: 0
new h (Growth limit): 0.04 
new h (Max): 0.02 

t = 6.047e-10 (5%)
t: 8.047e-10 t(sc) 0.08047 iter: 1 repeat_nr_iter: 0 h: 0.02 Status: MP TRAP PhiWrapLinear

new h (LTE): 1.91292 : d3 64 0 : h 3 1.91292 

	D3: x: 0 x1: 0 x2: 0 x3: 0
new h (Growth limit): 0.04 
new h (Max): 0.02 

t: 1.0047e-09 t(sc) 0.10047 iter: 1 repeat_nr_iter: 0 h: 0.02 Status: MP TRAP PhiWrapLinear

new h (LTE): 1.91292 : d3 64 0 : h 3 1.91292 

	D3: x: 0 x1: 0 x2: 0 x3: 0
new h (Growth limit): 0.04 
new h (Max): 0.02 

t = 1.0047e-09 (10%)
t: 1.2047e-09 t(sc) 0.12047 iter: 1 repeat_nr_iter: 0 h: 0.02 Status: MP TRAP PhiWrapLinear

new h (LTE): 1.91292 : d3 64 0 : h 3 1.91292 

	D3: x: 0 x1: 0 x2: 0 x3: 0
new h (Growth limit): 0.04 
new h (Max): 0.02 

t: 1.4047e-09 t(sc) 0.14047 iter: 1 repeat_nr_iter: 0 h: 0.02 Status: MP TRAP PhiWrapLinear

new h (LTE): 1.91292 : d3 64 0 : h 3 1.91292 

	D3: x: 0 x1: 0 x2: 0 x3: 0
new h (Growth limit): 0.04 
new h (Max): 0.02 

t: 1.6047e-09 t(sc) 0.16047 iter: 1 repeat_nr_iter: 0 h: 0.02 Status: MP TRAP PhiWrapLinear

new h (LTE): 1.91292 : d3 64 0 : h 3 1.91292 

	D3: x: 0 x1: 0 x2: 0 x3: 0
new h (Growth limit): 0.04 
new h (Max): 0.02 

t = 1.6047e-09 (15%)
t: 1.8047e-09 t(sc) 0.18047 iter: 1 repeat_nr_iter: 0 h: 0.02 Status: MP TRAP PhiWrapLinear

new h (LTE): 1.91292 : d3 64 0 : h 3 1.91292 

	D3: x: 0 x1: 0 x2: 0 x3: 0
new h (Growth limit): 0.04 
new h (Max): 0.02 

t: 2.0047e-09 t(sc) 0.20047 iter: 1 repeat_nr_iter: 0 h: 0.02 Status: MP TRAP PhiWrapLinear

new h (LTE): 1.91292 : d3 64 0 : h 3 1.91292 

	D3: x: 0 x1: 0 x2: 0 x3: 0
new h (Growth limit): 0.04 
new h (Max): 0.02 

t = 2.0047e-09 (20%)
t: 2.2047e-09 t(sc) 0.22047 iter: 1 repeat_nr_iter: 0 h: 0.02 Status: MP TRAP PhiWrapLinear

new h (LTE): 1.91292 : d3 64 0 : h 3 1.91292 

	D3: x: 0 x1: 0 x2: 0 x3: 0
new h (Growth limit): 0.04 
new h (Max): 0.02 

t: 2.4047e-09 t(sc) 0.24047 iter: 1 repeat_nr_iter: 0 h: 0.02 Status: MP TRAP PhiWrapLinear

new h (LTE): 1.91292 : d3 64 0 : h 3 1.91292 

	D3: x: 0 x1: 0 x2: 0 x3: 0
new h (Growth limit): 0.04 
new h (Max): 0.02 

t: 2.6047e-09 t(sc) 0.26047 iter: 1 repeat_nr_iter: 0 h: 0.02 Status: MP TRAP PhiWrapLinear

new h (LTE): 1.91292 : d3 64 0 : h 3 1.91292 

	D3: x: 0 x1: 0 x2: 0 x3: 0
new h (Growth limit): 0.04 
new h (Max): 0.02 

t = 2.6047e-09 (25%)
t: 2.8047e-09 t(sc) 0.28047 iter: 1 repeat_nr_iter: 0 h: 0.02 Status: MP TRAP PhiWrapLinear

new h (LTE): 1.91292 : d3 64 0 : h 3 1.91292 

	D3: x: 0 x1: 0 x2: 0 x3: 0
new h (Growth limit): 0.04 
new h (Max): 0.02 

t: 3.0047e-09 t(sc) 0.30047 iter: 1 repeat_nr_iter: 0 h: 0.02 Status: MP TRAP PhiWrapLinear

new h (LTE): 1.91292 : d3 64 0 : h 3 1.91292 

	D3: x: 0 x1: 0 x2: 0 x3: 0
new h (Growth limit): 0.04 
new h (Max): 0.02 

t = 3.0047e-09 (30%)
t: 3.2047e-09 t(sc) 0.32047 iter: 1 repeat_nr_iter: 0 h: 0.02 Status: MP TRAP PhiWrapLinear

new h (LTE): 1.91292 : d3 64 0 : h 3 1.91292 

	D3: x: 0 x1: 0 x2: 0 x3: 0
new h (Growth limit): 0.04 
new h (Max): 0.02 

t: 3.4047e-09 t(sc) 0.34047 iter: 1 repeat_nr_iter: 0 h: 0.02 Status: MP TRAP PhiWrapLinear

new h (LTE): 1.91292 : d3 64 0 : h 3 1.91292 

	D3: x: 0 x1: 0 x2: 0 x3: 0
new h (Growth limit): 0.04 
new h (Max): 0.02 

t: 3.6047e-09 t(sc) 0.36047 iter: 1 repeat_nr_iter: 0 h: 0.02 Status: MP TRAP PhiWrapLinear

new h (LTE): 1.91292 : d3 64 0 : h 3 1.91292 

	D3: x: 0 x1: 0 x2: 0 x3: 0
new h (Growth limit): 0.04 
new h (Max): 0.02 

t = 3.6047e-09 (35%)
t: 3.8047e-09 t(sc) 0.38047 iter: 1 repeat_nr_iter: 0 h: 0.02 Status: MP TRAP PhiWrapLinear

new h (LTE): 1.91292 : d3 64 0 : h 3 1.91292 

	D3: x: 0 x1: 0 x2: 0 x3: 0
new h (Growth limit): 0.04 
new h (Max): 0.02 

t: 4.0047e-09 t(sc) 0.40047 iter: 1 repeat_nr_iter: 0 h: 0.02 Status: MP TRAP PhiWrapLinear

new h (LTE): 1.91292 : d3 64 0 : h 3 1.91292 

	D3: x: 0 x1: 0 x2: 0 x3: 0
new h (Growth limit): 0.04 
new h (Max): 0.02 

t = 4.0047e-09 (40%)
t: 4.2047e-09 t(sc) 0.42047 iter: 1 repeat_nr_iter: 0 h: 0.02 Status: MP TRAP PhiWrapLinear

new h (LTE): 1.91292 : d3 64 0 : h 3 1.91292 

	D3: x: 0 x1: 0 x2: 0 x3: 0
new h (Growth limit): 0.04 
new h (Max): 0.02 

t: 4.4047e-09 t(sc) 0.44047 iter: 1 repeat_nr_iter: 0 h: 0.02 Status: MP TRAP PhiWrapLinear

new h (LTE): 1.91292 : d3 64 0 : h 3 1.91292 

	D3: x: 0 x1: 0 x2: 0 x3: 0
new h (Growth limit): 0.04 
new h (Max): 0.02 

t: 4.6047e-09 t(sc) 0.46047 iter: 1 repeat_nr_iter: 0 h: 0.02 Status: MP TRAP PhiWrapLinear

new h (LTE): 1.91292 : d3 64 0 : h 3 1.91292 

	D3: x: 0 x1: 0 x2: 0 x3: 0
new h (Growth limit): 0.04 
new h (Max): 0.02 

t = 4.6047e-09 (45%)
t: 4.8047e-09 t(sc) 0.48047 iter: 1 repeat_nr_iter: 0 h: 0.02 Status: MP TRAP PhiWrapLinear

new h (LTE): 1.91292 : d3 64 0 : h 3 1.91292 

	D3: x: 0 x1: 0 x2: 0 x3: 0
new h (Growth limit): 0.04 
new h (Max): 0.02 

t: 5.0047e-09 t(sc) 0.50047 iter: 1 repeat_nr_iter: 0 h: 0.02 Status: MP TRAP PhiWrapLinear

new h (LTE): 1.91292 : d3 64 0 : h 3 1.91292 

	D3: x: 0 x1: 0 x2: 0 x3: 0
new h (Growth limit): 0.04 
new h (Max): 0.02 

t = 5.0047e-09 (50%)
t: 5.2047e-09 t(sc) 0.52047 iter: 1 repeat_nr_iter: 0 h: 0.02 Status: MP TRAP PhiWrapLinear

new h (LTE): 1.91292 : d3 64 0 : h 3 1.91292 

	D3: x: 0 x1: 0 x2: 0 x3: 0
new h (Growth limit): 0.04 
new h (Max): 0.02 

t: 5.4047e-09 t(sc) 0.54047 iter: 1 repeat_nr_iter: 0 h: 0.02 Status: MP TRAP PhiWrapLinear

new h (LTE): 1.91292 : d3 64 0 : h 3 1.91292 

	D3: x: 0 x1: 0 x2: 0 x3: 0
new h (Growth limit): 0.04 
new h (Max): 0.02 

t: 5.6047e-09 t(sc) 0.56047 iter: 1 repeat_nr_iter: 0 h: 0.02 Status: MP TRAP PhiWrapLinear

new h (LTE): 1.91292 : d3 64 0 : h 3 1.91292 

	D3: x: 0 x1: 0 x2: 0 x3: 0
new h (Growth limit): 0.04 
new h (Max): 0.02 

t = 5.6047e-09 (55%)
t: 5.8047e-09 t(sc) 0.58047 iter: 1 repeat_nr_iter: 0 h: 0.02 Status: MP TRAP PhiWrapLinear

new h (LTE): 1.91292 : d3 64 0 : h 3 1.91292 

	D3: x: 0 x1: 0 x2: 0 x3: 0
new h (Growth limit): 0.04 
new h (Max): 0.02 

t: 6.0047e-09 t(sc) 0.60047 iter: 1 repeat_nr_iter: 0 h: 0.02 Status: MP TRAP PhiWrapLinear

new h (LTE): 1.91292 : d3 64 0 : h 3 1.91292 

	D3: x: 0 x1: 0 x2: 0 x3: 0
new h (Growth limit): 0.04 
new h (Max): 0.02 

t = 6.0047e-09 (60%)
t: 6.2047e-09 t(sc) 0.62047 iter: 1 repeat_nr_iter: 0 h: 0.02 Status: MP TRAP PhiWrapLinear

new h (LTE): 1.91292 : d3 64 0 : h 3 1.91292 

	D3: x: 0 x1: 0 x2: 0 x3: 0
new h (Growth limit): 0.04 
new h (Max): 0.02 

t: 6.4047e-09 t(sc) 0.64047 iter: 1 repeat_nr_iter: 0 h: 0.02 Status: MP TRAP PhiWrapLinear

new h (LTE): 1.91292 : d3 64 0 : h 3 1.91292 

	D3: x: 0 x1: 0 x2: 0 x3: 0
new h (Growth limit): 0.04 
new h (Max): 0.02 

t: 6.6047e-09 t(sc) 0.66047 iter: 1 repeat_nr_iter: 0 h: 0.02 Status: MP TRAP PhiWrapLinear

new h (LTE): 1.91292 : d3 64 0 : h 3 1.91292 

	D3: x: 0 x1: 0 x2: 0 x3: 0
new h (Growth limit): 0.04 
new h (Max): 0.02 

t = 6.6047e-09 (65%)
t: 6.8047e-09 t(sc) 0.68047 iter: 1 repeat_nr_iter: 0 h: 0.02 Status: MP TRAP PhiWrapLinear

new h (LTE): 1.91292 : d3 64 0 : h 3 1.91292 

	D3: x: 0 x1: 0 x2: 0 x3: 0
new h (Growth limit): 0.04 
new h (Max): 0.02 

t: 7.0047e-09 t(sc) 0.70047 iter: 1 repeat_nr_iter: 0 h: 0.02 Status: MP TRAP PhiWrapLinear

new h (LTE): 1.91292 : d3 64 0 : h 3 1.91292 

	D3: x: 0 x1: 0 x2: 0 x3: 0
new h (Growth limit): 0.04 
new h (Max): 0.02 

t = 7.0047e-09 (70%)
t: 7.2047e-09 t(sc) 0.72047 iter: 1 repeat_nr_iter: 0 h: 0.02 Status: MP TRAP PhiWrapLinear

new h (LTE): 1.91292 : d3 64 0 : h 3 1.91292 

	D3: x: 0 x1: 0 x2: 0 x3: 0
new h (Growth limit): 0.04 
new h (Max): 0.02 

t: 7.4047e-09 t(sc) 0.74047 iter: 1 repeat_nr_iter: 0 h: 0.02 Status: MP TRAP PhiWrapLinear

new h (LTE): 1.91292 : d3 64 0 : h 3 1.91292 

	D3: x: 0 x1: 0 x2: 0 x3: 0
new h (Growth limit): 0.04 
new h (Max): 0.02 

t: 7.6047e-09 t(sc) 0.76047 iter: 1 repeat_nr_iter: 0 h: 0.02 Status: MP TRAP PhiWrapLinear

new h (LTE): 1.91292 : d3 64 0 : h 3 1.91292 

	D3: x: 0 x1: 0 x2: 0 x3: 0
new h (Growth limit): 0.04 
new h (Max): 0.02 

t = 7.6047e-09 (75%)
t: 7.8047e-09 t(sc) 0.78047 iter: 1 repeat_nr_iter: 0 h: 0.02 Status: MP TRAP PhiWrapLinear

new h (LTE): 1.91292 : d3 64 0 : h 3 1.91292 

	D3: x: 0 x1: 0 x2: 0 x3: 0
new h (Growth limit): 0.04 
new h (Max): 0.02 

t: 8.0047e-09 t(sc) 0.80047 iter: 1 repeat_nr_iter: 0 h: 0.02 Status: MP TRAP PhiWrapLinear

new h (LTE): 1.91292 : d3 64 0 : h 3 1.91292 

	D3: x: 0 x1: 0 x2: 0 x3: 0
new h (Growth limit): 0.04 
new h (Max): 0.02 

t = 8.0047e-09 (80%)
t: 8.2047e-09 t(sc) 0.82047 iter: 1 repeat_nr_iter: 0 h: 0.02 Status: MP TRAP PhiWrapLinear

new h (LTE): 1.91292 : d3 64 0 : h 3 1.91292 

	D3: x: 0 x1: 0 x2: 0 x3: 0
new h (Growth limit): 0.04 
new h (Max): 0.02 

t: 8.4047e-09 t(sc) 0.84047 iter: 1 repeat_nr_iter: 0 h: 0.02 Status: MP TRAP PhiWrapLinear

new h (LTE): 1.91292 : d3 64 0 : h 3 1.91292 

	D3: x: 0 x1: 0 x2: 0 x3: 0
new h (Growth limit): 0.04 
new h (Max): 0.02 

t: 8.6047e-09 t(sc) 0.86047 iter: 1 repeat_nr_iter: 0 h: 0.02 Status: MP TRAP PhiWrapLinear

new h (LTE): 1.91292 : d3 64 0 : h 3 1.91292 

	D3: x: 0 x1: 0 x2: 0 x3: 0
new h (Growth limit): 0.04 
new h (Max): 0.02 

t = 8.6047e-09 (85%)
t: 8.8047e-09 t(sc) 0.88047 iter: 1 repeat_nr_iter: 0 h: 0.02 Status: MP TRAP PhiWrapLinear

new h (LTE): 1.91292 : d3 64 0 : h 3 1.91292 

	D3: x: 0 x1: 0 x2: 0 x3: 0
new h (Growth limit): 0.04 
new h (Max): 0.02 

t: 9.0047e-09 t(sc) 0.90047 iter: 1 repeat_nr_iter: 0 h: 0.02 Status: MP TRAP PhiWrapLinear

new h (LTE): 1.91292 : d3 64 0 : h 3 1.91292 

	D3: x: 0 x1: 0 x2: 0 x3: 0
new h (Growth limit): 0.04 
new h (Max): 0.02 

t = 9.0047e-09 (90%)
t: 9.2047e-09 t(sc) 0.92047 iter: 1 repeat_nr_iter: 0 h: 0.02 Status: MP TRAP PhiWrapLinear

new h (LTE): 1.91292 : d3 64 0 : h 3 1.91292 

	D3: x: 0 x1: 0 x2: 0 x3: 0
new h (Growth limit): 0.04 
new h (Max): 0.02 

t: 9.4047e-09 t(sc) 0.94047 iter: 1 repeat_nr_iter: 0 h: 0.02 Status: MP TRAP PhiWrapLinear

new h (LTE): 1.91292 : d3 64 0 : h 3 1.91292 

	D3: x: 0 x1: 0 x2: 0 x3: 0
new h (Growth limit): 0.04 
new h (Max): 0.02 

t: 9.6047e-09 t(sc) 0.96047 iter: 1 repeat_nr_iter: 0 h: 0.02 Status: MP TRAP PhiWrapLinear

new h (LTE): 1.91292 : d3 64 0 : h 3 1.91292 

	D3: x: 0 x1: 0 x2: 0 x3: 0
new h (Growth limit): 0.04 
new h (Max): 0.02 

t = 9.6047e-09 (95%)
t: 9.8047e-09 t(sc) 0.98047 iter: 1 repeat_nr_iter: 0 h: 0.02 Status: MP TRAP PhiWrapLinear

new h (LTE): 1.91292 : d3 64 0 : h 3 1.91292 

	D3: x: 0 x1: 0 x2: 0 x3: 0
new h (Growth limit): 0.04 
new h (Max): 0.02 

t: 1.00047e-08 t(sc) 1.00047 iter: 1 repeat_nr_iter: 0 h: 0.02 Status: MP TRAP PhiWrapLinear

new h (LTE): 1.91292 : d3 64 0 : h 3 1.91292 

	D3: x: 0 x1: 0 x2: 0 x3: 0
new h (Growth limit): 0.04 
new h (Max): 0.02 

t = 1.00047e-08 (100%)
Number of timesteps: 61
Transient Simulation Done. Num of Nonlin iters: 61 
	Freeing MNA
Freeing Main Circuit ...
	Freeing Nodes and Elements
Cleaning Main Circuit ...
	Freeing Parsed circuit: 'Main Circuit'
