Running OptiSPICE 5.1 (compiled on: Jan  5 2016 10:28:02) 

Copyright 2015 Optiwave Systems Inc. All rights reserved.

	git commit: 651cbe73905eab5871768bdecbe8d86323447f45 MergeFromStaticBuild

Processing Netlist file: waveguide_smt_L1.0_LAM600_Neff2.7_end.sp

************* FILE: "waveguide_smt_L1.0_LAM600_Neff2.7_end.sp"  ************

Title "CW Source check "

Osp Jobcontrol Verbosity=DEBUG2

.option ingold=2 DELMAX=.1e-10 ACCURATE=1 RUNLVL=6 NUMDGT=8
.OPTION DCCAP=1 TNOM=27

.param NMODES=1

* Voltage sources
v1 Mag1 0 DC = 1 
v2 Phi1 0 DC = 0 

Osp CWSOURCE   Name=cw1 Nodes = [Mag1 Phi1 l1] MoName = CWmodel lambda = 6.000000e+02
Osp WaveGuide  Name=wg1 Nodes = [l1 l2] MoName=WGmodel
Osp MIRROR     Name=mir1 Nodes = [l2] MoName = Mmodel 

Osp Model Name = Mmodel   type = MIRROR    Ref = 0
Osp Model Name = CWmodel  type = CWSOURCE 
Osp Model Name = WGmodel  type = WaveGuide  Length=1.000000e+00  IncludeTimeDelay=1  neff=[2.700000e+00]  N0=1.1 NF=1.1

% IncludeTimeDelay=1 
.tran .0001e-9 10e-9 nsolver=BACKE nmaxst=.05n nminst=.05n

	
.Monitor OptFields wg1 Format=MagPhi Port=1 dir=IN  Pol=TE
.Monitor OptFields wg1 Format=MagPhi Port=2 dir=OUT Pol=TE
%.Monitor OptFields wg2 Format=MagPhi Port=2 dir=OUT Pol=TE
.end

************* *************** ************

Options ingold=2 DELMAX=.1e-10 ACCURATE=1 RUNLVL=6 NUMDGT=8 
Options DCCAP=1 TNOM=27 
Param P=[ { NMODES 1 } ] 
INDSOURCE EL_Type=V_SOU Name=v1 Nodes=[ Mag1 0 ] dcMode dcValue=1 
INDSOURCE EL_Type=V_SOU Name=v2 Nodes=[ Phi1 0 ] dcMode dcValue=0 
CWSOURCE Name=cw1 Nodes=[ Mag1 Phi1 l1 ] MoName=CWmodel lambda=6.000000e+02 
WaveGuide Name=wg1 Nodes=[ l1 l2 ] MoName=WGmodel 
MIRROR Name=mir1 Nodes=[ l2 ] MoName=Mmodel 
Model Name=Mmodel type=MIRROR Ref=0 
Model Name=CWmodel type=CWSOURCE 
Model Name=WGmodel type=WaveGuide Length=1.000000e+00 IncludeTimeDelay=1 neff=[ 2.700000e+00 ] N0=1.1 NF=1.1 
Transient Tpoints=[ { .0001e-9 10e-9 } ] nsolver=BACKE nmaxst=.05n nminst=.05n 
Monitor Type=OptFields Name=wg1 Format=MagPhi Port=1 dir=IN Pol=TE 
Monitor Type=OptFields Name=wg1 Format=MagPhi Port=2 dir=OUT Pol=TE 
END

Assigning node numbers and stamping


Main Circuit Paras:
	Name=NMODES String=1 Ep = 0x0

Creating: v1

Creating: v2

Creating: cw1
	New Link: l1                                                           Link: 0x7f872bd14b10

Creating: wg1
	New Link: l2                                                           Link: 0x7f872bd172a0

Creating: mir1

Circuit after element assignment

Element hash table
	Key: v1                                                           	val: 	735130416 
	Key: v2                                                           	val: 	735133264 
	Key: wg1:exp                                                      	val: 	746639360 
	Key: mir1                                                         	val: 	746642944 
	Key: cw1                                                          	val: 	746630656 
	Key: wg1                                                          	val: 	746636288 

Delay Element hash table

OptFFT Element hash table

Noise Element hash table

Optical Element hash table
	Key: wg1:exp                                                      	val: 	746639360 
	Key: mir1                                                         	val: 	746642944 
	Key: cw1                                                          	val: 	746630656 
	Key: wg1                                                          	val: 	746636288 

Source Optical Element hash table
	Key: cw1                                                          	val: 	746630656 

Elec Init Conditions


Tracing optical sources
	source: cw1 (fixed:600)  -> wg1:exp (1) 
		-- Return Branch:  -> cw1 (1) 

		-- Through Branch:  -> mir1 (1)  -> wg1:exp (1) 


Stamping: v1

Stamping: v2

Stamping: cw1
Created Optical Mode Shape 'Mode:1 n:1 x:5.0000000000000000e+01 y:5.0000000000000000e+01 m:0 n:0 s:5.0000000000000000e+00 1/r:0.0000000000000000e+00 l:6.0000000000000000e+02' (6c124dd77bc8ad3affbe9421ff7ca185bd4f3ddf)
Adding Optical Mode:         l1:fixed:600 	      0x7f872bd18fa0

Stamping: wg1
Adding Optical Mode: wg1:exp:inter1(0):fixed:600 	      0x7f872bd1ae20
Adding Optical Mode: wg1:exp:inter2(0):fixed:600 	      0x7f872bd1afd0
Adding Optical Mode: wg1:exp:inter3(0):fixed:600 	      0x7f872bd18870
Adding Optical Mode:         l2:fixed:600 	      0x7f872bd1bd90
Stamping OptScatteringVtoV Instance: wg1:exp:c(0):I1(0)
	E to E: l1:fixed:600 | wg1:exp:inter1(0):fixed:600
	Linear (E to E) Scattering Mode
	NonLinear Scattering Mode
Linear: -28.2743
CreateStampDelay: DELAY Name=wg1:exp:c(0):td(0):c(0):m(0):optmag:delay Del=9.0062305703501055e-15 Gain=1.0000000000000000e+00 Tcoeff=[ 0.0000000000000000e+00 0.0000000000000000e+00 ]
CreateStampDelay: DELAY Name=wg1:exp:c(0):td(0):reverse:c(0):m(0):optmag:delay Del=9.0062305703501055e-15 Gain=1.0000000000000000e+00 Tcoeff=[ 0.0000000000000000e+00 0.0000000000000000e+00 ]
CreateStampDelay: DELAY Name=wg1:exp:c(0):td(0):c(0):m(0):optphi:delay Del=9.0062305703501055e-15 Gain=1.0000000000000000e+00 Tcoeff=[ 0.0000000000000000e+00 0.0000000000000000e+00 ]
CreateStampDelay: DELAY Name=wg1:exp:c(0):td(0):reverse:c(0):m(0):optphi:delay Del=9.0062305703501055e-15 Gain=1.0000000000000000e+00 Tcoeff=[ 0.0000000000000000e+00 0.0000000000000000e+00 ]
Stamping OptScatteringVtoV Instance: wg1:exp:c(0):I1(1)
	E to E: wg1:exp:inter3(0):fixed:600 | l2:fixed:600
	Linear (E to E) Scattering Mode
	NonLinear Scattering Mode

Stamping: mir1

Linking optical elements; 
Pre-processing optical elements; evaluating the Oconn overlap integrals and FSE modes 
Mirror DetModes ... 
		mir1 input 0x7f872c80d120 output 0x7f872c80d120

Stamping free mode   optical elements; 
Processing Mirror: mir1 Version: 6 Switchable: 1
Adding Optical Mode: mir1:terminal:fixed:600 	      0x7f872be07ce0
Stamping OptScatteringVtoV Instance: mir1:vtov:c(0)
	E to E: l2:fixed:600 | mir1:terminal:fixed:600
	Linear (E to E) Scattering Mode
	NonLinear Scattering Mode

Post Stamping: cw1:c:0:m(0):optphi:iso

Post Stamping: cw1:c:0:m(0):optmag:iso

Circuit after node assignment

Element hash table (including internal elements)
	Key: cw1:c:0:m(0):optphi:iso                                      	val: 	735159776 
	Key: mir1:vtov                                                    	val: 	755111424 
	Key: wg1:exp:c(0):td(0):c(0):m(0):optmag:delay                    	val: 	736113728 
	Key: wg1:exp:c(0):I1(0)                                           	val: 	746694144 
	Key: wg1:exp:c(0):td(0):c(0):m(0):optphi:delay                    	val: 	736117760 
	Key: wg1                                                          	val: 	746636288 
	Key: wg1:exp:c(0):I1(1)                                           	val: 	755105792 
	Key: wg1:exp:c(0):td(0):reverse:c(0):m(0):optphi:delay            	val: 	736119392 
	Key: wg1:exp:c(0):td(0):reverse:c(0):m(0):optmag:delay            	val: 	736116176 
	Key: mir1:vtov:c(0)                                               	val: 	755116544 
	Key: v1                                                           	val: 	735130416 
	Key: v2                                                           	val: 	735133264 
	Key: wg1:exp                                                      	val: 	746639360 
	Key: cw1:c:0:m(0):optmag:iso                                      	val: 	735157664 
	Key: cw1                                                          	val: 	746630656 
	Key: mir1                                                         	val: 	746642944 

Node hash table (size: 66)
	Key: wg1:exp:c(0):i1(1):0:fwd:modei:m(0):optmag                   	val: 	56        
	Key: mir1:vtov:c(0):0:fwd:modei:m(0):optphi                       	val: 	65        
	Key: wg1:exp:inter1(0):fixed:600:rev:m(0):optphi                  	val: 	29        
	Key: mir1:terminal:fixed:600:fwd:m(0):optphi                      	val: 	60        
	Key: wg1:exp:c(0):i1(0):0:rev:modei:m(0):optmag                   	val: 	46        
	Key: l1:fixed:600:fwd:m(0):optmag                                 	val: 	14        
	Key: wg1:exp:c(0):i1(0):0:fwd:modei:m(0):optmag                   	val: 	48        
	Key: mir1:vtov:c(0):0:rev:modei:m(0):optphi                       	val: 	63        
	Key: wg1:exp:c(0):td(0):reverse:c(0):m(0):optmag:delay:i          	val: 	51        
	Key: wg1:exp:c(0):i1(1):0:rev:modei:m(0):optmag                   	val: 	54        
	Key: wg1:exp:revphase(0:0):modei:m(0):optphi                      	val: 	41        
	Key: cw1:l1:fixed:600:modei:m(0):optmag                           	val: 	22        
	Key: wg1:exp:inter1(0):fixed:600:fwd:m(0):optphi                  	val: 	28        
	Key: wg1:exp:inter2(0):fixed:600:rev:m(0):optphi                  	val: 	33        
	Key: wg1:exp:inter3(0):fixed:600:rev:m(0):optphi                  	val: 	37        
	Key: l2:fixed:600:rev:m(0):optphi                                 	val: 	45        
	Key: wg1:exp:fwdphase(0:0):modei:m(0):optphi                      	val: 	39        
	Key: v1:portcurrentnode:0                                         	val: 	3         
	Key: v1:portcurrentnode:1                                         	val: 	5         
	Key: cw1:c:0:m(0):optphi:iso:i                                    	val: 	25        
	Key: mir1:terminal:fixed:600:rev:m(0):optmag                      	val: 	59        
	Key: wg1:exp:inter2(0):fixed:600:fwd:m(0):optphi                  	val: 	32        
	Key: l1:fixed:600:rev:m(0):optphi                                 	val: 	17        
	Key: wg1:exp:inter3(0):fixed:600:fwd:m(0):optphi                  	val: 	36        
	Key: l2:fixed:600:fwd:m(0):optphi                                 	val: 	44        
	Key: v2:portcurrentnode:0                                         	val: 	9         
	Key: v2:portcurrentnode:1                                         	val: 	11        
	Key: v1:i                                                         	val: 	7         
	Key: wg1:exp:c(0):td(0):c(0):m(0):optmag:delay:i                  	val: 	50        
	Key: wg1:exp:c(0):td(0):reverse:c(0):m(0):optphi:delay:i          	val: 	53        
	Key: mir1:vtov:c(0):0:fwd:modei:m(0):optmag                       	val: 	64        
	Key: mir1:terminal:fixed:600:fwd:m(0):optmag                      	val: 	58        
	Key: wg1:exp:inter1(0):fixed:600:rev:m(0):optmag                  	val: 	27        
	Key: mir1:vtov:c(0):0:rev:modei:m(0):optmag                       	val: 	62        
	Key: mag1                                                         	val: 	2         
	Key: cw1:portcurrentcurnode:0                                     	val: 	19        
	Key: cw1:portcurrentcurnode:1                                     	val: 	21        
	Key: v1:portcurrentcurnode:0                                      	val: 	4         
	Key: v1:portcurrentcurnode:1                                      	val: 	6         
	Key: wg1:exp:c(0):i1(1):0:fwd:modei:m(0):optphi                   	val: 	57        
	Key: v2:portcurrentcurnode:0                                      	val: 	10        
	Key: v2:portcurrentcurnode:1                                      	val: 	12        
	Key: wg1:exp:c(0):i1(0):0:fwd:modei:m(0):optphi                   	val: 	49        
	Key: wg1:exp:c(0):i1(0):0:rev:modei:m(0):optphi                   	val: 	47        
	Key: l1:fixed:600:fwd:m(0):optphi                                 	val: 	16        
	Key: wg1:exp:inter1(0):fixed:600:fwd:m(0):optmag                  	val: 	26        
	Key: wg1:exp:inter2(0):fixed:600:rev:m(0):optmag                  	val: 	31        
	Key: 0                                                            	val: 	-5        
	Key: cw1:channel-fixed:600                                        	val: 	1         
	Key: wg1:exp:inter3(0):fixed:600:rev:m(0):optmag                  	val: 	35        
	Key: l2:fixed:600:rev:m(0):optmag                                 	val: 	43        
	Key: wg1:exp:revphase(0:0):modei:m(0):optmag                      	val: 	40        
	Key: wg1:exp:fwdphase(0:0):modei:m(0):optmag                      	val: 	38        
	Key: wg1:exp:c(0):i1(1):0:rev:modei:m(0):optphi                   	val: 	55        
	Key: cw1:l1:fixed:600:modei:m(0):optphi                           	val: 	23        
	Key: wg1:exp:inter2(0):fixed:600:fwd:m(0):optmag                  	val: 	30        
	Key: cw1:portcurrentnode:0                                        	val: 	18        
	Key: l1:fixed:600:rev:m(0):optmag                                 	val: 	15        
	Key: wg1:exp:inter3(0):fixed:600:fwd:m(0):optmag                  	val: 	34        
	Key: l2:fixed:600:fwd:m(0):optmag                                 	val: 	42        
	Key: cw1:portcurrentnode:1                                        	val: 	20        
	Key: wg1:exp:c(0):td(0):c(0):m(0):optphi:delay:i                  	val: 	52        
	Key: mir1:terminal:fixed:600:rev:m(0):optphi                      	val: 	61        
	Key: cw1:c:0:m(0):optmag:iso:i                                    	val: 	24        
	Key: phi1                                                         	val: 	8         
	Key: v2:i                                                         	val: 	13        

Node array 
	Key: 0                                                            	val: 	-5         Status: V node
	Key: cw1:channel-fixed:600                                        	val: 	1          Status: V node
	Key: mag1                                                         	val: 	2          Status: V node
	Key: v1:portcurrentnode:0                                         	val: 	3          Status: V node
	Key: v1:portcurrentcurnode:0                                      	val: 	4          Status: I node
	Key: v1:portcurrentnode:1                                         	val: 	5          Status: V node
	Key: v1:portcurrentcurnode:1                                      	val: 	6          Status: I node
	Key: v1:i                                                         	val: 	7          Status: I node
	Key: phi1                                                         	val: 	8          Status: V node
	Key: v2:portcurrentnode:0                                         	val: 	9          Status: V node
	Key: v2:portcurrentcurnode:0                                      	val: 	10         Status: I node
	Key: v2:portcurrentnode:1                                         	val: 	11         Status: V node
	Key: v2:portcurrentcurnode:1                                      	val: 	12         Status: I node
	Key: v2:i                                                         	val: 	13         Status: I node
	Key: l1:fixed:600:fwd:m(0):optmag                                 	val: 	14         Status: O Mag node
	Key: l1:fixed:600:rev:m(0):optmag                                 	val: 	15         Status: O Mag node
	Key: l1:fixed:600:fwd:m(0):optphi                                 	val: 	16         Status: O Pha node (14)
	Key: l1:fixed:600:rev:m(0):optphi                                 	val: 	17         Status: O Pha node (15)
	Key: cw1:portcurrentnode:0                                        	val: 	18         Status: V node
	Key: cw1:portcurrentcurnode:0                                     	val: 	19         Status: I node
	Key: cw1:portcurrentnode:1                                        	val: 	20         Status: V node
	Key: cw1:portcurrentcurnode:1                                     	val: 	21         Status: I node
	Key: cw1:l1:fixed:600:modei:m(0):optmag                           	val: 	22         Status: O Mag node
	Key: cw1:l1:fixed:600:modei:m(0):optphi                           	val: 	23         Status: O Pha node (22)
	Key: cw1:c:0:m(0):optmag:iso:i                                    	val: 	24         Status: I node
	Key: cw1:c:0:m(0):optphi:iso:i                                    	val: 	25         Status: I node
	Key: wg1:exp:inter1(0):fixed:600:fwd:m(0):optmag                  	val: 	26         Status: O Mag node
	Key: wg1:exp:inter1(0):fixed:600:rev:m(0):optmag                  	val: 	27         Status: O Mag node
	Key: wg1:exp:inter1(0):fixed:600:fwd:m(0):optphi                  	val: 	28         Status: O Pha node (26)
	Key: wg1:exp:inter1(0):fixed:600:rev:m(0):optphi                  	val: 	29         Status: O Pha node (27)
	Key: wg1:exp:inter2(0):fixed:600:fwd:m(0):optmag                  	val: 	30         Status: O Mag node
	Key: wg1:exp:inter2(0):fixed:600:rev:m(0):optmag                  	val: 	31         Status: O Mag node
	Key: wg1:exp:inter2(0):fixed:600:fwd:m(0):optphi                  	val: 	32         Status: O Pha node (30)
	Key: wg1:exp:inter2(0):fixed:600:rev:m(0):optphi                  	val: 	33         Status: O Pha node (31)
	Key: wg1:exp:inter3(0):fixed:600:fwd:m(0):optmag                  	val: 	34         Status: O Mag node
	Key: wg1:exp:inter3(0):fixed:600:rev:m(0):optmag                  	val: 	35         Status: O Mag node
	Key: wg1:exp:inter3(0):fixed:600:fwd:m(0):optphi                  	val: 	36         Status: O Pha node (34)
	Key: wg1:exp:inter3(0):fixed:600:rev:m(0):optphi                  	val: 	37         Status: O Pha node (35)
	Key: wg1:exp:fwdphase(0:0):modei:m(0):optmag                      	val: 	38         Status: O Mag node
	Key: wg1:exp:fwdphase(0:0):modei:m(0):optphi                      	val: 	39         Status: O Pha node (38)
	Key: wg1:exp:revphase(0:0):modei:m(0):optmag                      	val: 	40         Status: O Mag node
	Key: wg1:exp:revphase(0:0):modei:m(0):optphi                      	val: 	41         Status: O Pha node (40)
	Key: l2:fixed:600:fwd:m(0):optmag                                 	val: 	42         Status: O Mag node
	Key: l2:fixed:600:rev:m(0):optmag                                 	val: 	43         Status: O Mag node
	Key: l2:fixed:600:fwd:m(0):optphi                                 	val: 	44         Status: O Pha node (42)
	Key: l2:fixed:600:rev:m(0):optphi                                 	val: 	45         Status: O Pha node (43)
	Key: wg1:exp:c(0):i1(0):0:rev:modei:m(0):optmag                   	val: 	46         Status: O Mag node
	Key: wg1:exp:c(0):i1(0):0:rev:modei:m(0):optphi                   	val: 	47         Status: O Pha node (46)
	Key: wg1:exp:c(0):i1(0):0:fwd:modei:m(0):optmag                   	val: 	48         Status: O Mag node
	Key: wg1:exp:c(0):i1(0):0:fwd:modei:m(0):optphi                   	val: 	49         Status: O Pha node (48)
	Key: wg1:exp:c(0):td(0):c(0):m(0):optmag:delay:i                  	val: 	50         Status: I node
	Key: wg1:exp:c(0):td(0):reverse:c(0):m(0):optmag:delay:i          	val: 	51         Status: I node
	Key: wg1:exp:c(0):td(0):c(0):m(0):optphi:delay:i                  	val: 	52         Status: I node
	Key: wg1:exp:c(0):td(0):reverse:c(0):m(0):optphi:delay:i          	val: 	53         Status: I node
	Key: wg1:exp:c(0):i1(1):0:rev:modei:m(0):optmag                   	val: 	54         Status: O Mag node
	Key: wg1:exp:c(0):i1(1):0:rev:modei:m(0):optphi                   	val: 	55         Status: O Pha node (54)
	Key: wg1:exp:c(0):i1(1):0:fwd:modei:m(0):optmag                   	val: 	56         Status: O Mag node
	Key: wg1:exp:c(0):i1(1):0:fwd:modei:m(0):optphi                   	val: 	57         Status: O Pha node (56)
	Key: mir1:terminal:fixed:600:fwd:m(0):optmag                      	val: 	58         Status: O Mag node
	Key: mir1:terminal:fixed:600:rev:m(0):optmag                      	val: 	59         Status: O Mag node
	Key: mir1:terminal:fixed:600:fwd:m(0):optphi                      	val: 	60         Status: O Pha node (58)
	Key: mir1:terminal:fixed:600:rev:m(0):optphi                      	val: 	61         Status: O Pha node (59)
	Key: mir1:vtov:c(0):0:rev:modei:m(0):optmag                       	val: 	62         Status: O Mag node
	Key: mir1:vtov:c(0):0:rev:modei:m(0):optphi                       	val: 	63         Status: O Pha node (62)
	Key: mir1:vtov:c(0):0:fwd:modei:m(0):optmag                       	val: 	64         Status: O Mag node
	Key: mir1:vtov:c(0):0:fwd:modei:m(0):optphi                       	val: 	65         Status: O Pha node (64)

Optical Node hash table
	l2:fixed:600
		aliases: l2 -- l2 -- l2 -- l2 -- 
	wg1:exp:inter1(0):fixed:600
		aliases: wg1:exp:inter1(0) -- wg1:exp:inter1(0) -- 
	mir1:terminal:fixed:600
		aliases: mir1:terminal -- mir1:terminal -- 
	l1:fixed:600
		aliases: l1 -- l1 -- l1 -- 
	wg1:exp:inter2(0):fixed:600
		aliases: wg1:exp:inter2(0) -- wg1:exp:inter2(0) -- 
	wg1:exp:inter3(0):fixed:600
		aliases: wg1:exp:inter3(0) -- wg1:exp:inter3(0) -- 

Optical ModeShape hash table
	Key: 6c124dd77bc8ad3affbe9421ff7ca185bd4f3ddf                     	val: 	735153808 

Optical Link hash table
	Key: l1                                                           l1                                                          	val: 	0x7f872bd14b10 
			E1: 	0x7f872c80ae00 - cw1                                      	E2: 	0x7f872c80d000 - wg1:exp                                 
	Key: l2                                                           l2                                                          	val: 	0x7f872bd172a0 
			E1: 	0x7f872c80d000 - wg1:exp                                  	E2: 	0x7f872c80de00 - mir1                                    

Source Optical Channel hash table
	Key: fixed:600                                                    	lambda: 	600        dPhi_dt: 	0x7f872c80b630 *dPhi_dt: 	0         

Optical Matrices hash table

Optical FSE Matrices hash table

Monitor Statements
	Name:                            wg1 Type:       OptFields Port:     1 Node Num:      0
	Name:                            wg1 Type:       OptFields Port:     2 Node Num:      0
	Name:                             v1 Type:               V Port:     1 Node Num:      2
	Name:                             v1 Type:               I Port:     1 Node Num:      0
	Name:                             v1 Type:               I Port:     2 Node Num:      0
	Name:                             v2 Type:               V Port:     1 Node Num:      8
	Name:                             v2 Type:               I Port:     1 Node Num:      0
	Name:                             v2 Type:               I Port:     2 Node Num:      0
	Name:                            cw1 Type:               V Port:     1 Node Num:      2
	Name:                            cw1 Type:               I Port:     1 Node Num:      0
	Name:                            cw1 Type:               V Port:     2 Node Num:      8
	Name:                            cw1 Type:               I Port:     2 Node Num:      0
	Name:                            cw1 Type:       OptFields Port:     3 Node Num:      0
	Name:                            wg1 Type:       OptFields Port:     1 Node Num:      0
	Name:                            wg1 Type:       OptFields Port:     2 Node Num:      0
	Name:                        wg1:exp Type:       OptFields Port:     1 Node Num:      0
	Name:                        wg1:exp Type:       OptFields Port:     2 Node Num:      0
	Name:                           mir1 Type:       OptFields Port:     1 Node Num:      0

Current Monitor Statements
	Key: v2:Port-2                                                    	port: 	2          	num: 	12        
	Key: v1:Port-1                                                    	port: 	1          	num: 	4         
	Key: v1:Port-2                                                    	port: 	2          	num: 	6         
	Key: cw1:Port-1                                                   	port: 	1          	num: 	19        
	Key: v2:Port-1                                                    	port: 	1          	num: 	10        
	Key: cw1:Port-2                                                   	port: 	2          	num: 	21        

Sub-circuits


Transient Simulation Started
tscaling: 1e+08
abstol: 1e-08 reltol: 1e-06 c_abstol: 1e-15 c_reltol: 1e-06
DC Simulation Started
DC Linear Initial Guess
DC simulations:
	DC var: 0.000000000000e+00
		Elec pass (T ind):
		DC iterations =  2 (extra -1). Cond 0.210526
			Total num iter: 2
		Elec pass (T dep). Evars Optical:
		DC iterations =  1 (extra -1). Cond 0.210526
			Total num iter: 3

***** Element Operating point info:

MultiLayerFilterExp: wg1:exp 
	(Explicit Filtering -- T = 300.15 -- E to E)
	Channel: 0
		 Input: l1:fixed:600
			l1:fixed:600 			Carrier Lambda: 600 nm --- E vars
				Mode 0
					(fwd: 14,16):  Pow: 1.0000000000e+00 Phi: 0.0000000000e+00  Mag: 1.0000000000e+00 E_f =  1.0000000000e+00 + 0.0000000000e+00i
					(rev: 15,17):  Pow: 4.1907713939e-24 Phi: 3.1392652028e+00  Mag: 2.0471373657e-12 E_f =  -2.0471318210e-12 + 4.7646071468e-15i
								Total Power Fwd: 1 Rev: 4.19077e-24

			Extra
					(rev: 46,47):  Pow: 4.1907713939e-24 Phi: 3.1392652028e+00  Mag: 2.0471373657e-12 E_f =  -2.0471318210e-12 + 4.7646071468e-15i
								Total Power Fwd: 0 Rev: 4.19077e-24

		Interface (0): wg1:exp:c(0):I1(0) T= 300.15 NonLinear
			N1 = 1.1 N2 = 2.7 (2.7)T = 300.15
				Tf^2 = 0.822715 Rf^2 = 0.177285  Tb^2 = 0.822715 Rb^2 = 0.177285 Tf+Rf = 1 Tb+Rb = 1 
			Rf = -0.421053 	Tf = 0.907036 	Rb = 0.421053 	Tb = 0.907036 

		 Layer (1) Phi= -28.2743 (-3.14159)  Atten = 1 N = 2.7 V1 = 0 V2 = 0 T = 300.15
			Inter1: wg1:exp:inter1(0):fixed:600 (Es)
			wg1:exp:inter1(0):fixed:600 			Carrier Lambda: 600 nm --- E vars
				Mode 0
					(fwd: 26,28):  Pow: 1.2154882155e+00 Phi: 2.0061503776e-15  Mag: 1.1024918211e+00 E_f =  1.1024918211e+00 + 2.2117643831e-15i
					(rev: 27,29):  Pow: 2.1548821549e-01 Phi: 1.1315941974e-14  Mag: 4.6420708255e-01 E_f =  4.6420708255e-01 + 5.2529404099e-15i
								Total Power Fwd: 1.21549 Rev: 0.215488

			Inter2: wg1:exp:inter2(0):fixed:600 (Es)
			wg1:exp:inter2(0):fixed:600 			Carrier Lambda: 600 nm --- E vars
				Mode 0
					(fwd: 30,32):  Pow: 1.2154882155e+00 Phi: -3.1415926536e+00  Mag: 1.1024918210e+00 E_f =  -1.1024918210e+00 + -7.3437489283e-15i
					(rev: 31,33):  Pow: 2.1548821549e-01 Phi: -3.1415926536e+00  Mag: 4.6420708255e-01 E_f =  -4.6420708255e-01 + -3.0921048119e-15i
								Total Power Fwd: 1.21549 Rev: 0.215488

			Inter3: wg1:exp:inter3(0):fixed:600 (Es) dt = 9.00623e-15
			wg1:exp:inter3(0):fixed:600 			Carrier Lambda: 600 nm --- E vars
				Mode 0
					(fwd: 34,36):  Pow: 1.2154882155e+00 Phi: -3.1415926536e+00  Mag: 1.1024918210e+00 E_f =  -1.1024918210e+00 + -7.3437489283e-15i
					(rev: 35,37):  Pow: 2.1548821549e-01 Phi: -3.1415926536e+00  Mag: 4.6420708255e-01 E_f =  -4.6420708255e-01 + -3.0921048119e-15i
								Total Power Fwd: 1.21549 Rev: 0.215488

			ExtraNodes (Es)
			Delay queues (Es):
				Mode 0
					(fwd: 38,39):  Pow: 1.2154882155e+00 Phi: -3.1415926536e+00  Mag: 1.1024918210e+00 E_f =  -1.1024918210e+00 + -7.3437489283e-15i
					(rev: 40,41):  Pow: 2.1548821549e-01 Phi: 1.1315941974e-14  Mag: 4.6420708255e-01 E_f =  4.6420708255e-01 + 5.2529404099e-15i
								Total Power Fwd: 1.21549 Rev: 0.215488

			Extra Inter1
				Mode 0
					(fwd: 48,49):  Pow: 1.2154882155e+00 Phi: 2.0061503776e-15  Mag: 1.1024918211e+00 E_f =  1.1024918211e+00 + 2.2117643831e-15i
								Total Power Fwd: 1.21549 Rev: 0

		Interface (1): wg1:exp:c(0):I1(1) T = 300.15 NonLinear
			N1 = 2.7 (2.7) N2 = 1.1
				Tf^2 = 0.822715 Rf^2 = 0.177285  Tb^2 = 0.822715 Rb^2 = 0.177285 Tf+Rf = 1 Tb+Rb = 1 
			Rf = 0.421053 	Tf = 0.907036 	Rb = -0.421053 	Tb = 0.907036 

		 Output: l2:fixed:600
			l2:fixed:600 			Carrier Lambda: 600 nm --- E vars
				Mode 0
					(fwd: 42,44):  Pow: 9.9999999999e-01 Phi: -3.1415926536e+00  Mag: 1.0000000000e+00 E_f =  -1.0000000000e+00 + -6.6610461756e-15i
					(rev: 43,45):  Pow: 0.0000000000e+00 Phi: 0.0000000000e+00  Mag: 0.0000000000e+00 E_f =  0.0000000000e+00 + 0.0000000000e+00i
								Total Power Fwd: 1 Rev: 0

			Extra
				Mode 0
					(fwd: 56,57):  Pow: 9.9999999999e-01 Phi: -3.1415926536e+00  Mag: 1.0000000000e+00 E_f =  -1.0000000000e+00 + -6.6610461756e-15i
								Total Power Fwd: 1 Rev: 0

IndSource:                       v1 (V source)
			V: 1.0000000000e+00 I: 0.0000000000e+00 

IndSource:                       v2 (V source)
			V: 0.0000000000e+00 I: 0.0000000000e+00 

Cw_Source: cw1 
	 Channel : 0 -- n1: 18 n2: 20 -- Fixed Lambda
		 Freqshift: 0
			l1:fixed:600 			Carrier Lambda: 600 nm --- E vars
				Mode 0
					(fwd: 14,16):  Pow: 1.0000000000e+00 Phi: 0.0000000000e+00  Mag: 1.0000000000e+00 E_f =  1.0000000000e+00 + 0.0000000000e+00i
					(rev: 15,17):  Pow: 4.1907713939e-24 Phi: 3.1392652028e+00  Mag: 2.0471373657e-12 E_f =  -2.0471318210e-12 + 4.7646071468e-15i
								Total Power Fwd: 1 Rev: 4.19077e-24

Mirror: mir1
	Channel:0
			l2:fixed:600 			Carrier Lambda: 600 nm --- E vars
				Mode 0
					(fwd: 42,44):  Pow: 9.9999999999e-01 Phi: -3.1415926536e+00  Mag: 1.0000000000e+00 E_f =  -1.0000000000e+00 + -6.6610461756e-15i
					(rev: 43,45):  Pow: 0.0000000000e+00 Phi: 0.0000000000e+00  Mag: 0.0000000000e+00 E_f =  0.0000000000e+00 + 0.0000000000e+00i
								Total Power Fwd: 1 Rev: 0



***** Node Operating Point Values 
	wg1                           	Port: 1 
	                              	mode: l1:fixed:600 
	                              		dir: FWD
	                              			TE Fields: 1.0000000000e+00 0.0000000000e+00 

	wg1                           	Port: 2 
	                              	mode: l2:fixed:600 
	                              		dir: FWD
	                              			TE Fields: 1.0000000000e+00 -3.1415926536e+00 

	v1                            	Port:     1	V = 1.0000000000e+00
	v1                            	Port:     1	I = 0.0000000000e+00
	v1                            	Port:     2	I = -0.0000000000e+00
	v2                            	Port:     1	V = 0.0000000000e+00
	v2                            	Port:     1	I = 0.0000000000e+00
	v2                            	Port:     2	I = -0.0000000000e+00
	cw1                           	Port:     1	V = 1.0000000000e+00
	cw1                           	Port:     1	I = -0.0000000000e+00
	cw1                           	Port:     2	V = 0.0000000000e+00
	cw1                           	Port:     2	I = -0.0000000000e+00
	cw1                           	Port: 3 
	                              	mode: l1:fixed:600 
	                              		dir: FWD
	                              			TE Fields: 1.0000000000e+00 0.0000000000e+00 
	                              			TM Fields: 0.0000000000e+00 0.0000000000e+00 
	                              		dir: REV
	                              			TE Fields: -2.0471318210e-12 4.7646071468e-15 
	                              			TM Fields: 0.0000000000e+00 0.0000000000e+00 

	wg1                           	Port: 1 
	                              	mode: l1:fixed:600 
	                              		dir: FWD
	                              			TE Fields: 1.0000000000e+00 0.0000000000e+00 
	                              			TM Fields: 0.0000000000e+00 0.0000000000e+00 
	                              		dir: REV
	                              			TE Fields: -2.0471318210e-12 4.7646071468e-15 
	                              			TM Fields: 0.0000000000e+00 0.0000000000e+00 

	wg1                           	Port: 2 
	                              	mode: l2:fixed:600 
	                              		dir: FWD
	                              			TE Fields: -1.0000000000e+00 -6.6610461756e-15 
	                              			TM Fields: 0.0000000000e+00 0.0000000000e+00 
	                              		dir: REV
	                              			TE Fields: 0.0000000000e+00 0.0000000000e+00 
	                              			TM Fields: 0.0000000000e+00 0.0000000000e+00 

	wg1:exp                       	Port: 1 
	                              	mode: l1:fixed:600 
	                              		dir: FWD
	                              			TE Fields: 1.0000000000e+00 0.0000000000e+00 
	                              			TM Fields: 0.0000000000e+00 0.0000000000e+00 
	                              		dir: REV
	                              			TE Fields: -2.0471318210e-12 4.7646071468e-15 
	                              			TM Fields: 0.0000000000e+00 0.0000000000e+00 

	wg1:exp                       	Port: 2 
	                              	mode: l2:fixed:600 
	                              		dir: FWD
	                              			TE Fields: -1.0000000000e+00 -6.6610461756e-15 
	                              			TM Fields: 0.0000000000e+00 0.0000000000e+00 
	                              		dir: REV
	                              			TE Fields: 0.0000000000e+00 0.0000000000e+00 
	                              			TM Fields: 0.0000000000e+00 0.0000000000e+00 

	mir1                          	Port: 1 
	                              	mode: l2:fixed:600 
	                              		dir: FWD
	                              			TE Fields: -1.0000000000e+00 -6.6610461756e-15 
	                              			TM Fields: 0.0000000000e+00 0.0000000000e+00 
	                              		dir: REV
	                              			TE Fields: 0.0000000000e+00 0.0000000000e+00 
	                              			TM Fields: 0.0000000000e+00 0.0000000000e+00 


***** 
		Final Evars non-Linear Scatter pass:

***** Element Operating point info:

MultiLayerFilterExp: wg1:exp 
	(Explicit Filtering -- T = 300.15 -- E to E)
	Channel: 0
		 Input: l1:fixed:600
			l1:fixed:600 			Carrier Lambda: 600 nm --- E vars
				Mode 0
					(fwd: 14,16):  Pow: 1.0000000000e+00 Phi: 0.0000000000e+00  Mag: 1.0000000000e+00 E_f =  1.0000000000e+00 + 0.0000000000e+00i
					(rev: 15,17):  Pow: 4.1907713939e-24 Phi: 3.1392652028e+00  Mag: 2.0471373657e-12 E_f =  -2.0471318210e-12 + 4.7646071468e-15i
								Total Power Fwd: 1 Rev: 4.19077e-24

			Extra
					(rev: 46,47):  Pow: 4.1907713939e-24 Phi: 3.1392652028e+00  Mag: 2.0471373657e-12 E_f =  -2.0471318210e-12 + 4.7646071468e-15i
								Total Power Fwd: 0 Rev: 4.19077e-24

		Interface (0): wg1:exp:c(0):I1(0) T= 300.15 NonLinear
			N1 = 1.1 N2 = 2.7 (2.7)T = 300.15
				Tf^2 = 0.822715 Rf^2 = 0.177285  Tb^2 = 0.822715 Rb^2 = 0.177285 Tf+Rf = 1 Tb+Rb = 1 
			Rf = -0.421053 	Tf = 0.907036 	Rb = 0.421053 	Tb = 0.907036 

		 Layer (1) Phi= -28.2743 (-3.14159)  Atten = 1 N = 2.7 V1 = 0 V2 = 0 T = 300.15
			Inter1: wg1:exp:inter1(0):fixed:600 (Es)
			wg1:exp:inter1(0):fixed:600 			Carrier Lambda: 600 nm --- E vars
				Mode 0
					(fwd: 26,28):  Pow: 1.2154882155e+00 Phi: 2.0061503776e-15  Mag: 1.1024918211e+00 E_f =  1.1024918211e+00 + 2.2117643831e-15i
					(rev: 27,29):  Pow: 2.1548821549e-01 Phi: 1.1315941974e-14  Mag: 4.6420708255e-01 E_f =  4.6420708255e-01 + 5.2529404099e-15i
								Total Power Fwd: 1.21549 Rev: 0.215488

			Inter2: wg1:exp:inter2(0):fixed:600 (Es)
			wg1:exp:inter2(0):fixed:600 			Carrier Lambda: 600 nm --- E vars
				Mode 0
					(fwd: 30,32):  Pow: 1.2154882155e+00 Phi: -3.1415926536e+00  Mag: 1.1024918210e+00 E_f =  -1.1024918210e+00 + -7.3437489283e-15i
					(rev: 31,33):  Pow: 2.1548821549e-01 Phi: -3.1415926536e+00  Mag: 4.6420708255e-01 E_f =  -4.6420708255e-01 + -3.0921048119e-15i
								Total Power Fwd: 1.21549 Rev: 0.215488

			Inter3: wg1:exp:inter3(0):fixed:600 (Es) dt = 9.00623e-15
			wg1:exp:inter3(0):fixed:600 			Carrier Lambda: 600 nm --- E vars
				Mode 0
					(fwd: 34,36):  Pow: 1.2154882155e+00 Phi: -3.1415926536e+00  Mag: 1.1024918210e+00 E_f =  -1.1024918210e+00 + -7.3437489283e-15i
					(rev: 35,37):  Pow: 2.1548821549e-01 Phi: -3.1415926536e+00  Mag: 4.6420708255e-01 E_f =  -4.6420708255e-01 + -3.0921048119e-15i
								Total Power Fwd: 1.21549 Rev: 0.215488

			ExtraNodes (Es)
			Delay queues (Es):
				Mode 0
					(fwd: 38,39):  Pow: 1.2154882155e+00 Phi: -3.1415926536e+00  Mag: 1.1024918210e+00 E_f =  -1.1024918210e+00 + -7.3437489283e-15i
					(rev: 40,41):  Pow: 2.1548821549e-01 Phi: 1.1315941974e-14  Mag: 4.6420708255e-01 E_f =  4.6420708255e-01 + 5.2529404099e-15i
								Total Power Fwd: 1.21549 Rev: 0.215488

			Extra Inter1
				Mode 0
					(fwd: 48,49):  Pow: 1.2154882155e+00 Phi: 2.0061503776e-15  Mag: 1.1024918211e+00 E_f =  1.1024918211e+00 + 2.2117643831e-15i
								Total Power Fwd: 1.21549 Rev: 0

		Interface (1): wg1:exp:c(0):I1(1) T = 300.15 NonLinear
			N1 = 2.7 (2.7) N2 = 1.1
				Tf^2 = 0.822715 Rf^2 = 0.177285  Tb^2 = 0.822715 Rb^2 = 0.177285 Tf+Rf = 1 Tb+Rb = 1 
			Rf = 0.421053 	Tf = 0.907036 	Rb = -0.421053 	Tb = 0.907036 

		 Output: l2:fixed:600
			l2:fixed:600 			Carrier Lambda: 600 nm --- E vars
				Mode 0
					(fwd: 42,44):  Pow: 9.9999999999e-01 Phi: -3.1415926536e+00  Mag: 1.0000000000e+00 E_f =  -1.0000000000e+00 + -6.6610461756e-15i
					(rev: 43,45):  Pow: 0.0000000000e+00 Phi: 0.0000000000e+00  Mag: 0.0000000000e+00 E_f =  0.0000000000e+00 + 0.0000000000e+00i
								Total Power Fwd: 1 Rev: 0

			Extra
				Mode 0
					(fwd: 56,57):  Pow: 9.9999999999e-01 Phi: -3.1415926536e+00  Mag: 1.0000000000e+00 E_f =  -1.0000000000e+00 + -6.6610461756e-15i
								Total Power Fwd: 1 Rev: 0

IndSource:                       v1 (V source)
			V: 1.0000000000e+00 I: 0.0000000000e+00 

IndSource:                       v2 (V source)
			V: 0.0000000000e+00 I: 0.0000000000e+00 

Cw_Source: cw1 
	 Channel : 0 -- n1: 18 n2: 20 -- Fixed Lambda
		 Freqshift: 0
			l1:fixed:600 			Carrier Lambda: 600 nm --- E vars
				Mode 0
					(fwd: 14,16):  Pow: 1.0000000000e+00 Phi: 0.0000000000e+00  Mag: 1.0000000000e+00 E_f =  1.0000000000e+00 + 0.0000000000e+00i
					(rev: 15,17):  Pow: 4.1907713939e-24 Phi: 3.1392652028e+00  Mag: 2.0471373657e-12 E_f =  -2.0471318210e-12 + 4.7646071468e-15i
								Total Power Fwd: 1 Rev: 4.19077e-24

Mirror: mir1
	Channel:0
			l2:fixed:600 			Carrier Lambda: 600 nm --- E vars
				Mode 0
					(fwd: 42,44):  Pow: 9.9999999999e-01 Phi: -3.1415926536e+00  Mag: 1.0000000000e+00 E_f =  -1.0000000000e+00 + -6.6610461756e-15i
					(rev: 43,45):  Pow: 0.0000000000e+00 Phi: 0.0000000000e+00  Mag: 0.0000000000e+00 E_f =  0.0000000000e+00 + 0.0000000000e+00i
								Total Power Fwd: 1 Rev: 0



***** Node Operating Point Values 
	wg1                           	Port: 1 
	                              	mode: l1:fixed:600 
	                              		dir: FWD
	                              			TE Fields: 1.0000000000e+00 0.0000000000e+00 

	wg1                           	Port: 2 
	                              	mode: l2:fixed:600 
	                              		dir: FWD
	                              			TE Fields: 1.0000000000e+00 -3.1415926536e+00 

	v1                            	Port:     1	V = 1.0000000000e+00
	v1                            	Port:     1	I = 0.0000000000e+00
	v1                            	Port:     2	I = -0.0000000000e+00
	v2                            	Port:     1	V = 0.0000000000e+00
	v2                            	Port:     1	I = 0.0000000000e+00
	v2                            	Port:     2	I = -0.0000000000e+00
	cw1                           	Port:     1	V = 1.0000000000e+00
	cw1                           	Port:     1	I = -0.0000000000e+00
	cw1                           	Port:     2	V = 0.0000000000e+00
	cw1                           	Port:     2	I = -0.0000000000e+00
	cw1                           	Port: 3 
	                              	mode: l1:fixed:600 
	                              		dir: FWD
	                              			TE Fields: 1.0000000000e+00 0.0000000000e+00 
	                              			TM Fields: 0.0000000000e+00 0.0000000000e+00 
	                              		dir: REV
	                              			TE Fields: -2.0471318210e-12 4.7646071468e-15 
	                              			TM Fields: 0.0000000000e+00 0.0000000000e+00 

	wg1                           	Port: 1 
	                              	mode: l1:fixed:600 
	                              		dir: FWD
	                              			TE Fields: 1.0000000000e+00 0.0000000000e+00 
	                              			TM Fields: 0.0000000000e+00 0.0000000000e+00 
	                              		dir: REV
	                              			TE Fields: -2.0471318210e-12 4.7646071468e-15 
	                              			TM Fields: 0.0000000000e+00 0.0000000000e+00 

	wg1                           	Port: 2 
	                              	mode: l2:fixed:600 
	                              		dir: FWD
	                              			TE Fields: -1.0000000000e+00 -6.6610461756e-15 
	                              			TM Fields: 0.0000000000e+00 0.0000000000e+00 
	                              		dir: REV
	                              			TE Fields: 0.0000000000e+00 0.0000000000e+00 
	                              			TM Fields: 0.0000000000e+00 0.0000000000e+00 

	wg1:exp                       	Port: 1 
	                              	mode: l1:fixed:600 
	                              		dir: FWD
	                              			TE Fields: 1.0000000000e+00 0.0000000000e+00 
	                              			TM Fields: 0.0000000000e+00 0.0000000000e+00 
	                              		dir: REV
	                              			TE Fields: -2.0471318210e-12 4.7646071468e-15 
	                              			TM Fields: 0.0000000000e+00 0.0000000000e+00 

	wg1:exp                       	Port: 2 
	                              	mode: l2:fixed:600 
	                              		dir: FWD
	                              			TE Fields: -1.0000000000e+00 -6.6610461756e-15 
	                              			TM Fields: 0.0000000000e+00 0.0000000000e+00 
	                              		dir: REV
	                              			TE Fields: 0.0000000000e+00 0.0000000000e+00 
	                              			TM Fields: 0.0000000000e+00 0.0000000000e+00 

	mir1                          	Port: 1 
	                              	mode: l2:fixed:600 
	                              		dir: FWD
	                              			TE Fields: -1.0000000000e+00 -6.6610461756e-15 
	                              			TM Fields: 0.0000000000e+00 0.0000000000e+00 
	                              		dir: REV
	                              			TE Fields: 0.0000000000e+00 0.0000000000e+00 
	                              			TM Fields: 0.0000000000e+00 0.0000000000e+00 


***** 
		DC iterations =  2 (extra -1). Cond 0.210526
			Total num iter: 5
		Final pass (forced MPtotMP):
Before:

***** Element Operating point info:

MultiLayerFilterExp: wg1:exp 
	(Explicit Filtering -- T = 300.15 -- E to E)
	Channel: 0
		 Input: l1:fixed:600
			l1:fixed:600 			Carrier Lambda: 600 nm --- E vars
				Mode 0
					(fwd: 14,16):  Pow: 1.0000000000e+00 Phi: 0.0000000000e+00  Mag: 1.0000000000e+00 E_f =  1.0000000000e+00 + 0.0000000000e+00i
					(rev: 15,17):  Pow: 4.1915435448e-24 Phi: 3.1392654172e+00  Mag: 2.0473259498e-12 E_f =  -2.0473204056e-12 + 4.7646071468e-15i
								Total Power Fwd: 1 Rev: 4.19154e-24

			Extra
					(rev: 46,47):  Pow: 4.1915435448e-24 Phi: 3.1392654172e+00  Mag: 2.0473259498e-12 E_f =  -2.0473204056e-12 + 4.7646071468e-15i
								Total Power Fwd: 0 Rev: 4.19154e-24

		Interface (0): wg1:exp:c(0):I1(0) T= 300.15 NonLinear
			N1 = 1.1 N2 = 2.7 (2.7)T = 300.15
				Tf^2 = 0.822715 Rf^2 = 0.177285  Tb^2 = 0.822715 Rb^2 = 0.177285 Tf+Rf = 1 Tb+Rb = 1 
			Rf = -0.421053 	Tf = 0.907036 	Rb = 0.421053 	Tb = 0.907036 

		 Layer (1) Phi= -28.2743 (-3.14159)  Atten = 1 N = 2.7 V1 = 0 V2 = 0 T = 300.15
			Inter1: wg1:exp:inter1(0):fixed:600 (Es)
			wg1:exp:inter1(0):fixed:600 			Carrier Lambda: 600 nm --- E vars
				Mode 0
					(fwd: 26,28):  Pow: 1.2154882155e+00 Phi: 2.0061503776e-15  Mag: 1.1024918211e+00 E_f =  1.1024918211e+00 + 2.2117643831e-15i
					(rev: 27,29):  Pow: 2.1548821549e-01 Phi: 1.1315941974e-14  Mag: 4.6420708255e-01 E_f =  4.6420708255e-01 + 5.2529404099e-15i
								Total Power Fwd: 1.21549 Rev: 0.215488

			Inter2: wg1:exp:inter2(0):fixed:600 (Es)
			wg1:exp:inter2(0):fixed:600 			Carrier Lambda: 600 nm --- E vars
				Mode 0
					(fwd: 30,32):  Pow: 1.2154882155e+00 Phi: -3.1415926536e+00  Mag: 1.1024918210e+00 E_f =  -1.1024918210e+00 + -7.3437489283e-15i
					(rev: 31,33):  Pow: 2.1548821549e-01 Phi: -3.1415926536e+00  Mag: 4.6420708255e-01 E_f =  -4.6420708255e-01 + -3.0921048119e-15i
								Total Power Fwd: 1.21549 Rev: 0.215488

			Inter3: wg1:exp:inter3(0):fixed:600 (Es) dt = 9.00623e-15
			wg1:exp:inter3(0):fixed:600 			Carrier Lambda: 600 nm --- E vars
				Mode 0
					(fwd: 34,36):  Pow: 1.2154882155e+00 Phi: -3.1415926536e+00  Mag: 1.1024918210e+00 E_f =  -1.1024918210e+00 + -7.3437489283e-15i
					(rev: 35,37):  Pow: 2.1548821549e-01 Phi: -3.1415926536e+00  Mag: 4.6420708255e-01 E_f =  -4.6420708255e-01 + -3.0921048119e-15i
								Total Power Fwd: 1.21549 Rev: 0.215488

			ExtraNodes (Es)
			Delay queues (Es):
				Mode 0
					(fwd: 38,39):  Pow: 1.2154882155e+00 Phi: -3.1415926536e+00  Mag: 1.1024918210e+00 E_f =  -1.1024918210e+00 + -7.3437489283e-15i
					(rev: 40,41):  Pow: 2.1548821549e-01 Phi: 1.1315941974e-14  Mag: 4.6420708255e-01 E_f =  4.6420708255e-01 + 5.2529404099e-15i
								Total Power Fwd: 1.21549 Rev: 0.215488

			Extra Inter1
				Mode 0
					(fwd: 48,49):  Pow: 1.2154882155e+00 Phi: 2.0061503776e-15  Mag: 1.1024918211e+00 E_f =  1.1024918211e+00 + 2.2117643831e-15i
								Total Power Fwd: 1.21549 Rev: 0

		Interface (1): wg1:exp:c(0):I1(1) T = 300.15 NonLinear
			N1 = 2.7 (2.7) N2 = 1.1
				Tf^2 = 0.822715 Rf^2 = 0.177285  Tb^2 = 0.822715 Rb^2 = 0.177285 Tf+Rf = 1 Tb+Rb = 1 
			Rf = 0.421053 	Tf = 0.907036 	Rb = -0.421053 	Tb = 0.907036 

		 Output: l2:fixed:600
			l2:fixed:600 			Carrier Lambda: 600 nm --- E vars
				Mode 0
					(fwd: 42,44):  Pow: 9.9999999999e-01 Phi: -3.1415926536e+00  Mag: 1.0000000000e+00 E_f =  -1.0000000000e+00 + -6.6610461756e-15i
					(rev: 43,45):  Pow: 0.0000000000e+00 Phi: 0.0000000000e+00  Mag: 0.0000000000e+00 E_f =  0.0000000000e+00 + 0.0000000000e+00i
								Total Power Fwd: 1 Rev: 0

			Extra
				Mode 0
					(fwd: 56,57):  Pow: 9.9999999999e-01 Phi: -3.1415926536e+00  Mag: 1.0000000000e+00 E_f =  -1.0000000000e+00 + -6.6610461756e-15i
								Total Power Fwd: 1 Rev: 0

IndSource:                       v1 (V source)
			V: 1.0000000000e+00 I: 0.0000000000e+00 

IndSource:                       v2 (V source)
			V: 0.0000000000e+00 I: 0.0000000000e+00 

Cw_Source: cw1 
	 Channel : 0 -- n1: 18 n2: 20 -- Fixed Lambda
		 Freqshift: 0
			l1:fixed:600 			Carrier Lambda: 600 nm --- E vars
				Mode 0
					(fwd: 14,16):  Pow: 1.0000000000e+00 Phi: 0.0000000000e+00  Mag: 1.0000000000e+00 E_f =  1.0000000000e+00 + 0.0000000000e+00i
					(rev: 15,17):  Pow: 4.1915435448e-24 Phi: 3.1392654172e+00  Mag: 2.0473259498e-12 E_f =  -2.0473204056e-12 + 4.7646071468e-15i
								Total Power Fwd: 1 Rev: 4.19154e-24

Mirror: mir1
	Channel:0
			l2:fixed:600 			Carrier Lambda: 600 nm --- E vars
				Mode 0
					(fwd: 42,44):  Pow: 9.9999999999e-01 Phi: -3.1415926536e+00  Mag: 1.0000000000e+00 E_f =  -1.0000000000e+00 + -6.6610461756e-15i
					(rev: 43,45):  Pow: 0.0000000000e+00 Phi: 0.0000000000e+00  Mag: 0.0000000000e+00 E_f =  0.0000000000e+00 + 0.0000000000e+00i
								Total Power Fwd: 1 Rev: 0



***** Node Operating Point Values 
	wg1                           	Port: 1 
	                              	mode: l1:fixed:600 
	                              		dir: FWD
	                              			TE Fields: 1.0000000000e+00 0.0000000000e+00 

	wg1                           	Port: 2 
	                              	mode: l2:fixed:600 
	                              		dir: FWD
	                              			TE Fields: 1.0000000000e+00 -3.1415926536e+00 

	v1                            	Port:     1	V = 1.0000000000e+00
	v1                            	Port:     1	I = 0.0000000000e+00
	v1                            	Port:     2	I = -0.0000000000e+00
	v2                            	Port:     1	V = 0.0000000000e+00
	v2                            	Port:     1	I = 0.0000000000e+00
	v2                            	Port:     2	I = -0.0000000000e+00
	cw1                           	Port:     1	V = 1.0000000000e+00
	cw1                           	Port:     1	I = -0.0000000000e+00
	cw1                           	Port:     2	V = 0.0000000000e+00
	cw1                           	Port:     2	I = -0.0000000000e+00
	cw1                           	Port: 3 
	                              	mode: l1:fixed:600 
	                              		dir: FWD
	                              			TE Fields: 1.0000000000e+00 0.0000000000e+00 
	                              			TM Fields: 0.0000000000e+00 0.0000000000e+00 
	                              		dir: REV
	                              			TE Fields: -2.0473204056e-12 4.7646071468e-15 
	                              			TM Fields: 0.0000000000e+00 0.0000000000e+00 

	wg1                           	Port: 1 
	                              	mode: l1:fixed:600 
	                              		dir: FWD
	                              			TE Fields: 1.0000000000e+00 0.0000000000e+00 
	                              			TM Fields: 0.0000000000e+00 0.0000000000e+00 
	                              		dir: REV
	                              			TE Fields: -2.0473204056e-12 4.7646071468e-15 
	                              			TM Fields: 0.0000000000e+00 0.0000000000e+00 

	wg1                           	Port: 2 
	                              	mode: l2:fixed:600 
	                              		dir: FWD
	                              			TE Fields: -1.0000000000e+00 -6.6610461756e-15 
	                              			TM Fields: 0.0000000000e+00 0.0000000000e+00 
	                              		dir: REV
	                              			TE Fields: 0.0000000000e+00 0.0000000000e+00 
	                              			TM Fields: 0.0000000000e+00 0.0000000000e+00 

	wg1:exp                       	Port: 1 
	                              	mode: l1:fixed:600 
	                              		dir: FWD
	                              			TE Fields: 1.0000000000e+00 0.0000000000e+00 
	                              			TM Fields: 0.0000000000e+00 0.0000000000e+00 
	                              		dir: REV
	                              			TE Fields: -2.0473204056e-12 4.7646071468e-15 
	                              			TM Fields: 0.0000000000e+00 0.0000000000e+00 

	wg1:exp                       	Port: 2 
	                              	mode: l2:fixed:600 
	                              		dir: FWD
	                              			TE Fields: -1.0000000000e+00 -6.6610461756e-15 
	                              			TM Fields: 0.0000000000e+00 0.0000000000e+00 
	                              		dir: REV
	                              			TE Fields: 0.0000000000e+00 0.0000000000e+00 
	                              			TM Fields: 0.0000000000e+00 0.0000000000e+00 

	mir1                          	Port: 1 
	                              	mode: l2:fixed:600 
	                              		dir: FWD
	                              			TE Fields: -1.0000000000e+00 -6.6610461756e-15 
	                              			TM Fields: 0.0000000000e+00 0.0000000000e+00 
	                              		dir: REV
	                              			TE Fields: 0.0000000000e+00 0.0000000000e+00 
	                              			TM Fields: 0.0000000000e+00 0.0000000000e+00 


***** 
After:

***** Element Operating point info:

MultiLayerFilterExp: wg1:exp 
	(Explicit Filtering -- T = 300.15 -- E to E)
	Channel: 0
		 Input: l1:fixed:600
			l1:fixed:600  Carrier Lambda: 600 nm  -- MP vars
				Mode 0
					(fwd: 14,16):  Pow: 1.0000000000e+00 Phi: 0.0000000000e+00  Mag: 1.0000000000e+00 E_f =  1.0000000000e+00 + 0.0000000000e+00i
					(rev: 15,17):  Pow: 4.1915435448e-24 Phi: 3.1392654172e+00  Mag: 2.0473259498e-12 E_f =  -2.0473204056e-12 + 4.7646071468e-15i
								Total Power Fwd: 1 Rev: 4.19154e-24

			Extra
					(rev: 46,47):  Pow: 4.1915435448e-24 Phi: 3.1392654172e+00  Mag: 2.0473259498e-12 E_f =  -2.0473204056e-12 + 4.7646071468e-15i
								Total Power Fwd: 0 Rev: 4.19154e-24

		Interface (0): wg1:exp:c(0):I1(0) T= 300.15 NonLinear
			N1 = 1.1 N2 = 2.7 (2.7)T = 300.15
				Tf^2 = 0.822715 Rf^2 = 0.177285  Tb^2 = 0.822715 Rb^2 = 0.177285 Tf+Rf = 1 Tb+Rb = 1 
			Rf = -0.421053 	Tf = 0.907036 	Rb = 0.421053 	Tb = 0.907036 

		 Layer (1) Phi= -28.2743 (-3.14159)  Atten = 1 N = 2.7 V1 = 0 V2 = 0 T = 300.15
			Inter1: wg1:exp:inter1(0):fixed:600 (MP)
			wg1:exp:inter1(0):fixed:600  Carrier Lambda: 600 nm  -- MP vars
				Mode 0
					(fwd: 26,28):  Pow: 1.2154882155e+00 Phi: 2.0061503776e-15  Mag: 1.1024918211e+00 E_f =  1.1024918211e+00 + 2.2117643831e-15i
					(rev: 27,29):  Pow: 2.1548821549e-01 Phi: -3.1415926536e+01  Mag: 4.6420708255e-01 E_f =  4.6420708255e-01 + 5.5160742737e-15i
								Total Power Fwd: 1.21549 Rev: 0.215488

			Inter2: wg1:exp:inter2(0):fixed:600 (MP)
			wg1:exp:inter2(0):fixed:600  Carrier Lambda: 600 nm  -- MP vars
				Mode 0
					(fwd: 30,32):  Pow: 1.2154882155e+00 Phi: -2.8274333882e+01  Mag: 1.1024918211e+00 E_f =  -1.1024918211e+00 + -9.0488223186e-15i
					(rev: 31,33):  Pow: 2.1548821549e-01 Phi: -3.1415926536e+00  Mag: 4.6420708255e-01 E_f =  -4.6420708255e-01 + -3.1490893192e-15i
								Total Power Fwd: 1.21549 Rev: 0.215488

			Inter3: wg1:exp:inter3(0):fixed:600 (MP) dt = 9.00623e-15
			wg1:exp:inter3(0):fixed:600  Carrier Lambda: 600 nm  -- MP vars
				Mode 0
					(fwd: 34,36):  Pow: 1.2154882155e+00 Phi: -2.8274333882e+01  Mag: 1.1024918211e+00 E_f =  -1.1024918211e+00 + -9.0488223186e-15i
					(rev: 35,37):  Pow: 2.1548821549e-01 Phi: -3.1415926536e+00  Mag: 4.6420708255e-01 E_f =  -4.6420708255e-01 + -3.1490893192e-15i
								Total Power Fwd: 1.21549 Rev: 0.215488

			ExtraNodes (MP)
			Delay queues (MP):
				Mode 0
					(fwd: 38,39):  Pow: 1.2154882155e+00 Phi: -2.8274333882e+01  Mag: 1.1024918211e+00 E_f =  -1.1024918211e+00 + -9.0488223186e-15i
					(rev: 40,41):  Pow: 2.1548821549e-01 Phi: -3.1415926536e+01  Mag: 4.6420708255e-01 E_f =  4.6420708255e-01 + 5.5160742737e-15i
								Total Power Fwd: 1.21549 Rev: 0.215488

			Extra Inter1
				Mode 0
					(fwd: 48,49):  Pow: 1.2154882155e+00 Phi: 2.0061503776e-15  Mag: 1.1024918211e+00 E_f =  1.1024918211e+00 + 2.2117643831e-15i
								Total Power Fwd: 1.21549 Rev: 0

		Interface (1): wg1:exp:c(0):I1(1) T = 300.15 NonLinear
			N1 = 2.7 (2.7) N2 = 1.1
				Tf^2 = 0.822715 Rf^2 = 0.177285  Tb^2 = 0.822715 Rb^2 = 0.177285 Tf+Rf = 1 Tb+Rb = 1 
			Rf = 0.421053 	Tf = 0.907036 	Rb = -0.421053 	Tb = 0.907036 

		 Output: l2:fixed:600
			l2:fixed:600  Carrier Lambda: 600 nm  -- MP vars
				Mode 0
					(fwd: 42,44):  Pow: 9.9999999999e-01 Phi: -3.1415926536e+00  Mag: 1.0000000000e+00 E_f =  -1.0000000000e+00 + -6.7838028276e-15i
					(rev: 43,45):  Pow: 0.0000000000e+00 Phi: 0.0000000000e+00  Mag: 0.0000000000e+00 E_f =  0.0000000000e+00 + 0.0000000000e+00i
								Total Power Fwd: 1 Rev: 0

			Extra
				Mode 0
					(fwd: 56,57):  Pow: 9.9999999999e-01 Phi: -3.1415926536e+00  Mag: 1.0000000000e+00 E_f =  -1.0000000000e+00 + -6.7838028276e-15i
								Total Power Fwd: 1 Rev: 0

IndSource:                       v1 (V source)
			V: 1.0000000000e+00 I: 0.0000000000e+00 

IndSource:                       v2 (V source)
			V: 0.0000000000e+00 I: 0.0000000000e+00 

Cw_Source: cw1 
	 Channel : 0 -- n1: 18 n2: 20 -- Fixed Lambda
		 Freqshift: 0
			l1:fixed:600  Carrier Lambda: 600 nm  -- MP vars
				Mode 0
					(fwd: 14,16):  Pow: 1.0000000000e+00 Phi: 0.0000000000e+00  Mag: 1.0000000000e+00 E_f =  1.0000000000e+00 + 0.0000000000e+00i
					(rev: 15,17):  Pow: 4.1915435448e-24 Phi: 3.1392654172e+00  Mag: 2.0473259498e-12 E_f =  -2.0473204056e-12 + 4.7646071468e-15i
								Total Power Fwd: 1 Rev: 4.19154e-24

Mirror: mir1
	Channel:0
			l2:fixed:600  Carrier Lambda: 600 nm  -- MP vars
				Mode 0
					(fwd: 42,44):  Pow: 9.9999999999e-01 Phi: -3.1415926536e+00  Mag: 1.0000000000e+00 E_f =  -1.0000000000e+00 + -6.7838028276e-15i
					(rev: 43,45):  Pow: 0.0000000000e+00 Phi: 0.0000000000e+00  Mag: 0.0000000000e+00 E_f =  0.0000000000e+00 + 0.0000000000e+00i
								Total Power Fwd: 1 Rev: 0



***** Node Operating Point Values 
	wg1                           	Port: 1 
	                              	mode: l1:fixed:600 
	                              		dir: FWD
	                              			TE Fields: 1.0000000000e+00 0.0000000000e+00 

	wg1                           	Port: 2 
	                              	mode: l2:fixed:600 
	                              		dir: FWD
	                              			TE Fields: 1.0000000000e+00 -3.1415926536e+00 

	v1                            	Port:     1	V = 1.0000000000e+00
	v1                            	Port:     1	I = 0.0000000000e+00
	v1                            	Port:     2	I = -0.0000000000e+00
	v2                            	Port:     1	V = 0.0000000000e+00
	v2                            	Port:     1	I = 0.0000000000e+00
	v2                            	Port:     2	I = -0.0000000000e+00
	cw1                           	Port:     1	V = 1.0000000000e+00
	cw1                           	Port:     1	I = -0.0000000000e+00
	cw1                           	Port:     2	V = 0.0000000000e+00
	cw1                           	Port:     2	I = -0.0000000000e+00
	cw1                           	Port: 3 
	                              	mode: l1:fixed:600 
	                              		dir: FWD
	                              			TE Fields: 1.0000000000e+00 0.0000000000e+00 
	                              			TM Fields: 0.0000000000e+00 0.0000000000e+00 
	                              		dir: REV
	                              			TE Fields: -2.0473204056e-12 4.7646071468e-15 
	                              			TM Fields: 0.0000000000e+00 0.0000000000e+00 

	wg1                           	Port: 1 
	                              	mode: l1:fixed:600 
	                              		dir: FWD
	                              			TE Fields: 1.0000000000e+00 0.0000000000e+00 
	                              			TM Fields: 0.0000000000e+00 0.0000000000e+00 
	                              		dir: REV
	                              			TE Fields: -2.0473204056e-12 4.7646071468e-15 
	                              			TM Fields: 0.0000000000e+00 0.0000000000e+00 

	wg1                           	Port: 2 
	                              	mode: l2:fixed:600 
	                              		dir: FWD
	                              			TE Fields: -1.0000000000e+00 -6.7838028276e-15 
	                              			TM Fields: 0.0000000000e+00 0.0000000000e+00 
	                              		dir: REV
	                              			TE Fields: 0.0000000000e+00 0.0000000000e+00 
	                              			TM Fields: 0.0000000000e+00 0.0000000000e+00 

	wg1:exp                       	Port: 1 
	                              	mode: l1:fixed:600 
	                              		dir: FWD
	                              			TE Fields: 1.0000000000e+00 0.0000000000e+00 
	                              			TM Fields: 0.0000000000e+00 0.0000000000e+00 
	                              		dir: REV
	                              			TE Fields: -2.0473204056e-12 4.7646071468e-15 
	                              			TM Fields: 0.0000000000e+00 0.0000000000e+00 

	wg1:exp                       	Port: 2 
	                              	mode: l2:fixed:600 
	                              		dir: FWD
	                              			TE Fields: -1.0000000000e+00 -6.7838028276e-15 
	                              			TM Fields: 0.0000000000e+00 0.0000000000e+00 
	                              		dir: REV
	                              			TE Fields: 0.0000000000e+00 0.0000000000e+00 
	                              			TM Fields: 0.0000000000e+00 0.0000000000e+00 

	mir1                          	Port: 1 
	                              	mode: l2:fixed:600 
	                              		dir: FWD
	                              			TE Fields: -1.0000000000e+00 -6.7838028276e-15 
	                              			TM Fields: 0.0000000000e+00 0.0000000000e+00 
	                              		dir: REV
	                              			TE Fields: 0.0000000000e+00 0.0000000000e+00 
	                              			TM Fields: 0.0000000000e+00 0.0000000000e+00 


***** 


Convergence failed at node: 17 15 (3.1392654172022003e+00 : -1.9775474894869422e+01 : 3.1392654172022003e-06 : 1.0000000000000000e-03 : 2.0473259498072302e-12 )



Convergence failed at node: 17 15 (-1.6636209477667222e+01 : 1.8270572337309673e+01 : 1.6636209477667222e-05 : 1.0000000000000000e-03 : 2.1463052497455903e-12 )

		DC iterations =  5 (extra 1). Cond 1.02728e-11
			Total num iter: 10
X: 6.000000000000000e+02 1.000000000000000e+00 1.000000000000000e+00 0.000000000000000e+00 -0.000000000000000e+00 -0.000000000000000e+00 0.000000000000000e+00 0.000000000000000e+00 0.000000000000000e+00 0.000000000000000e+00 -0.000000000000000e+00 -0.000000000000000e+00 0.000000000000000e+00 1.000000000000000e+00 3.223030166040691e-11 0.000000000000000e+00 1.634360301132297e+00 1.000000000000000e+00 -0.000000000000000e+00 -0.000000000000000e+00 -0.000000000000000e+00 1.000000000000000e+00 0.000000000000000e+00 0.000000000000000e+00 0.000000000000000e+00 1.102491821050700e+00 4.642070825462704e-01 1.354324726990486e-11 -3.141592653582154e+01 1.102491821049597e+00 4.642070825467346e-01 -2.827433388226632e+01 -3.141592653544827e+00 1.102491821049597e+00 4.642070825467346e-01 -2.827433388226632e+01 -3.141592653544827e+00 1.102491821049597e+00 -2.827433388226632e+01 4.642070825462704e-01 -3.141592653582154e+01 9.999999999961376e-01 0.000000000000000e+00 -3.141592653544827e+00 0.000000000000000e+00 3.223030166040691e-11 1.634360301132297e+00 1.102491821050700e+00 1.354324726990486e-11 0.000000000000000e+00 0.000000000000000e+00 0.000000000000000e+00 0.000000000000000e+00 4.642070825467346e-01 -3.141592653544827e+00 9.999999999961376e-01 -3.141592653544827e+00 0.000000000000000e+00 0.000000000000000e+00 0.000000000000000e+00 0.000000000000000e+00 0.000000000000000e+00 0.000000000000000e+00 0.000000000000000e+00 0.000000000000000e+00 

Operating point
600 1 1 0 -0 -0 0 0 0 0 -0 -0 0 1 3.22303e-11 0 1.63436 1 -0 -0 -0 1 0 0 0 1.10249 0.464207 1.35432e-11 -31.4159 1.10249 0.464207 -28.2743 -3.14159 1.10249 0.464207 -28.2743 -3.14159 1.10249 -28.2743 0.464207 -31.4159 1 0 -3.14159 0 3.22303e-11 1.63436 1.10249 1.35432e-11 0 0 0 0 0.464207 -3.14159 1 -3.14159 0 0 0 0 0 0 0 0 

Transient

***** Element Operating point info:

MultiLayerFilterExp: wg1:exp 
	(Explicit Filtering -- T = 300.15 -- E to E)
	Channel: 0
		 Input: l1:fixed:600
			l1:fixed:600  Carrier Lambda: 600 nm  -- MP vars
				Mode 0
					(fwd: 14,16):  Pow: 1.0000000000e+00 Phi: 0.0000000000e+00  Mag: 1.0000000000e+00 E_f =  1.0000000000e+00 + 0.0000000000e+00i
					(rev: 15,17):  Pow: 1.0387923451e-21 Phi: 1.6343603011e+00  Mag: 3.2230301660e-11 E_f =  -2.0473067683e-12 + 3.2165212266e-11i
								Total Power Fwd: 1 Rev: 1.03879e-21

			Extra
					(rev: 46,47):  Pow: 1.0387923451e-21 Phi: 1.6343603011e+00  Mag: 3.2230301660e-11 E_f =  -2.0473067683e-12 + 3.2165212266e-11i
								Total Power Fwd: 0 Rev: 1.03879e-21

		Interface (0): wg1:exp:c(0):I1(0) T= 300.15 NonLinear
			N1 = 1.1 N2 = 2.7 (2.7)T = 300.15
				Tf^2 = 0.822715 Rf^2 = 0.177285  Tb^2 = 0.822715 Rb^2 = 0.177285 Tf+Rf = 1 Tb+Rb = 1 
			Rf = -0.421053 	Tf = 0.907036 	Rb = 0.421053 	Tb = 0.907036 

		 Layer (1) Phi= -28.2743 (-3.14159)  Atten = 1 N = 2.7 V1 = 0 V2 = 0 T = 300.15
			Inter1: wg1:exp:inter1(0):fixed:600 (MP)
			wg1:exp:inter1(0):fixed:600  Carrier Lambda: 600 nm  -- MP vars
				Mode 0
					(fwd: 26,28):  Pow: 1.2154882155e+00 Phi: 1.3543247270e-11  Mag: 1.1024918211e+00 E_f =  1.1024918211e+00 + 1.4931319346e-11i
					(rev: 27,29):  Pow: 2.1548821549e-01 Phi: -3.1415926536e+01  Mag: 4.6420708255e-01 E_f =  4.6420708255e-01 + 3.5461556197e-11i
								Total Power Fwd: 1.21549 Rev: 0.215488

			Inter2: wg1:exp:inter2(0):fixed:600 (MP)
			wg1:exp:inter2(0):fixed:600  Carrier Lambda: 600 nm  -- MP vars
				Mode 0
					(fwd: 30,32):  Pow: 1.2154882155e+00 Phi: -2.8274333882e+01  Mag: 1.1024918210e+00 E_f =  -1.1024918210e+00 + -4.6110229415e-11i
					(rev: 31,33):  Pow: 2.1548821549e-01 Phi: -3.1415926535e+00  Mag: 4.6420708255e-01 E_f =  -4.6420708255e-01 + -2.0873503792e-11i
								Total Power Fwd: 1.21549 Rev: 0.215488

			Inter3: wg1:exp:inter3(0):fixed:600 (MP) dt = 9.00623e-15
			wg1:exp:inter3(0):fixed:600  Carrier Lambda: 600 nm  -- MP vars
				Mode 0
					(fwd: 34,36):  Pow: 1.2154882155e+00 Phi: -2.8274333882e+01  Mag: 1.1024918210e+00 E_f =  -1.1024918210e+00 + -4.6110229415e-11i
					(rev: 35,37):  Pow: 2.1548821549e-01 Phi: -3.1415926535e+00  Mag: 4.6420708255e-01 E_f =  -4.6420708255e-01 + -2.0873503792e-11i
								Total Power Fwd: 1.21549 Rev: 0.215488

			ExtraNodes (MP)
			Delay queues (MP):
				Mode 0
					(fwd: 38,39):  Pow: 1.2154882155e+00 Phi: -2.8274333882e+01  Mag: 1.1024918210e+00 E_f =  -1.1024918210e+00 + -4.6110229415e-11i
					(rev: 40,41):  Pow: 2.1548821549e-01 Phi: -3.1415926536e+01  Mag: 4.6420708255e-01 E_f =  4.6420708255e-01 + 3.5461556197e-11i
								Total Power Fwd: 1.21549 Rev: 0.215488

			Extra Inter1
				Mode 0
					(fwd: 48,49):  Pow: 1.2154882155e+00 Phi: 1.3543247270e-11  Mag: 1.1024918211e+00 E_f =  1.1024918211e+00 + 1.4931319346e-11i
								Total Power Fwd: 1.21549 Rev: 0

		Interface (1): wg1:exp:c(0):I1(1) T = 300.15 NonLinear
			N1 = 2.7 (2.7) N2 = 1.1
				Tf^2 = 0.822715 Rf^2 = 0.177285  Tb^2 = 0.822715 Rb^2 = 0.177285 Tf+Rf = 1 Tb+Rb = 1 
			Rf = 0.421053 	Tf = 0.907036 	Rb = -0.421053 	Tb = 0.907036 

		 Output: l2:fixed:600
			l2:fixed:600  Carrier Lambda: 600 nm  -- MP vars
				Mode 0
					(fwd: 42,44):  Pow: 9.9999999999e-01 Phi: -3.1415926535e+00  Mag: 1.0000000000e+00 E_f =  -1.0000000000e+00 + -4.4965931319e-11i
					(rev: 43,45):  Pow: 0.0000000000e+00 Phi: 0.0000000000e+00  Mag: 0.0000000000e+00 E_f =  0.0000000000e+00 + 0.0000000000e+00i
								Total Power Fwd: 1 Rev: 0

			Extra
				Mode 0
					(fwd: 56,57):  Pow: 9.9999999999e-01 Phi: -3.1415926535e+00  Mag: 1.0000000000e+00 E_f =  -1.0000000000e+00 + -4.4965931319e-11i
								Total Power Fwd: 1 Rev: 0

IndSource:                       v1 (V source)
			V: 1.0000000000e+00 I: 0.0000000000e+00 

IndSource:                       v2 (V source)
			V: 0.0000000000e+00 I: 0.0000000000e+00 

Cw_Source: cw1 
	 Channel : 0 -- n1: 18 n2: 20 -- Fixed Lambda
		 Freqshift: 0
			l1:fixed:600  Carrier Lambda: 600 nm  -- MP vars
				Mode 0
					(fwd: 14,16):  Pow: 1.0000000000e+00 Phi: 0.0000000000e+00  Mag: 1.0000000000e+00 E_f =  1.0000000000e+00 + 0.0000000000e+00i
					(rev: 15,17):  Pow: 1.0387923451e-21 Phi: 1.6343603011e+00  Mag: 3.2230301660e-11 E_f =  -2.0473067683e-12 + 3.2165212266e-11i
								Total Power Fwd: 1 Rev: 1.03879e-21

Mirror: mir1
	Channel:0
			l2:fixed:600  Carrier Lambda: 600 nm  -- MP vars
				Mode 0
					(fwd: 42,44):  Pow: 9.9999999999e-01 Phi: -3.1415926535e+00  Mag: 1.0000000000e+00 E_f =  -1.0000000000e+00 + -4.4965931319e-11i
					(rev: 43,45):  Pow: 0.0000000000e+00 Phi: 0.0000000000e+00  Mag: 0.0000000000e+00 E_f =  0.0000000000e+00 + 0.0000000000e+00i
								Total Power Fwd: 1 Rev: 0



***** Node Operating Point Values 
	wg1                           	Port: 1 
	                              	mode: l1:fixed:600 
	                              		dir: FWD
	                              			TE Fields: 1.0000000000e+00 0.0000000000e+00 

	wg1                           	Port: 2 
	                              	mode: l2:fixed:600 
	                              		dir: FWD
	                              			TE Fields: 1.0000000000e+00 -3.1415926535e+00 

	v1                            	Port:     1	V = 1.0000000000e+00
	v1                            	Port:     1	I = 0.0000000000e+00
	v1                            	Port:     2	I = -0.0000000000e+00
	v2                            	Port:     1	V = 0.0000000000e+00
	v2                            	Port:     1	I = 0.0000000000e+00
	v2                            	Port:     2	I = -0.0000000000e+00
	cw1                           	Port:     1	V = 1.0000000000e+00
	cw1                           	Port:     1	I = -0.0000000000e+00
	cw1                           	Port:     2	V = 0.0000000000e+00
	cw1                           	Port:     2	I = -0.0000000000e+00
	cw1                           	Port: 3 
	                              	mode: l1:fixed:600 
	                              		dir: FWD
	                              			TE Fields: 1.0000000000e+00 0.0000000000e+00 
	                              			TM Fields: 0.0000000000e+00 0.0000000000e+00 
	                              		dir: REV
	                              			TE Fields: -2.0473067683e-12 3.2165212266e-11 
	                              			TM Fields: 0.0000000000e+00 0.0000000000e+00 

	wg1                           	Port: 1 
	                              	mode: l1:fixed:600 
	                              		dir: FWD
	                              			TE Fields: 1.0000000000e+00 0.0000000000e+00 
	                              			TM Fields: 0.0000000000e+00 0.0000000000e+00 
	                              		dir: REV
	                              			TE Fields: -2.0473067683e-12 3.2165212266e-11 
	                              			TM Fields: 0.0000000000e+00 0.0000000000e+00 

	wg1                           	Port: 2 
	                              	mode: l2:fixed:600 
	                              		dir: FWD
	                              			TE Fields: -1.0000000000e+00 -4.4965931319e-11 
	                              			TM Fields: 0.0000000000e+00 0.0000000000e+00 
	                              		dir: REV
	                              			TE Fields: 0.0000000000e+00 0.0000000000e+00 
	                              			TM Fields: 0.0000000000e+00 0.0000000000e+00 

	wg1:exp                       	Port: 1 
	                              	mode: l1:fixed:600 
	                              		dir: FWD
	                              			TE Fields: 1.0000000000e+00 0.0000000000e+00 
	                              			TM Fields: 0.0000000000e+00 0.0000000000e+00 
	                              		dir: REV
	                              			TE Fields: -2.0473067683e-12 3.2165212266e-11 
	                              			TM Fields: 0.0000000000e+00 0.0000000000e+00 

	wg1:exp                       	Port: 2 
	                              	mode: l2:fixed:600 
	                              		dir: FWD
	                              			TE Fields: -1.0000000000e+00 -4.4965931319e-11 
	                              			TM Fields: 0.0000000000e+00 0.0000000000e+00 
	                              		dir: REV
	                              			TE Fields: 0.0000000000e+00 0.0000000000e+00 
	                              			TM Fields: 0.0000000000e+00 0.0000000000e+00 

	mir1                          	Port: 1 
	                              	mode: l2:fixed:600 
	                              		dir: FWD
	                              			TE Fields: -1.0000000000e+00 -4.4965931319e-11 
	                              			TM Fields: 0.0000000000e+00 0.0000000000e+00 
	                              		dir: REV
	                              			TE Fields: 0.0000000000e+00 0.0000000000e+00 
	                              			TM Fields: 0.0000000000e+00 0.0000000000e+00 


***** 
Transient ... 

t: 1e-13 t(sc) 1e-05 iter: 1 repeat_nr_iter: 0 h: 1e-05 Status: MP BACKE PhiWrapSimple

new h (LTE): 0.000653325 : d3 46 5393.45 : h 46 0.000653325 

	D3: x: 1.63436 x1: 1.63436 x2: 1.63436 x3: 1.63436
new h (Growth limit): 2e-05 

t = 1e-13 (0%)
t: 3e-13 t(sc) 3e-05 iter: 1 repeat_nr_iter: 0 h: 2e-05 Status: MP BACKE PhiWrapLinear

new h (LTE): 0.000709197 : d3 56 1.4803e-06 : h 46 0.000709197 

	D3: x: -3.14159 x1: -3.14159 x2: -3.14159 x3: -3.14159
new h (Growth limit): 4e-05 

t: 7e-13 t(sc) 7e-05 iter: 1 repeat_nr_iter: 0 h: 4e-05 Status: MP BACKE PhiWrapLinear

new h (LTE): 0.00206761 : d3 46 538.5 : h 46 0.00206761 

	D3: x: 1.63436 x1: 1.63436 x2: 1.63436 x3: 1.63436
new h (Growth limit): 8e-05 

t: 1.5e-12 t(sc) 0.00015 iter: 1 repeat_nr_iter: 0 h: 8e-05 Status: MP BACKE PhiWrapLinear

new h (LTE): 0.00935104 : d3 48 5.62445e-09 : h 46 0.00935104 

	D3: x: 1.35431e-11 x1: 1.35431e-11 x2: 1.35431e-11 x3: 1.3543e-11
new h (Growth limit): 0.00016 

t: 3.1e-12 t(sc) 0.00031 iter: 1 repeat_nr_iter: 0 h: 0.00016 Status: MP BACKE PhiWrapLinear

new h (LTE): 0.0412664 : d3 46 1.35186 : h 46 0.0412664 

	D3: x: 1.63436 x1: 1.63436 x2: 1.63436 x3: 1.63436
new h (Growth limit): 0.00032 
Switching integration method and stepping back one step at 1.5e-12 to Trap
t: 3.1e-12 t(sc) 0.00031 iter: 1 repeat_nr_iter: 0 h: 0.00016 Status: MP TRAP PhiWrapLinear

new h (LTE): 0.00111631 : d3 46 99313.1 : h 46 0.00111631 

	D3: x: 1.63436 x1: 1.63436 x2: 1.63436 x3: 1.63436
new h (Growth limit): 0.00032 

t: 6.3e-12 t(sc) 0.00063 iter: 1 repeat_nr_iter: 0 h: 0.00032 Status: MP TRAP PhiWrapLinear

new h (LTE): 0.00356978 : d3 48 6.48786e-07 : h 46 0.00356978 

	D3: x: 1.35431e-11 x1: 1.35431e-11 x2: 1.35431e-11 x3: 1.35431e-11
new h (Growth limit): 0.00064 

t: 1.27e-11 t(sc) 0.00127 iter: 1 repeat_nr_iter: 0 h: 0.00064 Status: MP TRAP PhiWrapLinear

new h (LTE): 0.00802965 : d3 46 266.839 : h 46 0.00802965 

	D3: x: 1.63436 x1: 1.63436 x2: 1.63436 x3: 1.63436
new h (Growth limit): 0.00128 
Switching integration method and stepping back two steps at 1.5e-12 to BE
t: 3.1e-12 t(sc) 0.00031 iter: 1 repeat_nr_iter: 0 h: 0.00016 Status: MP BACKE PhiWrapLinear

new h (LTE): 0.0412664 : d3 46 1.35186 : h 46 0.0412664 

	D3: x: 1.63436 x1: 1.63436 x2: 1.63436 x3: 1.63436
new h (Growth limit): 0.00032 

t: 6.3e-12 t(sc) 0.00063 iter: 1 repeat_nr_iter: 0 h: 0.00032 Status: MP BACKE PhiWrapLinear

new h (LTE): 0.179927 : d3 48 1.51917e-11 : h 46 0.179927 

	D3: x: 1.35431e-11 x1: 1.35431e-11 x2: 1.35431e-11 x3: 1.35431e-11
new h (Growth limit): 0.00064 

t: 1.27e-11 t(sc) 0.00127 iter: 1 repeat_nr_iter: 0 h: 0.00064 Status: MP BACKE PhiWrapLinear

new h (LTE): 0.779825 : d3 46 0.00378556 : h 46 0.779825 

	D3: x: 1.63436 x1: 1.63436 x2: 1.63436 x3: 1.63436
new h (Growth limit): 0.00128 

t: 2.55e-11 t(sc) 0.00255 iter: 1 repeat_nr_iter: 0 h: 0.00128 Status: MP BACKE PhiWrapLinear

new h (LTE): 2.64575 : d3 48 4.331e-14 : h 3 2.64575 

	D3: x: 1.35431e-11 x1: 1.35431e-11 x2: 1.35431e-11 x3: 1.35431e-11
new h (Growth limit): 0.00256 

t: 5.11e-11 t(sc) 0.00511 iter: 1 repeat_nr_iter: 0 h: 0.00256 Status: MP BACKE PhiWrapLinear

new h (LTE): 2.64575 : d3 46 1.0889e-05 : h 3 2.64575 

	D3: x: 1.63436 x1: 1.63436 x2: 1.63436 x3: 1.63436
new h (Growth limit): 0.00512 
Switching integration method and stepping back one step at 2.55e-11 to Trap
t: 5.11e-11 t(sc) 0.00511 iter: 1 repeat_nr_iter: 0 h: 0.00256 Status: MP TRAP PhiWrapLinear

new h (LTE): 0.14232 : d3 46 0.0479185 : h 46 0.14232 

	D3: x: 1.63436 x1: 1.63436 x2: 1.63436 x3: 1.63436
new h (Growth limit): 0.00512 

t: 1.023e-10 t(sc) 0.01023 iter: 1 repeat_nr_iter: 0 h: 0.00512 Status: MP TRAP PhiWrapLinear

new h (LTE): 0.448039 : d3 48 3.28104e-13 : h 46 0.448039 

	D3: x: 1.35431e-11 x1: 1.35431e-11 x2: 1.35431e-11 x3: 1.35431e-11
new h (Growth limit): 0.01024 

t: 2.047e-10 t(sc) 0.02047 iter: 1 repeat_nr_iter: 0 h: 0.01024 Status: MP TRAP PhiWrapLinear

new h (LTE): 1.00163 : d3 46 0.000137452 : h 46 1.00163 

	D3: x: 1.63436 x1: 1.63436 x2: 1.63436 x3: 1.63436
new h (Growth limit): 0.02048 
new h (Max): 0.02 

t: 4.047e-10 t(sc) 0.04047 iter: 1 repeat_nr_iter: 0 h: 0.02 Status: MP TRAP PhiWrapLinear

new h (LTE): 1.76577 : d3 48 5.35966e-15 : h 46 1.76577 

	D3: x: 1.35431e-11 x1: 1.35431e-11 x2: 1.35431e-11 x3: 1.35431e-11
new h (Growth limit): 0.04 
new h (Max): 0.02 

t: 6.047e-10 t(sc) 0.06047 iter: 1 repeat_nr_iter: 0 h: 0.02 Status: MP TRAP PhiWrapLinear

new h (LTE): 1.91292 : d3 46 8.42491e-06 : h 3 1.91292 

	D3: x: 1.63436 x1: 1.63436 x2: 1.63436 x3: 1.63436
new h (Growth limit): 0.04 
new h (Max): 0.02 

t = 6.047e-10 (5%)
t: 8.047e-10 t(sc) 0.08047 iter: 1 repeat_nr_iter: 0 h: 0.02 Status: MP TRAP PhiWrapLinear

new h (LTE): 1.91292 : d3 48 1.60203e-15 : h 3 1.91292 

	D3: x: 1.35431e-11 x1: 1.35431e-11 x2: 1.35431e-11 x3: 1.35431e-11
new h (Growth limit): 0.04 
new h (Max): 0.02 

t: 1.0047e-09 t(sc) 0.10047 iter: 1 repeat_nr_iter: 0 h: 0.02 Status: MP TRAP PhiWrapLinear

new h (LTE): 1.91292 : d3 46 1.07304e-05 : h 3 1.91292 

	D3: x: 1.63436 x1: 1.63436 x2: 1.63436 x3: 1.63436
new h (Growth limit): 0.04 
new h (Max): 0.02 

t = 1.0047e-09 (10%)
t: 1.2047e-09 t(sc) 0.12047 iter: 1 repeat_nr_iter: 0 h: 0.02 Status: MP TRAP PhiWrapLinear

new h (LTE): 1.91292 : d3 48 3.28024e-15 : h 3 1.91292 

	D3: x: 1.35431e-11 x1: 1.35431e-11 x2: 1.35431e-11 x3: 1.35431e-11
new h (Growth limit): 0.04 
new h (Max): 0.02 

t: 1.4047e-09 t(sc) 0.14047 iter: 1 repeat_nr_iter: 0 h: 0.02 Status: MP TRAP PhiWrapLinear

new h (LTE): 1.84561 : d3 46 2.1971e-05 : h 46 1.84561 

	D3: x: 1.63436 x1: 1.63436 x2: 1.63436 x3: 1.63436
new h (Growth limit): 0.04 
new h (Max): 0.02 

t: 1.6047e-09 t(sc) 0.16047 iter: 1 repeat_nr_iter: 0 h: 0.02 Status: MP TRAP PhiWrapLinear

new h (LTE): 1.63782 : d3 48 6.71649e-15 : h 46 1.63782 

	D3: x: 1.35431e-11 x1: 1.35431e-11 x2: 1.35431e-11 x3: 1.35431e-11
new h (Growth limit): 0.04 
new h (Max): 0.02 

t = 1.6047e-09 (15%)
t: 1.8047e-09 t(sc) 0.18047 iter: 1 repeat_nr_iter: 0 h: 0.02 Status: MP TRAP PhiWrapLinear

new h (LTE): 1.45343 : d3 46 4.49869e-05 : h 46 1.45343 

	D3: x: 1.63436 x1: 1.63436 x2: 1.63436 x3: 1.63436
new h (Growth limit): 0.04 
new h (Max): 0.02 

t: 2.0047e-09 t(sc) 0.20047 iter: 1 repeat_nr_iter: 0 h: 0.02 Status: MP TRAP PhiWrapLinear

new h (LTE): 1.2898 : d3 48 1.37524e-14 : h 46 1.2898 

	D3: x: 1.35431e-11 x1: 1.35431e-11 x2: 1.35431e-11 x3: 1.35431e-11
new h (Growth limit): 0.04 
new h (Max): 0.02 

t = 2.0047e-09 (20%)
t: 2.2047e-09 t(sc) 0.22047 iter: 1 repeat_nr_iter: 0 h: 0.02 Status: MP TRAP PhiWrapLinear

new h (LTE): 1.14459 : d3 46 9.21133e-05 : h 46 1.14459 

	D3: x: 1.63436 x1: 1.63436 x2: 1.63436 x3: 1.63436
new h (Growth limit): 0.04 
new h (Max): 0.02 

t: 2.4047e-09 t(sc) 0.24047 iter: 1 repeat_nr_iter: 0 h: 0.02 Status: MP TRAP PhiWrapLinear

new h (LTE): 1.01573 : d3 48 2.81588e-14 : h 46 1.01573 

	D3: x: 1.35431e-11 x1: 1.35431e-11 x2: 1.35431e-11 x3: 1.35431e-11
new h (Growth limit): 0.04 
new h (Max): 0.02 

t: 2.6047e-09 t(sc) 0.26047 iter: 1 repeat_nr_iter: 0 h: 0.02 Status: MP TRAP PhiWrapLinear

new h (LTE): 0.901377 : d3 46 0.000188607 : h 46 0.901377 

	D3: x: 1.63436 x1: 1.63436 x2: 1.63436 x3: 1.63436
new h (Growth limit): 0.04 
new h (Max): 0.02 

t = 2.6047e-09 (25%)
t: 2.8047e-09 t(sc) 0.28047 iter: 1 repeat_nr_iter: 0 h: 0.02 Status: MP TRAP PhiWrapLinear

new h (LTE): 0.799897 : d3 48 5.76569e-14 : h 46 0.799897 

	D3: x: 1.35431e-11 x1: 1.35431e-11 x2: 1.35431e-11 x3: 1.35431e-11
new h (Growth limit): 0.04 
new h (Max): 0.02 
Switching integration method and stepping back two steps at 2.2047e-09 to BE
t: 2.4047e-09 t(sc) 0.24047 iter: 1 repeat_nr_iter: 0 h: 0.02 Status: MP BACKE PhiWrapLinear

new h (LTE): 2.64575 : d3 48 7.01813e-16 : h 3 2.64575 

	D3: x: 1.35431e-11 x1: 1.35431e-11 x2: 1.35431e-11 x3: 1.35431e-11
new h (Growth limit): 0.04 
new h (Max): 0.02 

t: 2.6047e-09 t(sc) 0.26047 iter: 1 repeat_nr_iter: 0 h: 0.02 Status: MP BACKE PhiWrapLinear

new h (LTE): 2.64575 : d3 46 1.66531e-06 : h 3 2.64575 

	D3: x: 1.63436 x1: 1.63436 x2: 1.63436 x3: 1.63436
new h (Growth limit): 0.04 
new h (Max): 0.02 

t: 2.8047e-09 t(sc) 0.28047 iter: 1 repeat_nr_iter: 0 h: 0.02 Status: MP BACKE PhiWrapLinear

new h (LTE): 2.64575 : d3 48 7.6656e-17 : h 3 2.64575 

	D3: x: 1.35431e-11 x1: 1.35431e-11 x2: 1.35431e-11 x3: 1.35431e-11
new h (Growth limit): 0.04 
new h (Max): 0.02 

t: 3.0047e-09 t(sc) 0.30047 iter: 1 repeat_nr_iter: 0 h: 0.02 Status: MP BACKE PhiWrapLinear

new h (LTE): 2.64575 : d3 46 7.73123e-08 : h 3 2.64575 

	D3: x: 1.63436 x1: 1.63436 x2: 1.63436 x3: 1.63436
new h (Growth limit): 0.04 
new h (Max): 0.02 

t = 3.0047e-09 (30%)
t: 3.2047e-09 t(sc) 0.32047 iter: 1 repeat_nr_iter: 0 h: 0.02 Status: MP BACKE PhiWrapLinear

new h (LTE): 2.64575 : d3 48 3.55875e-18 : h 3 2.64575 

	D3: x: 1.35431e-11 x1: 1.35431e-11 x2: 1.35431e-11 x3: 1.35431e-11
new h (Growth limit): 0.04 
new h (Max): 0.02 
Switching integration method and stepping back one step at 3.0047e-09 to Trap
t: 3.2047e-09 t(sc) 0.32047 iter: 1 repeat_nr_iter: 0 h: 0.02 Status: MP TRAP PhiWrapLinear

new h (LTE): 1.91292 : d3 48 3.45104e-16 : h 3 1.91292 

	D3: x: 1.35431e-11 x1: 1.35431e-11 x2: 1.35431e-11 x3: 1.35431e-11
new h (Growth limit): 0.04 
new h (Max): 0.02 

t: 3.4047e-09 t(sc) 0.34047 iter: 1 repeat_nr_iter: 0 h: 0.02 Status: MP TRAP PhiWrapLinear

new h (LTE): 1.91292 : d3 46 5.66126e-07 : h 3 1.91292 

	D3: x: 1.63436 x1: 1.63436 x2: 1.63436 x3: 1.63436
new h (Growth limit): 0.04 
new h (Max): 0.02 

t: 3.6047e-09 t(sc) 0.36047 iter: 1 repeat_nr_iter: 0 h: 0.02 Status: MP TRAP PhiWrapLinear

new h (LTE): 1.91292 : d3 48 1.24267e-16 : h 3 1.91292 

	D3: x: 1.35431e-11 x1: 1.35431e-11 x2: 1.35431e-11 x3: 1.35431e-11
new h (Growth limit): 0.04 
new h (Max): 0.02 

t = 3.6047e-09 (35%)
t: 3.8047e-09 t(sc) 0.38047 iter: 1 repeat_nr_iter: 0 h: 0.02 Status: MP TRAP PhiWrapLinear

new h (LTE): 1.91292 : d3 46 8.32311e-07 : h 3 1.91292 

	D3: x: 1.63436 x1: 1.63436 x2: 1.63436 x3: 1.63436
new h (Growth limit): 0.04 
new h (Max): 0.02 

t: 4.0047e-09 t(sc) 0.40047 iter: 1 repeat_nr_iter: 0 h: 0.02 Status: MP TRAP PhiWrapLinear

new h (LTE): 1.91292 : d3 48 2.54443e-16 : h 3 1.91292 

	D3: x: 1.35431e-11 x1: 1.35431e-11 x2: 1.35431e-11 x3: 1.35431e-11
new h (Growth limit): 0.04 
new h (Max): 0.02 

t = 4.0047e-09 (40%)
t: 4.2047e-09 t(sc) 0.42047 iter: 1 repeat_nr_iter: 0 h: 0.02 Status: MP TRAP PhiWrapLinear

new h (LTE): 1.91292 : d3 46 1.70423e-06 : h 3 1.91292 

	D3: x: 1.63436 x1: 1.63436 x2: 1.63436 x3: 1.63436
new h (Growth limit): 0.04 
new h (Max): 0.02 

t: 4.4047e-09 t(sc) 0.44047 iter: 1 repeat_nr_iter: 0 h: 0.02 Status: MP TRAP PhiWrapLinear

new h (LTE): 1.91292 : d3 48 5.20988e-16 : h 3 1.91292 

	D3: x: 1.35431e-11 x1: 1.35431e-11 x2: 1.35431e-11 x3: 1.35431e-11
new h (Growth limit): 0.04 
new h (Max): 0.02 

t: 4.6047e-09 t(sc) 0.46047 iter: 1 repeat_nr_iter: 0 h: 0.02 Status: MP TRAP PhiWrapLinear

new h (LTE): 1.91292 : d3 46 3.48955e-06 : h 3 1.91292 

	D3: x: 1.63436 x1: 1.63436 x2: 1.63436 x3: 1.63436
new h (Growth limit): 0.04 
new h (Max): 0.02 

t = 4.6047e-09 (45%)
t: 4.8047e-09 t(sc) 0.48047 iter: 1 repeat_nr_iter: 0 h: 0.02 Status: MP TRAP PhiWrapLinear

new h (LTE): 1.91292 : d3 48 1.06675e-15 : h 3 1.91292 

	D3: x: 1.35431e-11 x1: 1.35431e-11 x2: 1.35431e-11 x3: 1.35431e-11
new h (Growth limit): 0.04 
new h (Max): 0.02 

t: 5.0047e-09 t(sc) 0.50047 iter: 1 repeat_nr_iter: 0 h: 0.02 Status: MP TRAP PhiWrapLinear

new h (LTE): 1.91292 : d3 46 7.14507e-06 : h 3 1.91292 

	D3: x: 1.63436 x1: 1.63436 x2: 1.63436 x3: 1.63436
new h (Growth limit): 0.04 
new h (Max): 0.02 

t = 5.0047e-09 (50%)
t: 5.2047e-09 t(sc) 0.52047 iter: 1 repeat_nr_iter: 0 h: 0.02 Status: MP TRAP PhiWrapLinear

new h (LTE): 1.91292 : d3 48 2.18424e-15 : h 3 1.91292 

	D3: x: 1.35431e-11 x1: 1.35431e-11 x2: 1.35431e-11 x3: 1.35431e-11
new h (Growth limit): 0.04 
new h (Max): 0.02 

t: 5.4047e-09 t(sc) 0.54047 iter: 1 repeat_nr_iter: 0 h: 0.02 Status: MP TRAP PhiWrapLinear

new h (LTE): 1.91292 : d3 46 1.463e-05 : h 3 1.91292 

	D3: x: 1.63436 x1: 1.63436 x2: 1.63436 x3: 1.63436
new h (Growth limit): 0.04 
new h (Max): 0.02 

t: 5.6047e-09 t(sc) 0.56047 iter: 1 repeat_nr_iter: 0 h: 0.02 Status: MP TRAP PhiWrapLinear

new h (LTE): 1.87558 : d3 48 4.47236e-15 : h 46 1.87558 

	D3: x: 1.35431e-11 x1: 1.35431e-11 x2: 1.35431e-11 x3: 1.35431e-11
new h (Growth limit): 0.04 
new h (Max): 0.02 

t = 5.6047e-09 (55%)
t: 5.8047e-09 t(sc) 0.58047 iter: 1 repeat_nr_iter: 0 h: 0.02 Status: MP TRAP PhiWrapLinear

new h (LTE): 1.66442 : d3 46 2.99557e-05 : h 46 1.66442 

	D3: x: 1.63436 x1: 1.63436 x2: 1.63436 x3: 1.63436
new h (Growth limit): 0.04 
new h (Max): 0.02 

t: 6.0047e-09 t(sc) 0.60047 iter: 1 repeat_nr_iter: 0 h: 0.02 Status: MP TRAP PhiWrapLinear

new h (LTE): 1.47704 : d3 48 9.15741e-15 : h 46 1.47704 

	D3: x: 1.35431e-11 x1: 1.35431e-11 x2: 1.35431e-11 x3: 1.35431e-11
new h (Growth limit): 0.04 
new h (Max): 0.02 

t = 6.0047e-09 (60%)
t: 6.2047e-09 t(sc) 0.62047 iter: 1 repeat_nr_iter: 0 h: 0.02 Status: MP TRAP PhiWrapLinear

new h (LTE): 1.31075 : d3 46 6.13362e-05 : h 46 1.31075 

	D3: x: 1.63436 x1: 1.63436 x2: 1.63436 x3: 1.63436
new h (Growth limit): 0.04 
new h (Max): 0.02 

t: 6.4047e-09 t(sc) 0.64047 iter: 1 repeat_nr_iter: 0 h: 0.02 Status: MP TRAP PhiWrapLinear

new h (LTE): 1.16318 : d3 48 1.87503e-14 : h 46 1.16318 

	D3: x: 1.35431e-11 x1: 1.35431e-11 x2: 1.35431e-11 x3: 1.35431e-11
new h (Growth limit): 0.04 
new h (Max): 0.02 

t: 6.6047e-09 t(sc) 0.66047 iter: 1 repeat_nr_iter: 0 h: 0.02 Status: MP TRAP PhiWrapLinear

new h (LTE): 1.03222 : d3 46 0.000125589 : h 46 1.03222 

	D3: x: 1.63436 x1: 1.63436 x2: 1.63436 x3: 1.63436
new h (Growth limit): 0.04 
new h (Max): 0.02 

t = 6.6047e-09 (65%)
t: 6.8047e-09 t(sc) 0.68047 iter: 1 repeat_nr_iter: 0 h: 0.02 Status: MP TRAP PhiWrapLinear

new h (LTE): 0.916014 : d3 48 3.83924e-14 : h 46 0.916014 

	D3: x: 1.35431e-11 x1: 1.35431e-11 x2: 1.35431e-11 x3: 1.35431e-11
new h (Growth limit): 0.04 
new h (Max): 0.02 

t: 7.0047e-09 t(sc) 0.70047 iter: 1 repeat_nr_iter: 0 h: 0.02 Status: MP TRAP PhiWrapLinear

new h (LTE): 0.812887 : d3 46 0.000257152 : h 46 0.812887 

	D3: x: 1.63436 x1: 1.63436 x2: 1.63436 x3: 1.63436
new h (Growth limit): 0.04 
new h (Max): 0.02 
Switching integration method and stepping back two steps at 6.4047e-09 to BE
t: 6.6047e-09 t(sc) 0.66047 iter: 1 repeat_nr_iter: 0 h: 0.02 Status: MP BACKE PhiWrapLinear

new h (LTE): 2.64575 : d3 46 3.13011e-06 : h 3 2.64575 

	D3: x: 1.63436 x1: 1.63436 x2: 1.63436 x3: 1.63436
new h (Growth limit): 0.04 
new h (Max): 0.02 

t: 6.8047e-09 t(sc) 0.68047 iter: 1 repeat_nr_iter: 0 h: 0.02 Status: MP BACKE PhiWrapLinear

new h (LTE): 2.64575 : d3 48 3.38987e-16 : h 3 2.64575 

	D3: x: 1.35431e-11 x1: 1.35431e-11 x2: 1.35431e-11 x3: 1.35431e-11
new h (Growth limit): 0.04 
new h (Max): 0.02 

t: 7.0047e-09 t(sc) 0.70047 iter: 1 repeat_nr_iter: 0 h: 0.02 Status: MP BACKE PhiWrapLinear

new h (LTE): 2.64575 : d3 46 3.41888e-07 : h 3 2.64575 

	D3: x: 1.63436 x1: 1.63436 x2: 1.63436 x3: 1.63436
new h (Growth limit): 0.04 
new h (Max): 0.02 

t = 7.0047e-09 (70%)
t: 7.2047e-09 t(sc) 0.72047 iter: 1 repeat_nr_iter: 0 h: 0.02 Status: MP BACKE PhiWrapLinear

new h (LTE): 2.64575 : d3 48 1.57375e-17 : h 3 2.64575 

	D3: x: 1.35431e-11 x1: 1.35431e-11 x2: 1.35431e-11 x3: 1.35431e-11
new h (Growth limit): 0.04 
new h (Max): 0.02 

t: 7.4047e-09 t(sc) 0.74047 iter: 1 repeat_nr_iter: 0 h: 0.02 Status: MP BACKE PhiWrapLinear

new h (LTE): 2.64575 : d3 46 1.5872e-08 : h 3 2.64575 

	D3: x: 1.63436 x1: 1.63436 x2: 1.63436 x3: 1.63436
new h (Growth limit): 0.04 
new h (Max): 0.02 
Switching integration method and stepping back one step at 7.2047e-09 to Trap
t: 7.4047e-09 t(sc) 0.74047 iter: 1 repeat_nr_iter: 0 h: 0.02 Status: MP TRAP PhiWrapLinear

new h (LTE): 1.91292 : d3 46 1.53917e-06 : h 3 1.91292 

	D3: x: 1.63436 x1: 1.63436 x2: 1.63436 x3: 1.63436
new h (Growth limit): 0.04 
new h (Max): 0.02 

t: 7.6047e-09 t(sc) 0.76047 iter: 1 repeat_nr_iter: 0 h: 0.02 Status: MP TRAP PhiWrapLinear

new h (LTE): 1.91292 : d3 48 1.1524e-16 : h 3 1.91292 

	D3: x: 1.35431e-11 x1: 1.35431e-11 x2: 1.35431e-11 x3: 1.35431e-11
new h (Growth limit): 0.04 
new h (Max): 0.02 

t = 7.6047e-09 (75%)
t: 7.8047e-09 t(sc) 0.78047 iter: 1 repeat_nr_iter: 0 h: 0.02 Status: MP TRAP PhiWrapLinear

new h (LTE): 1.91292 : d3 46 5.54228e-07 : h 3 1.91292 

	D3: x: 1.63436 x1: 1.63436 x2: 1.63436 x3: 1.63436
new h (Growth limit): 0.04 
new h (Max): 0.02 

t: 8.0047e-09 t(sc) 0.80047 iter: 1 repeat_nr_iter: 0 h: 0.02 Status: MP TRAP PhiWrapLinear

new h (LTE): 1.91292 : d3 48 1.69428e-16 : h 3 1.91292 

	D3: x: 1.35431e-11 x1: 1.35431e-11 x2: 1.35431e-11 x3: 1.35431e-11
new h (Growth limit): 0.04 
new h (Max): 0.02 

t = 8.0047e-09 (80%)
t: 8.2047e-09 t(sc) 0.82047 iter: 1 repeat_nr_iter: 0 h: 0.02 Status: MP TRAP PhiWrapLinear

new h (LTE): 1.91292 : d3 46 1.13482e-06 : h 3 1.91292 

	D3: x: 1.63436 x1: 1.63436 x2: 1.63436 x3: 1.63436
new h (Growth limit): 0.04 
new h (Max): 0.02 

t: 8.4047e-09 t(sc) 0.84047 iter: 1 repeat_nr_iter: 0 h: 0.02 Status: MP TRAP PhiWrapLinear

new h (LTE): 1.91292 : d3 48 3.46915e-16 : h 3 1.91292 

	D3: x: 1.35431e-11 x1: 1.35431e-11 x2: 1.35431e-11 x3: 1.35431e-11
new h (Growth limit): 0.04 
new h (Max): 0.02 

t: 8.6047e-09 t(sc) 0.86047 iter: 1 repeat_nr_iter: 0 h: 0.02 Status: MP TRAP PhiWrapLinear

new h (LTE): 1.91292 : d3 46 2.32361e-06 : h 3 1.91292 

	D3: x: 1.63436 x1: 1.63436 x2: 1.63436 x3: 1.63436
new h (Growth limit): 0.04 
new h (Max): 0.02 

t = 8.6047e-09 (85%)
t: 8.8047e-09 t(sc) 0.88047 iter: 1 repeat_nr_iter: 0 h: 0.02 Status: MP TRAP PhiWrapLinear

new h (LTE): 1.91292 : d3 48 7.10328e-16 : h 3 1.91292 

	D3: x: 1.35431e-11 x1: 1.35431e-11 x2: 1.35431e-11 x3: 1.35431e-11
new h (Growth limit): 0.04 
new h (Max): 0.02 

t: 9.0047e-09 t(sc) 0.90047 iter: 1 repeat_nr_iter: 0 h: 0.02 Status: MP TRAP PhiWrapLinear

new h (LTE): 1.91292 : d3 46 4.75775e-06 : h 3 1.91292 

	D3: x: 1.63436 x1: 1.63436 x2: 1.63436 x3: 1.63436
new h (Growth limit): 0.04 
new h (Max): 0.02 

t = 9.0047e-09 (90%)
t: 9.2047e-09 t(sc) 0.92047 iter: 1 repeat_nr_iter: 0 h: 0.02 Status: MP TRAP PhiWrapLinear

new h (LTE): 1.91292 : d3 48 1.45444e-15 : h 3 1.91292 

	D3: x: 1.35431e-11 x1: 1.35431e-11 x2: 1.35431e-11 x3: 1.35431e-11
new h (Growth limit): 0.04 
new h (Max): 0.02 

t: 9.4047e-09 t(sc) 0.94047 iter: 1 repeat_nr_iter: 0 h: 0.02 Status: MP TRAP PhiWrapLinear

new h (LTE): 1.91292 : d3 46 9.7418e-06 : h 3 1.91292 

	D3: x: 1.63436 x1: 1.63436 x2: 1.63436 x3: 1.63436
new h (Growth limit): 0.04 
new h (Max): 0.02 

t: 9.6047e-09 t(sc) 0.96047 iter: 1 repeat_nr_iter: 0 h: 0.02 Status: MP TRAP PhiWrapLinear

new h (LTE): 1.91292 : d3 48 2.97805e-15 : h 3 1.91292 

	D3: x: 1.35431e-11 x1: 1.35431e-11 x2: 1.35431e-11 x3: 1.35431e-11
new h (Growth limit): 0.04 
new h (Max): 0.02 

t = 9.6047e-09 (95%)
t: 9.8047e-09 t(sc) 0.98047 iter: 1 repeat_nr_iter: 0 h: 0.02 Status: MP TRAP PhiWrapLinear

new h (LTE): 1.90603 : d3 46 1.99469e-05 : h 46 1.90603 

	D3: x: 1.63436 x1: 1.63436 x2: 1.63436 x3: 1.63436
new h (Growth limit): 0.04 
new h (Max): 0.02 

t: 1.00047e-08 t(sc) 1.00047 iter: 1 repeat_nr_iter: 0 h: 0.02 Status: MP TRAP PhiWrapLinear

new h (LTE): 1.69145 : d3 48 6.09773e-15 : h 46 1.69145 

	D3: x: 1.35431e-11 x1: 1.35431e-11 x2: 1.35431e-11 x3: 1.35431e-11
new h (Growth limit): 0.04 
new h (Max): 0.02 

t = 1.00047e-08 (100%)
Number of timesteps: 73
Transient Simulation Done. Num of Nonlin iters: 73 
	Freeing MNA
Freeing Main Circuit ...
	Freeing Nodes and Elements
Cleaning Main Circuit ...
	Freeing Parsed circuit: 'Main Circuit'
