Running OptiSPICE 5.1 (compiled on: Jan  5 2016 10:28:02) 

Copyright 2015 Optiwave Systems Inc. All rights reserved.

	git commit: 651cbe73905eab5871768bdecbe8d86323447f45 MergeFromStaticBuild

Processing Netlist file: waveguide_smt_L1.0_LAM600_Neff2.1_end.sp

************* FILE: "waveguide_smt_L1.0_LAM600_Neff2.1_end.sp"  ************

Title "CW Source check "

Osp Jobcontrol Verbosity=DEBUG2

.option ingold=2 DELMAX=.1e-10 ACCURATE=1 RUNLVL=6 NUMDGT=8
.OPTION DCCAP=1 TNOM=27

.param NMODES=1

* Voltage sources
v1 Mag1 0 DC = 1 
v2 Phi1 0 DC = 0 

Osp CWSOURCE   Name=cw1 Nodes = [Mag1 Phi1 l1] MoName = CWmodel lambda = 6.000000e+02
Osp WaveGuide  Name=wg1 Nodes = [l1 l2] MoName=WGmodel
Osp MIRROR     Name=mir1 Nodes = [l2] MoName = Mmodel 

Osp Model Name = Mmodel   type = MIRROR    Ref = 0
Osp Model Name = CWmodel  type = CWSOURCE 
Osp Model Name = WGmodel  type = WaveGuide  Length=1.000000e+00  IncludeTimeDelay=1  neff=[2.100000e+00]  N0=1.1 NF=1.1

% IncludeTimeDelay=1 
.tran .0001e-9 10e-9 nsolver=BACKE nmaxst=.05n nminst=.05n

	
.Monitor OptFields wg1 Format=MagPhi Port=1 dir=IN  Pol=TE
.Monitor OptFields wg1 Format=MagPhi Port=2 dir=OUT Pol=TE
%.Monitor OptFields wg2 Format=MagPhi Port=2 dir=OUT Pol=TE
.end

************* *************** ************

Options ingold=2 DELMAX=.1e-10 ACCURATE=1 RUNLVL=6 NUMDGT=8 
Options DCCAP=1 TNOM=27 
Param P=[ { NMODES 1 } ] 
INDSOURCE EL_Type=V_SOU Name=v1 Nodes=[ Mag1 0 ] dcMode dcValue=1 
INDSOURCE EL_Type=V_SOU Name=v2 Nodes=[ Phi1 0 ] dcMode dcValue=0 
CWSOURCE Name=cw1 Nodes=[ Mag1 Phi1 l1 ] MoName=CWmodel lambda=6.000000e+02 
WaveGuide Name=wg1 Nodes=[ l1 l2 ] MoName=WGmodel 
MIRROR Name=mir1 Nodes=[ l2 ] MoName=Mmodel 
Model Name=Mmodel type=MIRROR Ref=0 
Model Name=CWmodel type=CWSOURCE 
Model Name=WGmodel type=WaveGuide Length=1.000000e+00 IncludeTimeDelay=1 neff=[ 2.100000e+00 ] N0=1.1 NF=1.1 
Transient Tpoints=[ { .0001e-9 10e-9 } ] nsolver=BACKE nmaxst=.05n nminst=.05n 
Monitor Type=OptFields Name=wg1 Format=MagPhi Port=1 dir=IN Pol=TE 
Monitor Type=OptFields Name=wg1 Format=MagPhi Port=2 dir=OUT Pol=TE 
END

Assigning node numbers and stamping


Main Circuit Paras:
	Name=NMODES String=1 Ep = 0x0

Creating: v1

Creating: v2

Creating: cw1
	New Link: l1                                                           Link: 0x7fed88700fa0

Creating: wg1
	New Link: l2                                                           Link: 0x7fed88703730

Creating: mir1

Circuit after element assignment

Element hash table
	Key: v1                                                           	val: 	-2006971392
	Key: v2                                                           	val: 	-2005925152
	Key: wg1:exp                                                      	val: 	-1988091392
	Key: mir1                                                         	val: 	-1988087808
	Key: cw1                                                          	val: 	-1988100096
	Key: wg1                                                          	val: 	-1988094464

Delay Element hash table

OptFFT Element hash table

Noise Element hash table

Optical Element hash table
	Key: wg1:exp                                                      	val: 	-1988091392
	Key: mir1                                                         	val: 	-1988087808
	Key: cw1                                                          	val: 	-1988100096
	Key: wg1                                                          	val: 	-1988094464

Source Optical Element hash table
	Key: cw1                                                          	val: 	-1988100096

Elec Init Conditions


Tracing optical sources
	source: cw1 (fixed:600)  -> wg1:exp (1) 
		-- Return Branch:  -> cw1 (1) 

		-- Through Branch:  -> mir1 (1)  -> wg1:exp (1) 


Stamping: v1

Stamping: v2

Stamping: cw1
Created Optical Mode Shape 'Mode:1 n:1 x:5.0000000000000000e+01 y:5.0000000000000000e+01 m:0 n:0 s:5.0000000000000000e+00 1/r:0.0000000000000000e+00 l:6.0000000000000000e+02' (6c124dd77bc8ad3affbe9421ff7ca185bd4f3ddf)
Adding Optical Mode:         l1:fixed:600 	      0x7fed887054d0

Stamping: wg1
Adding Optical Mode: wg1:exp:inter1(0):fixed:600 	      0x7fed88707410
Adding Optical Mode: wg1:exp:inter2(0):fixed:600 	      0x7fed887075c0
Adding Optical Mode: wg1:exp:inter3(0):fixed:600 	      0x7fed88704d20
Adding Optical Mode:         l2:fixed:600 	      0x7fed88708380
Stamping OptScatteringVtoV Instance: wg1:exp:c(0):I1(0)
	E to E: l1:fixed:600 | wg1:exp:inter1(0):fixed:600
	Linear (E to E) Scattering Mode
	NonLinear Scattering Mode
Linear: -21.9911
CreateStampDelay: DELAY Name=wg1:exp:c(0):td(0):c(0):m(0):optmag:delay Del=7.0048459991611925e-15 Gain=1.0000000000000000e+00 Tcoeff=[ 0.0000000000000000e+00 0.0000000000000000e+00 ]
CreateStampDelay: DELAY Name=wg1:exp:c(0):td(0):reverse:c(0):m(0):optmag:delay Del=7.0048459991611925e-15 Gain=1.0000000000000000e+00 Tcoeff=[ 0.0000000000000000e+00 0.0000000000000000e+00 ]
CreateStampDelay: DELAY Name=wg1:exp:c(0):td(0):c(0):m(0):optphi:delay Del=7.0048459991611925e-15 Gain=1.0000000000000000e+00 Tcoeff=[ 0.0000000000000000e+00 0.0000000000000000e+00 ]
CreateStampDelay: DELAY Name=wg1:exp:c(0):td(0):reverse:c(0):m(0):optphi:delay Del=7.0048459991611925e-15 Gain=1.0000000000000000e+00 Tcoeff=[ 0.0000000000000000e+00 0.0000000000000000e+00 ]
Stamping OptScatteringVtoV Instance: wg1:exp:c(0):I1(1)
	E to E: wg1:exp:inter3(0):fixed:600 | l2:fixed:600
	Linear (E to E) Scattering Mode
	NonLinear Scattering Mode

Stamping: mir1

Linking optical elements; 
Pre-processing optical elements; evaluating the Oconn overlap integrals and FSE modes 
Mirror DetModes ... 
		mir1 input 0x7fed89802320 output 0x7fed89802320

Stamping free mode   optical elements; 
Processing Mirror: mir1 Version: 6 Switchable: 1
Adding Optical Mode: mir1:terminal:fixed:600 	      0x7fed88711610
Stamping OptScatteringVtoV Instance: mir1:vtov:c(0)
	E to E: l2:fixed:600 | mir1:terminal:fixed:600
	Linear (E to E) Scattering Mode
	NonLinear Scattering Mode

Post Stamping: cw1:c:0:m(0):optphi:iso

Post Stamping: cw1:c:0:m(0):optmag:iso

Circuit after node assignment

Element hash table (including internal elements)
	Key: cw1:c:0:m(0):optphi:iso                                      	val: 	-2005898448
	Key: mir1:vtov                                                    	val: 	-1987895296
	Key: wg1:exp:c(0):td(0):c(0):m(0):optmag:delay                    	val: 	-2005873264
	Key: wg1:exp:c(0):I1(0)                                           	val: 	-1988035584
	Key: wg1:exp:c(0):td(0):c(0):m(0):optphi:delay                    	val: 	-2005869232
	Key: wg1                                                          	val: 	-1988094464
	Key: wg1:exp:c(0):I1(1)                                           	val: 	-1987900928
	Key: wg1:exp:c(0):td(0):reverse:c(0):m(0):optphi:delay            	val: 	-2005867600
	Key: wg1:exp:c(0):td(0):reverse:c(0):m(0):optmag:delay            	val: 	-2005870816
	Key: mir1:vtov:c(0)                                               	val: 	-1987890176
	Key: v1                                                           	val: 	-2006971392
	Key: v2                                                           	val: 	-2005925152
	Key: wg1:exp                                                      	val: 	-1988091392
	Key: cw1:c:0:m(0):optmag:iso                                      	val: 	-2005900560
	Key: cw1                                                          	val: 	-1988100096
	Key: mir1                                                         	val: 	-1988087808

Node hash table (size: 66)
	Key: wg1:exp:c(0):i1(1):0:fwd:modei:m(0):optmag                   	val: 	56        
	Key: mir1:vtov:c(0):0:fwd:modei:m(0):optphi                       	val: 	65        
	Key: wg1:exp:inter1(0):fixed:600:rev:m(0):optphi                  	val: 	29        
	Key: mir1:terminal:fixed:600:fwd:m(0):optphi                      	val: 	60        
	Key: wg1:exp:c(0):i1(0):0:rev:modei:m(0):optmag                   	val: 	46        
	Key: l1:fixed:600:fwd:m(0):optmag                                 	val: 	14        
	Key: wg1:exp:c(0):i1(0):0:fwd:modei:m(0):optmag                   	val: 	48        
	Key: mir1:vtov:c(0):0:rev:modei:m(0):optphi                       	val: 	63        
	Key: wg1:exp:c(0):td(0):reverse:c(0):m(0):optmag:delay:i          	val: 	51        
	Key: wg1:exp:c(0):i1(1):0:rev:modei:m(0):optmag                   	val: 	54        
	Key: wg1:exp:revphase(0:0):modei:m(0):optphi                      	val: 	41        
	Key: cw1:l1:fixed:600:modei:m(0):optmag                           	val: 	22        
	Key: wg1:exp:inter1(0):fixed:600:fwd:m(0):optphi                  	val: 	28        
	Key: wg1:exp:inter2(0):fixed:600:rev:m(0):optphi                  	val: 	33        
	Key: wg1:exp:inter3(0):fixed:600:rev:m(0):optphi                  	val: 	37        
	Key: l2:fixed:600:rev:m(0):optphi                                 	val: 	45        
	Key: wg1:exp:fwdphase(0:0):modei:m(0):optphi                      	val: 	39        
	Key: v1:portcurrentnode:0                                         	val: 	3         
	Key: v1:portcurrentnode:1                                         	val: 	5         
	Key: cw1:c:0:m(0):optphi:iso:i                                    	val: 	25        
	Key: mir1:terminal:fixed:600:rev:m(0):optmag                      	val: 	59        
	Key: wg1:exp:inter2(0):fixed:600:fwd:m(0):optphi                  	val: 	32        
	Key: l1:fixed:600:rev:m(0):optphi                                 	val: 	17        
	Key: wg1:exp:inter3(0):fixed:600:fwd:m(0):optphi                  	val: 	36        
	Key: l2:fixed:600:fwd:m(0):optphi                                 	val: 	44        
	Key: v2:portcurrentnode:0                                         	val: 	9         
	Key: v2:portcurrentnode:1                                         	val: 	11        
	Key: v1:i                                                         	val: 	7         
	Key: wg1:exp:c(0):td(0):c(0):m(0):optmag:delay:i                  	val: 	50        
	Key: wg1:exp:c(0):td(0):reverse:c(0):m(0):optphi:delay:i          	val: 	53        
	Key: mir1:vtov:c(0):0:fwd:modei:m(0):optmag                       	val: 	64        
	Key: mir1:terminal:fixed:600:fwd:m(0):optmag                      	val: 	58        
	Key: wg1:exp:inter1(0):fixed:600:rev:m(0):optmag                  	val: 	27        
	Key: mir1:vtov:c(0):0:rev:modei:m(0):optmag                       	val: 	62        
	Key: mag1                                                         	val: 	2         
	Key: cw1:portcurrentcurnode:0                                     	val: 	19        
	Key: cw1:portcurrentcurnode:1                                     	val: 	21        
	Key: v1:portcurrentcurnode:0                                      	val: 	4         
	Key: v1:portcurrentcurnode:1                                      	val: 	6         
	Key: wg1:exp:c(0):i1(1):0:fwd:modei:m(0):optphi                   	val: 	57        
	Key: v2:portcurrentcurnode:0                                      	val: 	10        
	Key: v2:portcurrentcurnode:1                                      	val: 	12        
	Key: wg1:exp:c(0):i1(0):0:fwd:modei:m(0):optphi                   	val: 	49        
	Key: wg1:exp:c(0):i1(0):0:rev:modei:m(0):optphi                   	val: 	47        
	Key: l1:fixed:600:fwd:m(0):optphi                                 	val: 	16        
	Key: wg1:exp:inter1(0):fixed:600:fwd:m(0):optmag                  	val: 	26        
	Key: wg1:exp:inter2(0):fixed:600:rev:m(0):optmag                  	val: 	31        
	Key: 0                                                            	val: 	-5        
	Key: cw1:channel-fixed:600                                        	val: 	1         
	Key: wg1:exp:inter3(0):fixed:600:rev:m(0):optmag                  	val: 	35        
	Key: l2:fixed:600:rev:m(0):optmag                                 	val: 	43        
	Key: wg1:exp:revphase(0:0):modei:m(0):optmag                      	val: 	40        
	Key: wg1:exp:fwdphase(0:0):modei:m(0):optmag                      	val: 	38        
	Key: wg1:exp:c(0):i1(1):0:rev:modei:m(0):optphi                   	val: 	55        
	Key: cw1:l1:fixed:600:modei:m(0):optphi                           	val: 	23        
	Key: wg1:exp:inter2(0):fixed:600:fwd:m(0):optmag                  	val: 	30        
	Key: cw1:portcurrentnode:0                                        	val: 	18        
	Key: l1:fixed:600:rev:m(0):optmag                                 	val: 	15        
	Key: wg1:exp:inter3(0):fixed:600:fwd:m(0):optmag                  	val: 	34        
	Key: l2:fixed:600:fwd:m(0):optmag                                 	val: 	42        
	Key: cw1:portcurrentnode:1                                        	val: 	20        
	Key: wg1:exp:c(0):td(0):c(0):m(0):optphi:delay:i                  	val: 	52        
	Key: mir1:terminal:fixed:600:rev:m(0):optphi                      	val: 	61        
	Key: cw1:c:0:m(0):optmag:iso:i                                    	val: 	24        
	Key: phi1                                                         	val: 	8         
	Key: v2:i                                                         	val: 	13        

Node array 
	Key: 0                                                            	val: 	-5         Status: V node
	Key: cw1:channel-fixed:600                                        	val: 	1          Status: V node
	Key: mag1                                                         	val: 	2          Status: V node
	Key: v1:portcurrentnode:0                                         	val: 	3          Status: V node
	Key: v1:portcurrentcurnode:0                                      	val: 	4          Status: I node
	Key: v1:portcurrentnode:1                                         	val: 	5          Status: V node
	Key: v1:portcurrentcurnode:1                                      	val: 	6          Status: I node
	Key: v1:i                                                         	val: 	7          Status: I node
	Key: phi1                                                         	val: 	8          Status: V node
	Key: v2:portcurrentnode:0                                         	val: 	9          Status: V node
	Key: v2:portcurrentcurnode:0                                      	val: 	10         Status: I node
	Key: v2:portcurrentnode:1                                         	val: 	11         Status: V node
	Key: v2:portcurrentcurnode:1                                      	val: 	12         Status: I node
	Key: v2:i                                                         	val: 	13         Status: I node
	Key: l1:fixed:600:fwd:m(0):optmag                                 	val: 	14         Status: O Mag node
	Key: l1:fixed:600:rev:m(0):optmag                                 	val: 	15         Status: O Mag node
	Key: l1:fixed:600:fwd:m(0):optphi                                 	val: 	16         Status: O Pha node (14)
	Key: l1:fixed:600:rev:m(0):optphi                                 	val: 	17         Status: O Pha node (15)
	Key: cw1:portcurrentnode:0                                        	val: 	18         Status: V node
	Key: cw1:portcurrentcurnode:0                                     	val: 	19         Status: I node
	Key: cw1:portcurrentnode:1                                        	val: 	20         Status: V node
	Key: cw1:portcurrentcurnode:1                                     	val: 	21         Status: I node
	Key: cw1:l1:fixed:600:modei:m(0):optmag                           	val: 	22         Status: O Mag node
	Key: cw1:l1:fixed:600:modei:m(0):optphi                           	val: 	23         Status: O Pha node (22)
	Key: cw1:c:0:m(0):optmag:iso:i                                    	val: 	24         Status: I node
	Key: cw1:c:0:m(0):optphi:iso:i                                    	val: 	25         Status: I node
	Key: wg1:exp:inter1(0):fixed:600:fwd:m(0):optmag                  	val: 	26         Status: O Mag node
	Key: wg1:exp:inter1(0):fixed:600:rev:m(0):optmag                  	val: 	27         Status: O Mag node
	Key: wg1:exp:inter1(0):fixed:600:fwd:m(0):optphi                  	val: 	28         Status: O Pha node (26)
	Key: wg1:exp:inter1(0):fixed:600:rev:m(0):optphi                  	val: 	29         Status: O Pha node (27)
	Key: wg1:exp:inter2(0):fixed:600:fwd:m(0):optmag                  	val: 	30         Status: O Mag node
	Key: wg1:exp:inter2(0):fixed:600:rev:m(0):optmag                  	val: 	31         Status: O Mag node
	Key: wg1:exp:inter2(0):fixed:600:fwd:m(0):optphi                  	val: 	32         Status: O Pha node (30)
	Key: wg1:exp:inter2(0):fixed:600:rev:m(0):optphi                  	val: 	33         Status: O Pha node (31)
	Key: wg1:exp:inter3(0):fixed:600:fwd:m(0):optmag                  	val: 	34         Status: O Mag node
	Key: wg1:exp:inter3(0):fixed:600:rev:m(0):optmag                  	val: 	35         Status: O Mag node
	Key: wg1:exp:inter3(0):fixed:600:fwd:m(0):optphi                  	val: 	36         Status: O Pha node (34)
	Key: wg1:exp:inter3(0):fixed:600:rev:m(0):optphi                  	val: 	37         Status: O Pha node (35)
	Key: wg1:exp:fwdphase(0:0):modei:m(0):optmag                      	val: 	38         Status: O Mag node
	Key: wg1:exp:fwdphase(0:0):modei:m(0):optphi                      	val: 	39         Status: O Pha node (38)
	Key: wg1:exp:revphase(0:0):modei:m(0):optmag                      	val: 	40         Status: O Mag node
	Key: wg1:exp:revphase(0:0):modei:m(0):optphi                      	val: 	41         Status: O Pha node (40)
	Key: l2:fixed:600:fwd:m(0):optmag                                 	val: 	42         Status: O Mag node
	Key: l2:fixed:600:rev:m(0):optmag                                 	val: 	43         Status: O Mag node
	Key: l2:fixed:600:fwd:m(0):optphi                                 	val: 	44         Status: O Pha node (42)
	Key: l2:fixed:600:rev:m(0):optphi                                 	val: 	45         Status: O Pha node (43)
	Key: wg1:exp:c(0):i1(0):0:rev:modei:m(0):optmag                   	val: 	46         Status: O Mag node
	Key: wg1:exp:c(0):i1(0):0:rev:modei:m(0):optphi                   	val: 	47         Status: O Pha node (46)
	Key: wg1:exp:c(0):i1(0):0:fwd:modei:m(0):optmag                   	val: 	48         Status: O Mag node
	Key: wg1:exp:c(0):i1(0):0:fwd:modei:m(0):optphi                   	val: 	49         Status: O Pha node (48)
	Key: wg1:exp:c(0):td(0):c(0):m(0):optmag:delay:i                  	val: 	50         Status: I node
	Key: wg1:exp:c(0):td(0):reverse:c(0):m(0):optmag:delay:i          	val: 	51         Status: I node
	Key: wg1:exp:c(0):td(0):c(0):m(0):optphi:delay:i                  	val: 	52         Status: I node
	Key: wg1:exp:c(0):td(0):reverse:c(0):m(0):optphi:delay:i          	val: 	53         Status: I node
	Key: wg1:exp:c(0):i1(1):0:rev:modei:m(0):optmag                   	val: 	54         Status: O Mag node
	Key: wg1:exp:c(0):i1(1):0:rev:modei:m(0):optphi                   	val: 	55         Status: O Pha node (54)
	Key: wg1:exp:c(0):i1(1):0:fwd:modei:m(0):optmag                   	val: 	56         Status: O Mag node
	Key: wg1:exp:c(0):i1(1):0:fwd:modei:m(0):optphi                   	val: 	57         Status: O Pha node (56)
	Key: mir1:terminal:fixed:600:fwd:m(0):optmag                      	val: 	58         Status: O Mag node
	Key: mir1:terminal:fixed:600:rev:m(0):optmag                      	val: 	59         Status: O Mag node
	Key: mir1:terminal:fixed:600:fwd:m(0):optphi                      	val: 	60         Status: O Pha node (58)
	Key: mir1:terminal:fixed:600:rev:m(0):optphi                      	val: 	61         Status: O Pha node (59)
	Key: mir1:vtov:c(0):0:rev:modei:m(0):optmag                       	val: 	62         Status: O Mag node
	Key: mir1:vtov:c(0):0:rev:modei:m(0):optphi                       	val: 	63         Status: O Pha node (62)
	Key: mir1:vtov:c(0):0:fwd:modei:m(0):optmag                       	val: 	64         Status: O Mag node
	Key: mir1:vtov:c(0):0:fwd:modei:m(0):optphi                       	val: 	65         Status: O Pha node (64)

Optical Node hash table
	l2:fixed:600
		aliases: l2 -- l2 -- l2 -- l2 -- 
	wg1:exp:inter1(0):fixed:600
		aliases: wg1:exp:inter1(0) -- wg1:exp:inter1(0) -- 
	mir1:terminal:fixed:600
		aliases: mir1:terminal -- mir1:terminal -- 
	l1:fixed:600
		aliases: l1 -- l1 -- l1 -- 
	wg1:exp:inter2(0):fixed:600
		aliases: wg1:exp:inter2(0) -- wg1:exp:inter2(0) -- 
	wg1:exp:inter3(0):fixed:600
		aliases: wg1:exp:inter3(0) -- wg1:exp:inter3(0) -- 

Optical ModeShape hash table
	Key: 6c124dd77bc8ad3affbe9421ff7ca185bd4f3ddf                     	val: 	-2005904448

Optical Link hash table
	Key: l1                                                           l1                                                          	val: 	0x7fed88700fa0 
			E1: 	0x7fed89800000 - cw1                                      	E2: 	0x7fed89802200 - wg1:exp                                 
	Key: l2                                                           l2                                                          	val: 	0x7fed88703730 
			E1: 	0x7fed89802200 - wg1:exp                                  	E2: 	0x7fed89803000 - mir1                                    

Source Optical Channel hash table
	Key: fixed:600                                                    	lambda: 	600        dPhi_dt: 	0x7fed89800830 *dPhi_dt: 	0         

Optical Matrices hash table

Optical FSE Matrices hash table

Monitor Statements
	Name:                            wg1 Type:       OptFields Port:     1 Node Num:      0
	Name:                            wg1 Type:       OptFields Port:     2 Node Num:      0
	Name:                             v1 Type:               V Port:     1 Node Num:      2
	Name:                             v1 Type:               I Port:     1 Node Num:      0
	Name:                             v1 Type:               I Port:     2 Node Num:      0
	Name:                             v2 Type:               V Port:     1 Node Num:      8
	Name:                             v2 Type:               I Port:     1 Node Num:      0
	Name:                             v2 Type:               I Port:     2 Node Num:      0
	Name:                            cw1 Type:               V Port:     1 Node Num:      2
	Name:                            cw1 Type:               I Port:     1 Node Num:      0
	Name:                            cw1 Type:               V Port:     2 Node Num:      8
	Name:                            cw1 Type:               I Port:     2 Node Num:      0
	Name:                            cw1 Type:       OptFields Port:     3 Node Num:      0
	Name:                            wg1 Type:       OptFields Port:     1 Node Num:      0
	Name:                            wg1 Type:       OptFields Port:     2 Node Num:      0
	Name:                        wg1:exp Type:       OptFields Port:     1 Node Num:      0
	Name:                        wg1:exp Type:       OptFields Port:     2 Node Num:      0
	Name:                           mir1 Type:       OptFields Port:     1 Node Num:      0

Current Monitor Statements
	Key: v2:Port-2                                                    	port: 	2          	num: 	12        
	Key: v1:Port-1                                                    	port: 	1          	num: 	4         
	Key: v1:Port-2                                                    	port: 	2          	num: 	6         
	Key: cw1:Port-1                                                   	port: 	1          	num: 	19        
	Key: v2:Port-1                                                    	port: 	1          	num: 	10        
	Key: cw1:Port-2                                                   	port: 	2          	num: 	21        

Sub-circuits


Transient Simulation Started
tscaling: 1e+08
abstol: 1e-08 reltol: 1e-06 c_abstol: 1e-15 c_reltol: 1e-06
DC Simulation Started
DC Linear Initial Guess
DC simulations:
	DC var: 0.000000000000e+00
		Elec pass (T ind):
		DC iterations =  2 (extra -1). Cond 0.122425
			Total num iter: 2
		Elec pass (T dep). Evars Optical:
		DC iterations =  1 (extra -1). Cond 0.122425
			Total num iter: 3

***** Element Operating point info:

MultiLayerFilterExp: wg1:exp 
	(Explicit Filtering -- T = 300.15 -- E to E)
	Channel: 0
		 Input: l1:fixed:600
			l1:fixed:600 			Carrier Lambda: 600 nm --- E vars
				Mode 0
					(fwd: 14,16):  Pow: 1.0000000000e+00 Phi: 0.0000000000e+00  Mag: 1.0000000000e+00 E_f =  1.0000000000e+00 + 0.0000000000e+00i
					(rev: 15,17):  Pow: 1.9190781632e-24 Phi: 3.1393877109e+00  Mag: 1.3853079669e-12 E_f =  -1.3853045994e-12 + 3.0545222083e-15i
								Total Power Fwd: 1 Rev: 1.91908e-24

			Extra
					(rev: 46,47):  Pow: 1.9190781632e-24 Phi: 3.1393877109e+00  Mag: 1.3853079669e-12 E_f =  -1.3853045994e-12 + 3.0545222083e-15i
								Total Power Fwd: 0 Rev: 1.91908e-24

		Interface (0): wg1:exp:c(0):I1(0) T= 300.15 NonLinear
			N1 = 1.1 N2 = 2.1 (2.1)T = 300.15
				Tf^2 = 0.902344 Rf^2 = 0.0976562  Tb^2 = 0.902344 Rb^2 = 0.0976562 Tf+Rf = 1 Tb+Rb = 1 
			Rf = -0.3125 	Tf = 0.949918 	Rb = 0.3125 	Tb = 0.949918 

		 Layer (1) Phi= -21.9911 (-3.14159)  Atten = 1 N = 2.1 V1 = 0 V2 = 0 T = 300.15
			Inter1: wg1:exp:inter1(0):fixed:600 (Es)
			wg1:exp:inter1(0):fixed:600 			Carrier Lambda: 600 nm --- E vars
				Mode 0
					(fwd: 26,28):  Pow: 1.1082251082e+00 Phi: 9.5453819008e-16  Mag: 1.0527227119e+00 E_f =  1.0527227119e+00 + 1.0048640321e-15i
					(rev: 27,29):  Pow: 1.0822510822e-01 Phi: 9.7744710665e-15  Mag: 3.2897584748e-01 E_f =  3.2897584748e-01 + 3.2155649028e-15i
								Total Power Fwd: 1.10823 Rev: 0.108225

			Inter2: wg1:exp:inter2(0):fixed:600 (Es)
			wg1:exp:inter2(0):fixed:600 			Carrier Lambda: 600 nm --- E vars
				Mode 0
					(fwd: 30,32):  Pow: 1.1082251082e+00 Phi: -3.1415926536e+00  Mag: 1.0527227119e+00 E_f =  -1.0527227119e+00 + -5.6473358605e-15i
					(rev: 31,33):  Pow: 1.0822510822e-01 Phi: -3.1415926536e+00  Mag: 3.2897584748e-01 E_f =  -3.2897584748e-01 + -1.7647924564e-15i
								Total Power Fwd: 1.10823 Rev: 0.108225

			Inter3: wg1:exp:inter3(0):fixed:600 (Es) dt = 7.00485e-15
			wg1:exp:inter3(0):fixed:600 			Carrier Lambda: 600 nm --- E vars
				Mode 0
					(fwd: 34,36):  Pow: 1.1082251082e+00 Phi: -3.1415926536e+00  Mag: 1.0527227119e+00 E_f =  -1.0527227119e+00 + -5.6473358605e-15i
					(rev: 35,37):  Pow: 1.0822510822e-01 Phi: -3.1415926536e+00  Mag: 3.2897584748e-01 E_f =  -3.2897584748e-01 + -1.7647924564e-15i
								Total Power Fwd: 1.10823 Rev: 0.108225

			ExtraNodes (Es)
			Delay queues (Es):
				Mode 0
					(fwd: 38,39):  Pow: 1.1082251082e+00 Phi: -3.1415926536e+00  Mag: 1.0527227119e+00 E_f =  -1.0527227119e+00 + -5.6473358605e-15i
					(rev: 40,41):  Pow: 1.0822510822e-01 Phi: 9.7744710665e-15  Mag: 3.2897584748e-01 E_f =  3.2897584748e-01 + 3.2155649028e-15i
								Total Power Fwd: 1.10823 Rev: 0.108225

			Extra Inter1
				Mode 0
					(fwd: 48,49):  Pow: 1.1082251082e+00 Phi: 9.5453819008e-16  Mag: 1.0527227119e+00 E_f =  1.0527227119e+00 + 1.0048640321e-15i
								Total Power Fwd: 1.10823 Rev: 0

		Interface (1): wg1:exp:c(0):I1(1) T = 300.15 NonLinear
			N1 = 2.1 (2.1) N2 = 1.1
				Tf^2 = 0.902344 Rf^2 = 0.0976562  Tb^2 = 0.902344 Rb^2 = 0.0976562 Tf+Rf = 1 Tb+Rb = 1 
			Rf = 0.3125 	Tf = 0.949918 	Rb = -0.3125 	Tb = 0.949918 

		 Output: l2:fixed:600
			l2:fixed:600 			Carrier Lambda: 600 nm --- E vars
				Mode 0
					(fwd: 42,44):  Pow: 9.9999999999e-01 Phi: -3.1415926536e+00  Mag: 1.0000000000e+00 E_f =  -1.0000000000e+00 + -5.3645046283e-15i
					(rev: 43,45):  Pow: 0.0000000000e+00 Phi: 0.0000000000e+00  Mag: 0.0000000000e+00 E_f =  0.0000000000e+00 + 0.0000000000e+00i
								Total Power Fwd: 1 Rev: 0

			Extra
				Mode 0
					(fwd: 56,57):  Pow: 9.9999999999e-01 Phi: -3.1415926536e+00  Mag: 1.0000000000e+00 E_f =  -1.0000000000e+00 + -5.3645046283e-15i
								Total Power Fwd: 1 Rev: 0

IndSource:                       v1 (V source)
			V: 1.0000000000e+00 I: 0.0000000000e+00 

IndSource:                       v2 (V source)
			V: 0.0000000000e+00 I: 0.0000000000e+00 

Cw_Source: cw1 
	 Channel : 0 -- n1: 18 n2: 20 -- Fixed Lambda
		 Freqshift: 0
			l1:fixed:600 			Carrier Lambda: 600 nm --- E vars
				Mode 0
					(fwd: 14,16):  Pow: 1.0000000000e+00 Phi: 0.0000000000e+00  Mag: 1.0000000000e+00 E_f =  1.0000000000e+00 + 0.0000000000e+00i
					(rev: 15,17):  Pow: 1.9190781632e-24 Phi: 3.1393877109e+00  Mag: 1.3853079669e-12 E_f =  -1.3853045994e-12 + 3.0545222083e-15i
								Total Power Fwd: 1 Rev: 1.91908e-24

Mirror: mir1
	Channel:0
			l2:fixed:600 			Carrier Lambda: 600 nm --- E vars
				Mode 0
					(fwd: 42,44):  Pow: 9.9999999999e-01 Phi: -3.1415926536e+00  Mag: 1.0000000000e+00 E_f =  -1.0000000000e+00 + -5.3645046283e-15i
					(rev: 43,45):  Pow: 0.0000000000e+00 Phi: 0.0000000000e+00  Mag: 0.0000000000e+00 E_f =  0.0000000000e+00 + 0.0000000000e+00i
								Total Power Fwd: 1 Rev: 0



***** Node Operating Point Values 
	wg1                           	Port: 1 
	                              	mode: l1:fixed:600 
	                              		dir: FWD
	                              			TE Fields: 1.0000000000e+00 0.0000000000e+00 

	wg1                           	Port: 2 
	                              	mode: l2:fixed:600 
	                              		dir: FWD
	                              			TE Fields: 1.0000000000e+00 -3.1415926536e+00 

	v1                            	Port:     1	V = 1.0000000000e+00
	v1                            	Port:     1	I = 0.0000000000e+00
	v1                            	Port:     2	I = -0.0000000000e+00
	v2                            	Port:     1	V = 0.0000000000e+00
	v2                            	Port:     1	I = 0.0000000000e+00
	v2                            	Port:     2	I = -0.0000000000e+00
	cw1                           	Port:     1	V = 1.0000000000e+00
	cw1                           	Port:     1	I = -0.0000000000e+00
	cw1                           	Port:     2	V = 0.0000000000e+00
	cw1                           	Port:     2	I = -0.0000000000e+00
	cw1                           	Port: 3 
	                              	mode: l1:fixed:600 
	                              		dir: FWD
	                              			TE Fields: 1.0000000000e+00 0.0000000000e+00 
	                              			TM Fields: 0.0000000000e+00 0.0000000000e+00 
	                              		dir: REV
	                              			TE Fields: -1.3853045994e-12 3.0545222083e-15 
	                              			TM Fields: 0.0000000000e+00 0.0000000000e+00 

	wg1                           	Port: 1 
	                              	mode: l1:fixed:600 
	                              		dir: FWD
	                              			TE Fields: 1.0000000000e+00 0.0000000000e+00 
	                              			TM Fields: 0.0000000000e+00 0.0000000000e+00 
	                              		dir: REV
	                              			TE Fields: -1.3853045994e-12 3.0545222083e-15 
	                              			TM Fields: 0.0000000000e+00 0.0000000000e+00 

	wg1                           	Port: 2 
	                              	mode: l2:fixed:600 
	                              		dir: FWD
	                              			TE Fields: -1.0000000000e+00 -5.3645046283e-15 
	                              			TM Fields: 0.0000000000e+00 0.0000000000e+00 
	                              		dir: REV
	                              			TE Fields: 0.0000000000e+00 0.0000000000e+00 
	                              			TM Fields: 0.0000000000e+00 0.0000000000e+00 

	wg1:exp                       	Port: 1 
	                              	mode: l1:fixed:600 
	                              		dir: FWD
	                              			TE Fields: 1.0000000000e+00 0.0000000000e+00 
	                              			TM Fields: 0.0000000000e+00 0.0000000000e+00 
	                              		dir: REV
	                              			TE Fields: -1.3853045994e-12 3.0545222083e-15 
	                              			TM Fields: 0.0000000000e+00 0.0000000000e+00 

	wg1:exp                       	Port: 2 
	                              	mode: l2:fixed:600 
	                              		dir: FWD
	                              			TE Fields: -1.0000000000e+00 -5.3645046283e-15 
	                              			TM Fields: 0.0000000000e+00 0.0000000000e+00 
	                              		dir: REV
	                              			TE Fields: 0.0000000000e+00 0.0000000000e+00 
	                              			TM Fields: 0.0000000000e+00 0.0000000000e+00 

	mir1                          	Port: 1 
	                              	mode: l2:fixed:600 
	                              		dir: FWD
	                              			TE Fields: -1.0000000000e+00 -5.3645046283e-15 
	                              			TM Fields: 0.0000000000e+00 0.0000000000e+00 
	                              		dir: REV
	                              			TE Fields: 0.0000000000e+00 0.0000000000e+00 
	                              			TM Fields: 0.0000000000e+00 0.0000000000e+00 


***** 
		Final Evars non-Linear Scatter pass:

***** Element Operating point info:

MultiLayerFilterExp: wg1:exp 
	(Explicit Filtering -- T = 300.15 -- E to E)
	Channel: 0
		 Input: l1:fixed:600
			l1:fixed:600 			Carrier Lambda: 600 nm --- E vars
				Mode 0
					(fwd: 14,16):  Pow: 1.0000000000e+00 Phi: 0.0000000000e+00  Mag: 1.0000000000e+00 E_f =  1.0000000000e+00 + 0.0000000000e+00i
					(rev: 15,17):  Pow: 1.9190781632e-24 Phi: 3.1393877109e+00  Mag: 1.3853079669e-12 E_f =  -1.3853045994e-12 + 3.0545222083e-15i
								Total Power Fwd: 1 Rev: 1.91908e-24

			Extra
					(rev: 46,47):  Pow: 1.9190781632e-24 Phi: 3.1393877109e+00  Mag: 1.3853079669e-12 E_f =  -1.3853045994e-12 + 3.0545222083e-15i
								Total Power Fwd: 0 Rev: 1.91908e-24

		Interface (0): wg1:exp:c(0):I1(0) T= 300.15 NonLinear
			N1 = 1.1 N2 = 2.1 (2.1)T = 300.15
				Tf^2 = 0.902344 Rf^2 = 0.0976562  Tb^2 = 0.902344 Rb^2 = 0.0976562 Tf+Rf = 1 Tb+Rb = 1 
			Rf = -0.3125 	Tf = 0.949918 	Rb = 0.3125 	Tb = 0.949918 

		 Layer (1) Phi= -21.9911 (-3.14159)  Atten = 1 N = 2.1 V1 = 0 V2 = 0 T = 300.15
			Inter1: wg1:exp:inter1(0):fixed:600 (Es)
			wg1:exp:inter1(0):fixed:600 			Carrier Lambda: 600 nm --- E vars
				Mode 0
					(fwd: 26,28):  Pow: 1.1082251082e+00 Phi: 9.5453819008e-16  Mag: 1.0527227119e+00 E_f =  1.0527227119e+00 + 1.0048640321e-15i
					(rev: 27,29):  Pow: 1.0822510822e-01 Phi: 9.7744710665e-15  Mag: 3.2897584748e-01 E_f =  3.2897584748e-01 + 3.2155649028e-15i
								Total Power Fwd: 1.10823 Rev: 0.108225

			Inter2: wg1:exp:inter2(0):fixed:600 (Es)
			wg1:exp:inter2(0):fixed:600 			Carrier Lambda: 600 nm --- E vars
				Mode 0
					(fwd: 30,32):  Pow: 1.1082251082e+00 Phi: -3.1415926536e+00  Mag: 1.0527227119e+00 E_f =  -1.0527227119e+00 + -5.6473358605e-15i
					(rev: 31,33):  Pow: 1.0822510822e-01 Phi: -3.1415926536e+00  Mag: 3.2897584748e-01 E_f =  -3.2897584748e-01 + -1.7647924564e-15i
								Total Power Fwd: 1.10823 Rev: 0.108225

			Inter3: wg1:exp:inter3(0):fixed:600 (Es) dt = 7.00485e-15
			wg1:exp:inter3(0):fixed:600 			Carrier Lambda: 600 nm --- E vars
				Mode 0
					(fwd: 34,36):  Pow: 1.1082251082e+00 Phi: -3.1415926536e+00  Mag: 1.0527227119e+00 E_f =  -1.0527227119e+00 + -5.6473358605e-15i
					(rev: 35,37):  Pow: 1.0822510822e-01 Phi: -3.1415926536e+00  Mag: 3.2897584748e-01 E_f =  -3.2897584748e-01 + -1.7647924564e-15i
								Total Power Fwd: 1.10823 Rev: 0.108225

			ExtraNodes (Es)
			Delay queues (Es):
				Mode 0
					(fwd: 38,39):  Pow: 1.1082251082e+00 Phi: -3.1415926536e+00  Mag: 1.0527227119e+00 E_f =  -1.0527227119e+00 + -5.6473358605e-15i
					(rev: 40,41):  Pow: 1.0822510822e-01 Phi: 9.7744710665e-15  Mag: 3.2897584748e-01 E_f =  3.2897584748e-01 + 3.2155649028e-15i
								Total Power Fwd: 1.10823 Rev: 0.108225

			Extra Inter1
				Mode 0
					(fwd: 48,49):  Pow: 1.1082251082e+00 Phi: 9.5453819008e-16  Mag: 1.0527227119e+00 E_f =  1.0527227119e+00 + 1.0048640321e-15i
								Total Power Fwd: 1.10823 Rev: 0

		Interface (1): wg1:exp:c(0):I1(1) T = 300.15 NonLinear
			N1 = 2.1 (2.1) N2 = 1.1
				Tf^2 = 0.902344 Rf^2 = 0.0976562  Tb^2 = 0.902344 Rb^2 = 0.0976562 Tf+Rf = 1 Tb+Rb = 1 
			Rf = 0.3125 	Tf = 0.949918 	Rb = -0.3125 	Tb = 0.949918 

		 Output: l2:fixed:600
			l2:fixed:600 			Carrier Lambda: 600 nm --- E vars
				Mode 0
					(fwd: 42,44):  Pow: 9.9999999999e-01 Phi: -3.1415926536e+00  Mag: 1.0000000000e+00 E_f =  -1.0000000000e+00 + -5.3645046283e-15i
					(rev: 43,45):  Pow: 0.0000000000e+00 Phi: 0.0000000000e+00  Mag: 0.0000000000e+00 E_f =  0.0000000000e+00 + 0.0000000000e+00i
								Total Power Fwd: 1 Rev: 0

			Extra
				Mode 0
					(fwd: 56,57):  Pow: 9.9999999999e-01 Phi: -3.1415926536e+00  Mag: 1.0000000000e+00 E_f =  -1.0000000000e+00 + -5.3645046283e-15i
								Total Power Fwd: 1 Rev: 0

IndSource:                       v1 (V source)
			V: 1.0000000000e+00 I: 0.0000000000e+00 

IndSource:                       v2 (V source)
			V: 0.0000000000e+00 I: 0.0000000000e+00 

Cw_Source: cw1 
	 Channel : 0 -- n1: 18 n2: 20 -- Fixed Lambda
		 Freqshift: 0
			l1:fixed:600 			Carrier Lambda: 600 nm --- E vars
				Mode 0
					(fwd: 14,16):  Pow: 1.0000000000e+00 Phi: 0.0000000000e+00  Mag: 1.0000000000e+00 E_f =  1.0000000000e+00 + 0.0000000000e+00i
					(rev: 15,17):  Pow: 1.9190781632e-24 Phi: 3.1393877109e+00  Mag: 1.3853079669e-12 E_f =  -1.3853045994e-12 + 3.0545222083e-15i
								Total Power Fwd: 1 Rev: 1.91908e-24

Mirror: mir1
	Channel:0
			l2:fixed:600 			Carrier Lambda: 600 nm --- E vars
				Mode 0
					(fwd: 42,44):  Pow: 9.9999999999e-01 Phi: -3.1415926536e+00  Mag: 1.0000000000e+00 E_f =  -1.0000000000e+00 + -5.3645046283e-15i
					(rev: 43,45):  Pow: 0.0000000000e+00 Phi: 0.0000000000e+00  Mag: 0.0000000000e+00 E_f =  0.0000000000e+00 + 0.0000000000e+00i
								Total Power Fwd: 1 Rev: 0



***** Node Operating Point Values 
	wg1                           	Port: 1 
	                              	mode: l1:fixed:600 
	                              		dir: FWD
	                              			TE Fields: 1.0000000000e+00 0.0000000000e+00 

	wg1                           	Port: 2 
	                              	mode: l2:fixed:600 
	                              		dir: FWD
	                              			TE Fields: 1.0000000000e+00 -3.1415926536e+00 

	v1                            	Port:     1	V = 1.0000000000e+00
	v1                            	Port:     1	I = 0.0000000000e+00
	v1                            	Port:     2	I = -0.0000000000e+00
	v2                            	Port:     1	V = 0.0000000000e+00
	v2                            	Port:     1	I = 0.0000000000e+00
	v2                            	Port:     2	I = -0.0000000000e+00
	cw1                           	Port:     1	V = 1.0000000000e+00
	cw1                           	Port:     1	I = -0.0000000000e+00
	cw1                           	Port:     2	V = 0.0000000000e+00
	cw1                           	Port:     2	I = -0.0000000000e+00
	cw1                           	Port: 3 
	                              	mode: l1:fixed:600 
	                              		dir: FWD
	                              			TE Fields: 1.0000000000e+00 0.0000000000e+00 
	                              			TM Fields: 0.0000000000e+00 0.0000000000e+00 
	                              		dir: REV
	                              			TE Fields: -1.3853045994e-12 3.0545222083e-15 
	                              			TM Fields: 0.0000000000e+00 0.0000000000e+00 

	wg1                           	Port: 1 
	                              	mode: l1:fixed:600 
	                              		dir: FWD
	                              			TE Fields: 1.0000000000e+00 0.0000000000e+00 
	                              			TM Fields: 0.0000000000e+00 0.0000000000e+00 
	                              		dir: REV
	                              			TE Fields: -1.3853045994e-12 3.0545222083e-15 
	                              			TM Fields: 0.0000000000e+00 0.0000000000e+00 

	wg1                           	Port: 2 
	                              	mode: l2:fixed:600 
	                              		dir: FWD
	                              			TE Fields: -1.0000000000e+00 -5.3645046283e-15 
	                              			TM Fields: 0.0000000000e+00 0.0000000000e+00 
	                              		dir: REV
	                              			TE Fields: 0.0000000000e+00 0.0000000000e+00 
	                              			TM Fields: 0.0000000000e+00 0.0000000000e+00 

	wg1:exp                       	Port: 1 
	                              	mode: l1:fixed:600 
	                              		dir: FWD
	                              			TE Fields: 1.0000000000e+00 0.0000000000e+00 
	                              			TM Fields: 0.0000000000e+00 0.0000000000e+00 
	                              		dir: REV
	                              			TE Fields: -1.3853045994e-12 3.0545222083e-15 
	                              			TM Fields: 0.0000000000e+00 0.0000000000e+00 

	wg1:exp                       	Port: 2 
	                              	mode: l2:fixed:600 
	                              		dir: FWD
	                              			TE Fields: -1.0000000000e+00 -5.3645046283e-15 
	                              			TM Fields: 0.0000000000e+00 0.0000000000e+00 
	                              		dir: REV
	                              			TE Fields: 0.0000000000e+00 0.0000000000e+00 
	                              			TM Fields: 0.0000000000e+00 0.0000000000e+00 

	mir1                          	Port: 1 
	                              	mode: l2:fixed:600 
	                              		dir: FWD
	                              			TE Fields: -1.0000000000e+00 -5.3645046283e-15 
	                              			TM Fields: 0.0000000000e+00 0.0000000000e+00 
	                              		dir: REV
	                              			TE Fields: 0.0000000000e+00 0.0000000000e+00 
	                              			TM Fields: 0.0000000000e+00 0.0000000000e+00 


***** 
		DC iterations =  2 (extra -1). Cond 0.122425
			Total num iter: 5
		Final pass (forced MPtotMP):
Before:

***** Element Operating point info:

MultiLayerFilterExp: wg1:exp 
	(Explicit Filtering -- T = 300.15 -- E to E)
	Channel: 0
		 Input: l1:fixed:600
			l1:fixed:600 			Carrier Lambda: 600 nm --- E vars
				Mode 0
					(fwd: 14,16):  Pow: 1.0000000000e+00 Phi: 0.0000000000e+00  Mag: 1.0000000000e+00 E_f =  1.0000000000e+00 + 0.0000000000e+00i
					(rev: 15,17):  Pow: 1.9191659668e-24 Phi: 3.1393877613e+00  Mag: 1.3853396576e-12 E_f =  -1.3853362901e-12 + 3.0545222083e-15i
								Total Power Fwd: 1 Rev: 1.91917e-24

			Extra
					(rev: 46,47):  Pow: 1.9191659668e-24 Phi: 3.1393877613e+00  Mag: 1.3853396576e-12 E_f =  -1.3853362901e-12 + 3.0545222083e-15i
								Total Power Fwd: 0 Rev: 1.91917e-24

		Interface (0): wg1:exp:c(0):I1(0) T= 300.15 NonLinear
			N1 = 1.1 N2 = 2.1 (2.1)T = 300.15
				Tf^2 = 0.902344 Rf^2 = 0.0976562  Tb^2 = 0.902344 Rb^2 = 0.0976562 Tf+Rf = 1 Tb+Rb = 1 
			Rf = -0.3125 	Tf = 0.949918 	Rb = 0.3125 	Tb = 0.949918 

		 Layer (1) Phi= -21.9911 (-3.14159)  Atten = 1 N = 2.1 V1 = 0 V2 = 0 T = 300.15
			Inter1: wg1:exp:inter1(0):fixed:600 (Es)
			wg1:exp:inter1(0):fixed:600 			Carrier Lambda: 600 nm --- E vars
				Mode 0
					(fwd: 26,28):  Pow: 1.1082251082e+00 Phi: 9.5453819008e-16  Mag: 1.0527227119e+00 E_f =  1.0527227119e+00 + 1.0048640321e-15i
					(rev: 27,29):  Pow: 1.0822510822e-01 Phi: 9.7744710665e-15  Mag: 3.2897584748e-01 E_f =  3.2897584748e-01 + 3.2155649028e-15i
								Total Power Fwd: 1.10823 Rev: 0.108225

			Inter2: wg1:exp:inter2(0):fixed:600 (Es)
			wg1:exp:inter2(0):fixed:600 			Carrier Lambda: 600 nm --- E vars
				Mode 0
					(fwd: 30,32):  Pow: 1.1082251082e+00 Phi: -3.1415926536e+00  Mag: 1.0527227119e+00 E_f =  -1.0527227119e+00 + -5.6473358605e-15i
					(rev: 31,33):  Pow: 1.0822510822e-01 Phi: -3.1415926536e+00  Mag: 3.2897584748e-01 E_f =  -3.2897584748e-01 + -1.7647924564e-15i
								Total Power Fwd: 1.10823 Rev: 0.108225

			Inter3: wg1:exp:inter3(0):fixed:600 (Es) dt = 7.00485e-15
			wg1:exp:inter3(0):fixed:600 			Carrier Lambda: 600 nm --- E vars
				Mode 0
					(fwd: 34,36):  Pow: 1.1082251082e+00 Phi: -3.1415926536e+00  Mag: 1.0527227119e+00 E_f =  -1.0527227119e+00 + -5.6473358605e-15i
					(rev: 35,37):  Pow: 1.0822510822e-01 Phi: -3.1415926536e+00  Mag: 3.2897584748e-01 E_f =  -3.2897584748e-01 + -1.7647924564e-15i
								Total Power Fwd: 1.10823 Rev: 0.108225

			ExtraNodes (Es)
			Delay queues (Es):
				Mode 0
					(fwd: 38,39):  Pow: 1.1082251082e+00 Phi: -3.1415926536e+00  Mag: 1.0527227119e+00 E_f =  -1.0527227119e+00 + -5.6473358605e-15i
					(rev: 40,41):  Pow: 1.0822510822e-01 Phi: 9.7744710665e-15  Mag: 3.2897584748e-01 E_f =  3.2897584748e-01 + 3.2155649028e-15i
								Total Power Fwd: 1.10823 Rev: 0.108225

			Extra Inter1
				Mode 0
					(fwd: 48,49):  Pow: 1.1082251082e+00 Phi: 9.5453819008e-16  Mag: 1.0527227119e+00 E_f =  1.0527227119e+00 + 1.0048640321e-15i
								Total Power Fwd: 1.10823 Rev: 0

		Interface (1): wg1:exp:c(0):I1(1) T = 300.15 NonLinear
			N1 = 2.1 (2.1) N2 = 1.1
				Tf^2 = 0.902344 Rf^2 = 0.0976562  Tb^2 = 0.902344 Rb^2 = 0.0976562 Tf+Rf = 1 Tb+Rb = 1 
			Rf = 0.3125 	Tf = 0.949918 	Rb = -0.3125 	Tb = 0.949918 

		 Output: l2:fixed:600
			l2:fixed:600 			Carrier Lambda: 600 nm --- E vars
				Mode 0
					(fwd: 42,44):  Pow: 9.9999999999e-01 Phi: -3.1415926536e+00  Mag: 1.0000000000e+00 E_f =  -1.0000000000e+00 + -5.3645046283e-15i
					(rev: 43,45):  Pow: 0.0000000000e+00 Phi: 0.0000000000e+00  Mag: 0.0000000000e+00 E_f =  0.0000000000e+00 + 0.0000000000e+00i
								Total Power Fwd: 1 Rev: 0

			Extra
				Mode 0
					(fwd: 56,57):  Pow: 9.9999999999e-01 Phi: -3.1415926536e+00  Mag: 1.0000000000e+00 E_f =  -1.0000000000e+00 + -5.3645046283e-15i
								Total Power Fwd: 1 Rev: 0

IndSource:                       v1 (V source)
			V: 1.0000000000e+00 I: 0.0000000000e+00 

IndSource:                       v2 (V source)
			V: 0.0000000000e+00 I: 0.0000000000e+00 

Cw_Source: cw1 
	 Channel : 0 -- n1: 18 n2: 20 -- Fixed Lambda
		 Freqshift: 0
			l1:fixed:600 			Carrier Lambda: 600 nm --- E vars
				Mode 0
					(fwd: 14,16):  Pow: 1.0000000000e+00 Phi: 0.0000000000e+00  Mag: 1.0000000000e+00 E_f =  1.0000000000e+00 + 0.0000000000e+00i
					(rev: 15,17):  Pow: 1.9191659668e-24 Phi: 3.1393877613e+00  Mag: 1.3853396576e-12 E_f =  -1.3853362901e-12 + 3.0545222083e-15i
								Total Power Fwd: 1 Rev: 1.91917e-24

Mirror: mir1
	Channel:0
			l2:fixed:600 			Carrier Lambda: 600 nm --- E vars
				Mode 0
					(fwd: 42,44):  Pow: 9.9999999999e-01 Phi: -3.1415926536e+00  Mag: 1.0000000000e+00 E_f =  -1.0000000000e+00 + -5.3645046283e-15i
					(rev: 43,45):  Pow: 0.0000000000e+00 Phi: 0.0000000000e+00  Mag: 0.0000000000e+00 E_f =  0.0000000000e+00 + 0.0000000000e+00i
								Total Power Fwd: 1 Rev: 0



***** Node Operating Point Values 
	wg1                           	Port: 1 
	                              	mode: l1:fixed:600 
	                              		dir: FWD
	                              			TE Fields: 1.0000000000e+00 0.0000000000e+00 

	wg1                           	Port: 2 
	                              	mode: l2:fixed:600 
	                              		dir: FWD
	                              			TE Fields: 1.0000000000e+00 -3.1415926536e+00 

	v1                            	Port:     1	V = 1.0000000000e+00
	v1                            	Port:     1	I = 0.0000000000e+00
	v1                            	Port:     2	I = -0.0000000000e+00
	v2                            	Port:     1	V = 0.0000000000e+00
	v2                            	Port:     1	I = 0.0000000000e+00
	v2                            	Port:     2	I = -0.0000000000e+00
	cw1                           	Port:     1	V = 1.0000000000e+00
	cw1                           	Port:     1	I = -0.0000000000e+00
	cw1                           	Port:     2	V = 0.0000000000e+00
	cw1                           	Port:     2	I = -0.0000000000e+00
	cw1                           	Port: 3 
	                              	mode: l1:fixed:600 
	                              		dir: FWD
	                              			TE Fields: 1.0000000000e+00 0.0000000000e+00 
	                              			TM Fields: 0.0000000000e+00 0.0000000000e+00 
	                              		dir: REV
	                              			TE Fields: -1.3853362901e-12 3.0545222083e-15 
	                              			TM Fields: 0.0000000000e+00 0.0000000000e+00 

	wg1                           	Port: 1 
	                              	mode: l1:fixed:600 
	                              		dir: FWD
	                              			TE Fields: 1.0000000000e+00 0.0000000000e+00 
	                              			TM Fields: 0.0000000000e+00 0.0000000000e+00 
	                              		dir: REV
	                              			TE Fields: -1.3853362901e-12 3.0545222083e-15 
	                              			TM Fields: 0.0000000000e+00 0.0000000000e+00 

	wg1                           	Port: 2 
	                              	mode: l2:fixed:600 
	                              		dir: FWD
	                              			TE Fields: -1.0000000000e+00 -5.3645046283e-15 
	                              			TM Fields: 0.0000000000e+00 0.0000000000e+00 
	                              		dir: REV
	                              			TE Fields: 0.0000000000e+00 0.0000000000e+00 
	                              			TM Fields: 0.0000000000e+00 0.0000000000e+00 

	wg1:exp                       	Port: 1 
	                              	mode: l1:fixed:600 
	                              		dir: FWD
	                              			TE Fields: 1.0000000000e+00 0.0000000000e+00 
	                              			TM Fields: 0.0000000000e+00 0.0000000000e+00 
	                              		dir: REV
	                              			TE Fields: -1.3853362901e-12 3.0545222083e-15 
	                              			TM Fields: 0.0000000000e+00 0.0000000000e+00 

	wg1:exp                       	Port: 2 
	                              	mode: l2:fixed:600 
	                              		dir: FWD
	                              			TE Fields: -1.0000000000e+00 -5.3645046283e-15 
	                              			TM Fields: 0.0000000000e+00 0.0000000000e+00 
	                              		dir: REV
	                              			TE Fields: 0.0000000000e+00 0.0000000000e+00 
	                              			TM Fields: 0.0000000000e+00 0.0000000000e+00 

	mir1                          	Port: 1 
	                              	mode: l2:fixed:600 
	                              		dir: FWD
	                              			TE Fields: -1.0000000000e+00 -5.3645046283e-15 
	                              			TM Fields: 0.0000000000e+00 0.0000000000e+00 
	                              		dir: REV
	                              			TE Fields: 0.0000000000e+00 0.0000000000e+00 
	                              			TM Fields: 0.0000000000e+00 0.0000000000e+00 


***** 
After:

***** Element Operating point info:

MultiLayerFilterExp: wg1:exp 
	(Explicit Filtering -- T = 300.15 -- E to E)
	Channel: 0
		 Input: l1:fixed:600
			l1:fixed:600  Carrier Lambda: 600 nm  -- MP vars
				Mode 0
					(fwd: 14,16):  Pow: 1.0000000000e+00 Phi: 0.0000000000e+00  Mag: 1.0000000000e+00 E_f =  1.0000000000e+00 + 0.0000000000e+00i
					(rev: 15,17):  Pow: 1.9191659668e-24 Phi: 3.1393877613e+00  Mag: 1.3853396576e-12 E_f =  -1.3853362901e-12 + 3.0545222083e-15i
								Total Power Fwd: 1 Rev: 1.91917e-24

			Extra
					(rev: 46,47):  Pow: 1.9191659668e-24 Phi: 3.1393877613e+00  Mag: 1.3853396576e-12 E_f =  -1.3853362901e-12 + 3.0545222083e-15i
								Total Power Fwd: 0 Rev: 1.91917e-24

		Interface (0): wg1:exp:c(0):I1(0) T= 300.15 NonLinear
			N1 = 1.1 N2 = 2.1 (2.1)T = 300.15
				Tf^2 = 0.902344 Rf^2 = 0.0976562  Tb^2 = 0.902344 Rb^2 = 0.0976562 Tf+Rf = 1 Tb+Rb = 1 
			Rf = -0.3125 	Tf = 0.949918 	Rb = 0.3125 	Tb = 0.949918 

		 Layer (1) Phi= -21.9911 (-3.14159)  Atten = 1 N = 2.1 V1 = 0 V2 = 0 T = 300.15
			Inter1: wg1:exp:inter1(0):fixed:600 (MP)
			wg1:exp:inter1(0):fixed:600  Carrier Lambda: 600 nm  -- MP vars
				Mode 0
					(fwd: 26,28):  Pow: 1.1082251082e+00 Phi: 9.5453819008e-16  Mag: 1.0527227119e+00 E_f =  1.0527227119e+00 + 1.0048640321e-15i
					(rev: 27,29):  Pow: 1.0822510822e-01 Phi: -2.5132741229e+01  Mag: 3.2897584748e-01 E_f =  3.2897584748e-01 + 2.6598173616e-15i
								Total Power Fwd: 1.10823 Rev: 0.108225

			Inter2: wg1:exp:inter2(0):fixed:600 (MP)
			wg1:exp:inter2(0):fixed:600  Carrier Lambda: 600 nm  -- MP vars
				Mode 0
					(fwd: 30,32):  Pow: 1.1082251082e+00 Phi: -2.1991148575e+01  Mag: 1.0527227119e+00 E_f =  -1.0527227119e+00 + -4.6424718284e-15i
					(rev: 31,33):  Pow: 1.0822510822e-01 Phi: -3.1415926536e+00  Mag: 3.2897584748e-01 E_f =  -3.2897584748e-01 + -1.7934234119e-15i
								Total Power Fwd: 1.10823 Rev: 0.108225

			Inter3: wg1:exp:inter3(0):fixed:600 (MP) dt = 7.00485e-15
			wg1:exp:inter3(0):fixed:600  Carrier Lambda: 600 nm  -- MP vars
				Mode 0
					(fwd: 34,36):  Pow: 1.1082251082e+00 Phi: -2.1991148575e+01  Mag: 1.0527227119e+00 E_f =  -1.0527227119e+00 + -4.6424718284e-15i
					(rev: 35,37):  Pow: 1.0822510822e-01 Phi: -3.1415926536e+00  Mag: 3.2897584748e-01 E_f =  -3.2897584748e-01 + -1.7934234119e-15i
								Total Power Fwd: 1.10823 Rev: 0.108225

			ExtraNodes (MP)
			Delay queues (MP):
				Mode 0
					(fwd: 38,39):  Pow: 1.1082251082e+00 Phi: -2.1991148575e+01  Mag: 1.0527227119e+00 E_f =  -1.0527227119e+00 + -4.6424718284e-15i
					(rev: 40,41):  Pow: 1.0822510822e-01 Phi: -2.5132741229e+01  Mag: 3.2897584748e-01 E_f =  3.2897584748e-01 + 2.6598173616e-15i
								Total Power Fwd: 1.10823 Rev: 0.108225

			Extra Inter1
				Mode 0
					(fwd: 48,49):  Pow: 1.1082251082e+00 Phi: 9.5453819008e-16  Mag: 1.0527227119e+00 E_f =  1.0527227119e+00 + 1.0048640321e-15i
								Total Power Fwd: 1.10823 Rev: 0

		Interface (1): wg1:exp:c(0):I1(1) T = 300.15 NonLinear
			N1 = 2.1 (2.1) N2 = 1.1
				Tf^2 = 0.902344 Rf^2 = 0.0976562  Tb^2 = 0.902344 Rb^2 = 0.0976562 Tf+Rf = 1 Tb+Rb = 1 
			Rf = 0.3125 	Tf = 0.949918 	Rb = -0.3125 	Tb = 0.949918 

		 Output: l2:fixed:600
			l2:fixed:600  Carrier Lambda: 600 nm  -- MP vars
				Mode 0
					(fwd: 42,44):  Pow: 9.9999999999e-01 Phi: -3.1415926536e+00  Mag: 1.0000000000e+00 E_f =  -1.0000000000e+00 + -5.4515351981e-15i
					(rev: 43,45):  Pow: 0.0000000000e+00 Phi: 0.0000000000e+00  Mag: 0.0000000000e+00 E_f =  0.0000000000e+00 + 0.0000000000e+00i
								Total Power Fwd: 1 Rev: 0

			Extra
				Mode 0
					(fwd: 56,57):  Pow: 9.9999999999e-01 Phi: -3.1415926536e+00  Mag: 1.0000000000e+00 E_f =  -1.0000000000e+00 + -5.4515351981e-15i
								Total Power Fwd: 1 Rev: 0

IndSource:                       v1 (V source)
			V: 1.0000000000e+00 I: 0.0000000000e+00 

IndSource:                       v2 (V source)
			V: 0.0000000000e+00 I: 0.0000000000e+00 

Cw_Source: cw1 
	 Channel : 0 -- n1: 18 n2: 20 -- Fixed Lambda
		 Freqshift: 0
			l1:fixed:600  Carrier Lambda: 600 nm  -- MP vars
				Mode 0
					(fwd: 14,16):  Pow: 1.0000000000e+00 Phi: 0.0000000000e+00  Mag: 1.0000000000e+00 E_f =  1.0000000000e+00 + 0.0000000000e+00i
					(rev: 15,17):  Pow: 1.9191659668e-24 Phi: 3.1393877613e+00  Mag: 1.3853396576e-12 E_f =  -1.3853362901e-12 + 3.0545222083e-15i
								Total Power Fwd: 1 Rev: 1.91917e-24

Mirror: mir1
	Channel:0
			l2:fixed:600  Carrier Lambda: 600 nm  -- MP vars
				Mode 0
					(fwd: 42,44):  Pow: 9.9999999999e-01 Phi: -3.1415926536e+00  Mag: 1.0000000000e+00 E_f =  -1.0000000000e+00 + -5.4515351981e-15i
					(rev: 43,45):  Pow: 0.0000000000e+00 Phi: 0.0000000000e+00  Mag: 0.0000000000e+00 E_f =  0.0000000000e+00 + 0.0000000000e+00i
								Total Power Fwd: 1 Rev: 0



***** Node Operating Point Values 
	wg1                           	Port: 1 
	                              	mode: l1:fixed:600 
	                              		dir: FWD
	                              			TE Fields: 1.0000000000e+00 0.0000000000e+00 

	wg1                           	Port: 2 
	                              	mode: l2:fixed:600 
	                              		dir: FWD
	                              			TE Fields: 1.0000000000e+00 -3.1415926536e+00 

	v1                            	Port:     1	V = 1.0000000000e+00
	v1                            	Port:     1	I = 0.0000000000e+00
	v1                            	Port:     2	I = -0.0000000000e+00
	v2                            	Port:     1	V = 0.0000000000e+00
	v2                            	Port:     1	I = 0.0000000000e+00
	v2                            	Port:     2	I = -0.0000000000e+00
	cw1                           	Port:     1	V = 1.0000000000e+00
	cw1                           	Port:     1	I = -0.0000000000e+00
	cw1                           	Port:     2	V = 0.0000000000e+00
	cw1                           	Port:     2	I = -0.0000000000e+00
	cw1                           	Port: 3 
	                              	mode: l1:fixed:600 
	                              		dir: FWD
	                              			TE Fields: 1.0000000000e+00 0.0000000000e+00 
	                              			TM Fields: 0.0000000000e+00 0.0000000000e+00 
	                              		dir: REV
	                              			TE Fields: -1.3853362901e-12 3.0545222083e-15 
	                              			TM Fields: 0.0000000000e+00 0.0000000000e+00 

	wg1                           	Port: 1 
	                              	mode: l1:fixed:600 
	                              		dir: FWD
	                              			TE Fields: 1.0000000000e+00 0.0000000000e+00 
	                              			TM Fields: 0.0000000000e+00 0.0000000000e+00 
	                              		dir: REV
	                              			TE Fields: -1.3853362901e-12 3.0545222083e-15 
	                              			TM Fields: 0.0000000000e+00 0.0000000000e+00 

	wg1                           	Port: 2 
	                              	mode: l2:fixed:600 
	                              		dir: FWD
	                              			TE Fields: -1.0000000000e+00 -5.4515351981e-15 
	                              			TM Fields: 0.0000000000e+00 0.0000000000e+00 
	                              		dir: REV
	                              			TE Fields: 0.0000000000e+00 0.0000000000e+00 
	                              			TM Fields: 0.0000000000e+00 0.0000000000e+00 

	wg1:exp                       	Port: 1 
	                              	mode: l1:fixed:600 
	                              		dir: FWD
	                              			TE Fields: 1.0000000000e+00 0.0000000000e+00 
	                              			TM Fields: 0.0000000000e+00 0.0000000000e+00 
	                              		dir: REV
	                              			TE Fields: -1.3853362901e-12 3.0545222083e-15 
	                              			TM Fields: 0.0000000000e+00 0.0000000000e+00 

	wg1:exp                       	Port: 2 
	                              	mode: l2:fixed:600 
	                              		dir: FWD
	                              			TE Fields: -1.0000000000e+00 -5.4515351981e-15 
	                              			TM Fields: 0.0000000000e+00 0.0000000000e+00 
	                              		dir: REV
	                              			TE Fields: 0.0000000000e+00 0.0000000000e+00 
	                              			TM Fields: 0.0000000000e+00 0.0000000000e+00 

	mir1                          	Port: 1 
	                              	mode: l2:fixed:600 
	                              		dir: FWD
	                              			TE Fields: -1.0000000000e+00 -5.4515351981e-15 
	                              			TM Fields: 0.0000000000e+00 0.0000000000e+00 
	                              		dir: REV
	                              			TE Fields: 0.0000000000e+00 0.0000000000e+00 
	                              			TM Fields: 0.0000000000e+00 0.0000000000e+00 


***** 


Convergence failed at node: 17 15 (3.1393877613335754e+00 : -1.4642719639623333e+01 : 3.1393877613335755e-06 : 1.0000000000000000e-03 : 1.3853396575734311e-12 )



Convergence failed at node: 17 15 (-1.1503331878289758e+01 : 1.3152600090871823e+01 : 1.1503331878289758e-05 : 1.0000000000000000e-03 : 1.4223633216174956e-12 )

		DC iterations =  5 (extra 1). Cond 1.06665e-11
			Total num iter: 10
X: 6.000000000000000e+02 1.000000000000000e+00 1.000000000000000e+00 0.000000000000000e+00 -0.000000000000000e+00 -0.000000000000000e+00 0.000000000000000e+00 0.000000000000000e+00 0.000000000000000e+00 0.000000000000000e+00 -0.000000000000000e+00 -0.000000000000000e+00 0.000000000000000e+00 1.000000000000000e+00 1.746916330334807e-11 0.000000000000000e+00 1.650181492671313e+00 1.000000000000000e+00 -0.000000000000000e+00 -0.000000000000000e+00 -0.000000000000000e+00 1.000000000000000e+00 0.000000000000000e+00 0.000000000000000e+00 0.000000000000000e+00 1.052722711934122e+00 3.289758474784261e-01 5.441920884965098e-12 -2.513274122866262e+01 1.052722711933069e+00 3.289758474787551e-01 -2.199114857510111e+01 -3.141592653559209e+00 1.052722711933069e+00 3.289758474787551e-01 -2.199114857510111e+01 -3.141592653559209e+00 1.052722711933069e+00 -2.199114857510111e+01 3.289758474784261e-01 -2.513274122866262e+01 9.999999999965671e-01 0.000000000000000e+00 -3.141592653559209e+00 0.000000000000000e+00 1.746916330334807e-11 1.650181492671313e+00 1.052722711934122e+00 5.441920884965098e-12 0.000000000000000e+00 0.000000000000000e+00 0.000000000000000e+00 0.000000000000000e+00 3.289758474787551e-01 -3.141592653559209e+00 9.999999999965671e-01 -3.141592653559209e+00 0.000000000000000e+00 0.000000000000000e+00 0.000000000000000e+00 0.000000000000000e+00 0.000000000000000e+00 0.000000000000000e+00 0.000000000000000e+00 0.000000000000000e+00 

Operating point
600 1 1 0 -0 -0 0 0 0 0 -0 -0 0 1 1.74692e-11 0 1.65018 1 -0 -0 -0 1 0 0 0 1.05272 0.328976 5.44192e-12 -25.1327 1.05272 0.328976 -21.9911 -3.14159 1.05272 0.328976 -21.9911 -3.14159 1.05272 -21.9911 0.328976 -25.1327 1 0 -3.14159 0 1.74692e-11 1.65018 1.05272 5.44192e-12 0 0 0 0 0.328976 -3.14159 1 -3.14159 0 0 0 0 0 0 0 0 

Transient

***** Element Operating point info:

MultiLayerFilterExp: wg1:exp 
	(Explicit Filtering -- T = 300.15 -- E to E)
	Channel: 0
		 Input: l1:fixed:600
			l1:fixed:600  Carrier Lambda: 600 nm  -- MP vars
				Mode 0
					(fwd: 14,16):  Pow: 1.0000000000e+00 Phi: 0.0000000000e+00  Mag: 1.0000000000e+00 E_f =  1.0000000000e+00 + 0.0000000000e+00i
					(rev: 15,17):  Pow: 3.0517166652e-22 Phi: 1.6501814927e+00  Mag: 1.7469163303e-11 E_f =  -1.3853362901e-12 + 1.7414146832e-11i
								Total Power Fwd: 1 Rev: 3.05172e-22

			Extra
					(rev: 46,47):  Pow: 3.0517166652e-22 Phi: 1.6501814927e+00  Mag: 1.7469163303e-11 E_f =  -1.3853362901e-12 + 1.7414146832e-11i
								Total Power Fwd: 0 Rev: 3.05172e-22

		Interface (0): wg1:exp:c(0):I1(0) T= 300.15 NonLinear
			N1 = 1.1 N2 = 2.1 (2.1)T = 300.15
				Tf^2 = 0.902344 Rf^2 = 0.0976562  Tb^2 = 0.902344 Rb^2 = 0.0976562 Tf+Rf = 1 Tb+Rb = 1 
			Rf = -0.3125 	Tf = 0.949918 	Rb = 0.3125 	Tb = 0.949918 

		 Layer (1) Phi= -21.9911 (-3.14159)  Atten = 1 N = 2.1 V1 = 0 V2 = 0 T = 300.15
			Inter1: wg1:exp:inter1(0):fixed:600 (MP)
			wg1:exp:inter1(0):fixed:600  Carrier Lambda: 600 nm  -- MP vars
				Mode 0
					(fwd: 26,28):  Pow: 1.1082251082e+00 Phi: 5.4419208850e-12  Mag: 1.0527227119e+00 E_f =  1.0527227119e+00 + 5.7288337122e-12i
					(rev: 27,29):  Pow: 1.0822510822e-01 Phi: -2.5132741229e+01  Mag: 3.2897584748e-01 E_f =  3.2897584748e-01 + 1.8332275744e-11i
								Total Power Fwd: 1.10823 Rev: 0.108225

			Inter2: wg1:exp:inter2(0):fixed:600 (MP)
			wg1:exp:inter2(0):fixed:600  Carrier Lambda: 600 nm  -- MP vars
				Mode 0
					(fwd: 30,32):  Pow: 1.1082251082e+00 Phi: -2.1991148575e+01  Mag: 1.0527227119e+00 E_f =  -1.0527227119e+00 + -2.8888835302e-11i
					(rev: 31,33):  Pow: 1.0822510822e-01 Phi: -3.1415926536e+00  Mag: 3.2897584748e-01 E_f =  -3.2897584748e-01 + -1.0061430960e-11i
								Total Power Fwd: 1.10823 Rev: 0.108225

			Inter3: wg1:exp:inter3(0):fixed:600 (MP) dt = 7.00485e-15
			wg1:exp:inter3(0):fixed:600  Carrier Lambda: 600 nm  -- MP vars
				Mode 0
					(fwd: 34,36):  Pow: 1.1082251082e+00 Phi: -2.1991148575e+01  Mag: 1.0527227119e+00 E_f =  -1.0527227119e+00 + -2.8888835302e-11i
					(rev: 35,37):  Pow: 1.0822510822e-01 Phi: -3.1415926536e+00  Mag: 3.2897584748e-01 E_f =  -3.2897584748e-01 + -1.0061430960e-11i
								Total Power Fwd: 1.10823 Rev: 0.108225

			ExtraNodes (MP)
			Delay queues (MP):
				Mode 0
					(fwd: 38,39):  Pow: 1.1082251082e+00 Phi: -2.1991148575e+01  Mag: 1.0527227119e+00 E_f =  -1.0527227119e+00 + -2.8888835302e-11i
					(rev: 40,41):  Pow: 1.0822510822e-01 Phi: -2.5132741229e+01  Mag: 3.2897584748e-01 E_f =  3.2897584748e-01 + 1.8332275744e-11i
								Total Power Fwd: 1.10823 Rev: 0.108225

			Extra Inter1
				Mode 0
					(fwd: 48,49):  Pow: 1.1082251082e+00 Phi: 5.4419208850e-12  Mag: 1.0527227119e+00 E_f =  1.0527227119e+00 + 5.7288337122e-12i
								Total Power Fwd: 1.10823 Rev: 0

		Interface (1): wg1:exp:c(0):I1(1) T = 300.15 NonLinear
			N1 = 2.1 (2.1) N2 = 1.1
				Tf^2 = 0.902344 Rf^2 = 0.0976562  Tb^2 = 0.902344 Rb^2 = 0.0976562 Tf+Rf = 1 Tb+Rb = 1 
			Rf = 0.3125 	Tf = 0.949918 	Rb = -0.3125 	Tb = 0.949918 

		 Output: l2:fixed:600
			l2:fixed:600  Carrier Lambda: 600 nm  -- MP vars
				Mode 0
					(fwd: 42,44):  Pow: 9.9999999999e-01 Phi: -3.1415926536e+00  Mag: 1.0000000000e+00 E_f =  -1.0000000000e+00 + -3.0584102258e-11i
					(rev: 43,45):  Pow: 0.0000000000e+00 Phi: 0.0000000000e+00  Mag: 0.0000000000e+00 E_f =  0.0000000000e+00 + 0.0000000000e+00i
								Total Power Fwd: 1 Rev: 0

			Extra
				Mode 0
					(fwd: 56,57):  Pow: 9.9999999999e-01 Phi: -3.1415926536e+00  Mag: 1.0000000000e+00 E_f =  -1.0000000000e+00 + -3.0584102258e-11i
								Total Power Fwd: 1 Rev: 0

IndSource:                       v1 (V source)
			V: 1.0000000000e+00 I: 0.0000000000e+00 

IndSource:                       v2 (V source)
			V: 0.0000000000e+00 I: 0.0000000000e+00 

Cw_Source: cw1 
	 Channel : 0 -- n1: 18 n2: 20 -- Fixed Lambda
		 Freqshift: 0
			l1:fixed:600  Carrier Lambda: 600 nm  -- MP vars
				Mode 0
					(fwd: 14,16):  Pow: 1.0000000000e+00 Phi: 0.0000000000e+00  Mag: 1.0000000000e+00 E_f =  1.0000000000e+00 + 0.0000000000e+00i
					(rev: 15,17):  Pow: 3.0517166652e-22 Phi: 1.6501814927e+00  Mag: 1.7469163303e-11 E_f =  -1.3853362901e-12 + 1.7414146832e-11i
								Total Power Fwd: 1 Rev: 3.05172e-22

Mirror: mir1
	Channel:0
			l2:fixed:600  Carrier Lambda: 600 nm  -- MP vars
				Mode 0
					(fwd: 42,44):  Pow: 9.9999999999e-01 Phi: -3.1415926536e+00  Mag: 1.0000000000e+00 E_f =  -1.0000000000e+00 + -3.0584102258e-11i
					(rev: 43,45):  Pow: 0.0000000000e+00 Phi: 0.0000000000e+00  Mag: 0.0000000000e+00 E_f =  0.0000000000e+00 + 0.0000000000e+00i
								Total Power Fwd: 1 Rev: 0



***** Node Operating Point Values 
	wg1                           	Port: 1 
	                              	mode: l1:fixed:600 
	                              		dir: FWD
	                              			TE Fields: 1.0000000000e+00 0.0000000000e+00 

	wg1                           	Port: 2 
	                              	mode: l2:fixed:600 
	                              		dir: FWD
	                              			TE Fields: 1.0000000000e+00 -3.1415926536e+00 

	v1                            	Port:     1	V = 1.0000000000e+00
	v1                            	Port:     1	I = 0.0000000000e+00
	v1                            	Port:     2	I = -0.0000000000e+00
	v2                            	Port:     1	V = 0.0000000000e+00
	v2                            	Port:     1	I = 0.0000000000e+00
	v2                            	Port:     2	I = -0.0000000000e+00
	cw1                           	Port:     1	V = 1.0000000000e+00
	cw1                           	Port:     1	I = -0.0000000000e+00
	cw1                           	Port:     2	V = 0.0000000000e+00
	cw1                           	Port:     2	I = -0.0000000000e+00
	cw1                           	Port: 3 
	                              	mode: l1:fixed:600 
	                              		dir: FWD
	                              			TE Fields: 1.0000000000e+00 0.0000000000e+00 
	                              			TM Fields: 0.0000000000e+00 0.0000000000e+00 
	                              		dir: REV
	                              			TE Fields: -1.3853362901e-12 1.7414146832e-11 
	                              			TM Fields: 0.0000000000e+00 0.0000000000e+00 

	wg1                           	Port: 1 
	                              	mode: l1:fixed:600 
	                              		dir: FWD
	                              			TE Fields: 1.0000000000e+00 0.0000000000e+00 
	                              			TM Fields: 0.0000000000e+00 0.0000000000e+00 
	                              		dir: REV
	                              			TE Fields: -1.3853362901e-12 1.7414146832e-11 
	                              			TM Fields: 0.0000000000e+00 0.0000000000e+00 

	wg1                           	Port: 2 
	                              	mode: l2:fixed:600 
	                              		dir: FWD
	                              			TE Fields: -1.0000000000e+00 -3.0584102258e-11 
	                              			TM Fields: 0.0000000000e+00 0.0000000000e+00 
	                              		dir: REV
	                              			TE Fields: 0.0000000000e+00 0.0000000000e+00 
	                              			TM Fields: 0.0000000000e+00 0.0000000000e+00 

	wg1:exp                       	Port: 1 
	                              	mode: l1:fixed:600 
	                              		dir: FWD
	                              			TE Fields: 1.0000000000e+00 0.0000000000e+00 
	                              			TM Fields: 0.0000000000e+00 0.0000000000e+00 
	                              		dir: REV
	                              			TE Fields: -1.3853362901e-12 1.7414146832e-11 
	                              			TM Fields: 0.0000000000e+00 0.0000000000e+00 

	wg1:exp                       	Port: 2 
	                              	mode: l2:fixed:600 
	                              		dir: FWD
	                              			TE Fields: -1.0000000000e+00 -3.0584102258e-11 
	                              			TM Fields: 0.0000000000e+00 0.0000000000e+00 
	                              		dir: REV
	                              			TE Fields: 0.0000000000e+00 0.0000000000e+00 
	                              			TM Fields: 0.0000000000e+00 0.0000000000e+00 

	mir1                          	Port: 1 
	                              	mode: l2:fixed:600 
	                              		dir: FWD
	                              			TE Fields: -1.0000000000e+00 -3.0584102258e-11 
	                              			TM Fields: 0.0000000000e+00 0.0000000000e+00 
	                              		dir: REV
	                              			TE Fields: 0.0000000000e+00 0.0000000000e+00 
	                              			TM Fields: 0.0000000000e+00 0.0000000000e+00 


***** 
Transient ... 

t: 1e-13 t(sc) 1e-05 iter: 1 repeat_nr_iter: 0 h: 1e-05 Status: MP BACKE PhiWrapSimple

new h (LTE): 0.00354244 : d3 48 1.27502e-08 : h 46 0.00354244 

	D3: x: 5.44192e-12 x1: 5.44192e-12 x2: 5.44192e-12 x3: 5.44192e-12
new h (Growth limit): 2e-05 

t = 1e-13 (0%)
t: 3e-13 t(sc) 3e-05 iter: 1 repeat_nr_iter: 0 h: 2e-05 Status: MP BACKE PhiWrapLinear

new h (LTE): 0.0042412 : d3 46 129.213 : h 46 0.0042412 

	D3: x: 1.65018 x1: 1.65018 x2: 1.65018 x3: 1.65018
new h (Growth limit): 4e-05 

t: 7e-13 t(sc) 7e-05 iter: 1 repeat_nr_iter: 0 h: 4e-05 Status: MP BACKE PhiWrapLinear

new h (LTE): 0.0277798 : d3 48 2.07331e-10 : h 46 0.0277798 

	D3: x: 5.44192e-12 x1: 5.44192e-12 x2: 5.44192e-12 x3: 5.44192e-12
new h (Growth limit): 8e-05 

t: 1.5e-12 t(sc) 0.00015 iter: 1 repeat_nr_iter: 0 h: 8e-05 Status: MP BACKE PhiWrapLinear

new h (LTE): 0.175184 : d3 46 0.0757349 : h 46 0.175184 

	D3: x: 1.65018 x1: 1.65018 x2: 1.65018 x3: 1.65018
new h (Growth limit): 0.00016 

t: 3.1e-12 t(sc) 0.00031 iter: 1 repeat_nr_iter: 0 h: 0.00016 Status: MP BACKE PhiWrapLinear

new h (LTE): 1.08452 : d3 48 1.36033e-13 : h 46 1.08452 

	D3: x: 5.44192e-12 x1: 5.44192e-12 x2: 5.44192e-12 x3: 5.44192e-12
new h (Growth limit): 0.00032 
Switching integration method and stepping back one step at 1.5e-12 to Trap
t: 3.1e-12 t(sc) 0.00031 iter: 1 repeat_nr_iter: 0 h: 0.00016 Status: MP TRAP PhiWrapLinear

new h (LTE): 0.00794704 : d3 48 1.91302e-08 : h 46 0.00794704 

	D3: x: 5.44192e-12 x1: 5.44192e-12 x2: 5.44192e-12 x3: 5.44192e-12
new h (Growth limit): 0.00032 

t: 6.3e-12 t(sc) 0.00063 iter: 1 repeat_nr_iter: 0 h: 0.00032 Status: MP TRAP PhiWrapLinear

new h (LTE): 0.0326888 : d3 46 3.99283 : h 46 0.0326888 

	D3: x: 1.65018 x1: 1.65018 x2: 1.65018 x3: 1.65018
new h (Growth limit): 0.00064 

t: 1.27e-11 t(sc) 0.00127 iter: 1 repeat_nr_iter: 0 h: 0.00064 Status: MP TRAP PhiWrapLinear

new h (LTE): 0.0907647 : d3 48 1.28396e-11 : h 46 0.0907647 

	D3: x: 5.44192e-12 x1: 5.44192e-12 x2: 5.44192e-12 x3: 5.44192e-12
new h (Growth limit): 0.00128 

t: 2.55e-11 t(sc) 0.00255 iter: 1 repeat_nr_iter: 0 h: 0.00128 Status: MP TRAP PhiWrapLinear

new h (LTE): 0.170102 : d3 46 0.0283353 : h 46 0.170102 

	D3: x: 1.65018 x1: 1.65018 x2: 1.65018 x3: 1.65018
new h (Growth limit): 0.00256 

t: 5.11e-11 t(sc) 0.00511 iter: 1 repeat_nr_iter: 0 h: 0.00256 Status: MP TRAP PhiWrapLinear

new h (LTE): 0.318741 : d3 48 2.96467e-13 : h 46 0.318741 

	D3: x: 5.44192e-12 x1: 5.44192e-12 x2: 5.44192e-12 x3: 5.44192e-12
new h (Growth limit): 0.00512 

t: 1.023e-10 t(sc) 0.01023 iter: 1 repeat_nr_iter: 0 h: 0.00512 Status: MP TRAP PhiWrapLinear

new h (LTE): 0.597217 : d3 46 0.000654705 : h 46 0.597217 

	D3: x: 1.65018 x1: 1.65018 x2: 1.65018 x3: 1.65018
new h (Growth limit): 0.01024 

t: 2.047e-10 t(sc) 0.02047 iter: 1 repeat_nr_iter: 0 h: 0.01024 Status: MP TRAP PhiWrapLinear

new h (LTE): 1.11895 : d3 48 6.85235e-15 : h 46 1.11895 

	D3: x: 5.44192e-12 x1: 5.44192e-12 x2: 5.44192e-12 x3: 5.44192e-12
new h (Growth limit): 0.02048 
new h (Max): 0.02 

t: 4.047e-10 t(sc) 0.04047 iter: 1 repeat_nr_iter: 0 h: 0.02 Status: MP TRAP PhiWrapLinear

new h (LTE): 1.91292 : d3 46 1.54302e-05 : h 3 1.91292 

	D3: x: 1.65018 x1: 1.65018 x2: 1.65018 x3: 1.65018
new h (Growth limit): 0.04 
new h (Max): 0.02 

t: 6.047e-10 t(sc) 0.06047 iter: 1 repeat_nr_iter: 0 h: 0.02 Status: MP TRAP PhiWrapLinear

new h (LTE): 1.91292 : d3 48 2.91923e-16 : h 3 1.91292 

	D3: x: 5.44192e-12 x1: 5.44192e-12 x2: 5.44192e-12 x3: 5.44192e-12
new h (Growth limit): 0.04 
new h (Max): 0.02 

t = 6.047e-10 (5%)
t: 8.047e-10 t(sc) 0.08047 iter: 1 repeat_nr_iter: 0 h: 0.02 Status: MP TRAP PhiWrapLinear

new h (LTE): 1.91292 : d3 46 3.08026e-06 : h 3 1.91292 

	D3: x: 1.65018 x1: 1.65018 x2: 1.65018 x3: 1.65018
new h (Growth limit): 0.04 
new h (Max): 0.02 

t: 1.0047e-09 t(sc) 0.10047 iter: 1 repeat_nr_iter: 0 h: 0.02 Status: MP TRAP PhiWrapLinear

new h (LTE): 1.91292 : d3 48 2.57939e-16 : h 3 1.91292 

	D3: x: 5.44192e-12 x1: 5.44192e-12 x2: 5.44192e-12 x3: 5.44192e-12
new h (Growth limit): 0.04 
new h (Max): 0.02 

t = 1.0047e-09 (10%)
t: 1.2047e-09 t(sc) 0.12047 iter: 1 repeat_nr_iter: 0 h: 0.02 Status: MP TRAP PhiWrapLinear

new h (LTE): 1.91292 : d3 46 4.55789e-06 : h 3 1.91292 

	D3: x: 1.65018 x1: 1.65018 x2: 1.65018 x3: 1.65018
new h (Growth limit): 0.04 
new h (Max): 0.02 

t: 1.4047e-09 t(sc) 0.14047 iter: 1 repeat_nr_iter: 0 h: 0.02 Status: MP TRAP PhiWrapLinear

new h (LTE): 1.91292 : d3 48 3.81674e-16 : h 3 1.91292 

	D3: x: 5.44192e-12 x1: 5.44192e-12 x2: 5.44192e-12 x3: 5.44192e-12
new h (Growth limit): 0.04 
new h (Max): 0.02 

t: 1.6047e-09 t(sc) 0.16047 iter: 1 repeat_nr_iter: 0 h: 0.02 Status: MP TRAP PhiWrapLinear

new h (LTE): 1.91292 : d3 46 6.74436e-06 : h 3 1.91292 

	D3: x: 1.65018 x1: 1.65018 x2: 1.65018 x3: 1.65018
new h (Growth limit): 0.04 
new h (Max): 0.02 

t = 1.6047e-09 (15%)
t: 1.8047e-09 t(sc) 0.18047 iter: 1 repeat_nr_iter: 0 h: 0.02 Status: MP TRAP PhiWrapLinear

new h (LTE): 1.91292 : d3 48 5.64767e-16 : h 3 1.91292 

	D3: x: 5.44192e-12 x1: 5.44192e-12 x2: 5.44192e-12 x3: 5.44192e-12
new h (Growth limit): 0.04 
new h (Max): 0.02 

t: 2.0047e-09 t(sc) 0.20047 iter: 1 repeat_nr_iter: 0 h: 0.02 Status: MP TRAP PhiWrapLinear

new h (LTE): 1.91292 : d3 46 9.9797e-06 : h 3 1.91292 

	D3: x: 1.65018 x1: 1.65018 x2: 1.65018 x3: 1.65018
new h (Growth limit): 0.04 
new h (Max): 0.02 

t = 2.0047e-09 (20%)
t: 2.2047e-09 t(sc) 0.22047 iter: 1 repeat_nr_iter: 0 h: 0.02 Status: MP TRAP PhiWrapLinear

new h (LTE): 1.91292 : d3 48 8.35692e-16 : h 3 1.91292 

	D3: x: 5.44192e-12 x1: 5.44192e-12 x2: 5.44192e-12 x3: 5.44192e-12
new h (Growth limit): 0.04 
new h (Max): 0.02 

t: 2.4047e-09 t(sc) 0.24047 iter: 1 repeat_nr_iter: 0 h: 0.02 Status: MP TRAP PhiWrapLinear

new h (LTE): 1.91292 : d3 46 1.47671e-05 : h 3 1.91292 

	D3: x: 1.65018 x1: 1.65018 x2: 1.65018 x3: 1.65018
new h (Growth limit): 0.04 
new h (Max): 0.02 

t: 2.6047e-09 t(sc) 0.26047 iter: 1 repeat_nr_iter: 0 h: 0.02 Status: MP TRAP PhiWrapLinear

new h (LTE): 1.91292 : d3 48 1.23658e-15 : h 3 1.91292 

	D3: x: 5.44192e-12 x1: 5.44192e-12 x2: 5.44192e-12 x3: 5.44192e-12
new h (Growth limit): 0.04 
new h (Max): 0.02 

t = 2.6047e-09 (25%)
t: 2.8047e-09 t(sc) 0.28047 iter: 1 repeat_nr_iter: 0 h: 0.02 Status: MP TRAP PhiWrapLinear

new h (LTE): 1.85489 : d3 46 2.1851e-05 : h 46 1.85489 

	D3: x: 1.65018 x1: 1.65018 x2: 1.65018 x3: 1.65018
new h (Growth limit): 0.04 
new h (Max): 0.02 

t: 3.0047e-09 t(sc) 0.30047 iter: 1 repeat_nr_iter: 0 h: 0.02 Status: MP TRAP PhiWrapLinear

new h (LTE): 1.73762 : d3 48 1.82978e-15 : h 46 1.73762 

	D3: x: 5.44192e-12 x1: 5.44192e-12 x2: 5.44192e-12 x3: 5.44192e-12
new h (Growth limit): 0.04 
new h (Max): 0.02 

t = 3.0047e-09 (30%)
t: 3.2047e-09 t(sc) 0.32047 iter: 1 repeat_nr_iter: 0 h: 0.02 Status: MP TRAP PhiWrapLinear

new h (LTE): 1.62777 : d3 46 3.23332e-05 : h 46 1.62777 

	D3: x: 1.65018 x1: 1.65018 x2: 1.65018 x3: 1.65018
new h (Growth limit): 0.04 
new h (Max): 0.02 

t: 3.4047e-09 t(sc) 0.34047 iter: 1 repeat_nr_iter: 0 h: 0.02 Status: MP TRAP PhiWrapLinear

new h (LTE): 1.52486 : d3 48 2.70755e-15 : h 46 1.52486 

	D3: x: 5.44192e-12 x1: 5.44192e-12 x2: 5.44192e-12 x3: 5.44192e-12
new h (Growth limit): 0.04 
new h (Max): 0.02 

t: 3.6047e-09 t(sc) 0.36047 iter: 1 repeat_nr_iter: 0 h: 0.02 Status: MP TRAP PhiWrapLinear

new h (LTE): 1.42846 : d3 46 4.78437e-05 : h 46 1.42846 

	D3: x: 1.65018 x1: 1.65018 x2: 1.65018 x3: 1.65018
new h (Growth limit): 0.04 
new h (Max): 0.02 

t = 3.6047e-09 (35%)
t: 3.8047e-09 t(sc) 0.38047 iter: 1 repeat_nr_iter: 0 h: 0.02 Status: MP TRAP PhiWrapLinear

new h (LTE): 1.33815 : d3 48 4.00639e-15 : h 46 1.33815 

	D3: x: 5.44192e-12 x1: 5.44192e-12 x2: 5.44192e-12 x3: 5.44192e-12
new h (Growth limit): 0.04 
new h (Max): 0.02 

t: 4.0047e-09 t(sc) 0.40047 iter: 1 repeat_nr_iter: 0 h: 0.02 Status: MP TRAP PhiWrapLinear

new h (LTE): 1.25355 : d3 46 7.07949e-05 : h 46 1.25355 

	D3: x: 1.65018 x1: 1.65018 x2: 1.65018 x3: 1.65018
new h (Growth limit): 0.04 
new h (Max): 0.02 

t = 4.0047e-09 (40%)
t: 4.2047e-09 t(sc) 0.42047 iter: 1 repeat_nr_iter: 0 h: 0.02 Status: MP TRAP PhiWrapLinear

new h (LTE): 1.1743 : d3 48 5.92829e-15 : h 46 1.1743 

	D3: x: 5.44192e-12 x1: 5.44192e-12 x2: 5.44192e-12 x3: 5.44192e-12
new h (Growth limit): 0.04 
new h (Max): 0.02 

t: 4.4047e-09 t(sc) 0.44047 iter: 1 repeat_nr_iter: 0 h: 0.02 Status: MP TRAP PhiWrapLinear

new h (LTE): 1.10006 : d3 46 0.000104756 : h 46 1.10006 

	D3: x: 1.65018 x1: 1.65018 x2: 1.65018 x3: 1.65018
new h (Growth limit): 0.04 
new h (Max): 0.02 

t: 4.6047e-09 t(sc) 0.46047 iter: 1 repeat_nr_iter: 0 h: 0.02 Status: MP TRAP PhiWrapLinear

new h (LTE): 1.03052 : d3 48 8.77216e-15 : h 46 1.03052 

	D3: x: 5.44192e-12 x1: 5.44192e-12 x2: 5.44192e-12 x3: 5.44192e-12
new h (Growth limit): 0.04 
new h (Max): 0.02 

t = 4.6047e-09 (45%)
t: 4.8047e-09 t(sc) 0.48047 iter: 1 repeat_nr_iter: 0 h: 0.02 Status: MP TRAP PhiWrapLinear

new h (LTE): 0.965369 : d3 46 0.000155008 : h 46 0.965369 

	D3: x: 1.65018 x1: 1.65018 x2: 1.65018 x3: 1.65018
new h (Growth limit): 0.04 
new h (Max): 0.02 

t: 5.0047e-09 t(sc) 0.50047 iter: 1 repeat_nr_iter: 0 h: 0.02 Status: MP TRAP PhiWrapLinear

new h (LTE): 0.904338 : d3 48 1.29803e-14 : h 46 0.904338 

	D3: x: 5.44192e-12 x1: 5.44192e-12 x2: 5.44192e-12 x3: 5.44192e-12
new h (Growth limit): 0.04 
new h (Max): 0.02 
Switching integration method and stepping back two steps at 4.4047e-09 to BE
t: 4.6047e-09 t(sc) 0.46047 iter: 1 repeat_nr_iter: 0 h: 0.02 Status: MP BACKE PhiWrapLinear

new h (LTE): 2.64575 : d3 48 2.09595e-16 : h 3 2.64575 

	D3: x: 5.44192e-12 x1: 5.44192e-12 x2: 5.44192e-12 x3: 5.44192e-12
new h (Growth limit): 0.04 
new h (Max): 0.02 

t: 4.8047e-09 t(sc) 0.48047 iter: 1 repeat_nr_iter: 0 h: 0.02 Status: MP BACKE PhiWrapLinear

new h (LTE): 2.64575 : d3 46 1.27609e-06 : h 3 2.64575 

	D3: x: 1.65018 x1: 1.65018 x2: 1.65018 x3: 1.65018
new h (Growth limit): 0.04 
new h (Max): 0.02 

t: 5.0047e-09 t(sc) 0.50047 iter: 1 repeat_nr_iter: 0 h: 0.02 Status: MP BACKE PhiWrapLinear

new h (LTE): 2.64575 : d3 48 9.50635e-18 : h 3 2.64575 

	D3: x: 5.44192e-12 x1: 5.44192e-12 x2: 5.44192e-12 x3: 5.44192e-12
new h (Growth limit): 0.04 
new h (Max): 0.02 

t = 5.0047e-09 (50%)
t: 5.2047e-09 t(sc) 0.52047 iter: 1 repeat_nr_iter: 0 h: 0.02 Status: MP BACKE PhiWrapLinear

new h (LTE): 2.64575 : d3 46 1.49439e-08 : h 3 2.64575 

	D3: x: 1.65018 x1: 1.65018 x2: 1.65018 x3: 1.65018
new h (Growth limit): 0.04 
new h (Max): 0.02 

t: 5.4047e-09 t(sc) 0.54047 iter: 1 repeat_nr_iter: 0 h: 0.02 Status: MP BACKE PhiWrapLinear

new h (LTE): 2.64575 : d3 48 1.11327e-19 : h 3 2.64575 

	D3: x: 5.44192e-12 x1: 5.44192e-12 x2: 5.44192e-12 x3: 5.44192e-12
new h (Growth limit): 0.04 
new h (Max): 0.02 
Switching integration method and stepping back one step at 5.2047e-09 to Trap
t: 5.4047e-09 t(sc) 0.54047 iter: 1 repeat_nr_iter: 0 h: 0.02 Status: MP TRAP PhiWrapLinear

new h (LTE): 1.91292 : d3 48 1.91824e-17 : h 3 1.91292 

	D3: x: 5.44192e-12 x1: 5.44192e-12 x2: 5.44192e-12 x3: 5.44192e-12
new h (Growth limit): 0.04 
new h (Max): 0.02 

t: 5.6047e-09 t(sc) 0.56047 iter: 1 repeat_nr_iter: 0 h: 0.02 Status: MP TRAP PhiWrapLinear

new h (LTE): 1.91292 : d3 46 4.12355e-08 : h 3 1.91292 

	D3: x: 1.65018 x1: 1.65018 x2: 1.65018 x3: 1.65018
new h (Growth limit): 0.04 
new h (Max): 0.02 

t = 5.6047e-09 (55%)
t: 5.8047e-09 t(sc) 0.58047 iter: 1 repeat_nr_iter: 0 h: 0.02 Status: MP TRAP PhiWrapLinear

new h (LTE): 1.91292 : d3 48 1.78024e-18 : h 3 1.91292 

	D3: x: 5.44192e-12 x1: 5.44192e-12 x2: 5.44192e-12 x3: 5.44192e-12
new h (Growth limit): 0.04 
new h (Max): 0.02 

t: 6.0047e-09 t(sc) 0.60047 iter: 1 repeat_nr_iter: 0 h: 0.02 Status: MP TRAP PhiWrapLinear

new h (LTE): 1.91292 : d3 46 3.14239e-08 : h 3 1.91292 

	D3: x: 1.65018 x1: 1.65018 x2: 1.65018 x3: 1.65018
new h (Growth limit): 0.04 
new h (Max): 0.02 

t = 6.0047e-09 (60%)
t: 6.2047e-09 t(sc) 0.62047 iter: 1 repeat_nr_iter: 0 h: 0.02 Status: MP TRAP PhiWrapLinear

new h (LTE): 1.91292 : d3 48 2.63423e-18 : h 3 1.91292 

	D3: x: 5.44192e-12 x1: 5.44192e-12 x2: 5.44192e-12 x3: 5.44192e-12
new h (Growth limit): 0.04 
new h (Max): 0.02 

t: 6.4047e-09 t(sc) 0.64047 iter: 1 repeat_nr_iter: 0 h: 0.02 Status: MP TRAP PhiWrapLinear

new h (LTE): 1.91292 : d3 46 4.64998e-08 : h 3 1.91292 

	D3: x: 1.65018 x1: 1.65018 x2: 1.65018 x3: 1.65018
new h (Growth limit): 0.04 
new h (Max): 0.02 

t: 6.6047e-09 t(sc) 0.66047 iter: 1 repeat_nr_iter: 0 h: 0.02 Status: MP TRAP PhiWrapLinear

new h (LTE): 1.91292 : d3 48 3.89787e-18 : h 3 1.91292 

	D3: x: 5.44192e-12 x1: 5.44192e-12 x2: 5.44192e-12 x3: 5.44192e-12
new h (Growth limit): 0.04 
new h (Max): 0.02 

t = 6.6047e-09 (65%)
t: 6.8047e-09 t(sc) 0.68047 iter: 1 repeat_nr_iter: 0 h: 0.02 Status: MP TRAP PhiWrapLinear

new h (LTE): 1.91292 : d3 46 6.88246e-08 : h 3 1.91292 

	D3: x: 1.65018 x1: 1.65018 x2: 1.65018 x3: 1.65018
new h (Growth limit): 0.04 
new h (Max): 0.02 

t: 7.0047e-09 t(sc) 0.70047 iter: 1 repeat_nr_iter: 0 h: 0.02 Status: MP TRAP PhiWrapLinear

new h (LTE): 1.91292 : d3 48 5.76765e-18 : h 3 1.91292 

	D3: x: 5.44192e-12 x1: 5.44192e-12 x2: 5.44192e-12 x3: 5.44192e-12
new h (Growth limit): 0.04 
new h (Max): 0.02 

t = 7.0047e-09 (70%)
t: 7.2047e-09 t(sc) 0.72047 iter: 1 repeat_nr_iter: 0 h: 0.02 Status: MP TRAP PhiWrapLinear

new h (LTE): 1.91292 : d3 46 1.01872e-07 : h 3 1.91292 

	D3: x: 1.65018 x1: 1.65018 x2: 1.65018 x3: 1.65018
new h (Growth limit): 0.04 
new h (Max): 0.02 

t: 7.4047e-09 t(sc) 0.74047 iter: 1 repeat_nr_iter: 0 h: 0.02 Status: MP TRAP PhiWrapLinear

new h (LTE): 1.91292 : d3 48 8.53441e-18 : h 3 1.91292 

	D3: x: 5.44192e-12 x1: 5.44192e-12 x2: 5.44192e-12 x3: 5.44192e-12
new h (Growth limit): 0.04 
new h (Max): 0.02 

t: 7.6047e-09 t(sc) 0.76047 iter: 1 repeat_nr_iter: 0 h: 0.02 Status: MP TRAP PhiWrapLinear

new h (LTE): 1.91292 : d3 46 1.50764e-07 : h 3 1.91292 

	D3: x: 1.65018 x1: 1.65018 x2: 1.65018 x3: 1.65018
new h (Growth limit): 0.04 
new h (Max): 0.02 

t = 7.6047e-09 (75%)
t: 7.8047e-09 t(sc) 0.78047 iter: 1 repeat_nr_iter: 0 h: 0.02 Status: MP TRAP PhiWrapLinear

new h (LTE): 1.91292 : d3 48 1.26284e-17 : h 3 1.91292 

	D3: x: 5.44192e-12 x1: 5.44192e-12 x2: 5.44192e-12 x3: 5.44192e-12
new h (Growth limit): 0.04 
new h (Max): 0.02 

t: 8.0047e-09 t(sc) 0.80047 iter: 1 repeat_nr_iter: 0 h: 0.02 Status: MP TRAP PhiWrapLinear

new h (LTE): 1.91292 : d3 46 2.23099e-07 : h 3 1.91292 

	D3: x: 1.65018 x1: 1.65018 x2: 1.65018 x3: 1.65018
new h (Growth limit): 0.04 
new h (Max): 0.02 

t = 8.0047e-09 (80%)
t: 8.2047e-09 t(sc) 0.82047 iter: 1 repeat_nr_iter: 0 h: 0.02 Status: MP TRAP PhiWrapLinear

new h (LTE): 1.91292 : d3 48 1.86864e-17 : h 3 1.91292 

	D3: x: 5.44192e-12 x1: 5.44192e-12 x2: 5.44192e-12 x3: 5.44192e-12
new h (Growth limit): 0.04 
new h (Max): 0.02 

t: 8.4047e-09 t(sc) 0.84047 iter: 1 repeat_nr_iter: 0 h: 0.02 Status: MP TRAP PhiWrapLinear

new h (LTE): 1.91292 : d3 46 3.30143e-07 : h 3 1.91292 

	D3: x: 1.65018 x1: 1.65018 x2: 1.65018 x3: 1.65018
new h (Growth limit): 0.04 
new h (Max): 0.02 

t: 8.6047e-09 t(sc) 0.86047 iter: 1 repeat_nr_iter: 0 h: 0.02 Status: MP TRAP PhiWrapLinear

new h (LTE): 1.91292 : d3 48 2.76504e-17 : h 3 1.91292 

	D3: x: 5.44192e-12 x1: 5.44192e-12 x2: 5.44192e-12 x3: 5.44192e-12
new h (Growth limit): 0.04 
new h (Max): 0.02 

t = 8.6047e-09 (85%)
t: 8.8047e-09 t(sc) 0.88047 iter: 1 repeat_nr_iter: 0 h: 0.02 Status: MP TRAP PhiWrapLinear

new h (LTE): 1.91292 : d3 46 4.88535e-07 : h 3 1.91292 

	D3: x: 1.65018 x1: 1.65018 x2: 1.65018 x3: 1.65018
new h (Growth limit): 0.04 
new h (Max): 0.02 

t: 9.0047e-09 t(sc) 0.90047 iter: 1 repeat_nr_iter: 0 h: 0.02 Status: MP TRAP PhiWrapLinear

new h (LTE): 1.91292 : d3 48 4.09145e-17 : h 3 1.91292 

	D3: x: 5.44192e-12 x1: 5.44192e-12 x2: 5.44192e-12 x3: 5.44192e-12
new h (Growth limit): 0.04 
new h (Max): 0.02 

t = 9.0047e-09 (90%)
t: 9.2047e-09 t(sc) 0.92047 iter: 1 repeat_nr_iter: 0 h: 0.02 Status: MP TRAP PhiWrapLinear

new h (LTE): 1.91292 : d3 46 7.22931e-07 : h 3 1.91292 

	D3: x: 1.65018 x1: 1.65018 x2: 1.65018 x3: 1.65018
new h (Growth limit): 0.04 
new h (Max): 0.02 

t: 9.4047e-09 t(sc) 0.94047 iter: 1 repeat_nr_iter: 0 h: 0.02 Status: MP TRAP PhiWrapLinear

new h (LTE): 1.91292 : d3 48 6.05416e-17 : h 3 1.91292 

	D3: x: 5.44192e-12 x1: 5.44192e-12 x2: 5.44192e-12 x3: 5.44192e-12
new h (Growth limit): 0.04 
new h (Max): 0.02 

t: 9.6047e-09 t(sc) 0.96047 iter: 1 repeat_nr_iter: 0 h: 0.02 Status: MP TRAP PhiWrapLinear

new h (LTE): 1.91292 : d3 46 1.06976e-06 : h 3 1.91292 

	D3: x: 1.65018 x1: 1.65018 x2: 1.65018 x3: 1.65018
new h (Growth limit): 0.04 
new h (Max): 0.02 

t = 9.6047e-09 (95%)
t: 9.8047e-09 t(sc) 0.98047 iter: 1 repeat_nr_iter: 0 h: 0.02 Status: MP TRAP PhiWrapLinear

new h (LTE): 1.91292 : d3 48 8.9584e-17 : h 3 1.91292 

	D3: x: 5.44192e-12 x1: 5.44192e-12 x2: 5.44192e-12 x3: 5.44192e-12
new h (Growth limit): 0.04 
new h (Max): 0.02 

t: 1.00047e-08 t(sc) 1.00047 iter: 1 repeat_nr_iter: 0 h: 0.02 Status: MP TRAP PhiWrapLinear

new h (LTE): 1.91292 : d3 46 1.58295e-06 : h 3 1.91292 

	D3: x: 1.65018 x1: 1.65018 x2: 1.65018 x3: 1.65018
new h (Growth limit): 0.04 
new h (Max): 0.02 

t = 1.00047e-08 (100%)
Number of timesteps: 65
Transient Simulation Done. Num of Nonlin iters: 65 
	Freeing MNA
Freeing Main Circuit ...
	Freeing Nodes and Elements
Cleaning Main Circuit ...
	Freeing Parsed circuit: 'Main Circuit'
