Running OptiSPICE 5.1 (compiled on: Jan  5 2016 10:28:02) 

Copyright 2015 Optiwave Systems Inc. All rights reserved.

	git commit: 651cbe73905eab5871768bdecbe8d86323447f45 MergeFromStaticBuild

Processing Netlist file: waveguide_op_L2.8_LAM1000_Neff2.0_end.sp

************* FILE: "waveguide_op_L2.8_LAM1000_Neff2.0_end.sp"  ************

Title "CW Source check "

Osp Jobcontrol Verbosity=DEBUG2

.option ingold=2 DELMAX=.1e-10 ACCURATE=1 RUNLVL=6 NUMDGT=8
.OPTION DCCAP=1 TNOM=27

.param NMODES=1

* Voltage sources
v1 Mag1 0 DC = 1 
v2 Phi1 0 DC = 0 

Osp CWSOURCE   Name=cw1 Nodes = [Mag1 Phi1 l1] MoName = CWmodel lambda = 1.000000e+03
Osp WaveGuide  Name=wg1 Nodes = [l1 l2] MoName=WGmodel
Osp MIRROR     Name=mir1 Nodes = [l2] MoName = Mmodel 

Osp Model Name = Mmodel   type = MIRROR    Ref = 0
Osp Model Name = CWmodel  type = CWSOURCE 
Osp Model Name = WGmodel  type = WaveGuide  Length=2.800000e+00  IncludeTimeDelay=1  neff=[2.000000e+00]  N0=1.1 NF=1.1

% IncludeTimeDelay=1 
%.tran .0001e-9 10e-9 nsolver=BACKE nmaxst=.05n nminst=.05n
.op
	
.Monitor OptFields wg1 Format=MagPhi Port=1 dir=IN  Pol=TE
.Monitor OptFields wg1 Format=MagPhi Port=2 dir=OUT Pol=TE
%.Monitor OptFields wg2 Format=MagPhi Port=2 dir=OUT Pol=TE
.end

************* *************** ************

Options ingold=2 DELMAX=.1e-10 ACCURATE=1 RUNLVL=6 NUMDGT=8 
Options DCCAP=1 TNOM=27 
Param P=[ { NMODES 1 } ] 
INDSOURCE EL_Type=V_SOU Name=v1 Nodes=[ Mag1 0 ] dcMode dcValue=1 
INDSOURCE EL_Type=V_SOU Name=v2 Nodes=[ Phi1 0 ] dcMode dcValue=0 
CWSOURCE Name=cw1 Nodes=[ Mag1 Phi1 l1 ] MoName=CWmodel lambda=1.000000e+03 
WaveGuide Name=wg1 Nodes=[ l1 l2 ] MoName=WGmodel 
MIRROR Name=mir1 Nodes=[ l2 ] MoName=Mmodel 
Model Name=Mmodel type=MIRROR Ref=0 
Model Name=CWmodel type=CWSOURCE 
Model Name=WGmodel type=WaveGuide Length=2.800000e+00 IncludeTimeDelay=1 neff=[ 2.000000e+00 ] N0=1.1 NF=1.1 
Transient OperatingPointOnly OutputOperatingPoint
Monitor Type=OptFields Name=wg1 Format=MagPhi Port=1 dir=IN Pol=TE 
Monitor Type=OptFields Name=wg1 Format=MagPhi Port=2 dir=OUT Pol=TE 
END

Assigning node numbers and stamping


Main Circuit Paras:
	Name=NMODES String=1 Ep = 0x0

Creating: v1

Creating: v2

Creating: cw1
	New Link: l1                                                           Link: 0x7ff999500e90

Creating: wg1
	New Link: l2                                                           Link: 0x7ff999502c00

Creating: mir1

Circuit after element assignment

Element hash table
	Key: v1                                                           	val: 	-1723788656
	Key: v2                                                           	val: 	-1723785952
	Key: wg1:exp                                                      	val: 	-1711258112
	Key: mir1                                                         	val: 	-1711254528
	Key: cw1                                                          	val: 	-1719614464
	Key: wg1                                                          	val: 	-1711261184

Delay Element hash table

OptFFT Element hash table

Noise Element hash table

Optical Element hash table
	Key: wg1:exp                                                      	val: 	-1711258112
	Key: mir1                                                         	val: 	-1711254528
	Key: cw1                                                          	val: 	-1719614464
	Key: wg1                                                          	val: 	-1711261184

Source Optical Element hash table
	Key: cw1                                                          	val: 	-1719614464

Elec Init Conditions


Tracing optical sources
	source: cw1 (fixed:1000)  -> wg1:exp (1) 
		-- Return Branch:  -> cw1 (1) 

		-- Through Branch:  -> mir1 (1)  -> wg1:exp (1) 


Stamping: v1

Stamping: v2

Stamping: cw1
Created Optical Mode Shape 'Mode:1 n:1 x:5.0000000000000000e+01 y:5.0000000000000000e+01 m:0 n:0 s:5.0000000000000000e+00 1/r:0.0000000000000000e+00 l:1.0000000000000000e+03' (da4303945ac7743d6828297588969a44dc63e98d)
Adding Optical Mode:        l1:fixed:1000 	      0x7ff9996015c0

Stamping: wg1
Adding Optical Mode: wg1:exp:inter1(0):fixed:1000 	      0x7ff999603530
Adding Optical Mode: wg1:exp:inter2(0):fixed:1000 	      0x7ff9996036e0
Adding Optical Mode: wg1:exp:inter3(0):fixed:1000 	      0x7ff9997001c0
Adding Optical Mode:        l2:fixed:1000 	      0x7ff999700e90
Stamping OptScatteringVtoV Instance: wg1:exp:c(0):I1(0)
	E to E: l1:fixed:1000 | wg1:exp:inter1(0):fixed:1000
	Linear (E to E) Scattering Mode
	NonLinear Scattering Mode
Linear: -35.1858
CreateStampDelay: DELAY Name=wg1:exp:c(0):td(0):c(0):m(0):optmag:delay Del=1.8679589331096515e-14 Gain=1.0000000000000000e+00 Tcoeff=[ 0.0000000000000000e+00 0.0000000000000000e+00 ]
CreateStampDelay: DELAY Name=wg1:exp:c(0):td(0):reverse:c(0):m(0):optmag:delay Del=1.8679589331096515e-14 Gain=1.0000000000000000e+00 Tcoeff=[ 0.0000000000000000e+00 0.0000000000000000e+00 ]
CreateStampDelay: DELAY Name=wg1:exp:c(0):td(0):c(0):m(0):optphi:delay Del=1.8679589331096515e-14 Gain=1.0000000000000000e+00 Tcoeff=[ 0.0000000000000000e+00 0.0000000000000000e+00 ]
CreateStampDelay: DELAY Name=wg1:exp:c(0):td(0):reverse:c(0):m(0):optphi:delay Del=1.8679589331096515e-14 Gain=1.0000000000000000e+00 Tcoeff=[ 0.0000000000000000e+00 0.0000000000000000e+00 ]
Stamping OptScatteringVtoV Instance: wg1:exp:c(0):I1(1)
	E to E: wg1:exp:inter3(0):fixed:1000 | l2:fixed:1000
	Linear (E to E) Scattering Mode
	NonLinear Scattering Mode

Stamping: mir1

Linking optical elements; 
Pre-processing optical elements; evaluating the Oconn overlap integrals and FSE modes 
Mirror DetModes ... 
		mir1 input 0x7ff99a004720 output 0x7ff99a004720

Stamping free mode   optical elements; 
Processing Mirror: mir1 Version: 6 Switchable: 1
Adding Optical Mode: mir1:terminal:fixed:1000 	      0x7ff999504400
Stamping OptScatteringVtoV Instance: mir1:vtov:c(0)
	E to E: l2:fixed:1000 | mir1:terminal:fixed:1000
	Linear (E to E) Scattering Mode
	NonLinear Scattering Mode

Post Stamping: cw1:c:0:m(0):optphi:iso

Post Stamping: cw1:c:0:m(0):optmag:iso

Circuit after node assignment

Element hash table (including internal elements)
	Key: cw1:c:0:m(0):optphi:iso                                      	val: 	-1721750464
	Key: mir1:vtov                                                    	val: 	-1711251456
	Key: wg1:exp:c(0):td(0):c(0):m(0):optmag:delay                    	val: 	-1720690528
	Key: wg1:exp:c(0):I1(0)                                           	val: 	-1694492672
	Key: wg1:exp:c(0):td(0):c(0):m(0):optphi:delay                    	val: 	-1723778784
	Key: wg1                                                          	val: 	-1711261184
	Key: wg1:exp:c(0):I1(1)                                           	val: 	-1719543296
	Key: wg1:exp:c(0):td(0):reverse:c(0):m(0):optphi:delay            	val: 	-1723776560
	Key: wg1:exp:c(0):td(0):reverse:c(0):m(0):optmag:delay            	val: 	-1720688080
	Key: mir1:vtov:c(0)                                               	val: 	-1711246336
	Key: v1                                                           	val: 	-1723788656
	Key: v2                                                           	val: 	-1723785952
	Key: wg1:exp                                                      	val: 	-1711258112
	Key: cw1:c:0:m(0):optmag:iso                                      	val: 	-1721752576
	Key: cw1                                                          	val: 	-1719614464
	Key: mir1                                                         	val: 	-1711254528

Node hash table (size: 66)
	Key: wg1:exp:inter3(0):fixed:1000:rev:m(0):optmag                 	val: 	35        
	Key: wg1:exp:c(0):i1(1):0:fwd:modei:m(0):optmag                   	val: 	56        
	Key: mir1:vtov:c(0):0:fwd:modei:m(0):optphi                       	val: 	65        
	Key: wg1:exp:c(0):i1(0):0:fwd:modei:m(0):optmag                   	val: 	48        
	Key: wg1:exp:inter2(0):fixed:1000:fwd:m(0):optphi                 	val: 	32        
	Key: wg1:exp:c(0):i1(0):0:rev:modei:m(0):optmag                   	val: 	46        
	Key: mir1:vtov:c(0):0:rev:modei:m(0):optphi                       	val: 	63        
	Key: wg1:exp:c(0):td(0):reverse:c(0):m(0):optmag:delay:i          	val: 	51        
	Key: l1:fixed:1000:fwd:m(0):optphi                                	val: 	16        
	Key: cw1:l1:fixed:1000:modei:m(0):optmag                          	val: 	22        
	Key: wg1:exp:inter3(0):fixed:1000:fwd:m(0):optmag                 	val: 	34        
	Key: wg1:exp:c(0):i1(1):0:rev:modei:m(0):optmag                   	val: 	54        
	Key: wg1:exp:revphase(0:0):modei:m(0):optphi                      	val: 	41        
	Key: wg1:exp:inter1(0):fixed:1000:rev:m(0):optphi                 	val: 	29        
	Key: l2:fixed:1000:rev:m(0):optmag                                	val: 	43        
	Key: wg1:exp:fwdphase(0:0):modei:m(0):optphi                      	val: 	39        
	Key: mir1:terminal:fixed:1000:rev:m(0):optphi                     	val: 	61        
	Key: v1:portcurrentnode:0                                         	val: 	3         
	Key: v1:portcurrentnode:1                                         	val: 	5         
	Key: cw1:c:0:m(0):optphi:iso:i                                    	val: 	25        
	Key: wg1:exp:inter2(0):fixed:1000:rev:m(0):optmag                 	val: 	31        
	Key: wg1:exp:inter1(0):fixed:1000:fwd:m(0):optphi                 	val: 	28        
	Key: v2:portcurrentnode:0                                         	val: 	9         
	Key: v2:portcurrentnode:1                                         	val: 	11        
	Key: v1:i                                                         	val: 	7         
	Key: wg1:exp:c(0):td(0):c(0):m(0):optmag:delay:i                  	val: 	50        
	Key: l2:fixed:1000:fwd:m(0):optmag                                	val: 	42        
	Key: l1:fixed:1000:rev:m(0):optmag                                	val: 	15        
	Key: mir1:terminal:fixed:1000:fwd:m(0):optphi                     	val: 	60        
	Key: wg1:exp:c(0):td(0):reverse:c(0):m(0):optphi:delay:i          	val: 	53        
	Key: mir1:vtov:c(0):0:fwd:modei:m(0):optmag                       	val: 	64        
	Key: wg1:exp:inter2(0):fixed:1000:fwd:m(0):optmag                 	val: 	30        
	Key: mir1:vtov:c(0):0:rev:modei:m(0):optmag                       	val: 	62        
	Key: mag1                                                         	val: 	2         
	Key: cw1:portcurrentcurnode:0                                     	val: 	19        
	Key: cw1:portcurrentcurnode:1                                     	val: 	21        
	Key: v1:portcurrentcurnode:0                                      	val: 	4         
	Key: v1:portcurrentcurnode:1                                      	val: 	6         
	Key: wg1:exp:inter3(0):fixed:1000:rev:m(0):optphi                 	val: 	37        
	Key: wg1:exp:c(0):i1(1):0:fwd:modei:m(0):optphi                   	val: 	57        
	Key: v2:portcurrentcurnode:0                                      	val: 	10        
	Key: v2:portcurrentcurnode:1                                      	val: 	12        
	Key: wg1:exp:c(0):i1(0):0:fwd:modei:m(0):optphi                   	val: 	49        
	Key: wg1:exp:c(0):i1(0):0:rev:modei:m(0):optphi                   	val: 	47        
	Key: l1:fixed:1000:fwd:m(0):optmag                                	val: 	14        
	Key: 0                                                            	val: 	-5        
	Key: wg1:exp:revphase(0:0):modei:m(0):optmag                      	val: 	40        
	Key: wg1:exp:inter1(0):fixed:1000:rev:m(0):optmag                 	val: 	27        
	Key: cw1:l1:fixed:1000:modei:m(0):optphi                          	val: 	23        
	Key: wg1:exp:inter3(0):fixed:1000:fwd:m(0):optphi                 	val: 	36        
	Key: wg1:exp:c(0):i1(1):0:rev:modei:m(0):optphi                   	val: 	55        
	Key: wg1:exp:fwdphase(0:0):modei:m(0):optmag                      	val: 	38        
	Key: mir1:terminal:fixed:1000:rev:m(0):optmag                     	val: 	59        
	Key: cw1:portcurrentnode:0                                        	val: 	18        
	Key: cw1:portcurrentnode:1                                        	val: 	20        
	Key: wg1:exp:inter1(0):fixed:1000:fwd:m(0):optmag                 	val: 	26        
	Key: wg1:exp:c(0):td(0):c(0):m(0):optphi:delay:i                  	val: 	52        
	Key: l2:fixed:1000:rev:m(0):optphi                                	val: 	45        
	Key: mir1:terminal:fixed:1000:fwd:m(0):optmag                     	val: 	58        
	Key: wg1:exp:inter2(0):fixed:1000:rev:m(0):optphi                 	val: 	33        
	Key: cw1:c:0:m(0):optmag:iso:i                                    	val: 	24        
	Key: phi1                                                         	val: 	8         
	Key: v2:i                                                         	val: 	13        
	Key: cw1:channel-fixed:1000                                       	val: 	1         
	Key: l2:fixed:1000:fwd:m(0):optphi                                	val: 	44        
	Key: l1:fixed:1000:rev:m(0):optphi                                	val: 	17        

Node array 
	Key: 0                                                            	val: 	-5         Status: V node
	Key: cw1:channel-fixed:1000                                       	val: 	1          Status: V node
	Key: mag1                                                         	val: 	2          Status: V node
	Key: v1:portcurrentnode:0                                         	val: 	3          Status: V node
	Key: v1:portcurrentcurnode:0                                      	val: 	4          Status: I node
	Key: v1:portcurrentnode:1                                         	val: 	5          Status: V node
	Key: v1:portcurrentcurnode:1                                      	val: 	6          Status: I node
	Key: v1:i                                                         	val: 	7          Status: I node
	Key: phi1                                                         	val: 	8          Status: V node
	Key: v2:portcurrentnode:0                                         	val: 	9          Status: V node
	Key: v2:portcurrentcurnode:0                                      	val: 	10         Status: I node
	Key: v2:portcurrentnode:1                                         	val: 	11         Status: V node
	Key: v2:portcurrentcurnode:1                                      	val: 	12         Status: I node
	Key: v2:i                                                         	val: 	13         Status: I node
	Key: l1:fixed:1000:fwd:m(0):optmag                                	val: 	14         Status: O Mag node
	Key: l1:fixed:1000:rev:m(0):optmag                                	val: 	15         Status: O Mag node
	Key: l1:fixed:1000:fwd:m(0):optphi                                	val: 	16         Status: O Pha node (14)
	Key: l1:fixed:1000:rev:m(0):optphi                                	val: 	17         Status: O Pha node (15)
	Key: cw1:portcurrentnode:0                                        	val: 	18         Status: V node
	Key: cw1:portcurrentcurnode:0                                     	val: 	19         Status: I node
	Key: cw1:portcurrentnode:1                                        	val: 	20         Status: V node
	Key: cw1:portcurrentcurnode:1                                     	val: 	21         Status: I node
	Key: cw1:l1:fixed:1000:modei:m(0):optmag                          	val: 	22         Status: O Mag node
	Key: cw1:l1:fixed:1000:modei:m(0):optphi                          	val: 	23         Status: O Pha node (22)
	Key: cw1:c:0:m(0):optmag:iso:i                                    	val: 	24         Status: I node
	Key: cw1:c:0:m(0):optphi:iso:i                                    	val: 	25         Status: I node
	Key: wg1:exp:inter1(0):fixed:1000:fwd:m(0):optmag                 	val: 	26         Status: O Mag node
	Key: wg1:exp:inter1(0):fixed:1000:rev:m(0):optmag                 	val: 	27         Status: O Mag node
	Key: wg1:exp:inter1(0):fixed:1000:fwd:m(0):optphi                 	val: 	28         Status: O Pha node (26)
	Key: wg1:exp:inter1(0):fixed:1000:rev:m(0):optphi                 	val: 	29         Status: O Pha node (27)
	Key: wg1:exp:inter2(0):fixed:1000:fwd:m(0):optmag                 	val: 	30         Status: O Mag node
	Key: wg1:exp:inter2(0):fixed:1000:rev:m(0):optmag                 	val: 	31         Status: O Mag node
	Key: wg1:exp:inter2(0):fixed:1000:fwd:m(0):optphi                 	val: 	32         Status: O Pha node (30)
	Key: wg1:exp:inter2(0):fixed:1000:rev:m(0):optphi                 	val: 	33         Status: O Pha node (31)
	Key: wg1:exp:inter3(0):fixed:1000:fwd:m(0):optmag                 	val: 	34         Status: O Mag node
	Key: wg1:exp:inter3(0):fixed:1000:rev:m(0):optmag                 	val: 	35         Status: O Mag node
	Key: wg1:exp:inter3(0):fixed:1000:fwd:m(0):optphi                 	val: 	36         Status: O Pha node (34)
	Key: wg1:exp:inter3(0):fixed:1000:rev:m(0):optphi                 	val: 	37         Status: O Pha node (35)
	Key: wg1:exp:fwdphase(0:0):modei:m(0):optmag                      	val: 	38         Status: O Mag node
	Key: wg1:exp:fwdphase(0:0):modei:m(0):optphi                      	val: 	39         Status: O Pha node (38)
	Key: wg1:exp:revphase(0:0):modei:m(0):optmag                      	val: 	40         Status: O Mag node
	Key: wg1:exp:revphase(0:0):modei:m(0):optphi                      	val: 	41         Status: O Pha node (40)
	Key: l2:fixed:1000:fwd:m(0):optmag                                	val: 	42         Status: O Mag node
	Key: l2:fixed:1000:rev:m(0):optmag                                	val: 	43         Status: O Mag node
	Key: l2:fixed:1000:fwd:m(0):optphi                                	val: 	44         Status: O Pha node (42)
	Key: l2:fixed:1000:rev:m(0):optphi                                	val: 	45         Status: O Pha node (43)
	Key: wg1:exp:c(0):i1(0):0:rev:modei:m(0):optmag                   	val: 	46         Status: O Mag node
	Key: wg1:exp:c(0):i1(0):0:rev:modei:m(0):optphi                   	val: 	47         Status: O Pha node (46)
	Key: wg1:exp:c(0):i1(0):0:fwd:modei:m(0):optmag                   	val: 	48         Status: O Mag node
	Key: wg1:exp:c(0):i1(0):0:fwd:modei:m(0):optphi                   	val: 	49         Status: O Pha node (48)
	Key: wg1:exp:c(0):td(0):c(0):m(0):optmag:delay:i                  	val: 	50         Status: I node
	Key: wg1:exp:c(0):td(0):reverse:c(0):m(0):optmag:delay:i          	val: 	51         Status: I node
	Key: wg1:exp:c(0):td(0):c(0):m(0):optphi:delay:i                  	val: 	52         Status: I node
	Key: wg1:exp:c(0):td(0):reverse:c(0):m(0):optphi:delay:i          	val: 	53         Status: I node
	Key: wg1:exp:c(0):i1(1):0:rev:modei:m(0):optmag                   	val: 	54         Status: O Mag node
	Key: wg1:exp:c(0):i1(1):0:rev:modei:m(0):optphi                   	val: 	55         Status: O Pha node (54)
	Key: wg1:exp:c(0):i1(1):0:fwd:modei:m(0):optmag                   	val: 	56         Status: O Mag node
	Key: wg1:exp:c(0):i1(1):0:fwd:modei:m(0):optphi                   	val: 	57         Status: O Pha node (56)
	Key: mir1:terminal:fixed:1000:fwd:m(0):optmag                     	val: 	58         Status: O Mag node
	Key: mir1:terminal:fixed:1000:rev:m(0):optmag                     	val: 	59         Status: O Mag node
	Key: mir1:terminal:fixed:1000:fwd:m(0):optphi                     	val: 	60         Status: O Pha node (58)
	Key: mir1:terminal:fixed:1000:rev:m(0):optphi                     	val: 	61         Status: O Pha node (59)
	Key: mir1:vtov:c(0):0:rev:modei:m(0):optmag                       	val: 	62         Status: O Mag node
	Key: mir1:vtov:c(0):0:rev:modei:m(0):optphi                       	val: 	63         Status: O Pha node (62)
	Key: mir1:vtov:c(0):0:fwd:modei:m(0):optmag                       	val: 	64         Status: O Mag node
	Key: mir1:vtov:c(0):0:fwd:modei:m(0):optphi                       	val: 	65         Status: O Pha node (64)

Optical Node hash table
	l1:fixed:1000
		aliases: l1 -- l1 -- l1 -- 
	mir1:terminal:fixed:1000
		aliases: mir1:terminal -- mir1:terminal -- 
	wg1:exp:inter3(0):fixed:1000
		aliases: wg1:exp:inter3(0) -- wg1:exp:inter3(0) -- 
	wg1:exp:inter2(0):fixed:1000
		aliases: wg1:exp:inter2(0) -- wg1:exp:inter2(0) -- 
	wg1:exp:inter1(0):fixed:1000
		aliases: wg1:exp:inter1(0) -- wg1:exp:inter1(0) -- 
	l2:fixed:1000
		aliases: l2 -- l2 -- l2 -- l2 -- 

Optical ModeShape hash table
	Key: da4303945ac7743d6828297588969a44dc63e98d                     	val: 	-1720710752

Optical Link hash table
	Key: l1                                                           l1                                                          	val: 	0x7ff999500e90 
			E1: 	0x7ff99980c400 - cw1                                      	E2: 	0x7ff99a004600 - wg1:exp                                 
	Key: l2                                                           l2                                                          	val: 	0x7ff999502c00 
			E1: 	0x7ff99a004600 - wg1:exp                                  	E2: 	0x7ff99a005400 - mir1                                    

Source Optical Channel hash table
	Key: fixed:1000                                                   	lambda: 	1000       dPhi_dt: 	0x7ff99980cc30 *dPhi_dt: 	0         

Optical Matrices hash table

Optical FSE Matrices hash table

Monitor Statements
	Name:                            wg1 Type:       OptFields Port:     1 Node Num:      0
	Name:                            wg1 Type:       OptFields Port:     2 Node Num:      0
	Name:                             v1 Type:               V Port:     1 Node Num:      2
	Name:                             v1 Type:               I Port:     1 Node Num:      0
	Name:                             v1 Type:               I Port:     2 Node Num:      0
	Name:                             v2 Type:               V Port:     1 Node Num:      8
	Name:                             v2 Type:               I Port:     1 Node Num:      0
	Name:                             v2 Type:               I Port:     2 Node Num:      0
	Name:                            cw1 Type:               V Port:     1 Node Num:      2
	Name:                            cw1 Type:               I Port:     1 Node Num:      0
	Name:                            cw1 Type:               V Port:     2 Node Num:      8
	Name:                            cw1 Type:               I Port:     2 Node Num:      0
	Name:                            cw1 Type:       OptFields Port:     3 Node Num:      0
	Name:                            wg1 Type:       OptFields Port:     1 Node Num:      0
	Name:                            wg1 Type:       OptFields Port:     2 Node Num:      0
	Name:                        wg1:exp Type:       OptFields Port:     1 Node Num:      0
	Name:                        wg1:exp Type:       OptFields Port:     2 Node Num:      0
	Name:                           mir1 Type:       OptFields Port:     1 Node Num:      0

Current Monitor Statements
	Key: v2:Port-2                                                    	port: 	2          	num: 	12        
	Key: v1:Port-1                                                    	port: 	1          	num: 	4         
	Key: v1:Port-2                                                    	port: 	2          	num: 	6         
	Key: cw1:Port-1                                                   	port: 	1          	num: 	19        
	Key: v2:Port-1                                                    	port: 	1          	num: 	10        
	Key: cw1:Port-2                                                   	port: 	2          	num: 	21        

Sub-circuits


Transient Simulation Started
tscaling: 1
abstol: 1e-08 reltol: 1e-06 c_abstol: 1e-15 c_reltol: 1e-06
DC Simulation Started
DC Linear Initial Guess
DC simulations:
	DC var: 0.000000000000e+00
		Elec pass (T ind):
		DC iterations =  2 (extra -1). Cond 0.0748488
			Total num iter: 2
		Elec pass (T dep). Evars Optical:
		DC iterations =  1 (extra -1). Cond 0.0748488
			Total num iter: 3

***** Element Operating point info:

MultiLayerFilterExp: wg1:exp 
	(Explicit Filtering -- T = 300.15 -- E to E)
	Channel: 0
		 Input: l1:fixed:1000
			l1:fixed:1000 			Carrier Lambda: 1000 nm --- E vars
				Mode 0
					(fwd: 14,16):  Pow: 1.0000000000e+00 Phi: 0.0000000000e+00  Mag: 1.0000000000e+00 E_f =  1.0000000000e+00 + 0.0000000000e+00i
					(rev: 15,17):  Pow: 1.2196919987e-01 Phi: -2.2812353960e+00  Mag: 3.4924089089e-01 E_f =  -2.2776327287e-01 + -2.6475099886e-01i
								Total Power Fwd: 1 Rev: 0.121969

			Extra
					(rev: 46,47):  Pow: 1.2196919987e-01 Phi: -2.2812353960e+00  Mag: 3.4924089089e-01 E_f =  -2.2776327287e-01 + -2.6475099886e-01i
								Total Power Fwd: 0 Rev: 0.121969

		Interface (0): wg1:exp:c(0):I1(0) T= 300.15 NonLinear
			N1 = 1.1 N2 = 2 (2)T = 300.15
				Tf^2 = 0.915713 Rf^2 = 0.0842872  Tb^2 = 0.915713 Rb^2 = 0.0842872 Tf+Rf = 1 Tb+Rb = 1 
			Rf = -0.290323 	Tf = 0.956929 	Rb = 0.290323 	Tb = 0.956929 

		 Layer (1) Phi= -35.1858 (-3.76991)  Atten = 1 N = 2 V1 = 0 V2 = 0 T = 300.15
			Inter1: wg1:exp:inter1(0):fixed:1000 (Es)
			wg1:exp:inter1(0):fixed:1000 			Carrier Lambda: 1000 nm --- E vars
				Mode 0
					(fwd: 26,28):  Pow: 9.5884954423e-01 Phi: -8.2120538515e-02  Mag: 9.7920863162e-01 E_f =  9.7590870156e-01 + -8.0322789159e-02i
					(rev: 27,29):  Pow: 8.0818744102e-02 Phi: -1.3387576000e+00  Mag: 2.8428637692e-01 E_f =  6.5375088881e-02 + -2.7666738488e-01i
								Total Power Fwd: 0.95885 Rev: 0.0808187

			Inter2: wg1:exp:inter2(0):fixed:1000 (Es)
			wg1:exp:inter2(0):fixed:1000 			Carrier Lambda: 1000 nm --- E vars
				Mode 0
					(fwd: 30,32):  Pow: 9.5884954423e-01 Phi: 2.4311535844e+00  Mag: 9.7920863162e-01 E_f =  -7.4231417363e-01 + 6.3860724382e-01i
					(rev: 31,33):  Pow: 8.0818744103e-02 Phi: 2.4311535844e+00  Mag: 2.8428637692e-01 E_f =  -2.1551056654e-01 + 1.8540210305e-01i
								Total Power Fwd: 0.95885 Rev: 0.0808187

			Inter3: wg1:exp:inter3(0):fixed:1000 (Es) dt = 1.86796e-14
			wg1:exp:inter3(0):fixed:1000 			Carrier Lambda: 1000 nm --- E vars
				Mode 0
					(fwd: 34,36):  Pow: 9.5884954423e-01 Phi: 2.4311535844e+00  Mag: 9.7920863162e-01 E_f =  -7.4231417363e-01 + 6.3860724382e-01i
					(rev: 35,37):  Pow: 8.0818744103e-02 Phi: 2.4311535844e+00  Mag: 2.8428637692e-01 E_f =  -2.1551056654e-01 + 1.8540210305e-01i
								Total Power Fwd: 0.95885 Rev: 0.0808187

			ExtraNodes (Es)
			Delay queues (Es):
				Mode 0
					(fwd: 38,39):  Pow: 9.5884954423e-01 Phi: 2.4311535844e+00  Mag: 9.7920863162e-01 E_f =  -7.4231417363e-01 + 6.3860724382e-01i
					(rev: 40,41):  Pow: 8.0818744102e-02 Phi: -1.3387576000e+00  Mag: 2.8428637692e-01 E_f =  6.5375088881e-02 + -2.7666738488e-01i
								Total Power Fwd: 0.95885 Rev: 0.0808187

			Extra Inter1
				Mode 0
					(fwd: 48,49):  Pow: 9.5884954423e-01 Phi: -8.2120538515e-02  Mag: 9.7920863162e-01 E_f =  9.7590870156e-01 + -8.0322789159e-02i
								Total Power Fwd: 0.95885 Rev: 0

		Interface (1): wg1:exp:c(0):I1(1) T = 300.15 NonLinear
			N1 = 2 (2) N2 = 1.1
				Tf^2 = 0.915713 Rf^2 = 0.0842872  Tb^2 = 0.915713 Rb^2 = 0.0842872 Tf+Rf = 1 Tb+Rb = 1 
			Rf = 0.290323 	Tf = 0.956929 	Rb = -0.290323 	Tb = 0.956929 

		 Output: l2:fixed:1000
			l2:fixed:1000 			Carrier Lambda: 1000 nm --- E vars
				Mode 0
					(fwd: 42,44):  Pow: 8.7803080013e-01 Phi: 2.4311535844e+00  Mag: 9.3703297708e-01 E_f =  -7.1034183889e-01 + 6.1110168716e-01i
					(rev: 43,45):  Pow: 0.0000000000e+00 Phi: 0.0000000000e+00  Mag: 0.0000000000e+00 E_f =  0.0000000000e+00 + 0.0000000000e+00i
								Total Power Fwd: 0.878031 Rev: 0

			Extra
				Mode 0
					(fwd: 56,57):  Pow: 8.7803080013e-01 Phi: 2.4311535844e+00  Mag: 9.3703297708e-01 E_f =  -7.1034183889e-01 + 6.1110168716e-01i
								Total Power Fwd: 0.878031 Rev: 0

IndSource:                       v1 (V source)
			V: 1.0000000000e+00 I: 0.0000000000e+00 

IndSource:                       v2 (V source)
			V: 0.0000000000e+00 I: 0.0000000000e+00 

Cw_Source: cw1 
	 Channel : 0 -- n1: 18 n2: 20 -- Fixed Lambda
		 Freqshift: 0
			l1:fixed:1000 			Carrier Lambda: 1000 nm --- E vars
				Mode 0
					(fwd: 14,16):  Pow: 1.0000000000e+00 Phi: 0.0000000000e+00  Mag: 1.0000000000e+00 E_f =  1.0000000000e+00 + 0.0000000000e+00i
					(rev: 15,17):  Pow: 1.2196919987e-01 Phi: -2.2812353960e+00  Mag: 3.4924089089e-01 E_f =  -2.2776327287e-01 + -2.6475099886e-01i
								Total Power Fwd: 1 Rev: 0.121969

Mirror: mir1
	Channel:0
			l2:fixed:1000 			Carrier Lambda: 1000 nm --- E vars
				Mode 0
					(fwd: 42,44):  Pow: 8.7803080013e-01 Phi: 2.4311535844e+00  Mag: 9.3703297708e-01 E_f =  -7.1034183889e-01 + 6.1110168716e-01i
					(rev: 43,45):  Pow: 0.0000000000e+00 Phi: 0.0000000000e+00  Mag: 0.0000000000e+00 E_f =  0.0000000000e+00 + 0.0000000000e+00i
								Total Power Fwd: 0.878031 Rev: 0



***** Node Operating Point Values 
	wg1                           	Port: 1 
	                              	mode: l1:fixed:1000 
	                              		dir: FWD
	                              			TE Fields: 1.0000000000e+00 0.0000000000e+00 

	wg1                           	Port: 2 
	                              	mode: l2:fixed:1000 
	                              		dir: FWD
	                              			TE Fields: 9.3703297708e-01 2.4311535844e+00 

	v1                            	Port:     1	V = 1.0000000000e+00
	v1                            	Port:     1	I = 0.0000000000e+00
	v1                            	Port:     2	I = -0.0000000000e+00
	v2                            	Port:     1	V = 0.0000000000e+00
	v2                            	Port:     1	I = 0.0000000000e+00
	v2                            	Port:     2	I = -0.0000000000e+00
	cw1                           	Port:     1	V = 1.0000000000e+00
	cw1                           	Port:     1	I = -0.0000000000e+00
	cw1                           	Port:     2	V = 0.0000000000e+00
	cw1                           	Port:     2	I = -0.0000000000e+00
	cw1                           	Port: 3 
	                              	mode: l1:fixed:1000 
	                              		dir: FWD
	                              			TE Fields: 1.0000000000e+00 0.0000000000e+00 
	                              			TM Fields: 0.0000000000e+00 0.0000000000e+00 
	                              		dir: REV
	                              			TE Fields: -2.2776327287e-01 -2.6475099886e-01 
	                              			TM Fields: 0.0000000000e+00 0.0000000000e+00 

	wg1                           	Port: 1 
	                              	mode: l1:fixed:1000 
	                              		dir: FWD
	                              			TE Fields: 1.0000000000e+00 0.0000000000e+00 
	                              			TM Fields: 0.0000000000e+00 0.0000000000e+00 
	                              		dir: REV
	                              			TE Fields: -2.2776327287e-01 -2.6475099886e-01 
	                              			TM Fields: 0.0000000000e+00 0.0000000000e+00 

	wg1                           	Port: 2 
	                              	mode: l2:fixed:1000 
	                              		dir: FWD
	                              			TE Fields: -7.1034183889e-01 6.1110168716e-01 
	                              			TM Fields: 0.0000000000e+00 0.0000000000e+00 
	                              		dir: REV
	                              			TE Fields: 0.0000000000e+00 0.0000000000e+00 
	                              			TM Fields: 0.0000000000e+00 0.0000000000e+00 

	wg1:exp                       	Port: 1 
	                              	mode: l1:fixed:1000 
	                              		dir: FWD
	                              			TE Fields: 1.0000000000e+00 0.0000000000e+00 
	                              			TM Fields: 0.0000000000e+00 0.0000000000e+00 
	                              		dir: REV
	                              			TE Fields: -2.2776327287e-01 -2.6475099886e-01 
	                              			TM Fields: 0.0000000000e+00 0.0000000000e+00 

	wg1:exp                       	Port: 2 
	                              	mode: l2:fixed:1000 
	                              		dir: FWD
	                              			TE Fields: -7.1034183889e-01 6.1110168716e-01 
	                              			TM Fields: 0.0000000000e+00 0.0000000000e+00 
	                              		dir: REV
	                              			TE Fields: 0.0000000000e+00 0.0000000000e+00 
	                              			TM Fields: 0.0000000000e+00 0.0000000000e+00 

	mir1                          	Port: 1 
	                              	mode: l2:fixed:1000 
	                              		dir: FWD
	                              			TE Fields: -7.1034183889e-01 6.1110168716e-01 
	                              			TM Fields: 0.0000000000e+00 0.0000000000e+00 
	                              		dir: REV
	                              			TE Fields: 0.0000000000e+00 0.0000000000e+00 
	                              			TM Fields: 0.0000000000e+00 0.0000000000e+00 


***** 
		Final Evars non-Linear Scatter pass:

***** Element Operating point info:

MultiLayerFilterExp: wg1:exp 
	(Explicit Filtering -- T = 300.15 -- E to E)
	Channel: 0
		 Input: l1:fixed:1000
			l1:fixed:1000 			Carrier Lambda: 1000 nm --- E vars
				Mode 0
					(fwd: 14,16):  Pow: 1.0000000000e+00 Phi: 0.0000000000e+00  Mag: 1.0000000000e+00 E_f =  1.0000000000e+00 + 0.0000000000e+00i
					(rev: 15,17):  Pow: 1.2196919987e-01 Phi: -2.2812353960e+00  Mag: 3.4924089089e-01 E_f =  -2.2776327287e-01 + -2.6475099886e-01i
								Total Power Fwd: 1 Rev: 0.121969

			Extra
					(rev: 46,47):  Pow: 1.2196919987e-01 Phi: -2.2812353960e+00  Mag: 3.4924089089e-01 E_f =  -2.2776327287e-01 + -2.6475099886e-01i
								Total Power Fwd: 0 Rev: 0.121969

		Interface (0): wg1:exp:c(0):I1(0) T= 300.15 NonLinear
			N1 = 1.1 N2 = 2 (2)T = 300.15
				Tf^2 = 0.915713 Rf^2 = 0.0842872  Tb^2 = 0.915713 Rb^2 = 0.0842872 Tf+Rf = 1 Tb+Rb = 1 
			Rf = -0.290323 	Tf = 0.956929 	Rb = 0.290323 	Tb = 0.956929 

		 Layer (1) Phi= -35.1858 (-3.76991)  Atten = 1 N = 2 V1 = 0 V2 = 0 T = 300.15
			Inter1: wg1:exp:inter1(0):fixed:1000 (Es)
			wg1:exp:inter1(0):fixed:1000 			Carrier Lambda: 1000 nm --- E vars
				Mode 0
					(fwd: 26,28):  Pow: 9.5884954423e-01 Phi: -8.2120538515e-02  Mag: 9.7920863162e-01 E_f =  9.7590870156e-01 + -8.0322789159e-02i
					(rev: 27,29):  Pow: 8.0818744102e-02 Phi: -1.3387576000e+00  Mag: 2.8428637692e-01 E_f =  6.5375088881e-02 + -2.7666738488e-01i
								Total Power Fwd: 0.95885 Rev: 0.0808187

			Inter2: wg1:exp:inter2(0):fixed:1000 (Es)
			wg1:exp:inter2(0):fixed:1000 			Carrier Lambda: 1000 nm --- E vars
				Mode 0
					(fwd: 30,32):  Pow: 9.5884954423e-01 Phi: 2.4311535844e+00  Mag: 9.7920863162e-01 E_f =  -7.4231417363e-01 + 6.3860724382e-01i
					(rev: 31,33):  Pow: 8.0818744103e-02 Phi: 2.4311535844e+00  Mag: 2.8428637692e-01 E_f =  -2.1551056654e-01 + 1.8540210305e-01i
								Total Power Fwd: 0.95885 Rev: 0.0808187

			Inter3: wg1:exp:inter3(0):fixed:1000 (Es) dt = 1.86796e-14
			wg1:exp:inter3(0):fixed:1000 			Carrier Lambda: 1000 nm --- E vars
				Mode 0
					(fwd: 34,36):  Pow: 9.5884954423e-01 Phi: 2.4311535844e+00  Mag: 9.7920863162e-01 E_f =  -7.4231417363e-01 + 6.3860724382e-01i
					(rev: 35,37):  Pow: 8.0818744103e-02 Phi: 2.4311535844e+00  Mag: 2.8428637692e-01 E_f =  -2.1551056654e-01 + 1.8540210305e-01i
								Total Power Fwd: 0.95885 Rev: 0.0808187

			ExtraNodes (Es)
			Delay queues (Es):
				Mode 0
					(fwd: 38,39):  Pow: 9.5884954423e-01 Phi: 2.4311535844e+00  Mag: 9.7920863162e-01 E_f =  -7.4231417363e-01 + 6.3860724382e-01i
					(rev: 40,41):  Pow: 8.0818744102e-02 Phi: -1.3387576000e+00  Mag: 2.8428637692e-01 E_f =  6.5375088881e-02 + -2.7666738488e-01i
								Total Power Fwd: 0.95885 Rev: 0.0808187

			Extra Inter1
				Mode 0
					(fwd: 48,49):  Pow: 9.5884954423e-01 Phi: -8.2120538515e-02  Mag: 9.7920863162e-01 E_f =  9.7590870156e-01 + -8.0322789159e-02i
								Total Power Fwd: 0.95885 Rev: 0

		Interface (1): wg1:exp:c(0):I1(1) T = 300.15 NonLinear
			N1 = 2 (2) N2 = 1.1
				Tf^2 = 0.915713 Rf^2 = 0.0842872  Tb^2 = 0.915713 Rb^2 = 0.0842872 Tf+Rf = 1 Tb+Rb = 1 
			Rf = 0.290323 	Tf = 0.956929 	Rb = -0.290323 	Tb = 0.956929 

		 Output: l2:fixed:1000
			l2:fixed:1000 			Carrier Lambda: 1000 nm --- E vars
				Mode 0
					(fwd: 42,44):  Pow: 8.7803080013e-01 Phi: 2.4311535844e+00  Mag: 9.3703297708e-01 E_f =  -7.1034183889e-01 + 6.1110168716e-01i
					(rev: 43,45):  Pow: 0.0000000000e+00 Phi: 0.0000000000e+00  Mag: 0.0000000000e+00 E_f =  0.0000000000e+00 + 0.0000000000e+00i
								Total Power Fwd: 0.878031 Rev: 0

			Extra
				Mode 0
					(fwd: 56,57):  Pow: 8.7803080013e-01 Phi: 2.4311535844e+00  Mag: 9.3703297708e-01 E_f =  -7.1034183889e-01 + 6.1110168716e-01i
								Total Power Fwd: 0.878031 Rev: 0

IndSource:                       v1 (V source)
			V: 1.0000000000e+00 I: 0.0000000000e+00 

IndSource:                       v2 (V source)
			V: 0.0000000000e+00 I: 0.0000000000e+00 

Cw_Source: cw1 
	 Channel : 0 -- n1: 18 n2: 20 -- Fixed Lambda
		 Freqshift: 0
			l1:fixed:1000 			Carrier Lambda: 1000 nm --- E vars
				Mode 0
					(fwd: 14,16):  Pow: 1.0000000000e+00 Phi: 0.0000000000e+00  Mag: 1.0000000000e+00 E_f =  1.0000000000e+00 + 0.0000000000e+00i
					(rev: 15,17):  Pow: 1.2196919987e-01 Phi: -2.2812353960e+00  Mag: 3.4924089089e-01 E_f =  -2.2776327287e-01 + -2.6475099886e-01i
								Total Power Fwd: 1 Rev: 0.121969

Mirror: mir1
	Channel:0
			l2:fixed:1000 			Carrier Lambda: 1000 nm --- E vars
				Mode 0
					(fwd: 42,44):  Pow: 8.7803080013e-01 Phi: 2.4311535844e+00  Mag: 9.3703297708e-01 E_f =  -7.1034183889e-01 + 6.1110168716e-01i
					(rev: 43,45):  Pow: 0.0000000000e+00 Phi: 0.0000000000e+00  Mag: 0.0000000000e+00 E_f =  0.0000000000e+00 + 0.0000000000e+00i
								Total Power Fwd: 0.878031 Rev: 0



***** Node Operating Point Values 
	wg1                           	Port: 1 
	                              	mode: l1:fixed:1000 
	                              		dir: FWD
	                              			TE Fields: 1.0000000000e+00 0.0000000000e+00 

	wg1                           	Port: 2 
	                              	mode: l2:fixed:1000 
	                              		dir: FWD
	                              			TE Fields: 9.3703297708e-01 2.4311535844e+00 

	v1                            	Port:     1	V = 1.0000000000e+00
	v1                            	Port:     1	I = 0.0000000000e+00
	v1                            	Port:     2	I = -0.0000000000e+00
	v2                            	Port:     1	V = 0.0000000000e+00
	v2                            	Port:     1	I = 0.0000000000e+00
	v2                            	Port:     2	I = -0.0000000000e+00
	cw1                           	Port:     1	V = 1.0000000000e+00
	cw1                           	Port:     1	I = -0.0000000000e+00
	cw1                           	Port:     2	V = 0.0000000000e+00
	cw1                           	Port:     2	I = -0.0000000000e+00
	cw1                           	Port: 3 
	                              	mode: l1:fixed:1000 
	                              		dir: FWD
	                              			TE Fields: 1.0000000000e+00 0.0000000000e+00 
	                              			TM Fields: 0.0000000000e+00 0.0000000000e+00 
	                              		dir: REV
	                              			TE Fields: -2.2776327287e-01 -2.6475099886e-01 
	                              			TM Fields: 0.0000000000e+00 0.0000000000e+00 

	wg1                           	Port: 1 
	                              	mode: l1:fixed:1000 
	                              		dir: FWD
	                              			TE Fields: 1.0000000000e+00 0.0000000000e+00 
	                              			TM Fields: 0.0000000000e+00 0.0000000000e+00 
	                              		dir: REV
	                              			TE Fields: -2.2776327287e-01 -2.6475099886e-01 
	                              			TM Fields: 0.0000000000e+00 0.0000000000e+00 

	wg1                           	Port: 2 
	                              	mode: l2:fixed:1000 
	                              		dir: FWD
	                              			TE Fields: -7.1034183889e-01 6.1110168716e-01 
	                              			TM Fields: 0.0000000000e+00 0.0000000000e+00 
	                              		dir: REV
	                              			TE Fields: 0.0000000000e+00 0.0000000000e+00 
	                              			TM Fields: 0.0000000000e+00 0.0000000000e+00 

	wg1:exp                       	Port: 1 
	                              	mode: l1:fixed:1000 
	                              		dir: FWD
	                              			TE Fields: 1.0000000000e+00 0.0000000000e+00 
	                              			TM Fields: 0.0000000000e+00 0.0000000000e+00 
	                              		dir: REV
	                              			TE Fields: -2.2776327287e-01 -2.6475099886e-01 
	                              			TM Fields: 0.0000000000e+00 0.0000000000e+00 

	wg1:exp                       	Port: 2 
	                              	mode: l2:fixed:1000 
	                              		dir: FWD
	                              			TE Fields: -7.1034183889e-01 6.1110168716e-01 
	                              			TM Fields: 0.0000000000e+00 0.0000000000e+00 
	                              		dir: REV
	                              			TE Fields: 0.0000000000e+00 0.0000000000e+00 
	                              			TM Fields: 0.0000000000e+00 0.0000000000e+00 

	mir1                          	Port: 1 
	                              	mode: l2:fixed:1000 
	                              		dir: FWD
	                              			TE Fields: -7.1034183889e-01 6.1110168716e-01 
	                              			TM Fields: 0.0000000000e+00 0.0000000000e+00 
	                              		dir: REV
	                              			TE Fields: 0.0000000000e+00 0.0000000000e+00 
	                              			TM Fields: 0.0000000000e+00 0.0000000000e+00 


***** 
		DC iterations =  2 (extra -1). Cond 0.0748488
			Total num iter: 5
		Final pass (forced MPtotMP):
Before:

***** Element Operating point info:

MultiLayerFilterExp: wg1:exp 
	(Explicit Filtering -- T = 300.15 -- E to E)
	Channel: 0
		 Input: l1:fixed:1000
			l1:fixed:1000 			Carrier Lambda: 1000 nm --- E vars
				Mode 0
					(fwd: 14,16):  Pow: 1.0000000000e+00 Phi: 0.0000000000e+00  Mag: 1.0000000000e+00 E_f =  1.0000000000e+00 + 0.0000000000e+00i
					(rev: 15,17):  Pow: 1.2196919987e-01 Phi: -2.2812353960e+00  Mag: 3.4924089089e-01 E_f =  -2.2776327287e-01 + -2.6475099886e-01i
								Total Power Fwd: 1 Rev: 0.121969

			Extra
					(rev: 46,47):  Pow: 1.2196919987e-01 Phi: -2.2812353960e+00  Mag: 3.4924089089e-01 E_f =  -2.2776327287e-01 + -2.6475099886e-01i
								Total Power Fwd: 0 Rev: 0.121969

		Interface (0): wg1:exp:c(0):I1(0) T= 300.15 NonLinear
			N1 = 1.1 N2 = 2 (2)T = 300.15
				Tf^2 = 0.915713 Rf^2 = 0.0842872  Tb^2 = 0.915713 Rb^2 = 0.0842872 Tf+Rf = 1 Tb+Rb = 1 
			Rf = -0.290323 	Tf = 0.956929 	Rb = 0.290323 	Tb = 0.956929 

		 Layer (1) Phi= -35.1858 (-3.76991)  Atten = 1 N = 2 V1 = 0 V2 = 0 T = 300.15
			Inter1: wg1:exp:inter1(0):fixed:1000 (Es)
			wg1:exp:inter1(0):fixed:1000 			Carrier Lambda: 1000 nm --- E vars
				Mode 0
					(fwd: 26,28):  Pow: 9.5884954423e-01 Phi: -8.2120538515e-02  Mag: 9.7920863162e-01 E_f =  9.7590870156e-01 + -8.0322789159e-02i
					(rev: 27,29):  Pow: 8.0818744102e-02 Phi: -1.3387576000e+00  Mag: 2.8428637692e-01 E_f =  6.5375088881e-02 + -2.7666738488e-01i
								Total Power Fwd: 0.95885 Rev: 0.0808187

			Inter2: wg1:exp:inter2(0):fixed:1000 (Es)
			wg1:exp:inter2(0):fixed:1000 			Carrier Lambda: 1000 nm --- E vars
				Mode 0
					(fwd: 30,32):  Pow: 9.5884954423e-01 Phi: 2.4311535844e+00  Mag: 9.7920863162e-01 E_f =  -7.4231417363e-01 + 6.3860724382e-01i
					(rev: 31,33):  Pow: 8.0818744103e-02 Phi: 2.4311535844e+00  Mag: 2.8428637692e-01 E_f =  -2.1551056654e-01 + 1.8540210305e-01i
								Total Power Fwd: 0.95885 Rev: 0.0808187

			Inter3: wg1:exp:inter3(0):fixed:1000 (Es) dt = 1.86796e-14
			wg1:exp:inter3(0):fixed:1000 			Carrier Lambda: 1000 nm --- E vars
				Mode 0
					(fwd: 34,36):  Pow: 9.5884954423e-01 Phi: 2.4311535844e+00  Mag: 9.7920863162e-01 E_f =  -7.4231417363e-01 + 6.3860724382e-01i
					(rev: 35,37):  Pow: 8.0818744103e-02 Phi: 2.4311535844e+00  Mag: 2.8428637692e-01 E_f =  -2.1551056654e-01 + 1.8540210305e-01i
								Total Power Fwd: 0.95885 Rev: 0.0808187

			ExtraNodes (Es)
			Delay queues (Es):
				Mode 0
					(fwd: 38,39):  Pow: 9.5884954423e-01 Phi: 2.4311535844e+00  Mag: 9.7920863162e-01 E_f =  -7.4231417363e-01 + 6.3860724382e-01i
					(rev: 40,41):  Pow: 8.0818744102e-02 Phi: -1.3387576000e+00  Mag: 2.8428637692e-01 E_f =  6.5375088881e-02 + -2.7666738488e-01i
								Total Power Fwd: 0.95885 Rev: 0.0808187

			Extra Inter1
				Mode 0
					(fwd: 48,49):  Pow: 9.5884954423e-01 Phi: -8.2120538515e-02  Mag: 9.7920863162e-01 E_f =  9.7590870156e-01 + -8.0322789159e-02i
								Total Power Fwd: 0.95885 Rev: 0

		Interface (1): wg1:exp:c(0):I1(1) T = 300.15 NonLinear
			N1 = 2 (2) N2 = 1.1
				Tf^2 = 0.915713 Rf^2 = 0.0842872  Tb^2 = 0.915713 Rb^2 = 0.0842872 Tf+Rf = 1 Tb+Rb = 1 
			Rf = 0.290323 	Tf = 0.956929 	Rb = -0.290323 	Tb = 0.956929 

		 Output: l2:fixed:1000
			l2:fixed:1000 			Carrier Lambda: 1000 nm --- E vars
				Mode 0
					(fwd: 42,44):  Pow: 8.7803080013e-01 Phi: 2.4311535844e+00  Mag: 9.3703297708e-01 E_f =  -7.1034183889e-01 + 6.1110168716e-01i
					(rev: 43,45):  Pow: 0.0000000000e+00 Phi: 0.0000000000e+00  Mag: 0.0000000000e+00 E_f =  0.0000000000e+00 + 0.0000000000e+00i
								Total Power Fwd: 0.878031 Rev: 0

			Extra
				Mode 0
					(fwd: 56,57):  Pow: 8.7803080013e-01 Phi: 2.4311535844e+00  Mag: 9.3703297708e-01 E_f =  -7.1034183889e-01 + 6.1110168716e-01i
								Total Power Fwd: 0.878031 Rev: 0

IndSource:                       v1 (V source)
			V: 1.0000000000e+00 I: 0.0000000000e+00 

IndSource:                       v2 (V source)
			V: 0.0000000000e+00 I: 0.0000000000e+00 

Cw_Source: cw1 
	 Channel : 0 -- n1: 18 n2: 20 -- Fixed Lambda
		 Freqshift: 0
			l1:fixed:1000 			Carrier Lambda: 1000 nm --- E vars
				Mode 0
					(fwd: 14,16):  Pow: 1.0000000000e+00 Phi: 0.0000000000e+00  Mag: 1.0000000000e+00 E_f =  1.0000000000e+00 + 0.0000000000e+00i
					(rev: 15,17):  Pow: 1.2196919987e-01 Phi: -2.2812353960e+00  Mag: 3.4924089089e-01 E_f =  -2.2776327287e-01 + -2.6475099886e-01i
								Total Power Fwd: 1 Rev: 0.121969

Mirror: mir1
	Channel:0
			l2:fixed:1000 			Carrier Lambda: 1000 nm --- E vars
				Mode 0
					(fwd: 42,44):  Pow: 8.7803080013e-01 Phi: 2.4311535844e+00  Mag: 9.3703297708e-01 E_f =  -7.1034183889e-01 + 6.1110168716e-01i
					(rev: 43,45):  Pow: 0.0000000000e+00 Phi: 0.0000000000e+00  Mag: 0.0000000000e+00 E_f =  0.0000000000e+00 + 0.0000000000e+00i
								Total Power Fwd: 0.878031 Rev: 0



***** Node Operating Point Values 
	wg1                           	Port: 1 
	                              	mode: l1:fixed:1000 
	                              		dir: FWD
	                              			TE Fields: 1.0000000000e+00 0.0000000000e+00 

	wg1                           	Port: 2 
	                              	mode: l2:fixed:1000 
	                              		dir: FWD
	                              			TE Fields: 9.3703297708e-01 2.4311535844e+00 

	v1                            	Port:     1	V = 1.0000000000e+00
	v1                            	Port:     1	I = 0.0000000000e+00
	v1                            	Port:     2	I = -0.0000000000e+00
	v2                            	Port:     1	V = 0.0000000000e+00
	v2                            	Port:     1	I = 0.0000000000e+00
	v2                            	Port:     2	I = -0.0000000000e+00
	cw1                           	Port:     1	V = 1.0000000000e+00
	cw1                           	Port:     1	I = -0.0000000000e+00
	cw1                           	Port:     2	V = 0.0000000000e+00
	cw1                           	Port:     2	I = -0.0000000000e+00
	cw1                           	Port: 3 
	                              	mode: l1:fixed:1000 
	                              		dir: FWD
	                              			TE Fields: 1.0000000000e+00 0.0000000000e+00 
	                              			TM Fields: 0.0000000000e+00 0.0000000000e+00 
	                              		dir: REV
	                              			TE Fields: -2.2776327287e-01 -2.6475099886e-01 
	                              			TM Fields: 0.0000000000e+00 0.0000000000e+00 

	wg1                           	Port: 1 
	                              	mode: l1:fixed:1000 
	                              		dir: FWD
	                              			TE Fields: 1.0000000000e+00 0.0000000000e+00 
	                              			TM Fields: 0.0000000000e+00 0.0000000000e+00 
	                              		dir: REV
	                              			TE Fields: -2.2776327287e-01 -2.6475099886e-01 
	                              			TM Fields: 0.0000000000e+00 0.0000000000e+00 

	wg1                           	Port: 2 
	                              	mode: l2:fixed:1000 
	                              		dir: FWD
	                              			TE Fields: -7.1034183889e-01 6.1110168716e-01 
	                              			TM Fields: 0.0000000000e+00 0.0000000000e+00 
	                              		dir: REV
	                              			TE Fields: 0.0000000000e+00 0.0000000000e+00 
	                              			TM Fields: 0.0000000000e+00 0.0000000000e+00 

	wg1:exp                       	Port: 1 
	                              	mode: l1:fixed:1000 
	                              		dir: FWD
	                              			TE Fields: 1.0000000000e+00 0.0000000000e+00 
	                              			TM Fields: 0.0000000000e+00 0.0000000000e+00 
	                              		dir: REV
	                              			TE Fields: -2.2776327287e-01 -2.6475099886e-01 
	                              			TM Fields: 0.0000000000e+00 0.0000000000e+00 

	wg1:exp                       	Port: 2 
	                              	mode: l2:fixed:1000 
	                              		dir: FWD
	                              			TE Fields: -7.1034183889e-01 6.1110168716e-01 
	                              			TM Fields: 0.0000000000e+00 0.0000000000e+00 
	                              		dir: REV
	                              			TE Fields: 0.0000000000e+00 0.0000000000e+00 
	                              			TM Fields: 0.0000000000e+00 0.0000000000e+00 

	mir1                          	Port: 1 
	                              	mode: l2:fixed:1000 
	                              		dir: FWD
	                              			TE Fields: -7.1034183889e-01 6.1110168716e-01 
	                              			TM Fields: 0.0000000000e+00 0.0000000000e+00 
	                              		dir: REV
	                              			TE Fields: 0.0000000000e+00 0.0000000000e+00 
	                              			TM Fields: 0.0000000000e+00 0.0000000000e+00 


***** 
After:

***** Element Operating point info:

MultiLayerFilterExp: wg1:exp 
	(Explicit Filtering -- T = 300.15 -- E to E)
	Channel: 0
		 Input: l1:fixed:1000
			l1:fixed:1000  Carrier Lambda: 1000 nm  -- MP vars
				Mode 0
					(fwd: 14,16):  Pow: 1.0000000000e+00 Phi: 0.0000000000e+00  Mag: 1.0000000000e+00 E_f =  1.0000000000e+00 + 0.0000000000e+00i
					(rev: 15,17):  Pow: 1.2196919987e-01 Phi: -2.2812353960e+00  Mag: 3.4924089089e-01 E_f =  -2.2776327287e-01 + -2.6475099886e-01i
								Total Power Fwd: 1 Rev: 0.121969

			Extra
					(rev: 46,47):  Pow: 1.2196919987e-01 Phi: -2.2812353960e+00  Mag: 3.4924089089e-01 E_f =  -2.2776327287e-01 + -2.6475099886e-01i
								Total Power Fwd: 0 Rev: 0.121969

		Interface (0): wg1:exp:c(0):I1(0) T= 300.15 NonLinear
			N1 = 1.1 N2 = 2 (2)T = 300.15
				Tf^2 = 0.915713 Rf^2 = 0.0842872  Tb^2 = 0.915713 Rb^2 = 0.0842872 Tf+Rf = 1 Tb+Rb = 1 
			Rf = -0.290323 	Tf = 0.956929 	Rb = 0.290323 	Tb = 0.956929 

		 Layer (1) Phi= -35.1858 (-3.76991)  Atten = 1 N = 2 V1 = 0 V2 = 0 T = 300.15
			Inter1: wg1:exp:inter1(0):fixed:1000 (MP)
			wg1:exp:inter1(0):fixed:1000  Carrier Lambda: 1000 nm  -- MP vars
				Mode 0
					(fwd: 26,28):  Pow: 9.5884954423e-01 Phi: -8.2120538515e-02  Mag: 9.7920863162e-01 E_f =  9.7590870156e-01 + -8.0322789159e-02i
					(rev: 27,29):  Pow: 8.0818744103e-02 Phi: -3.2754684136e+01  Mag: 2.8428637692e-01 E_f =  6.5375088882e-02 + -2.7666738488e-01i
								Total Power Fwd: 0.95885 Rev: 0.0808187

			Inter2: wg1:exp:inter2(0):fixed:1000 (MP)
			wg1:exp:inter2(0):fixed:1000  Carrier Lambda: 1000 nm  -- MP vars
				Mode 0
					(fwd: 30,32):  Pow: 9.5884954423e-01 Phi: -3.5267958259e+01  Mag: 9.7920863162e-01 E_f =  -7.4231417363e-01 + 6.3860724382e-01i
					(rev: 31,33):  Pow: 8.0818744103e-02 Phi: 2.4311535844e+00  Mag: 2.8428637692e-01 E_f =  -2.1551056654e-01 + 1.8540210305e-01i
								Total Power Fwd: 0.95885 Rev: 0.0808187

			Inter3: wg1:exp:inter3(0):fixed:1000 (MP) dt = 1.86796e-14
			wg1:exp:inter3(0):fixed:1000  Carrier Lambda: 1000 nm  -- MP vars
				Mode 0
					(fwd: 34,36):  Pow: 9.5884954423e-01 Phi: -3.5267958259e+01  Mag: 9.7920863162e-01 E_f =  -7.4231417363e-01 + 6.3860724382e-01i
					(rev: 35,37):  Pow: 8.0818744103e-02 Phi: 2.4311535844e+00  Mag: 2.8428637692e-01 E_f =  -2.1551056654e-01 + 1.8540210305e-01i
								Total Power Fwd: 0.95885 Rev: 0.0808187

			ExtraNodes (MP)
			Delay queues (MP):
				Mode 0
					(fwd: 38,39):  Pow: 9.5884954423e-01 Phi: -3.5267958259e+01  Mag: 9.7920863162e-01 E_f =  -7.4231417363e-01 + 6.3860724382e-01i
					(rev: 40,41):  Pow: 8.0818744103e-02 Phi: -3.2754684136e+01  Mag: 2.8428637692e-01 E_f =  6.5375088882e-02 + -2.7666738488e-01i
								Total Power Fwd: 0.95885 Rev: 0.0808187

			Extra Inter1
				Mode 0
					(fwd: 48,49):  Pow: 9.5884954423e-01 Phi: -8.2120538515e-02  Mag: 9.7920863162e-01 E_f =  9.7590870156e-01 + -8.0322789159e-02i
								Total Power Fwd: 0.95885 Rev: 0

		Interface (1): wg1:exp:c(0):I1(1) T = 300.15 NonLinear
			N1 = 2 (2) N2 = 1.1
				Tf^2 = 0.915713 Rf^2 = 0.0842872  Tb^2 = 0.915713 Rb^2 = 0.0842872 Tf+Rf = 1 Tb+Rb = 1 
			Rf = 0.290323 	Tf = 0.956929 	Rb = -0.290323 	Tb = 0.956929 

		 Output: l2:fixed:1000
			l2:fixed:1000  Carrier Lambda: 1000 nm  -- MP vars
				Mode 0
					(fwd: 42,44):  Pow: 8.7803080013e-01 Phi: 2.4311535844e+00  Mag: 9.3703297708e-01 E_f =  -7.1034183889e-01 + 6.1110168716e-01i
					(rev: 43,45):  Pow: 0.0000000000e+00 Phi: 0.0000000000e+00  Mag: 0.0000000000e+00 E_f =  0.0000000000e+00 + 0.0000000000e+00i
								Total Power Fwd: 0.878031 Rev: 0

			Extra
				Mode 0
					(fwd: 56,57):  Pow: 8.7803080013e-01 Phi: 2.4311535844e+00  Mag: 9.3703297708e-01 E_f =  -7.1034183889e-01 + 6.1110168716e-01i
								Total Power Fwd: 0.878031 Rev: 0

IndSource:                       v1 (V source)
			V: 1.0000000000e+00 I: 0.0000000000e+00 

IndSource:                       v2 (V source)
			V: 0.0000000000e+00 I: 0.0000000000e+00 

Cw_Source: cw1 
	 Channel : 0 -- n1: 18 n2: 20 -- Fixed Lambda
		 Freqshift: 0
			l1:fixed:1000  Carrier Lambda: 1000 nm  -- MP vars
				Mode 0
					(fwd: 14,16):  Pow: 1.0000000000e+00 Phi: 0.0000000000e+00  Mag: 1.0000000000e+00 E_f =  1.0000000000e+00 + 0.0000000000e+00i
					(rev: 15,17):  Pow: 1.2196919987e-01 Phi: -2.2812353960e+00  Mag: 3.4924089089e-01 E_f =  -2.2776327287e-01 + -2.6475099886e-01i
								Total Power Fwd: 1 Rev: 0.121969

Mirror: mir1
	Channel:0
			l2:fixed:1000  Carrier Lambda: 1000 nm  -- MP vars
				Mode 0
					(fwd: 42,44):  Pow: 8.7803080013e-01 Phi: 2.4311535844e+00  Mag: 9.3703297708e-01 E_f =  -7.1034183889e-01 + 6.1110168716e-01i
					(rev: 43,45):  Pow: 0.0000000000e+00 Phi: 0.0000000000e+00  Mag: 0.0000000000e+00 E_f =  0.0000000000e+00 + 0.0000000000e+00i
								Total Power Fwd: 0.878031 Rev: 0



***** Node Operating Point Values 
	wg1                           	Port: 1 
	                              	mode: l1:fixed:1000 
	                              		dir: FWD
	                              			TE Fields: 1.0000000000e+00 0.0000000000e+00 

	wg1                           	Port: 2 
	                              	mode: l2:fixed:1000 
	                              		dir: FWD
	                              			TE Fields: 9.3703297708e-01 2.4311535844e+00 

	v1                            	Port:     1	V = 1.0000000000e+00
	v1                            	Port:     1	I = 0.0000000000e+00
	v1                            	Port:     2	I = -0.0000000000e+00
	v2                            	Port:     1	V = 0.0000000000e+00
	v2                            	Port:     1	I = 0.0000000000e+00
	v2                            	Port:     2	I = -0.0000000000e+00
	cw1                           	Port:     1	V = 1.0000000000e+00
	cw1                           	Port:     1	I = -0.0000000000e+00
	cw1                           	Port:     2	V = 0.0000000000e+00
	cw1                           	Port:     2	I = -0.0000000000e+00
	cw1                           	Port: 3 
	                              	mode: l1:fixed:1000 
	                              		dir: FWD
	                              			TE Fields: 1.0000000000e+00 0.0000000000e+00 
	                              			TM Fields: 0.0000000000e+00 0.0000000000e+00 
	                              		dir: REV
	                              			TE Fields: -2.2776327287e-01 -2.6475099886e-01 
	                              			TM Fields: 0.0000000000e+00 0.0000000000e+00 

	wg1                           	Port: 1 
	                              	mode: l1:fixed:1000 
	                              		dir: FWD
	                              			TE Fields: 1.0000000000e+00 0.0000000000e+00 
	                              			TM Fields: 0.0000000000e+00 0.0000000000e+00 
	                              		dir: REV
	                              			TE Fields: -2.2776327287e-01 -2.6475099886e-01 
	                              			TM Fields: 0.0000000000e+00 0.0000000000e+00 

	wg1                           	Port: 2 
	                              	mode: l2:fixed:1000 
	                              		dir: FWD
	                              			TE Fields: -7.1034183889e-01 6.1110168716e-01 
	                              			TM Fields: 0.0000000000e+00 0.0000000000e+00 
	                              		dir: REV
	                              			TE Fields: 0.0000000000e+00 0.0000000000e+00 
	                              			TM Fields: 0.0000000000e+00 0.0000000000e+00 

	wg1:exp                       	Port: 1 
	                              	mode: l1:fixed:1000 
	                              		dir: FWD
	                              			TE Fields: 1.0000000000e+00 0.0000000000e+00 
	                              			TM Fields: 0.0000000000e+00 0.0000000000e+00 
	                              		dir: REV
	                              			TE Fields: -2.2776327287e-01 -2.6475099886e-01 
	                              			TM Fields: 0.0000000000e+00 0.0000000000e+00 

	wg1:exp                       	Port: 2 
	                              	mode: l2:fixed:1000 
	                              		dir: FWD
	                              			TE Fields: -7.1034183889e-01 6.1110168716e-01 
	                              			TM Fields: 0.0000000000e+00 0.0000000000e+00 
	                              		dir: REV
	                              			TE Fields: 0.0000000000e+00 0.0000000000e+00 
	                              			TM Fields: 0.0000000000e+00 0.0000000000e+00 

	mir1                          	Port: 1 
	                              	mode: l2:fixed:1000 
	                              		dir: FWD
	                              			TE Fields: -7.1034183889e-01 6.1110168716e-01 
	                              			TM Fields: 0.0000000000e+00 0.0000000000e+00 
	                              		dir: REV
	                              			TE Fields: 0.0000000000e+00 0.0000000000e+00 
	                              			TM Fields: 0.0000000000e+00 0.0000000000e+00 


***** 
		DC iterations =  3 (extra 1). Cond 0.0149621
			Total num iter: 8
X: 1.000000000000000e+03 1.000000000000000e+00 1.000000000000000e+00 0.000000000000000e+00 -0.000000000000000e+00 -0.000000000000000e+00 0.000000000000000e+00 0.000000000000000e+00 0.000000000000000e+00 0.000000000000000e+00 -0.000000000000000e+00 -0.000000000000000e+00 0.000000000000000e+00 1.000000000000000e+00 3.492408908713345e-01 0.000000000000000e+00 -2.281235395994226e+00 1.000000000000000e+00 -0.000000000000000e+00 -0.000000000000000e+00 -0.000000000000000e+00 1.000000000000000e+00 0.000000000000000e+00 0.000000000000000e+00 0.000000000000000e+00 9.792086316228090e-01 2.842863769218980e-01 -8.212053851366376e-02 -3.275468413578190e+01 9.792086316218297e-01 2.842863769221823e-01 -3.526795825868407e+01 2.431153584391019e+00 9.792086316218297e-01 2.842863769221823e-01 -3.526795825868407e+01 2.431153584391019e+00 9.792086316218297e-01 -3.526795825868407e+01 2.842863769218980e-01 -3.275468413578190e+01 9.370329770809761e-01 0.000000000000000e+00 2.431153584391019e+00 0.000000000000000e+00 3.492408908713345e-01 -2.281235395994226e+00 9.792086316228090e-01 -8.212053851366376e-02 0.000000000000000e+00 0.000000000000000e+00 0.000000000000000e+00 0.000000000000000e+00 2.842863769221823e-01 2.431153584391019e+00 9.370329770809761e-01 2.431153584391019e+00 0.000000000000000e+00 0.000000000000000e+00 0.000000000000000e+00 0.000000000000000e+00 0.000000000000000e+00 0.000000000000000e+00 0.000000000000000e+00 0.000000000000000e+00 

Operating point
1000 1 1 0 -0 -0 0 0 0 0 -0 -0 0 1 0.349241 0 -2.28124 1 -0 -0 -0 1 0 0 0 0.979209 0.284286 -0.0821205 -32.7547 0.979209 0.284286 -35.268 2.43115 0.979209 0.284286 -35.268 2.43115 0.979209 -35.268 0.284286 -32.7547 0.937033 0 2.43115 0 0.349241 -2.28124 0.979209 -0.0821205 0 0 0 0 0.284286 2.43115 0.937033 2.43115 0 0 0 0 0 0 0 0 

Transient

***** Element Operating point info:

MultiLayerFilterExp: wg1:exp 
	(Explicit Filtering -- T = 300.15 -- E to E)
	Channel: 0
		 Input: l1:fixed:1000
			l1:fixed:1000  Carrier Lambda: 1000 nm  -- MP vars
				Mode 0
					(fwd: 14,16):  Pow: 1.0000000000e+00 Phi: 0.0000000000e+00  Mag: 1.0000000000e+00 E_f =  1.0000000000e+00 + 0.0000000000e+00i
					(rev: 15,17):  Pow: 1.2196919986e-01 Phi: -2.2812353960e+00  Mag: 3.4924089087e-01 E_f =  -2.2776327285e-01 + -2.6475099886e-01i
								Total Power Fwd: 1 Rev: 0.121969

			Extra
					(rev: 46,47):  Pow: 1.2196919986e-01 Phi: -2.2812353960e+00  Mag: 3.4924089087e-01 E_f =  -2.2776327285e-01 + -2.6475099886e-01i
								Total Power Fwd: 0 Rev: 0.121969

		Interface (0): wg1:exp:c(0):I1(0) T= 300.15 NonLinear
			N1 = 1.1 N2 = 2 (2)T = 300.15
				Tf^2 = 0.915713 Rf^2 = 0.0842872  Tb^2 = 0.915713 Rb^2 = 0.0842872 Tf+Rf = 1 Tb+Rb = 1 
			Rf = -0.290323 	Tf = 0.956929 	Rb = 0.290323 	Tb = 0.956929 

		 Layer (1) Phi= -35.1858 (-3.76991)  Atten = 1 N = 2 V1 = 0 V2 = 0 T = 300.15
			Inter1: wg1:exp:inter1(0):fixed:1000 (MP)
			wg1:exp:inter1(0):fixed:1000  Carrier Lambda: 1000 nm  -- MP vars
				Mode 0
					(fwd: 26,28):  Pow: 9.5884954424e-01 Phi: -8.2120538514e-02  Mag: 9.7920863162e-01 E_f =  9.7590870156e-01 + -8.0322789158e-02i
					(rev: 27,29):  Pow: 8.0818744103e-02 Phi: -3.2754684136e+01  Mag: 2.8428637692e-01 E_f =  6.5375088900e-02 + -2.7666738488e-01i
								Total Power Fwd: 0.95885 Rev: 0.0808187

			Inter2: wg1:exp:inter2(0):fixed:1000 (MP)
			wg1:exp:inter2(0):fixed:1000  Carrier Lambda: 1000 nm  -- MP vars
				Mode 0
					(fwd: 30,32):  Pow: 9.5884954424e-01 Phi: -3.5267958259e+01  Mag: 9.7920863162e-01 E_f =  -7.4231417365e-01 + 6.3860724380e-01i
					(rev: 31,33):  Pow: 8.0818744104e-02 Phi: 2.4311535844e+00  Mag: 2.8428637692e-01 E_f =  -2.1551056654e-01 + 1.8540210304e-01i
								Total Power Fwd: 0.95885 Rev: 0.0808187

			Inter3: wg1:exp:inter3(0):fixed:1000 (MP) dt = 1.86796e-14
			wg1:exp:inter3(0):fixed:1000  Carrier Lambda: 1000 nm  -- MP vars
				Mode 0
					(fwd: 34,36):  Pow: 9.5884954424e-01 Phi: -3.5267958259e+01  Mag: 9.7920863162e-01 E_f =  -7.4231417365e-01 + 6.3860724380e-01i
					(rev: 35,37):  Pow: 8.0818744104e-02 Phi: 2.4311535844e+00  Mag: 2.8428637692e-01 E_f =  -2.1551056654e-01 + 1.8540210304e-01i
								Total Power Fwd: 0.95885 Rev: 0.0808187

			ExtraNodes (MP)
			Delay queues (MP):
				Mode 0
					(fwd: 38,39):  Pow: 9.5884954424e-01 Phi: -3.5267958259e+01  Mag: 9.7920863162e-01 E_f =  -7.4231417365e-01 + 6.3860724380e-01i
					(rev: 40,41):  Pow: 8.0818744103e-02 Phi: -3.2754684136e+01  Mag: 2.8428637692e-01 E_f =  6.5375088900e-02 + -2.7666738488e-01i
								Total Power Fwd: 0.95885 Rev: 0.0808187

			Extra Inter1
				Mode 0
					(fwd: 48,49):  Pow: 9.5884954424e-01 Phi: -8.2120538514e-02  Mag: 9.7920863162e-01 E_f =  9.7590870156e-01 + -8.0322789158e-02i
								Total Power Fwd: 0.95885 Rev: 0

		Interface (1): wg1:exp:c(0):I1(1) T = 300.15 NonLinear
			N1 = 2 (2) N2 = 1.1
				Tf^2 = 0.915713 Rf^2 = 0.0842872  Tb^2 = 0.915713 Rb^2 = 0.0842872 Tf+Rf = 1 Tb+Rb = 1 
			Rf = 0.290323 	Tf = 0.956929 	Rb = -0.290323 	Tb = 0.956929 

		 Output: l2:fixed:1000
			l2:fixed:1000  Carrier Lambda: 1000 nm  -- MP vars
				Mode 0
					(fwd: 42,44):  Pow: 8.7803080014e-01 Phi: 2.4311535844e+00  Mag: 9.3703297708e-01 E_f =  -7.1034183892e-01 + 6.1110168714e-01i
					(rev: 43,45):  Pow: 0.0000000000e+00 Phi: 0.0000000000e+00  Mag: 0.0000000000e+00 E_f =  0.0000000000e+00 + 0.0000000000e+00i
								Total Power Fwd: 0.878031 Rev: 0

			Extra
				Mode 0
					(fwd: 56,57):  Pow: 8.7803080014e-01 Phi: 2.4311535844e+00  Mag: 9.3703297708e-01 E_f =  -7.1034183892e-01 + 6.1110168714e-01i
								Total Power Fwd: 0.878031 Rev: 0

IndSource:                       v1 (V source)
			V: 1.0000000000e+00 I: 0.0000000000e+00 

IndSource:                       v2 (V source)
			V: 0.0000000000e+00 I: 0.0000000000e+00 

Cw_Source: cw1 
	 Channel : 0 -- n1: 18 n2: 20 -- Fixed Lambda
		 Freqshift: 0
			l1:fixed:1000  Carrier Lambda: 1000 nm  -- MP vars
				Mode 0
					(fwd: 14,16):  Pow: 1.0000000000e+00 Phi: 0.0000000000e+00  Mag: 1.0000000000e+00 E_f =  1.0000000000e+00 + 0.0000000000e+00i
					(rev: 15,17):  Pow: 1.2196919986e-01 Phi: -2.2812353960e+00  Mag: 3.4924089087e-01 E_f =  -2.2776327285e-01 + -2.6475099886e-01i
								Total Power Fwd: 1 Rev: 0.121969

Mirror: mir1
	Channel:0
			l2:fixed:1000  Carrier Lambda: 1000 nm  -- MP vars
				Mode 0
					(fwd: 42,44):  Pow: 8.7803080014e-01 Phi: 2.4311535844e+00  Mag: 9.3703297708e-01 E_f =  -7.1034183892e-01 + 6.1110168714e-01i
					(rev: 43,45):  Pow: 0.0000000000e+00 Phi: 0.0000000000e+00  Mag: 0.0000000000e+00 E_f =  0.0000000000e+00 + 0.0000000000e+00i
								Total Power Fwd: 0.878031 Rev: 0



***** Node Operating Point Values 
	wg1                           	Port: 1 
	                              	mode: l1:fixed:1000 
	                              		dir: FWD
	                              			TE Fields: 1.0000000000e+00 0.0000000000e+00 

	wg1                           	Port: 2 
	                              	mode: l2:fixed:1000 
	                              		dir: FWD
	                              			TE Fields: 9.3703297708e-01 2.4311535844e+00 

	v1                            	Port:     1	V = 1.0000000000e+00
	v1                            	Port:     1	I = 0.0000000000e+00
	v1                            	Port:     2	I = -0.0000000000e+00
	v2                            	Port:     1	V = 0.0000000000e+00
	v2                            	Port:     1	I = 0.0000000000e+00
	v2                            	Port:     2	I = -0.0000000000e+00
	cw1                           	Port:     1	V = 1.0000000000e+00
	cw1                           	Port:     1	I = -0.0000000000e+00
	cw1                           	Port:     2	V = 0.0000000000e+00
	cw1                           	Port:     2	I = -0.0000000000e+00
	cw1                           	Port: 3 
	                              	mode: l1:fixed:1000 
	                              		dir: FWD
	                              			TE Fields: 1.0000000000e+00 0.0000000000e+00 
	                              			TM Fields: 0.0000000000e+00 0.0000000000e+00 
	                              		dir: REV
	                              			TE Fields: -2.2776327285e-01 -2.6475099886e-01 
	                              			TM Fields: 0.0000000000e+00 0.0000000000e+00 

	wg1                           	Port: 1 
	                              	mode: l1:fixed:1000 
	                              		dir: FWD
	                              			TE Fields: 1.0000000000e+00 0.0000000000e+00 
	                              			TM Fields: 0.0000000000e+00 0.0000000000e+00 
	                              		dir: REV
	                              			TE Fields: -2.2776327285e-01 -2.6475099886e-01 
	                              			TM Fields: 0.0000000000e+00 0.0000000000e+00 

	wg1                           	Port: 2 
	                              	mode: l2:fixed:1000 
	                              		dir: FWD
	                              			TE Fields: -7.1034183892e-01 6.1110168714e-01 
	                              			TM Fields: 0.0000000000e+00 0.0000000000e+00 
	                              		dir: REV
	                              			TE Fields: 0.0000000000e+00 0.0000000000e+00 
	                              			TM Fields: 0.0000000000e+00 0.0000000000e+00 

	wg1:exp                       	Port: 1 
	                              	mode: l1:fixed:1000 
	                              		dir: FWD
	                              			TE Fields: 1.0000000000e+00 0.0000000000e+00 
	                              			TM Fields: 0.0000000000e+00 0.0000000000e+00 
	                              		dir: REV
	                              			TE Fields: -2.2776327285e-01 -2.6475099886e-01 
	                              			TM Fields: 0.0000000000e+00 0.0000000000e+00 

	wg1:exp                       	Port: 2 
	                              	mode: l2:fixed:1000 
	                              		dir: FWD
	                              			TE Fields: -7.1034183892e-01 6.1110168714e-01 
	                              			TM Fields: 0.0000000000e+00 0.0000000000e+00 
	                              		dir: REV
	                              			TE Fields: 0.0000000000e+00 0.0000000000e+00 
	                              			TM Fields: 0.0000000000e+00 0.0000000000e+00 

	mir1                          	Port: 1 
	                              	mode: l2:fixed:1000 
	                              		dir: FWD
	                              			TE Fields: -7.1034183892e-01 6.1110168714e-01 
	                              			TM Fields: 0.0000000000e+00 0.0000000000e+00 
	                              		dir: REV
	                              			TE Fields: 0.0000000000e+00 0.0000000000e+00 
	                              			TM Fields: 0.0000000000e+00 0.0000000000e+00 


***** 
	Freeing MNA
Freeing Main Circuit ...
	Freeing Nodes and Elements
Cleaning Main Circuit ...
	Freeing Parsed circuit: 'Main Circuit'
