5 1000 5.556206031
15 1010 5.696009452
25 1020 5.839611414
35 1030 5.985923933
45 1040 6.13335648
55 1050 1.52913752e-11
65 1060 1.43889073e-01
75 1070 2.83271481e-01
85 1080 4.16809888e-01
95 1090 5.43673351e-01
105 1100 6.63522771e-01
115 1110 7.76426094e-01
125 1120 8.82745737e-01
135 1130 9.83030104e-01
145 1140 1.07792561e+00
155 1150 1.16811346e+00
165 1160 1.25426857e+00
175 1170 1.33703562e+00
185 1180 1.41701689e+00
195 1190 1.49476770e+00
205 1200 1.57079633e+00
215 1210 1.64556602e+00
225 1220 1.71949796e+00
235 1230 1.79297405e+00
245 1240 1.86633900e+00
255 1250 1.93990142e+00
265 1260 2.01393368e+00
275 1270 2.08867043e+00
285 1280 2.16430588e+00
295 1290 2.24098995e+00
305 1300 2.31882365e+00
315 1310 2.39785408e+00
325 1320 2.47806988e+00
335 1330 2.55939781e+00
350 600 3.13840735
360 610 3.56837728
370 620 3.94546651
380 630 4.26606632
390 640 4.54711943
400 650 4.80869079
410 660 5.06834608
420 670 5.340391487
430 680 5.634457808
440 690 5.951514671
450 700 2.29370659e-11
460 710 3.19431962e-01
470 720 6.12279882e-01
480 730 8.72168097e-01
490 740 1.10222896e+00
500 750 1.30978493e+00
510 760 1.50278322e+00
520 770 1.68844547e+00
530 780 1.87301397e+00
540 790 2.06176232e+00
550 800 2.25884692e+00
560 810 2.46680788e+00
570 820 2.68575649e+00
580 830 2.91267231e+00
590 840 3.13840735
600 850 3.36199922
610 860 3.57387284
620 870 3.77023246
630 880 3.9501181
640 890 4.11465103
650 900 4.26606632
660 910 4.40698603
670 920 4.54000998
680 930 4.66753743
690 940 4.79171631
700 950 4.91444721
710 960 5.03739934
720 970 5.16201471
730 980 5.289487519
740 990 5.420712709
