0 1000 5.651681469
10 1010 5.7201122
20 1020 5.787201152
30 1030 5.852987406
40 1040 5.91750854
50 1050 5.9808007
60 1060 6.042898668
70 1070 6.103835926
80 1080 6.163644717
90 1090 6.2223560981
100 1100 6.28321907e-12
110 1110 5.66052730e-02
120 1120 1.12199738e-01
130 1130 1.66810229e-01
140 1140 2.20462642e-01
150 1150 2.73181970e-01
160 1160 3.24992343e-01
170 1170 3.75917070e-01
180 1180 4.25978665e-01
190 1190 4.75198889e-01
200 1200 5.23598776e-01
210 1210 5.71198664e-01
220 1220 6.18018227e-01
230 1230 6.64076496e-01
240 1240 7.09391890e-01
250 1250 7.53982237e-01
260 1260 7.97864801e-01
270 1270 8.41056301e-01
280 1280 8.83572934e-01
290 1290 9.25430394e-01
300 1300 9.66643893e-01
310 1310 1.00722818e+00
320 1320 1.04719755e+00
330 1330 1.08656588e+00
340 1340 1.12534662e+00
345 600 1.04719755e+00
355 610 1.23603645e+00
365 620 1.41878378e+00
375 630 1.59572960e+00
385 640 1.76714587e+00
395 650 1.93328779e+00
405 660 2.09439510e+00
415 670 2.25069324e+00
425 680 2.40239438e+00
435 690 2.54969839e+00
445 700 2.69279370e+00
455 710 2.83185817e+00
465 720 2.96705973e+00
475 730 3.09855714e+00
485 740 3.22331526
495 750 3.34784686
505 760 3.46910131
515 770 3.5872063
525 780 3.70228295
535 790 3.81444627
545 800 3.92380551
555 810 4.03046452
565 820 4.13452209
575 830 4.23607225
585 840 4.33520455
595 850 4.43200432
605 860 4.52655294
615 870 4.61892802
625 880 4.70920367
635 890 4.79745066
645 900 4.8837366
655 910 4.96812614
665 920 5.05068114
675 930 5.13146075
685 940 5.21052165
695 950 5.287918109
705 960 5.363702143
715 970 5.437923619
725 980 5.510630371
735 990 5.581868299
