9 1000 8.30943999e-01
19 1010 1.00649450e+00
29 1020 1.15674752e+00
39 1030 1.28887228e+00
49 1040 1.40876485e+00
59 1050 1.52113709e+00
69 1060 1.62985071e+00
79 1070 1.73824986e+00
89 1080 1.84943155e+00
99 1090 1.96644209e+00
109 1100 2.09238070e+00
119 1110 2.23035484e+00
129 1120 2.38317892e+00
139 1130 2.55267698e+00
149 1140 2.73855737e+00
159 1150 2.93723823e+00
169 1160 3.13840735
179 1170 3.33932102
189 1180 3.52853432
199 1190 3.70088332
209 1200 3.85471148
219 1210 3.99091196
229 1220 4.11168291
239 1230 4.21961799
249 1240 4.31721906
259 1250 4.40670238
269 1260 4.48996143
279 1270 4.56859812
289 1280 4.64397667
299 1290 4.71727951
309 1300 4.78955755
319 1310 4.86177254
329 1320 4.93483164
339 1330 5.00961405
354 600 1.20511798e+00
364 610 1.55371627e+00
374 620 1.88531396e+00
384 630 2.28993648e+00
394 640 2.85020244e+00
404 650 3.49423643
414 660 4.00859494
424 670 4.36742526
434 680 4.64782618
444 690 4.90872421
454 700 5.1956919
464 710 5.555287537
474 720 6.020139342
484 730 2.56387217e-01
494 740 7.00023340e-01
504 750 1.03247545e+00
514 760 1.28770227e+00
524 770 1.50301832e+00
534 780 1.70537158e+00
544 790 1.91617892e+00
554 800 2.15639624e+00
564 810 2.44764812e+00
574 820 2.80238338e+00
584 830 3.19544509
594 840 3.57375227
604 850 3.88948593
614 860 4.14031144
624 870 4.34352533
634 880 4.51687707
644 890 4.67406996
654 900 4.8256153
664 910 4.98041822
674 920 5.14703906
684 930 5.334355651
694 940 5.551013925
704 950 5.802339323
714 960 6.084037056
724 970 9.74970291e-02
734 980 3.76535810e-01
744 990 6.22528789e-01
