3 1000 1.85893806e+00
13 1010 1.95755353e+00
23 1020 2.05554071e+00
33 1030 2.15312863e+00
43 1040 2.25047760e+00
53 1050 2.34767906e+00
63 1060 2.44475682e+00
73 1070 2.54167014e+00
83 1080 2.63831899e+00
93 1090 2.73455190e+00
103 1100 2.83017620e+00
113 1110 2.92497021e+00
123 1120 3.01869667e+00
133 1130 3.11111643e+00
143 1140 3.19881592
153 1150 3.28795934
163 1160 3.37518527
173 1170 3.46035343
183 1180 3.54336207
193 1190 3.62414802
203 1200 3.7026846
213 1210 3.77897815
223 1220 3.8530635
233 1230 3.92499908
243 1240 3.99486207
253 1250 4.06274376
263 1260 4.1287454
273 1270 4.19297466
283 1280 4.25554259
293 1290 4.31656118
303 1300 4.37614144
313 1310 4.43439187
323 1320 4.4914174
333 1330 4.54731852
343 1340 4.60219075
348 600 1.08605195e+00
358 610 1.35875679e+00
368 620 1.61702467e+00
378 630 1.86818857e+00
388 640 2.11817863e+00
398 650 2.37080452e+00
408 660 2.62718514e+00
418 670 2.88551200e+00
428 680 3.13840735
438 690 3.38711632
448 700 3.62414802
458 710 3.84715756
468 720 4.05590495
478 730 4.25171851
488 740 4.43679168
498 750 4.61362026
508 760 4.78464686
518 770 4.95206274
528 780 5.11769774
538 790 5.282947733
548 800 5.448715701
558 810 5.615365889
568 820 5.782708166
578 830 5.950037436
588 840 6.116245485
598 850 1.37796896e-11
608 860 1.59957201e-01
618 870 3.14957832e-01
628 880 4.64162399e-01
638 890 6.07106435e-01
648 900 7.43684403e-01
658 910 8.74087498e-01
668 920 9.98722967e-01
678 930 1.11813544e+00
688 940 1.23294127e+00
698 950 1.34377917e+00
708 960 1.45127595e+00
718 970 1.55602423e+00
728 980 1.65856860e+00
738 990 1.75939745e+00
