2 1000 3.13840735
12 1010 3.23621818
22 1020 3.33194975
32 1030 3.42552073
42 1040 3.51687573
52 1050 3.60598615
62 1060 3.69284932
72 1070 3.77748651
82 1080 3.85994003
92 1090 3.94026986
102 1100 4.01855018
112 1110 4.09486596
122 1120 4.16930979
132 1130 4.24197903
142 1140 4.31297338
152 1150 4.38239285
162 1160 4.45033605
172 1170 4.51689889
182 1180 4.58217352
192 1190 4.64624759
202 1200 4.70920367
212 1210 4.77111889
222 1220 4.8320647
232 1230 4.89210674
242 1240 4.95130485
252 1250 5.0097131
262 1260 5.06737991
272 1270 5.12434821
282 1280 5.18065564
292 1290 5.23633474
302 1300 5.291413263
312 1310 5.345914421
322 1320 5.399857168
332 1330 5.453256519
342 1340 5.506123869
347 600 3.13840735
357 610 3.40781751
367 620 3.66545395
377 630 3.91004547
387 640 4.14182235
397 650 4.36213298
407 660 4.57292407
417 670 4.77629538
427 680 4.97418949
437 690 5.16819824
447 700 5.359451807
457 710 5.548568704
467 720 5.735661075
477 730 5.920397271
487 740 6.102119408
497 750 1.31775049e-11
507 760 1.73207996e-01
517 770 3.41050290e-01
527 780 5.03063759e-01
537 790 6.59050143e-01
547 800 8.09062384e-01
557 810 9.53359888e-01
567 820 1.09235073e+00
577 830 1.22653424e+00
587 840 1.35645153e+00
597 850 1.48264673e+00
607 860 1.60563862e+00
617 870 1.72590099e+00
627 880 1.84384990e+00
637 890 1.95983588e+00
647 900 2.07413997e+00
657 910 2.18697274e+00
667 920 2.29847573e+00
677 930 2.40872522e+00
687 940 2.51773815e+00
697 950 2.62547994e+00
707 960 2.73187409e+00
717 970 2.83681297e+00
727 980 2.94016920e+00
737 990 3.04180701e+00
