7 1000 3.13840735
17 1010 3.34795064
27 1020 3.5457625
37 1030 3.7272034
47 1040 3.89088239
57 1050 4.03777443
67 1060 4.17008466
77 1070 4.2904118
87 1080 4.40129307
97 1090 4.50501901
107 1100 4.60359529
117 1110 4.69877008
127 1120 4.79208324
137 1130 4.8849165
147 1140 4.9785349
157 1150 5.07411474
167 1160 5.17275396
177 1170 5.27546027
187 1180 5.383111741
197 1190 5.496384994
207 1200 5.615651136
217 1210 5.740850301
227 1220 5.871373566
237 1230 6.00599931
247 1240 6.142936116
257 1250 1.70499856e-11
267 1260 1.34900342e-01
277 1270 2.65554669e-01
287 1280 3.90336572e-01
297 1290 5.08196144e-01
307 1300 6.18651084e-01
317 1310 7.21689950e-01
327 1320 8.17640128e-01
337 1330 9.07040389e-01
352 600 5.11163354
362 610 5.512790855
372 620 6.00816025
382 630 2.67617492e-01
392 640 7.36281152e-01
402 650 1.10005602e+00
412 660 1.39380913e+00
422 670 1.65740211e+00
432 680 1.92263587e+00
442 690 2.21700767e+00
452 700 2.56297796e+00
462 710 2.96242157e+00
472 720 3.37316124
482 730 3.7456228
492 740 4.05349661
502 750 4.30677381
512 760 4.52462774
522 770 4.7242448
532 780 4.91959495
542 790 5.12269824
552 800 5.344504707
562 810 5.594038219
572 820 5.87453734
582 830 6.177485918
592 840 2.01660090e-01
602 850 4.83806030e-01
612 860 7.31355564e-01
622 870 9.44096198e-01
632 880 1.12831797e+00
642 890 1.29177151e+00
652 900 1.44152153e+00
662 910 1.58352321e+00
672 920 1.72281977e+00
682 930 1.86385271e+00
692 940 2.01069167e+00
702 950 2.16708393e+00
712 960 2.33621727e+00
722 970 2.52008322e+00
732 980 2.71845290e+00
742 990 2.92787362e+00
