4 1000 6.97358856e-01
14 1010 8.17686697e-01
24 1020 9.31797677e-01
34 1030 1.04024397e+00
44 1040 1.14366616e+00
54 1050 1.24273629e+00
64 1060 1.33811991e+00
74 1070 1.43045302e+00
84 1080 1.52032941e+00
94 1090 1.60829457e+00
104 1100 1.69484352e+00
114 1110 1.78042034e+00
124 1120 1.86541833e+00
134 1130 1.95017987e+00
144 1140 2.03499551e+00
154 1150 2.12010227e+00
164 1160 2.20568120e+00
174 1170 2.29185446e+00
184 1180 2.37868254e+00
194 1190 2.46616220e+00
204 1200 2.55422604e+00
214 1210 2.64274428e+00
224 1220 2.73152951e+00
234 1230 2.82034474e+00
244 1240 2.90891448e+00
254 1250 2.99693845e+00
264 1260 3.08410673e+00
274 1270 3.16692985
284 1280 3.25149422
294 1290 3.33436206
304 1300 3.41532134
314 1310 3.49420551
324 1320 3.57089522
334 1330 3.64531707
344 1340 3.71744008
349 600 5.17340285
359 610 5.487926202
369 620 5.820490116
379 630 6.165121965
389 640 2.25467915e-01
399 650 5.44233410e-01
409 660 8.32749628e-01
419 670 1.09212094e+00
429 680 1.32888321e+00
439 690 1.55105308e+00
449 700 1.76620772e+00
459 710 1.98080771e+00
469 720 2.19986150e+00
479 730 2.42645676e+00
489 740 2.66109888e+00
499 750 2.90123000e+00
509 760 3.13840735
519 770 3.37258302
529 780 3.59506615
539 790 3.80268536
549 800 3.99479712
559 810 4.17262646
569 820 4.33841715
579 830 4.49477909
589 840 4.64430579
599 850 4.78939112
609 860 4.93215558
619 870 5.07441553
629 880 5.21765588
639 890 5.36298667
649 900 5.511080427
659 910 5.662102203
669 920 5.815659531
679 930 5.970808592
689 940 6.126147321
699 950 1.44920116e-11
709 960 1.50659469e-01
719 970 2.96624560e-01
729 980 4.36771554e-01
739 990 5.70428456e-01
