6 1000 4.46146223
16 1010 4.57551451
26 1020 4.68522413
36 1030 4.79243132
46 1040 4.89877326
56 1050 5.00572029
66 1060 5.11459718
76 1070 5.22658131
86 1080 5.34267216
96 1090 5.463627952
106 1100 5.589871215
116 1110 5.721375911
126 1120 5.857565508
136 1130 5.99726715
146 1140 6.138768734
156 1150 1.61475801e-11
166 1160 1.38808597e-01
176 1170 2.73254873e-01
186 1180 4.01838747e-01
196 1190 5.23606579e-01
206 1200 6.38139193e-01
216 1210 7.45460142e-01
226 1220 8.45912226e-01
236 1230 9.40038497e-01
246 1240 1.02848627e+00
256 1250 1.11193875e+00
266 1260 1.19107128e+00
276 1270 1.26652619e+00
286 1280 1.33890077e+00
296 1290 1.40874330e+00
306 1300 1.47655399e+00
316 1310 1.54278841e+00
326 1320 1.60786204e+00
336 1330 1.67215485e+00
351 600 1.14840405e+00
361 610 1.47034810e+00
371 620 1.76968918e+00
381 630 2.08103776e+00
391 640 2.43228114e+00
401 650 2.83495715e+00
411 660 3.26046063
421 670 3.66155758
431 680 4.00243152
441 690 4.2868114
451 700 4.53336003
461 710 4.76090137
471 720 4.98530393
481 730 5.22005943
491 740 5.476329089
501 750 5.760472892
511 760 6.068836293
521 770 1.04671220e-01
531 780 4.05133426e-01
541 790 6.74463048e-01
551 800 9.09327264e-01
561 810 1.11466056e+00
571 820 1.29816806e+00
581 830 1.46743038e+00
591 840 1.62906791e+00
601 850 1.78876874e+00
611 860 1.95150499e+00
621 870 2.12163487e+00
631 880 2.30272260e+00
641 890 2.49696197e+00
651 900 2.70423980e+00
661 910 2.92126119e+00
671 920 3.13840735
681 930 3.35405811
691 940 3.55797703
701 950 3.74589285
711 960 3.91660248
721 970 4.07114376
731 980 4.21173435
741 990 4.34098432
