8 1000 1.79407209e+00
18 1010 1.92139336e+00
28 1020 2.05637873e+00
38 1030 2.20238449e+00
48 1040 2.36236642e+00
58 1050 2.53820478e+00
68 1060 2.72962029e+00
78 1070 2.93307387e+00
88 1080 3.13840735
98 1090 3.34315461
108 1100 3.53618204
118 1110 3.71255942
128 1120 3.87074826
138 1130 4.0116768
148 1140 4.13754414
158 1150 4.25094368
168 1160 4.35439038
178 1170 4.45013103
188 1180 4.54010685
198 1190 4.6259835
208 1200 4.70920367
218 1210 4.79104184
228 1220 4.87265285
238 1230 4.95511129
248 1240 5.03944033
258 1250 5.12662812
268 1260 5.217629
278 1270 5.313344593
288 1280 5.414578896
298 1290 5.521961452
308 1300 5.635837225
318 1310 5.756132585
328 1320 5.882225306
338 1330 6.012866942
353 600 3.13840735
363 610 3.75929416
373 620 4.2133509
383 630 4.55103411
393 640 4.84732326
403 650 5.15864243
413 660 5.536443374
423 670 6.014813486
433 680 2.61376370e-01
443 690 7.16102689e-01
453 700 1.06237100e+00
463 710 1.33447955e+00
473 720 1.57079633e+00
483 730 1.80040460e+00
493 740 2.04783067e+00
503 750 2.33675001e+00
513 760 2.68496562e+00
523 770 3.08324285e+00
533 780 3.47748905
543 790 3.82137227
553 800 4.09926772
563 810 4.32571298
573 820 4.51947348
583 830 4.69597745
593 840 4.86737324
603 850 5.04407136
613 860 5.235958
623 870 5.452572764
633 880 5.701164725
643 890 5.981507936
653 900 2.69798706e-11
663 910 2.92119845e-01
673 920 5.56122343e-01
683 930 7.83388631e-01
693 940 9.76463102e-01
703 950 1.14249704e+00
713 960 1.28903507e+00
723 970 1.42256343e+00
733 980 1.54839017e+00
743 990 1.67093590e+00
