1 1000 4.39910342
11 1010 4.47902163
21 1020 4.55729542
31 1030 4.63399919
41 1040 4.70920367
51 1050 4.78297554
61 1060 4.85537722
71 1070 4.92646677
81 1080 4.99629788
91 1090 5.06491995
101 1100 5.13237822
111 1110 5.19871391
121 1120 5.26396451
131 1130 5.328163961
141 1140 5.391342962
151 1150 5.453529228
161 1160 5.514747775
171 1170 5.575021207
181 1180 5.634369981
191 1190 5.692812683
201 1200 5.750366277
211 1210 5.807046346
221 1220 5.862867313
231 1230 5.917842645
241 1240 5.971985044
251 1250 6.025306605
261 1260 6.07781897
271 1270 6.129533452
281 1280 6.1804611457
291 1290 6.2306130218
301 1300 6.37203691e-12
311 1310 4.86330113e-02
321 1320 9.65230447e-02
331 1330 1.43681181e-01
341 1340 1.90118618e-01
346 600 5.22680927
356 610 5.449055784
366 620 5.66542199
376 630 5.876072121
386 640 6.080975781
396 650 1.27440738e-11
406 660 1.92997286e-01
416 670 3.79874457e-01
426 680 5.60634337e-01
436 690 7.35390095e-01
446 700 9.04357685e-01
456 710 1.06783430e+00
466 720 1.22617063e+00
476 730 1.37974271e+00
486 740 1.52892725e+00
496 750 1.67408199e+00
506 760 1.81553168e+00
516 770 1.95355932e+00
526 780 2.08840192e+00
536 790 2.22025001e+00
546 800 2.34925016e+00
556 810 2.47550955e+00
566 820 2.59910217e+00
576 830 2.72007572e+00
586 840 2.83845885e+00
596 850 2.95426812e+00
606 860 3.06751425e+00
616 870 3.1750222
626 880 3.28317661
636 890 3.38881299
646 900 3.49196084
656 910 3.59265924
666 920 3.69095684
676 930 3.78691126
686 940 3.88058798
696 950 3.9720589
706 960 4.06140089
716 970 4.14869413
726 980 4.2340207
736 990 4.31746317
