Running OptiSPICE 5.1 (compiled on: Jan  5 2016 10:28:02) 

Copyright 2015 Optiwave Systems Inc. All rights reserved.

	git commit: 651cbe73905eab5871768bdecbe8d86323447f45 MergeFromStaticBuild

Processing Netlist file: waveguide_op_L1.6_LAM900_Neff2.9_end.sp

************* FILE: "waveguide_op_L1.6_LAM900_Neff2.9_end.sp"  ************

Title "CW Source check "

Osp Jobcontrol Verbosity=DEBUG2

.option ingold=2 DELMAX=.1e-10 ACCURATE=1 RUNLVL=6 NUMDGT=8
.OPTION DCCAP=1 TNOM=27

.param NMODES=1

* Voltage sources
v1 Mag1 0 DC = 1 
v2 Phi1 0 DC = 0 

Osp CWSOURCE   Name=cw1 Nodes = [Mag1 Phi1 l1] MoName = CWmodel lambda = 9.000000e+02
Osp WaveGuide  Name=wg1 Nodes = [l1 l2] MoName=WGmodel
Osp MIRROR     Name=mir1 Nodes = [l2] MoName = Mmodel 

Osp Model Name = Mmodel   type = MIRROR    Ref = 0
Osp Model Name = CWmodel  type = CWSOURCE 
Osp Model Name = WGmodel  type = WaveGuide  Length=1.600000e+00  IncludeTimeDelay=1  neff=[2.900000e+00]  N0=1.1 NF=1.1

% IncludeTimeDelay=1 
%.tran .0001e-9 10e-9 nsolver=BACKE nmaxst=.05n nminst=.05n
.op
	
.Monitor OptFields wg1 Format=MagPhi Port=1 dir=IN  Pol=TE
.Monitor OptFields wg1 Format=MagPhi Port=2 dir=OUT Pol=TE
%.Monitor OptFields wg2 Format=MagPhi Port=2 dir=OUT Pol=TE
.end

************* *************** ************

Options ingold=2 DELMAX=.1e-10 ACCURATE=1 RUNLVL=6 NUMDGT=8 
Options DCCAP=1 TNOM=27 
Param P=[ { NMODES 1 } ] 
INDSOURCE EL_Type=V_SOU Name=v1 Nodes=[ Mag1 0 ] dcMode dcValue=1 
INDSOURCE EL_Type=V_SOU Name=v2 Nodes=[ Phi1 0 ] dcMode dcValue=0 
CWSOURCE Name=cw1 Nodes=[ Mag1 Phi1 l1 ] MoName=CWmodel lambda=9.000000e+02 
WaveGuide Name=wg1 Nodes=[ l1 l2 ] MoName=WGmodel 
MIRROR Name=mir1 Nodes=[ l2 ] MoName=Mmodel 
Model Name=Mmodel type=MIRROR Ref=0 
Model Name=CWmodel type=CWSOURCE 
Model Name=WGmodel type=WaveGuide Length=1.600000e+00 IncludeTimeDelay=1 neff=[ 2.900000e+00 ] N0=1.1 NF=1.1 
Transient OperatingPointOnly OutputOperatingPoint
Monitor Type=OptFields Name=wg1 Format=MagPhi Port=1 dir=IN Pol=TE 
Monitor Type=OptFields Name=wg1 Format=MagPhi Port=2 dir=OUT Pol=TE 
END

Assigning node numbers and stamping


Main Circuit Paras:
	Name=NMODES String=1 Ep = 0x0

Creating: v1

Creating: v2

Creating: cw1
	New Link: l1                                                           Link: 0x7ffa72501550

Creating: wg1
	New Link: l2                                                           Link: 0x7ffa72503d20

Creating: mir1

Circuit after element assignment

Element hash table
	Key: v1                                                           	val: 	1918897776
	Key: v2                                                           	val: 	1919942656
	Key: wg1:exp                                                      	val: 	1929409536
	Key: mir1                                                         	val: 	1929413120
	Key: cw1                                                          	val: 	1929400832
	Key: wg1                                                          	val: 	1929406464

Delay Element hash table

OptFFT Element hash table

Noise Element hash table

Optical Element hash table
	Key: wg1:exp                                                      	val: 	1929409536
	Key: mir1                                                         	val: 	1929413120
	Key: cw1                                                          	val: 	1929400832
	Key: wg1                                                          	val: 	1929406464

Source Optical Element hash table
	Key: cw1                                                          	val: 	1929400832

Elec Init Conditions


Tracing optical sources
	source: cw1 (fixed:900)  -> wg1:exp (1) 
		-- Return Branch:  -> cw1 (1) 

		-- Through Branch:  -> mir1 (1)  -> wg1:exp (1) 


Stamping: v1

Stamping: v2

Stamping: cw1
Created Optical Mode Shape 'Mode:1 n:1 x:5.0000000000000000e+01 y:5.0000000000000000e+01 m:0 n:0 s:5.0000000000000000e+00 1/r:0.0000000000000000e+00 l:9.0000000000000000e+02' (eb090406745e8f4524b8fb9c8e2558fa00c1822a)
Adding Optical Mode:         l1:fixed:900 	      0x7ffa72505a80

Stamping: wg1
Adding Optical Mode: wg1:exp:inter1(0):fixed:900 	      0x7ffa725079a0
Adding Optical Mode: wg1:exp:inter2(0):fixed:900 	      0x7ffa72507b50
Adding Optical Mode: wg1:exp:inter3(0):fixed:900 	      0x7ffa725052f0
Adding Optical Mode:         l2:fixed:900 	      0x7ffa72508910
Stamping OptScatteringVtoV Instance: wg1:exp:c(0):I1(0)
	E to E: l1:fixed:900 | wg1:exp:inter1(0):fixed:900
	Linear (E to E) Scattering Mode
	NonLinear Scattering Mode
Linear: -32.3933
CreateStampDelay: DELAY Name=wg1:exp:c(0):td(0):c(0):m(0):optmag:delay Del=1.5477374017194252e-14 Gain=1.0000000000000000e+00 Tcoeff=[ 0.0000000000000000e+00 0.0000000000000000e+00 ]
CreateStampDelay: DELAY Name=wg1:exp:c(0):td(0):reverse:c(0):m(0):optmag:delay Del=1.5477374017194252e-14 Gain=1.0000000000000000e+00 Tcoeff=[ 0.0000000000000000e+00 0.0000000000000000e+00 ]
CreateStampDelay: DELAY Name=wg1:exp:c(0):td(0):c(0):m(0):optphi:delay Del=1.5477374017194252e-14 Gain=1.0000000000000000e+00 Tcoeff=[ 0.0000000000000000e+00 0.0000000000000000e+00 ]
CreateStampDelay: DELAY Name=wg1:exp:c(0):td(0):reverse:c(0):m(0):optphi:delay Del=1.5477374017194252e-14 Gain=1.0000000000000000e+00 Tcoeff=[ 0.0000000000000000e+00 0.0000000000000000e+00 ]
Stamping OptScatteringVtoV Instance: wg1:exp:c(0):I1(1)
	E to E: wg1:exp:inter3(0):fixed:900 | l2:fixed:900
	Linear (E to E) Scattering Mode
	NonLinear Scattering Mode

Stamping: mir1

Linking optical elements; 
Pre-processing optical elements; evaluating the Oconn overlap integrals and FSE modes 
Mirror DetModes ... 
		mir1 input 0x7ffa73007520 output 0x7ffa73007520

Stamping free mode   optical elements; 
Processing Mirror: mir1 Version: 6 Switchable: 1
Adding Optical Mode: mir1:terminal:fixed:900 	      0x7ffa72511ba0
Stamping OptScatteringVtoV Instance: mir1:vtov:c(0)
	E to E: l2:fixed:900 | mir1:terminal:fixed:900
	Linear (E to E) Scattering Mode
	NonLinear Scattering Mode

Post Stamping: cw1:c:0:m(0):optphi:iso

Post Stamping: cw1:c:0:m(0):optmag:iso

Circuit after node assignment

Element hash table (including internal elements)
	Key: cw1:c:0:m(0):optphi:iso                                      	val: 	1917874368
	Key: mir1:vtov                                                    	val: 	1929605632
	Key: wg1:exp:c(0):td(0):c(0):m(0):optmag:delay                    	val: 	1917899552
	Key: wg1:exp:c(0):I1(0)                                           	val: 	1929465344
	Key: wg1:exp:c(0):td(0):c(0):m(0):optphi:delay                    	val: 	1917903584
	Key: wg1                                                          	val: 	1929406464
	Key: wg1:exp:c(0):I1(1)                                           	val: 	1929600000
	Key: wg1:exp:c(0):td(0):reverse:c(0):m(0):optphi:delay            	val: 	1917905216
	Key: wg1:exp:c(0):td(0):reverse:c(0):m(0):optmag:delay            	val: 	1917902000
	Key: mir1:vtov:c(0)                                               	val: 	1929610752
	Key: v1                                                           	val: 	1918897776
	Key: v2                                                           	val: 	1919942656
	Key: wg1:exp                                                      	val: 	1929409536
	Key: cw1:c:0:m(0):optmag:iso                                      	val: 	1917872256
	Key: cw1                                                          	val: 	1929400832
	Key: mir1                                                         	val: 	1929413120

Node hash table (size: 66)
	Key: wg1:exp:c(0):i1(1):0:fwd:modei:m(0):optmag                   	val: 	56        
	Key: mir1:vtov:c(0):0:fwd:modei:m(0):optphi                       	val: 	65        
	Key: cw1:l1:fixed:900:modei:m(0):optphi                           	val: 	23        
	Key: wg1:exp:c(0):i1(0):0:fwd:modei:m(0):optmag                   	val: 	48        
	Key: wg1:exp:c(0):i1(0):0:rev:modei:m(0):optmag                   	val: 	46        
	Key: mir1:vtov:c(0):0:rev:modei:m(0):optphi                       	val: 	63        
	Key: wg1:exp:c(0):td(0):reverse:c(0):m(0):optmag:delay:i          	val: 	51        
	Key: wg1:exp:inter1(0):fixed:900:fwd:m(0):optphi                  	val: 	28        
	Key: wg1:exp:inter2(0):fixed:900:rev:m(0):optphi                  	val: 	33        
	Key: wg1:exp:c(0):i1(1):0:rev:modei:m(0):optmag                   	val: 	54        
	Key: wg1:exp:revphase(0:0):modei:m(0):optphi                      	val: 	41        
	Key: wg1:exp:inter3(0):fixed:900:rev:m(0):optphi                  	val: 	37        
	Key: l2:fixed:900:rev:m(0):optphi                                 	val: 	45        
	Key: wg1:exp:fwdphase(0:0):modei:m(0):optphi                      	val: 	39        
	Key: wg1:exp:inter2(0):fixed:900:fwd:m(0):optphi                  	val: 	32        
	Key: mir1:terminal:fixed:900:rev:m(0):optmag                      	val: 	59        
	Key: v1:portcurrentnode:0                                         	val: 	3         
	Key: v1:portcurrentnode:1                                         	val: 	5         
	Key: wg1:exp:inter3(0):fixed:900:fwd:m(0):optphi                  	val: 	36        
	Key: l2:fixed:900:fwd:m(0):optphi                                 	val: 	44        
	Key: cw1:c:0:m(0):optphi:iso:i                                    	val: 	25        
	Key: l1:fixed:900:rev:m(0):optphi                                 	val: 	17        
	Key: cw1:channel-fixed:900                                        	val: 	1         
	Key: v2:portcurrentnode:0                                         	val: 	9         
	Key: v2:portcurrentnode:1                                         	val: 	11        
	Key: v1:i                                                         	val: 	7         
	Key: wg1:exp:c(0):td(0):c(0):m(0):optmag:delay:i                  	val: 	50        
	Key: wg1:exp:c(0):td(0):reverse:c(0):m(0):optphi:delay:i          	val: 	53        
	Key: wg1:exp:inter1(0):fixed:900:rev:m(0):optmag                  	val: 	27        
	Key: mir1:terminal:fixed:900:fwd:m(0):optmag                      	val: 	58        
	Key: l1:fixed:900:fwd:m(0):optphi                                 	val: 	16        
	Key: mir1:vtov:c(0):0:fwd:modei:m(0):optmag                       	val: 	64        
	Key: cw1:l1:fixed:900:modei:m(0):optmag                           	val: 	22        
	Key: mir1:vtov:c(0):0:rev:modei:m(0):optmag                       	val: 	62        
	Key: mag1                                                         	val: 	2         
	Key: cw1:portcurrentcurnode:0                                     	val: 	19        
	Key: cw1:portcurrentcurnode:1                                     	val: 	21        
	Key: v1:portcurrentcurnode:0                                      	val: 	4         
	Key: v1:portcurrentcurnode:1                                      	val: 	6         
	Key: wg1:exp:inter1(0):fixed:900:fwd:m(0):optmag                  	val: 	26        
	Key: v2:portcurrentcurnode:0                                      	val: 	10        
	Key: wg1:exp:inter2(0):fixed:900:rev:m(0):optmag                  	val: 	31        
	Key: v2:portcurrentcurnode:1                                      	val: 	12        
	Key: wg1:exp:c(0):i1(0):0:rev:modei:m(0):optphi                   	val: 	47        
	Key: wg1:exp:c(0):i1(0):0:fwd:modei:m(0):optphi                   	val: 	49        
	Key: 0                                                            	val: 	-5        
	Key: l2:fixed:900:rev:m(0):optmag                                 	val: 	43        
	Key: wg1:exp:inter3(0):fixed:900:rev:m(0):optmag                  	val: 	35        
	Key: wg1:exp:revphase(0:0):modei:m(0):optmag                      	val: 	40        
	Key: wg1:exp:c(0):i1(1):0:fwd:modei:m(0):optphi                   	val: 	57        
	Key: wg1:exp:c(0):i1(1):0:rev:modei:m(0):optphi                   	val: 	55        
	Key: wg1:exp:fwdphase(0:0):modei:m(0):optmag                      	val: 	38        
	Key: wg1:exp:inter2(0):fixed:900:fwd:m(0):optmag                  	val: 	30        
	Key: l1:fixed:900:rev:m(0):optmag                                 	val: 	15        
	Key: wg1:exp:inter3(0):fixed:900:fwd:m(0):optmag                  	val: 	34        
	Key: cw1:portcurrentnode:0                                        	val: 	18        
	Key: cw1:portcurrentnode:1                                        	val: 	20        
	Key: l2:fixed:900:fwd:m(0):optmag                                 	val: 	42        
	Key: wg1:exp:c(0):td(0):c(0):m(0):optphi:delay:i                  	val: 	52        
	Key: mir1:terminal:fixed:900:rev:m(0):optphi                      	val: 	61        
	Key: l1:fixed:900:fwd:m(0):optmag                                 	val: 	14        
	Key: cw1:c:0:m(0):optmag:iso:i                                    	val: 	24        
	Key: phi1                                                         	val: 	8         
	Key: v2:i                                                         	val: 	13        
	Key: mir1:terminal:fixed:900:fwd:m(0):optphi                      	val: 	60        
	Key: wg1:exp:inter1(0):fixed:900:rev:m(0):optphi                  	val: 	29        

Node array 
	Key: 0                                                            	val: 	-5         Status: V node
	Key: cw1:channel-fixed:900                                        	val: 	1          Status: V node
	Key: mag1                                                         	val: 	2          Status: V node
	Key: v1:portcurrentnode:0                                         	val: 	3          Status: V node
	Key: v1:portcurrentcurnode:0                                      	val: 	4          Status: I node
	Key: v1:portcurrentnode:1                                         	val: 	5          Status: V node
	Key: v1:portcurrentcurnode:1                                      	val: 	6          Status: I node
	Key: v1:i                                                         	val: 	7          Status: I node
	Key: phi1                                                         	val: 	8          Status: V node
	Key: v2:portcurrentnode:0                                         	val: 	9          Status: V node
	Key: v2:portcurrentcurnode:0                                      	val: 	10         Status: I node
	Key: v2:portcurrentnode:1                                         	val: 	11         Status: V node
	Key: v2:portcurrentcurnode:1                                      	val: 	12         Status: I node
	Key: v2:i                                                         	val: 	13         Status: I node
	Key: l1:fixed:900:fwd:m(0):optmag                                 	val: 	14         Status: O Mag node
	Key: l1:fixed:900:rev:m(0):optmag                                 	val: 	15         Status: O Mag node
	Key: l1:fixed:900:fwd:m(0):optphi                                 	val: 	16         Status: O Pha node (14)
	Key: l1:fixed:900:rev:m(0):optphi                                 	val: 	17         Status: O Pha node (15)
	Key: cw1:portcurrentnode:0                                        	val: 	18         Status: V node
	Key: cw1:portcurrentcurnode:0                                     	val: 	19         Status: I node
	Key: cw1:portcurrentnode:1                                        	val: 	20         Status: V node
	Key: cw1:portcurrentcurnode:1                                     	val: 	21         Status: I node
	Key: cw1:l1:fixed:900:modei:m(0):optmag                           	val: 	22         Status: O Mag node
	Key: cw1:l1:fixed:900:modei:m(0):optphi                           	val: 	23         Status: O Pha node (22)
	Key: cw1:c:0:m(0):optmag:iso:i                                    	val: 	24         Status: I node
	Key: cw1:c:0:m(0):optphi:iso:i                                    	val: 	25         Status: I node
	Key: wg1:exp:inter1(0):fixed:900:fwd:m(0):optmag                  	val: 	26         Status: O Mag node
	Key: wg1:exp:inter1(0):fixed:900:rev:m(0):optmag                  	val: 	27         Status: O Mag node
	Key: wg1:exp:inter1(0):fixed:900:fwd:m(0):optphi                  	val: 	28         Status: O Pha node (26)
	Key: wg1:exp:inter1(0):fixed:900:rev:m(0):optphi                  	val: 	29         Status: O Pha node (27)
	Key: wg1:exp:inter2(0):fixed:900:fwd:m(0):optmag                  	val: 	30         Status: O Mag node
	Key: wg1:exp:inter2(0):fixed:900:rev:m(0):optmag                  	val: 	31         Status: O Mag node
	Key: wg1:exp:inter2(0):fixed:900:fwd:m(0):optphi                  	val: 	32         Status: O Pha node (30)
	Key: wg1:exp:inter2(0):fixed:900:rev:m(0):optphi                  	val: 	33         Status: O Pha node (31)
	Key: wg1:exp:inter3(0):fixed:900:fwd:m(0):optmag                  	val: 	34         Status: O Mag node
	Key: wg1:exp:inter3(0):fixed:900:rev:m(0):optmag                  	val: 	35         Status: O Mag node
	Key: wg1:exp:inter3(0):fixed:900:fwd:m(0):optphi                  	val: 	36         Status: O Pha node (34)
	Key: wg1:exp:inter3(0):fixed:900:rev:m(0):optphi                  	val: 	37         Status: O Pha node (35)
	Key: wg1:exp:fwdphase(0:0):modei:m(0):optmag                      	val: 	38         Status: O Mag node
	Key: wg1:exp:fwdphase(0:0):modei:m(0):optphi                      	val: 	39         Status: O Pha node (38)
	Key: wg1:exp:revphase(0:0):modei:m(0):optmag                      	val: 	40         Status: O Mag node
	Key: wg1:exp:revphase(0:0):modei:m(0):optphi                      	val: 	41         Status: O Pha node (40)
	Key: l2:fixed:900:fwd:m(0):optmag                                 	val: 	42         Status: O Mag node
	Key: l2:fixed:900:rev:m(0):optmag                                 	val: 	43         Status: O Mag node
	Key: l2:fixed:900:fwd:m(0):optphi                                 	val: 	44         Status: O Pha node (42)
	Key: l2:fixed:900:rev:m(0):optphi                                 	val: 	45         Status: O Pha node (43)
	Key: wg1:exp:c(0):i1(0):0:rev:modei:m(0):optmag                   	val: 	46         Status: O Mag node
	Key: wg1:exp:c(0):i1(0):0:rev:modei:m(0):optphi                   	val: 	47         Status: O Pha node (46)
	Key: wg1:exp:c(0):i1(0):0:fwd:modei:m(0):optmag                   	val: 	48         Status: O Mag node
	Key: wg1:exp:c(0):i1(0):0:fwd:modei:m(0):optphi                   	val: 	49         Status: O Pha node (48)
	Key: wg1:exp:c(0):td(0):c(0):m(0):optmag:delay:i                  	val: 	50         Status: I node
	Key: wg1:exp:c(0):td(0):reverse:c(0):m(0):optmag:delay:i          	val: 	51         Status: I node
	Key: wg1:exp:c(0):td(0):c(0):m(0):optphi:delay:i                  	val: 	52         Status: I node
	Key: wg1:exp:c(0):td(0):reverse:c(0):m(0):optphi:delay:i          	val: 	53         Status: I node
	Key: wg1:exp:c(0):i1(1):0:rev:modei:m(0):optmag                   	val: 	54         Status: O Mag node
	Key: wg1:exp:c(0):i1(1):0:rev:modei:m(0):optphi                   	val: 	55         Status: O Pha node (54)
	Key: wg1:exp:c(0):i1(1):0:fwd:modei:m(0):optmag                   	val: 	56         Status: O Mag node
	Key: wg1:exp:c(0):i1(1):0:fwd:modei:m(0):optphi                   	val: 	57         Status: O Pha node (56)
	Key: mir1:terminal:fixed:900:fwd:m(0):optmag                      	val: 	58         Status: O Mag node
	Key: mir1:terminal:fixed:900:rev:m(0):optmag                      	val: 	59         Status: O Mag node
	Key: mir1:terminal:fixed:900:fwd:m(0):optphi                      	val: 	60         Status: O Pha node (58)
	Key: mir1:terminal:fixed:900:rev:m(0):optphi                      	val: 	61         Status: O Pha node (59)
	Key: mir1:vtov:c(0):0:rev:modei:m(0):optmag                       	val: 	62         Status: O Mag node
	Key: mir1:vtov:c(0):0:rev:modei:m(0):optphi                       	val: 	63         Status: O Pha node (62)
	Key: mir1:vtov:c(0):0:fwd:modei:m(0):optmag                       	val: 	64         Status: O Mag node
	Key: mir1:vtov:c(0):0:fwd:modei:m(0):optphi                       	val: 	65         Status: O Pha node (64)

Optical Node hash table
	wg1:exp:inter1(0):fixed:900
		aliases: wg1:exp:inter1(0) -- wg1:exp:inter1(0) -- 
	l1:fixed:900
		aliases: l1 -- l1 -- l1 -- 
	wg1:exp:inter2(0):fixed:900
		aliases: wg1:exp:inter2(0) -- wg1:exp:inter2(0) -- 
	wg1:exp:inter3(0):fixed:900
		aliases: wg1:exp:inter3(0) -- wg1:exp:inter3(0) -- 
	l2:fixed:900
		aliases: l2 -- l2 -- l2 -- l2 -- 
	mir1:terminal:fixed:900
		aliases: mir1:terminal -- mir1:terminal -- 

Optical ModeShape hash table
	Key: eb090406745e8f4524b8fb9c8e2558fa00c1822a                     	val: 	1917868400

Optical Link hash table
	Key: l1                                                           l1                                                          	val: 	0x7ffa72501550 
			E1: 	0x7ffa73005200 - cw1                                      	E2: 	0x7ffa73007400 - wg1:exp                                 
	Key: l2                                                           l2                                                          	val: 	0x7ffa72503d20 
			E1: 	0x7ffa73007400 - wg1:exp                                  	E2: 	0x7ffa73008200 - mir1                                    

Source Optical Channel hash table
	Key: fixed:900                                                    	lambda: 	900        dPhi_dt: 	0x7ffa73005a30 *dPhi_dt: 	0         

Optical Matrices hash table

Optical FSE Matrices hash table

Monitor Statements
	Name:                            wg1 Type:       OptFields Port:     1 Node Num:      0
	Name:                            wg1 Type:       OptFields Port:     2 Node Num:      0
	Name:                             v1 Type:               V Port:     1 Node Num:      2
	Name:                             v1 Type:               I Port:     1 Node Num:      0
	Name:                             v1 Type:               I Port:     2 Node Num:      0
	Name:                             v2 Type:               V Port:     1 Node Num:      8
	Name:                             v2 Type:               I Port:     1 Node Num:      0
	Name:                             v2 Type:               I Port:     2 Node Num:      0
	Name:                            cw1 Type:               V Port:     1 Node Num:      2
	Name:                            cw1 Type:               I Port:     1 Node Num:      0
	Name:                            cw1 Type:               V Port:     2 Node Num:      8
	Name:                            cw1 Type:               I Port:     2 Node Num:      0
	Name:                            cw1 Type:       OptFields Port:     3 Node Num:      0
	Name:                            wg1 Type:       OptFields Port:     1 Node Num:      0
	Name:                            wg1 Type:       OptFields Port:     2 Node Num:      0
	Name:                        wg1:exp Type:       OptFields Port:     1 Node Num:      0
	Name:                        wg1:exp Type:       OptFields Port:     2 Node Num:      0
	Name:                           mir1 Type:       OptFields Port:     1 Node Num:      0

Current Monitor Statements
	Key: v2:Port-2                                                    	port: 	2          	num: 	12        
	Key: v1:Port-1                                                    	port: 	1          	num: 	4         
	Key: v1:Port-2                                                    	port: 	2          	num: 	6         
	Key: cw1:Port-1                                                   	port: 	1          	num: 	19        
	Key: v2:Port-1                                                    	port: 	1          	num: 	10        
	Key: cw1:Port-2                                                   	port: 	2          	num: 	21        

Sub-circuits


Transient Simulation Started
tscaling: 1
abstol: 1e-08 reltol: 1e-06 c_abstol: 1e-15 c_reltol: 1e-06
DC Simulation Started
DC Linear Initial Guess
DC simulations:
	DC var: 0.000000000000e+00
		Elec pass (T ind):
		DC iterations =  2 (extra -1). Cond 0.143192
			Total num iter: 2
		Elec pass (T dep). Evars Optical:
		DC iterations =  1 (extra -1). Cond 0.143192
			Total num iter: 3

***** Element Operating point info:

MultiLayerFilterExp: wg1:exp 
	(Explicit Filtering -- T = 300.15 -- E to E)
	Channel: 0
		 Input: l1:fixed:900
			l1:fixed:900 			Carrier Lambda: 900 nm --- E vars
				Mode 0
					(fwd: 14,16):  Pow: 1.0000000000e+00 Phi: 0.0000000000e+00  Mag: 1.0000000000e+00 E_f =  1.0000000000e+00 + 0.0000000000e+00i
					(rev: 15,17):  Pow: 4.6676065966e-01 Phi: -2.7209570106e+00  Mag: 6.8319884343e-01 E_f =  -6.2364410361e-01 + -2.7897794124e-01i
								Total Power Fwd: 1 Rev: 0.466761

			Extra
					(rev: 46,47):  Pow: 4.6676065966e-01 Phi: -2.7209570106e+00  Mag: 6.8319884343e-01 E_f =  -6.2364410361e-01 + -2.7897794124e-01i
								Total Power Fwd: 0 Rev: 0.466761

		Interface (0): wg1:exp:c(0):I1(0) T= 300.15 NonLinear
			N1 = 1.1 N2 = 2.9 (2.9)T = 300.15
				Tf^2 = 0.7975 Rf^2 = 0.2025  Tb^2 = 0.7975 Rb^2 = 0.2025 Tf+Rf = 1 Tb+Rb = 1 
			Rf = -0.45 	Tf = 0.893029 	Rb = 0.45 	Tb = 0.893029 

		 Layer (1) Phi= -32.3933 (-0.977384)  Atten = 1 N = 2.9 V1 = 0 V2 = 0 T = 300.15
			Inter1: wg1:exp:inter1(0):fixed:900 (Es)
			wg1:exp:inter1(0):fixed:900 			Carrier Lambda: 900 nm --- E vars
				Mode 0
					(fwd: 26,28):  Pow: 6.6863867126e-01 Phi: -1.7277630272e-01  Mag: 8.1770329048e-01 E_f =  8.0552872511e-01 + -1.4057789402e-01i
					(rev: 27,29):  Pow: 1.3539933093e-01 Phi: -2.1275450650e+00  Mag: 3.6796648072e-01 E_f =  -1.9444406636e-01 + -3.1239532004e-01i
								Total Power Fwd: 0.668639 Rev: 0.135399

			Inter2: wg1:exp:inter2(0):fixed:900 (Es)
			wg1:exp:inter2(0):fixed:900 			Carrier Lambda: 900 nm --- E vars
				Mode 0
					(fwd: 30,32):  Pow: 6.6863867126e-01 Phi: -1.1501606838e+00  Mag: 8.1770329048e-01 E_f =  3.3390159061e-01 + -7.4642373961e-01i
					(rev: 31,33):  Pow: 1.3539933093e-01 Phi: -1.1501606838e+00  Mag: 3.6796648072e-01 E_f =  1.5025571577e-01 + -3.3589068282e-01i
								Total Power Fwd: 0.668639 Rev: 0.135399

			Inter3: wg1:exp:inter3(0):fixed:900 (Es) dt = 1.54774e-14
			wg1:exp:inter3(0):fixed:900 			Carrier Lambda: 900 nm --- E vars
				Mode 0
					(fwd: 34,36):  Pow: 6.6863867126e-01 Phi: -1.1501606838e+00  Mag: 8.1770329048e-01 E_f =  3.3390159061e-01 + -7.4642373961e-01i
					(rev: 35,37):  Pow: 1.3539933093e-01 Phi: -1.1501606838e+00  Mag: 3.6796648072e-01 E_f =  1.5025571577e-01 + -3.3589068282e-01i
								Total Power Fwd: 0.668639 Rev: 0.135399

			ExtraNodes (Es)
			Delay queues (Es):
				Mode 0
					(fwd: 38,39):  Pow: 6.6863867126e-01 Phi: -1.1501606838e+00  Mag: 8.1770329048e-01 E_f =  3.3390159061e-01 + -7.4642373961e-01i
					(rev: 40,41):  Pow: 1.3539933093e-01 Phi: -2.1275450650e+00  Mag: 3.6796648072e-01 E_f =  -1.9444406636e-01 + -3.1239532004e-01i
								Total Power Fwd: 0.668639 Rev: 0.135399

			Extra Inter1
				Mode 0
					(fwd: 48,49):  Pow: 6.6863867126e-01 Phi: -1.7277630272e-01  Mag: 8.1770329048e-01 E_f =  8.0552872511e-01 + -1.4057789402e-01i
								Total Power Fwd: 0.668639 Rev: 0

		Interface (1): wg1:exp:c(0):I1(1) T = 300.15 NonLinear
			N1 = 2.9 (2.9) N2 = 1.1
				Tf^2 = 0.7975 Rf^2 = 0.2025  Tb^2 = 0.7975 Rb^2 = 0.2025 Tf+Rf = 1 Tb+Rb = 1 
			Rf = 0.45 	Tf = 0.893029 	Rb = -0.45 	Tb = 0.893029 

		 Output: l2:fixed:900
			l2:fixed:900 			Carrier Lambda: 900 nm --- E vars
				Mode 0
					(fwd: 42,44):  Pow: 5.3323934033e-01 Phi: -1.1501606838e+00  Mag: 7.3023238789e-01 E_f =  2.9818365497e-01 + -6.6657771358e-01i
					(rev: 43,45):  Pow: 0.0000000000e+00 Phi: 0.0000000000e+00  Mag: 0.0000000000e+00 E_f =  0.0000000000e+00 + 0.0000000000e+00i
								Total Power Fwd: 0.533239 Rev: 0

			Extra
				Mode 0
					(fwd: 56,57):  Pow: 5.3323934033e-01 Phi: -1.1501606838e+00  Mag: 7.3023238789e-01 E_f =  2.9818365497e-01 + -6.6657771358e-01i
								Total Power Fwd: 0.533239 Rev: 0

IndSource:                       v1 (V source)
			V: 1.0000000000e+00 I: 0.0000000000e+00 

IndSource:                       v2 (V source)
			V: 0.0000000000e+00 I: 0.0000000000e+00 

Cw_Source: cw1 
	 Channel : 0 -- n1: 18 n2: 20 -- Fixed Lambda
		 Freqshift: 0
			l1:fixed:900 			Carrier Lambda: 900 nm --- E vars
				Mode 0
					(fwd: 14,16):  Pow: 1.0000000000e+00 Phi: 0.0000000000e+00  Mag: 1.0000000000e+00 E_f =  1.0000000000e+00 + 0.0000000000e+00i
					(rev: 15,17):  Pow: 4.6676065966e-01 Phi: -2.7209570106e+00  Mag: 6.8319884343e-01 E_f =  -6.2364410361e-01 + -2.7897794124e-01i
								Total Power Fwd: 1 Rev: 0.466761

Mirror: mir1
	Channel:0
			l2:fixed:900 			Carrier Lambda: 900 nm --- E vars
				Mode 0
					(fwd: 42,44):  Pow: 5.3323934033e-01 Phi: -1.1501606838e+00  Mag: 7.3023238789e-01 E_f =  2.9818365497e-01 + -6.6657771358e-01i
					(rev: 43,45):  Pow: 0.0000000000e+00 Phi: 0.0000000000e+00  Mag: 0.0000000000e+00 E_f =  0.0000000000e+00 + 0.0000000000e+00i
								Total Power Fwd: 0.533239 Rev: 0



***** Node Operating Point Values 
	wg1                           	Port: 1 
	                              	mode: l1:fixed:900 
	                              		dir: FWD
	                              			TE Fields: 1.0000000000e+00 0.0000000000e+00 

	wg1                           	Port: 2 
	                              	mode: l2:fixed:900 
	                              		dir: FWD
	                              			TE Fields: 7.3023238789e-01 -1.1501606838e+00 

	v1                            	Port:     1	V = 1.0000000000e+00
	v1                            	Port:     1	I = 0.0000000000e+00
	v1                            	Port:     2	I = -0.0000000000e+00
	v2                            	Port:     1	V = 0.0000000000e+00
	v2                            	Port:     1	I = 0.0000000000e+00
	v2                            	Port:     2	I = -0.0000000000e+00
	cw1                           	Port:     1	V = 1.0000000000e+00
	cw1                           	Port:     1	I = -0.0000000000e+00
	cw1                           	Port:     2	V = 0.0000000000e+00
	cw1                           	Port:     2	I = -0.0000000000e+00
	cw1                           	Port: 3 
	                              	mode: l1:fixed:900 
	                              		dir: FWD
	                              			TE Fields: 1.0000000000e+00 0.0000000000e+00 
	                              			TM Fields: 0.0000000000e+00 0.0000000000e+00 
	                              		dir: REV
	                              			TE Fields: -6.2364410361e-01 -2.7897794124e-01 
	                              			TM Fields: 0.0000000000e+00 0.0000000000e+00 

	wg1                           	Port: 1 
	                              	mode: l1:fixed:900 
	                              		dir: FWD
	                              			TE Fields: 1.0000000000e+00 0.0000000000e+00 
	                              			TM Fields: 0.0000000000e+00 0.0000000000e+00 
	                              		dir: REV
	                              			TE Fields: -6.2364410361e-01 -2.7897794124e-01 
	                              			TM Fields: 0.0000000000e+00 0.0000000000e+00 

	wg1                           	Port: 2 
	                              	mode: l2:fixed:900 
	                              		dir: FWD
	                              			TE Fields: 2.9818365497e-01 -6.6657771358e-01 
	                              			TM Fields: 0.0000000000e+00 0.0000000000e+00 
	                              		dir: REV
	                              			TE Fields: 0.0000000000e+00 0.0000000000e+00 
	                              			TM Fields: 0.0000000000e+00 0.0000000000e+00 

	wg1:exp                       	Port: 1 
	                              	mode: l1:fixed:900 
	                              		dir: FWD
	                              			TE Fields: 1.0000000000e+00 0.0000000000e+00 
	                              			TM Fields: 0.0000000000e+00 0.0000000000e+00 
	                              		dir: REV
	                              			TE Fields: -6.2364410361e-01 -2.7897794124e-01 
	                              			TM Fields: 0.0000000000e+00 0.0000000000e+00 

	wg1:exp                       	Port: 2 
	                              	mode: l2:fixed:900 
	                              		dir: FWD
	                              			TE Fields: 2.9818365497e-01 -6.6657771358e-01 
	                              			TM Fields: 0.0000000000e+00 0.0000000000e+00 
	                              		dir: REV
	                              			TE Fields: 0.0000000000e+00 0.0000000000e+00 
	                              			TM Fields: 0.0000000000e+00 0.0000000000e+00 

	mir1                          	Port: 1 
	                              	mode: l2:fixed:900 
	                              		dir: FWD
	                              			TE Fields: 2.9818365497e-01 -6.6657771358e-01 
	                              			TM Fields: 0.0000000000e+00 0.0000000000e+00 
	                              		dir: REV
	                              			TE Fields: 0.0000000000e+00 0.0000000000e+00 
	                              			TM Fields: 0.0000000000e+00 0.0000000000e+00 


***** 
		Final Evars non-Linear Scatter pass:

***** Element Operating point info:

MultiLayerFilterExp: wg1:exp 
	(Explicit Filtering -- T = 300.15 -- E to E)
	Channel: 0
		 Input: l1:fixed:900
			l1:fixed:900 			Carrier Lambda: 900 nm --- E vars
				Mode 0
					(fwd: 14,16):  Pow: 1.0000000000e+00 Phi: 0.0000000000e+00  Mag: 1.0000000000e+00 E_f =  1.0000000000e+00 + 0.0000000000e+00i
					(rev: 15,17):  Pow: 4.6676065966e-01 Phi: -2.7209570106e+00  Mag: 6.8319884343e-01 E_f =  -6.2364410361e-01 + -2.7897794124e-01i
								Total Power Fwd: 1 Rev: 0.466761

			Extra
					(rev: 46,47):  Pow: 4.6676065966e-01 Phi: -2.7209570106e+00  Mag: 6.8319884343e-01 E_f =  -6.2364410361e-01 + -2.7897794124e-01i
								Total Power Fwd: 0 Rev: 0.466761

		Interface (0): wg1:exp:c(0):I1(0) T= 300.15 NonLinear
			N1 = 1.1 N2 = 2.9 (2.9)T = 300.15
				Tf^2 = 0.7975 Rf^2 = 0.2025  Tb^2 = 0.7975 Rb^2 = 0.2025 Tf+Rf = 1 Tb+Rb = 1 
			Rf = -0.45 	Tf = 0.893029 	Rb = 0.45 	Tb = 0.893029 

		 Layer (1) Phi= -32.3933 (-0.977384)  Atten = 1 N = 2.9 V1 = 0 V2 = 0 T = 300.15
			Inter1: wg1:exp:inter1(0):fixed:900 (Es)
			wg1:exp:inter1(0):fixed:900 			Carrier Lambda: 900 nm --- E vars
				Mode 0
					(fwd: 26,28):  Pow: 6.6863867126e-01 Phi: -1.7277630272e-01  Mag: 8.1770329048e-01 E_f =  8.0552872511e-01 + -1.4057789402e-01i
					(rev: 27,29):  Pow: 1.3539933093e-01 Phi: -2.1275450650e+00  Mag: 3.6796648072e-01 E_f =  -1.9444406636e-01 + -3.1239532004e-01i
								Total Power Fwd: 0.668639 Rev: 0.135399

			Inter2: wg1:exp:inter2(0):fixed:900 (Es)
			wg1:exp:inter2(0):fixed:900 			Carrier Lambda: 900 nm --- E vars
				Mode 0
					(fwd: 30,32):  Pow: 6.6863867126e-01 Phi: -1.1501606838e+00  Mag: 8.1770329048e-01 E_f =  3.3390159061e-01 + -7.4642373961e-01i
					(rev: 31,33):  Pow: 1.3539933093e-01 Phi: -1.1501606838e+00  Mag: 3.6796648072e-01 E_f =  1.5025571577e-01 + -3.3589068282e-01i
								Total Power Fwd: 0.668639 Rev: 0.135399

			Inter3: wg1:exp:inter3(0):fixed:900 (Es) dt = 1.54774e-14
			wg1:exp:inter3(0):fixed:900 			Carrier Lambda: 900 nm --- E vars
				Mode 0
					(fwd: 34,36):  Pow: 6.6863867126e-01 Phi: -1.1501606838e+00  Mag: 8.1770329048e-01 E_f =  3.3390159061e-01 + -7.4642373961e-01i
					(rev: 35,37):  Pow: 1.3539933093e-01 Phi: -1.1501606838e+00  Mag: 3.6796648072e-01 E_f =  1.5025571577e-01 + -3.3589068282e-01i
								Total Power Fwd: 0.668639 Rev: 0.135399

			ExtraNodes (Es)
			Delay queues (Es):
				Mode 0
					(fwd: 38,39):  Pow: 6.6863867126e-01 Phi: -1.1501606838e+00  Mag: 8.1770329048e-01 E_f =  3.3390159061e-01 + -7.4642373961e-01i
					(rev: 40,41):  Pow: 1.3539933093e-01 Phi: -2.1275450650e+00  Mag: 3.6796648072e-01 E_f =  -1.9444406636e-01 + -3.1239532004e-01i
								Total Power Fwd: 0.668639 Rev: 0.135399

			Extra Inter1
				Mode 0
					(fwd: 48,49):  Pow: 6.6863867126e-01 Phi: -1.7277630272e-01  Mag: 8.1770329048e-01 E_f =  8.0552872511e-01 + -1.4057789402e-01i
								Total Power Fwd: 0.668639 Rev: 0

		Interface (1): wg1:exp:c(0):I1(1) T = 300.15 NonLinear
			N1 = 2.9 (2.9) N2 = 1.1
				Tf^2 = 0.7975 Rf^2 = 0.2025  Tb^2 = 0.7975 Rb^2 = 0.2025 Tf+Rf = 1 Tb+Rb = 1 
			Rf = 0.45 	Tf = 0.893029 	Rb = -0.45 	Tb = 0.893029 

		 Output: l2:fixed:900
			l2:fixed:900 			Carrier Lambda: 900 nm --- E vars
				Mode 0
					(fwd: 42,44):  Pow: 5.3323934033e-01 Phi: -1.1501606838e+00  Mag: 7.3023238789e-01 E_f =  2.9818365497e-01 + -6.6657771358e-01i
					(rev: 43,45):  Pow: 0.0000000000e+00 Phi: 0.0000000000e+00  Mag: 0.0000000000e+00 E_f =  0.0000000000e+00 + 0.0000000000e+00i
								Total Power Fwd: 0.533239 Rev: 0

			Extra
				Mode 0
					(fwd: 56,57):  Pow: 5.3323934033e-01 Phi: -1.1501606838e+00  Mag: 7.3023238789e-01 E_f =  2.9818365497e-01 + -6.6657771358e-01i
								Total Power Fwd: 0.533239 Rev: 0

IndSource:                       v1 (V source)
			V: 1.0000000000e+00 I: 0.0000000000e+00 

IndSource:                       v2 (V source)
			V: 0.0000000000e+00 I: 0.0000000000e+00 

Cw_Source: cw1 
	 Channel : 0 -- n1: 18 n2: 20 -- Fixed Lambda
		 Freqshift: 0
			l1:fixed:900 			Carrier Lambda: 900 nm --- E vars
				Mode 0
					(fwd: 14,16):  Pow: 1.0000000000e+00 Phi: 0.0000000000e+00  Mag: 1.0000000000e+00 E_f =  1.0000000000e+00 + 0.0000000000e+00i
					(rev: 15,17):  Pow: 4.6676065966e-01 Phi: -2.7209570106e+00  Mag: 6.8319884343e-01 E_f =  -6.2364410361e-01 + -2.7897794124e-01i
								Total Power Fwd: 1 Rev: 0.466761

Mirror: mir1
	Channel:0
			l2:fixed:900 			Carrier Lambda: 900 nm --- E vars
				Mode 0
					(fwd: 42,44):  Pow: 5.3323934033e-01 Phi: -1.1501606838e+00  Mag: 7.3023238789e-01 E_f =  2.9818365497e-01 + -6.6657771358e-01i
					(rev: 43,45):  Pow: 0.0000000000e+00 Phi: 0.0000000000e+00  Mag: 0.0000000000e+00 E_f =  0.0000000000e+00 + 0.0000000000e+00i
								Total Power Fwd: 0.533239 Rev: 0



***** Node Operating Point Values 
	wg1                           	Port: 1 
	                              	mode: l1:fixed:900 
	                              		dir: FWD
	                              			TE Fields: 1.0000000000e+00 0.0000000000e+00 

	wg1                           	Port: 2 
	                              	mode: l2:fixed:900 
	                              		dir: FWD
	                              			TE Fields: 7.3023238789e-01 -1.1501606838e+00 

	v1                            	Port:     1	V = 1.0000000000e+00
	v1                            	Port:     1	I = 0.0000000000e+00
	v1                            	Port:     2	I = -0.0000000000e+00
	v2                            	Port:     1	V = 0.0000000000e+00
	v2                            	Port:     1	I = 0.0000000000e+00
	v2                            	Port:     2	I = -0.0000000000e+00
	cw1                           	Port:     1	V = 1.0000000000e+00
	cw1                           	Port:     1	I = -0.0000000000e+00
	cw1                           	Port:     2	V = 0.0000000000e+00
	cw1                           	Port:     2	I = -0.0000000000e+00
	cw1                           	Port: 3 
	                              	mode: l1:fixed:900 
	                              		dir: FWD
	                              			TE Fields: 1.0000000000e+00 0.0000000000e+00 
	                              			TM Fields: 0.0000000000e+00 0.0000000000e+00 
	                              		dir: REV
	                              			TE Fields: -6.2364410361e-01 -2.7897794124e-01 
	                              			TM Fields: 0.0000000000e+00 0.0000000000e+00 

	wg1                           	Port: 1 
	                              	mode: l1:fixed:900 
	                              		dir: FWD
	                              			TE Fields: 1.0000000000e+00 0.0000000000e+00 
	                              			TM Fields: 0.0000000000e+00 0.0000000000e+00 
	                              		dir: REV
	                              			TE Fields: -6.2364410361e-01 -2.7897794124e-01 
	                              			TM Fields: 0.0000000000e+00 0.0000000000e+00 

	wg1                           	Port: 2 
	                              	mode: l2:fixed:900 
	                              		dir: FWD
	                              			TE Fields: 2.9818365497e-01 -6.6657771358e-01 
	                              			TM Fields: 0.0000000000e+00 0.0000000000e+00 
	                              		dir: REV
	                              			TE Fields: 0.0000000000e+00 0.0000000000e+00 
	                              			TM Fields: 0.0000000000e+00 0.0000000000e+00 

	wg1:exp                       	Port: 1 
	                              	mode: l1:fixed:900 
	                              		dir: FWD
	                              			TE Fields: 1.0000000000e+00 0.0000000000e+00 
	                              			TM Fields: 0.0000000000e+00 0.0000000000e+00 
	                              		dir: REV
	                              			TE Fields: -6.2364410361e-01 -2.7897794124e-01 
	                              			TM Fields: 0.0000000000e+00 0.0000000000e+00 

	wg1:exp                       	Port: 2 
	                              	mode: l2:fixed:900 
	                              		dir: FWD
	                              			TE Fields: 2.9818365497e-01 -6.6657771358e-01 
	                              			TM Fields: 0.0000000000e+00 0.0000000000e+00 
	                              		dir: REV
	                              			TE Fields: 0.0000000000e+00 0.0000000000e+00 
	                              			TM Fields: 0.0000000000e+00 0.0000000000e+00 

	mir1                          	Port: 1 
	                              	mode: l2:fixed:900 
	                              		dir: FWD
	                              			TE Fields: 2.9818365497e-01 -6.6657771358e-01 
	                              			TM Fields: 0.0000000000e+00 0.0000000000e+00 
	                              		dir: REV
	                              			TE Fields: 0.0000000000e+00 0.0000000000e+00 
	                              			TM Fields: 0.0000000000e+00 0.0000000000e+00 


***** 
		DC iterations =  2 (extra -1). Cond 0.143192
			Total num iter: 5
		Final pass (forced MPtotMP):
Before:

***** Element Operating point info:

MultiLayerFilterExp: wg1:exp 
	(Explicit Filtering -- T = 300.15 -- E to E)
	Channel: 0
		 Input: l1:fixed:900
			l1:fixed:900 			Carrier Lambda: 900 nm --- E vars
				Mode 0
					(fwd: 14,16):  Pow: 1.0000000000e+00 Phi: 0.0000000000e+00  Mag: 1.0000000000e+00 E_f =  1.0000000000e+00 + 0.0000000000e+00i
					(rev: 15,17):  Pow: 4.6676065966e-01 Phi: -2.7209570106e+00  Mag: 6.8319884343e-01 E_f =  -6.2364410361e-01 + -2.7897794124e-01i
								Total Power Fwd: 1 Rev: 0.466761

			Extra
					(rev: 46,47):  Pow: 4.6676065966e-01 Phi: -2.7209570106e+00  Mag: 6.8319884343e-01 E_f =  -6.2364410361e-01 + -2.7897794124e-01i
								Total Power Fwd: 0 Rev: 0.466761

		Interface (0): wg1:exp:c(0):I1(0) T= 300.15 NonLinear
			N1 = 1.1 N2 = 2.9 (2.9)T = 300.15
				Tf^2 = 0.7975 Rf^2 = 0.2025  Tb^2 = 0.7975 Rb^2 = 0.2025 Tf+Rf = 1 Tb+Rb = 1 
			Rf = -0.45 	Tf = 0.893029 	Rb = 0.45 	Tb = 0.893029 

		 Layer (1) Phi= -32.3933 (-0.977384)  Atten = 1 N = 2.9 V1 = 0 V2 = 0 T = 300.15
			Inter1: wg1:exp:inter1(0):fixed:900 (Es)
			wg1:exp:inter1(0):fixed:900 			Carrier Lambda: 900 nm --- E vars
				Mode 0
					(fwd: 26,28):  Pow: 6.6863867126e-01 Phi: -1.7277630272e-01  Mag: 8.1770329048e-01 E_f =  8.0552872511e-01 + -1.4057789402e-01i
					(rev: 27,29):  Pow: 1.3539933093e-01 Phi: -2.1275450650e+00  Mag: 3.6796648072e-01 E_f =  -1.9444406636e-01 + -3.1239532004e-01i
								Total Power Fwd: 0.668639 Rev: 0.135399

			Inter2: wg1:exp:inter2(0):fixed:900 (Es)
			wg1:exp:inter2(0):fixed:900 			Carrier Lambda: 900 nm --- E vars
				Mode 0
					(fwd: 30,32):  Pow: 6.6863867126e-01 Phi: -1.1501606838e+00  Mag: 8.1770329048e-01 E_f =  3.3390159061e-01 + -7.4642373961e-01i
					(rev: 31,33):  Pow: 1.3539933093e-01 Phi: -1.1501606838e+00  Mag: 3.6796648072e-01 E_f =  1.5025571577e-01 + -3.3589068282e-01i
								Total Power Fwd: 0.668639 Rev: 0.135399

			Inter3: wg1:exp:inter3(0):fixed:900 (Es) dt = 1.54774e-14
			wg1:exp:inter3(0):fixed:900 			Carrier Lambda: 900 nm --- E vars
				Mode 0
					(fwd: 34,36):  Pow: 6.6863867126e-01 Phi: -1.1501606838e+00  Mag: 8.1770329048e-01 E_f =  3.3390159061e-01 + -7.4642373961e-01i
					(rev: 35,37):  Pow: 1.3539933093e-01 Phi: -1.1501606838e+00  Mag: 3.6796648072e-01 E_f =  1.5025571577e-01 + -3.3589068282e-01i
								Total Power Fwd: 0.668639 Rev: 0.135399

			ExtraNodes (Es)
			Delay queues (Es):
				Mode 0
					(fwd: 38,39):  Pow: 6.6863867126e-01 Phi: -1.1501606838e+00  Mag: 8.1770329048e-01 E_f =  3.3390159061e-01 + -7.4642373961e-01i
					(rev: 40,41):  Pow: 1.3539933093e-01 Phi: -2.1275450650e+00  Mag: 3.6796648072e-01 E_f =  -1.9444406636e-01 + -3.1239532004e-01i
								Total Power Fwd: 0.668639 Rev: 0.135399

			Extra Inter1
				Mode 0
					(fwd: 48,49):  Pow: 6.6863867126e-01 Phi: -1.7277630272e-01  Mag: 8.1770329048e-01 E_f =  8.0552872511e-01 + -1.4057789402e-01i
								Total Power Fwd: 0.668639 Rev: 0

		Interface (1): wg1:exp:c(0):I1(1) T = 300.15 NonLinear
			N1 = 2.9 (2.9) N2 = 1.1
				Tf^2 = 0.7975 Rf^2 = 0.2025  Tb^2 = 0.7975 Rb^2 = 0.2025 Tf+Rf = 1 Tb+Rb = 1 
			Rf = 0.45 	Tf = 0.893029 	Rb = -0.45 	Tb = 0.893029 

		 Output: l2:fixed:900
			l2:fixed:900 			Carrier Lambda: 900 nm --- E vars
				Mode 0
					(fwd: 42,44):  Pow: 5.3323934033e-01 Phi: -1.1501606838e+00  Mag: 7.3023238789e-01 E_f =  2.9818365497e-01 + -6.6657771358e-01i
					(rev: 43,45):  Pow: 0.0000000000e+00 Phi: 0.0000000000e+00  Mag: 0.0000000000e+00 E_f =  0.0000000000e+00 + 0.0000000000e+00i
								Total Power Fwd: 0.533239 Rev: 0

			Extra
				Mode 0
					(fwd: 56,57):  Pow: 5.3323934033e-01 Phi: -1.1501606838e+00  Mag: 7.3023238789e-01 E_f =  2.9818365497e-01 + -6.6657771358e-01i
								Total Power Fwd: 0.533239 Rev: 0

IndSource:                       v1 (V source)
			V: 1.0000000000e+00 I: 0.0000000000e+00 

IndSource:                       v2 (V source)
			V: 0.0000000000e+00 I: 0.0000000000e+00 

Cw_Source: cw1 
	 Channel : 0 -- n1: 18 n2: 20 -- Fixed Lambda
		 Freqshift: 0
			l1:fixed:900 			Carrier Lambda: 900 nm --- E vars
				Mode 0
					(fwd: 14,16):  Pow: 1.0000000000e+00 Phi: 0.0000000000e+00  Mag: 1.0000000000e+00 E_f =  1.0000000000e+00 + 0.0000000000e+00i
					(rev: 15,17):  Pow: 4.6676065966e-01 Phi: -2.7209570106e+00  Mag: 6.8319884343e-01 E_f =  -6.2364410361e-01 + -2.7897794124e-01i
								Total Power Fwd: 1 Rev: 0.466761

Mirror: mir1
	Channel:0
			l2:fixed:900 			Carrier Lambda: 900 nm --- E vars
				Mode 0
					(fwd: 42,44):  Pow: 5.3323934033e-01 Phi: -1.1501606838e+00  Mag: 7.3023238789e-01 E_f =  2.9818365497e-01 + -6.6657771358e-01i
					(rev: 43,45):  Pow: 0.0000000000e+00 Phi: 0.0000000000e+00  Mag: 0.0000000000e+00 E_f =  0.0000000000e+00 + 0.0000000000e+00i
								Total Power Fwd: 0.533239 Rev: 0



***** Node Operating Point Values 
	wg1                           	Port: 1 
	                              	mode: l1:fixed:900 
	                              		dir: FWD
	                              			TE Fields: 1.0000000000e+00 0.0000000000e+00 

	wg1                           	Port: 2 
	                              	mode: l2:fixed:900 
	                              		dir: FWD
	                              			TE Fields: 7.3023238789e-01 -1.1501606838e+00 

	v1                            	Port:     1	V = 1.0000000000e+00
	v1                            	Port:     1	I = 0.0000000000e+00
	v1                            	Port:     2	I = -0.0000000000e+00
	v2                            	Port:     1	V = 0.0000000000e+00
	v2                            	Port:     1	I = 0.0000000000e+00
	v2                            	Port:     2	I = -0.0000000000e+00
	cw1                           	Port:     1	V = 1.0000000000e+00
	cw1                           	Port:     1	I = -0.0000000000e+00
	cw1                           	Port:     2	V = 0.0000000000e+00
	cw1                           	Port:     2	I = -0.0000000000e+00
	cw1                           	Port: 3 
	                              	mode: l1:fixed:900 
	                              		dir: FWD
	                              			TE Fields: 1.0000000000e+00 0.0000000000e+00 
	                              			TM Fields: 0.0000000000e+00 0.0000000000e+00 
	                              		dir: REV
	                              			TE Fields: -6.2364410361e-01 -2.7897794124e-01 
	                              			TM Fields: 0.0000000000e+00 0.0000000000e+00 

	wg1                           	Port: 1 
	                              	mode: l1:fixed:900 
	                              		dir: FWD
	                              			TE Fields: 1.0000000000e+00 0.0000000000e+00 
	                              			TM Fields: 0.0000000000e+00 0.0000000000e+00 
	                              		dir: REV
	                              			TE Fields: -6.2364410361e-01 -2.7897794124e-01 
	                              			TM Fields: 0.0000000000e+00 0.0000000000e+00 

	wg1                           	Port: 2 
	                              	mode: l2:fixed:900 
	                              		dir: FWD
	                              			TE Fields: 2.9818365497e-01 -6.6657771358e-01 
	                              			TM Fields: 0.0000000000e+00 0.0000000000e+00 
	                              		dir: REV
	                              			TE Fields: 0.0000000000e+00 0.0000000000e+00 
	                              			TM Fields: 0.0000000000e+00 0.0000000000e+00 

	wg1:exp                       	Port: 1 
	                              	mode: l1:fixed:900 
	                              		dir: FWD
	                              			TE Fields: 1.0000000000e+00 0.0000000000e+00 
	                              			TM Fields: 0.0000000000e+00 0.0000000000e+00 
	                              		dir: REV
	                              			TE Fields: -6.2364410361e-01 -2.7897794124e-01 
	                              			TM Fields: 0.0000000000e+00 0.0000000000e+00 

	wg1:exp                       	Port: 2 
	                              	mode: l2:fixed:900 
	                              		dir: FWD
	                              			TE Fields: 2.9818365497e-01 -6.6657771358e-01 
	                              			TM Fields: 0.0000000000e+00 0.0000000000e+00 
	                              		dir: REV
	                              			TE Fields: 0.0000000000e+00 0.0000000000e+00 
	                              			TM Fields: 0.0000000000e+00 0.0000000000e+00 

	mir1                          	Port: 1 
	                              	mode: l2:fixed:900 
	                              		dir: FWD
	                              			TE Fields: 2.9818365497e-01 -6.6657771358e-01 
	                              			TM Fields: 0.0000000000e+00 0.0000000000e+00 
	                              		dir: REV
	                              			TE Fields: 0.0000000000e+00 0.0000000000e+00 
	                              			TM Fields: 0.0000000000e+00 0.0000000000e+00 


***** 
After:

***** Element Operating point info:

MultiLayerFilterExp: wg1:exp 
	(Explicit Filtering -- T = 300.15 -- E to E)
	Channel: 0
		 Input: l1:fixed:900
			l1:fixed:900  Carrier Lambda: 900 nm  -- MP vars
				Mode 0
					(fwd: 14,16):  Pow: 1.0000000000e+00 Phi: 0.0000000000e+00  Mag: 1.0000000000e+00 E_f =  1.0000000000e+00 + 0.0000000000e+00i
					(rev: 15,17):  Pow: 4.6676065966e-01 Phi: -2.7209570106e+00  Mag: 6.8319884343e-01 E_f =  -6.2364410361e-01 + -2.7897794124e-01i
								Total Power Fwd: 1 Rev: 0.466761

			Extra
					(rev: 46,47):  Pow: 4.6676065966e-01 Phi: -2.7209570106e+00  Mag: 6.8319884343e-01 E_f =  -6.2364410361e-01 + -2.7897794124e-01i
								Total Power Fwd: 0 Rev: 0.466761

		Interface (0): wg1:exp:c(0):I1(0) T= 300.15 NonLinear
			N1 = 1.1 N2 = 2.9 (2.9)T = 300.15
				Tf^2 = 0.7975 Rf^2 = 0.2025  Tb^2 = 0.7975 Rb^2 = 0.2025 Tf+Rf = 1 Tb+Rb = 1 
			Rf = -0.45 	Tf = 0.893029 	Rb = 0.45 	Tb = 0.893029 

		 Layer (1) Phi= -32.3933 (-0.977384)  Atten = 1 N = 2.9 V1 = 0 V2 = 0 T = 300.15
			Inter1: wg1:exp:inter1(0):fixed:900 (MP)
			wg1:exp:inter1(0):fixed:900  Carrier Lambda: 900 nm  -- MP vars
				Mode 0
					(fwd: 26,28):  Pow: 6.6863867126e-01 Phi: -1.7277630272e-01  Mag: 8.1770329048e-01 E_f =  8.0552872511e-01 + -1.4057789402e-01i
					(rev: 27,29):  Pow: 1.3539933093e-01 Phi: -3.3543471601e+01  Mag: 3.6796648072e-01 E_f =  -1.9444406636e-01 + -3.1239532004e-01i
								Total Power Fwd: 0.668639 Rev: 0.135399

			Inter2: wg1:exp:inter2(0):fixed:900 (MP)
			wg1:exp:inter2(0):fixed:900  Carrier Lambda: 900 nm  -- MP vars
				Mode 0
					(fwd: 30,32):  Pow: 6.6863867126e-01 Phi: -3.2566087220e+01  Mag: 8.1770329048e-01 E_f =  3.3390159061e-01 + -7.4642373961e-01i
					(rev: 31,33):  Pow: 1.3539933093e-01 Phi: -1.1501606838e+00  Mag: 3.6796648072e-01 E_f =  1.5025571577e-01 + -3.3589068282e-01i
								Total Power Fwd: 0.668639 Rev: 0.135399

			Inter3: wg1:exp:inter3(0):fixed:900 (MP) dt = 1.54774e-14
			wg1:exp:inter3(0):fixed:900  Carrier Lambda: 900 nm  -- MP vars
				Mode 0
					(fwd: 34,36):  Pow: 6.6863867126e-01 Phi: -3.2566087220e+01  Mag: 8.1770329048e-01 E_f =  3.3390159061e-01 + -7.4642373961e-01i
					(rev: 35,37):  Pow: 1.3539933093e-01 Phi: -1.1501606838e+00  Mag: 3.6796648072e-01 E_f =  1.5025571577e-01 + -3.3589068282e-01i
								Total Power Fwd: 0.668639 Rev: 0.135399

			ExtraNodes (MP)
			Delay queues (MP):
				Mode 0
					(fwd: 38,39):  Pow: 6.6863867126e-01 Phi: -3.2566087220e+01  Mag: 8.1770329048e-01 E_f =  3.3390159061e-01 + -7.4642373961e-01i
					(rev: 40,41):  Pow: 1.3539933093e-01 Phi: -3.3543471601e+01  Mag: 3.6796648072e-01 E_f =  -1.9444406636e-01 + -3.1239532004e-01i
								Total Power Fwd: 0.668639 Rev: 0.135399

			Extra Inter1
				Mode 0
					(fwd: 48,49):  Pow: 6.6863867126e-01 Phi: -1.7277630272e-01  Mag: 8.1770329048e-01 E_f =  8.0552872511e-01 + -1.4057789402e-01i
								Total Power Fwd: 0.668639 Rev: 0

		Interface (1): wg1:exp:c(0):I1(1) T = 300.15 NonLinear
			N1 = 2.9 (2.9) N2 = 1.1
				Tf^2 = 0.7975 Rf^2 = 0.2025  Tb^2 = 0.7975 Rb^2 = 0.2025 Tf+Rf = 1 Tb+Rb = 1 
			Rf = 0.45 	Tf = 0.893029 	Rb = -0.45 	Tb = 0.893029 

		 Output: l2:fixed:900
			l2:fixed:900  Carrier Lambda: 900 nm  -- MP vars
				Mode 0
					(fwd: 42,44):  Pow: 5.3323934033e-01 Phi: -1.1501606838e+00  Mag: 7.3023238789e-01 E_f =  2.9818365497e-01 + -6.6657771358e-01i
					(rev: 43,45):  Pow: 0.0000000000e+00 Phi: 0.0000000000e+00  Mag: 0.0000000000e+00 E_f =  0.0000000000e+00 + 0.0000000000e+00i
								Total Power Fwd: 0.533239 Rev: 0

			Extra
				Mode 0
					(fwd: 56,57):  Pow: 5.3323934033e-01 Phi: -1.1501606838e+00  Mag: 7.3023238789e-01 E_f =  2.9818365497e-01 + -6.6657771358e-01i
								Total Power Fwd: 0.533239 Rev: 0

IndSource:                       v1 (V source)
			V: 1.0000000000e+00 I: 0.0000000000e+00 

IndSource:                       v2 (V source)
			V: 0.0000000000e+00 I: 0.0000000000e+00 

Cw_Source: cw1 
	 Channel : 0 -- n1: 18 n2: 20 -- Fixed Lambda
		 Freqshift: 0
			l1:fixed:900  Carrier Lambda: 900 nm  -- MP vars
				Mode 0
					(fwd: 14,16):  Pow: 1.0000000000e+00 Phi: 0.0000000000e+00  Mag: 1.0000000000e+00 E_f =  1.0000000000e+00 + 0.0000000000e+00i
					(rev: 15,17):  Pow: 4.6676065966e-01 Phi: -2.7209570106e+00  Mag: 6.8319884343e-01 E_f =  -6.2364410361e-01 + -2.7897794124e-01i
								Total Power Fwd: 1 Rev: 0.466761

Mirror: mir1
	Channel:0
			l2:fixed:900  Carrier Lambda: 900 nm  -- MP vars
				Mode 0
					(fwd: 42,44):  Pow: 5.3323934033e-01 Phi: -1.1501606838e+00  Mag: 7.3023238789e-01 E_f =  2.9818365497e-01 + -6.6657771358e-01i
					(rev: 43,45):  Pow: 0.0000000000e+00 Phi: 0.0000000000e+00  Mag: 0.0000000000e+00 E_f =  0.0000000000e+00 + 0.0000000000e+00i
								Total Power Fwd: 0.533239 Rev: 0



***** Node Operating Point Values 
	wg1                           	Port: 1 
	                              	mode: l1:fixed:900 
	                              		dir: FWD
	                              			TE Fields: 1.0000000000e+00 0.0000000000e+00 

	wg1                           	Port: 2 
	                              	mode: l2:fixed:900 
	                              		dir: FWD
	                              			TE Fields: 7.3023238789e-01 -1.1501606838e+00 

	v1                            	Port:     1	V = 1.0000000000e+00
	v1                            	Port:     1	I = 0.0000000000e+00
	v1                            	Port:     2	I = -0.0000000000e+00
	v2                            	Port:     1	V = 0.0000000000e+00
	v2                            	Port:     1	I = 0.0000000000e+00
	v2                            	Port:     2	I = -0.0000000000e+00
	cw1                           	Port:     1	V = 1.0000000000e+00
	cw1                           	Port:     1	I = -0.0000000000e+00
	cw1                           	Port:     2	V = 0.0000000000e+00
	cw1                           	Port:     2	I = -0.0000000000e+00
	cw1                           	Port: 3 
	                              	mode: l1:fixed:900 
	                              		dir: FWD
	                              			TE Fields: 1.0000000000e+00 0.0000000000e+00 
	                              			TM Fields: 0.0000000000e+00 0.0000000000e+00 
	                              		dir: REV
	                              			TE Fields: -6.2364410361e-01 -2.7897794124e-01 
	                              			TM Fields: 0.0000000000e+00 0.0000000000e+00 

	wg1                           	Port: 1 
	                              	mode: l1:fixed:900 
	                              		dir: FWD
	                              			TE Fields: 1.0000000000e+00 0.0000000000e+00 
	                              			TM Fields: 0.0000000000e+00 0.0000000000e+00 
	                              		dir: REV
	                              			TE Fields: -6.2364410361e-01 -2.7897794124e-01 
	                              			TM Fields: 0.0000000000e+00 0.0000000000e+00 

	wg1                           	Port: 2 
	                              	mode: l2:fixed:900 
	                              		dir: FWD
	                              			TE Fields: 2.9818365497e-01 -6.6657771358e-01 
	                              			TM Fields: 0.0000000000e+00 0.0000000000e+00 
	                              		dir: REV
	                              			TE Fields: 0.0000000000e+00 0.0000000000e+00 
	                              			TM Fields: 0.0000000000e+00 0.0000000000e+00 

	wg1:exp                       	Port: 1 
	                              	mode: l1:fixed:900 
	                              		dir: FWD
	                              			TE Fields: 1.0000000000e+00 0.0000000000e+00 
	                              			TM Fields: 0.0000000000e+00 0.0000000000e+00 
	                              		dir: REV
	                              			TE Fields: -6.2364410361e-01 -2.7897794124e-01 
	                              			TM Fields: 0.0000000000e+00 0.0000000000e+00 

	wg1:exp                       	Port: 2 
	                              	mode: l2:fixed:900 
	                              		dir: FWD
	                              			TE Fields: 2.9818365497e-01 -6.6657771358e-01 
	                              			TM Fields: 0.0000000000e+00 0.0000000000e+00 
	                              		dir: REV
	                              			TE Fields: 0.0000000000e+00 0.0000000000e+00 
	                              			TM Fields: 0.0000000000e+00 0.0000000000e+00 

	mir1                          	Port: 1 
	                              	mode: l2:fixed:900 
	                              		dir: FWD
	                              			TE Fields: 2.9818365497e-01 -6.6657771358e-01 
	                              			TM Fields: 0.0000000000e+00 0.0000000000e+00 
	                              		dir: REV
	                              			TE Fields: 0.0000000000e+00 0.0000000000e+00 
	                              			TM Fields: 0.0000000000e+00 0.0000000000e+00 


***** 
		DC iterations =  3 (extra 1). Cond 0.0484516
			Total num iter: 8
X: 9.000000000000000e+02 1.000000000000000e+00 1.000000000000000e+00 0.000000000000000e+00 -0.000000000000000e+00 -0.000000000000000e+00 0.000000000000000e+00 0.000000000000000e+00 0.000000000000000e+00 0.000000000000000e+00 -0.000000000000000e+00 -0.000000000000000e+00 0.000000000000000e+00 1.000000000000000e+00 6.831988434216407e-01 0.000000000000000e+00 -2.720957010605773e+00 1.000000000000000e+00 -0.000000000000000e+00 -0.000000000000000e+00 -0.000000000000000e+00 1.000000000000000e+00 0.000000000000000e+00 0.000000000000000e+00 0.000000000000000e+00 8.177032904899276e-01 3.679664807193634e-01 -1.727763027289743e-01 -3.354347160079328e+01 8.177032904891098e-01 3.679664807197314e-01 -3.256608721971116e+01 -1.150160683812075e+00 8.177032904891098e-01 3.679664807197314e-01 -3.256608721971116e+01 -1.150160683812075e+00 8.177032904891098e-01 -3.256608721971116e+01 3.679664807193634e-01 -3.354347160079328e+01 7.302323879027250e-01 0.000000000000000e+00 -1.150160683812075e+00 0.000000000000000e+00 6.831988434216407e-01 -2.720957010605773e+00 8.177032904899276e-01 -1.727763027289743e-01 0.000000000000000e+00 0.000000000000000e+00 0.000000000000000e+00 0.000000000000000e+00 3.679664807197314e-01 -1.150160683812075e+00 7.302323879027250e-01 -1.150160683812075e+00 0.000000000000000e+00 0.000000000000000e+00 0.000000000000000e+00 0.000000000000000e+00 0.000000000000000e+00 0.000000000000000e+00 0.000000000000000e+00 0.000000000000000e+00 

Operating point
900 1 1 0 -0 -0 0 0 0 0 -0 -0 0 1 0.683199 0 -2.72096 1 -0 -0 -0 1 0 0 0 0.817703 0.367966 -0.172776 -33.5435 0.817703 0.367966 -32.5661 -1.15016 0.817703 0.367966 -32.5661 -1.15016 0.817703 -32.5661 0.367966 -33.5435 0.730232 0 -1.15016 0 0.683199 -2.72096 0.817703 -0.172776 0 0 0 0 0.367966 -1.15016 0.730232 -1.15016 0 0 0 0 0 0 0 0 

Transient

***** Element Operating point info:

MultiLayerFilterExp: wg1:exp 
	(Explicit Filtering -- T = 300.15 -- E to E)
	Channel: 0
		 Input: l1:fixed:900
			l1:fixed:900  Carrier Lambda: 900 nm  -- MP vars
				Mode 0
					(fwd: 14,16):  Pow: 1.0000000000e+00 Phi: 0.0000000000e+00  Mag: 1.0000000000e+00 E_f =  1.0000000000e+00 + 0.0000000000e+00i
					(rev: 15,17):  Pow: 4.6676065965e-01 Phi: -2.7209570106e+00  Mag: 6.8319884342e-01 E_f =  -6.2364410359e-01 + -2.7897794126e-01i
								Total Power Fwd: 1 Rev: 0.466761

			Extra
					(rev: 46,47):  Pow: 4.6676065965e-01 Phi: -2.7209570106e+00  Mag: 6.8319884342e-01 E_f =  -6.2364410359e-01 + -2.7897794126e-01i
								Total Power Fwd: 0 Rev: 0.466761

		Interface (0): wg1:exp:c(0):I1(0) T= 300.15 NonLinear
			N1 = 1.1 N2 = 2.9 (2.9)T = 300.15
				Tf^2 = 0.7975 Rf^2 = 0.2025  Tb^2 = 0.7975 Rb^2 = 0.2025 Tf+Rf = 1 Tb+Rb = 1 
			Rf = -0.45 	Tf = 0.893029 	Rb = 0.45 	Tb = 0.893029 

		 Layer (1) Phi= -32.3933 (-0.977384)  Atten = 1 N = 2.9 V1 = 0 V2 = 0 T = 300.15
			Inter1: wg1:exp:inter1(0):fixed:900 (MP)
			wg1:exp:inter1(0):fixed:900  Carrier Lambda: 900 nm  -- MP vars
				Mode 0
					(fwd: 26,28):  Pow: 6.6863867128e-01 Phi: -1.7277630273e-01  Mag: 8.1770329049e-01 E_f =  8.0552872512e-01 + -1.4057789403e-01i
					(rev: 27,29):  Pow: 1.3539933093e-01 Phi: -3.3543471601e+01  Mag: 3.6796648072e-01 E_f =  -1.9444406635e-01 + -3.1239532006e-01i
								Total Power Fwd: 0.668639 Rev: 0.135399

			Inter2: wg1:exp:inter2(0):fixed:900 (MP)
			wg1:exp:inter2(0):fixed:900  Carrier Lambda: 900 nm  -- MP vars
				Mode 0
					(fwd: 30,32):  Pow: 6.6863867128e-01 Phi: -3.2566087220e+01  Mag: 8.1770329049e-01 E_f =  3.3390159063e-01 + -7.4642373961e-01i
					(rev: 31,33):  Pow: 1.3539933093e-01 Phi: -1.1501606838e+00  Mag: 3.6796648072e-01 E_f =  1.5025571578e-01 + -3.3589068282e-01i
								Total Power Fwd: 0.668639 Rev: 0.135399

			Inter3: wg1:exp:inter3(0):fixed:900 (MP) dt = 1.54774e-14
			wg1:exp:inter3(0):fixed:900  Carrier Lambda: 900 nm  -- MP vars
				Mode 0
					(fwd: 34,36):  Pow: 6.6863867128e-01 Phi: -3.2566087220e+01  Mag: 8.1770329049e-01 E_f =  3.3390159063e-01 + -7.4642373961e-01i
					(rev: 35,37):  Pow: 1.3539933093e-01 Phi: -1.1501606838e+00  Mag: 3.6796648072e-01 E_f =  1.5025571578e-01 + -3.3589068282e-01i
								Total Power Fwd: 0.668639 Rev: 0.135399

			ExtraNodes (MP)
			Delay queues (MP):
				Mode 0
					(fwd: 38,39):  Pow: 6.6863867128e-01 Phi: -3.2566087220e+01  Mag: 8.1770329049e-01 E_f =  3.3390159063e-01 + -7.4642373961e-01i
					(rev: 40,41):  Pow: 1.3539933093e-01 Phi: -3.3543471601e+01  Mag: 3.6796648072e-01 E_f =  -1.9444406635e-01 + -3.1239532006e-01i
								Total Power Fwd: 0.668639 Rev: 0.135399

			Extra Inter1
				Mode 0
					(fwd: 48,49):  Pow: 6.6863867128e-01 Phi: -1.7277630273e-01  Mag: 8.1770329049e-01 E_f =  8.0552872512e-01 + -1.4057789403e-01i
								Total Power Fwd: 0.668639 Rev: 0

		Interface (1): wg1:exp:c(0):I1(1) T = 300.15 NonLinear
			N1 = 2.9 (2.9) N2 = 1.1
				Tf^2 = 0.7975 Rf^2 = 0.2025  Tb^2 = 0.7975 Rb^2 = 0.2025 Tf+Rf = 1 Tb+Rb = 1 
			Rf = 0.45 	Tf = 0.893029 	Rb = -0.45 	Tb = 0.893029 

		 Output: l2:fixed:900
			l2:fixed:900  Carrier Lambda: 900 nm  -- MP vars
				Mode 0
					(fwd: 42,44):  Pow: 5.3323934034e-01 Phi: -1.1501606838e+00  Mag: 7.3023238790e-01 E_f =  2.9818365499e-01 + -6.6657771358e-01i
					(rev: 43,45):  Pow: 0.0000000000e+00 Phi: 0.0000000000e+00  Mag: 0.0000000000e+00 E_f =  0.0000000000e+00 + 0.0000000000e+00i
								Total Power Fwd: 0.533239 Rev: 0

			Extra
				Mode 0
					(fwd: 56,57):  Pow: 5.3323934034e-01 Phi: -1.1501606838e+00  Mag: 7.3023238790e-01 E_f =  2.9818365499e-01 + -6.6657771358e-01i
								Total Power Fwd: 0.533239 Rev: 0

IndSource:                       v1 (V source)
			V: 1.0000000000e+00 I: 0.0000000000e+00 

IndSource:                       v2 (V source)
			V: 0.0000000000e+00 I: 0.0000000000e+00 

Cw_Source: cw1 
	 Channel : 0 -- n1: 18 n2: 20 -- Fixed Lambda
		 Freqshift: 0
			l1:fixed:900  Carrier Lambda: 900 nm  -- MP vars
				Mode 0
					(fwd: 14,16):  Pow: 1.0000000000e+00 Phi: 0.0000000000e+00  Mag: 1.0000000000e+00 E_f =  1.0000000000e+00 + 0.0000000000e+00i
					(rev: 15,17):  Pow: 4.6676065965e-01 Phi: -2.7209570106e+00  Mag: 6.8319884342e-01 E_f =  -6.2364410359e-01 + -2.7897794126e-01i
								Total Power Fwd: 1 Rev: 0.466761

Mirror: mir1
	Channel:0
			l2:fixed:900  Carrier Lambda: 900 nm  -- MP vars
				Mode 0
					(fwd: 42,44):  Pow: 5.3323934034e-01 Phi: -1.1501606838e+00  Mag: 7.3023238790e-01 E_f =  2.9818365499e-01 + -6.6657771358e-01i
					(rev: 43,45):  Pow: 0.0000000000e+00 Phi: 0.0000000000e+00  Mag: 0.0000000000e+00 E_f =  0.0000000000e+00 + 0.0000000000e+00i
								Total Power Fwd: 0.533239 Rev: 0



***** Node Operating Point Values 
	wg1                           	Port: 1 
	                              	mode: l1:fixed:900 
	                              		dir: FWD
	                              			TE Fields: 1.0000000000e+00 0.0000000000e+00 

	wg1                           	Port: 2 
	                              	mode: l2:fixed:900 
	                              		dir: FWD
	                              			TE Fields: 7.3023238790e-01 -1.1501606838e+00 

	v1                            	Port:     1	V = 1.0000000000e+00
	v1                            	Port:     1	I = 0.0000000000e+00
	v1                            	Port:     2	I = -0.0000000000e+00
	v2                            	Port:     1	V = 0.0000000000e+00
	v2                            	Port:     1	I = 0.0000000000e+00
	v2                            	Port:     2	I = -0.0000000000e+00
	cw1                           	Port:     1	V = 1.0000000000e+00
	cw1                           	Port:     1	I = -0.0000000000e+00
	cw1                           	Port:     2	V = 0.0000000000e+00
	cw1                           	Port:     2	I = -0.0000000000e+00
	cw1                           	Port: 3 
	                              	mode: l1:fixed:900 
	                              		dir: FWD
	                              			TE Fields: 1.0000000000e+00 0.0000000000e+00 
	                              			TM Fields: 0.0000000000e+00 0.0000000000e+00 
	                              		dir: REV
	                              			TE Fields: -6.2364410359e-01 -2.7897794126e-01 
	                              			TM Fields: 0.0000000000e+00 0.0000000000e+00 

	wg1                           	Port: 1 
	                              	mode: l1:fixed:900 
	                              		dir: FWD
	                              			TE Fields: 1.0000000000e+00 0.0000000000e+00 
	                              			TM Fields: 0.0000000000e+00 0.0000000000e+00 
	                              		dir: REV
	                              			TE Fields: -6.2364410359e-01 -2.7897794126e-01 
	                              			TM Fields: 0.0000000000e+00 0.0000000000e+00 

	wg1                           	Port: 2 
	                              	mode: l2:fixed:900 
	                              		dir: FWD
	                              			TE Fields: 2.9818365499e-01 -6.6657771358e-01 
	                              			TM Fields: 0.0000000000e+00 0.0000000000e+00 
	                              		dir: REV
	                              			TE Fields: 0.0000000000e+00 0.0000000000e+00 
	                              			TM Fields: 0.0000000000e+00 0.0000000000e+00 

	wg1:exp                       	Port: 1 
	                              	mode: l1:fixed:900 
	                              		dir: FWD
	                              			TE Fields: 1.0000000000e+00 0.0000000000e+00 
	                              			TM Fields: 0.0000000000e+00 0.0000000000e+00 
	                              		dir: REV
	                              			TE Fields: -6.2364410359e-01 -2.7897794126e-01 
	                              			TM Fields: 0.0000000000e+00 0.0000000000e+00 

	wg1:exp                       	Port: 2 
	                              	mode: l2:fixed:900 
	                              		dir: FWD
	                              			TE Fields: 2.9818365499e-01 -6.6657771358e-01 
	                              			TM Fields: 0.0000000000e+00 0.0000000000e+00 
	                              		dir: REV
	                              			TE Fields: 0.0000000000e+00 0.0000000000e+00 
	                              			TM Fields: 0.0000000000e+00 0.0000000000e+00 

	mir1                          	Port: 1 
	                              	mode: l2:fixed:900 
	                              		dir: FWD
	                              			TE Fields: 2.9818365499e-01 -6.6657771358e-01 
	                              			TM Fields: 0.0000000000e+00 0.0000000000e+00 
	                              		dir: REV
	                              			TE Fields: 0.0000000000e+00 0.0000000000e+00 
	                              			TM Fields: 0.0000000000e+00 0.0000000000e+00 


***** 
	Freeing MNA
Freeing Main Circuit ...
	Freeing Nodes and Elements
Cleaning Main Circuit ...
	Freeing Parsed circuit: 'Main Circuit'
