Running OptiSPICE 5.1 (compiled on: Jan  5 2016 10:28:02) 

Copyright 2015 Optiwave Systems Inc. All rights reserved.

	git commit: 651cbe73905eab5871768bdecbe8d86323447f45 MergeFromStaticBuild

Processing Netlist file: waveguide_op_L2.6_LAM800_Neff2.0_end.sp

************* FILE: "waveguide_op_L2.6_LAM800_Neff2.0_end.sp"  ************

Title "CW Source check "

Osp Jobcontrol Verbosity=DEBUG2

.option ingold=2 DELMAX=.1e-10 ACCURATE=1 RUNLVL=6 NUMDGT=8
.OPTION DCCAP=1 TNOM=27

.param NMODES=1

* Voltage sources
v1 Mag1 0 DC = 1 
v2 Phi1 0 DC = 0 

Osp CWSOURCE   Name=cw1 Nodes = [Mag1 Phi1 l1] MoName = CWmodel lambda = 8.000000e+02
Osp WaveGuide  Name=wg1 Nodes = [l1 l2] MoName=WGmodel
Osp MIRROR     Name=mir1 Nodes = [l2] MoName = Mmodel 

Osp Model Name = Mmodel   type = MIRROR    Ref = 0
Osp Model Name = CWmodel  type = CWSOURCE 
Osp Model Name = WGmodel  type = WaveGuide  Length=2.600000e+00  IncludeTimeDelay=1  neff=[2.000000e+00]  N0=1.1 NF=1.1

% IncludeTimeDelay=1 
%.tran .0001e-9 10e-9 nsolver=BACKE nmaxst=.05n nminst=.05n
.op
	
.Monitor OptFields wg1 Format=MagPhi Port=1 dir=IN  Pol=TE
.Monitor OptFields wg1 Format=MagPhi Port=2 dir=OUT Pol=TE
%.Monitor OptFields wg2 Format=MagPhi Port=2 dir=OUT Pol=TE
.end

************* *************** ************

Options ingold=2 DELMAX=.1e-10 ACCURATE=1 RUNLVL=6 NUMDGT=8 
Options DCCAP=1 TNOM=27 
Param P=[ { NMODES 1 } ] 
INDSOURCE EL_Type=V_SOU Name=v1 Nodes=[ Mag1 0 ] dcMode dcValue=1 
INDSOURCE EL_Type=V_SOU Name=v2 Nodes=[ Phi1 0 ] dcMode dcValue=0 
CWSOURCE Name=cw1 Nodes=[ Mag1 Phi1 l1 ] MoName=CWmodel lambda=8.000000e+02 
WaveGuide Name=wg1 Nodes=[ l1 l2 ] MoName=WGmodel 
MIRROR Name=mir1 Nodes=[ l2 ] MoName=Mmodel 
Model Name=Mmodel type=MIRROR Ref=0 
Model Name=CWmodel type=CWSOURCE 
Model Name=WGmodel type=WaveGuide Length=2.600000e+00 IncludeTimeDelay=1 neff=[ 2.000000e+00 ] N0=1.1 NF=1.1 
Transient OperatingPointOnly OutputOperatingPoint
Monitor Type=OptFields Name=wg1 Format=MagPhi Port=1 dir=IN Pol=TE 
Monitor Type=OptFields Name=wg1 Format=MagPhi Port=2 dir=OUT Pol=TE 
END

Assigning node numbers and stamping


Main Circuit Paras:
	Name=NMODES String=1 Ep = 0x0

Creating: v1

Creating: v2

Creating: cw1
	New Link: l1                                                           Link: 0x7fb0b8e00d50

Creating: wg1
	New Link: l2                                                           Link: 0x7fb0b8e034e0

Creating: mir1

Circuit after element assignment

Element hash table
	Key: v1                                                           	val: 	-1195320064
	Key: v2                                                           	val: 	-1193279488
	Key: wg1:exp                                                      	val: 	-1174396416
	Key: mir1                                                         	val: 	-1174392832
	Key: cw1                                                          	val: 	-1174405120
	Key: wg1                                                          	val: 	-1174399488

Delay Element hash table

OptFFT Element hash table

Noise Element hash table

Optical Element hash table
	Key: wg1:exp                                                      	val: 	-1174396416
	Key: mir1                                                         	val: 	-1174392832
	Key: cw1                                                          	val: 	-1174405120
	Key: wg1                                                          	val: 	-1174399488

Source Optical Element hash table
	Key: cw1                                                          	val: 	-1174405120

Elec Init Conditions


Tracing optical sources
	source: cw1 (fixed:800)  -> wg1:exp (1) 
		-- Return Branch:  -> cw1 (1) 

		-- Through Branch:  -> mir1 (1)  -> wg1:exp (1) 


Stamping: v1

Stamping: v2

Stamping: cw1
Created Optical Mode Shape 'Mode:1 n:1 x:5.0000000000000000e+01 y:5.0000000000000000e+01 m:0 n:0 s:5.0000000000000000e+00 1/r:0.0000000000000000e+00 l:8.0000000000000000e+02' (f66a8a78e921f5ca1b1531fa80de267b56447ff4)
Adding Optical Mode:         l1:fixed:800 	      0x7fb0b8c0e830

Stamping: wg1
Adding Optical Mode: wg1:exp:inter1(0):fixed:800 	      0x7fb0b8d05ba0
Adding Optical Mode: wg1:exp:inter2(0):fixed:800 	      0x7fb0b8d05d50
Adding Optical Mode: wg1:exp:inter3(0):fixed:800 	      0x7fb0b8d06100
Adding Optical Mode:         l2:fixed:800 	      0x7fb0b8d06d90
Stamping OptScatteringVtoV Instance: wg1:exp:c(0):I1(0)
	E to E: l1:fixed:800 | wg1:exp:inter1(0):fixed:800
	Linear (E to E) Scattering Mode
	NonLinear Scattering Mode
Linear: -40.8407
CreateStampDelay: DELAY Name=wg1:exp:c(0):td(0):c(0):m(0):optmag:delay Del=1.7345332950303906e-14 Gain=1.0000000000000000e+00 Tcoeff=[ 0.0000000000000000e+00 0.0000000000000000e+00 ]
CreateStampDelay: DELAY Name=wg1:exp:c(0):td(0):reverse:c(0):m(0):optmag:delay Del=1.7345332950303906e-14 Gain=1.0000000000000000e+00 Tcoeff=[ 0.0000000000000000e+00 0.0000000000000000e+00 ]
CreateStampDelay: DELAY Name=wg1:exp:c(0):td(0):c(0):m(0):optphi:delay Del=1.7345332950303906e-14 Gain=1.0000000000000000e+00 Tcoeff=[ 0.0000000000000000e+00 0.0000000000000000e+00 ]
CreateStampDelay: DELAY Name=wg1:exp:c(0):td(0):reverse:c(0):m(0):optphi:delay Del=1.7345332950303906e-14 Gain=1.0000000000000000e+00 Tcoeff=[ 0.0000000000000000e+00 0.0000000000000000e+00 ]
Stamping OptScatteringVtoV Instance: wg1:exp:c(0):I1(1)
	E to E: wg1:exp:inter3(0):fixed:800 | l2:fixed:800
	Linear (E to E) Scattering Mode
	NonLinear Scattering Mode

Stamping: mir1

Linking optical elements; 
Pre-processing optical elements; evaluating the Oconn overlap integrals and FSE modes 
Mirror DetModes ... 
		mir1 input 0x7fb0ba002320 output 0x7fb0ba002320

Stamping free mode   optical elements; 
Processing Mirror: mir1 Version: 6 Switchable: 1
Adding Optical Mode: mir1:terminal:fixed:800 	      0x7fb0b8e0b1a0
Stamping OptScatteringVtoV Instance: mir1:vtov:c(0)
	E to E: l2:fixed:800 | mir1:terminal:fixed:800
	Linear (E to E) Scattering Mode
	NonLinear Scattering Mode

Post Stamping: cw1:c:0:m(0):optphi:iso

Post Stamping: cw1:c:0:m(0):optmag:iso

Circuit after node assignment

Element hash table (including internal elements)
	Key: cw1:c:0:m(0):optphi:iso                                      	val: 	-1193253232
	Key: mir1:vtov                                                    	val: 	-1174237696
	Key: wg1:exp:c(0):td(0):c(0):m(0):optmag:delay                    	val: 	-1194281056
	Key: wg1:exp:c(0):I1(0)                                           	val: 	-1182768640
	Key: wg1:exp:c(0):td(0):c(0):m(0):optphi:delay                    	val: 	-1193248800
	Key: wg1                                                          	val: 	-1174399488
	Key: wg1:exp:c(0):I1(1)                                           	val: 	-1174243328
	Key: wg1:exp:c(0):td(0):reverse:c(0):m(0):optphi:delay            	val: 	-1193246848
	Key: wg1:exp:c(0):td(0):reverse:c(0):m(0):optmag:delay            	val: 	-1193250912
	Key: mir1:vtov:c(0)                                               	val: 	-1174232576
	Key: v1                                                           	val: 	-1195320064
	Key: v2                                                           	val: 	-1193279488
	Key: wg1:exp                                                      	val: 	-1174396416
	Key: cw1:c:0:m(0):optmag:iso                                      	val: 	-1193255344
	Key: cw1                                                          	val: 	-1174405120
	Key: mir1                                                         	val: 	-1174392832

Node hash table (size: 66)
	Key: wg1:exp:c(0):i1(1):0:fwd:modei:m(0):optmag                   	val: 	56        
	Key: mir1:vtov:c(0):0:fwd:modei:m(0):optphi                       	val: 	65        
	Key: wg1:exp:c(0):i1(0):0:fwd:modei:m(0):optmag                   	val: 	48        
	Key: cw1:l1:fixed:800:modei:m(0):optmag                           	val: 	22        
	Key: mir1:terminal:fixed:800:fwd:m(0):optphi                      	val: 	60        
	Key: wg1:exp:c(0):i1(0):0:rev:modei:m(0):optmag                   	val: 	46        
	Key: wg1:exp:inter1(0):fixed:800:rev:m(0):optphi                  	val: 	29        
	Key: wg1:exp:inter2(0):fixed:800:rev:m(0):optphi                  	val: 	33        
	Key: mir1:vtov:c(0):0:rev:modei:m(0):optphi                       	val: 	63        
	Key: wg1:exp:c(0):td(0):reverse:c(0):m(0):optmag:delay:i          	val: 	51        
	Key: wg1:exp:c(0):i1(1):0:rev:modei:m(0):optmag                   	val: 	54        
	Key: wg1:exp:revphase(0:0):modei:m(0):optphi                      	val: 	41        
	Key: wg1:exp:inter1(0):fixed:800:fwd:m(0):optphi                  	val: 	28        
	Key: wg1:exp:inter2(0):fixed:800:fwd:m(0):optphi                  	val: 	32        
	Key: wg1:exp:inter3(0):fixed:800:rev:m(0):optphi                  	val: 	37        
	Key: l2:fixed:800:rev:m(0):optphi                                 	val: 	45        
	Key: wg1:exp:fwdphase(0:0):modei:m(0):optphi                      	val: 	39        
	Key: v1:portcurrentnode:0                                         	val: 	3         
	Key: v1:portcurrentnode:1                                         	val: 	5         
	Key: cw1:c:0:m(0):optphi:iso:i                                    	val: 	25        
	Key: mir1:terminal:fixed:800:rev:m(0):optmag                      	val: 	59        
	Key: l1:fixed:800:rev:m(0):optphi                                 	val: 	17        
	Key: v2:portcurrentnode:0                                         	val: 	9         
	Key: l2:fixed:800:fwd:m(0):optphi                                 	val: 	44        
	Key: v2:portcurrentnode:1                                         	val: 	11        
	Key: v1:i                                                         	val: 	7         
	Key: wg1:exp:c(0):td(0):c(0):m(0):optmag:delay:i                  	val: 	50        
	Key: wg1:exp:inter3(0):fixed:800:fwd:m(0):optphi                  	val: 	36        
	Key: wg1:exp:c(0):td(0):reverse:c(0):m(0):optphi:delay:i          	val: 	53        
	Key: mir1:vtov:c(0):0:fwd:modei:m(0):optmag                       	val: 	64        
	Key: mir1:vtov:c(0):0:rev:modei:m(0):optmag                       	val: 	62        
	Key: mir1:terminal:fixed:800:fwd:m(0):optmag                      	val: 	58        
	Key: wg1:exp:inter1(0):fixed:800:rev:m(0):optmag                  	val: 	27        
	Key: l1:fixed:800:fwd:m(0):optphi                                 	val: 	16        
	Key: mag1                                                         	val: 	2         
	Key: wg1:exp:inter2(0):fixed:800:rev:m(0):optmag                  	val: 	31        
	Key: cw1:portcurrentcurnode:0                                     	val: 	19        
	Key: cw1:portcurrentcurnode:1                                     	val: 	21        
	Key: v1:portcurrentcurnode:0                                      	val: 	4         
	Key: v1:portcurrentcurnode:1                                      	val: 	6         
	Key: wg1:exp:c(0):i1(1):0:fwd:modei:m(0):optphi                   	val: 	57        
	Key: v2:portcurrentcurnode:0                                      	val: 	10        
	Key: v2:portcurrentcurnode:1                                      	val: 	12        
	Key: wg1:exp:c(0):i1(0):0:fwd:modei:m(0):optphi                   	val: 	49        
	Key: wg1:exp:c(0):i1(0):0:rev:modei:m(0):optphi                   	val: 	47        
	Key: wg1:exp:revphase(0:0):modei:m(0):optmag                      	val: 	40        
	Key: 0                                                            	val: 	-5        
	Key: wg1:exp:inter1(0):fixed:800:fwd:m(0):optmag                  	val: 	26        
	Key: cw1:l1:fixed:800:modei:m(0):optphi                           	val: 	23        
	Key: wg1:exp:inter2(0):fixed:800:fwd:m(0):optmag                  	val: 	30        
	Key: wg1:exp:inter3(0):fixed:800:rev:m(0):optmag                  	val: 	35        
	Key: l2:fixed:800:rev:m(0):optmag                                 	val: 	43        
	Key: wg1:exp:fwdphase(0:0):modei:m(0):optmag                      	val: 	38        
	Key: wg1:exp:c(0):i1(1):0:rev:modei:m(0):optphi                   	val: 	55        
	Key: cw1:portcurrentnode:0                                        	val: 	18        
	Key: cw1:portcurrentnode:1                                        	val: 	20        
	Key: l1:fixed:800:rev:m(0):optmag                                 	val: 	15        
	Key: cw1:channel-fixed:800                                        	val: 	1         
	Key: wg1:exp:inter3(0):fixed:800:fwd:m(0):optmag                  	val: 	34        
	Key: l2:fixed:800:fwd:m(0):optmag                                 	val: 	42        
	Key: wg1:exp:c(0):td(0):c(0):m(0):optphi:delay:i                  	val: 	52        
	Key: cw1:c:0:m(0):optmag:iso:i                                    	val: 	24        
	Key: mir1:terminal:fixed:800:rev:m(0):optphi                      	val: 	61        
	Key: l1:fixed:800:fwd:m(0):optmag                                 	val: 	14        
	Key: phi1                                                         	val: 	8         
	Key: v2:i                                                         	val: 	13        

Node array 
	Key: 0                                                            	val: 	-5         Status: V node
	Key: cw1:channel-fixed:800                                        	val: 	1          Status: V node
	Key: mag1                                                         	val: 	2          Status: V node
	Key: v1:portcurrentnode:0                                         	val: 	3          Status: V node
	Key: v1:portcurrentcurnode:0                                      	val: 	4          Status: I node
	Key: v1:portcurrentnode:1                                         	val: 	5          Status: V node
	Key: v1:portcurrentcurnode:1                                      	val: 	6          Status: I node
	Key: v1:i                                                         	val: 	7          Status: I node
	Key: phi1                                                         	val: 	8          Status: V node
	Key: v2:portcurrentnode:0                                         	val: 	9          Status: V node
	Key: v2:portcurrentcurnode:0                                      	val: 	10         Status: I node
	Key: v2:portcurrentnode:1                                         	val: 	11         Status: V node
	Key: v2:portcurrentcurnode:1                                      	val: 	12         Status: I node
	Key: v2:i                                                         	val: 	13         Status: I node
	Key: l1:fixed:800:fwd:m(0):optmag                                 	val: 	14         Status: O Mag node
	Key: l1:fixed:800:rev:m(0):optmag                                 	val: 	15         Status: O Mag node
	Key: l1:fixed:800:fwd:m(0):optphi                                 	val: 	16         Status: O Pha node (14)
	Key: l1:fixed:800:rev:m(0):optphi                                 	val: 	17         Status: O Pha node (15)
	Key: cw1:portcurrentnode:0                                        	val: 	18         Status: V node
	Key: cw1:portcurrentcurnode:0                                     	val: 	19         Status: I node
	Key: cw1:portcurrentnode:1                                        	val: 	20         Status: V node
	Key: cw1:portcurrentcurnode:1                                     	val: 	21         Status: I node
	Key: cw1:l1:fixed:800:modei:m(0):optmag                           	val: 	22         Status: O Mag node
	Key: cw1:l1:fixed:800:modei:m(0):optphi                           	val: 	23         Status: O Pha node (22)
	Key: cw1:c:0:m(0):optmag:iso:i                                    	val: 	24         Status: I node
	Key: cw1:c:0:m(0):optphi:iso:i                                    	val: 	25         Status: I node
	Key: wg1:exp:inter1(0):fixed:800:fwd:m(0):optmag                  	val: 	26         Status: O Mag node
	Key: wg1:exp:inter1(0):fixed:800:rev:m(0):optmag                  	val: 	27         Status: O Mag node
	Key: wg1:exp:inter1(0):fixed:800:fwd:m(0):optphi                  	val: 	28         Status: O Pha node (26)
	Key: wg1:exp:inter1(0):fixed:800:rev:m(0):optphi                  	val: 	29         Status: O Pha node (27)
	Key: wg1:exp:inter2(0):fixed:800:fwd:m(0):optmag                  	val: 	30         Status: O Mag node
	Key: wg1:exp:inter2(0):fixed:800:rev:m(0):optmag                  	val: 	31         Status: O Mag node
	Key: wg1:exp:inter2(0):fixed:800:fwd:m(0):optphi                  	val: 	32         Status: O Pha node (30)
	Key: wg1:exp:inter2(0):fixed:800:rev:m(0):optphi                  	val: 	33         Status: O Pha node (31)
	Key: wg1:exp:inter3(0):fixed:800:fwd:m(0):optmag                  	val: 	34         Status: O Mag node
	Key: wg1:exp:inter3(0):fixed:800:rev:m(0):optmag                  	val: 	35         Status: O Mag node
	Key: wg1:exp:inter3(0):fixed:800:fwd:m(0):optphi                  	val: 	36         Status: O Pha node (34)
	Key: wg1:exp:inter3(0):fixed:800:rev:m(0):optphi                  	val: 	37         Status: O Pha node (35)
	Key: wg1:exp:fwdphase(0:0):modei:m(0):optmag                      	val: 	38         Status: O Mag node
	Key: wg1:exp:fwdphase(0:0):modei:m(0):optphi                      	val: 	39         Status: O Pha node (38)
	Key: wg1:exp:revphase(0:0):modei:m(0):optmag                      	val: 	40         Status: O Mag node
	Key: wg1:exp:revphase(0:0):modei:m(0):optphi                      	val: 	41         Status: O Pha node (40)
	Key: l2:fixed:800:fwd:m(0):optmag                                 	val: 	42         Status: O Mag node
	Key: l2:fixed:800:rev:m(0):optmag                                 	val: 	43         Status: O Mag node
	Key: l2:fixed:800:fwd:m(0):optphi                                 	val: 	44         Status: O Pha node (42)
	Key: l2:fixed:800:rev:m(0):optphi                                 	val: 	45         Status: O Pha node (43)
	Key: wg1:exp:c(0):i1(0):0:rev:modei:m(0):optmag                   	val: 	46         Status: O Mag node
	Key: wg1:exp:c(0):i1(0):0:rev:modei:m(0):optphi                   	val: 	47         Status: O Pha node (46)
	Key: wg1:exp:c(0):i1(0):0:fwd:modei:m(0):optmag                   	val: 	48         Status: O Mag node
	Key: wg1:exp:c(0):i1(0):0:fwd:modei:m(0):optphi                   	val: 	49         Status: O Pha node (48)
	Key: wg1:exp:c(0):td(0):c(0):m(0):optmag:delay:i                  	val: 	50         Status: I node
	Key: wg1:exp:c(0):td(0):reverse:c(0):m(0):optmag:delay:i          	val: 	51         Status: I node
	Key: wg1:exp:c(0):td(0):c(0):m(0):optphi:delay:i                  	val: 	52         Status: I node
	Key: wg1:exp:c(0):td(0):reverse:c(0):m(0):optphi:delay:i          	val: 	53         Status: I node
	Key: wg1:exp:c(0):i1(1):0:rev:modei:m(0):optmag                   	val: 	54         Status: O Mag node
	Key: wg1:exp:c(0):i1(1):0:rev:modei:m(0):optphi                   	val: 	55         Status: O Pha node (54)
	Key: wg1:exp:c(0):i1(1):0:fwd:modei:m(0):optmag                   	val: 	56         Status: O Mag node
	Key: wg1:exp:c(0):i1(1):0:fwd:modei:m(0):optphi                   	val: 	57         Status: O Pha node (56)
	Key: mir1:terminal:fixed:800:fwd:m(0):optmag                      	val: 	58         Status: O Mag node
	Key: mir1:terminal:fixed:800:rev:m(0):optmag                      	val: 	59         Status: O Mag node
	Key: mir1:terminal:fixed:800:fwd:m(0):optphi                      	val: 	60         Status: O Pha node (58)
	Key: mir1:terminal:fixed:800:rev:m(0):optphi                      	val: 	61         Status: O Pha node (59)
	Key: mir1:vtov:c(0):0:rev:modei:m(0):optmag                       	val: 	62         Status: O Mag node
	Key: mir1:vtov:c(0):0:rev:modei:m(0):optphi                       	val: 	63         Status: O Pha node (62)
	Key: mir1:vtov:c(0):0:fwd:modei:m(0):optmag                       	val: 	64         Status: O Mag node
	Key: mir1:vtov:c(0):0:fwd:modei:m(0):optphi                       	val: 	65         Status: O Pha node (64)

Optical Node hash table
	wg1:exp:inter3(0):fixed:800
		aliases: wg1:exp:inter3(0) -- wg1:exp:inter3(0) -- 
	l2:fixed:800
		aliases: l2 -- l2 -- l2 -- l2 -- 
	wg1:exp:inter1(0):fixed:800
		aliases: wg1:exp:inter1(0) -- wg1:exp:inter1(0) -- 
	l1:fixed:800
		aliases: l1 -- l1 -- l1 -- 
	wg1:exp:inter2(0):fixed:800
		aliases: wg1:exp:inter2(0) -- wg1:exp:inter2(0) -- 
	mir1:terminal:fixed:800
		aliases: mir1:terminal -- mir1:terminal -- 

Optical ModeShape hash table
	Key: f66a8a78e921f5ca1b1531fa80de267b56447ff4                     	val: 	-1195330144

Optical Link hash table
	Key: l1                                                           l1                                                          	val: 	0x7fb0b8e00d50 
			E1: 	0x7fb0ba000000 - cw1                                      	E2: 	0x7fb0ba002200 - wg1:exp                                 
	Key: l2                                                           l2                                                          	val: 	0x7fb0b8e034e0 
			E1: 	0x7fb0ba002200 - wg1:exp                                  	E2: 	0x7fb0ba003000 - mir1                                    

Source Optical Channel hash table
	Key: fixed:800                                                    	lambda: 	800        dPhi_dt: 	0x7fb0ba000830 *dPhi_dt: 	0         

Optical Matrices hash table

Optical FSE Matrices hash table

Monitor Statements
	Name:                            wg1 Type:       OptFields Port:     1 Node Num:      0
	Name:                            wg1 Type:       OptFields Port:     2 Node Num:      0
	Name:                             v1 Type:               V Port:     1 Node Num:      2
	Name:                             v1 Type:               I Port:     1 Node Num:      0
	Name:                             v1 Type:               I Port:     2 Node Num:      0
	Name:                             v2 Type:               V Port:     1 Node Num:      8
	Name:                             v2 Type:               I Port:     1 Node Num:      0
	Name:                             v2 Type:               I Port:     2 Node Num:      0
	Name:                            cw1 Type:               V Port:     1 Node Num:      2
	Name:                            cw1 Type:               I Port:     1 Node Num:      0
	Name:                            cw1 Type:               V Port:     2 Node Num:      8
	Name:                            cw1 Type:               I Port:     2 Node Num:      0
	Name:                            cw1 Type:       OptFields Port:     3 Node Num:      0
	Name:                            wg1 Type:       OptFields Port:     1 Node Num:      0
	Name:                            wg1 Type:       OptFields Port:     2 Node Num:      0
	Name:                        wg1:exp Type:       OptFields Port:     1 Node Num:      0
	Name:                        wg1:exp Type:       OptFields Port:     2 Node Num:      0
	Name:                           mir1 Type:       OptFields Port:     1 Node Num:      0

Current Monitor Statements
	Key: v2:Port-2                                                    	port: 	2          	num: 	12        
	Key: v1:Port-1                                                    	port: 	1          	num: 	4         
	Key: v1:Port-2                                                    	port: 	2          	num: 	6         
	Key: cw1:Port-1                                                   	port: 	1          	num: 	19        
	Key: v2:Port-1                                                    	port: 	1          	num: 	10        
	Key: cw1:Port-2                                                   	port: 	2          	num: 	21        

Sub-circuits


Transient Simulation Started
tscaling: 1
abstol: 1e-08 reltol: 1e-06 c_abstol: 1e-15 c_reltol: 1e-06
DC Simulation Started
DC Linear Initial Guess
DC simulations:
	DC var: 0.000000000000e+00
		Elec pass (T ind):
		DC iterations =  2 (extra -1). Cond 0.103425
			Total num iter: 2
		Elec pass (T dep). Evars Optical:
		DC iterations =  1 (extra -1). Cond 0.103425
			Total num iter: 3

***** Element Operating point info:

MultiLayerFilterExp: wg1:exp 
	(Explicit Filtering -- T = 300.15 -- E to E)
	Channel: 0
		 Input: l1:fixed:800
			l1:fixed:800 			Carrier Lambda: 800 nm --- E vars
				Mode 0
					(fwd: 14,16):  Pow: 1.0000000000e+00 Phi: 0.0000000000e+00  Mag: 1.0000000000e+00 E_f =  1.0000000000e+00 + 0.0000000000e+00i
					(rev: 15,17):  Pow: 1.6083455496e-24 Phi: 3.1390203218e+00  Mag: 1.2682056417e-12 E_f =  -1.2682014459e-12 + 3.2622420692e-15i
								Total Power Fwd: 1 Rev: 1.60835e-24

			Extra
					(rev: 46,47):  Pow: 1.6083455496e-24 Phi: 3.1390203218e+00  Mag: 1.2682056417e-12 E_f =  -1.2682014459e-12 + 3.2622420692e-15i
								Total Power Fwd: 0 Rev: 1.60835e-24

		Interface (0): wg1:exp:c(0):I1(0) T= 300.15 NonLinear
			N1 = 1.1 N2 = 2 (2)T = 300.15
				Tf^2 = 0.915713 Rf^2 = 0.0842872  Tb^2 = 0.915713 Rb^2 = 0.0842872 Tf+Rf = 1 Tb+Rb = 1 
			Rf = -0.290323 	Tf = 0.956929 	Rb = 0.290323 	Tb = 0.956929 

		 Layer (1) Phi= -40.8407 (-3.14159)  Atten = 1 N = 2 V1 = 0 V2 = 0 T = 300.15
			Inter1: wg1:exp:inter1(0):fixed:800 (Es)
			wg1:exp:inter1(0):fixed:800 			Carrier Lambda: 800 nm --- E vars
				Mode 0
					(fwd: 26,28):  Pow: 1.0920454545e+00 Phi: 9.4710253621e-16  Mag: 1.0450097868e+00 E_f =  1.0450097868e+00 + 9.8973141946e-16i
					(rev: 27,29):  Pow: 9.2045454545e-02 Phi: 1.1236611572e-14  Mag: 3.0338993811e-01 E_f =  3.0338993811e-01 + 3.4090748892e-15i
								Total Power Fwd: 1.09205 Rev: 0.0920455

			Inter2: wg1:exp:inter2(0):fixed:800 (Es)
			wg1:exp:inter2(0):fixed:800 			Carrier Lambda: 800 nm --- E vars
				Mode 0
					(fwd: 30,32):  Pow: 1.0920454545e+00 Phi: -3.1415926536e+00  Mag: 1.0450097868e+00 E_f =  -1.0450097868e+00 + -6.3660502412e-15i
					(rev: 31,33):  Pow: 9.2045454545e-02 Phi: -3.1415926536e+00  Mag: 3.0338993811e-01 E_f =  -3.0338993811e-01 + -1.8482081345e-15i
								Total Power Fwd: 1.09205 Rev: 0.0920455

			Inter3: wg1:exp:inter3(0):fixed:800 (Es) dt = 1.73453e-14
			wg1:exp:inter3(0):fixed:800 			Carrier Lambda: 800 nm --- E vars
				Mode 0
					(fwd: 34,36):  Pow: 1.0920454545e+00 Phi: -3.1415926536e+00  Mag: 1.0450097868e+00 E_f =  -1.0450097868e+00 + -6.3660502412e-15i
					(rev: 35,37):  Pow: 9.2045454545e-02 Phi: -3.1415926536e+00  Mag: 3.0338993811e-01 E_f =  -3.0338993811e-01 + -1.8482081345e-15i
								Total Power Fwd: 1.09205 Rev: 0.0920455

			ExtraNodes (Es)
			Delay queues (Es):
				Mode 0
					(fwd: 38,39):  Pow: 1.0920454545e+00 Phi: -3.1415926536e+00  Mag: 1.0450097868e+00 E_f =  -1.0450097868e+00 + -6.3660502412e-15i
					(rev: 40,41):  Pow: 9.2045454545e-02 Phi: 1.1236611572e-14  Mag: 3.0338993811e-01 E_f =  3.0338993811e-01 + 3.4090748892e-15i
								Total Power Fwd: 1.09205 Rev: 0.0920455

			Extra Inter1
				Mode 0
					(fwd: 48,49):  Pow: 1.0920454545e+00 Phi: 9.4710253621e-16  Mag: 1.0450097868e+00 E_f =  1.0450097868e+00 + 9.8973141946e-16i
								Total Power Fwd: 1.09205 Rev: 0

		Interface (1): wg1:exp:c(0):I1(1) T = 300.15 NonLinear
			N1 = 2 (2) N2 = 1.1
				Tf^2 = 0.915713 Rf^2 = 0.0842872  Tb^2 = 0.915713 Rb^2 = 0.0842872 Tf+Rf = 1 Tb+Rb = 1 
			Rf = 0.290323 	Tf = 0.956929 	Rb = -0.290323 	Tb = 0.956929 

		 Output: l2:fixed:800
			l2:fixed:800 			Carrier Lambda: 800 nm --- E vars
				Mode 0
					(fwd: 42,44):  Pow: 9.9999999999e-01 Phi: -3.1415926536e+00  Mag: 1.0000000000e+00 E_f =  -1.0000000000e+00 + -6.0918570539e-15i
					(rev: 43,45):  Pow: 0.0000000000e+00 Phi: 0.0000000000e+00  Mag: 0.0000000000e+00 E_f =  0.0000000000e+00 + 0.0000000000e+00i
								Total Power Fwd: 1 Rev: 0

			Extra
				Mode 0
					(fwd: 56,57):  Pow: 9.9999999999e-01 Phi: -3.1415926536e+00  Mag: 1.0000000000e+00 E_f =  -1.0000000000e+00 + -6.0918570539e-15i
								Total Power Fwd: 1 Rev: 0

IndSource:                       v1 (V source)
			V: 1.0000000000e+00 I: 0.0000000000e+00 

IndSource:                       v2 (V source)
			V: 0.0000000000e+00 I: 0.0000000000e+00 

Cw_Source: cw1 
	 Channel : 0 -- n1: 18 n2: 20 -- Fixed Lambda
		 Freqshift: 0
			l1:fixed:800 			Carrier Lambda: 800 nm --- E vars
				Mode 0
					(fwd: 14,16):  Pow: 1.0000000000e+00 Phi: 0.0000000000e+00  Mag: 1.0000000000e+00 E_f =  1.0000000000e+00 + 0.0000000000e+00i
					(rev: 15,17):  Pow: 1.6083455496e-24 Phi: 3.1390203218e+00  Mag: 1.2682056417e-12 E_f =  -1.2682014459e-12 + 3.2622420692e-15i
								Total Power Fwd: 1 Rev: 1.60835e-24

Mirror: mir1
	Channel:0
			l2:fixed:800 			Carrier Lambda: 800 nm --- E vars
				Mode 0
					(fwd: 42,44):  Pow: 9.9999999999e-01 Phi: -3.1415926536e+00  Mag: 1.0000000000e+00 E_f =  -1.0000000000e+00 + -6.0918570539e-15i
					(rev: 43,45):  Pow: 0.0000000000e+00 Phi: 0.0000000000e+00  Mag: 0.0000000000e+00 E_f =  0.0000000000e+00 + 0.0000000000e+00i
								Total Power Fwd: 1 Rev: 0



***** Node Operating Point Values 
	wg1                           	Port: 1 
	                              	mode: l1:fixed:800 
	                              		dir: FWD
	                              			TE Fields: 1.0000000000e+00 0.0000000000e+00 

	wg1                           	Port: 2 
	                              	mode: l2:fixed:800 
	                              		dir: FWD
	                              			TE Fields: 1.0000000000e+00 -3.1415926536e+00 

	v1                            	Port:     1	V = 1.0000000000e+00
	v1                            	Port:     1	I = 0.0000000000e+00
	v1                            	Port:     2	I = -0.0000000000e+00
	v2                            	Port:     1	V = 0.0000000000e+00
	v2                            	Port:     1	I = 0.0000000000e+00
	v2                            	Port:     2	I = -0.0000000000e+00
	cw1                           	Port:     1	V = 1.0000000000e+00
	cw1                           	Port:     1	I = -0.0000000000e+00
	cw1                           	Port:     2	V = 0.0000000000e+00
	cw1                           	Port:     2	I = -0.0000000000e+00
	cw1                           	Port: 3 
	                              	mode: l1:fixed:800 
	                              		dir: FWD
	                              			TE Fields: 1.0000000000e+00 0.0000000000e+00 
	                              			TM Fields: 0.0000000000e+00 0.0000000000e+00 
	                              		dir: REV
	                              			TE Fields: -1.2682014459e-12 3.2622420692e-15 
	                              			TM Fields: 0.0000000000e+00 0.0000000000e+00 

	wg1                           	Port: 1 
	                              	mode: l1:fixed:800 
	                              		dir: FWD
	                              			TE Fields: 1.0000000000e+00 0.0000000000e+00 
	                              			TM Fields: 0.0000000000e+00 0.0000000000e+00 
	                              		dir: REV
	                              			TE Fields: -1.2682014459e-12 3.2622420692e-15 
	                              			TM Fields: 0.0000000000e+00 0.0000000000e+00 

	wg1                           	Port: 2 
	                              	mode: l2:fixed:800 
	                              		dir: FWD
	                              			TE Fields: -1.0000000000e+00 -6.0918570539e-15 
	                              			TM Fields: 0.0000000000e+00 0.0000000000e+00 
	                              		dir: REV
	                              			TE Fields: 0.0000000000e+00 0.0000000000e+00 
	                              			TM Fields: 0.0000000000e+00 0.0000000000e+00 

	wg1:exp                       	Port: 1 
	                              	mode: l1:fixed:800 
	                              		dir: FWD
	                              			TE Fields: 1.0000000000e+00 0.0000000000e+00 
	                              			TM Fields: 0.0000000000e+00 0.0000000000e+00 
	                              		dir: REV
	                              			TE Fields: -1.2682014459e-12 3.2622420692e-15 
	                              			TM Fields: 0.0000000000e+00 0.0000000000e+00 

	wg1:exp                       	Port: 2 
	                              	mode: l2:fixed:800 
	                              		dir: FWD
	                              			TE Fields: -1.0000000000e+00 -6.0918570539e-15 
	                              			TM Fields: 0.0000000000e+00 0.0000000000e+00 
	                              		dir: REV
	                              			TE Fields: 0.0000000000e+00 0.0000000000e+00 
	                              			TM Fields: 0.0000000000e+00 0.0000000000e+00 

	mir1                          	Port: 1 
	                              	mode: l2:fixed:800 
	                              		dir: FWD
	                              			TE Fields: -1.0000000000e+00 -6.0918570539e-15 
	                              			TM Fields: 0.0000000000e+00 0.0000000000e+00 
	                              		dir: REV
	                              			TE Fields: 0.0000000000e+00 0.0000000000e+00 
	                              			TM Fields: 0.0000000000e+00 0.0000000000e+00 


***** 
		Final Evars non-Linear Scatter pass:

***** Element Operating point info:

MultiLayerFilterExp: wg1:exp 
	(Explicit Filtering -- T = 300.15 -- E to E)
	Channel: 0
		 Input: l1:fixed:800
			l1:fixed:800 			Carrier Lambda: 800 nm --- E vars
				Mode 0
					(fwd: 14,16):  Pow: 1.0000000000e+00 Phi: 0.0000000000e+00  Mag: 1.0000000000e+00 E_f =  1.0000000000e+00 + 0.0000000000e+00i
					(rev: 15,17):  Pow: 1.6083455496e-24 Phi: 3.1390203218e+00  Mag: 1.2682056417e-12 E_f =  -1.2682014459e-12 + 3.2622420692e-15i
								Total Power Fwd: 1 Rev: 1.60835e-24

			Extra
					(rev: 46,47):  Pow: 1.6083455496e-24 Phi: 3.1390203218e+00  Mag: 1.2682056417e-12 E_f =  -1.2682014459e-12 + 3.2622420692e-15i
								Total Power Fwd: 0 Rev: 1.60835e-24

		Interface (0): wg1:exp:c(0):I1(0) T= 300.15 NonLinear
			N1 = 1.1 N2 = 2 (2)T = 300.15
				Tf^2 = 0.915713 Rf^2 = 0.0842872  Tb^2 = 0.915713 Rb^2 = 0.0842872 Tf+Rf = 1 Tb+Rb = 1 
			Rf = -0.290323 	Tf = 0.956929 	Rb = 0.290323 	Tb = 0.956929 

		 Layer (1) Phi= -40.8407 (-3.14159)  Atten = 1 N = 2 V1 = 0 V2 = 0 T = 300.15
			Inter1: wg1:exp:inter1(0):fixed:800 (Es)
			wg1:exp:inter1(0):fixed:800 			Carrier Lambda: 800 nm --- E vars
				Mode 0
					(fwd: 26,28):  Pow: 1.0920454545e+00 Phi: 9.4710253621e-16  Mag: 1.0450097868e+00 E_f =  1.0450097868e+00 + 9.8973141946e-16i
					(rev: 27,29):  Pow: 9.2045454545e-02 Phi: 1.1236611572e-14  Mag: 3.0338993811e-01 E_f =  3.0338993811e-01 + 3.4090748892e-15i
								Total Power Fwd: 1.09205 Rev: 0.0920455

			Inter2: wg1:exp:inter2(0):fixed:800 (Es)
			wg1:exp:inter2(0):fixed:800 			Carrier Lambda: 800 nm --- E vars
				Mode 0
					(fwd: 30,32):  Pow: 1.0920454545e+00 Phi: -3.1415926536e+00  Mag: 1.0450097868e+00 E_f =  -1.0450097868e+00 + -6.3660502412e-15i
					(rev: 31,33):  Pow: 9.2045454545e-02 Phi: -3.1415926536e+00  Mag: 3.0338993811e-01 E_f =  -3.0338993811e-01 + -1.8482081345e-15i
								Total Power Fwd: 1.09205 Rev: 0.0920455

			Inter3: wg1:exp:inter3(0):fixed:800 (Es) dt = 1.73453e-14
			wg1:exp:inter3(0):fixed:800 			Carrier Lambda: 800 nm --- E vars
				Mode 0
					(fwd: 34,36):  Pow: 1.0920454545e+00 Phi: -3.1415926536e+00  Mag: 1.0450097868e+00 E_f =  -1.0450097868e+00 + -6.3660502412e-15i
					(rev: 35,37):  Pow: 9.2045454545e-02 Phi: -3.1415926536e+00  Mag: 3.0338993811e-01 E_f =  -3.0338993811e-01 + -1.8482081345e-15i
								Total Power Fwd: 1.09205 Rev: 0.0920455

			ExtraNodes (Es)
			Delay queues (Es):
				Mode 0
					(fwd: 38,39):  Pow: 1.0920454545e+00 Phi: -3.1415926536e+00  Mag: 1.0450097868e+00 E_f =  -1.0450097868e+00 + -6.3660502412e-15i
					(rev: 40,41):  Pow: 9.2045454545e-02 Phi: 1.1236611572e-14  Mag: 3.0338993811e-01 E_f =  3.0338993811e-01 + 3.4090748892e-15i
								Total Power Fwd: 1.09205 Rev: 0.0920455

			Extra Inter1
				Mode 0
					(fwd: 48,49):  Pow: 1.0920454545e+00 Phi: 9.4710253621e-16  Mag: 1.0450097868e+00 E_f =  1.0450097868e+00 + 9.8973141946e-16i
								Total Power Fwd: 1.09205 Rev: 0

		Interface (1): wg1:exp:c(0):I1(1) T = 300.15 NonLinear
			N1 = 2 (2) N2 = 1.1
				Tf^2 = 0.915713 Rf^2 = 0.0842872  Tb^2 = 0.915713 Rb^2 = 0.0842872 Tf+Rf = 1 Tb+Rb = 1 
			Rf = 0.290323 	Tf = 0.956929 	Rb = -0.290323 	Tb = 0.956929 

		 Output: l2:fixed:800
			l2:fixed:800 			Carrier Lambda: 800 nm --- E vars
				Mode 0
					(fwd: 42,44):  Pow: 9.9999999999e-01 Phi: -3.1415926536e+00  Mag: 1.0000000000e+00 E_f =  -1.0000000000e+00 + -6.0918570539e-15i
					(rev: 43,45):  Pow: 0.0000000000e+00 Phi: 0.0000000000e+00  Mag: 0.0000000000e+00 E_f =  0.0000000000e+00 + 0.0000000000e+00i
								Total Power Fwd: 1 Rev: 0

			Extra
				Mode 0
					(fwd: 56,57):  Pow: 9.9999999999e-01 Phi: -3.1415926536e+00  Mag: 1.0000000000e+00 E_f =  -1.0000000000e+00 + -6.0918570539e-15i
								Total Power Fwd: 1 Rev: 0

IndSource:                       v1 (V source)
			V: 1.0000000000e+00 I: 0.0000000000e+00 

IndSource:                       v2 (V source)
			V: 0.0000000000e+00 I: 0.0000000000e+00 

Cw_Source: cw1 
	 Channel : 0 -- n1: 18 n2: 20 -- Fixed Lambda
		 Freqshift: 0
			l1:fixed:800 			Carrier Lambda: 800 nm --- E vars
				Mode 0
					(fwd: 14,16):  Pow: 1.0000000000e+00 Phi: 0.0000000000e+00  Mag: 1.0000000000e+00 E_f =  1.0000000000e+00 + 0.0000000000e+00i
					(rev: 15,17):  Pow: 1.6083455496e-24 Phi: 3.1390203218e+00  Mag: 1.2682056417e-12 E_f =  -1.2682014459e-12 + 3.2622420692e-15i
								Total Power Fwd: 1 Rev: 1.60835e-24

Mirror: mir1
	Channel:0
			l2:fixed:800 			Carrier Lambda: 800 nm --- E vars
				Mode 0
					(fwd: 42,44):  Pow: 9.9999999999e-01 Phi: -3.1415926536e+00  Mag: 1.0000000000e+00 E_f =  -1.0000000000e+00 + -6.0918570539e-15i
					(rev: 43,45):  Pow: 0.0000000000e+00 Phi: 0.0000000000e+00  Mag: 0.0000000000e+00 E_f =  0.0000000000e+00 + 0.0000000000e+00i
								Total Power Fwd: 1 Rev: 0



***** Node Operating Point Values 
	wg1                           	Port: 1 
	                              	mode: l1:fixed:800 
	                              		dir: FWD
	                              			TE Fields: 1.0000000000e+00 0.0000000000e+00 

	wg1                           	Port: 2 
	                              	mode: l2:fixed:800 
	                              		dir: FWD
	                              			TE Fields: 1.0000000000e+00 -3.1415926536e+00 

	v1                            	Port:     1	V = 1.0000000000e+00
	v1                            	Port:     1	I = 0.0000000000e+00
	v1                            	Port:     2	I = -0.0000000000e+00
	v2                            	Port:     1	V = 0.0000000000e+00
	v2                            	Port:     1	I = 0.0000000000e+00
	v2                            	Port:     2	I = -0.0000000000e+00
	cw1                           	Port:     1	V = 1.0000000000e+00
	cw1                           	Port:     1	I = -0.0000000000e+00
	cw1                           	Port:     2	V = 0.0000000000e+00
	cw1                           	Port:     2	I = -0.0000000000e+00
	cw1                           	Port: 3 
	                              	mode: l1:fixed:800 
	                              		dir: FWD
	                              			TE Fields: 1.0000000000e+00 0.0000000000e+00 
	                              			TM Fields: 0.0000000000e+00 0.0000000000e+00 
	                              		dir: REV
	                              			TE Fields: -1.2682014459e-12 3.2622420692e-15 
	                              			TM Fields: 0.0000000000e+00 0.0000000000e+00 

	wg1                           	Port: 1 
	                              	mode: l1:fixed:800 
	                              		dir: FWD
	                              			TE Fields: 1.0000000000e+00 0.0000000000e+00 
	                              			TM Fields: 0.0000000000e+00 0.0000000000e+00 
	                              		dir: REV
	                              			TE Fields: -1.2682014459e-12 3.2622420692e-15 
	                              			TM Fields: 0.0000000000e+00 0.0000000000e+00 

	wg1                           	Port: 2 
	                              	mode: l2:fixed:800 
	                              		dir: FWD
	                              			TE Fields: -1.0000000000e+00 -6.0918570539e-15 
	                              			TM Fields: 0.0000000000e+00 0.0000000000e+00 
	                              		dir: REV
	                              			TE Fields: 0.0000000000e+00 0.0000000000e+00 
	                              			TM Fields: 0.0000000000e+00 0.0000000000e+00 

	wg1:exp                       	Port: 1 
	                              	mode: l1:fixed:800 
	                              		dir: FWD
	                              			TE Fields: 1.0000000000e+00 0.0000000000e+00 
	                              			TM Fields: 0.0000000000e+00 0.0000000000e+00 
	                              		dir: REV
	                              			TE Fields: -1.2682014459e-12 3.2622420692e-15 
	                              			TM Fields: 0.0000000000e+00 0.0000000000e+00 

	wg1:exp                       	Port: 2 
	                              	mode: l2:fixed:800 
	                              		dir: FWD
	                              			TE Fields: -1.0000000000e+00 -6.0918570539e-15 
	                              			TM Fields: 0.0000000000e+00 0.0000000000e+00 
	                              		dir: REV
	                              			TE Fields: 0.0000000000e+00 0.0000000000e+00 
	                              			TM Fields: 0.0000000000e+00 0.0000000000e+00 

	mir1                          	Port: 1 
	                              	mode: l2:fixed:800 
	                              		dir: FWD
	                              			TE Fields: -1.0000000000e+00 -6.0918570539e-15 
	                              			TM Fields: 0.0000000000e+00 0.0000000000e+00 
	                              		dir: REV
	                              			TE Fields: 0.0000000000e+00 0.0000000000e+00 
	                              			TM Fields: 0.0000000000e+00 0.0000000000e+00 


***** 
		DC iterations =  2 (extra -1). Cond 0.103425
			Total num iter: 5
		Final pass (forced MPtotMP):
Before:

***** Element Operating point info:

MultiLayerFilterExp: wg1:exp 
	(Explicit Filtering -- T = 300.15 -- E to E)
	Channel: 0
		 Input: l1:fixed:800
			l1:fixed:800 			Carrier Lambda: 800 nm --- E vars
				Mode 0
					(fwd: 14,16):  Pow: 1.0000000000e+00 Phi: 0.0000000000e+00  Mag: 1.0000000000e+00 E_f =  1.0000000000e+00 + 0.0000000000e+00i
					(rev: 15,17):  Pow: 1.6086431784e-24 Phi: 3.1390205598e+00  Mag: 1.2683229787e-12 E_f =  -1.2683187833e-12 + 3.2622420692e-15i
								Total Power Fwd: 1 Rev: 1.60864e-24

			Extra
					(rev: 46,47):  Pow: 1.6086431784e-24 Phi: 3.1390205598e+00  Mag: 1.2683229787e-12 E_f =  -1.2683187833e-12 + 3.2622420692e-15i
								Total Power Fwd: 0 Rev: 1.60864e-24

		Interface (0): wg1:exp:c(0):I1(0) T= 300.15 NonLinear
			N1 = 1.1 N2 = 2 (2)T = 300.15
				Tf^2 = 0.915713 Rf^2 = 0.0842872  Tb^2 = 0.915713 Rb^2 = 0.0842872 Tf+Rf = 1 Tb+Rb = 1 
			Rf = -0.290323 	Tf = 0.956929 	Rb = 0.290323 	Tb = 0.956929 

		 Layer (1) Phi= -40.8407 (-3.14159)  Atten = 1 N = 2 V1 = 0 V2 = 0 T = 300.15
			Inter1: wg1:exp:inter1(0):fixed:800 (Es)
			wg1:exp:inter1(0):fixed:800 			Carrier Lambda: 800 nm --- E vars
				Mode 0
					(fwd: 26,28):  Pow: 1.0920454545e+00 Phi: 9.4710253621e-16  Mag: 1.0450097868e+00 E_f =  1.0450097868e+00 + 9.8973141946e-16i
					(rev: 27,29):  Pow: 9.2045454545e-02 Phi: 1.1236611572e-14  Mag: 3.0338993811e-01 E_f =  3.0338993811e-01 + 3.4090748892e-15i
								Total Power Fwd: 1.09205 Rev: 0.0920455

			Inter2: wg1:exp:inter2(0):fixed:800 (Es)
			wg1:exp:inter2(0):fixed:800 			Carrier Lambda: 800 nm --- E vars
				Mode 0
					(fwd: 30,32):  Pow: 1.0920454545e+00 Phi: -3.1415926536e+00  Mag: 1.0450097868e+00 E_f =  -1.0450097868e+00 + -6.3660502412e-15i
					(rev: 31,33):  Pow: 9.2045454545e-02 Phi: -3.1415926536e+00  Mag: 3.0338993811e-01 E_f =  -3.0338993811e-01 + -1.8482081345e-15i
								Total Power Fwd: 1.09205 Rev: 0.0920455

			Inter3: wg1:exp:inter3(0):fixed:800 (Es) dt = 1.73453e-14
			wg1:exp:inter3(0):fixed:800 			Carrier Lambda: 800 nm --- E vars
				Mode 0
					(fwd: 34,36):  Pow: 1.0920454545e+00 Phi: -3.1415926536e+00  Mag: 1.0450097868e+00 E_f =  -1.0450097868e+00 + -6.3660502412e-15i
					(rev: 35,37):  Pow: 9.2045454545e-02 Phi: -3.1415926536e+00  Mag: 3.0338993811e-01 E_f =  -3.0338993811e-01 + -1.8482081345e-15i
								Total Power Fwd: 1.09205 Rev: 0.0920455

			ExtraNodes (Es)
			Delay queues (Es):
				Mode 0
					(fwd: 38,39):  Pow: 1.0920454545e+00 Phi: -3.1415926536e+00  Mag: 1.0450097868e+00 E_f =  -1.0450097868e+00 + -6.3660502412e-15i
					(rev: 40,41):  Pow: 9.2045454545e-02 Phi: 1.1236611572e-14  Mag: 3.0338993811e-01 E_f =  3.0338993811e-01 + 3.4090748892e-15i
								Total Power Fwd: 1.09205 Rev: 0.0920455

			Extra Inter1
				Mode 0
					(fwd: 48,49):  Pow: 1.0920454545e+00 Phi: 9.4710253621e-16  Mag: 1.0450097868e+00 E_f =  1.0450097868e+00 + 9.8973141946e-16i
								Total Power Fwd: 1.09205 Rev: 0

		Interface (1): wg1:exp:c(0):I1(1) T = 300.15 NonLinear
			N1 = 2 (2) N2 = 1.1
				Tf^2 = 0.915713 Rf^2 = 0.0842872  Tb^2 = 0.915713 Rb^2 = 0.0842872 Tf+Rf = 1 Tb+Rb = 1 
			Rf = 0.290323 	Tf = 0.956929 	Rb = -0.290323 	Tb = 0.956929 

		 Output: l2:fixed:800
			l2:fixed:800 			Carrier Lambda: 800 nm --- E vars
				Mode 0
					(fwd: 42,44):  Pow: 9.9999999999e-01 Phi: -3.1415926536e+00  Mag: 1.0000000000e+00 E_f =  -1.0000000000e+00 + -6.0918570539e-15i
					(rev: 43,45):  Pow: 0.0000000000e+00 Phi: 0.0000000000e+00  Mag: 0.0000000000e+00 E_f =  0.0000000000e+00 + 0.0000000000e+00i
								Total Power Fwd: 1 Rev: 0

			Extra
				Mode 0
					(fwd: 56,57):  Pow: 9.9999999999e-01 Phi: -3.1415926536e+00  Mag: 1.0000000000e+00 E_f =  -1.0000000000e+00 + -6.0918570539e-15i
								Total Power Fwd: 1 Rev: 0

IndSource:                       v1 (V source)
			V: 1.0000000000e+00 I: 0.0000000000e+00 

IndSource:                       v2 (V source)
			V: 0.0000000000e+00 I: 0.0000000000e+00 

Cw_Source: cw1 
	 Channel : 0 -- n1: 18 n2: 20 -- Fixed Lambda
		 Freqshift: 0
			l1:fixed:800 			Carrier Lambda: 800 nm --- E vars
				Mode 0
					(fwd: 14,16):  Pow: 1.0000000000e+00 Phi: 0.0000000000e+00  Mag: 1.0000000000e+00 E_f =  1.0000000000e+00 + 0.0000000000e+00i
					(rev: 15,17):  Pow: 1.6086431784e-24 Phi: 3.1390205598e+00  Mag: 1.2683229787e-12 E_f =  -1.2683187833e-12 + 3.2622420692e-15i
								Total Power Fwd: 1 Rev: 1.60864e-24

Mirror: mir1
	Channel:0
			l2:fixed:800 			Carrier Lambda: 800 nm --- E vars
				Mode 0
					(fwd: 42,44):  Pow: 9.9999999999e-01 Phi: -3.1415926536e+00  Mag: 1.0000000000e+00 E_f =  -1.0000000000e+00 + -6.0918570539e-15i
					(rev: 43,45):  Pow: 0.0000000000e+00 Phi: 0.0000000000e+00  Mag: 0.0000000000e+00 E_f =  0.0000000000e+00 + 0.0000000000e+00i
								Total Power Fwd: 1 Rev: 0



***** Node Operating Point Values 
	wg1                           	Port: 1 
	                              	mode: l1:fixed:800 
	                              		dir: FWD
	                              			TE Fields: 1.0000000000e+00 0.0000000000e+00 

	wg1                           	Port: 2 
	                              	mode: l2:fixed:800 
	                              		dir: FWD
	                              			TE Fields: 1.0000000000e+00 -3.1415926536e+00 

	v1                            	Port:     1	V = 1.0000000000e+00
	v1                            	Port:     1	I = 0.0000000000e+00
	v1                            	Port:     2	I = -0.0000000000e+00
	v2                            	Port:     1	V = 0.0000000000e+00
	v2                            	Port:     1	I = 0.0000000000e+00
	v2                            	Port:     2	I = -0.0000000000e+00
	cw1                           	Port:     1	V = 1.0000000000e+00
	cw1                           	Port:     1	I = -0.0000000000e+00
	cw1                           	Port:     2	V = 0.0000000000e+00
	cw1                           	Port:     2	I = -0.0000000000e+00
	cw1                           	Port: 3 
	                              	mode: l1:fixed:800 
	                              		dir: FWD
	                              			TE Fields: 1.0000000000e+00 0.0000000000e+00 
	                              			TM Fields: 0.0000000000e+00 0.0000000000e+00 
	                              		dir: REV
	                              			TE Fields: -1.2683187833e-12 3.2622420692e-15 
	                              			TM Fields: 0.0000000000e+00 0.0000000000e+00 

	wg1                           	Port: 1 
	                              	mode: l1:fixed:800 
	                              		dir: FWD
	                              			TE Fields: 1.0000000000e+00 0.0000000000e+00 
	                              			TM Fields: 0.0000000000e+00 0.0000000000e+00 
	                              		dir: REV
	                              			TE Fields: -1.2683187833e-12 3.2622420692e-15 
	                              			TM Fields: 0.0000000000e+00 0.0000000000e+00 

	wg1                           	Port: 2 
	                              	mode: l2:fixed:800 
	                              		dir: FWD
	                              			TE Fields: -1.0000000000e+00 -6.0918570539e-15 
	                              			TM Fields: 0.0000000000e+00 0.0000000000e+00 
	                              		dir: REV
	                              			TE Fields: 0.0000000000e+00 0.0000000000e+00 
	                              			TM Fields: 0.0000000000e+00 0.0000000000e+00 

	wg1:exp                       	Port: 1 
	                              	mode: l1:fixed:800 
	                              		dir: FWD
	                              			TE Fields: 1.0000000000e+00 0.0000000000e+00 
	                              			TM Fields: 0.0000000000e+00 0.0000000000e+00 
	                              		dir: REV
	                              			TE Fields: -1.2683187833e-12 3.2622420692e-15 
	                              			TM Fields: 0.0000000000e+00 0.0000000000e+00 

	wg1:exp                       	Port: 2 
	                              	mode: l2:fixed:800 
	                              		dir: FWD
	                              			TE Fields: -1.0000000000e+00 -6.0918570539e-15 
	                              			TM Fields: 0.0000000000e+00 0.0000000000e+00 
	                              		dir: REV
	                              			TE Fields: 0.0000000000e+00 0.0000000000e+00 
	                              			TM Fields: 0.0000000000e+00 0.0000000000e+00 

	mir1                          	Port: 1 
	                              	mode: l2:fixed:800 
	                              		dir: FWD
	                              			TE Fields: -1.0000000000e+00 -6.0918570539e-15 
	                              			TM Fields: 0.0000000000e+00 0.0000000000e+00 
	                              		dir: REV
	                              			TE Fields: 0.0000000000e+00 0.0000000000e+00 
	                              			TM Fields: 0.0000000000e+00 0.0000000000e+00 


***** 
After:

***** Element Operating point info:

MultiLayerFilterExp: wg1:exp 
	(Explicit Filtering -- T = 300.15 -- E to E)
	Channel: 0
		 Input: l1:fixed:800
			l1:fixed:800  Carrier Lambda: 800 nm  -- MP vars
				Mode 0
					(fwd: 14,16):  Pow: 1.0000000000e+00 Phi: 0.0000000000e+00  Mag: 1.0000000000e+00 E_f =  1.0000000000e+00 + 0.0000000000e+00i
					(rev: 15,17):  Pow: 1.6086431784e-24 Phi: 3.1390205598e+00  Mag: 1.2683229787e-12 E_f =  -1.2683187833e-12 + 3.2622420692e-15i
								Total Power Fwd: 1 Rev: 1.60864e-24

			Extra
					(rev: 46,47):  Pow: 1.6086431784e-24 Phi: 3.1390205598e+00  Mag: 1.2683229787e-12 E_f =  -1.2683187833e-12 + 3.2622420692e-15i
								Total Power Fwd: 0 Rev: 1.60864e-24

		Interface (0): wg1:exp:c(0):I1(0) T= 300.15 NonLinear
			N1 = 1.1 N2 = 2 (2)T = 300.15
				Tf^2 = 0.915713 Rf^2 = 0.0842872  Tb^2 = 0.915713 Rb^2 = 0.0842872 Tf+Rf = 1 Tb+Rb = 1 
			Rf = -0.290323 	Tf = 0.956929 	Rb = 0.290323 	Tb = 0.956929 

		 Layer (1) Phi= -40.8407 (-3.14159)  Atten = 1 N = 2 V1 = 0 V2 = 0 T = 300.15
			Inter1: wg1:exp:inter1(0):fixed:800 (MP)
			wg1:exp:inter1(0):fixed:800  Carrier Lambda: 800 nm  -- MP vars
				Mode 0
					(fwd: 26,28):  Pow: 1.0920454545e+00 Phi: 0.0000000000e+00  Mag: 1.0450097868e+00 E_f =  1.0450097868e+00 + 0.0000000000e+00i
					(rev: 27,29):  Pow: 9.2045454545e-02 Phi: -4.3982297150e+01  Mag: 3.0338993811e-01 E_f =  3.0338993811e-01 + 2.6758788895e-15i
								Total Power Fwd: 1.09205 Rev: 0.0920455

			Inter2: wg1:exp:inter2(0):fixed:800 (MP)
			wg1:exp:inter2(0):fixed:800  Carrier Lambda: 800 nm  -- MP vars
				Mode 0
					(fwd: 30,32):  Pow: 1.0920454545e+00 Phi: -4.0840704497e+01  Mag: 1.0450097868e+00 E_f =  -1.0450097868e+00 + -5.3763188218e-15i
					(rev: 31,33):  Pow: 9.2045454545e-02 Phi: -3.1415926536e+00  Mag: 3.0338993811e-01 E_f =  -3.0338993811e-01 + -1.9234053221e-15i
								Total Power Fwd: 1.09205 Rev: 0.0920455

			Inter3: wg1:exp:inter3(0):fixed:800 (MP) dt = 1.73453e-14
			wg1:exp:inter3(0):fixed:800  Carrier Lambda: 800 nm  -- MP vars
				Mode 0
					(fwd: 34,36):  Pow: 1.0920454545e+00 Phi: -4.0840704497e+01  Mag: 1.0450097868e+00 E_f =  -1.0450097868e+00 + -5.3763188218e-15i
					(rev: 35,37):  Pow: 9.2045454545e-02 Phi: -3.1415926536e+00  Mag: 3.0338993811e-01 E_f =  -3.0338993811e-01 + -1.9234053221e-15i
								Total Power Fwd: 1.09205 Rev: 0.0920455

			ExtraNodes (MP)
			Delay queues (MP):
				Mode 0
					(fwd: 38,39):  Pow: 1.0920454545e+00 Phi: -4.0840704497e+01  Mag: 1.0450097868e+00 E_f =  -1.0450097868e+00 + -5.3763188218e-15i
					(rev: 40,41):  Pow: 9.2045454545e-02 Phi: -4.3982297150e+01  Mag: 3.0338993811e-01 E_f =  3.0338993811e-01 + 2.6758788895e-15i
								Total Power Fwd: 1.09205 Rev: 0.0920455

			Extra Inter1
				Mode 0
					(fwd: 48,49):  Pow: 1.0920454545e+00 Phi: 0.0000000000e+00  Mag: 1.0450097868e+00 E_f =  1.0450097868e+00 + 0.0000000000e+00i
								Total Power Fwd: 1.09205 Rev: 0

		Interface (1): wg1:exp:c(0):I1(1) T = 300.15 NonLinear
			N1 = 2 (2) N2 = 1.1
				Tf^2 = 0.915713 Rf^2 = 0.0842872  Tb^2 = 0.915713 Rb^2 = 0.0842872 Tf+Rf = 1 Tb+Rb = 1 
			Rf = 0.290323 	Tf = 0.956929 	Rb = -0.290323 	Tb = 0.956929 

		 Output: l2:fixed:800
			l2:fixed:800  Carrier Lambda: 800 nm  -- MP vars
				Mode 0
					(fwd: 42,44):  Pow: 9.9999999999e-01 Phi: -3.1415926536e+00  Mag: 1.0000000000e+00 E_f =  -1.0000000000e+00 + -6.3397136178e-15i
					(rev: 43,45):  Pow: 0.0000000000e+00 Phi: 0.0000000000e+00  Mag: 0.0000000000e+00 E_f =  0.0000000000e+00 + 0.0000000000e+00i
								Total Power Fwd: 1 Rev: 0

			Extra
				Mode 0
					(fwd: 56,57):  Pow: 9.9999999999e-01 Phi: -3.1415926536e+00  Mag: 1.0000000000e+00 E_f =  -1.0000000000e+00 + -6.3397136178e-15i
								Total Power Fwd: 1 Rev: 0

IndSource:                       v1 (V source)
			V: 1.0000000000e+00 I: 0.0000000000e+00 

IndSource:                       v2 (V source)
			V: 0.0000000000e+00 I: 0.0000000000e+00 

Cw_Source: cw1 
	 Channel : 0 -- n1: 18 n2: 20 -- Fixed Lambda
		 Freqshift: 0
			l1:fixed:800  Carrier Lambda: 800 nm  -- MP vars
				Mode 0
					(fwd: 14,16):  Pow: 1.0000000000e+00 Phi: 0.0000000000e+00  Mag: 1.0000000000e+00 E_f =  1.0000000000e+00 + 0.0000000000e+00i
					(rev: 15,17):  Pow: 1.6086431784e-24 Phi: 3.1390205598e+00  Mag: 1.2683229787e-12 E_f =  -1.2683187833e-12 + 3.2622420692e-15i
								Total Power Fwd: 1 Rev: 1.60864e-24

Mirror: mir1
	Channel:0
			l2:fixed:800  Carrier Lambda: 800 nm  -- MP vars
				Mode 0
					(fwd: 42,44):  Pow: 9.9999999999e-01 Phi: -3.1415926536e+00  Mag: 1.0000000000e+00 E_f =  -1.0000000000e+00 + -6.3397136178e-15i
					(rev: 43,45):  Pow: 0.0000000000e+00 Phi: 0.0000000000e+00  Mag: 0.0000000000e+00 E_f =  0.0000000000e+00 + 0.0000000000e+00i
								Total Power Fwd: 1 Rev: 0



***** Node Operating Point Values 
	wg1                           	Port: 1 
	                              	mode: l1:fixed:800 
	                              		dir: FWD
	                              			TE Fields: 1.0000000000e+00 0.0000000000e+00 

	wg1                           	Port: 2 
	                              	mode: l2:fixed:800 
	                              		dir: FWD
	                              			TE Fields: 1.0000000000e+00 -3.1415926536e+00 

	v1                            	Port:     1	V = 1.0000000000e+00
	v1                            	Port:     1	I = 0.0000000000e+00
	v1                            	Port:     2	I = -0.0000000000e+00
	v2                            	Port:     1	V = 0.0000000000e+00
	v2                            	Port:     1	I = 0.0000000000e+00
	v2                            	Port:     2	I = -0.0000000000e+00
	cw1                           	Port:     1	V = 1.0000000000e+00
	cw1                           	Port:     1	I = -0.0000000000e+00
	cw1                           	Port:     2	V = 0.0000000000e+00
	cw1                           	Port:     2	I = -0.0000000000e+00
	cw1                           	Port: 3 
	                              	mode: l1:fixed:800 
	                              		dir: FWD
	                              			TE Fields: 1.0000000000e+00 0.0000000000e+00 
	                              			TM Fields: 0.0000000000e+00 0.0000000000e+00 
	                              		dir: REV
	                              			TE Fields: -1.2683187833e-12 3.2622420692e-15 
	                              			TM Fields: 0.0000000000e+00 0.0000000000e+00 

	wg1                           	Port: 1 
	                              	mode: l1:fixed:800 
	                              		dir: FWD
	                              			TE Fields: 1.0000000000e+00 0.0000000000e+00 
	                              			TM Fields: 0.0000000000e+00 0.0000000000e+00 
	                              		dir: REV
	                              			TE Fields: -1.2683187833e-12 3.2622420692e-15 
	                              			TM Fields: 0.0000000000e+00 0.0000000000e+00 

	wg1                           	Port: 2 
	                              	mode: l2:fixed:800 
	                              		dir: FWD
	                              			TE Fields: -1.0000000000e+00 -6.3397136178e-15 
	                              			TM Fields: 0.0000000000e+00 0.0000000000e+00 
	                              		dir: REV
	                              			TE Fields: 0.0000000000e+00 0.0000000000e+00 
	                              			TM Fields: 0.0000000000e+00 0.0000000000e+00 

	wg1:exp                       	Port: 1 
	                              	mode: l1:fixed:800 
	                              		dir: FWD
	                              			TE Fields: 1.0000000000e+00 0.0000000000e+00 
	                              			TM Fields: 0.0000000000e+00 0.0000000000e+00 
	                              		dir: REV
	                              			TE Fields: -1.2683187833e-12 3.2622420692e-15 
	                              			TM Fields: 0.0000000000e+00 0.0000000000e+00 

	wg1:exp                       	Port: 2 
	                              	mode: l2:fixed:800 
	                              		dir: FWD
	                              			TE Fields: -1.0000000000e+00 -6.3397136178e-15 
	                              			TM Fields: 0.0000000000e+00 0.0000000000e+00 
	                              		dir: REV
	                              			TE Fields: 0.0000000000e+00 0.0000000000e+00 
	                              			TM Fields: 0.0000000000e+00 0.0000000000e+00 

	mir1                          	Port: 1 
	                              	mode: l2:fixed:800 
	                              		dir: FWD
	                              			TE Fields: -1.0000000000e+00 -6.3397136178e-15 
	                              			TM Fields: 0.0000000000e+00 0.0000000000e+00 
	                              		dir: REV
	                              			TE Fields: 0.0000000000e+00 0.0000000000e+00 
	                              			TM Fields: 0.0000000000e+00 0.0000000000e+00 


***** 


Convergence failed at node: 17 15 (3.1390205597928253e+00 : -2.6114213831845348e+01 : 3.1390205597928250e-06 : 1.0000000000000000e-03 : 1.2683229787291185e-12 )



Convergence failed at node: 17 15 (-2.2975193272052522e+01 : 2.4591045675446107e+01 : 2.2975193272052519e-05 : 1.0000000000000000e-03 : 1.3352838999671008e-12 )

		DC iterations =  5 (extra 1). Cond 1.58002e-11
			Total num iter: 10
X: 8.000000000000000e+02 1.000000000000000e+00 1.000000000000000e+00 0.000000000000000e+00 -0.000000000000000e+00 -0.000000000000000e+00 0.000000000000000e+00 0.000000000000000e+00 0.000000000000000e+00 0.000000000000000e+00 -0.000000000000000e+00 -0.000000000000000e+00 0.000000000000000e+00 1.000000000000000e+00 2.792354996890200e-11 0.000000000000000e+00 1.616233074512627e+00 1.000000000000000e+00 -0.000000000000000e+00 -0.000000000000000e+00 -0.000000000000000e+00 1.000000000000000e+00 0.000000000000000e+00 0.000000000000000e+00 0.000000000000000e+00 1.045009786816595e+00 3.033899381071335e-01 8.098470252687389e-12 -4.398229715016102e+01 1.045009786815550e+00 3.033899381074369e-01 -4.084070449661836e+01 -3.141592653537704e+00 1.045009786815550e+00 3.033899381074369e-01 -4.084070449661836e+01 -3.141592653537704e+00 1.045009786815550e+00 -4.084070449661836e+01 3.033899381071335e-01 -4.398229715016102e+01 9.999999999966314e-01 0.000000000000000e+00 -3.141592653537704e+00 0.000000000000000e+00 2.792354996890200e-11 1.616233074512627e+00 1.045009786816595e+00 8.098470252687389e-12 0.000000000000000e+00 0.000000000000000e+00 0.000000000000000e+00 0.000000000000000e+00 3.033899381074369e-01 -3.141592653537704e+00 9.999999999966314e-01 -3.141592653537704e+00 0.000000000000000e+00 0.000000000000000e+00 0.000000000000000e+00 0.000000000000000e+00 0.000000000000000e+00 0.000000000000000e+00 0.000000000000000e+00 0.000000000000000e+00 

Operating point
800 1 1 0 -0 -0 0 0 0 0 -0 -0 0 1 2.79235e-11 0 1.61623 1 -0 -0 -0 1 0 0 0 1.04501 0.30339 8.09847e-12 -43.9823 1.04501 0.30339 -40.8407 -3.14159 1.04501 0.30339 -40.8407 -3.14159 1.04501 -40.8407 0.30339 -43.9823 1 0 -3.14159 0 2.79235e-11 1.61623 1.04501 8.09847e-12 0 0 0 0 0.30339 -3.14159 1 -3.14159 0 0 0 0 0 0 0 0 

Transient

***** Element Operating point info:

MultiLayerFilterExp: wg1:exp 
	(Explicit Filtering -- T = 300.15 -- E to E)
	Channel: 0
		 Input: l1:fixed:800
			l1:fixed:800  Carrier Lambda: 800 nm  -- MP vars
				Mode 0
					(fwd: 14,16):  Pow: 1.0000000000e+00 Phi: 0.0000000000e+00  Mag: 1.0000000000e+00 E_f =  1.0000000000e+00 + 0.0000000000e+00i
					(rev: 15,17):  Pow: 7.7972464287e-22 Phi: 1.6162330745e+00  Mag: 2.7923549969e-11 E_f =  -1.2683187832e-12 + 2.7894730870e-11i
								Total Power Fwd: 1 Rev: 7.79725e-22

			Extra
					(rev: 46,47):  Pow: 7.7972464287e-22 Phi: 1.6162330745e+00  Mag: 2.7923549969e-11 E_f =  -1.2683187832e-12 + 2.7894730870e-11i
								Total Power Fwd: 0 Rev: 7.79725e-22

		Interface (0): wg1:exp:c(0):I1(0) T= 300.15 NonLinear
			N1 = 1.1 N2 = 2 (2)T = 300.15
				Tf^2 = 0.915713 Rf^2 = 0.0842872  Tb^2 = 0.915713 Rb^2 = 0.0842872 Tf+Rf = 1 Tb+Rb = 1 
			Rf = -0.290323 	Tf = 0.956929 	Rb = 0.290323 	Tb = 0.956929 

		 Layer (1) Phi= -40.8407 (-3.14159)  Atten = 1 N = 2 V1 = 0 V2 = 0 T = 300.15
			Inter1: wg1:exp:inter1(0):fixed:800 (MP)
			wg1:exp:inter1(0):fixed:800  Carrier Lambda: 800 nm  -- MP vars
				Mode 0
					(fwd: 26,28):  Pow: 1.0920454545e+00 Phi: 8.0984702527e-12  Mag: 1.0450097868e+00 E_f =  1.0450097868e+00 + 8.4629806723e-12i
					(rev: 27,29):  Pow: 9.2045454545e-02 Phi: -4.3982297150e+01  Mag: 3.0338993811e-01 E_f =  3.0338993811e-01 + 2.9150100642e-11i
								Total Power Fwd: 1.09205 Rev: 0.0920455

			Inter2: wg1:exp:inter2(0):fixed:800 (MP)
			wg1:exp:inter2(0):fixed:800  Carrier Lambda: 800 nm  -- MP vars
				Mode 0
					(fwd: 30,32):  Pow: 1.0920454545e+00 Phi: -4.0840704497e+01  Mag: 1.0450097868e+00 E_f =  -1.0450097868e+00 + -5.1150437210e-11i
					(rev: 31,33):  Pow: 9.2045454545e-02 Phi: -3.1415926535e+00  Mag: 3.0338993811e-01 E_f =  -3.0338993811e-01 + -1.5803450306e-11i
								Total Power Fwd: 1.09205 Rev: 0.0920455

			Inter3: wg1:exp:inter3(0):fixed:800 (MP) dt = 1.73453e-14
			wg1:exp:inter3(0):fixed:800  Carrier Lambda: 800 nm  -- MP vars
				Mode 0
					(fwd: 34,36):  Pow: 1.0920454545e+00 Phi: -4.0840704497e+01  Mag: 1.0450097868e+00 E_f =  -1.0450097868e+00 + -5.1150437210e-11i
					(rev: 35,37):  Pow: 9.2045454545e-02 Phi: -3.1415926535e+00  Mag: 3.0338993811e-01 E_f =  -3.0338993811e-01 + -1.5803450306e-11i
								Total Power Fwd: 1.09205 Rev: 0.0920455

			ExtraNodes (MP)
			Delay queues (MP):
				Mode 0
					(fwd: 38,39):  Pow: 1.0920454545e+00 Phi: -4.0840704497e+01  Mag: 1.0450097868e+00 E_f =  -1.0450097868e+00 + -5.1150437210e-11i
					(rev: 40,41):  Pow: 9.2045454545e-02 Phi: -4.3982297150e+01  Mag: 3.0338993811e-01 E_f =  3.0338993811e-01 + 2.9150100642e-11i
								Total Power Fwd: 1.09205 Rev: 0.0920455

			Extra Inter1
				Mode 0
					(fwd: 48,49):  Pow: 1.0920454545e+00 Phi: 8.0984702527e-12  Mag: 1.0450097868e+00 E_f =  1.0450097868e+00 + 8.4629806723e-12i
								Total Power Fwd: 1.09205 Rev: 0

		Interface (1): wg1:exp:c(0):I1(1) T = 300.15 NonLinear
			N1 = 2 (2) N2 = 1.1
				Tf^2 = 0.915713 Rf^2 = 0.0842872  Tb^2 = 0.915713 Rb^2 = 0.0842872 Tf+Rf = 1 Tb+Rb = 1 
			Rf = 0.290323 	Tf = 0.956929 	Rb = -0.290323 	Tb = 0.956929 

		 Output: l2:fixed:800
			l2:fixed:800  Carrier Lambda: 800 nm  -- MP vars
				Mode 0
					(fwd: 42,44):  Pow: 9.9999999999e-01 Phi: -3.1415926535e+00  Mag: 1.0000000000e+00 E_f =  -1.0000000000e+00 + -5.2089566334e-11i
					(rev: 43,45):  Pow: 0.0000000000e+00 Phi: 0.0000000000e+00  Mag: 0.0000000000e+00 E_f =  0.0000000000e+00 + 0.0000000000e+00i
								Total Power Fwd: 1 Rev: 0

			Extra
				Mode 0
					(fwd: 56,57):  Pow: 9.9999999999e-01 Phi: -3.1415926535e+00  Mag: 1.0000000000e+00 E_f =  -1.0000000000e+00 + -5.2089566334e-11i
								Total Power Fwd: 1 Rev: 0

IndSource:                       v1 (V source)
			V: 1.0000000000e+00 I: 0.0000000000e+00 

IndSource:                       v2 (V source)
			V: 0.0000000000e+00 I: 0.0000000000e+00 

Cw_Source: cw1 
	 Channel : 0 -- n1: 18 n2: 20 -- Fixed Lambda
		 Freqshift: 0
			l1:fixed:800  Carrier Lambda: 800 nm  -- MP vars
				Mode 0
					(fwd: 14,16):  Pow: 1.0000000000e+00 Phi: 0.0000000000e+00  Mag: 1.0000000000e+00 E_f =  1.0000000000e+00 + 0.0000000000e+00i
					(rev: 15,17):  Pow: 7.7972464287e-22 Phi: 1.6162330745e+00  Mag: 2.7923549969e-11 E_f =  -1.2683187832e-12 + 2.7894730870e-11i
								Total Power Fwd: 1 Rev: 7.79725e-22

Mirror: mir1
	Channel:0
			l2:fixed:800  Carrier Lambda: 800 nm  -- MP vars
				Mode 0
					(fwd: 42,44):  Pow: 9.9999999999e-01 Phi: -3.1415926535e+00  Mag: 1.0000000000e+00 E_f =  -1.0000000000e+00 + -5.2089566334e-11i
					(rev: 43,45):  Pow: 0.0000000000e+00 Phi: 0.0000000000e+00  Mag: 0.0000000000e+00 E_f =  0.0000000000e+00 + 0.0000000000e+00i
								Total Power Fwd: 1 Rev: 0



***** Node Operating Point Values 
	wg1                           	Port: 1 
	                              	mode: l1:fixed:800 
	                              		dir: FWD
	                              			TE Fields: 1.0000000000e+00 0.0000000000e+00 

	wg1                           	Port: 2 
	                              	mode: l2:fixed:800 
	                              		dir: FWD
	                              			TE Fields: 1.0000000000e+00 -3.1415926535e+00 

	v1                            	Port:     1	V = 1.0000000000e+00
	v1                            	Port:     1	I = 0.0000000000e+00
	v1                            	Port:     2	I = -0.0000000000e+00
	v2                            	Port:     1	V = 0.0000000000e+00
	v2                            	Port:     1	I = 0.0000000000e+00
	v2                            	Port:     2	I = -0.0000000000e+00
	cw1                           	Port:     1	V = 1.0000000000e+00
	cw1                           	Port:     1	I = -0.0000000000e+00
	cw1                           	Port:     2	V = 0.0000000000e+00
	cw1                           	Port:     2	I = -0.0000000000e+00
	cw1                           	Port: 3 
	                              	mode: l1:fixed:800 
	                              		dir: FWD
	                              			TE Fields: 1.0000000000e+00 0.0000000000e+00 
	                              			TM Fields: 0.0000000000e+00 0.0000000000e+00 
	                              		dir: REV
	                              			TE Fields: -1.2683187832e-12 2.7894730870e-11 
	                              			TM Fields: 0.0000000000e+00 0.0000000000e+00 

	wg1                           	Port: 1 
	                              	mode: l1:fixed:800 
	                              		dir: FWD
	                              			TE Fields: 1.0000000000e+00 0.0000000000e+00 
	                              			TM Fields: 0.0000000000e+00 0.0000000000e+00 
	                              		dir: REV
	                              			TE Fields: -1.2683187832e-12 2.7894730870e-11 
	                              			TM Fields: 0.0000000000e+00 0.0000000000e+00 

	wg1                           	Port: 2 
	                              	mode: l2:fixed:800 
	                              		dir: FWD
	                              			TE Fields: -1.0000000000e+00 -5.2089566334e-11 
	                              			TM Fields: 0.0000000000e+00 0.0000000000e+00 
	                              		dir: REV
	                              			TE Fields: 0.0000000000e+00 0.0000000000e+00 
	                              			TM Fields: 0.0000000000e+00 0.0000000000e+00 

	wg1:exp                       	Port: 1 
	                              	mode: l1:fixed:800 
	                              		dir: FWD
	                              			TE Fields: 1.0000000000e+00 0.0000000000e+00 
	                              			TM Fields: 0.0000000000e+00 0.0000000000e+00 
	                              		dir: REV
	                              			TE Fields: -1.2683187832e-12 2.7894730870e-11 
	                              			TM Fields: 0.0000000000e+00 0.0000000000e+00 

	wg1:exp                       	Port: 2 
	                              	mode: l2:fixed:800 
	                              		dir: FWD
	                              			TE Fields: -1.0000000000e+00 -5.2089566334e-11 
	                              			TM Fields: 0.0000000000e+00 0.0000000000e+00 
	                              		dir: REV
	                              			TE Fields: 0.0000000000e+00 0.0000000000e+00 
	                              			TM Fields: 0.0000000000e+00 0.0000000000e+00 

	mir1                          	Port: 1 
	                              	mode: l2:fixed:800 
	                              		dir: FWD
	                              			TE Fields: -1.0000000000e+00 -5.2089566334e-11 
	                              			TM Fields: 0.0000000000e+00 0.0000000000e+00 
	                              		dir: REV
	                              			TE Fields: 0.0000000000e+00 0.0000000000e+00 
	                              			TM Fields: 0.0000000000e+00 0.0000000000e+00 


***** 
	Freeing MNA
Freeing Main Circuit ...
	Freeing Nodes and Elements
Cleaning Main Circuit ...
	Freeing Parsed circuit: 'Main Circuit'
