Running OptiSPICE 5.1 (compiled on: Jan  5 2016 10:28:02) 

Copyright 2015 Optiwave Systems Inc. All rights reserved.

	git commit: 651cbe73905eab5871768bdecbe8d86323447f45 MergeFromStaticBuild

Processing Netlist file: waveguide_op_L2.8_LAM900_Neff2.9_end.sp

************* FILE: "waveguide_op_L2.8_LAM900_Neff2.9_end.sp"  ************

Title "CW Source check "

Osp Jobcontrol Verbosity=DEBUG2

.option ingold=2 DELMAX=.1e-10 ACCURATE=1 RUNLVL=6 NUMDGT=8
.OPTION DCCAP=1 TNOM=27

.param NMODES=1

* Voltage sources
v1 Mag1 0 DC = 1 
v2 Phi1 0 DC = 0 

Osp CWSOURCE   Name=cw1 Nodes = [Mag1 Phi1 l1] MoName = CWmodel lambda = 9.000000e+02
Osp WaveGuide  Name=wg1 Nodes = [l1 l2] MoName=WGmodel
Osp MIRROR     Name=mir1 Nodes = [l2] MoName = Mmodel 

Osp Model Name = Mmodel   type = MIRROR    Ref = 0
Osp Model Name = CWmodel  type = CWSOURCE 
Osp Model Name = WGmodel  type = WaveGuide  Length=2.800000e+00  IncludeTimeDelay=1  neff=[2.900000e+00]  N0=1.1 NF=1.1

% IncludeTimeDelay=1 
%.tran .0001e-9 10e-9 nsolver=BACKE nmaxst=.05n nminst=.05n
.op
	
.Monitor OptFields wg1 Format=MagPhi Port=1 dir=IN  Pol=TE
.Monitor OptFields wg1 Format=MagPhi Port=2 dir=OUT Pol=TE
%.Monitor OptFields wg2 Format=MagPhi Port=2 dir=OUT Pol=TE
.end

************* *************** ************

Options ingold=2 DELMAX=.1e-10 ACCURATE=1 RUNLVL=6 NUMDGT=8 
Options DCCAP=1 TNOM=27 
Param P=[ { NMODES 1 } ] 
INDSOURCE EL_Type=V_SOU Name=v1 Nodes=[ Mag1 0 ] dcMode dcValue=1 
INDSOURCE EL_Type=V_SOU Name=v2 Nodes=[ Phi1 0 ] dcMode dcValue=0 
CWSOURCE Name=cw1 Nodes=[ Mag1 Phi1 l1 ] MoName=CWmodel lambda=9.000000e+02 
WaveGuide Name=wg1 Nodes=[ l1 l2 ] MoName=WGmodel 
MIRROR Name=mir1 Nodes=[ l2 ] MoName=Mmodel 
Model Name=Mmodel type=MIRROR Ref=0 
Model Name=CWmodel type=CWSOURCE 
Model Name=WGmodel type=WaveGuide Length=2.800000e+00 IncludeTimeDelay=1 neff=[ 2.900000e+00 ] N0=1.1 NF=1.1 
Transient OperatingPointOnly OutputOperatingPoint
Monitor Type=OptFields Name=wg1 Format=MagPhi Port=1 dir=IN Pol=TE 
Monitor Type=OptFields Name=wg1 Format=MagPhi Port=2 dir=OUT Pol=TE 
END

Assigning node numbers and stamping


Main Circuit Paras:
	Name=NMODES String=1 Ep = 0x0

Creating: v1

Creating: v2

Creating: cw1
	New Link: l1                                                           Link: 0x7fc7a2600090

Creating: wg1
	New Link: l2                                                           Link: 0x7fc7a2602860

Creating: mir1

Circuit after element assignment

Element hash table
	Key: v1                                                           	val: 	-1572792240
	Key: v2                                                           	val: 	-1572789408
	Key: wg1:exp                                                      	val: 	-1551889408
	Key: mir1                                                         	val: 	-1551885824
	Key: cw1                                                          	val: 	-1568613888
	Key: wg1                                                          	val: 	-1551892480

Delay Element hash table

OptFFT Element hash table

Noise Element hash table

Optical Element hash table
	Key: wg1:exp                                                      	val: 	-1551889408
	Key: mir1                                                         	val: 	-1551885824
	Key: cw1                                                          	val: 	-1568613888
	Key: wg1                                                          	val: 	-1551892480

Source Optical Element hash table
	Key: cw1                                                          	val: 	-1568613888

Elec Init Conditions


Tracing optical sources
	source: cw1 (fixed:900)  -> wg1:exp (1) 
		-- Return Branch:  -> cw1 (1) 

		-- Through Branch:  -> mir1 (1)  -> wg1:exp (1) 


Stamping: v1

Stamping: v2

Stamping: cw1
Created Optical Mode Shape 'Mode:1 n:1 x:5.0000000000000000e+01 y:5.0000000000000000e+01 m:0 n:0 s:5.0000000000000000e+00 1/r:0.0000000000000000e+00 l:9.0000000000000000e+02' (eb090406745e8f4524b8fb9c8e2558fa00c1822a)
Adding Optical Mode:         l1:fixed:900 	      0x7fc7a27000e0

Stamping: wg1
Adding Optical Mode: wg1:exp:inter1(0):fixed:900 	      0x7fc7a2604cb0
Adding Optical Mode: wg1:exp:inter2(0):fixed:900 	      0x7fc7a2604e60
Adding Optical Mode: wg1:exp:inter3(0):fixed:900 	      0x7fc7a2603e50
Adding Optical Mode:         l2:fixed:900 	      0x7fc7a2605c20
Stamping OptScatteringVtoV Instance: wg1:exp:c(0):I1(0)
	E to E: l1:fixed:900 | wg1:exp:inter1(0):fixed:900
	Linear (E to E) Scattering Mode
	NonLinear Scattering Mode
Linear: -56.6883
CreateStampDelay: DELAY Name=wg1:exp:c(0):td(0):c(0):m(0):optmag:delay Del=2.7085404530089946e-14 Gain=1.0000000000000000e+00 Tcoeff=[ 0.0000000000000000e+00 0.0000000000000000e+00 ]
CreateStampDelay: DELAY Name=wg1:exp:c(0):td(0):reverse:c(0):m(0):optmag:delay Del=2.7085404530089946e-14 Gain=1.0000000000000000e+00 Tcoeff=[ 0.0000000000000000e+00 0.0000000000000000e+00 ]
CreateStampDelay: DELAY Name=wg1:exp:c(0):td(0):c(0):m(0):optphi:delay Del=2.7085404530089946e-14 Gain=1.0000000000000000e+00 Tcoeff=[ 0.0000000000000000e+00 0.0000000000000000e+00 ]
CreateStampDelay: DELAY Name=wg1:exp:c(0):td(0):reverse:c(0):m(0):optphi:delay Del=2.7085404530089946e-14 Gain=1.0000000000000000e+00 Tcoeff=[ 0.0000000000000000e+00 0.0000000000000000e+00 ]
Stamping OptScatteringVtoV Instance: wg1:exp:c(0):I1(1)
	E to E: wg1:exp:inter3(0):fixed:900 | l2:fixed:900
	Linear (E to E) Scattering Mode
	NonLinear Scattering Mode

Stamping: mir1

Linking optical elements; 
Pre-processing optical elements; evaluating the Oconn overlap integrals and FSE modes 
Mirror DetModes ... 
		mir1 input 0x7fc7a3800d20 output 0x7fc7a3800d20

Stamping free mode   optical elements; 
Processing Mirror: mir1 Version: 6 Switchable: 1
Adding Optical Mode: mir1:terminal:fixed:900 	      0x7fc7a25045c0
Stamping OptScatteringVtoV Instance: mir1:vtov:c(0)
	E to E: l2:fixed:900 | mir1:terminal:fixed:900
	Linear (E to E) Scattering Mode
	NonLinear Scattering Mode

Post Stamping: cw1:c:0:m(0):optphi:iso

Post Stamping: cw1:c:0:m(0):optmag:iso

Circuit after node assignment

Element hash table (including internal elements)
	Key: cw1:c:0:m(0):optphi:iso                                      	val: 	-1569712272
	Key: mir1:vtov                                                    	val: 	-1560273920
	Key: wg1:exp:c(0):td(0):c(0):m(0):optmag:delay                    	val: 	-1572785136
	Key: wg1:exp:c(0):I1(0)                                           	val: 	-1551833600
	Key: wg1:exp:c(0):td(0):c(0):m(0):optphi:delay                    	val: 	-1572781856
	Key: wg1                                                          	val: 	-1551892480
	Key: wg1:exp:c(0):I1(1)                                           	val: 	-1568477184
	Key: wg1:exp:c(0):td(0):reverse:c(0):m(0):optphi:delay            	val: 	-1572779344
	Key: wg1:exp:c(0):td(0):reverse:c(0):m(0):optmag:delay            	val: 	-1572782880
	Key: mir1:vtov:c(0)                                               	val: 	-1560268800
	Key: v1                                                           	val: 	-1572792240
	Key: v2                                                           	val: 	-1572789408
	Key: wg1:exp                                                      	val: 	-1551889408
	Key: cw1:c:0:m(0):optmag:iso                                      	val: 	-1569714384
	Key: cw1                                                          	val: 	-1568613888
	Key: mir1                                                         	val: 	-1551885824

Node hash table (size: 66)
	Key: wg1:exp:c(0):i1(1):0:fwd:modei:m(0):optmag                   	val: 	56        
	Key: mir1:vtov:c(0):0:fwd:modei:m(0):optphi                       	val: 	65        
	Key: cw1:l1:fixed:900:modei:m(0):optphi                           	val: 	23        
	Key: wg1:exp:c(0):i1(0):0:fwd:modei:m(0):optmag                   	val: 	48        
	Key: wg1:exp:c(0):i1(0):0:rev:modei:m(0):optmag                   	val: 	46        
	Key: mir1:vtov:c(0):0:rev:modei:m(0):optphi                       	val: 	63        
	Key: wg1:exp:c(0):td(0):reverse:c(0):m(0):optmag:delay:i          	val: 	51        
	Key: wg1:exp:inter1(0):fixed:900:fwd:m(0):optphi                  	val: 	28        
	Key: wg1:exp:inter2(0):fixed:900:rev:m(0):optphi                  	val: 	33        
	Key: wg1:exp:c(0):i1(1):0:rev:modei:m(0):optmag                   	val: 	54        
	Key: wg1:exp:revphase(0:0):modei:m(0):optphi                      	val: 	41        
	Key: wg1:exp:inter3(0):fixed:900:rev:m(0):optphi                  	val: 	37        
	Key: l2:fixed:900:rev:m(0):optphi                                 	val: 	45        
	Key: wg1:exp:fwdphase(0:0):modei:m(0):optphi                      	val: 	39        
	Key: wg1:exp:inter2(0):fixed:900:fwd:m(0):optphi                  	val: 	32        
	Key: mir1:terminal:fixed:900:rev:m(0):optmag                      	val: 	59        
	Key: v1:portcurrentnode:0                                         	val: 	3         
	Key: v1:portcurrentnode:1                                         	val: 	5         
	Key: wg1:exp:inter3(0):fixed:900:fwd:m(0):optphi                  	val: 	36        
	Key: l2:fixed:900:fwd:m(0):optphi                                 	val: 	44        
	Key: cw1:c:0:m(0):optphi:iso:i                                    	val: 	25        
	Key: l1:fixed:900:rev:m(0):optphi                                 	val: 	17        
	Key: cw1:channel-fixed:900                                        	val: 	1         
	Key: v2:portcurrentnode:0                                         	val: 	9         
	Key: v2:portcurrentnode:1                                         	val: 	11        
	Key: v1:i                                                         	val: 	7         
	Key: wg1:exp:c(0):td(0):c(0):m(0):optmag:delay:i                  	val: 	50        
	Key: wg1:exp:c(0):td(0):reverse:c(0):m(0):optphi:delay:i          	val: 	53        
	Key: wg1:exp:inter1(0):fixed:900:rev:m(0):optmag                  	val: 	27        
	Key: mir1:terminal:fixed:900:fwd:m(0):optmag                      	val: 	58        
	Key: l1:fixed:900:fwd:m(0):optphi                                 	val: 	16        
	Key: mir1:vtov:c(0):0:fwd:modei:m(0):optmag                       	val: 	64        
	Key: cw1:l1:fixed:900:modei:m(0):optmag                           	val: 	22        
	Key: mir1:vtov:c(0):0:rev:modei:m(0):optmag                       	val: 	62        
	Key: mag1                                                         	val: 	2         
	Key: cw1:portcurrentcurnode:0                                     	val: 	19        
	Key: cw1:portcurrentcurnode:1                                     	val: 	21        
	Key: v1:portcurrentcurnode:0                                      	val: 	4         
	Key: v1:portcurrentcurnode:1                                      	val: 	6         
	Key: wg1:exp:inter1(0):fixed:900:fwd:m(0):optmag                  	val: 	26        
	Key: v2:portcurrentcurnode:0                                      	val: 	10        
	Key: wg1:exp:inter2(0):fixed:900:rev:m(0):optmag                  	val: 	31        
	Key: v2:portcurrentcurnode:1                                      	val: 	12        
	Key: wg1:exp:c(0):i1(0):0:rev:modei:m(0):optphi                   	val: 	47        
	Key: wg1:exp:c(0):i1(0):0:fwd:modei:m(0):optphi                   	val: 	49        
	Key: 0                                                            	val: 	-5        
	Key: l2:fixed:900:rev:m(0):optmag                                 	val: 	43        
	Key: wg1:exp:inter3(0):fixed:900:rev:m(0):optmag                  	val: 	35        
	Key: wg1:exp:revphase(0:0):modei:m(0):optmag                      	val: 	40        
	Key: wg1:exp:c(0):i1(1):0:fwd:modei:m(0):optphi                   	val: 	57        
	Key: wg1:exp:c(0):i1(1):0:rev:modei:m(0):optphi                   	val: 	55        
	Key: wg1:exp:fwdphase(0:0):modei:m(0):optmag                      	val: 	38        
	Key: wg1:exp:inter2(0):fixed:900:fwd:m(0):optmag                  	val: 	30        
	Key: l1:fixed:900:rev:m(0):optmag                                 	val: 	15        
	Key: wg1:exp:inter3(0):fixed:900:fwd:m(0):optmag                  	val: 	34        
	Key: cw1:portcurrentnode:0                                        	val: 	18        
	Key: cw1:portcurrentnode:1                                        	val: 	20        
	Key: l2:fixed:900:fwd:m(0):optmag                                 	val: 	42        
	Key: wg1:exp:c(0):td(0):c(0):m(0):optphi:delay:i                  	val: 	52        
	Key: mir1:terminal:fixed:900:rev:m(0):optphi                      	val: 	61        
	Key: l1:fixed:900:fwd:m(0):optmag                                 	val: 	14        
	Key: cw1:c:0:m(0):optmag:iso:i                                    	val: 	24        
	Key: phi1                                                         	val: 	8         
	Key: v2:i                                                         	val: 	13        
	Key: mir1:terminal:fixed:900:fwd:m(0):optphi                      	val: 	60        
	Key: wg1:exp:inter1(0):fixed:900:rev:m(0):optphi                  	val: 	29        

Node array 
	Key: 0                                                            	val: 	-5         Status: V node
	Key: cw1:channel-fixed:900                                        	val: 	1          Status: V node
	Key: mag1                                                         	val: 	2          Status: V node
	Key: v1:portcurrentnode:0                                         	val: 	3          Status: V node
	Key: v1:portcurrentcurnode:0                                      	val: 	4          Status: I node
	Key: v1:portcurrentnode:1                                         	val: 	5          Status: V node
	Key: v1:portcurrentcurnode:1                                      	val: 	6          Status: I node
	Key: v1:i                                                         	val: 	7          Status: I node
	Key: phi1                                                         	val: 	8          Status: V node
	Key: v2:portcurrentnode:0                                         	val: 	9          Status: V node
	Key: v2:portcurrentcurnode:0                                      	val: 	10         Status: I node
	Key: v2:portcurrentnode:1                                         	val: 	11         Status: V node
	Key: v2:portcurrentcurnode:1                                      	val: 	12         Status: I node
	Key: v2:i                                                         	val: 	13         Status: I node
	Key: l1:fixed:900:fwd:m(0):optmag                                 	val: 	14         Status: O Mag node
	Key: l1:fixed:900:rev:m(0):optmag                                 	val: 	15         Status: O Mag node
	Key: l1:fixed:900:fwd:m(0):optphi                                 	val: 	16         Status: O Pha node (14)
	Key: l1:fixed:900:rev:m(0):optphi                                 	val: 	17         Status: O Pha node (15)
	Key: cw1:portcurrentnode:0                                        	val: 	18         Status: V node
	Key: cw1:portcurrentcurnode:0                                     	val: 	19         Status: I node
	Key: cw1:portcurrentnode:1                                        	val: 	20         Status: V node
	Key: cw1:portcurrentcurnode:1                                     	val: 	21         Status: I node
	Key: cw1:l1:fixed:900:modei:m(0):optmag                           	val: 	22         Status: O Mag node
	Key: cw1:l1:fixed:900:modei:m(0):optphi                           	val: 	23         Status: O Pha node (22)
	Key: cw1:c:0:m(0):optmag:iso:i                                    	val: 	24         Status: I node
	Key: cw1:c:0:m(0):optphi:iso:i                                    	val: 	25         Status: I node
	Key: wg1:exp:inter1(0):fixed:900:fwd:m(0):optmag                  	val: 	26         Status: O Mag node
	Key: wg1:exp:inter1(0):fixed:900:rev:m(0):optmag                  	val: 	27         Status: O Mag node
	Key: wg1:exp:inter1(0):fixed:900:fwd:m(0):optphi                  	val: 	28         Status: O Pha node (26)
	Key: wg1:exp:inter1(0):fixed:900:rev:m(0):optphi                  	val: 	29         Status: O Pha node (27)
	Key: wg1:exp:inter2(0):fixed:900:fwd:m(0):optmag                  	val: 	30         Status: O Mag node
	Key: wg1:exp:inter2(0):fixed:900:rev:m(0):optmag                  	val: 	31         Status: O Mag node
	Key: wg1:exp:inter2(0):fixed:900:fwd:m(0):optphi                  	val: 	32         Status: O Pha node (30)
	Key: wg1:exp:inter2(0):fixed:900:rev:m(0):optphi                  	val: 	33         Status: O Pha node (31)
	Key: wg1:exp:inter3(0):fixed:900:fwd:m(0):optmag                  	val: 	34         Status: O Mag node
	Key: wg1:exp:inter3(0):fixed:900:rev:m(0):optmag                  	val: 	35         Status: O Mag node
	Key: wg1:exp:inter3(0):fixed:900:fwd:m(0):optphi                  	val: 	36         Status: O Pha node (34)
	Key: wg1:exp:inter3(0):fixed:900:rev:m(0):optphi                  	val: 	37         Status: O Pha node (35)
	Key: wg1:exp:fwdphase(0:0):modei:m(0):optmag                      	val: 	38         Status: O Mag node
	Key: wg1:exp:fwdphase(0:0):modei:m(0):optphi                      	val: 	39         Status: O Pha node (38)
	Key: wg1:exp:revphase(0:0):modei:m(0):optmag                      	val: 	40         Status: O Mag node
	Key: wg1:exp:revphase(0:0):modei:m(0):optphi                      	val: 	41         Status: O Pha node (40)
	Key: l2:fixed:900:fwd:m(0):optmag                                 	val: 	42         Status: O Mag node
	Key: l2:fixed:900:rev:m(0):optmag                                 	val: 	43         Status: O Mag node
	Key: l2:fixed:900:fwd:m(0):optphi                                 	val: 	44         Status: O Pha node (42)
	Key: l2:fixed:900:rev:m(0):optphi                                 	val: 	45         Status: O Pha node (43)
	Key: wg1:exp:c(0):i1(0):0:rev:modei:m(0):optmag                   	val: 	46         Status: O Mag node
	Key: wg1:exp:c(0):i1(0):0:rev:modei:m(0):optphi                   	val: 	47         Status: O Pha node (46)
	Key: wg1:exp:c(0):i1(0):0:fwd:modei:m(0):optmag                   	val: 	48         Status: O Mag node
	Key: wg1:exp:c(0):i1(0):0:fwd:modei:m(0):optphi                   	val: 	49         Status: O Pha node (48)
	Key: wg1:exp:c(0):td(0):c(0):m(0):optmag:delay:i                  	val: 	50         Status: I node
	Key: wg1:exp:c(0):td(0):reverse:c(0):m(0):optmag:delay:i          	val: 	51         Status: I node
	Key: wg1:exp:c(0):td(0):c(0):m(0):optphi:delay:i                  	val: 	52         Status: I node
	Key: wg1:exp:c(0):td(0):reverse:c(0):m(0):optphi:delay:i          	val: 	53         Status: I node
	Key: wg1:exp:c(0):i1(1):0:rev:modei:m(0):optmag                   	val: 	54         Status: O Mag node
	Key: wg1:exp:c(0):i1(1):0:rev:modei:m(0):optphi                   	val: 	55         Status: O Pha node (54)
	Key: wg1:exp:c(0):i1(1):0:fwd:modei:m(0):optmag                   	val: 	56         Status: O Mag node
	Key: wg1:exp:c(0):i1(1):0:fwd:modei:m(0):optphi                   	val: 	57         Status: O Pha node (56)
	Key: mir1:terminal:fixed:900:fwd:m(0):optmag                      	val: 	58         Status: O Mag node
	Key: mir1:terminal:fixed:900:rev:m(0):optmag                      	val: 	59         Status: O Mag node
	Key: mir1:terminal:fixed:900:fwd:m(0):optphi                      	val: 	60         Status: O Pha node (58)
	Key: mir1:terminal:fixed:900:rev:m(0):optphi                      	val: 	61         Status: O Pha node (59)
	Key: mir1:vtov:c(0):0:rev:modei:m(0):optmag                       	val: 	62         Status: O Mag node
	Key: mir1:vtov:c(0):0:rev:modei:m(0):optphi                       	val: 	63         Status: O Pha node (62)
	Key: mir1:vtov:c(0):0:fwd:modei:m(0):optmag                       	val: 	64         Status: O Mag node
	Key: mir1:vtov:c(0):0:fwd:modei:m(0):optphi                       	val: 	65         Status: O Pha node (64)

Optical Node hash table
	wg1:exp:inter1(0):fixed:900
		aliases: wg1:exp:inter1(0) -- wg1:exp:inter1(0) -- 
	l1:fixed:900
		aliases: l1 -- l1 -- l1 -- 
	wg1:exp:inter2(0):fixed:900
		aliases: wg1:exp:inter2(0) -- wg1:exp:inter2(0) -- 
	wg1:exp:inter3(0):fixed:900
		aliases: wg1:exp:inter3(0) -- wg1:exp:inter3(0) -- 
	l2:fixed:900
		aliases: l2 -- l2 -- l2 -- l2 -- 
	mir1:terminal:fixed:900
		aliases: mir1:terminal -- mir1:terminal -- 

Optical ModeShape hash table
	Key: eb090406745e8f4524b8fb9c8e2558fa00c1822a                     	val: 	-1570749200

Optical Link hash table
	Key: l1                                                           l1                                                          	val: 	0x7fc7a2600090 
			E1: 	0x7fc7a280da00 - cw1                                      	E2: 	0x7fc7a3800c00 - wg1:exp                                 
	Key: l2                                                           l2                                                          	val: 	0x7fc7a2602860 
			E1: 	0x7fc7a3800c00 - wg1:exp                                  	E2: 	0x7fc7a3801a00 - mir1                                    

Source Optical Channel hash table
	Key: fixed:900                                                    	lambda: 	900        dPhi_dt: 	0x7fc7a280e230 *dPhi_dt: 	0         

Optical Matrices hash table

Optical FSE Matrices hash table

Monitor Statements
	Name:                            wg1 Type:       OptFields Port:     1 Node Num:      0
	Name:                            wg1 Type:       OptFields Port:     2 Node Num:      0
	Name:                             v1 Type:               V Port:     1 Node Num:      2
	Name:                             v1 Type:               I Port:     1 Node Num:      0
	Name:                             v1 Type:               I Port:     2 Node Num:      0
	Name:                             v2 Type:               V Port:     1 Node Num:      8
	Name:                             v2 Type:               I Port:     1 Node Num:      0
	Name:                             v2 Type:               I Port:     2 Node Num:      0
	Name:                            cw1 Type:               V Port:     1 Node Num:      2
	Name:                            cw1 Type:               I Port:     1 Node Num:      0
	Name:                            cw1 Type:               V Port:     2 Node Num:      8
	Name:                            cw1 Type:               I Port:     2 Node Num:      0
	Name:                            cw1 Type:       OptFields Port:     3 Node Num:      0
	Name:                            wg1 Type:       OptFields Port:     1 Node Num:      0
	Name:                            wg1 Type:       OptFields Port:     2 Node Num:      0
	Name:                        wg1:exp Type:       OptFields Port:     1 Node Num:      0
	Name:                        wg1:exp Type:       OptFields Port:     2 Node Num:      0
	Name:                           mir1 Type:       OptFields Port:     1 Node Num:      0

Current Monitor Statements
	Key: v2:Port-2                                                    	port: 	2          	num: 	12        
	Key: v1:Port-1                                                    	port: 	1          	num: 	4         
	Key: v1:Port-2                                                    	port: 	2          	num: 	6         
	Key: cw1:Port-1                                                   	port: 	1          	num: 	19        
	Key: v2:Port-1                                                    	port: 	1          	num: 	10        
	Key: cw1:Port-2                                                   	port: 	2          	num: 	21        

Sub-circuits


Transient Simulation Started
tscaling: 1
abstol: 1e-08 reltol: 1e-06 c_abstol: 1e-15 c_reltol: 1e-06
DC Simulation Started
DC Linear Initial Guess
DC simulations:
	DC var: 0.000000000000e+00
		Elec pass (T ind):
		DC iterations =  2 (extra -1). Cond 0.203137
			Total num iter: 2
		Elec pass (T dep). Evars Optical:
		DC iterations =  1 (extra -1). Cond 0.203137
			Total num iter: 3

***** Element Operating point info:

MultiLayerFilterExp: wg1:exp 
	(Explicit Filtering -- T = 300.15 -- E to E)
	Channel: 0
		 Input: l1:fixed:900
			l1:fixed:900 			Carrier Lambda: 900 nm --- E vars
				Mode 0
					(fwd: 14,16):  Pow: 1.0000000000e+00 Phi: 0.0000000000e+00  Mag: 1.0000000000e+00 E_f =  1.0000000000e+00 + 0.0000000000e+00i
					(rev: 15,17):  Pow: 2.4074155563e-02 Phi: -1.7796196977e+00  Mag: 1.5515848531e-01 E_f =  -3.2165746741e-02 + -1.5178774753e-01i
								Total Power Fwd: 1 Rev: 0.0240742

			Extra
					(rev: 46,47):  Pow: 2.4074155563e-02 Phi: -1.7796196977e+00  Mag: 1.5515848531e-01 E_f =  -3.2165746741e-02 + -1.5178774753e-01i
								Total Power Fwd: 0 Rev: 0.0240742

		Interface (0): wg1:exp:c(0):I1(0) T= 300.15 NonLinear
			N1 = 1.1 N2 = 2.9 (2.9)T = 300.15
				Tf^2 = 0.7975 Rf^2 = 0.2025  Tb^2 = 0.7975 Rb^2 = 0.2025 Tf+Rf = 1 Tb+Rb = 1 
			Rf = -0.45 	Tf = 0.893029 	Rb = 0.45 	Tb = 0.893029 

		 Layer (1) Phi= -56.6883 (-0.139626)  Atten = 1 N = 2.9 V1 = 0 V2 = 0 T = 300.15
			Inter1: wg1:exp:inter1(0):fixed:900 (Es)
			wg1:exp:inter1(0):fixed:900 			Carrier Lambda: 900 nm --- E vars
				Mode 0
					(fwd: 26,28):  Pow: 1.2237314664e+00 Phi: -6.9197030771e-02  Mag: 1.1062239675e+00 E_f =  1.1035765973e+00 + -7.6486340787e-02i
					(rev: 27,29):  Pow: 2.4780562194e-01 Phi: -3.4844971109e-01  Mag: 4.9780078539e-01 E_f =  4.6788453844e-01 + -1.6996964619e-01i
								Total Power Fwd: 1.22373 Rev: 0.247806

			Inter2: wg1:exp:inter2(0):fixed:900 (Es)
			wg1:exp:inter2(0):fixed:900 			Carrier Lambda: 900 nm --- E vars
				Mode 0
					(fwd: 30,32):  Pow: 1.2237314664e+00 Phi: -2.0882337093e-01  Mag: 1.1062239675e+00 E_f =  1.0821918245e+00 + -2.2933015817e-01i
					(rev: 31,33):  Pow: 2.4780562194e-01 Phi: -2.0882337093e-01  Mag: 4.9780078539e-01 E_f =  4.8698632101e-01 + -1.0319857117e-01i
								Total Power Fwd: 1.22373 Rev: 0.247806

			Inter3: wg1:exp:inter3(0):fixed:900 (Es) dt = 2.70854e-14
			wg1:exp:inter3(0):fixed:900 			Carrier Lambda: 900 nm --- E vars
				Mode 0
					(fwd: 34,36):  Pow: 1.2237314664e+00 Phi: -2.0882337093e-01  Mag: 1.1062239675e+00 E_f =  1.0821918245e+00 + -2.2933015817e-01i
					(rev: 35,37):  Pow: 2.4780562194e-01 Phi: -2.0882337093e-01  Mag: 4.9780078539e-01 E_f =  4.8698632101e-01 + -1.0319857117e-01i
								Total Power Fwd: 1.22373 Rev: 0.247806

			ExtraNodes (Es)
			Delay queues (Es):
				Mode 0
					(fwd: 38,39):  Pow: 1.2237314664e+00 Phi: -2.0882337093e-01  Mag: 1.1062239675e+00 E_f =  1.0821918245e+00 + -2.2933015817e-01i
					(rev: 40,41):  Pow: 2.4780562194e-01 Phi: -3.4844971109e-01  Mag: 4.9780078539e-01 E_f =  4.6788453844e-01 + -1.6996964619e-01i
								Total Power Fwd: 1.22373 Rev: 0.247806

			Extra Inter1
				Mode 0
					(fwd: 48,49):  Pow: 1.2237314664e+00 Phi: -6.9197030771e-02  Mag: 1.1062239675e+00 E_f =  1.1035765973e+00 + -7.6486340787e-02i
								Total Power Fwd: 1.22373 Rev: 0

		Interface (1): wg1:exp:c(0):I1(1) T = 300.15 NonLinear
			N1 = 2.9 (2.9) N2 = 1.1
				Tf^2 = 0.7975 Rf^2 = 0.2025  Tb^2 = 0.7975 Rb^2 = 0.2025 Tf+Rf = 1 Tb+Rb = 1 
			Rf = 0.45 	Tf = 0.893029 	Rb = -0.45 	Tb = 0.893029 

		 Output: l2:fixed:900
			l2:fixed:900 			Carrier Lambda: 900 nm --- E vars
				Mode 0
					(fwd: 42,44):  Pow: 9.7592584443e-01 Phi: -2.0882337093e-01  Mag: 9.8788959121e-01 E_f =  9.6642820120e-01 + -2.0479837976e-01i
					(rev: 43,45):  Pow: 0.0000000000e+00 Phi: 0.0000000000e+00  Mag: 0.0000000000e+00 E_f =  0.0000000000e+00 + 0.0000000000e+00i
								Total Power Fwd: 0.975926 Rev: 0

			Extra
				Mode 0
					(fwd: 56,57):  Pow: 9.7592584443e-01 Phi: -2.0882337093e-01  Mag: 9.8788959121e-01 E_f =  9.6642820120e-01 + -2.0479837976e-01i
								Total Power Fwd: 0.975926 Rev: 0

IndSource:                       v1 (V source)
			V: 1.0000000000e+00 I: 0.0000000000e+00 

IndSource:                       v2 (V source)
			V: 0.0000000000e+00 I: 0.0000000000e+00 

Cw_Source: cw1 
	 Channel : 0 -- n1: 18 n2: 20 -- Fixed Lambda
		 Freqshift: 0
			l1:fixed:900 			Carrier Lambda: 900 nm --- E vars
				Mode 0
					(fwd: 14,16):  Pow: 1.0000000000e+00 Phi: 0.0000000000e+00  Mag: 1.0000000000e+00 E_f =  1.0000000000e+00 + 0.0000000000e+00i
					(rev: 15,17):  Pow: 2.4074155563e-02 Phi: -1.7796196977e+00  Mag: 1.5515848531e-01 E_f =  -3.2165746741e-02 + -1.5178774753e-01i
								Total Power Fwd: 1 Rev: 0.0240742

Mirror: mir1
	Channel:0
			l2:fixed:900 			Carrier Lambda: 900 nm --- E vars
				Mode 0
					(fwd: 42,44):  Pow: 9.7592584443e-01 Phi: -2.0882337093e-01  Mag: 9.8788959121e-01 E_f =  9.6642820120e-01 + -2.0479837976e-01i
					(rev: 43,45):  Pow: 0.0000000000e+00 Phi: 0.0000000000e+00  Mag: 0.0000000000e+00 E_f =  0.0000000000e+00 + 0.0000000000e+00i
								Total Power Fwd: 0.975926 Rev: 0



***** Node Operating Point Values 
	wg1                           	Port: 1 
	                              	mode: l1:fixed:900 
	                              		dir: FWD
	                              			TE Fields: 1.0000000000e+00 0.0000000000e+00 

	wg1                           	Port: 2 
	                              	mode: l2:fixed:900 
	                              		dir: FWD
	                              			TE Fields: 9.8788959121e-01 -2.0882337093e-01 

	v1                            	Port:     1	V = 1.0000000000e+00
	v1                            	Port:     1	I = 0.0000000000e+00
	v1                            	Port:     2	I = -0.0000000000e+00
	v2                            	Port:     1	V = 0.0000000000e+00
	v2                            	Port:     1	I = 0.0000000000e+00
	v2                            	Port:     2	I = -0.0000000000e+00
	cw1                           	Port:     1	V = 1.0000000000e+00
	cw1                           	Port:     1	I = -0.0000000000e+00
	cw1                           	Port:     2	V = 0.0000000000e+00
	cw1                           	Port:     2	I = -0.0000000000e+00
	cw1                           	Port: 3 
	                              	mode: l1:fixed:900 
	                              		dir: FWD
	                              			TE Fields: 1.0000000000e+00 0.0000000000e+00 
	                              			TM Fields: 0.0000000000e+00 0.0000000000e+00 
	                              		dir: REV
	                              			TE Fields: -3.2165746741e-02 -1.5178774753e-01 
	                              			TM Fields: 0.0000000000e+00 0.0000000000e+00 

	wg1                           	Port: 1 
	                              	mode: l1:fixed:900 
	                              		dir: FWD
	                              			TE Fields: 1.0000000000e+00 0.0000000000e+00 
	                              			TM Fields: 0.0000000000e+00 0.0000000000e+00 
	                              		dir: REV
	                              			TE Fields: -3.2165746741e-02 -1.5178774753e-01 
	                              			TM Fields: 0.0000000000e+00 0.0000000000e+00 

	wg1                           	Port: 2 
	                              	mode: l2:fixed:900 
	                              		dir: FWD
	                              			TE Fields: 9.6642820120e-01 -2.0479837976e-01 
	                              			TM Fields: 0.0000000000e+00 0.0000000000e+00 
	                              		dir: REV
	                              			TE Fields: 0.0000000000e+00 0.0000000000e+00 
	                              			TM Fields: 0.0000000000e+00 0.0000000000e+00 

	wg1:exp                       	Port: 1 
	                              	mode: l1:fixed:900 
	                              		dir: FWD
	                              			TE Fields: 1.0000000000e+00 0.0000000000e+00 
	                              			TM Fields: 0.0000000000e+00 0.0000000000e+00 
	                              		dir: REV
	                              			TE Fields: -3.2165746741e-02 -1.5178774753e-01 
	                              			TM Fields: 0.0000000000e+00 0.0000000000e+00 

	wg1:exp                       	Port: 2 
	                              	mode: l2:fixed:900 
	                              		dir: FWD
	                              			TE Fields: 9.6642820120e-01 -2.0479837976e-01 
	                              			TM Fields: 0.0000000000e+00 0.0000000000e+00 
	                              		dir: REV
	                              			TE Fields: 0.0000000000e+00 0.0000000000e+00 
	                              			TM Fields: 0.0000000000e+00 0.0000000000e+00 

	mir1                          	Port: 1 
	                              	mode: l2:fixed:900 
	                              		dir: FWD
	                              			TE Fields: 9.6642820120e-01 -2.0479837976e-01 
	                              			TM Fields: 0.0000000000e+00 0.0000000000e+00 
	                              		dir: REV
	                              			TE Fields: 0.0000000000e+00 0.0000000000e+00 
	                              			TM Fields: 0.0000000000e+00 0.0000000000e+00 


***** 
		Final Evars non-Linear Scatter pass:

***** Element Operating point info:

MultiLayerFilterExp: wg1:exp 
	(Explicit Filtering -- T = 300.15 -- E to E)
	Channel: 0
		 Input: l1:fixed:900
			l1:fixed:900 			Carrier Lambda: 900 nm --- E vars
				Mode 0
					(fwd: 14,16):  Pow: 1.0000000000e+00 Phi: 0.0000000000e+00  Mag: 1.0000000000e+00 E_f =  1.0000000000e+00 + 0.0000000000e+00i
					(rev: 15,17):  Pow: 2.4074155563e-02 Phi: -1.7796196977e+00  Mag: 1.5515848531e-01 E_f =  -3.2165746741e-02 + -1.5178774753e-01i
								Total Power Fwd: 1 Rev: 0.0240742

			Extra
					(rev: 46,47):  Pow: 2.4074155563e-02 Phi: -1.7796196977e+00  Mag: 1.5515848531e-01 E_f =  -3.2165746741e-02 + -1.5178774753e-01i
								Total Power Fwd: 0 Rev: 0.0240742

		Interface (0): wg1:exp:c(0):I1(0) T= 300.15 NonLinear
			N1 = 1.1 N2 = 2.9 (2.9)T = 300.15
				Tf^2 = 0.7975 Rf^2 = 0.2025  Tb^2 = 0.7975 Rb^2 = 0.2025 Tf+Rf = 1 Tb+Rb = 1 
			Rf = -0.45 	Tf = 0.893029 	Rb = 0.45 	Tb = 0.893029 

		 Layer (1) Phi= -56.6883 (-0.139626)  Atten = 1 N = 2.9 V1 = 0 V2 = 0 T = 300.15
			Inter1: wg1:exp:inter1(0):fixed:900 (Es)
			wg1:exp:inter1(0):fixed:900 			Carrier Lambda: 900 nm --- E vars
				Mode 0
					(fwd: 26,28):  Pow: 1.2237314664e+00 Phi: -6.9197030771e-02  Mag: 1.1062239675e+00 E_f =  1.1035765973e+00 + -7.6486340787e-02i
					(rev: 27,29):  Pow: 2.4780562194e-01 Phi: -3.4844971109e-01  Mag: 4.9780078539e-01 E_f =  4.6788453844e-01 + -1.6996964619e-01i
								Total Power Fwd: 1.22373 Rev: 0.247806

			Inter2: wg1:exp:inter2(0):fixed:900 (Es)
			wg1:exp:inter2(0):fixed:900 			Carrier Lambda: 900 nm --- E vars
				Mode 0
					(fwd: 30,32):  Pow: 1.2237314664e+00 Phi: -2.0882337093e-01  Mag: 1.1062239675e+00 E_f =  1.0821918245e+00 + -2.2933015817e-01i
					(rev: 31,33):  Pow: 2.4780562194e-01 Phi: -2.0882337093e-01  Mag: 4.9780078539e-01 E_f =  4.8698632101e-01 + -1.0319857117e-01i
								Total Power Fwd: 1.22373 Rev: 0.247806

			Inter3: wg1:exp:inter3(0):fixed:900 (Es) dt = 2.70854e-14
			wg1:exp:inter3(0):fixed:900 			Carrier Lambda: 900 nm --- E vars
				Mode 0
					(fwd: 34,36):  Pow: 1.2237314664e+00 Phi: -2.0882337093e-01  Mag: 1.1062239675e+00 E_f =  1.0821918245e+00 + -2.2933015817e-01i
					(rev: 35,37):  Pow: 2.4780562194e-01 Phi: -2.0882337093e-01  Mag: 4.9780078539e-01 E_f =  4.8698632101e-01 + -1.0319857117e-01i
								Total Power Fwd: 1.22373 Rev: 0.247806

			ExtraNodes (Es)
			Delay queues (Es):
				Mode 0
					(fwd: 38,39):  Pow: 1.2237314664e+00 Phi: -2.0882337093e-01  Mag: 1.1062239675e+00 E_f =  1.0821918245e+00 + -2.2933015817e-01i
					(rev: 40,41):  Pow: 2.4780562194e-01 Phi: -3.4844971109e-01  Mag: 4.9780078539e-01 E_f =  4.6788453844e-01 + -1.6996964619e-01i
								Total Power Fwd: 1.22373 Rev: 0.247806

			Extra Inter1
				Mode 0
					(fwd: 48,49):  Pow: 1.2237314664e+00 Phi: -6.9197030771e-02  Mag: 1.1062239675e+00 E_f =  1.1035765973e+00 + -7.6486340787e-02i
								Total Power Fwd: 1.22373 Rev: 0

		Interface (1): wg1:exp:c(0):I1(1) T = 300.15 NonLinear
			N1 = 2.9 (2.9) N2 = 1.1
				Tf^2 = 0.7975 Rf^2 = 0.2025  Tb^2 = 0.7975 Rb^2 = 0.2025 Tf+Rf = 1 Tb+Rb = 1 
			Rf = 0.45 	Tf = 0.893029 	Rb = -0.45 	Tb = 0.893029 

		 Output: l2:fixed:900
			l2:fixed:900 			Carrier Lambda: 900 nm --- E vars
				Mode 0
					(fwd: 42,44):  Pow: 9.7592584443e-01 Phi: -2.0882337093e-01  Mag: 9.8788959121e-01 E_f =  9.6642820120e-01 + -2.0479837976e-01i
					(rev: 43,45):  Pow: 0.0000000000e+00 Phi: 0.0000000000e+00  Mag: 0.0000000000e+00 E_f =  0.0000000000e+00 + 0.0000000000e+00i
								Total Power Fwd: 0.975926 Rev: 0

			Extra
				Mode 0
					(fwd: 56,57):  Pow: 9.7592584443e-01 Phi: -2.0882337093e-01  Mag: 9.8788959121e-01 E_f =  9.6642820120e-01 + -2.0479837976e-01i
								Total Power Fwd: 0.975926 Rev: 0

IndSource:                       v1 (V source)
			V: 1.0000000000e+00 I: 0.0000000000e+00 

IndSource:                       v2 (V source)
			V: 0.0000000000e+00 I: 0.0000000000e+00 

Cw_Source: cw1 
	 Channel : 0 -- n1: 18 n2: 20 -- Fixed Lambda
		 Freqshift: 0
			l1:fixed:900 			Carrier Lambda: 900 nm --- E vars
				Mode 0
					(fwd: 14,16):  Pow: 1.0000000000e+00 Phi: 0.0000000000e+00  Mag: 1.0000000000e+00 E_f =  1.0000000000e+00 + 0.0000000000e+00i
					(rev: 15,17):  Pow: 2.4074155563e-02 Phi: -1.7796196977e+00  Mag: 1.5515848531e-01 E_f =  -3.2165746741e-02 + -1.5178774753e-01i
								Total Power Fwd: 1 Rev: 0.0240742

Mirror: mir1
	Channel:0
			l2:fixed:900 			Carrier Lambda: 900 nm --- E vars
				Mode 0
					(fwd: 42,44):  Pow: 9.7592584443e-01 Phi: -2.0882337093e-01  Mag: 9.8788959121e-01 E_f =  9.6642820120e-01 + -2.0479837976e-01i
					(rev: 43,45):  Pow: 0.0000000000e+00 Phi: 0.0000000000e+00  Mag: 0.0000000000e+00 E_f =  0.0000000000e+00 + 0.0000000000e+00i
								Total Power Fwd: 0.975926 Rev: 0



***** Node Operating Point Values 
	wg1                           	Port: 1 
	                              	mode: l1:fixed:900 
	                              		dir: FWD
	                              			TE Fields: 1.0000000000e+00 0.0000000000e+00 

	wg1                           	Port: 2 
	                              	mode: l2:fixed:900 
	                              		dir: FWD
	                              			TE Fields: 9.8788959121e-01 -2.0882337093e-01 

	v1                            	Port:     1	V = 1.0000000000e+00
	v1                            	Port:     1	I = 0.0000000000e+00
	v1                            	Port:     2	I = -0.0000000000e+00
	v2                            	Port:     1	V = 0.0000000000e+00
	v2                            	Port:     1	I = 0.0000000000e+00
	v2                            	Port:     2	I = -0.0000000000e+00
	cw1                           	Port:     1	V = 1.0000000000e+00
	cw1                           	Port:     1	I = -0.0000000000e+00
	cw1                           	Port:     2	V = 0.0000000000e+00
	cw1                           	Port:     2	I = -0.0000000000e+00
	cw1                           	Port: 3 
	                              	mode: l1:fixed:900 
	                              		dir: FWD
	                              			TE Fields: 1.0000000000e+00 0.0000000000e+00 
	                              			TM Fields: 0.0000000000e+00 0.0000000000e+00 
	                              		dir: REV
	                              			TE Fields: -3.2165746741e-02 -1.5178774753e-01 
	                              			TM Fields: 0.0000000000e+00 0.0000000000e+00 

	wg1                           	Port: 1 
	                              	mode: l1:fixed:900 
	                              		dir: FWD
	                              			TE Fields: 1.0000000000e+00 0.0000000000e+00 
	                              			TM Fields: 0.0000000000e+00 0.0000000000e+00 
	                              		dir: REV
	                              			TE Fields: -3.2165746741e-02 -1.5178774753e-01 
	                              			TM Fields: 0.0000000000e+00 0.0000000000e+00 

	wg1                           	Port: 2 
	                              	mode: l2:fixed:900 
	                              		dir: FWD
	                              			TE Fields: 9.6642820120e-01 -2.0479837976e-01 
	                              			TM Fields: 0.0000000000e+00 0.0000000000e+00 
	                              		dir: REV
	                              			TE Fields: 0.0000000000e+00 0.0000000000e+00 
	                              			TM Fields: 0.0000000000e+00 0.0000000000e+00 

	wg1:exp                       	Port: 1 
	                              	mode: l1:fixed:900 
	                              		dir: FWD
	                              			TE Fields: 1.0000000000e+00 0.0000000000e+00 
	                              			TM Fields: 0.0000000000e+00 0.0000000000e+00 
	                              		dir: REV
	                              			TE Fields: -3.2165746741e-02 -1.5178774753e-01 
	                              			TM Fields: 0.0000000000e+00 0.0000000000e+00 

	wg1:exp                       	Port: 2 
	                              	mode: l2:fixed:900 
	                              		dir: FWD
	                              			TE Fields: 9.6642820120e-01 -2.0479837976e-01 
	                              			TM Fields: 0.0000000000e+00 0.0000000000e+00 
	                              		dir: REV
	                              			TE Fields: 0.0000000000e+00 0.0000000000e+00 
	                              			TM Fields: 0.0000000000e+00 0.0000000000e+00 

	mir1                          	Port: 1 
	                              	mode: l2:fixed:900 
	                              		dir: FWD
	                              			TE Fields: 9.6642820120e-01 -2.0479837976e-01 
	                              			TM Fields: 0.0000000000e+00 0.0000000000e+00 
	                              		dir: REV
	                              			TE Fields: 0.0000000000e+00 0.0000000000e+00 
	                              			TM Fields: 0.0000000000e+00 0.0000000000e+00 


***** 
		DC iterations =  2 (extra -1). Cond 0.203137
			Total num iter: 5
		Final pass (forced MPtotMP):
Before:

***** Element Operating point info:

MultiLayerFilterExp: wg1:exp 
	(Explicit Filtering -- T = 300.15 -- E to E)
	Channel: 0
		 Input: l1:fixed:900
			l1:fixed:900 			Carrier Lambda: 900 nm --- E vars
				Mode 0
					(fwd: 14,16):  Pow: 1.0000000000e+00 Phi: 0.0000000000e+00  Mag: 1.0000000000e+00 E_f =  1.0000000000e+00 + 0.0000000000e+00i
					(rev: 15,17):  Pow: 2.4074155563e-02 Phi: -1.7796196977e+00  Mag: 1.5515848531e-01 E_f =  -3.2165746741e-02 + -1.5178774753e-01i
								Total Power Fwd: 1 Rev: 0.0240742

			Extra
					(rev: 46,47):  Pow: 2.4074155563e-02 Phi: -1.7796196977e+00  Mag: 1.5515848531e-01 E_f =  -3.2165746741e-02 + -1.5178774753e-01i
								Total Power Fwd: 0 Rev: 0.0240742

		Interface (0): wg1:exp:c(0):I1(0) T= 300.15 NonLinear
			N1 = 1.1 N2 = 2.9 (2.9)T = 300.15
				Tf^2 = 0.7975 Rf^2 = 0.2025  Tb^2 = 0.7975 Rb^2 = 0.2025 Tf+Rf = 1 Tb+Rb = 1 
			Rf = -0.45 	Tf = 0.893029 	Rb = 0.45 	Tb = 0.893029 

		 Layer (1) Phi= -56.6883 (-0.139626)  Atten = 1 N = 2.9 V1 = 0 V2 = 0 T = 300.15
			Inter1: wg1:exp:inter1(0):fixed:900 (Es)
			wg1:exp:inter1(0):fixed:900 			Carrier Lambda: 900 nm --- E vars
				Mode 0
					(fwd: 26,28):  Pow: 1.2237314664e+00 Phi: -6.9197030771e-02  Mag: 1.1062239675e+00 E_f =  1.1035765973e+00 + -7.6486340787e-02i
					(rev: 27,29):  Pow: 2.4780562194e-01 Phi: -3.4844971109e-01  Mag: 4.9780078539e-01 E_f =  4.6788453844e-01 + -1.6996964619e-01i
								Total Power Fwd: 1.22373 Rev: 0.247806

			Inter2: wg1:exp:inter2(0):fixed:900 (Es)
			wg1:exp:inter2(0):fixed:900 			Carrier Lambda: 900 nm --- E vars
				Mode 0
					(fwd: 30,32):  Pow: 1.2237314664e+00 Phi: -2.0882337093e-01  Mag: 1.1062239675e+00 E_f =  1.0821918245e+00 + -2.2933015817e-01i
					(rev: 31,33):  Pow: 2.4780562194e-01 Phi: -2.0882337093e-01  Mag: 4.9780078539e-01 E_f =  4.8698632101e-01 + -1.0319857117e-01i
								Total Power Fwd: 1.22373 Rev: 0.247806

			Inter3: wg1:exp:inter3(0):fixed:900 (Es) dt = 2.70854e-14
			wg1:exp:inter3(0):fixed:900 			Carrier Lambda: 900 nm --- E vars
				Mode 0
					(fwd: 34,36):  Pow: 1.2237314664e+00 Phi: -2.0882337093e-01  Mag: 1.1062239675e+00 E_f =  1.0821918245e+00 + -2.2933015817e-01i
					(rev: 35,37):  Pow: 2.4780562194e-01 Phi: -2.0882337093e-01  Mag: 4.9780078539e-01 E_f =  4.8698632101e-01 + -1.0319857117e-01i
								Total Power Fwd: 1.22373 Rev: 0.247806

			ExtraNodes (Es)
			Delay queues (Es):
				Mode 0
					(fwd: 38,39):  Pow: 1.2237314664e+00 Phi: -2.0882337093e-01  Mag: 1.1062239675e+00 E_f =  1.0821918245e+00 + -2.2933015817e-01i
					(rev: 40,41):  Pow: 2.4780562194e-01 Phi: -3.4844971109e-01  Mag: 4.9780078539e-01 E_f =  4.6788453844e-01 + -1.6996964619e-01i
								Total Power Fwd: 1.22373 Rev: 0.247806

			Extra Inter1
				Mode 0
					(fwd: 48,49):  Pow: 1.2237314664e+00 Phi: -6.9197030771e-02  Mag: 1.1062239675e+00 E_f =  1.1035765973e+00 + -7.6486340787e-02i
								Total Power Fwd: 1.22373 Rev: 0

		Interface (1): wg1:exp:c(0):I1(1) T = 300.15 NonLinear
			N1 = 2.9 (2.9) N2 = 1.1
				Tf^2 = 0.7975 Rf^2 = 0.2025  Tb^2 = 0.7975 Rb^2 = 0.2025 Tf+Rf = 1 Tb+Rb = 1 
			Rf = 0.45 	Tf = 0.893029 	Rb = -0.45 	Tb = 0.893029 

		 Output: l2:fixed:900
			l2:fixed:900 			Carrier Lambda: 900 nm --- E vars
				Mode 0
					(fwd: 42,44):  Pow: 9.7592584443e-01 Phi: -2.0882337093e-01  Mag: 9.8788959121e-01 E_f =  9.6642820120e-01 + -2.0479837976e-01i
					(rev: 43,45):  Pow: 0.0000000000e+00 Phi: 0.0000000000e+00  Mag: 0.0000000000e+00 E_f =  0.0000000000e+00 + 0.0000000000e+00i
								Total Power Fwd: 0.975926 Rev: 0

			Extra
				Mode 0
					(fwd: 56,57):  Pow: 9.7592584443e-01 Phi: -2.0882337093e-01  Mag: 9.8788959121e-01 E_f =  9.6642820120e-01 + -2.0479837976e-01i
								Total Power Fwd: 0.975926 Rev: 0

IndSource:                       v1 (V source)
			V: 1.0000000000e+00 I: 0.0000000000e+00 

IndSource:                       v2 (V source)
			V: 0.0000000000e+00 I: 0.0000000000e+00 

Cw_Source: cw1 
	 Channel : 0 -- n1: 18 n2: 20 -- Fixed Lambda
		 Freqshift: 0
			l1:fixed:900 			Carrier Lambda: 900 nm --- E vars
				Mode 0
					(fwd: 14,16):  Pow: 1.0000000000e+00 Phi: 0.0000000000e+00  Mag: 1.0000000000e+00 E_f =  1.0000000000e+00 + 0.0000000000e+00i
					(rev: 15,17):  Pow: 2.4074155563e-02 Phi: -1.7796196977e+00  Mag: 1.5515848531e-01 E_f =  -3.2165746741e-02 + -1.5178774753e-01i
								Total Power Fwd: 1 Rev: 0.0240742

Mirror: mir1
	Channel:0
			l2:fixed:900 			Carrier Lambda: 900 nm --- E vars
				Mode 0
					(fwd: 42,44):  Pow: 9.7592584443e-01 Phi: -2.0882337093e-01  Mag: 9.8788959121e-01 E_f =  9.6642820120e-01 + -2.0479837976e-01i
					(rev: 43,45):  Pow: 0.0000000000e+00 Phi: 0.0000000000e+00  Mag: 0.0000000000e+00 E_f =  0.0000000000e+00 + 0.0000000000e+00i
								Total Power Fwd: 0.975926 Rev: 0



***** Node Operating Point Values 
	wg1                           	Port: 1 
	                              	mode: l1:fixed:900 
	                              		dir: FWD
	                              			TE Fields: 1.0000000000e+00 0.0000000000e+00 

	wg1                           	Port: 2 
	                              	mode: l2:fixed:900 
	                              		dir: FWD
	                              			TE Fields: 9.8788959121e-01 -2.0882337093e-01 

	v1                            	Port:     1	V = 1.0000000000e+00
	v1                            	Port:     1	I = 0.0000000000e+00
	v1                            	Port:     2	I = -0.0000000000e+00
	v2                            	Port:     1	V = 0.0000000000e+00
	v2                            	Port:     1	I = 0.0000000000e+00
	v2                            	Port:     2	I = -0.0000000000e+00
	cw1                           	Port:     1	V = 1.0000000000e+00
	cw1                           	Port:     1	I = -0.0000000000e+00
	cw1                           	Port:     2	V = 0.0000000000e+00
	cw1                           	Port:     2	I = -0.0000000000e+00
	cw1                           	Port: 3 
	                              	mode: l1:fixed:900 
	                              		dir: FWD
	                              			TE Fields: 1.0000000000e+00 0.0000000000e+00 
	                              			TM Fields: 0.0000000000e+00 0.0000000000e+00 
	                              		dir: REV
	                              			TE Fields: -3.2165746741e-02 -1.5178774753e-01 
	                              			TM Fields: 0.0000000000e+00 0.0000000000e+00 

	wg1                           	Port: 1 
	                              	mode: l1:fixed:900 
	                              		dir: FWD
	                              			TE Fields: 1.0000000000e+00 0.0000000000e+00 
	                              			TM Fields: 0.0000000000e+00 0.0000000000e+00 
	                              		dir: REV
	                              			TE Fields: -3.2165746741e-02 -1.5178774753e-01 
	                              			TM Fields: 0.0000000000e+00 0.0000000000e+00 

	wg1                           	Port: 2 
	                              	mode: l2:fixed:900 
	                              		dir: FWD
	                              			TE Fields: 9.6642820120e-01 -2.0479837976e-01 
	                              			TM Fields: 0.0000000000e+00 0.0000000000e+00 
	                              		dir: REV
	                              			TE Fields: 0.0000000000e+00 0.0000000000e+00 
	                              			TM Fields: 0.0000000000e+00 0.0000000000e+00 

	wg1:exp                       	Port: 1 
	                              	mode: l1:fixed:900 
	                              		dir: FWD
	                              			TE Fields: 1.0000000000e+00 0.0000000000e+00 
	                              			TM Fields: 0.0000000000e+00 0.0000000000e+00 
	                              		dir: REV
	                              			TE Fields: -3.2165746741e-02 -1.5178774753e-01 
	                              			TM Fields: 0.0000000000e+00 0.0000000000e+00 

	wg1:exp                       	Port: 2 
	                              	mode: l2:fixed:900 
	                              		dir: FWD
	                              			TE Fields: 9.6642820120e-01 -2.0479837976e-01 
	                              			TM Fields: 0.0000000000e+00 0.0000000000e+00 
	                              		dir: REV
	                              			TE Fields: 0.0000000000e+00 0.0000000000e+00 
	                              			TM Fields: 0.0000000000e+00 0.0000000000e+00 

	mir1                          	Port: 1 
	                              	mode: l2:fixed:900 
	                              		dir: FWD
	                              			TE Fields: 9.6642820120e-01 -2.0479837976e-01 
	                              			TM Fields: 0.0000000000e+00 0.0000000000e+00 
	                              		dir: REV
	                              			TE Fields: 0.0000000000e+00 0.0000000000e+00 
	                              			TM Fields: 0.0000000000e+00 0.0000000000e+00 


***** 
After:

***** Element Operating point info:

MultiLayerFilterExp: wg1:exp 
	(Explicit Filtering -- T = 300.15 -- E to E)
	Channel: 0
		 Input: l1:fixed:900
			l1:fixed:900  Carrier Lambda: 900 nm  -- MP vars
				Mode 0
					(fwd: 14,16):  Pow: 1.0000000000e+00 Phi: 0.0000000000e+00  Mag: 1.0000000000e+00 E_f =  1.0000000000e+00 + 0.0000000000e+00i
					(rev: 15,17):  Pow: 2.4074155563e-02 Phi: -1.7796196977e+00  Mag: 1.5515848531e-01 E_f =  -3.2165746741e-02 + -1.5178774753e-01i
								Total Power Fwd: 1 Rev: 0.0240742

			Extra
					(rev: 46,47):  Pow: 2.4074155563e-02 Phi: -1.7796196977e+00  Mag: 1.5515848531e-01 E_f =  -3.2165746741e-02 + -1.5178774753e-01i
								Total Power Fwd: 0 Rev: 0.0240742

		Interface (0): wg1:exp:c(0):I1(0) T= 300.15 NonLinear
			N1 = 1.1 N2 = 2.9 (2.9)T = 300.15
				Tf^2 = 0.7975 Rf^2 = 0.2025  Tb^2 = 0.7975 Rb^2 = 0.2025 Tf+Rf = 1 Tb+Rb = 1 
			Rf = -0.45 	Tf = 0.893029 	Rb = 0.45 	Tb = 0.893029 

		 Layer (1) Phi= -56.6883 (-0.139626)  Atten = 1 N = 2.9 V1 = 0 V2 = 0 T = 300.15
			Inter1: wg1:exp:inter1(0):fixed:900 (MP)
			wg1:exp:inter1(0):fixed:900  Carrier Lambda: 900 nm  -- MP vars
				Mode 0
					(fwd: 26,28):  Pow: 1.2237314664e+00 Phi: -6.9197030771e-02  Mag: 1.1062239675e+00 E_f =  1.1035765973e+00 + -7.6486340787e-02i
					(rev: 27,29):  Pow: 2.4780562194e-01 Phi: -5.6897117476e+01  Mag: 4.9780078539e-01 E_f =  4.6788453844e-01 + -1.6996964619e-01i
								Total Power Fwd: 1.22373 Rev: 0.247806

			Inter2: wg1:exp:inter2(0):fixed:900 (MP)
			wg1:exp:inter2(0):fixed:900  Carrier Lambda: 900 nm  -- MP vars
				Mode 0
					(fwd: 30,32):  Pow: 1.2237314664e+00 Phi: -5.6757491136e+01  Mag: 1.1062239675e+00 E_f =  1.0821918245e+00 + -2.2933015817e-01i
					(rev: 31,33):  Pow: 2.4780562194e-01 Phi: -2.0882337093e-01  Mag: 4.9780078539e-01 E_f =  4.8698632101e-01 + -1.0319857117e-01i
								Total Power Fwd: 1.22373 Rev: 0.247806

			Inter3: wg1:exp:inter3(0):fixed:900 (MP) dt = 2.70854e-14
			wg1:exp:inter3(0):fixed:900  Carrier Lambda: 900 nm  -- MP vars
				Mode 0
					(fwd: 34,36):  Pow: 1.2237314664e+00 Phi: -5.6757491136e+01  Mag: 1.1062239675e+00 E_f =  1.0821918245e+00 + -2.2933015817e-01i
					(rev: 35,37):  Pow: 2.4780562194e-01 Phi: -2.0882337093e-01  Mag: 4.9780078539e-01 E_f =  4.8698632101e-01 + -1.0319857117e-01i
								Total Power Fwd: 1.22373 Rev: 0.247806

			ExtraNodes (MP)
			Delay queues (MP):
				Mode 0
					(fwd: 38,39):  Pow: 1.2237314664e+00 Phi: -5.6757491136e+01  Mag: 1.1062239675e+00 E_f =  1.0821918245e+00 + -2.2933015817e-01i
					(rev: 40,41):  Pow: 2.4780562194e-01 Phi: -5.6897117476e+01  Mag: 4.9780078539e-01 E_f =  4.6788453844e-01 + -1.6996964619e-01i
								Total Power Fwd: 1.22373 Rev: 0.247806

			Extra Inter1
				Mode 0
					(fwd: 48,49):  Pow: 1.2237314664e+00 Phi: -6.9197030771e-02  Mag: 1.1062239675e+00 E_f =  1.1035765973e+00 + -7.6486340787e-02i
								Total Power Fwd: 1.22373 Rev: 0

		Interface (1): wg1:exp:c(0):I1(1) T = 300.15 NonLinear
			N1 = 2.9 (2.9) N2 = 1.1
				Tf^2 = 0.7975 Rf^2 = 0.2025  Tb^2 = 0.7975 Rb^2 = 0.2025 Tf+Rf = 1 Tb+Rb = 1 
			Rf = 0.45 	Tf = 0.893029 	Rb = -0.45 	Tb = 0.893029 

		 Output: l2:fixed:900
			l2:fixed:900  Carrier Lambda: 900 nm  -- MP vars
				Mode 0
					(fwd: 42,44):  Pow: 9.7592584443e-01 Phi: -2.0882337093e-01  Mag: 9.8788959121e-01 E_f =  9.6642820120e-01 + -2.0479837976e-01i
					(rev: 43,45):  Pow: 0.0000000000e+00 Phi: 0.0000000000e+00  Mag: 0.0000000000e+00 E_f =  0.0000000000e+00 + 0.0000000000e+00i
								Total Power Fwd: 0.975926 Rev: 0

			Extra
				Mode 0
					(fwd: 56,57):  Pow: 9.7592584443e-01 Phi: -2.0882337093e-01  Mag: 9.8788959121e-01 E_f =  9.6642820120e-01 + -2.0479837976e-01i
								Total Power Fwd: 0.975926 Rev: 0

IndSource:                       v1 (V source)
			V: 1.0000000000e+00 I: 0.0000000000e+00 

IndSource:                       v2 (V source)
			V: 0.0000000000e+00 I: 0.0000000000e+00 

Cw_Source: cw1 
	 Channel : 0 -- n1: 18 n2: 20 -- Fixed Lambda
		 Freqshift: 0
			l1:fixed:900  Carrier Lambda: 900 nm  -- MP vars
				Mode 0
					(fwd: 14,16):  Pow: 1.0000000000e+00 Phi: 0.0000000000e+00  Mag: 1.0000000000e+00 E_f =  1.0000000000e+00 + 0.0000000000e+00i
					(rev: 15,17):  Pow: 2.4074155563e-02 Phi: -1.7796196977e+00  Mag: 1.5515848531e-01 E_f =  -3.2165746741e-02 + -1.5178774753e-01i
								Total Power Fwd: 1 Rev: 0.0240742

Mirror: mir1
	Channel:0
			l2:fixed:900  Carrier Lambda: 900 nm  -- MP vars
				Mode 0
					(fwd: 42,44):  Pow: 9.7592584443e-01 Phi: -2.0882337093e-01  Mag: 9.8788959121e-01 E_f =  9.6642820120e-01 + -2.0479837976e-01i
					(rev: 43,45):  Pow: 0.0000000000e+00 Phi: 0.0000000000e+00  Mag: 0.0000000000e+00 E_f =  0.0000000000e+00 + 0.0000000000e+00i
								Total Power Fwd: 0.975926 Rev: 0



***** Node Operating Point Values 
	wg1                           	Port: 1 
	                              	mode: l1:fixed:900 
	                              		dir: FWD
	                              			TE Fields: 1.0000000000e+00 0.0000000000e+00 

	wg1                           	Port: 2 
	                              	mode: l2:fixed:900 
	                              		dir: FWD
	                              			TE Fields: 9.8788959121e-01 -2.0882337093e-01 

	v1                            	Port:     1	V = 1.0000000000e+00
	v1                            	Port:     1	I = 0.0000000000e+00
	v1                            	Port:     2	I = -0.0000000000e+00
	v2                            	Port:     1	V = 0.0000000000e+00
	v2                            	Port:     1	I = 0.0000000000e+00
	v2                            	Port:     2	I = -0.0000000000e+00
	cw1                           	Port:     1	V = 1.0000000000e+00
	cw1                           	Port:     1	I = -0.0000000000e+00
	cw1                           	Port:     2	V = 0.0000000000e+00
	cw1                           	Port:     2	I = -0.0000000000e+00
	cw1                           	Port: 3 
	                              	mode: l1:fixed:900 
	                              		dir: FWD
	                              			TE Fields: 1.0000000000e+00 0.0000000000e+00 
	                              			TM Fields: 0.0000000000e+00 0.0000000000e+00 
	                              		dir: REV
	                              			TE Fields: -3.2165746741e-02 -1.5178774753e-01 
	                              			TM Fields: 0.0000000000e+00 0.0000000000e+00 

	wg1                           	Port: 1 
	                              	mode: l1:fixed:900 
	                              		dir: FWD
	                              			TE Fields: 1.0000000000e+00 0.0000000000e+00 
	                              			TM Fields: 0.0000000000e+00 0.0000000000e+00 
	                              		dir: REV
	                              			TE Fields: -3.2165746741e-02 -1.5178774753e-01 
	                              			TM Fields: 0.0000000000e+00 0.0000000000e+00 

	wg1                           	Port: 2 
	                              	mode: l2:fixed:900 
	                              		dir: FWD
	                              			TE Fields: 9.6642820120e-01 -2.0479837976e-01 
	                              			TM Fields: 0.0000000000e+00 0.0000000000e+00 
	                              		dir: REV
	                              			TE Fields: 0.0000000000e+00 0.0000000000e+00 
	                              			TM Fields: 0.0000000000e+00 0.0000000000e+00 

	wg1:exp                       	Port: 1 
	                              	mode: l1:fixed:900 
	                              		dir: FWD
	                              			TE Fields: 1.0000000000e+00 0.0000000000e+00 
	                              			TM Fields: 0.0000000000e+00 0.0000000000e+00 
	                              		dir: REV
	                              			TE Fields: -3.2165746741e-02 -1.5178774753e-01 
	                              			TM Fields: 0.0000000000e+00 0.0000000000e+00 

	wg1:exp                       	Port: 2 
	                              	mode: l2:fixed:900 
	                              		dir: FWD
	                              			TE Fields: 9.6642820120e-01 -2.0479837976e-01 
	                              			TM Fields: 0.0000000000e+00 0.0000000000e+00 
	                              		dir: REV
	                              			TE Fields: 0.0000000000e+00 0.0000000000e+00 
	                              			TM Fields: 0.0000000000e+00 0.0000000000e+00 

	mir1                          	Port: 1 
	                              	mode: l2:fixed:900 
	                              		dir: FWD
	                              			TE Fields: 9.6642820120e-01 -2.0479837976e-01 
	                              			TM Fields: 0.0000000000e+00 0.0000000000e+00 
	                              		dir: REV
	                              			TE Fields: 0.0000000000e+00 0.0000000000e+00 
	                              			TM Fields: 0.0000000000e+00 0.0000000000e+00 


***** 
		DC iterations =  3 (extra 1). Cond 0.0600767
			Total num iter: 8
X: 9.000000000000000e+02 1.000000000000000e+00 1.000000000000000e+00 0.000000000000000e+00 -0.000000000000000e+00 -0.000000000000000e+00 0.000000000000000e+00 0.000000000000000e+00 0.000000000000000e+00 0.000000000000000e+00 -0.000000000000000e+00 -0.000000000000000e+00 0.000000000000000e+00 1.000000000000000e+00 1.551584852475368e-01 0.000000000000000e+00 -1.779619697654176e+00 1.000000000000000e+00 -0.000000000000000e+00 -0.000000000000000e+00 -0.000000000000000e+00 1.000000000000000e+00 0.000000000000000e+00 0.000000000000000e+00 0.000000000000000e+00 1.106223967556808e+00 4.978007853990699e-01 -6.919703074418927e-02 -5.689711747556568e+01 1.106223967555701e+00 4.978007853995677e-01 -5.675749113546325e+01 -2.088233708467588e-01 1.106223967555701e+00 4.978007853995677e-01 -5.675749113546325e+01 -2.088233708467588e-01 1.106223967555701e+00 -5.675749113546325e+01 4.978007853990699e-01 -5.689711747556568e+01 9.878895912235350e-01 0.000000000000000e+00 -2.088233708467588e-01 0.000000000000000e+00 1.551584852475368e-01 -1.779619697654176e+00 1.106223967556808e+00 -6.919703074418927e-02 0.000000000000000e+00 0.000000000000000e+00 0.000000000000000e+00 0.000000000000000e+00 4.978007853995677e-01 -2.088233708467588e-01 9.878895912235350e-01 -2.088233708467588e-01 0.000000000000000e+00 0.000000000000000e+00 0.000000000000000e+00 0.000000000000000e+00 0.000000000000000e+00 0.000000000000000e+00 0.000000000000000e+00 0.000000000000000e+00 

Operating point
900 1 1 0 -0 -0 0 0 0 0 -0 -0 0 1 0.155158 0 -1.77962 1 -0 -0 -0 1 0 0 0 1.10622 0.497801 -0.069197 -56.8971 1.10622 0.497801 -56.7575 -0.208823 1.10622 0.497801 -56.7575 -0.208823 1.10622 -56.7575 0.497801 -56.8971 0.98789 0 -0.208823 0 0.155158 -1.77962 1.10622 -0.069197 0 0 0 0 0.497801 -0.208823 0.98789 -0.208823 0 0 0 0 0 0 0 0 

Transient

***** Element Operating point info:

MultiLayerFilterExp: wg1:exp 
	(Explicit Filtering -- T = 300.15 -- E to E)
	Channel: 0
		 Input: l1:fixed:900
			l1:fixed:900  Carrier Lambda: 900 nm  -- MP vars
				Mode 0
					(fwd: 14,16):  Pow: 1.0000000000e+00 Phi: 0.0000000000e+00  Mag: 1.0000000000e+00 E_f =  1.0000000000e+00 + 0.0000000000e+00i
					(rev: 15,17):  Pow: 2.4074155544e-02 Phi: -1.7796196977e+00  Mag: 1.5515848525e-01 E_f =  -3.2165746715e-02 + -1.5178774747e-01i
								Total Power Fwd: 1 Rev: 0.0240742

			Extra
					(rev: 46,47):  Pow: 2.4074155544e-02 Phi: -1.7796196977e+00  Mag: 1.5515848525e-01 E_f =  -3.2165746715e-02 + -1.5178774747e-01i
								Total Power Fwd: 0 Rev: 0.0240742

		Interface (0): wg1:exp:c(0):I1(0) T= 300.15 NonLinear
			N1 = 1.1 N2 = 2.9 (2.9)T = 300.15
				Tf^2 = 0.7975 Rf^2 = 0.2025  Tb^2 = 0.7975 Rb^2 = 0.2025 Tf+Rf = 1 Tb+Rb = 1 
			Rf = -0.45 	Tf = 0.893029 	Rb = 0.45 	Tb = 0.893029 

		 Layer (1) Phi= -56.6883 (-0.139626)  Atten = 1 N = 2.9 V1 = 0 V2 = 0 T = 300.15
			Inter1: wg1:exp:inter1(0):fixed:900 (MP)
			wg1:exp:inter1(0):fixed:900  Carrier Lambda: 900 nm  -- MP vars
				Mode 0
					(fwd: 26,28):  Pow: 1.2237314664e+00 Phi: -6.9197030744e-02  Mag: 1.1062239676e+00 E_f =  1.1035765973e+00 + -7.6486340758e-02i
					(rev: 27,29):  Pow: 2.4780562194e-01 Phi: -5.6897117476e+01  Mag: 4.9780078540e-01 E_f =  4.6788453847e-01 + -1.6996964613e-01i
								Total Power Fwd: 1.22373 Rev: 0.247806

			Inter2: wg1:exp:inter2(0):fixed:900 (MP)
			wg1:exp:inter2(0):fixed:900  Carrier Lambda: 900 nm  -- MP vars
				Mode 0
					(fwd: 30,32):  Pow: 1.2237314664e+00 Phi: -5.6757491135e+01  Mag: 1.1062239676e+00 E_f =  1.0821918245e+00 + -2.2933015808e-01i
					(rev: 31,33):  Pow: 2.4780562194e-01 Phi: -2.0882337085e-01  Mag: 4.9780078540e-01 E_f =  4.8698632102e-01 + -1.0319857113e-01i
								Total Power Fwd: 1.22373 Rev: 0.247806

			Inter3: wg1:exp:inter3(0):fixed:900 (MP) dt = 2.70854e-14
			wg1:exp:inter3(0):fixed:900  Carrier Lambda: 900 nm  -- MP vars
				Mode 0
					(fwd: 34,36):  Pow: 1.2237314664e+00 Phi: -5.6757491135e+01  Mag: 1.1062239676e+00 E_f =  1.0821918245e+00 + -2.2933015808e-01i
					(rev: 35,37):  Pow: 2.4780562194e-01 Phi: -2.0882337085e-01  Mag: 4.9780078540e-01 E_f =  4.8698632102e-01 + -1.0319857113e-01i
								Total Power Fwd: 1.22373 Rev: 0.247806

			ExtraNodes (MP)
			Delay queues (MP):
				Mode 0
					(fwd: 38,39):  Pow: 1.2237314664e+00 Phi: -5.6757491135e+01  Mag: 1.1062239676e+00 E_f =  1.0821918245e+00 + -2.2933015808e-01i
					(rev: 40,41):  Pow: 2.4780562194e-01 Phi: -5.6897117476e+01  Mag: 4.9780078540e-01 E_f =  4.6788453847e-01 + -1.6996964613e-01i
								Total Power Fwd: 1.22373 Rev: 0.247806

			Extra Inter1
				Mode 0
					(fwd: 48,49):  Pow: 1.2237314664e+00 Phi: -6.9197030744e-02  Mag: 1.1062239676e+00 E_f =  1.1035765973e+00 + -7.6486340758e-02i
								Total Power Fwd: 1.22373 Rev: 0

		Interface (1): wg1:exp:c(0):I1(1) T = 300.15 NonLinear
			N1 = 2.9 (2.9) N2 = 1.1
				Tf^2 = 0.7975 Rf^2 = 0.2025  Tb^2 = 0.7975 Rb^2 = 0.2025 Tf+Rf = 1 Tb+Rb = 1 
			Rf = 0.45 	Tf = 0.893029 	Rb = -0.45 	Tb = 0.893029 

		 Output: l2:fixed:900
			l2:fixed:900  Carrier Lambda: 900 nm  -- MP vars
				Mode 0
					(fwd: 42,44):  Pow: 9.7592584445e-01 Phi: -2.0882337085e-01  Mag: 9.8788959122e-01 E_f =  9.6642820123e-01 + -2.0479837968e-01i
					(rev: 43,45):  Pow: 0.0000000000e+00 Phi: 0.0000000000e+00  Mag: 0.0000000000e+00 E_f =  0.0000000000e+00 + 0.0000000000e+00i
								Total Power Fwd: 0.975926 Rev: 0

			Extra
				Mode 0
					(fwd: 56,57):  Pow: 9.7592584445e-01 Phi: -2.0882337085e-01  Mag: 9.8788959122e-01 E_f =  9.6642820123e-01 + -2.0479837968e-01i
								Total Power Fwd: 0.975926 Rev: 0

IndSource:                       v1 (V source)
			V: 1.0000000000e+00 I: 0.0000000000e+00 

IndSource:                       v2 (V source)
			V: 0.0000000000e+00 I: 0.0000000000e+00 

Cw_Source: cw1 
	 Channel : 0 -- n1: 18 n2: 20 -- Fixed Lambda
		 Freqshift: 0
			l1:fixed:900  Carrier Lambda: 900 nm  -- MP vars
				Mode 0
					(fwd: 14,16):  Pow: 1.0000000000e+00 Phi: 0.0000000000e+00  Mag: 1.0000000000e+00 E_f =  1.0000000000e+00 + 0.0000000000e+00i
					(rev: 15,17):  Pow: 2.4074155544e-02 Phi: -1.7796196977e+00  Mag: 1.5515848525e-01 E_f =  -3.2165746715e-02 + -1.5178774747e-01i
								Total Power Fwd: 1 Rev: 0.0240742

Mirror: mir1
	Channel:0
			l2:fixed:900  Carrier Lambda: 900 nm  -- MP vars
				Mode 0
					(fwd: 42,44):  Pow: 9.7592584445e-01 Phi: -2.0882337085e-01  Mag: 9.8788959122e-01 E_f =  9.6642820123e-01 + -2.0479837968e-01i
					(rev: 43,45):  Pow: 0.0000000000e+00 Phi: 0.0000000000e+00  Mag: 0.0000000000e+00 E_f =  0.0000000000e+00 + 0.0000000000e+00i
								Total Power Fwd: 0.975926 Rev: 0



***** Node Operating Point Values 
	wg1                           	Port: 1 
	                              	mode: l1:fixed:900 
	                              		dir: FWD
	                              			TE Fields: 1.0000000000e+00 0.0000000000e+00 

	wg1                           	Port: 2 
	                              	mode: l2:fixed:900 
	                              		dir: FWD
	                              			TE Fields: 9.8788959122e-01 -2.0882337085e-01 

	v1                            	Port:     1	V = 1.0000000000e+00
	v1                            	Port:     1	I = 0.0000000000e+00
	v1                            	Port:     2	I = -0.0000000000e+00
	v2                            	Port:     1	V = 0.0000000000e+00
	v2                            	Port:     1	I = 0.0000000000e+00
	v2                            	Port:     2	I = -0.0000000000e+00
	cw1                           	Port:     1	V = 1.0000000000e+00
	cw1                           	Port:     1	I = -0.0000000000e+00
	cw1                           	Port:     2	V = 0.0000000000e+00
	cw1                           	Port:     2	I = -0.0000000000e+00
	cw1                           	Port: 3 
	                              	mode: l1:fixed:900 
	                              		dir: FWD
	                              			TE Fields: 1.0000000000e+00 0.0000000000e+00 
	                              			TM Fields: 0.0000000000e+00 0.0000000000e+00 
	                              		dir: REV
	                              			TE Fields: -3.2165746715e-02 -1.5178774747e-01 
	                              			TM Fields: 0.0000000000e+00 0.0000000000e+00 

	wg1                           	Port: 1 
	                              	mode: l1:fixed:900 
	                              		dir: FWD
	                              			TE Fields: 1.0000000000e+00 0.0000000000e+00 
	                              			TM Fields: 0.0000000000e+00 0.0000000000e+00 
	                              		dir: REV
	                              			TE Fields: -3.2165746715e-02 -1.5178774747e-01 
	                              			TM Fields: 0.0000000000e+00 0.0000000000e+00 

	wg1                           	Port: 2 
	                              	mode: l2:fixed:900 
	                              		dir: FWD
	                              			TE Fields: 9.6642820123e-01 -2.0479837968e-01 
	                              			TM Fields: 0.0000000000e+00 0.0000000000e+00 
	                              		dir: REV
	                              			TE Fields: 0.0000000000e+00 0.0000000000e+00 
	                              			TM Fields: 0.0000000000e+00 0.0000000000e+00 

	wg1:exp                       	Port: 1 
	                              	mode: l1:fixed:900 
	                              		dir: FWD
	                              			TE Fields: 1.0000000000e+00 0.0000000000e+00 
	                              			TM Fields: 0.0000000000e+00 0.0000000000e+00 
	                              		dir: REV
	                              			TE Fields: -3.2165746715e-02 -1.5178774747e-01 
	                              			TM Fields: 0.0000000000e+00 0.0000000000e+00 

	wg1:exp                       	Port: 2 
	                              	mode: l2:fixed:900 
	                              		dir: FWD
	                              			TE Fields: 9.6642820123e-01 -2.0479837968e-01 
	                              			TM Fields: 0.0000000000e+00 0.0000000000e+00 
	                              		dir: REV
	                              			TE Fields: 0.0000000000e+00 0.0000000000e+00 
	                              			TM Fields: 0.0000000000e+00 0.0000000000e+00 

	mir1                          	Port: 1 
	                              	mode: l2:fixed:900 
	                              		dir: FWD
	                              			TE Fields: 9.6642820123e-01 -2.0479837968e-01 
	                              			TM Fields: 0.0000000000e+00 0.0000000000e+00 
	                              		dir: REV
	                              			TE Fields: 0.0000000000e+00 0.0000000000e+00 
	                              			TM Fields: 0.0000000000e+00 0.0000000000e+00 


***** 
	Freeing MNA
Freeing Main Circuit ...
	Freeing Nodes and Elements
Cleaning Main Circuit ...
	Freeing Parsed circuit: 'Main Circuit'
