Running OptiSPICE 5.1 (compiled on: Jan  5 2016 10:28:02) 

Copyright 2015 Optiwave Systems Inc. All rights reserved.

	git commit: 651cbe73905eab5871768bdecbe8d86323447f45 MergeFromStaticBuild

Processing Netlist file: waveguide_op.sp

************* FILE: "waveguide_op.sp"  ************

Title "CW Source check "

Osp Jobcontrol Verbosity=DEBUG2

.option ingold=2 DELMAX=.1e-10 ACCURATE=1 RUNLVL=6 NUMDGT=8
.OPTION DCCAP=1 TNOM=27

.param NMODES=1

* Voltage sources
v1 Mag1 0 DC = 1 
v2 Phi1 0 DC = 0 

Osp CWSOURCE   Name=cw1 Nodes = [Mag1 Phi1 l1] MoName = CWmodel lambda = LAM
Osp WaveGuide  Name=wg1 Nodes = [l1 l2] MoName=WGmodel
Osp MIRROR     Name=mir1 Nodes = [l2] MoName = Mmodel 

Osp Model Name = Mmodel   type = MIRROR    Ref = 0
Osp Model Name = CWmodel  type = CWSOURCE 
Osp Model Name = WGmodel  type = WaveGuide  Length=LENGTH  IncludeTimeDelay=1  neff=[NEFF]  N0=1.1 NF=1.1

% IncludeTimeDelay=1 
%.tran .0001e-9 10e-9 nsolver=BACKE nmaxst=.05n nminst=.05n
.op
	
.Monitor OptFields wg1 Format=MagPhi Port=1 dir=IN  Pol=TE
.Monitor OptFields wg1 Format=MagPhi Port=2 dir=OUT Pol=TE


.Monitor OptPower wg1 Port=1 dir=IN Pol=TE  P0db=1
.Monitor OptPower wg1 Port=2 dir=IN Pol=TE  P0db=1

.Monitor OptPower wg1 Port=1 dir=OUT Pol=TE  P0db=1
.Monitor OptPower wg1 Port=2 dir=OUT Pol=TE  P0db=1

%.Monitor OptFields wg2 Format=MagPhi Port=2 dir=OUT Pol=TE
.end

************* *************** ************

Options ingold=2 DELMAX=.1e-10 ACCURATE=1 RUNLVL=6 NUMDGT=8 
Options DCCAP=1 TNOM=27 
Param P=[ { NMODES 1 } ] 
INDSOURCE EL_Type=V_SOU Name=v1 Nodes=[ Mag1 0 ] dcMode dcValue=1 
INDSOURCE EL_Type=V_SOU Name=v2 Nodes=[ Phi1 0 ] dcMode dcValue=0 
CWSOURCE Name=cw1 Nodes=[ Mag1 Phi1 l1 ] MoName=CWmodel lambda=LAM 
WaveGuide Name=wg1 Nodes=[ l1 l2 ] MoName=WGmodel 
MIRROR Name=mir1 Nodes=[ l2 ] MoName=Mmodel 
Model Name=Mmodel type=MIRROR Ref=0 
Model Name=CWmodel type=CWSOURCE 
Model Name=WGmodel type=WaveGuide Length=LENGTH IncludeTimeDelay=1 neff=[ NEFF ] N0=1.1 NF=1.1 
Transient OperatingPointOnly OutputOperatingPoint
Monitor Type=OptFields Name=wg1 Format=MagPhi Port=1 dir=IN Pol=TE 
Monitor Type=OptFields Name=wg1 Format=MagPhi Port=2 dir=OUT Pol=TE 
Monitor Type=OptPower Name=wg1 Port=1 dir=IN Pol=TE P0db=1 
Monitor Type=OptPower Name=wg1 Port=2 dir=IN Pol=TE P0db=1 
Monitor Type=OptPower Name=wg1 Port=1 dir=OUT Pol=TE P0db=1 
Monitor Type=OptPower Name=wg1 Port=2 dir=OUT Pol=TE P0db=1 
END

Assigning node numbers and stamping


Main Circuit Paras:
	Name=NMODES String=1 Ep = 0x0

Creating: v1

Creating: v2

Creating: cw1
	New Link: l1                                                           Link: 0x7f83e2c14330
Parsed_D_value error 'LAM'
'