Running OptiSPICE 5.1 (compiled on: Jan  5 2016 10:28:02) 

Copyright 2015 Optiwave Systems Inc. All rights reserved.

	git commit: 651cbe73905eab5871768bdecbe8d86323447f45 MergeFromStaticBuild

Processing Netlist file: guidecross_smt.sp

************* FILE: "guidecross_smt.sp"  ************

Title "CW Source check "

Osp Jobcontrol Verbosity=DEBUG

.option ingold=2 DELMAX=.1e-10 ACCURATE=1 RUNLVL=6 NUMDGT=8
.OPTION DCCAP=1 TNOM=27

.param NMODES=1

* Voltage sources
v1 Mag1 0 DC = 1 
v2 Phi1 0 DC = 0 
%v3 Mag2 0 DC = 1 
%v4 Phi2 0 DC = 0 pulse ( 0 20 1e-9 10e-9 1e-9 2e-9)

Osp CWSOURCE   Name=cw1 Nodes = [Mag1 Phi1 l3] MoName = CWmodel lambda= 1000
Osp XCOUPLER    Name=wx1 Nodes = [l3 l4  l5 l6] MoName=WXmodel
 
%Osp WaveGuide  Name=wg1 Nodes = [l1 l3] MoName=WGmodel
%Osp WaveGuide  Name=wg2 Nodes = [l2 l4] MoName=WGmodel
%Osp WaveGuide  Name=wg3 Nodes = [l5 l7] MoName=WGmodel
%Osp WaveGuide  Name=wg4 Nodes = [l6 l8] MoName=WGmodel

Osp MIRROR      Name=mir1 Nodes = [l4] MoName = Mmodel
Osp MIRROR      Name=mir2 Nodes = [l5] MoName = Mmodel 
Osp MIRROR      Name=mir3 Nodes = [l6] MoName = Mmodel 




Osp Model Name = Mmodel   type = MIRROR    Ref = 0
Osp Model Name = CWmodel  type = CWSOURCE NumModes = NMODES
Osp Model Name = XCmodel  type = XCOUPLER  NumModes = NMODES 
Osp Model Name = WGmodel  type = WaveGuide  Length=1 neff=[1.1] N0=1.1 NF=1.1 

Osp Model Name = WXmodel  type = XCOUPLER ElemType=WGUIDECROSS  NumModes = NMODES 
+                         Through=0.8 Right=0.5 Left=0.3 Ref=0.1
* Simulation statement
*.DC
 .op
.tran .01e-9 10e-9  SOLVER=BACKE

	
* Output

.Monitor OptPower  wx1 Port=1 dir=IN Pol=TE
.Monitor OptPower  wx1 Port=2 dir=IN Pol=TE
.Monitor OptPower  wx1 Port=3 dir=OUT Pol=TE
.Monitor OptPower  wx1 Port=4 dir=OUT Pol=TE




.end

************* *************** ************

Options ingold=2 DELMAX=.1e-10 ACCURATE=1 RUNLVL=6 NUMDGT=8 
Options DCCAP=1 TNOM=27 
Param P=[ { NMODES 1 } ] 
INDSOURCE EL_Type=V_SOU Name=v1 Nodes=[ Mag1 0 ] dcMode dcValue=1 
INDSOURCE EL_Type=V_SOU Name=v2 Nodes=[ Phi1 0 ] dcMode dcValue=0 
CWSOURCE Name=cw1 Nodes=[ Mag1 Phi1 l3 ] MoName=CWmodel lambda=1000 
XCOUPLER Name=wx1 Nodes=[ l3 l4 l5 l6 ] MoName=WXmodel 
MIRROR Name=mir1 Nodes=[ l4 ] MoName=Mmodel 
MIRROR Name=mir2 Nodes=[ l5 ] MoName=Mmodel 
MIRROR Name=mir3 Nodes=[ l6 ] MoName=Mmodel 
Model Name=Mmodel type=MIRROR Ref=0 
Model Name=CWmodel type=CWSOURCE NumModes=NMODES 
Model Name=XCmodel type=XCOUPLER NumModes=NMODES 
Model Name=WGmodel type=WaveGuide Length=1 neff=[ 1.1 ] N0=1.1 NF=1.1 
Model Name=WXmodel type=XCOUPLER ElemType=WGUIDECROSS NumModes=NMODES Through=0.8 Right=0.5 Left=0.3 Ref=0.1 
Transient Tpoints=[ { .01e-9 10e-9 } ] SOLVER=BACKE
Monitor Type=OptPower Name=wx1 Port=1 dir=IN Pol=TE 
Monitor Type=OptPower Name=wx1 Port=2 dir=IN Pol=TE 
Monitor Type=OptPower Name=wx1 Port=3 dir=OUT Pol=TE 
Monitor Type=OptPower Name=wx1 Port=4 dir=OUT Pol=TE 
END

Assigning node numbers and stamping


Main Circuit Paras:
	Name=NMODES String=1 Ep = 0x0

Creating: v1

Creating: v2

Creating: cw1
	New Link: l3                                                           Link: 0x7f9652d024e0

Creating: wx1
	New Link: l5                                                           Link: 0x7f9652d032e0
	New Link: l4                                                           Link: 0x7f9652d03320
	New Link: l6                                                           Link: 0x7f9652d03360

Creating: mir1

Creating: mir2

Creating: mir3

Circuit after element assignment

Element hash table
	Key: wx1                                                          	val: 	1409289728
	Key: v1                                                           	val: 	1388385440
	Key: v2                                                           	val: 	1388388192
	Key: mir3                                                         	val: 	1392570368
	Key: mir1                                                         	val: 	1409296384
	Key: cw1                                                          	val: 	1392564736
	Key: mir2                                                         	val: 	1409299456

Delay Element hash table

OptFFT Element hash table

Noise Element hash table

Optical Element hash table
	Key: wx1                                                          	val: 	1409289728
	Key: mir3                                                         	val: 	1392570368
	Key: mir1                                                         	val: 	1409296384
	Key: cw1                                                          	val: 	1392564736
	Key: mir2                                                         	val: 	1409299456

Source Optical Element hash table
	Key: cw1                                                          	val: 	1392564736

Elec Init Conditions


Tracing optical sources
	source: cw1 (fixed:1000)  -> wx1
		-- branch 1:  
		-- branch 2:   -> mir1 (1)  -> wx1
		-- branch 1:   -> mir2 (1)  -> wx1		-- branch 2:   -> mir3 (1)  -> wx1

Stamping: v1

Stamping: v2

Stamping: cw1
Created Optical Mode Shape 'Mode:1 n:1 x:5.0000000000000000e+01 y:5.0000000000000000e+01 m:0 n:0 s:5.0000000000000000e+00 1/r:0.0000000000000000e+00 l:1.0000000000000000e+03' (da4303945ac7743d6828297588969a44dc63e98d)
Adding Optical Mode:        l3:fixed:1000 	      0x7f9652c14400

Stamping: wx1
Adding Optical Mode:        l4:fixed:1000 	      0x7f9652d04350
Adding Optical Mode:        l5:fixed:1000 	      0x7f9652d044e0
Adding Optical Mode:        l6:fixed:1000 	      0x7f9652d04630
Stamping OptScatteringVtoV Instance: wx1:c(0)
	E to E: l3:fixed:1000 | l5:fixed:1000
	Linear (E to E) Scattering Mode
	NonLinear Scattering Mode

Stamping: mir1

Stamping: mir2

Stamping: mir3

Linking optical elements; 
Pre-processing optical elements; evaluating the Oconn overlap integrals and FSE modes 
Mirror DetModes ... 
		mir1 input 0x7f9654000f20 output 0x7f9654000f20
Mirror DetModes ... 
		mir2 input 0x7f9654000f20 output 0x7f9654000f20
Mirror DetModes ... 
		mir3 input 0x7f9654000f20 output 0x7f9654000f20

Stamping free mode   optical elements; 
Processing Mirror: mir1 Version: 6 Switchable: 1
Splitting OptNode (input flip): l4:fixed:1000
	Inserting Extra OConn 'l4:split:fixed:1000'
	New Link: l4:split                                                     Link: 0x7f9652d019e0
Adding Optical Mode:  l4:split:fixed:1000 	      0x7f9652d0a520
Adding Optical Mode: mir1:terminal:fixed:1000 	      0x7f9652d0b090
Stamping OptScatteringVtoV Instance: mir1:vtov:c(0)
	E to E: l4:split:fixed:1000 | mir1:terminal:fixed:1000
	Linear (E to E) Scattering Mode
	NonLinear Scattering Mode

Processing Mirror: mir2 Version: 6 Switchable: 1
Adding Optical Mode: mir2:terminal:fixed:1000 	      0x7f9652c1bb00
Stamping OptScatteringVtoV Instance: mir2:vtov:c(0)
	E to E: l5:fixed:1000 | mir2:terminal:fixed:1000
	Linear (E to E) Scattering Mode
	NonLinear Scattering Mode

Processing Mirror: mir3 Version: 6 Switchable: 1
Adding Optical Mode: mir3:terminal:fixed:1000 	      0x7f9652d049f0
Stamping OptScatteringVtoV Instance: mir3:vtov:c(0)
	E to E: l6:fixed:1000 | mir3:terminal:fixed:1000
	Linear (E to E) Scattering Mode
	NonLinear Scattering Mode

Processing Oconn: mir1:vtov:split:l4:1
Passing through mode
		 Cf: (first 10)
				1.0000000000000000e+00 

		 Cb: (first 10) 
				1.0000000000000000e+00 


	Crossing OConn Input: 'mir1:vtov:split:l4:1'
Stamping OptScatteringVtoV Instance: mir1:vtov:split:l4:1:c(0)
	E to E: l4:split:fixed:1000 | l4:fixed:1000
	Linear (E to E) Scattering Mode
	NonLinear Scattering Mode

Post Stamping: cw1:c:0:m(0):optphi:iso

Post Stamping: cw1:c:0:m(0):optmag:iso

Circuit after node assignment

Element hash table (including internal elements)
	Key: cw1:c:0:m(0):optphi:iso                                      	val: 	1388403472
	Key: wx1:c(0)                                                     	val: 	1392578560
	Key: mir1:vtov                                                    	val: 	1392586240
	Key: mir2:vtov                                                    	val: 	1392592896
	Key: mir3:vtov                                                    	val: 	1392601600
	Key: mir1:vtov:c(0)                                               	val: 	1392589312
	Key: mir1:vtov:split:l4:1                                         	val: 	1409304576
	Key: wx1                                                          	val: 	1409289728
	Key: v1                                                           	val: 	1388385440
	Key: v2                                                           	val: 	1388388192
	Key: mir2:vtov:c(0)                                               	val: 	1392598016
	Key: cw1:c:0:m(0):optmag:iso                                      	val: 	1388400736
	Key: cw1                                                          	val: 	1392564736
	Key: mir1                                                         	val: 	1409296384
	Key: mir2                                                         	val: 	1409299456
	Key: mir3                                                         	val: 	1392570368
	Key: mir1:vtov:split:l4:1:c(0)                                    	val: 	1409311744
	Key: mir3:vtov:c(0)                                               	val: 	1409308160

Node hash table (size: 78)
	Key: mir1:vtov:c(0):0:fwd:modei:m(0):optphi                       	val: 	57        
	Key: mir1:vtov:split:l4:1:c(0):0:fwd:modei:m(0):optmag            	val: 	76        
	Key: mir1:vtov:c(0):0:rev:modei:m(0):optphi                       	val: 	55        
	Key: mir3:terminal:fixed:1000:fwd:m(0):optphi                     	val: 	68        
	Key: wx1:c(0):0:fwd:modei:m(0):optmag                             	val: 	42        
	Key: l4:split:fixed:1000:fwd:m(0):optmag                          	val: 	46        
	Key: wx1:c(0):0:rev:modei:m(0):optmag                             	val: 	38        
	Key: mir3:vtov:c(0):0:fwd:modei:m(0):optmag                       	val: 	72        
	Key: l6:fixed:1000:fwd:m(0):optphi                                	val: 	36        
	Key: l5:fixed:1000:rev:m(0):optphi                                	val: 	33        
	Key: l3:fixed:1000:fwd:m(0):optmag                                	val: 	14        
	Key: mir3:vtov:c(0):0:rev:modei:m(0):optmag                       	val: 	70        
	Key: mir2:terminal:fixed:1000:rev:m(0):optphi                     	val: 	61        
	Key: wx1:c(0):1:fwd:modei:m(0):optmag                             	val: 	44        
	Key: wx1:c(0):1:rev:modei:m(0):optmag                             	val: 	40        
	Key: l5:fixed:1000:fwd:m(0):optphi                                	val: 	32        
	Key: mir1:terminal:fixed:1000:rev:m(0):optphi                     	val: 	53        
	Key: v1:portcurrentnode:0                                         	val: 	3         
	Key: v1:portcurrentnode:1                                         	val: 	5         
	Key: cw1:c:0:m(0):optphi:iso:i                                    	val: 	25        
	Key: mir2:terminal:fixed:1000:fwd:m(0):optphi                     	val: 	60        
	Key: mir2:vtov:c(0):0:fwd:modei:m(0):optphi                       	val: 	65        
	Key: cw1:l3:fixed:1000:modei:m(0):optmag                          	val: 	22        
	Key: mir2:vtov:c(0):0:rev:modei:m(0):optphi                       	val: 	63        
	Key: mir3:terminal:fixed:1000:rev:m(0):optmag                     	val: 	67        
	Key: v2:portcurrentnode:0                                         	val: 	9         
	Key: v2:portcurrentnode:1                                         	val: 	11        
	Key: v1:i                                                         	val: 	7         
	Key: l4:fixed:1000:rev:m(0):optphi                                	val: 	29        
	Key: mir1:terminal:fixed:1000:fwd:m(0):optphi                     	val: 	52        
	Key: l6:fixed:1000:rev:m(0):optmag                                	val: 	35        
	Key: mir1:vtov:c(0):0:fwd:modei:m(0):optmag                       	val: 	56        
	Key: mir1:vtov:c(0):0:rev:modei:m(0):optmag                       	val: 	54        
	Key: mag1                                                         	val: 	2         
	Key: mir3:terminal:fixed:1000:fwd:m(0):optmag                     	val: 	66        
	Key: l4:split:fixed:1000:rev:m(0):optphi                          	val: 	49        
	Key: cw1:portcurrentcurnode:0                                     	val: 	19        
	Key: cw1:portcurrentcurnode:1                                     	val: 	21        
	Key: l4:fixed:1000:fwd:m(0):optphi                                	val: 	28        
	Key: l3:fixed:1000:rev:m(0):optphi                                	val: 	17        
	Key: l6:fixed:1000:fwd:m(0):optmag                                	val: 	34        
	Key: l5:fixed:1000:rev:m(0):optmag                                	val: 	31        
	Key: v2:portcurrentcurnode:0                                      	val: 	10        
	Key: v2:portcurrentcurnode:1                                      	val: 	12        
	Key: v1:portcurrentcurnode:0                                      	val: 	4         
	Key: mir2:terminal:fixed:1000:rev:m(0):optmag                     	val: 	59        
	Key: 0                                                            	val: 	-5        
	Key: v1:portcurrentcurnode:1                                      	val: 	6         
	Key: wx1:c(0):0:fwd:modei:m(0):optphi                             	val: 	43        
	Key: l4:split:fixed:1000:fwd:m(0):optphi                          	val: 	48        
	Key: wx1:c(0):0:rev:modei:m(0):optphi                             	val: 	39        
	Key: mir3:vtov:c(0):0:fwd:modei:m(0):optphi                       	val: 	73        
	Key: mir3:vtov:c(0):0:rev:modei:m(0):optphi                       	val: 	71        
	Key: l3:fixed:1000:fwd:m(0):optphi                                	val: 	16        
	Key: mir1:vtov:split:l4:1:c(0):0:fwd:modei:m(0):optphi            	val: 	77        
	Key: l5:fixed:1000:fwd:m(0):optmag                                	val: 	30        
	Key: mir1:terminal:fixed:1000:rev:m(0):optmag                     	val: 	51        
	Key: mir2:terminal:fixed:1000:fwd:m(0):optmag                     	val: 	58        
	Key: cw1:portcurrentnode:0                                        	val: 	18        
	Key: cw1:portcurrentnode:1                                        	val: 	20        
	Key: mir2:vtov:c(0):0:fwd:modei:m(0):optmag                       	val: 	64        
	Key: wx1:c(0):1:fwd:modei:m(0):optphi                             	val: 	45        
	Key: mir2:vtov:c(0):0:rev:modei:m(0):optmag                       	val: 	62        
	Key: wx1:c(0):1:rev:modei:m(0):optphi                             	val: 	41        
	Key: mir1:vtov:split:l4:1:c(0):0:rev:modei:m(0):optphi            	val: 	75        
	Key: l4:fixed:1000:rev:m(0):optmag                                	val: 	27        
	Key: cw1:l3:fixed:1000:modei:m(0):optphi                          	val: 	23        
	Key: mir1:terminal:fixed:1000:fwd:m(0):optmag                     	val: 	50        
	Key: cw1:c:0:m(0):optmag:iso:i                                    	val: 	24        
	Key: mir3:terminal:fixed:1000:rev:m(0):optphi                     	val: 	69        
	Key: phi1                                                         	val: 	8         
	Key: l4:split:fixed:1000:rev:m(0):optmag                          	val: 	47        
	Key: cw1:channel-fixed:1000                                       	val: 	1         
	Key: v2:i                                                         	val: 	13        
	Key: l6:fixed:1000:rev:m(0):optphi                                	val: 	37        
	Key: l4:fixed:1000:fwd:m(0):optmag                                	val: 	26        
	Key: l3:fixed:1000:rev:m(0):optmag                                	val: 	15        
	Key: mir1:vtov:split:l4:1:c(0):0:rev:modei:m(0):optmag            	val: 	74        

Node array 
	Key: 0                                                            	val: 	-5         Status: V node
	Key: cw1:channel-fixed:1000                                       	val: 	1          Status: V node
	Key: mag1                                                         	val: 	2          Status: V node
	Key: v1:portcurrentnode:0                                         	val: 	3          Status: V node
	Key: v1:portcurrentcurnode:0                                      	val: 	4          Status: I node
	Key: v1:portcurrentnode:1                                         	val: 	5          Status: V node
	Key: v1:portcurrentcurnode:1                                      	val: 	6          Status: I node
	Key: v1:i                                                         	val: 	7          Status: I node
	Key: phi1                                                         	val: 	8          Status: V node
	Key: v2:portcurrentnode:0                                         	val: 	9          Status: V node
	Key: v2:portcurrentcurnode:0                                      	val: 	10         Status: I node
	Key: v2:portcurrentnode:1                                         	val: 	11         Status: V node
	Key: v2:portcurrentcurnode:1                                      	val: 	12         Status: I node
	Key: v2:i                                                         	val: 	13         Status: I node
	Key: l3:fixed:1000:fwd:m(0):optmag                                	val: 	14         Status: O Mag node
	Key: l3:fixed:1000:rev:m(0):optmag                                	val: 	15         Status: O Mag node
	Key: l3:fixed:1000:fwd:m(0):optphi                                	val: 	16         Status: O Pha node (14)
	Key: l3:fixed:1000:rev:m(0):optphi                                	val: 	17         Status: O Pha node (15)
	Key: cw1:portcurrentnode:0                                        	val: 	18         Status: V node
	Key: cw1:portcurrentcurnode:0                                     	val: 	19         Status: I node
	Key: cw1:portcurrentnode:1                                        	val: 	20         Status: V node
	Key: cw1:portcurrentcurnode:1                                     	val: 	21         Status: I node
	Key: cw1:l3:fixed:1000:modei:m(0):optmag                          	val: 	22         Status: O Mag node
	Key: cw1:l3:fixed:1000:modei:m(0):optphi                          	val: 	23         Status: O Pha node (22)
	Key: cw1:c:0:m(0):optmag:iso:i                                    	val: 	24         Status: I node
	Key: cw1:c:0:m(0):optphi:iso:i                                    	val: 	25         Status: I node
	Key: l4:fixed:1000:fwd:m(0):optmag                                	val: 	26         Status: O Mag node
	Key: l4:fixed:1000:rev:m(0):optmag                                	val: 	27         Status: O Mag node
	Key: l4:fixed:1000:fwd:m(0):optphi                                	val: 	28         Status: O Pha node (26)
	Key: l4:fixed:1000:rev:m(0):optphi                                	val: 	29         Status: O Pha node (27)
	Key: l5:fixed:1000:fwd:m(0):optmag                                	val: 	30         Status: O Mag node
	Key: l5:fixed:1000:rev:m(0):optmag                                	val: 	31         Status: O Mag node
	Key: l5:fixed:1000:fwd:m(0):optphi                                	val: 	32         Status: O Pha node (30)
	Key: l5:fixed:1000:rev:m(0):optphi                                	val: 	33         Status: O Pha node (31)
	Key: l6:fixed:1000:fwd:m(0):optmag                                	val: 	34         Status: O Mag node
	Key: l6:fixed:1000:rev:m(0):optmag                                	val: 	35         Status: O Mag node
	Key: l6:fixed:1000:fwd:m(0):optphi                                	val: 	36         Status: O Pha node (34)
	Key: l6:fixed:1000:rev:m(0):optphi                                	val: 	37         Status: O Pha node (35)
	Key: wx1:c(0):0:rev:modei:m(0):optmag                             	val: 	38         Status: O Mag node
	Key: wx1:c(0):0:rev:modei:m(0):optphi                             	val: 	39         Status: O Pha node (38)
	Key: wx1:c(0):1:rev:modei:m(0):optmag                             	val: 	40         Status: O Mag node
	Key: wx1:c(0):1:rev:modei:m(0):optphi                             	val: 	41         Status: O Pha node (40)
	Key: wx1:c(0):0:fwd:modei:m(0):optmag                             	val: 	42         Status: O Mag node
	Key: wx1:c(0):0:fwd:modei:m(0):optphi                             	val: 	43         Status: O Pha node (42)
	Key: wx1:c(0):1:fwd:modei:m(0):optmag                             	val: 	44         Status: O Mag node
	Key: wx1:c(0):1:fwd:modei:m(0):optphi                             	val: 	45         Status: O Pha node (44)
	Key: l4:split:fixed:1000:fwd:m(0):optmag                          	val: 	46         Status: O Mag node
	Key: l4:split:fixed:1000:rev:m(0):optmag                          	val: 	47         Status: O Mag node
	Key: l4:split:fixed:1000:fwd:m(0):optphi                          	val: 	48         Status: O Pha node (46)
	Key: l4:split:fixed:1000:rev:m(0):optphi                          	val: 	49         Status: O Pha node (47)
	Key: mir1:terminal:fixed:1000:fwd:m(0):optmag                     	val: 	50         Status: O Mag node
	Key: mir1:terminal:fixed:1000:rev:m(0):optmag                     	val: 	51         Status: O Mag node
	Key: mir1:terminal:fixed:1000:fwd:m(0):optphi                     	val: 	52         Status: O Pha node (50)
	Key: mir1:terminal:fixed:1000:rev:m(0):optphi                     	val: 	53         Status: O Pha node (51)
	Key: mir1:vtov:c(0):0:rev:modei:m(0):optmag                       	val: 	54         Status: O Mag node
	Key: mir1:vtov:c(0):0:rev:modei:m(0):optphi                       	val: 	55         Status: O Pha node (54)
	Key: mir1:vtov:c(0):0:fwd:modei:m(0):optmag                       	val: 	56         Status: O Mag node
	Key: mir1:vtov:c(0):0:fwd:modei:m(0):optphi                       	val: 	57         Status: O Pha node (56)
	Key: mir2:terminal:fixed:1000:fwd:m(0):optmag                     	val: 	58         Status: O Mag node
	Key: mir2:terminal:fixed:1000:rev:m(0):optmag                     	val: 	59         Status: O Mag node
	Key: mir2:terminal:fixed:1000:fwd:m(0):optphi                     	val: 	60         Status: O Pha node (58)
	Key: mir2:terminal:fixed:1000:rev:m(0):optphi                     	val: 	61         Status: O Pha node (59)
	Key: mir2:vtov:c(0):0:rev:modei:m(0):optmag                       	val: 	62         Status: O Mag node
	Key: mir2:vtov:c(0):0:rev:modei:m(0):optphi                       	val: 	63         Status: O Pha node (62)
	Key: mir2:vtov:c(0):0:fwd:modei:m(0):optmag                       	val: 	64         Status: O Mag node
	Key: mir2:vtov:c(0):0:fwd:modei:m(0):optphi                       	val: 	65         Status: O Pha node (64)
	Key: mir3:terminal:fixed:1000:fwd:m(0):optmag                     	val: 	66         Status: O Mag node
	Key: mir3:terminal:fixed:1000:rev:m(0):optmag                     	val: 	67         Status: O Mag node
	Key: mir3:terminal:fixed:1000:fwd:m(0):optphi                     	val: 	68         Status: O Pha node (66)
	Key: mir3:terminal:fixed:1000:rev:m(0):optphi                     	val: 	69         Status: O Pha node (67)
	Key: mir3:vtov:c(0):0:rev:modei:m(0):optmag                       	val: 	70         Status: O Mag node
	Key: mir3:vtov:c(0):0:rev:modei:m(0):optphi                       	val: 	71         Status: O Pha node (70)
	Key: mir3:vtov:c(0):0:fwd:modei:m(0):optmag                       	val: 	72         Status: O Mag node
	Key: mir3:vtov:c(0):0:fwd:modei:m(0):optphi                       	val: 	73         Status: O Pha node (72)
	Key: mir1:vtov:split:l4:1:c(0):0:rev:modei:m(0):optmag            	val: 	74         Status: O Mag node
	Key: mir1:vtov:split:l4:1:c(0):0:rev:modei:m(0):optphi            	val: 	75         Status: O Pha node (74)
	Key: mir1:vtov:split:l4:1:c(0):0:fwd:modei:m(0):optmag            	val: 	76         Status: O Mag node
	Key: mir1:vtov:split:l4:1:c(0):0:fwd:modei:m(0):optphi            	val: 	77         Status: O Pha node (76)

Optical Node hash table
	l4:fixed:1000
		aliases: l4 -- l4 -- l4 -- l4 -- 
	l6:fixed:1000
		aliases: l6 -- l6 -- l6 -- l6 -- 
	mir1:terminal:fixed:1000
		aliases: mir1:terminal -- mir1:terminal -- 
	mir2:terminal:fixed:1000
		aliases: mir2:terminal -- mir2:terminal -- 
	l3:fixed:1000
		aliases: l3 -- l3 -- l3 -- 
	l5:fixed:1000
		aliases: l5 -- l5 -- l5 -- l5 -- 
	mir3:terminal:fixed:1000
		aliases: mir3:terminal -- mir3:terminal -- 
	l4:split:fixed:1000
		aliases: l4:split -- 

Optical ModeShape hash table
	Key: da4303945ac7743d6828297588969a44dc63e98d                     	val: 	1389379280

Optical Link hash table
	Key: l3                                                           l3                                                          	val: 	0x7f9652d024e0 
			E1: 	0x7f965300da00 - cw1                                      	E2: 	0x7f9654000e00 - wx1                                     
	Key: l4                                                           l4                                                          	val: 	0x7f9652d03320 
			E1: 	0x7f9654004800 - mir1:vtov:split:l4:1                     	E2: 	0x7f9654000e00 - wx1                                     
	Key: l5                                                           l5                                                          	val: 	0x7f9652d032e0 
			E1: 	0x7f9654000e00 - wx1                                      	E2: 	0x7f9654003400 - mir2                                    
	Key: l6                                                           l6                                                          	val: 	0x7f9652d03360 
			E1: 	0x7f9654000e00 - wx1                                      	E2: 	0x7f965300f000 - mir3                                    
	Key: l4:split                                                     l4:split                                                    	val: 	0x7f9652d019e0 
			E1: 	0x7f9654004800 - mir1:vtov:split:l4:1                     	E2: 	0x7f9653012e00 - mir1:vtov                               

Source Optical Channel hash table
	Key: fixed:1000                                                   	lambda: 	1000       dPhi_dt: 	0x7f965300e230 *dPhi_dt: 	0         

Optical Matrices hash table

Optical FSE Matrices hash table

Monitor Statements
	Name:                            wx1 Type:        OptPower Port:     1 Node Num:      0
	Name:                            wx1 Type:        OptPower Port:     2 Node Num:      0
	Name:                            wx1 Type:        OptPower Port:     3 Node Num:      0
	Name:                            wx1 Type:        OptPower Port:     4 Node Num:      0
	Name:                             v1 Type:               V Port:     1 Node Num:      2
	Name:                             v1 Type:               I Port:     1 Node Num:      0
	Name:                             v1 Type:               I Port:     2 Node Num:      0
	Name:                             v2 Type:               V Port:     1 Node Num:      8
	Name:                             v2 Type:               I Port:     1 Node Num:      0
	Name:                             v2 Type:               I Port:     2 Node Num:      0
	Name:                            cw1 Type:               V Port:     1 Node Num:      2
	Name:                            cw1 Type:               I Port:     1 Node Num:      0
	Name:                            cw1 Type:               V Port:     2 Node Num:      8
	Name:                            cw1 Type:               I Port:     2 Node Num:      0
	Name:                            cw1 Type:       OptFields Port:     3 Node Num:      0
	Name:                            wx1 Type:       OptFields Port:     1 Node Num:      0
	Name:                            wx1 Type:       OptFields Port:     2 Node Num:      0
	Name:                            wx1 Type:       OptFields Port:     3 Node Num:      0
	Name:                            wx1 Type:       OptFields Port:     4 Node Num:      0
	Name:                           mir1 Type:       OptFields Port:     1 Node Num:      0
	Name:                           mir2 Type:       OptFields Port:     1 Node Num:      0
	Name:                           mir3 Type:       OptFields Port:     1 Node Num:      0
	Name:           mir1:vtov:split:l4:1 Type:       OptFields Port:     1 Node Num:      0
	Name:           mir1:vtov:split:l4:1 Type:       OptFields Port:     2 Node Num:      0

Current Monitor Statements
	Key: v2:Port-2                                                    	port: 	2          	num: 	12        
	Key: v1:Port-1                                                    	port: 	1          	num: 	4         
	Key: v1:Port-2                                                    	port: 	2          	num: 	6         
	Key: cw1:Port-1                                                   	port: 	1          	num: 	19        
	Key: v2:Port-1                                                    	port: 	1          	num: 	10        
	Key: cw1:Port-2                                                   	port: 	2          	num: 	21        

Sub-circuits


Transient Simulation Started
tscaling: 1e+08
abstol: 1e-08 reltol: 1e-06 c_abstol: 1e-15 c_reltol: 1e-06
DC Simulation Started
DC Linear Initial Guess
DC simulations:
	DC var: 0.000000000000e+00
		Elec pass (T ind):
		DC iterations =  2 (extra -1). Cond 0.37037
			Total num iter: 2
		Elec pass (T dep). Evars Optical:
		DC iterations =  1 (extra -1). Cond 0.37037
			Total num iter: 3
		Final Evars non-Linear Scatter pass:

***** Element Operating point info:

Oconn (No Scattering): mir1:vtov:split:l4:1 (Gain: 1 RevGain: 1 PhaseShift: 0 RevPhaseShift: 0 Ref: 0 RevRef: 0 RefPhaseShift: 0 RevRefPhaseShift: 0)
	(Input  flipped)
	Channel: 0 
		 Input: l4:split:fixed:1000
			l4:split:fixed:1000 			Carrier Lambda: 1000 nm --- E vars
			 X Pol. modes
				Mode 0
					(fwd: 46,48):  Pow: 2.5000000000e-01 Phi: 0.0000000000e+00  Mag: 5.0000000000e-01 E_f =  5.0000000000e-01 + 0.0000000000e+00i
					(rev: 47,49):  Pow: 0.0000000000e+00 Phi: 0.0000000000e+00  Mag: 0.0000000000e+00 E_f =  0.0000000000e+00 + 0.0000000000e+00i
								Total Power Fwd: 0.25 Rev: 0

		 Output: l4:fixed:1000
			l4:fixed:1000 			Carrier Lambda: 1000 nm --- E vars
				Mode 0
					(fwd: 26,28):  Pow: 0.0000000000e+00 Phi: 0.0000000000e+00  Mag: 0.0000000000e+00 E_f =  0.0000000000e+00 + 0.0000000000e+00i
					(rev: 27,29):  Pow: 2.5000000000e-01 Phi: 0.0000000000e+00  Mag: 5.0000000000e-01 E_f =  5.0000000000e-01 + 0.0000000000e+00i
								Total Power Fwd: 0 Rev: 0.25

		 Cf: (first 10)
				1.0000000000000000e+00 

		 Cb: (first 10) 
				1.0000000000000000e+00 


Xcoupler: wx1 Conjugate 1 C: 0.5  (WaveGuideX [0.8, 0.3, 0.5, 0.1]) (VtoV)

	InputTrans ommitted

	Input2Trans ommitted

	OutputTrans ommitted

	Output2Trans ommitted

	Coupler
	Channel:0
		 Input1: l3:fixed:1000
			l3:fixed:1000 			Carrier Lambda: 1000 nm --- E vars
				Mode 0
					(fwd: 14,16):  Pow: 1.0000000000e+00 Phi: 0.0000000000e+00  Mag: 1.0000000000e+00 E_f =  1.0000000000e+00 + 0.0000000000e+00i
					(rev: 15,17):  Pow: 1.0000000000e-02 Phi: 0.0000000000e+00  Mag: 1.0000000000e-01 E_f =  1.0000000000e-01 + 0.0000000000e+00i
								Total Power Fwd: 1 Rev: 0.01

		 Input2: l4:fixed:1000
			l4:fixed:1000 			Carrier Lambda: 1000 nm --- E vars
				Mode 0
					(fwd: 26,28):  Pow: 0.0000000000e+00 Phi: 0.0000000000e+00  Mag: 0.0000000000e+00 E_f =  0.0000000000e+00 + 0.0000000000e+00i
					(rev: 27,29):  Pow: 2.5000000000e-01 Phi: 0.0000000000e+00  Mag: 5.0000000000e-01 E_f =  5.0000000000e-01 + 0.0000000000e+00i
								Total Power Fwd: 0 Rev: 0.25

		 Output1: l5:fixed:1000
			l5:fixed:1000 			Carrier Lambda: 1000 nm --- E vars
				Mode 0
					(fwd: 30,32):  Pow: 6.4000000000e-01 Phi: 0.0000000000e+00  Mag: 8.0000000000e-01 E_f =  8.0000000000e-01 + 0.0000000000e+00i
					(rev: 31,33):  Pow: 0.0000000000e+00 Phi: 0.0000000000e+00  Mag: 0.0000000000e+00 E_f =  0.0000000000e+00 + 0.0000000000e+00i
								Total Power Fwd: 0.64 Rev: 0

		 Output2: l6:fixed:1000
			l6:fixed:1000 			Carrier Lambda: 1000 nm --- E vars
				Mode 0
					(fwd: 34,36):  Pow: 9.0000000000e-02 Phi: 0.0000000000e+00  Mag: 3.0000000000e-01 E_f =  3.0000000000e-01 + 0.0000000000e+00i
					(rev: 35,37):  Pow: 0.0000000000e+00 Phi: 0.0000000000e+00  Mag: 0.0000000000e+00 E_f =  0.0000000000e+00 + 0.0000000000e+00i
								Total Power Fwd: 0.09 Rev: 0

IndSource:                       v1 (V source)
			V: 1.0000000000e+00 I: 0.0000000000e+00 

IndSource:                       v2 (V source)
			V: 0.0000000000e+00 I: 0.0000000000e+00 

Cw_Source: cw1 
	 Channel : 0 -- n1: 18 n2: 20 -- Fixed Lambda
		 Freqshift: 0
			l3:fixed:1000 			Carrier Lambda: 1000 nm --- E vars
				Mode 0
					(fwd: 14,16):  Pow: 1.0000000000e+00 Phi: 0.0000000000e+00  Mag: 1.0000000000e+00 E_f =  1.0000000000e+00 + 0.0000000000e+00i
					(rev: 15,17):  Pow: 1.0000000000e-02 Phi: 0.0000000000e+00  Mag: 1.0000000000e-01 E_f =  1.0000000000e-01 + 0.0000000000e+00i
								Total Power Fwd: 1 Rev: 0.01

Mirror: mir1
	Channel:0
			l4:fixed:1000 			Carrier Lambda: 1000 nm --- E vars
				Mode 0
					(fwd: 26,28):  Pow: 0.0000000000e+00 Phi: 0.0000000000e+00  Mag: 0.0000000000e+00 E_f =  0.0000000000e+00 + 0.0000000000e+00i
					(rev: 27,29):  Pow: 2.5000000000e-01 Phi: 0.0000000000e+00  Mag: 5.0000000000e-01 E_f =  5.0000000000e-01 + 0.0000000000e+00i
								Total Power Fwd: 0 Rev: 0.25


Mirror: mir2
	Channel:0
			l5:fixed:1000 			Carrier Lambda: 1000 nm --- E vars
				Mode 0
					(fwd: 30,32):  Pow: 6.4000000000e-01 Phi: 0.0000000000e+00  Mag: 8.0000000000e-01 E_f =  8.0000000000e-01 + 0.0000000000e+00i
					(rev: 31,33):  Pow: 0.0000000000e+00 Phi: 0.0000000000e+00  Mag: 0.0000000000e+00 E_f =  0.0000000000e+00 + 0.0000000000e+00i
								Total Power Fwd: 0.64 Rev: 0


Mirror: mir3
	Channel:0
			l6:fixed:1000 			Carrier Lambda: 1000 nm --- E vars
				Mode 0
					(fwd: 34,36):  Pow: 9.0000000000e-02 Phi: 0.0000000000e+00  Mag: 3.0000000000e-01 E_f =  3.0000000000e-01 + 0.0000000000e+00i
					(rev: 35,37):  Pow: 0.0000000000e+00 Phi: 0.0000000000e+00  Mag: 0.0000000000e+00 E_f =  0.0000000000e+00 + 0.0000000000e+00i
								Total Power Fwd: 0.09 Rev: 0



***** Node Operating Point Values 
	                              	mode: l3:fixed:1000 
	                              		dir: FWD
	                              			TE Fields: 1.0000000000e+00 
	                              	mode: l4:fixed:1000 
	                              		dir: FWD
	                              			TE Fields: 0.0000000000e+00 
	                              	mode: l5:fixed:1000 
	                              		dir: FWD
	                              			TE Fields: 6.4000000000e-01 
	                              	mode: l6:fixed:1000 
	                              		dir: FWD
	                              			TE Fields: 9.0000000000e-02 
	v1                            	Port:     1	V = 1.0000000000e+00
	v1                            	Port:     1	I = 0.0000000000e+00
	v1                            	Port:     2	I = -0.0000000000e+00
	v2                            	Port:     1	V = 0.0000000000e+00
	v2                            	Port:     1	I = 0.0000000000e+00
	v2                            	Port:     2	I = -0.0000000000e+00
	cw1                           	Port:     1	V = 1.0000000000e+00
	cw1                           	Port:     1	I = -0.0000000000e+00
	cw1                           	Port:     2	V = 0.0000000000e+00
	cw1                           	Port:     2	I = -0.0000000000e+00
	cw1                           	Port: 3 
	                              	mode: l3:fixed:1000 
	                              		dir: FWD
	                              			TE Fields: 1.0000000000e+00 0.0000000000e+00 
	                              			TM Fields: 0.0000000000e+00 0.0000000000e+00 
	                              		dir: REV
	                              			TE Fields: 1.0000000000e-01 0.0000000000e+00 
	                              			TM Fields: 0.0000000000e+00 0.0000000000e+00 

	wx1                           	Port: 1 
	                              	mode: l3:fixed:1000 
	                              		dir: FWD
	                              			TE Fields: 1.0000000000e+00 0.0000000000e+00 
	                              			TM Fields: 0.0000000000e+00 0.0000000000e+00 
	                              		dir: REV
	                              			TE Fields: 1.0000000000e-01 0.0000000000e+00 
	                              			TM Fields: 0.0000000000e+00 0.0000000000e+00 

	wx1                           	Port: 2 
	                              	mode: l4:fixed:1000 
	                              		dir: FWD
	                              			TE Fields: 0.0000000000e+00 0.0000000000e+00 
	                              			TM Fields: 0.0000000000e+00 0.0000000000e+00 
	                              		dir: REV
	                              			TE Fields: 5.0000000000e-01 0.0000000000e+00 
	                              			TM Fields: 0.0000000000e+00 0.0000000000e+00 

	wx1                           	Port: 3 
	                              	mode: l5:fixed:1000 
	                              		dir: FWD
	                              			TE Fields: 8.0000000000e-01 0.0000000000e+00 
	                              			TM Fields: 0.0000000000e+00 0.0000000000e+00 
	                              		dir: REV
	                              			TE Fields: 0.0000000000e+00 0.0000000000e+00 
	                              			TM Fields: 0.0000000000e+00 0.0000000000e+00 

	wx1                           	Port: 4 
	                              	mode: l6:fixed:1000 
	                              		dir: FWD
	                              			TE Fields: 3.0000000000e-01 0.0000000000e+00 
	                              			TM Fields: 0.0000000000e+00 0.0000000000e+00 
	                              		dir: REV
	                              			TE Fields: 0.0000000000e+00 0.0000000000e+00 
	                              			TM Fields: 0.0000000000e+00 0.0000000000e+00 

	mir1                          	Port: 1 
	                              	mode: l4:fixed:1000 
	                              		dir: FWD
	                              			TE Fields: 0.0000000000e+00 0.0000000000e+00 
	                              			TM Fields: 0.0000000000e+00 0.0000000000e+00 
	                              		dir: REV
	                              			TE Fields: 5.0000000000e-01 0.0000000000e+00 
	                              			TM Fields: 0.0000000000e+00 0.0000000000e+00 

	mir2                          	Port: 1 
	                              	mode: l5:fixed:1000 
	                              		dir: FWD
	                              			TE Fields: 8.0000000000e-01 0.0000000000e+00 
	                              			TM Fields: 0.0000000000e+00 0.0000000000e+00 
	                              		dir: REV
	                              			TE Fields: 0.0000000000e+00 0.0000000000e+00 
	                              			TM Fields: 0.0000000000e+00 0.0000000000e+00 

	mir3                          	Port: 1 
	                              	mode: l6:fixed:1000 
	                              		dir: FWD
	                              			TE Fields: 3.0000000000e-01 0.0000000000e+00 
	                              			TM Fields: 0.0000000000e+00 0.0000000000e+00 
	                              		dir: REV
	                              			TE Fields: 0.0000000000e+00 0.0000000000e+00 
	                              			TM Fields: 0.0000000000e+00 0.0000000000e+00 

	mir1:vtov:split:l4:1          	Port: 1 
	                              	mode: l4:split:fixed:1000 
	                              		dir: FWD
	                              		dir: REV

	mir1:vtov:split:l4:1          	Port: 2 
	                              	mode: l4:fixed:1000 
	                              		dir: FWD
	                              			TE Fields: 0.0000000000e+00 0.0000000000e+00 
	                              			TM Fields: 0.0000000000e+00 0.0000000000e+00 
	                              		dir: REV
	                              			TE Fields: 5.0000000000e-01 0.0000000000e+00 
	                              			TM Fields: 0.0000000000e+00 0.0000000000e+00 


***** 
		DC iterations =  2 (extra -1). Cond 0.416667
			Total num iter: 5
		Final pass (forced MPtotMP):
		DC iterations =  3 (extra 1). Cond 0.416667
			Total num iter: 8

***** Element Operating point info:

Oconn (No Scattering): mir1:vtov:split:l4:1 (Gain: 1 RevGain: 1 PhaseShift: 0 RevPhaseShift: 0 Ref: 0 RevRef: 0 RefPhaseShift: 0 RevRefPhaseShift: 0)
	(Input  flipped)
	Channel: 0 
		 Input: l4:split:fixed:1000
			l4:split:fixed:1000  Carrier Lambda: 1000 nm  -- MP vars
			 X Pol. modes
				Mode 0
					(fwd: 46,48):  Pow: 2.5000000000e-01 Phi: 0.0000000000e+00  Mag: 5.0000000000e-01 E_f =  5.0000000000e-01 + 0.0000000000e+00i
					(rev: 47,49):  Pow: 0.0000000000e+00 Phi: 0.0000000000e+00  Mag: 0.0000000000e+00 E_f =  0.0000000000e+00 + 0.0000000000e+00i
								Total Power Fwd: 0.25 Rev: 0

		 Output: l4:fixed:1000
			l4:fixed:1000  Carrier Lambda: 1000 nm  -- MP vars
				Mode 0
					(fwd: 26,28):  Pow: 0.0000000000e+00 Phi: 0.0000000000e+00  Mag: 0.0000000000e+00 E_f =  0.0000000000e+00 + 0.0000000000e+00i
					(rev: 27,29):  Pow: 2.5000000000e-01 Phi: 0.0000000000e+00  Mag: 5.0000000000e-01 E_f =  5.0000000000e-01 + 0.0000000000e+00i
								Total Power Fwd: 0 Rev: 0.25

		 Cf: (first 10)
				1.0000000000000000e+00 

		 Cb: (first 10) 
				1.0000000000000000e+00 


Xcoupler: wx1 Conjugate 1 C: 0.5  (WaveGuideX [0.8, 0.3, 0.5, 0.1]) (VtoV)

	InputTrans ommitted

	Input2Trans ommitted

	OutputTrans ommitted

	Output2Trans ommitted

	Coupler
	Channel:0
		 Input1: l3:fixed:1000
			l3:fixed:1000  Carrier Lambda: 1000 nm  -- MP vars
				Mode 0
					(fwd: 14,16):  Pow: 1.0000000000e+00 Phi: 0.0000000000e+00  Mag: 1.0000000000e+00 E_f =  1.0000000000e+00 + 0.0000000000e+00i
					(rev: 15,17):  Pow: 1.0000000000e-02 Phi: 0.0000000000e+00  Mag: 1.0000000000e-01 E_f =  1.0000000000e-01 + 0.0000000000e+00i
								Total Power Fwd: 1 Rev: 0.01

		 Input2: l4:fixed:1000
			l4:fixed:1000  Carrier Lambda: 1000 nm  -- MP vars
				Mode 0
					(fwd: 26,28):  Pow: 0.0000000000e+00 Phi: 0.0000000000e+00  Mag: 0.0000000000e+00 E_f =  0.0000000000e+00 + 0.0000000000e+00i
					(rev: 27,29):  Pow: 2.5000000000e-01 Phi: 0.0000000000e+00  Mag: 5.0000000000e-01 E_f =  5.0000000000e-01 + 0.0000000000e+00i
								Total Power Fwd: 0 Rev: 0.25

		 Output1: l5:fixed:1000
			l5:fixed:1000  Carrier Lambda: 1000 nm  -- MP vars
				Mode 0
					(fwd: 30,32):  Pow: 6.4000000000e-01 Phi: 0.0000000000e+00  Mag: 8.0000000000e-01 E_f =  8.0000000000e-01 + 0.0000000000e+00i
					(rev: 31,33):  Pow: 0.0000000000e+00 Phi: 0.0000000000e+00  Mag: 0.0000000000e+00 E_f =  0.0000000000e+00 + 0.0000000000e+00i
								Total Power Fwd: 0.64 Rev: 0

		 Output2: l6:fixed:1000
			l6:fixed:1000  Carrier Lambda: 1000 nm  -- MP vars
				Mode 0
					(fwd: 34,36):  Pow: 9.0000000000e-02 Phi: 0.0000000000e+00  Mag: 3.0000000000e-01 E_f =  3.0000000000e-01 + 0.0000000000e+00i
					(rev: 35,37):  Pow: 0.0000000000e+00 Phi: 0.0000000000e+00  Mag: 0.0000000000e+00 E_f =  0.0000000000e+00 + 0.0000000000e+00i
								Total Power Fwd: 0.09 Rev: 0

IndSource:                       v1 (V source)
			V: 1.0000000000e+00 I: 0.0000000000e+00 

IndSource:                       v2 (V source)
			V: 0.0000000000e+00 I: 0.0000000000e+00 

Cw_Source: cw1 
	 Channel : 0 -- n1: 18 n2: 20 -- Fixed Lambda
		 Freqshift: 0
			l3:fixed:1000  Carrier Lambda: 1000 nm  -- MP vars
				Mode 0
					(fwd: 14,16):  Pow: 1.0000000000e+00 Phi: 0.0000000000e+00  Mag: 1.0000000000e+00 E_f =  1.0000000000e+00 + 0.0000000000e+00i
					(rev: 15,17):  Pow: 1.0000000000e-02 Phi: 0.0000000000e+00  Mag: 1.0000000000e-01 E_f =  1.0000000000e-01 + 0.0000000000e+00i
								Total Power Fwd: 1 Rev: 0.01

Mirror: mir1
	Channel:0
			l4:fixed:1000  Carrier Lambda: 1000 nm  -- MP vars
				Mode 0
					(fwd: 26,28):  Pow: 0.0000000000e+00 Phi: 0.0000000000e+00  Mag: 0.0000000000e+00 E_f =  0.0000000000e+00 + 0.0000000000e+00i
					(rev: 27,29):  Pow: 2.5000000000e-01 Phi: 0.0000000000e+00  Mag: 5.0000000000e-01 E_f =  5.0000000000e-01 + 0.0000000000e+00i
								Total Power Fwd: 0 Rev: 0.25


Mirror: mir2
	Channel:0
			l5:fixed:1000  Carrier Lambda: 1000 nm  -- MP vars
				Mode 0
					(fwd: 30,32):  Pow: 6.4000000000e-01 Phi: 0.0000000000e+00  Mag: 8.0000000000e-01 E_f =  8.0000000000e-01 + 0.0000000000e+00i
					(rev: 31,33):  Pow: 0.0000000000e+00 Phi: 0.0000000000e+00  Mag: 0.0000000000e+00 E_f =  0.0000000000e+00 + 0.0000000000e+00i
								Total Power Fwd: 0.64 Rev: 0


Mirror: mir3
	Channel:0
			l6:fixed:1000  Carrier Lambda: 1000 nm  -- MP vars
				Mode 0
					(fwd: 34,36):  Pow: 9.0000000000e-02 Phi: 0.0000000000e+00  Mag: 3.0000000000e-01 E_f =  3.0000000000e-01 + 0.0000000000e+00i
					(rev: 35,37):  Pow: 0.0000000000e+00 Phi: 0.0000000000e+00  Mag: 0.0000000000e+00 E_f =  0.0000000000e+00 + 0.0000000000e+00i
								Total Power Fwd: 0.09 Rev: 0



***** Node Operating Point Values 
	                              	mode: l3:fixed:1000 
	                              		dir: FWD
	                              			TE Fields: 1.0000000000e+00 
	                              	mode: l4:fixed:1000 
	                              		dir: FWD
	                              			TE Fields: 0.0000000000e+00 
	                              	mode: l5:fixed:1000 
	                              		dir: FWD
	                              			TE Fields: 6.4000000000e-01 
	                              	mode: l6:fixed:1000 
	                              		dir: FWD
	                              			TE Fields: 9.0000000000e-02 
	v1                            	Port:     1	V = 1.0000000000e+00
	v1                            	Port:     1	I = 0.0000000000e+00
	v1                            	Port:     2	I = -0.0000000000e+00
	v2                            	Port:     1	V = 0.0000000000e+00
	v2                            	Port:     1	I = 0.0000000000e+00
	v2                            	Port:     2	I = -0.0000000000e+00
	cw1                           	Port:     1	V = 1.0000000000e+00
	cw1                           	Port:     1	I = -0.0000000000e+00
	cw1                           	Port:     2	V = 0.0000000000e+00
	cw1                           	Port:     2	I = -0.0000000000e+00
	cw1                           	Port: 3 
	                              	mode: l3:fixed:1000 
	                              		dir: FWD
	                              			TE Fields: 1.0000000000e+00 0.0000000000e+00 
	                              			TM Fields: 0.0000000000e+00 0.0000000000e+00 
	                              		dir: REV
	                              			TE Fields: 1.0000000000e-01 0.0000000000e+00 
	                              			TM Fields: 0.0000000000e+00 0.0000000000e+00 

	wx1                           	Port: 1 
	                              	mode: l3:fixed:1000 
	                              		dir: FWD
	                              			TE Fields: 1.0000000000e+00 0.0000000000e+00 
	                              			TM Fields: 0.0000000000e+00 0.0000000000e+00 
	                              		dir: REV
	                              			TE Fields: 1.0000000000e-01 0.0000000000e+00 
	                              			TM Fields: 0.0000000000e+00 0.0000000000e+00 

	wx1                           	Port: 2 
	                              	mode: l4:fixed:1000 
	                              		dir: FWD
	                              			TE Fields: 0.0000000000e+00 0.0000000000e+00 
	                              			TM Fields: 0.0000000000e+00 0.0000000000e+00 
	                              		dir: REV
	                              			TE Fields: 5.0000000000e-01 0.0000000000e+00 
	                              			TM Fields: 0.0000000000e+00 0.0000000000e+00 

	wx1                           	Port: 3 
	                              	mode: l5:fixed:1000 
	                              		dir: FWD
	                              			TE Fields: 8.0000000000e-01 0.0000000000e+00 
	                              			TM Fields: 0.0000000000e+00 0.0000000000e+00 
	                              		dir: REV
	                              			TE Fields: 0.0000000000e+00 0.0000000000e+00 
	                              			TM Fields: 0.0000000000e+00 0.0000000000e+00 

	wx1                           	Port: 4 
	                              	mode: l6:fixed:1000 
	                              		dir: FWD
	                              			TE Fields: 3.0000000000e-01 0.0000000000e+00 
	                              			TM Fields: 0.0000000000e+00 0.0000000000e+00 
	                              		dir: REV
	                              			TE Fields: 0.0000000000e+00 0.0000000000e+00 
	                              			TM Fields: 0.0000000000e+00 0.0000000000e+00 

	mir1                          	Port: 1 
	                              	mode: l4:fixed:1000 
	                              		dir: FWD
	                              			TE Fields: 0.0000000000e+00 0.0000000000e+00 
	                              			TM Fields: 0.0000000000e+00 0.0000000000e+00 
	                              		dir: REV
	                              			TE Fields: 5.0000000000e-01 0.0000000000e+00 
	                              			TM Fields: 0.0000000000e+00 0.0000000000e+00 

	mir2                          	Port: 1 
	                              	mode: l5:fixed:1000 
	                              		dir: FWD
	                              			TE Fields: 8.0000000000e-01 0.0000000000e+00 
	                              			TM Fields: 0.0000000000e+00 0.0000000000e+00 
	                              		dir: REV
	                              			TE Fields: 0.0000000000e+00 0.0000000000e+00 
	                              			TM Fields: 0.0000000000e+00 0.0000000000e+00 

	mir3                          	Port: 1 
	                              	mode: l6:fixed:1000 
	                              		dir: FWD
	                              			TE Fields: 3.0000000000e-01 0.0000000000e+00 
	                              			TM Fields: 0.0000000000e+00 0.0000000000e+00 
	                              		dir: REV
	                              			TE Fields: 0.0000000000e+00 0.0000000000e+00 
	                              			TM Fields: 0.0000000000e+00 0.0000000000e+00 

	mir1:vtov:split:l4:1          	Port: 1 
	                              	mode: l4:split:fixed:1000 
	                              		dir: FWD
	                              		dir: REV

	mir1:vtov:split:l4:1          	Port: 2 
	                              	mode: l4:fixed:1000 
	                              		dir: FWD
	                              			TE Fields: 0.0000000000e+00 0.0000000000e+00 
	                              			TM Fields: 0.0000000000e+00 0.0000000000e+00 
	                              		dir: REV
	                              			TE Fields: 5.0000000000e-01 0.0000000000e+00 
	                              			TM Fields: 0.0000000000e+00 0.0000000000e+00 


***** 
Transient ... 

t: 1e-11 t(sc) 0.001 iter: 1 repeat_nr_iter: 0 h: 0.001 Status: MP BACKE PhiWrapSimple
t = 1e-11 (0%)
t: 3e-11 t(sc) 0.003 iter: 1 repeat_nr_iter: 0 h: 0.002 Status: MP BACKE PhiWrapLinear
t: 7e-11 t(sc) 0.007 iter: 1 repeat_nr_iter: 0 h: 0.004 Status: MP BACKE PhiWrapLinear
t: 1.5e-10 t(sc) 0.015 iter: 1 repeat_nr_iter: 0 h: 0.008 Status: MP BACKE PhiWrapLinear
t: 3.1e-10 t(sc) 0.031 iter: 1 repeat_nr_iter: 0 h: 0.016 Status: MP BACKE PhiWrapLinear
t: 5.1e-10 t(sc) 0.051 iter: 1 repeat_nr_iter: 0 h: 0.02 Status: MP BACKE PhiWrapLinear
t = 5.1e-10 (5%)
t: 7.1e-10 t(sc) 0.071 iter: 1 repeat_nr_iter: 0 h: 0.02 Status: MP BACKE PhiWrapLinear
t: 9.1e-10 t(sc) 0.091 iter: 1 repeat_nr_iter: 0 h: 0.02 Status: MP BACKE PhiWrapLinear
t: 1.11e-09 t(sc) 0.111 iter: 1 repeat_nr_iter: 0 h: 0.02 Status: MP BACKE PhiWrapLinear
t = 1.11e-09 (10%)
t: 1.31e-09 t(sc) 0.131 iter: 1 repeat_nr_iter: 0 h: 0.02 Status: MP BACKE PhiWrapLinear
t: 1.51e-09 t(sc) 0.151 iter: 1 repeat_nr_iter: 0 h: 0.02 Status: MP BACKE PhiWrapLinear
t = 1.51e-09 (15%)
t: 1.71e-09 t(sc) 0.171 iter: 1 repeat_nr_iter: 0 h: 0.02 Status: MP BACKE PhiWrapLinear
t: 1.91e-09 t(sc) 0.191 iter: 1 repeat_nr_iter: 0 h: 0.02 Status: MP BACKE PhiWrapLinear
t: 2.11e-09 t(sc) 0.211 iter: 1 repeat_nr_iter: 0 h: 0.02 Status: MP BACKE PhiWrapLinear
t = 2.11e-09 (20%)
t: 2.31e-09 t(sc) 0.231 iter: 1 repeat_nr_iter: 0 h: 0.02 Status: MP BACKE PhiWrapLinear
t: 2.51e-09 t(sc) 0.251 iter: 1 repeat_nr_iter: 0 h: 0.02 Status: MP BACKE PhiWrapLinear
t = 2.51e-09 (25%)
t: 2.71e-09 t(sc) 0.271 iter: 1 repeat_nr_iter: 0 h: 0.02 Status: MP BACKE PhiWrapLinear
t: 2.91e-09 t(sc) 0.291 iter: 1 repeat_nr_iter: 0 h: 0.02 Status: MP BACKE PhiWrapLinear
t: 3.11e-09 t(sc) 0.311 iter: 1 repeat_nr_iter: 0 h: 0.02 Status: MP BACKE PhiWrapLinear
t = 3.11e-09 (30%)
t: 3.31e-09 t(sc) 0.331 iter: 1 repeat_nr_iter: 0 h: 0.02 Status: MP BACKE PhiWrapLinear
t: 3.51e-09 t(sc) 0.351 iter: 1 repeat_nr_iter: 0 h: 0.02 Status: MP BACKE PhiWrapLinear
t = 3.51e-09 (35%)
t: 3.71e-09 t(sc) 0.371 iter: 1 repeat_nr_iter: 0 h: 0.02 Status: MP BACKE PhiWrapLinear
t: 3.91e-09 t(sc) 0.391 iter: 1 repeat_nr_iter: 0 h: 0.02 Status: MP BACKE PhiWrapLinear
t: 4.11e-09 t(sc) 0.411 iter: 1 repeat_nr_iter: 0 h: 0.02 Status: MP BACKE PhiWrapLinear
t = 4.11e-09 (40%)
t: 4.31e-09 t(sc) 0.431 iter: 1 repeat_nr_iter: 0 h: 0.02 Status: MP BACKE PhiWrapLinear
t: 4.51e-09 t(sc) 0.451 iter: 1 repeat_nr_iter: 0 h: 0.02 Status: MP BACKE PhiWrapLinear
t = 4.51e-09 (45%)
t: 4.71e-09 t(sc) 0.471 iter: 1 repeat_nr_iter: 0 h: 0.02 Status: MP BACKE PhiWrapLinear
t: 4.91e-09 t(sc) 0.491 iter: 1 repeat_nr_iter: 0 h: 0.02 Status: MP BACKE PhiWrapLinear
t: 5.11e-09 t(sc) 0.511 iter: 1 repeat_nr_iter: 0 h: 0.02 Status: MP BACKE PhiWrapLinear
t = 5.11e-09 (50%)
t: 5.31e-09 t(sc) 0.531 iter: 1 repeat_nr_iter: 0 h: 0.02 Status: MP BACKE PhiWrapLinear
t: 5.51e-09 t(sc) 0.551 iter: 1 repeat_nr_iter: 0 h: 0.02 Status: MP BACKE PhiWrapLinear
t = 5.51e-09 (55%)
t: 5.71e-09 t(sc) 0.571 iter: 1 repeat_nr_iter: 0 h: 0.02 Status: MP BACKE PhiWrapLinear
t: 5.91e-09 t(sc) 0.591 iter: 1 repeat_nr_iter: 0 h: 0.02 Status: MP BACKE PhiWrapLinear
t: 6.11e-09 t(sc) 0.611 iter: 1 repeat_nr_iter: 0 h: 0.02 Status: MP BACKE PhiWrapLinear
t = 6.11e-09 (60%)
t: 6.31e-09 t(sc) 0.631 iter: 1 repeat_nr_iter: 0 h: 0.02 Status: MP BACKE PhiWrapLinear
t: 6.51e-09 t(sc) 0.651 iter: 1 repeat_nr_iter: 0 h: 0.02 Status: MP BACKE PhiWrapLinear
t = 6.51e-09 (65%)
t: 6.71e-09 t(sc) 0.671 iter: 1 repeat_nr_iter: 0 h: 0.02 Status: MP BACKE PhiWrapLinear
t: 6.91e-09 t(sc) 0.691 iter: 1 repeat_nr_iter: 0 h: 0.02 Status: MP BACKE PhiWrapLinear
t: 7.11e-09 t(sc) 0.711 iter: 1 repeat_nr_iter: 0 h: 0.02 Status: MP BACKE PhiWrapLinear
t = 7.11e-09 (70%)
t: 7.31e-09 t(sc) 0.731 iter: 1 repeat_nr_iter: 0 h: 0.02 Status: MP BACKE PhiWrapLinear
t: 7.51e-09 t(sc) 0.751 iter: 1 repeat_nr_iter: 0 h: 0.02 Status: MP BACKE PhiWrapLinear
t = 7.51e-09 (75%)
t: 7.71e-09 t(sc) 0.771 iter: 1 repeat_nr_iter: 0 h: 0.02 Status: MP BACKE PhiWrapLinear
t: 7.91e-09 t(sc) 0.791 iter: 1 repeat_nr_iter: 0 h: 0.02 Status: MP BACKE PhiWrapLinear
t: 8.11e-09 t(sc) 0.811 iter: 1 repeat_nr_iter: 0 h: 0.02 Status: MP BACKE PhiWrapLinear
t = 8.11e-09 (80%)
t: 8.31e-09 t(sc) 0.831 iter: 1 repeat_nr_iter: 0 h: 0.02 Status: MP BACKE PhiWrapLinear
t: 8.51e-09 t(sc) 0.851 iter: 1 repeat_nr_iter: 0 h: 0.02 Status: MP BACKE PhiWrapLinear
t = 8.51e-09 (85%)
t: 8.71e-09 t(sc) 0.871 iter: 1 repeat_nr_iter: 0 h: 0.02 Status: MP BACKE PhiWrapLinear
t: 8.91e-09 t(sc) 0.891 iter: 1 repeat_nr_iter: 0 h: 0.02 Status: MP BACKE PhiWrapLinear
t: 9.11e-09 t(sc) 0.911 iter: 1 repeat_nr_iter: 0 h: 0.02 Status: MP BACKE PhiWrapLinear
t = 9.11e-09 (90%)
t: 9.31e-09 t(sc) 0.931 iter: 1 repeat_nr_iter: 0 h: 0.02 Status: MP BACKE PhiWrapLinear
t: 9.51e-09 t(sc) 0.951 iter: 1 repeat_nr_iter: 0 h: 0.02 Status: MP BACKE PhiWrapLinear
t = 9.51e-09 (95%)
t: 9.71e-09 t(sc) 0.971 iter: 1 repeat_nr_iter: 0 h: 0.02 Status: MP BACKE PhiWrapLinear
t: 9.91e-09 t(sc) 0.991 iter: 1 repeat_nr_iter: 0 h: 0.02 Status: MP BACKE PhiWrapLinear
t: 1.011e-08 t(sc) 1.011 iter: 1 repeat_nr_iter: 0 h: 0.02 Status: MP BACKE PhiWrapLinear
t = 1.011e-08 (100%)
Number of timesteps: 54
Transient Simulation Done. Num of Nonlin iters: 54 
	Freeing MNA
Freeing Main Circuit ...
	Freeing Nodes and Elements
Cleaning Main Circuit ...
	Freeing Parsed circuit: 'Main Circuit'
